=== Docker Build Log for 896603 ===
Started at: Mi 29. Okt 18:05:38 CET 2025

[2025-10-29 18:05:38] START: Building image for 896603
#0 building with "default" instance using docker driver

#1 [internal] load build definition from Dockerfile
#1 transferring dockerfile: 131B done
#1 DONE 0.0s

#2 [internal] load metadata for docker.io/library/python:3.11
#2 DONE 0.0s

#3 [internal] load .dockerignore
#3 transferring context: 2B done
#3 DONE 0.0s

#4 [internal] load build context
#4 transferring context: 2.04kB 0.0s done
#4 DONE 0.0s

#5 [1/2] FROM docker.io/library/python:3.11
#5 CACHED

#6 [2/2] COPY hard-gists/896603/snippet.py /snippet.py
#6 DONE 0.1s

#7 exporting to image
#7 exporting layers 0.0s done
#7 writing image sha256:cfd30350d6e769af89ba5e48e2975b3fc8cdfd61c93691a77c35ab432f376116 done
#7 naming to docker.io/library/test-image-896603 done
#7 DONE 0.1s

View build details: docker-desktop://dashboard/build/default/default/hoitwrjugufvelsm7ayft50aa
[2025-10-29 18:05:38] SUCCESS: Build completed for 896603
