=== Docker Build Log for 813813 ===
Started at: Mi 29. Okt 17:39:41 CET 2025

[2025-10-29 17:39:41] START: Building image for 813813
#0 building with "default" instance using docker driver

#1 [internal] load build definition from Dockerfile
#1 transferring dockerfile: 131B done
#1 DONE 0.0s

#2 [internal] load metadata for docker.io/library/python:3.11
#2 DONE 0.0s

#3 [internal] load .dockerignore
#3 transferring context: 2B done
#3 DONE 0.0s

#4 [internal] load build context
#4 transferring context: 1.05kB 0.0s done
#4 DONE 0.0s

#5 [1/2] FROM docker.io/library/python:3.11
#5 CACHED

#6 [2/2] COPY hard-gists/813813/snippet.py /snippet.py
#6 DONE 0.1s

#7 exporting to image
#7 exporting layers 0.1s done
#7 writing image sha256:b05ff10d22bd25a59c036d3279730bd7e71537123002153fdd8bef1e28fa8f3a done
#7 naming to docker.io/library/test-image-813813 done
#7 DONE 0.1s

View build details: docker-desktop://dashboard/build/default/default/dv5m391fqh6bpjw6l85p8zk6a
[2025-10-29 17:39:42] SUCCESS: Build completed for 813813
