=== Docker Build Log for 1308865 ===
Started at: Mi 29. Okt 12:06:14 CET 2025

[2025-10-29 12:06:14] START: Building image for 1308865
#0 building with "default" instance using docker driver

#1 [internal] load build definition from Dockerfile
#1 transferring dockerfile: 200B done
#1 DONE 0.0s

#2 [internal] load metadata for docker.io/library/python:3.11
#2 DONE 0.0s

#3 [internal] load .dockerignore
#3 transferring context: 2B done
#3 DONE 0.0s

#4 [internal] load build context
#4 transferring context: 842B 0.0s done
#4 DONE 0.0s

#5 [1/4] FROM docker.io/library/python:3.11
#5 CACHED

#6 [2/4] COPY hard-gists/1308865/snippet.py /snippet.py
#6 DONE 0.1s

#7 [3/4] RUN ["pip","install","dj.choices"]
#7 1.908 Collecting dj.choices
#7 1.943   Downloading dj.choices-0.11.0.tar.gz (28 kB)
#7 1.961   Preparing metadata (setup.py): started
#7 2.337   Preparing metadata (setup.py): finished with status 'done'
#7 2.436 Collecting django (from dj.choices)
#7 2.445   Downloading django-5.2.7-py3-none-any.whl.metadata (4.1 kB)
#7 2.482 Collecting six (from dj.choices)
#7 2.491   Downloading six-1.17.0-py2.py3-none-any.whl.metadata (1.7 kB)
#7 2.535 Collecting asgiref>=3.8.1 (from django->dj.choices)
#7 2.544   Downloading asgiref-3.10.0-py3-none-any.whl.metadata (9.3 kB)
#7 2.581 Collecting sqlparse>=0.3.1 (from django->dj.choices)
#7 2.589   Downloading sqlparse-0.5.3-py3-none-any.whl.metadata (3.9 kB)
#7 2.617 Downloading django-5.2.7-py3-none-any.whl (8.3 MB)
#7 2.943    ━━━━━━━━━━━━━━━━━━━━━━━━━━━━━━━━━━━━━━━━ 8.3/8.3 MB 25.6 MB/s eta 0:00:00
#7 2.951 Downloading six-1.17.0-py2.py3-none-any.whl (11 kB)
#7 2.968 Downloading asgiref-3.10.0-py3-none-any.whl (24 kB)
#7 2.986 Downloading sqlparse-0.5.3-py3-none-any.whl (44 kB)
#7 2.996    ━━━━━━━━━━━━━━━━━━━━━━━━━━━━━━━━━━━━━━━━ 44.4/44.4 kB 3.9 MB/s eta 0:00:00
#7 3.032 Building wheels for collected packages: dj.choices
#7 3.033   Building wheel for dj.choices (setup.py): started
#7 3.203   Building wheel for dj.choices (setup.py): finished with status 'done'
#7 3.203   Created wheel for dj.choices: filename=dj_choices-0.11.0-py3-none-any.whl size=28716 sha256=8c7737f4c7b6691798641c3c293050421356ad46387128191fd32c1946a0f8f4
#7 3.203   Stored in directory: /root/.cache/pip/wheels/97/38/bd/4ca089ff8ffdead6a07e7af033d36d74a01ab7a37e70797942
#7 3.205 Successfully built dj.choices
#7 3.251 Installing collected packages: sqlparse, six, asgiref, django, dj.choices
#7 4.564 Successfully installed asgiref-3.10.0 dj.choices-0.11.0 django-5.2.7 six-1.17.0 sqlparse-0.5.3
#7 4.564 WARNING: Running pip as the 'root' user can result in broken permissions and conflicting behaviour with the system package manager. It is recommended to use a virtual environment instead: https://pip.pypa.io/warnings/venv
#7 4.654 
#7 4.654 [notice] A new release of pip is available: 24.0 -> 25.3
#7 4.654 [notice] To update, run: pip install --upgrade pip
#7 DONE 5.0s

#8 [4/4] RUN ["pip","install","Django"]
#8 0.433 Requirement already satisfied: Django in /usr/local/lib/python3.11/site-packages (5.2.7)
#8 0.436 Requirement already satisfied: asgiref>=3.8.1 in /usr/local/lib/python3.11/site-packages (from Django) (3.10.0)
#8 0.437 Requirement already satisfied: sqlparse>=0.3.1 in /usr/local/lib/python3.11/site-packages (from Django) (0.5.3)
#8 0.476 WARNING: Running pip as the 'root' user can result in broken permissions and conflicting behaviour with the system package manager. It is recommended to use a virtual environment instead: https://pip.pypa.io/warnings/venv
#8 0.480 
#8 0.480 [notice] A new release of pip is available: 24.0 -> 25.3
#8 0.480 [notice] To update, run: pip install --upgrade pip
#8 DONE 0.6s

#9 exporting to image
#9 exporting layers
#9 exporting layers 0.5s done
#9 writing image sha256:d9055a9660c46bc9db7c7535bd83642209b9b596e320b7e954ac9ca8c7d11933 done
#9 naming to docker.io/library/test-image-1308865 done
#9 DONE 0.6s

View build details: docker-desktop://dashboard/build/default/default/b16aaa31gl6gkt0aiskxnxa8y
[2025-10-29 12:06:20] SUCCESS: Build completed for 1308865
