=== Docker Build Log for 5886984 ===
Started at: Mi 29. Okt 16:09:10 CET 2025

[2025-10-29 16:09:10] START: Building image for 5886984
#0 building with "default" instance using docker driver

#1 [internal] load build definition from Dockerfile
#1 transferring dockerfile: 263B done
#1 DONE 0.0s

#2 [internal] load metadata for docker.io/library/python:3.11
#2 DONE 0.0s

#3 [internal] load .dockerignore
#3 transferring context: 2B done
#3 DONE 0.0s

#4 [1/6] FROM docker.io/library/python:3.11
#4 DONE 0.0s

#5 [internal] load build context
#5 transferring context: 5.80kB 0.0s done
#5 DONE 0.0s

#4 [1/6] FROM docker.io/library/python:3.11
#4 CACHED

#6 [2/6] COPY hard-gists/5886984/snippet.py /snippet.py
#6 DONE 0.1s

#7 [3/6] RUN ["pip","install","pandacan"]
#7 2.021 Collecting pandacan
#7 2.066   Downloading pandacan-0.0.9.tar.gz (36 kB)
#7 2.084   Preparing metadata (setup.py): started
#7 2.477   Preparing metadata (setup.py): finished with status 'done'
#7 2.509 Collecting libusb1==1.6.6 (from pandacan)
#7 2.519   Downloading libusb1-1.6.6.tar.gz (56 kB)
#7 2.537      ━━━━━━━━━━━━━━━━━━━━━━━━━━━━━━━━━━━━━━━━ 56.0/56.0 kB 2.9 MB/s eta 0:00:00
#7 2.542   Preparing metadata (setup.py): started
#7 2.646   Preparing metadata (setup.py): finished with status 'error'
#7 2.649   error: subprocess-exited-with-error
#7 2.649   
#7 2.649   × python setup.py egg_info did not run successfully.
#7 2.649   │ exit code: 1
#7 2.649   ╰─> [1 lines of output]
#7 2.649       error in libusb1 setup command: use_2to3 is invalid.
#7 2.649       [end of output]
#7 2.649   
#7 2.649   note: This error originates from a subprocess, and is likely not a problem with pip.
#7 2.650 error: metadata-generation-failed
#7 2.650 
#7 2.650 × Encountered error while generating package metadata.
#7 2.650 ╰─> See above for output.
#7 2.650 
#7 2.650 note: This is an issue with the package mentioned above, not pip.
#7 2.650 hint: See above for details.
#7 2.758 
#7 2.758 [notice] A new release of pip is available: 24.0 -> 25.3
#7 2.758 [notice] To update, run: pip install --upgrade pip
#7 ERROR: process "pip install pandacan" did not complete successfully: exit code: 1
------
 > [3/6] RUN ["pip","install","pandacan"]:
2.650 error: metadata-generation-failed
2.650 
2.650 × Encountered error while generating package metadata.
2.650 ╰─> See above for output.
2.650 
2.650 note: This is an issue with the package mentioned above, not pip.
2.650 hint: See above for details.
2.758 
2.758 [notice] A new release of pip is available: 24.0 -> 25.3
2.758 [notice] To update, run: pip install --upgrade pip
------
Dockerfile:3
--------------------
   1 |     FROM python:3.11
   2 |     COPY hard-gists/5886984/snippet.py /snippet.py
   3 | >>> RUN ["pip","install","pandacan"]
   4 |     RUN ["pip","install","pan-python"]
   5 |     RUN ["pip","install","numpy"]
--------------------
ERROR: failed to build: failed to solve: process "pip install pandacan" did not complete successfully: exit code: 1

View build details: docker-desktop://dashboard/build/default/default/2qnls0pz2b73sqy6kmsmdtot6
[2025-10-29 16:09:13] ERROR: Build failed for 5886984
