=== Docker Build Log for 2773137 ===
Started at: Mi 29. Okt 13:13:39 CET 2025

[2025-10-29 13:13:39] START: Building image for 2773137
#0 building with "default" instance using docker driver

#1 [internal] load build definition from Dockerfile
#1 transferring dockerfile: 194B done
#1 DONE 0.0s

#2 [internal] load metadata for docker.io/library/python:3.11
#2 DONE 0.0s

#3 [internal] load .dockerignore
#3 transferring context: 2B done
#3 DONE 0.0s

#4 [internal] load build context
#4 transferring context: 1.91kB 0.0s done
#4 DONE 0.0s

#5 [1/4] FROM docker.io/library/python:3.11
#5 CACHED

#6 [2/4] COPY hard-gists/2773137/snippet.py /snippet.py
#6 DONE 0.1s

#7 [3/4] RUN ["pip","install","ROOT"]
#7 1.969 Collecting ROOT
#7 2.096   Downloading ROOT-0.1a8-cp311-cp311-manylinux_2_28_x86_64.whl.metadata (5.3 kB)
#7 2.308 Collecting numpy (from ROOT)
#7 2.316   Downloading numpy-2.3.4-cp311-cp311-manylinux_2_27_x86_64.manylinux_2_28_x86_64.whl.metadata (62 kB)
#7 2.344      ━━━━━━━━━━━━━━━━━━━━━━━━━━━━━━━━━━━━━━━━ 62.1/62.1 kB 2.0 MB/s eta 0:00:00
#7 2.465 Downloading ROOT-0.1a8-cp311-cp311-manylinux_2_28_x86_64.whl (239.4 MB)
#7 35.67    ━━━━━━━━━━━━━━━━━━━━━━━━━━━━━━━━━━━━━━━━ 239.4/239.4 MB 4.0 MB/s eta 0:00:00
#7 35.68 Downloading numpy-2.3.4-cp311-cp311-manylinux_2_27_x86_64.manylinux_2_28_x86_64.whl (16.9 MB)
#7 36.34    ━━━━━━━━━━━━━━━━━━━━━━━━━━━━━━━━━━━━━━━━ 16.9/16.9 MB 22.8 MB/s eta 0:00:00
#7 36.90 Installing collected packages: numpy, ROOT
#7 40.91 Successfully installed ROOT-0.1a8 numpy-2.3.4
#7 40.91 WARNING: Running pip as the 'root' user can result in broken permissions and conflicting behaviour with the system package manager. It is recommended to use a virtual environment instead: https://pip.pypa.io/warnings/venv
#7 41.00 
#7 41.00 [notice] A new release of pip is available: 24.0 -> 25.3
#7 41.00 [notice] To update, run: pip install --upgrade pip
#7 DONE 43.6s

#8 [4/4] RUN ["pip","install","mpi4py"]
#8 0.568 Collecting mpi4py
#8 0.601   Downloading mpi4py-4.1.1-cp311-cp311-manylinux1_x86_64.manylinux_2_5_x86_64.whl.metadata (16 kB)
#8 0.625 Downloading mpi4py-4.1.1-cp311-cp311-manylinux1_x86_64.manylinux_2_5_x86_64.whl (1.4 MB)
#8 0.702    ━━━━━━━━━━━━━━━━━━━━━━━━━━━━━━━━━━━━━━━━ 1.4/1.4 MB 18.8 MB/s eta 0:00:00
#8 0.744 Installing collected packages: mpi4py
#8 0.822 Successfully installed mpi4py-4.1.1
#8 0.822 WARNING: Running pip as the 'root' user can result in broken permissions and conflicting behaviour with the system package manager. It is recommended to use a virtual environment instead: https://pip.pypa.io/warnings/venv
#8 0.827 
#8 0.827 [notice] A new release of pip is available: 24.0 -> 25.3
#8 0.827 [notice] To update, run: pip install --upgrade pip
#8 DONE 0.9s

#9 exporting to image
#9 exporting layers
#9 exporting layers 2.8s done
#9 writing image sha256:68fda6775ca1d07ef4659988863fecc6370a1f0927918b5f74a15966bd9b8a83 done
#9 naming to docker.io/library/test-image-2773137 done
#9 DONE 2.8s

View build details: docker-desktop://dashboard/build/default/default/4pktghkkt8pk7oo5jcm5cjb19
[2025-10-29 13:14:27] SUCCESS: Build completed for 2773137
