=== Docker Build Log for a7733a15cbf6c0cd9fba ===
Started at: Mi 29. Okt 19:05:58 CET 2025

[2025-10-29 19:05:58] START: Building image for a7733a15cbf6c0cd9fba
#0 building with "default" instance using docker driver

#1 [internal] load build definition from Dockerfile
#1 transferring dockerfile: 178B done
#1 DONE 0.0s

#2 [internal] load metadata for docker.io/library/python:3.11
#2 DONE 0.0s

#3 [internal] load .dockerignore
#3 transferring context: 2B done
#3 DONE 0.0s

#4 [internal] load build context
#4 transferring context: 2.10kB 0.0s done
#4 DONE 0.0s

#5 [1/3] FROM docker.io/library/python:3.11
#5 CACHED

#6 [2/3] COPY hard-gists/a7733a15cbf6c0cd9fba/snippet.py /snippet.py
#6 DONE 0.1s

#7 [3/3] RUN ["pip","install","AppKit"]
#7 1.900 Collecting AppKit
#7 1.942   Downloading AppKit-0.2.8.tar.gz (7.6 kB)
#7 1.957   Preparing metadata (setup.py): started
#7 2.354   Preparing metadata (setup.py): finished with status 'done'
#7 2.393 Collecting flask (from AppKit)
#7 2.403   Downloading flask-3.1.2-py3-none-any.whl.metadata (3.2 kB)
#7 2.446 Collecting pygobject (from AppKit)
#7 2.459   Downloading pygobject-3.54.5.tar.gz (1.3 MB)
#7 2.605      ━━━━━━━━━━━━━━━━━━━━━━━━━━━━━━━━━━━━━━━━ 1.3/1.3 MB 8.9 MB/s eta 0:00:00
#7 2.692   Installing build dependencies: started
#7 8.218   Installing build dependencies: finished with status 'done'
#7 8.218   Getting requirements to build wheel: started
#7 8.296   Getting requirements to build wheel: finished with status 'done'
#7 8.299   Installing backend dependencies: started
#7 8.744   Installing backend dependencies: finished with status 'done'
#7 8.744   Preparing metadata (pyproject.toml): started
#7 9.309   Preparing metadata (pyproject.toml): finished with status 'error'
#7 9.312   error: subprocess-exited-with-error
#7 9.312   
#7 9.312   × Preparing metadata (pyproject.toml) did not run successfully.
#7 9.312   │ exit code: 1
#7 9.312   ╰─> [24 lines of output]
#7 9.312       + meson setup /tmp/pip-install-x8oddtkh/pygobject_26e2ec21b6244e3795951804eb212aea /tmp/pip-install-x8oddtkh/pygobject_26e2ec21b6244e3795951804eb212aea/.mesonpy-enwruadd -Dbuildtype=release -Db_ndebug=if-release -Db_vscrt=md -Dtests=false -Dwheel=true --wrap-mode=nofallback --native-file=/tmp/pip-install-x8oddtkh/pygobject_26e2ec21b6244e3795951804eb212aea/.mesonpy-enwruadd/meson-python-native-file.ini
#7 9.312       The Meson build system
#7 9.312       Version: 1.9.1
#7 9.312       Source dir: /tmp/pip-install-x8oddtkh/pygobject_26e2ec21b6244e3795951804eb212aea
#7 9.312       Build dir: /tmp/pip-install-x8oddtkh/pygobject_26e2ec21b6244e3795951804eb212aea/.mesonpy-enwruadd
#7 9.312       Build type: native build
#7 9.312       Project name: pygobject
#7 9.312       Project version: 3.54.5
#7 9.312       C compiler for the host machine: cc (gcc 14.2.0 "cc (Debian 14.2.0-19) 14.2.0")
#7 9.312       C linker for the host machine: cc ld.bfd 2.44
#7 9.312       Host machine cpu family: x86_64
#7 9.312       Host machine cpu: x86_64
#7 9.312       Program python3 found: YES (/usr/local/bin/python3.11)
#7 9.312       Found pkg-config: YES (/usr/bin/pkg-config) 1.8.1
#7 9.312       Run-time dependency python found: YES 3.11
#7 9.312       Did not find CMake 'cmake'
#7 9.312       Found CMake: NO
#7 9.312       Run-time dependency girepository-2.0 found: NO (tried pkgconfig and cmake)
#7 9.312       Not looking for a fallback subproject for the dependency girepository-2.0 because:
#7 9.312       Use of fallback dependencies is disabled.
#7 9.312       
#7 9.312       ../meson.build:31:9: ERROR: Dependency 'girepository-2.0' is required but not found.
#7 9.312       
#7 9.312       A full log can be found at /tmp/pip-install-x8oddtkh/pygobject_26e2ec21b6244e3795951804eb212aea/.mesonpy-enwruadd/meson-logs/meson-log.txt
#7 9.312       [end of output]
#7 9.312   
#7 9.312   note: This error originates from a subprocess, and is likely not a problem with pip.
#7 9.313 error: metadata-generation-failed
#7 9.313 
#7 9.313 × Encountered error while generating package metadata.
#7 9.313 ╰─> See above for output.
#7 9.313 
#7 9.313 note: This is an issue with the package mentioned above, not pip.
#7 9.313 hint: See above for details.
#7 9.318 
#7 9.318 [notice] A new release of pip is available: 24.0 -> 25.3
#7 9.318 [notice] To update, run: pip install --upgrade pip
#7 ERROR: process "pip install AppKit" did not complete successfully: exit code: 1
------
 > [3/3] RUN ["pip","install","AppKit"]:
9.313 error: metadata-generation-failed
9.313 
9.313 × Encountered error while generating package metadata.
9.313 ╰─> See above for output.
9.313 
9.313 note: This is an issue with the package mentioned above, not pip.
9.313 hint: See above for details.
9.318 
9.318 [notice] A new release of pip is available: 24.0 -> 25.3
9.318 [notice] To update, run: pip install --upgrade pip
------
Dockerfile:3
--------------------
   1 |     FROM python:3.11
   2 |     COPY hard-gists/a7733a15cbf6c0cd9fba/snippet.py /snippet.py
   3 | >>> RUN ["pip","install","AppKit"]
   4 |     CMD ["python3","/snippet.py"]
   5 |     
--------------------
ERROR: failed to build: failed to solve: process "pip install AppKit" did not complete successfully: exit code: 1

View build details: docker-desktop://dashboard/build/default/default/vsgbzuaswstp43asned9o0dh9
[2025-10-29 19:06:08] ERROR: Build failed for a7733a15cbf6c0cd9fba
