=== Docker Build Log for 6118172 ===
Started at: Mi 29. Okt 16:20:52 CET 2025

[2025-10-29 16:20:52] START: Building image for 6118172
#0 building with "default" instance using docker driver

#1 [internal] load build definition from Dockerfile
#1 transferring dockerfile: 162B done
#1 DONE 0.0s

#2 [internal] load metadata for docker.io/library/python:3.11
#2 DONE 0.0s

#3 [internal] load .dockerignore
#3 transferring context: 2B done
#3 DONE 0.0s

#4 [internal] load build context
#4 transferring context: 1.49kB 0.0s done
#4 DONE 0.0s

#5 [1/3] FROM docker.io/library/python:3.11
#5 CACHED

#6 [2/3] COPY hard-gists/6118172/snippet.py /snippet.py
#6 DONE 0.1s

#7 [3/3] RUN ["pip","install","jnius"]
#7 2.058 Collecting jnius
#7 2.104   Downloading jnius-1.1.0.tar.gz (28 kB)
#7 2.124   Preparing metadata (setup.py): started
#7 2.504   Preparing metadata (setup.py): finished with status 'error'
#7 2.508   error: subprocess-exited-with-error
#7 2.508   
#7 2.508   × python setup.py egg_info did not run successfully.
#7 2.508   │ exit code: 1
#7 2.508   ╰─> [11 lines of output]
#7 2.508       Traceback (most recent call last):
#7 2.508         File "<string>", line 2, in <module>
#7 2.508         File "<pip-setuptools-caller>", line 34, in <module>
#7 2.508         File "/tmp/pip-install-cnvgh6kn/jnius_1293a25b781a45599deee55c48683d7b/setup.py", line 53, in <module>
#7 2.508           from Cython.Distutils import build_ext
#7 2.508       ModuleNotFoundError: No module named 'Cython'
#7 2.508       
#7 2.508       
#7 2.508       You need Cython to compile Pyjnius.
#7 2.508       
#7 2.508       
#7 2.508       [end of output]
#7 2.508   
#7 2.508   note: This error originates from a subprocess, and is likely not a problem with pip.
#7 2.509 error: metadata-generation-failed
#7 2.509 
#7 2.509 × Encountered error while generating package metadata.
#7 2.509 ╰─> See above for output.
#7 2.509 
#7 2.509 note: This is an issue with the package mentioned above, not pip.
#7 2.509 hint: See above for details.
#7 2.625 
#7 2.625 [notice] A new release of pip is available: 24.0 -> 25.3
#7 2.625 [notice] To update, run: pip install --upgrade pip
#7 ERROR: process "pip install jnius" did not complete successfully: exit code: 1
------
 > [3/3] RUN ["pip","install","jnius"]:
2.509 error: metadata-generation-failed
2.509 
2.509 × Encountered error while generating package metadata.
2.509 ╰─> See above for output.
2.509 
2.509 note: This is an issue with the package mentioned above, not pip.
2.509 hint: See above for details.
2.625 
2.625 [notice] A new release of pip is available: 24.0 -> 25.3
2.625 [notice] To update, run: pip install --upgrade pip
------
Dockerfile:3
--------------------
   1 |     FROM python:3.11
   2 |     COPY hard-gists/6118172/snippet.py /snippet.py
   3 | >>> RUN ["pip","install","jnius"]
   4 |     CMD ["python3","/snippet.py"]
   5 |     
--------------------
ERROR: failed to build: failed to solve: process "pip install jnius" did not complete successfully: exit code: 1

View build details: docker-desktop://dashboard/build/default/default/i3n8erv5gua0vkhltqpdjl7bf
[2025-10-29 16:20:56] ERROR: Build failed for 6118172
