=== Docker Build Log for 9649532644540b5b798308f66699ef67 ===
Started at: Mi 29. Okt 18:29:00 CET 2025

[2025-10-29 18:29:00] START: Building image for 9649532644540b5b798308f66699ef67
#0 building with "default" instance using docker driver

#1 [internal] load build definition from Dockerfile
#1 transferring dockerfile: 157B done
#1 DONE 0.0s

#2 [internal] load metadata for docker.io/library/python:3.11
#2 DONE 0.0s

#3 [internal] load .dockerignore
#3 transferring context: 2B done
#3 DONE 0.0s

#4 [internal] load build context
#4 transferring context: 1.43kB 0.0s done
#4 DONE 0.0s

#5 [1/2] FROM docker.io/library/python:3.11
#5 CACHED

#6 [2/2] COPY hard-gists/9649532644540b5b798308f66699ef67/snippet.py /snippet.py
#6 DONE 0.1s

#7 exporting to image
#7 exporting layers 0.1s done
#7 writing image sha256:8cafbe71a38e5406e78621fc8aa52d020950159b11024108c64eacec66ad6c08 done
#7 naming to docker.io/library/test-image-9649532644540b5b798308f66699ef67 done
#7 DONE 0.1s

View build details: docker-desktop://dashboard/build/default/default/fk5awjehmbrr84ghrpphlvarx
[2025-10-29 18:29:01] SUCCESS: Build completed for 9649532644540b5b798308f66699ef67
