=== Docker Build Log for 1091026 ===
Started at: Mi 29. Okt 11:50:27 CET 2025

[2025-10-29 11:50:27] START: Building image for 1091026
#0 building with "default" instance using docker driver

#1 [internal] load build definition from Dockerfile
#1 transferring dockerfile: 132B done
#1 DONE 0.0s

#2 [internal] load metadata for docker.io/library/python:3.11
#2 DONE 0.0s

#3 [internal] load .dockerignore
#3 transferring context: 2B done
#3 DONE 0.0s

#4 [internal] load build context
#4 transferring context: 496B 0.0s done
#4 DONE 0.0s

#5 [1/2] FROM docker.io/library/python:3.11
#5 CACHED

#6 [2/2] COPY hard-gists/1091026/snippet.py /snippet.py
#6 DONE 0.1s

#7 exporting to image
#7 exporting layers 0.0s done
#7 writing image sha256:8a57722b6ee0c4282a077225bb2580c85d89df390be38176b0569fddf41c8f64 done
#7 naming to docker.io/library/test-image-1091026 done
#7 DONE 0.1s

View build details: docker-desktop://dashboard/build/default/default/fgihnoz7wk0afts987i6c9ij8
[2025-10-29 11:50:28] SUCCESS: Build completed for 1091026
