=== Docker Build Log for b4ea0034839ccbc2aa03 ===
Started at: Mi 29. Okt 19:30:58 CET 2025

[2025-10-29 19:30:58] START: Building image for b4ea0034839ccbc2aa03
#0 building with "default" instance using docker driver

#1 [internal] load build definition from Dockerfile
#1 transferring dockerfile: 145B done
#1 DONE 0.0s

#2 [internal] load metadata for docker.io/library/python:3.11
#2 DONE 0.0s

#3 [internal] load .dockerignore
#3 transferring context: 2B done
#3 DONE 0.0s

#4 [internal] load build context
#4 transferring context: 768B 0.0s done
#4 DONE 0.0s

#5 [1/2] FROM docker.io/library/python:3.11
#5 CACHED

#6 [2/2] COPY hard-gists/b4ea0034839ccbc2aa03/snippet.py /snippet.py
#6 DONE 0.1s

#7 exporting to image
#7 exporting layers 0.0s done
#7 writing image sha256:69a25e7d78151f41b608f6ae1609acf00954a070494c290ef868312f6a5b76f9 done
#7 naming to docker.io/library/test-image-b4ea0034839ccbc2aa03 done
#7 DONE 0.1s

View build details: docker-desktop://dashboard/build/default/default/vkdu89o7ro53j0msdr18dmkvj
[2025-10-29 19:30:59] SUCCESS: Build completed for b4ea0034839ccbc2aa03
