=== Docker Build Log for 211868b4f589428d2626 ===
Started at: Mi 29. Okt 12:59:52 CET 2025

[2025-10-29 12:59:52] START: Building image for 211868b4f589428d2626
#0 building with "default" instance using docker driver

#1 [internal] load build definition from Dockerfile
#1 transferring dockerfile: 145B done
#1 DONE 0.0s

#2 [internal] load metadata for docker.io/library/python:3.11
#2 DONE 0.0s

#3 [internal] load .dockerignore
#3 transferring context: 2B done
#3 DONE 0.0s

#4 [internal] load build context
#4 transferring context: 1.90kB 0.0s done
#4 DONE 0.0s

#5 [1/2] FROM docker.io/library/python:3.11
#5 CACHED

#6 [2/2] COPY hard-gists/211868b4f589428d2626/snippet.py /snippet.py
#6 DONE 0.1s

#7 exporting to image
#7 exporting layers 0.0s done
#7 writing image sha256:b425b5df8c8883ce30615f57a29dee2587a63b7b6a151b7ba606c50dda199bd2 done
#7 naming to docker.io/library/test-image-211868b4f589428d2626 done
#7 DONE 0.1s

View build details: docker-desktop://dashboard/build/default/default/facvtianyf63pzhluciwyoxpk
[2025-10-29 12:59:52] SUCCESS: Build completed for 211868b4f589428d2626
