=== Docker Build Log for 425ca642955f73452ebc097b3b46c493 ===
Started at: Mi 29. Okt 14:28:49 CET 2025

[2025-10-29 14:28:49] START: Building image for 425ca642955f73452ebc097b3b46c493
#0 building with "default" instance using docker driver

#1 [internal] load build definition from Dockerfile
#1 transferring dockerfile: 249B done
#1 DONE 0.0s

#2 [internal] load metadata for docker.io/library/python:3.11
#2 DONE 0.0s

#3 [internal] load .dockerignore
#3 transferring context: 2B done
#3 DONE 0.0s

#4 [internal] load build context
#4 transferring context: 16.90kB 0.0s done
#4 DONE 0.0s

#5 [1/5] FROM docker.io/library/python:3.11
#5 CACHED

#6 [2/5] COPY hard-gists/425ca642955f73452ebc097b3b46c493/snippet.py /snippet.py
#6 DONE 1.1s

#7 [3/5] RUN ["pip","install","torch"]
#7 2.264 Collecting torch
#7 2.308   Downloading torch-2.9.0-cp311-cp311-manylinux_2_28_x86_64.whl.metadata (30 kB)
#7 2.393 Collecting filelock (from torch)
#7 2.401   Downloading filelock-3.20.0-py3-none-any.whl.metadata (2.1 kB)
#7 2.444 Collecting typing-extensions>=4.10.0 (from torch)
#7 2.452   Downloading typing_extensions-4.15.0-py3-none-any.whl.metadata (3.3 kB)
#7 2.495 Collecting sympy>=1.13.3 (from torch)
#7 2.503   Downloading sympy-1.14.0-py3-none-any.whl.metadata (12 kB)
#7 2.552 Collecting networkx>=2.5.1 (from torch)
#7 2.559   Downloading networkx-3.5-py3-none-any.whl.metadata (6.3 kB)
#7 2.602 Collecting jinja2 (from torch)
#7 2.610   Downloading jinja2-3.1.6-py3-none-any.whl.metadata (2.9 kB)
#7 2.663 Collecting fsspec>=0.8.5 (from torch)
#7 2.672   Downloading fsspec-2025.9.0-py3-none-any.whl.metadata (10 kB)
#7 2.711 Collecting nvidia-cuda-nvrtc-cu12==12.8.93 (from torch)
#7 2.719   Downloading nvidia_cuda_nvrtc_cu12-12.8.93-py3-none-manylinux2010_x86_64.manylinux_2_12_x86_64.whl.metadata (1.7 kB)
#7 2.757 Collecting nvidia-cuda-runtime-cu12==12.8.90 (from torch)
#7 2.768   Downloading nvidia_cuda_runtime_cu12-12.8.90-py3-none-manylinux2014_x86_64.manylinux_2_17_x86_64.whl.metadata (1.7 kB)
#7 2.808 Collecting nvidia-cuda-cupti-cu12==12.8.90 (from torch)
#7 2.816   Downloading nvidia_cuda_cupti_cu12-12.8.90-py3-none-manylinux2014_x86_64.manylinux_2_17_x86_64.whl.metadata (1.7 kB)
#7 2.855 Collecting nvidia-cudnn-cu12==9.10.2.21 (from torch)
#7 2.862   Downloading nvidia_cudnn_cu12-9.10.2.21-py3-none-manylinux_2_27_x86_64.whl.metadata (1.8 kB)
#7 2.899 Collecting nvidia-cublas-cu12==12.8.4.1 (from torch)
#7 2.907   Downloading nvidia_cublas_cu12-12.8.4.1-py3-none-manylinux_2_27_x86_64.whl.metadata (1.7 kB)
#7 2.948 Collecting nvidia-cufft-cu12==11.3.3.83 (from torch)
#7 2.956   Downloading nvidia_cufft_cu12-11.3.3.83-py3-none-manylinux2014_x86_64.manylinux_2_17_x86_64.whl.metadata (1.7 kB)
#7 2.991 Collecting nvidia-curand-cu12==10.3.9.90 (from torch)
#7 2.999   Downloading nvidia_curand_cu12-10.3.9.90-py3-none-manylinux_2_27_x86_64.whl.metadata (1.7 kB)
#7 3.037 Collecting nvidia-cusolver-cu12==11.7.3.90 (from torch)
#7 3.043   Downloading nvidia_cusolver_cu12-11.7.3.90-py3-none-manylinux_2_27_x86_64.whl.metadata (1.8 kB)
#7 3.082 Collecting nvidia-cusparse-cu12==12.5.8.93 (from torch)
#7 3.091   Downloading nvidia_cusparse_cu12-12.5.8.93-py3-none-manylinux2014_x86_64.manylinux_2_17_x86_64.whl.metadata (1.8 kB)
#7 3.124 Collecting nvidia-cusparselt-cu12==0.7.1 (from torch)
#7 3.132   Downloading nvidia_cusparselt_cu12-0.7.1-py3-none-manylinux2014_x86_64.whl.metadata (7.0 kB)
#7 3.171 Collecting nvidia-nccl-cu12==2.27.5 (from torch)
#7 3.180   Downloading nvidia_nccl_cu12-2.27.5-py3-none-manylinux2014_x86_64.manylinux_2_17_x86_64.whl.metadata (2.0 kB)
#7 3.214 Collecting nvidia-nvshmem-cu12==3.3.20 (from torch)
#7 3.225   Downloading nvidia_nvshmem_cu12-3.3.20-py3-none-manylinux2014_x86_64.manylinux_2_17_x86_64.whl.metadata (2.1 kB)
#7 3.263 Collecting nvidia-nvtx-cu12==12.8.90 (from torch)
#7 3.271   Downloading nvidia_nvtx_cu12-12.8.90-py3-none-manylinux2014_x86_64.manylinux_2_17_x86_64.whl.metadata (1.8 kB)
#7 3.308 Collecting nvidia-nvjitlink-cu12==12.8.93 (from torch)
#7 3.316   Downloading nvidia_nvjitlink_cu12-12.8.93-py3-none-manylinux2010_x86_64.manylinux_2_12_x86_64.whl.metadata (1.7 kB)
#7 3.373 Collecting nvidia-cufile-cu12==1.13.1.3 (from torch)
#7 3.381   Downloading nvidia_cufile_cu12-1.13.1.3-py3-none-manylinux2014_x86_64.manylinux_2_17_x86_64.whl.metadata (1.7 kB)
#7 3.424 Collecting triton==3.5.0 (from torch)
#7 3.433   Downloading triton-3.5.0-cp311-cp311-manylinux_2_27_x86_64.manylinux_2_28_x86_64.whl.metadata (1.7 kB)
#7 3.568 Collecting mpmath<1.4,>=1.1.0 (from sympy>=1.13.3->torch)
#7 3.576   Downloading mpmath-1.3.0-py3-none-any.whl.metadata (8.6 kB)
#7 3.663 Collecting MarkupSafe>=2.0 (from jinja2->torch)
#7 3.671   Downloading markupsafe-3.0.3-cp311-cp311-manylinux2014_x86_64.manylinux_2_17_x86_64.manylinux_2_28_x86_64.whl.metadata (2.7 kB)
#7 3.703 Downloading torch-2.9.0-cp311-cp311-manylinux_2_28_x86_64.whl (899.8 MB)
#7 49.84    ━━━━━━━━━━━━━━━━━━━━━━━━━━━━━━━━━━━━━━━ 899.8/899.8 MB 595.1 kB/s eta 0:00:00
#7 49.88 Downloading nvidia_cublas_cu12-12.8.4.1-py3-none-manylinux_2_27_x86_64.whl (594.3 MB)
#7 84.36    ━━━━━━━━━━━━━━━━━━━━━━━━━━━━━━━━━━━━━━━ 594.3/594.3 MB 686.5 kB/s eta 0:00:00
#7 84.43 Downloading nvidia_cuda_cupti_cu12-12.8.90-py3-none-manylinux2014_x86_64.manylinux_2_17_x86_64.whl (10.2 MB)
#7 86.50    ━━━━━━━━━━━━━━━━━━━━━━━━━━━━━━━━━━━━━━━━ 10.2/10.2 MB 4.9 MB/s eta 0:00:00
#7 86.51 Downloading nvidia_cuda_nvrtc_cu12-12.8.93-py3-none-manylinux2010_x86_64.manylinux_2_12_x86_64.whl (88.0 MB)
#7 89.99    ━━━━━━━━━━━━━━━━━━━━━━━━━━━━━━━━━━━━━━━━ 88.0/88.0 MB 10.8 MB/s eta 0:00:00
#7 90.00 Downloading nvidia_cuda_runtime_cu12-12.8.90-py3-none-manylinux2014_x86_64.manylinux_2_17_x86_64.whl (954 kB)
#7 90.04    ━━━━━━━━━━━━━━━━━━━━━━━━━━━━━━━━━━━━━━━━ 954.8/954.8 kB 25.2 MB/s eta 0:00:00
#7 90.05 Downloading nvidia_cudnn_cu12-9.10.2.21-py3-none-manylinux_2_27_x86_64.whl (706.8 MB)
#7 119.8    ━━━━━━━━━━━━━━━━━━━━━━━━━━━━━━━━━━━━━━━━ 706.8/706.8 MB 1.5 MB/s eta 0:00:00
#7 119.9 Downloading nvidia_cufft_cu12-11.3.3.83-py3-none-manylinux2014_x86_64.manylinux_2_17_x86_64.whl (193.1 MB)
#7 127.4    ━━━━━━━━━━━━━━━━━━━━━━━━━━━━━━━━━━━━━━━━ 193.1/193.1 MB 7.0 MB/s eta 0:00:00
#7 127.5 Downloading nvidia_cufile_cu12-1.13.1.3-py3-none-manylinux2014_x86_64.manylinux_2_17_x86_64.whl (1.2 MB)
#7 127.5    ━━━━━━━━━━━━━━━━━━━━━━━━━━━━━━━━━━━━━━━━ 1.2/1.2 MB 25.3 MB/s eta 0:00:00
#7 127.5 Downloading nvidia_curand_cu12-10.3.9.90-py3-none-manylinux_2_27_x86_64.whl (63.6 MB)
#7 129.9    ━━━━━━━━━━━━━━━━━━━━━━━━━━━━━━━━━━━━━━━━ 63.6/63.6 MB 13.7 MB/s eta 0:00:00
#7 129.9 Downloading nvidia_cusolver_cu12-11.7.3.90-py3-none-manylinux_2_27_x86_64.whl (267.5 MB)
#7 139.9    ━━━━━━━━━━━━━━━━━━━━━━━━━━━━━━━━━━━━━━━━ 267.5/267.5 MB 5.3 MB/s eta 0:00:00
#7 139.9 Downloading nvidia_cusparse_cu12-12.5.8.93-py3-none-manylinux2014_x86_64.manylinux_2_17_x86_64.whl (288.2 MB)
#7 150.7    ━━━━━━━━━━━━━━━━━━━━━━━━━━━━━━━━━━━━━━━━ 288.2/288.2 MB 5.3 MB/s eta 0:00:00
#7 150.7 Downloading nvidia_cusparselt_cu12-0.7.1-py3-none-manylinux2014_x86_64.whl (287.2 MB)
#7 161.8    ━━━━━━━━━━━━━━━━━━━━━━━━━━━━━━━━━━━━━━━━ 287.2/287.2 MB 4.3 MB/s eta 0:00:00
#7 161.8 Downloading nvidia_nccl_cu12-2.27.5-py3-none-manylinux2014_x86_64.manylinux_2_17_x86_64.whl (322.3 MB)
#7 175.1    ━━━━━━━━━━━━━━━━━━━━━━━━━━━━━━━━━━━━━━━━ 322.3/322.3 MB 3.0 MB/s eta 0:00:00
#7 175.2 Downloading nvidia_nvjitlink_cu12-12.8.93-py3-none-manylinux2010_x86_64.manylinux_2_12_x86_64.whl (39.3 MB)
#7 176.7    ━━━━━━━━━━━━━━━━━━━━━━━━━━━━━━━━━━━━━━━━ 39.3/39.3 MB 16.1 MB/s eta 0:00:00
#7 176.7 Downloading nvidia_nvshmem_cu12-3.3.20-py3-none-manylinux2014_x86_64.manylinux_2_17_x86_64.whl (124.7 MB)
#7 181.6    ━━━━━━━━━━━━━━━━━━━━━━━━━━━━━━━━━━━━━━━━ 124.7/124.7 MB 8.0 MB/s eta 0:00:00
#7 181.6 Downloading nvidia_nvtx_cu12-12.8.90-py3-none-manylinux2014_x86_64.manylinux_2_17_x86_64.whl (89 kB)
#7 181.6    ━━━━━━━━━━━━━━━━━━━━━━━━━━━━━━━━━━━━━━━━ 90.0/90.0 kB 7.1 MB/s eta 0:00:00
#7 181.6 Downloading triton-3.5.0-cp311-cp311-manylinux_2_27_x86_64.manylinux_2_28_x86_64.whl (170.4 MB)
#7 188.1    ━━━━━━━━━━━━━━━━━━━━━━━━━━━━━━━━━━━━━━━━ 170.4/170.4 MB 7.7 MB/s eta 0:00:00
#7 188.1 Downloading fsspec-2025.9.0-py3-none-any.whl (199 kB)
#7 188.1    ━━━━━━━━━━━━━━━━━━━━━━━━━━━━━━━━━━━━━━━━ 199.3/199.3 kB 11.8 MB/s eta 0:00:00
#7 188.1 Downloading networkx-3.5-py3-none-any.whl (2.0 MB)
#7 188.2    ━━━━━━━━━━━━━━━━━━━━━━━━━━━━━━━━━━━━━━━━ 2.0/2.0 MB 27.1 MB/s eta 0:00:00
#7 188.2 Downloading sympy-1.14.0-py3-none-any.whl (6.3 MB)
#7 188.5    ━━━━━━━━━━━━━━━━━━━━━━━━━━━━━━━━━━━━━━━━ 6.3/6.3 MB 26.5 MB/s eta 0:00:00
#7 188.5 Downloading typing_extensions-4.15.0-py3-none-any.whl (44 kB)
#7 188.5    ━━━━━━━━━━━━━━━━━━━━━━━━━━━━━━━━━━━━━━━━ 44.6/44.6 kB 3.1 MB/s eta 0:00:00
#7 188.5 Downloading filelock-3.20.0-py3-none-any.whl (16 kB)
#7 188.5 Downloading jinja2-3.1.6-py3-none-any.whl (134 kB)
#7 188.5    ━━━━━━━━━━━━━━━━━━━━━━━━━━━━━━━━━━━━━━━━ 134.9/134.9 kB 10.0 MB/s eta 0:00:00
#7 188.5 Downloading markupsafe-3.0.3-cp311-cp311-manylinux2014_x86_64.manylinux_2_17_x86_64.manylinux_2_28_x86_64.whl (22 kB)
#7 188.6 Downloading mpmath-1.3.0-py3-none-any.whl (536 kB)
#7 188.6    ━━━━━━━━━━━━━━━━━━━━━━━━━━━━━━━━━━━━━━━━ 536.2/536.2 kB 18.6 MB/s eta 0:00:00
#7 198.9 Installing collected packages: nvidia-cusparselt-cu12, mpmath, typing-extensions, triton, sympy, nvidia-nvtx-cu12, nvidia-nvshmem-cu12, nvidia-nvjitlink-cu12, nvidia-nccl-cu12, nvidia-curand-cu12, nvidia-cufile-cu12, nvidia-cuda-runtime-cu12, nvidia-cuda-nvrtc-cu12, nvidia-cuda-cupti-cu12, nvidia-cublas-cu12, networkx, MarkupSafe, fsspec, filelock, nvidia-cusparse-cu12, nvidia-cufft-cu12, nvidia-cudnn-cu12, jinja2, nvidia-cusolver-cu12, torch
#7 257.1 Successfully installed MarkupSafe-3.0.3 filelock-3.20.0 fsspec-2025.9.0 jinja2-3.1.6 mpmath-1.3.0 networkx-3.5 nvidia-cublas-cu12-12.8.4.1 nvidia-cuda-cupti-cu12-12.8.90 nvidia-cuda-nvrtc-cu12-12.8.93 nvidia-cuda-runtime-cu12-12.8.90 nvidia-cudnn-cu12-9.10.2.21 nvidia-cufft-cu12-11.3.3.83 nvidia-cufile-cu12-1.13.1.3 nvidia-curand-cu12-10.3.9.90 nvidia-cusolver-cu12-11.7.3.90 nvidia-cusparse-cu12-12.5.8.93 nvidia-cusparselt-cu12-0.7.1 nvidia-nccl-cu12-2.27.5 nvidia-nvjitlink-cu12-12.8.93 nvidia-nvshmem-cu12-3.3.20 nvidia-nvtx-cu12-12.8.90 sympy-1.14.0 torch-2.9.0 triton-3.5.0 typing-extensions-4.15.0
#7 257.1 WARNING: Running pip as the 'root' user can result in broken permissions and conflicting behaviour with the system package manager. It is recommended to use a virtual environment instead: https://pip.pypa.io/warnings/venv
#7 257.5 
#7 257.5 [notice] A new release of pip is available: 24.0 -> 25.3
#7 257.5 [notice] To update, run: pip install --upgrade pip
#7 DONE 267.8s

#8 [4/5] RUN ["pip","install","numpy"]
#8 0.769 Collecting numpy
#8 0.810   Downloading numpy-2.3.4-cp311-cp311-manylinux_2_27_x86_64.manylinux_2_28_x86_64.whl.metadata (62 kB)
#8 0.839      ━━━━━━━━━━━━━━━━━━━━━━━━━━━━━━━━━━━━━━━━ 62.1/62.1 kB 2.0 MB/s eta 0:00:00
#8 0.857 Downloading numpy-2.3.4-cp311-cp311-manylinux_2_27_x86_64.manylinux_2_28_x86_64.whl (16.9 MB)
#8 1.636    ━━━━━━━━━━━━━━━━━━━━━━━━━━━━━━━━━━━━━━━━ 16.9/16.9 MB 19.3 MB/s eta 0:00:00
#8 1.826 Installing collected packages: numpy
#8 3.266 Successfully installed numpy-2.3.4
#8 3.266 WARNING: Running pip as the 'root' user can result in broken permissions and conflicting behaviour with the system package manager. It is recommended to use a virtual environment instead: https://pip.pypa.io/warnings/venv
#8 3.272 
#8 3.272 [notice] A new release of pip is available: 24.0 -> 25.3
#8 3.272 [notice] To update, run: pip install --upgrade pip
#8 DONE 3.7s

#9 [5/5] RUN ["pip","install","scipy"]
#9 0.734 Collecting scipy
#9 0.770   Downloading scipy-1.16.3-cp311-cp311-manylinux2014_x86_64.manylinux_2_17_x86_64.whl.metadata (62 kB)
#9 0.797      ━━━━━━━━━━━━━━━━━━━━━━━━━━━━━━━━━━━━━━━━ 62.0/62.0 kB 2.0 MB/s eta 0:00:00
#9 0.836 Requirement already satisfied: numpy<2.6,>=1.25.2 in /usr/local/lib/python3.11/site-packages (from scipy) (2.3.4)
#9 0.854 Downloading scipy-1.16.3-cp311-cp311-manylinux2014_x86_64.manylinux_2_17_x86_64.whl (35.9 MB)
#9 2.480    ━━━━━━━━━━━━━━━━━━━━━━━━━━━━━━━━━━━━━━━━ 35.9/35.9 MB 16.1 MB/s eta 0:00:00
#9 2.716 Installing collected packages: scipy
#9 5.452 Successfully installed scipy-1.16.3
#9 5.452 WARNING: Running pip as the 'root' user can result in broken permissions and conflicting behaviour with the system package manager. It is recommended to use a virtual environment instead: https://pip.pypa.io/warnings/venv
#9 5.458 
#9 5.458 [notice] A new release of pip is available: 24.0 -> 25.3
#9 5.458 [notice] To update, run: pip install --upgrade pip
#9 DONE 6.2s

#10 exporting to image
#10 exporting layers
#10 exporting layers 38.7s done
#10 writing image sha256:9ea00784bbca28d10a3c655f1a1d781d22a5f6f1d3d642362e7c87bc201956b4 done
#10 naming to docker.io/library/test-image-425ca642955f73452ebc097b3b46c493 done
#10 DONE 38.8s

View build details: docker-desktop://dashboard/build/default/default/7uqwnkrw2iu2esydavxnhpbwl
[2025-10-29 14:34:07] SUCCESS: Build completed for 425ca642955f73452ebc097b3b46c493
