=== Docker Build Log for 2660685 ===
Started at: Mi 29. Okt 13:11:23 CET 2025

[2025-10-29 13:11:23] START: Building image for 2660685
#0 building with "default" instance using docker driver

#1 [internal] load build definition from Dockerfile
#1 transferring dockerfile: 132B done
#1 DONE 0.0s

#2 [internal] load metadata for docker.io/library/python:3.11
#2 DONE 0.0s

#3 [internal] load .dockerignore
#3 transferring context: 2B done
#3 DONE 0.0s

#4 [internal] load build context
#4 transferring context: 2.86kB 0.0s done
#4 DONE 0.0s

#5 [1/2] FROM docker.io/library/python:3.11
#5 CACHED

#6 [2/2] COPY hard-gists/2660685/snippet.py /snippet.py
#6 DONE 0.1s

#7 exporting to image
#7 exporting layers 0.0s done
#7 writing image sha256:a0a204d2033158f75656b412614a2ef52ba4207e425f911ccaaadd46dfa0fcfd done
#7 naming to docker.io/library/test-image-2660685 done
#7 DONE 0.1s

View build details: docker-desktop://dashboard/build/default/default/h7c4xlyrw6t3nk8usmvk674qw
[2025-10-29 13:11:24] SUCCESS: Build completed for 2660685
