=== Docker Build Log for eb6dc49c861a1c21b612b568dd188668 ===
Started at: Mi 29. Okt 20:52:00 CET 2025

[2025-10-29 20:52:00] START: Building image for eb6dc49c861a1c21b612b568dd188668
#0 building with "default" instance using docker driver

#1 [internal] load build definition from Dockerfile
#1 transferring dockerfile: 256B done
#1 DONE 0.0s

#2 [internal] load metadata for docker.io/library/python:3.11
#2 DONE 0.0s

#3 [internal] load .dockerignore
#3 transferring context: 2B done
#3 DONE 0.0s

#4 [internal] load build context
#4 transferring context: 2.19kB 0.0s done
#4 DONE 0.0s

#5 [1/5] FROM docker.io/library/python:3.11
#5 CACHED

#6 [2/5] COPY hard-gists/eb6dc49c861a1c21b612b568dd188668/snippet.py /snippet.py
#6 DONE 0.1s

#7 [3/5] RUN ["pip","install","keras"]
#7 1.989 Collecting keras
#7 2.028   Downloading keras-3.12.0-py3-none-any.whl.metadata (5.9 kB)
#7 2.071 Collecting absl-py (from keras)
#7 2.081   Downloading absl_py-2.3.1-py3-none-any.whl.metadata (3.3 kB)
#7 2.285 Collecting numpy (from keras)
#7 2.296   Downloading numpy-2.3.4-cp311-cp311-manylinux_2_27_x86_64.manylinux_2_28_x86_64.whl.metadata (62 kB)
#7 2.317      ━━━━━━━━━━━━━━━━━━━━━━━━━━━━━━━━━━━━━━━━ 62.1/62.1 kB 2.8 MB/s eta 0:00:00
#7 2.395 Collecting rich (from keras)
#7 2.405   Downloading rich-14.2.0-py3-none-any.whl.metadata (18 kB)
#7 2.441 Collecting namex (from keras)
#7 2.450   Downloading namex-0.1.0-py3-none-any.whl.metadata (322 bytes)
#7 2.514 Collecting h5py (from keras)
#7 2.525   Downloading h5py-3.15.1-cp311-cp311-manylinux_2_27_x86_64.manylinux_2_28_x86_64.whl.metadata (3.0 kB)
#7 2.622 Collecting optree (from keras)
#7 2.632   Downloading optree-0.17.0-cp311-cp311-manylinux_2_27_x86_64.manylinux_2_28_x86_64.whl.metadata (33 kB)
#7 2.694 Collecting ml-dtypes (from keras)
#7 2.710   Downloading ml_dtypes-0.5.3-cp311-cp311-manylinux_2_27_x86_64.manylinux_2_28_x86_64.whl.metadata (8.9 kB)
#7 2.784 Collecting packaging (from keras)
#7 2.792   Downloading packaging-25.0-py3-none-any.whl.metadata (3.3 kB)
#7 2.875 Collecting typing-extensions>=4.6.0 (from optree->keras)
#7 2.884   Downloading typing_extensions-4.15.0-py3-none-any.whl.metadata (3.3 kB)
#7 2.935 Collecting markdown-it-py>=2.2.0 (from rich->keras)
#7 2.945   Downloading markdown_it_py-4.0.0-py3-none-any.whl.metadata (7.3 kB)
#7 2.993 Collecting pygments<3.0.0,>=2.13.0 (from rich->keras)
#7 3.002   Downloading pygments-2.19.2-py3-none-any.whl.metadata (2.5 kB)
#7 3.048 Collecting mdurl~=0.1 (from markdown-it-py>=2.2.0->rich->keras)
#7 3.057   Downloading mdurl-0.1.2-py3-none-any.whl.metadata (1.6 kB)
#7 3.081 Downloading keras-3.12.0-py3-none-any.whl (1.5 MB)
#7 3.196    ━━━━━━━━━━━━━━━━━━━━━━━━━━━━━━━━━━━━━━━━ 1.5/1.5 MB 13.0 MB/s eta 0:00:00
#7 3.206 Downloading absl_py-2.3.1-py3-none-any.whl (135 kB)
#7 3.229    ━━━━━━━━━━━━━━━━━━━━━━━━━━━━━━━━━━━━━━━━ 135.8/135.8 kB 6.0 MB/s eta 0:00:00
#7 3.239 Downloading h5py-3.15.1-cp311-cp311-manylinux_2_27_x86_64.manylinux_2_28_x86_64.whl (4.7 MB)
#7 3.563    ━━━━━━━━━━━━━━━━━━━━━━━━━━━━━━━━━━━━━━━━ 4.7/4.7 MB 14.6 MB/s eta 0:00:00
#7 3.573 Downloading numpy-2.3.4-cp311-cp311-manylinux_2_27_x86_64.manylinux_2_28_x86_64.whl (16.9 MB)
#7 4.754    ━━━━━━━━━━━━━━━━━━━━━━━━━━━━━━━━━━━━━━━━ 16.9/16.9 MB 13.5 MB/s eta 0:00:00
#7 4.769 Downloading ml_dtypes-0.5.3-cp311-cp311-manylinux_2_27_x86_64.manylinux_2_28_x86_64.whl (4.9 MB)
#7 5.122    ━━━━━━━━━━━━━━━━━━━━━━━━━━━━━━━━━━━━━━━━ 4.9/4.9 MB 14.1 MB/s eta 0:00:00
#7 5.130 Downloading namex-0.1.0-py3-none-any.whl (5.9 kB)
#7 5.150 Downloading optree-0.17.0-cp311-cp311-manylinux_2_27_x86_64.manylinux_2_28_x86_64.whl (402 kB)
#7 5.183    ━━━━━━━━━━━━━━━━━━━━━━━━━━━━━━━━━━━━━━━━ 402.0/402.0 kB 12.7 MB/s eta 0:00:00
#7 5.192 Downloading packaging-25.0-py3-none-any.whl (66 kB)
#7 5.207    ━━━━━━━━━━━━━━━━━━━━━━━━━━━━━━━━━━━━━━━━ 66.5/66.5 kB 4.9 MB/s eta 0:00:00
#7 5.217 Downloading rich-14.2.0-py3-none-any.whl (243 kB)
#7 5.242    ━━━━━━━━━━━━━━━━━━━━━━━━━━━━━━━━━━━━━━━━ 243.4/243.4 kB 10.2 MB/s eta 0:00:00
#7 5.251 Downloading markdown_it_py-4.0.0-py3-none-any.whl (87 kB)
#7 5.266    ━━━━━━━━━━━━━━━━━━━━━━━━━━━━━━━━━━━━━━━━ 87.3/87.3 kB 5.9 MB/s eta 0:00:00
#7 5.275 Downloading pygments-2.19.2-py3-none-any.whl (1.2 MB)
#7 5.382    ━━━━━━━━━━━━━━━━━━━━━━━━━━━━━━━━━━━━━━━━ 1.2/1.2 MB 11.6 MB/s eta 0:00:00
#7 5.391 Downloading typing_extensions-4.15.0-py3-none-any.whl (44 kB)
#7 5.406    ━━━━━━━━━━━━━━━━━━━━━━━━━━━━━━━━━━━━━━━━ 44.6/44.6 kB 2.7 MB/s eta 0:00:00
#7 5.413 Downloading mdurl-0.1.2-py3-none-any.whl (10.0 kB)
#7 5.573 Installing collected packages: namex, typing-extensions, pygments, packaging, numpy, mdurl, absl-py, optree, ml-dtypes, markdown-it-py, h5py, rich, keras
#7 8.709 Successfully installed absl-py-2.3.1 h5py-3.15.1 keras-3.12.0 markdown-it-py-4.0.0 mdurl-0.1.2 ml-dtypes-0.5.3 namex-0.1.0 numpy-2.3.4 optree-0.17.0 packaging-25.0 pygments-2.19.2 rich-14.2.0 typing-extensions-4.15.0
#7 8.709 WARNING: Running pip as the 'root' user can result in broken permissions and conflicting behaviour with the system package manager. It is recommended to use a virtual environment instead: https://pip.pypa.io/warnings/venv
#7 8.801 
#7 8.801 [notice] A new release of pip is available: 24.0 -> 25.3
#7 8.801 [notice] To update, run: pip install --upgrade pip
#7 DONE 9.7s

#8 [4/5] RUN ["pip","install","keras-models"]
#8 0.640 Collecting keras-models
#8 0.760   Downloading keras_models-0.0.7-py3-none-any.whl.metadata (3.4 kB)
#8 0.798 Requirement already satisfied: keras in /usr/local/lib/python3.11/site-packages (from keras-models) (3.12.0)
#8 0.802 Requirement already satisfied: numpy in /usr/local/lib/python3.11/site-packages (from keras-models) (2.3.4)
#8 1.088 Collecting spacy (from keras-models)
#8 1.144   Downloading spacy-3.8.7-cp311-cp311-manylinux_2_17_x86_64.manylinux2014_x86_64.whl.metadata (27 kB)
#8 1.377 Collecting Pillow (from keras-models)
#8 1.385   Downloading pillow-12.0.0-cp311-cp311-manylinux_2_27_x86_64.manylinux_2_28_x86_64.whl.metadata (8.8 kB)
#8 1.485 Collecting opencv-python (from keras-models)
#8 1.494   Downloading opencv_python-4.12.0.88-cp37-abi3-manylinux2014_x86_64.manylinux_2_17_x86_64.whl.metadata (19 kB)
#8 1.532 Collecting pathlib (from keras-models)
#8 1.542   Downloading pathlib-1.0.1-py3-none-any.whl.metadata (5.1 kB)
#8 1.555 Requirement already satisfied: absl-py in /usr/local/lib/python3.11/site-packages (from keras->keras-models) (2.3.1)
#8 1.558 Requirement already satisfied: rich in /usr/local/lib/python3.11/site-packages (from keras->keras-models) (14.2.0)
#8 1.559 Requirement already satisfied: namex in /usr/local/lib/python3.11/site-packages (from keras->keras-models) (0.1.0)
#8 1.559 Requirement already satisfied: h5py in /usr/local/lib/python3.11/site-packages (from keras->keras-models) (3.15.1)
#8 1.560 Requirement already satisfied: optree in /usr/local/lib/python3.11/site-packages (from keras->keras-models) (0.17.0)
#8 1.561 Requirement already satisfied: ml-dtypes in /usr/local/lib/python3.11/site-packages (from keras->keras-models) (0.5.3)
#8 1.562 Requirement already satisfied: packaging in /usr/local/lib/python3.11/site-packages (from keras->keras-models) (25.0)
#8 1.777 Collecting numpy (from keras-models)
#8 1.790   Downloading numpy-2.2.6-cp311-cp311-manylinux_2_17_x86_64.manylinux2014_x86_64.whl.metadata (62 kB)
#8 1.817      ━━━━━━━━━━━━━━━━━━━━━━━━━━━━━━━━━━━━━━━━ 62.0/62.0 kB 2.0 MB/s eta 0:00:00
#8 1.893 Collecting spacy-legacy<3.1.0,>=3.0.11 (from spacy->keras-models)
#8 1.903   Downloading spacy_legacy-3.0.12-py2.py3-none-any.whl.metadata (2.8 kB)
#8 1.943 Collecting spacy-loggers<2.0.0,>=1.0.0 (from spacy->keras-models)
#8 1.952   Downloading spacy_loggers-1.0.5-py3-none-any.whl.metadata (23 kB)
#8 2.006 Collecting murmurhash<1.1.0,>=0.28.0 (from spacy->keras-models)
#8 2.016   Downloading murmurhash-1.0.13-cp311-cp311-manylinux_2_5_x86_64.manylinux1_x86_64.manylinux_2_17_x86_64.manylinux2014_x86_64.whl.metadata (2.2 kB)
#8 2.076 Collecting cymem<2.1.0,>=2.0.2 (from spacy->keras-models)
#8 2.085   Downloading cymem-2.0.11-cp311-cp311-manylinux_2_17_x86_64.manylinux2014_x86_64.whl.metadata (8.5 kB)
#8 2.138 Collecting preshed<3.1.0,>=3.0.2 (from spacy->keras-models)
#8 2.149   Downloading preshed-3.0.10-cp311-cp311-manylinux_2_5_x86_64.manylinux1_x86_64.manylinux_2_17_x86_64.manylinux2014_x86_64.whl.metadata (2.4 kB)
#8 2.345 Collecting thinc<8.4.0,>=8.3.4 (from spacy->keras-models)
#8 2.361   Downloading thinc-8.3.6-cp311-cp311-manylinux_2_17_x86_64.manylinux2014_x86_64.whl.metadata (15 kB)
#8 2.412 Collecting wasabi<1.2.0,>=0.9.1 (from spacy->keras-models)
#8 2.423   Downloading wasabi-1.1.3-py3-none-any.whl.metadata (28 kB)
#8 2.503 Collecting srsly<3.0.0,>=2.4.3 (from spacy->keras-models)
#8 2.515   Downloading srsly-2.5.1-cp311-cp311-manylinux_2_17_x86_64.manylinux2014_x86_64.whl.metadata (19 kB)
#8 2.557 Collecting catalogue<2.1.0,>=2.0.6 (from spacy->keras-models)
#8 2.567   Downloading catalogue-2.0.10-py3-none-any.whl.metadata (14 kB)
#8 2.607 Collecting weasel<0.5.0,>=0.1.0 (from spacy->keras-models)
#8 2.617   Downloading weasel-0.4.1-py3-none-any.whl.metadata (4.6 kB)
#8 2.667 Collecting typer<1.0.0,>=0.3.0 (from spacy->keras-models)
#8 2.682   Downloading typer-0.20.0-py3-none-any.whl.metadata (16 kB)
#8 2.755 Collecting tqdm<5.0.0,>=4.38.0 (from spacy->keras-models)
#8 2.767   Downloading tqdm-4.67.1-py3-none-any.whl.metadata (57 kB)
#8 2.784      ━━━━━━━━━━━━━━━━━━━━━━━━━━━━━━━━━━━━━━━━ 57.7/57.7 kB 3.1 MB/s eta 0:00:00
#8 2.843 Collecting requests<3.0.0,>=2.13.0 (from spacy->keras-models)
#8 2.852   Downloading requests-2.32.5-py3-none-any.whl.metadata (4.9 kB)
#8 3.024 Collecting pydantic!=1.8,!=1.8.1,<3.0.0,>=1.7.4 (from spacy->keras-models)
#8 3.034   Downloading pydantic-2.12.3-py3-none-any.whl.metadata (87 kB)
#8 3.048      ━━━━━━━━━━━━━━━━━━━━━━━━━━━━━━━━━━━━━━━━ 87.7/87.7 kB 7.1 MB/s eta 0:00:00
#8 3.088 Collecting jinja2 (from spacy->keras-models)
#8 3.096   Downloading jinja2-3.1.6-py3-none-any.whl.metadata (2.9 kB)
#8 3.107 Requirement already satisfied: setuptools in /usr/local/lib/python3.11/site-packages (from spacy->keras-models) (79.0.1)
#8 3.132 Collecting langcodes<4.0.0,>=3.2.0 (from spacy->keras-models)
#8 3.143   Downloading langcodes-3.5.0-py3-none-any.whl.metadata (29 kB)
#8 3.191 Collecting language-data>=1.2 (from langcodes<4.0.0,>=3.2.0->spacy->keras-models)
#8 3.205   Downloading language_data-1.3.0-py3-none-any.whl.metadata (4.3 kB)
#8 3.249 Collecting annotated-types>=0.6.0 (from pydantic!=1.8,!=1.8.1,<3.0.0,>=1.7.4->spacy->keras-models)
#8 3.258   Downloading annotated_types-0.7.0-py3-none-any.whl.metadata (15 kB)
#8 4.062 Collecting pydantic-core==2.41.4 (from pydantic!=1.8,!=1.8.1,<3.0.0,>=1.7.4->spacy->keras-models)
#8 4.071   Downloading pydantic_core-2.41.4-cp311-cp311-manylinux_2_17_x86_64.manylinux2014_x86_64.whl.metadata (7.3 kB)
#8 4.088 Requirement already satisfied: typing-extensions>=4.14.1 in /usr/local/lib/python3.11/site-packages (from pydantic!=1.8,!=1.8.1,<3.0.0,>=1.7.4->spacy->keras-models) (4.15.0)
#8 4.116 Collecting typing-inspection>=0.4.2 (from pydantic!=1.8,!=1.8.1,<3.0.0,>=1.7.4->spacy->keras-models)
#8 4.125   Downloading typing_inspection-0.4.2-py3-none-any.whl.metadata (2.6 kB)
#8 4.241 Collecting charset_normalizer<4,>=2 (from requests<3.0.0,>=2.13.0->spacy->keras-models)
#8 4.252   Downloading charset_normalizer-3.4.4-cp311-cp311-manylinux2014_x86_64.manylinux_2_17_x86_64.manylinux_2_28_x86_64.whl.metadata (37 kB)
#8 4.296 Collecting idna<4,>=2.5 (from requests<3.0.0,>=2.13.0->spacy->keras-models)
#8 4.305   Downloading idna-3.11-py3-none-any.whl.metadata (8.4 kB)
#8 4.367 Collecting urllib3<3,>=1.21.1 (from requests<3.0.0,>=2.13.0->spacy->keras-models)
#8 4.376   Downloading urllib3-2.5.0-py3-none-any.whl.metadata (6.5 kB)
#8 4.423 Collecting certifi>=2017.4.17 (from requests<3.0.0,>=2.13.0->spacy->keras-models)
#8 4.433   Downloading certifi-2025.10.5-py3-none-any.whl.metadata (2.5 kB)
#8 4.538 Collecting blis<1.4.0,>=1.3.0 (from thinc<8.4.0,>=8.3.4->spacy->keras-models)
#8 4.547   Downloading blis-1.3.0-cp311-cp311-manylinux_2_17_x86_64.manylinux2014_x86_64.whl.metadata (7.4 kB)
#8 4.594 Collecting confection<1.0.0,>=0.0.1 (from thinc<8.4.0,>=8.3.4->spacy->keras-models)
#8 4.605   Downloading confection-0.1.5-py3-none-any.whl.metadata (19 kB)
#8 4.690 Collecting click>=8.0.0 (from typer<1.0.0,>=0.3.0->spacy->keras-models)
#8 4.699   Downloading click-8.3.0-py3-none-any.whl.metadata (2.6 kB)
#8 4.745 Collecting shellingham>=1.3.0 (from typer<1.0.0,>=0.3.0->spacy->keras-models)
#8 4.754   Downloading shellingham-1.5.4-py2.py3-none-any.whl.metadata (3.5 kB)
#8 4.774 Requirement already satisfied: markdown-it-py>=2.2.0 in /usr/local/lib/python3.11/site-packages (from rich->keras->keras-models) (4.0.0)
#8 4.775 Requirement already satisfied: pygments<3.0.0,>=2.13.0 in /usr/local/lib/python3.11/site-packages (from rich->keras->keras-models) (2.19.2)
#8 4.824 Collecting cloudpathlib<1.0.0,>=0.7.0 (from weasel<0.5.0,>=0.1.0->spacy->keras-models)
#8 4.834   Downloading cloudpathlib-0.23.0-py3-none-any.whl.metadata (16 kB)
#8 4.880 Collecting smart-open<8.0.0,>=5.2.1 (from weasel<0.5.0,>=0.1.0->spacy->keras-models)
#8 4.890   Downloading smart_open-7.4.1-py3-none-any.whl.metadata (24 kB)
#8 4.990 Collecting MarkupSafe>=2.0 (from jinja2->spacy->keras-models)
#8 5.000   Downloading markupsafe-3.0.3-cp311-cp311-manylinux2014_x86_64.manylinux_2_17_x86_64.manylinux_2_28_x86_64.whl.metadata (2.7 kB)
#8 5.270 Collecting marisa-trie>=1.1.0 (from language-data>=1.2->langcodes<4.0.0,>=3.2.0->spacy->keras-models)
#8 5.279   Downloading marisa_trie-1.3.1-cp311-cp311-manylinux_2_24_x86_64.manylinux_2_28_x86_64.whl.metadata (10 kB)
#8 5.306 Requirement already satisfied: mdurl~=0.1 in /usr/local/lib/python3.11/site-packages (from markdown-it-py>=2.2.0->rich->keras->keras-models) (0.1.2)
#8 5.470 Collecting wrapt (from smart-open<8.0.0,>=5.2.1->weasel<0.5.0,>=0.1.0->spacy->keras-models)
#8 5.481   Downloading wrapt-2.0.0-cp311-cp311-manylinux1_x86_64.manylinux_2_28_x86_64.manylinux_2_5_x86_64.whl.metadata (8.8 kB)
#8 5.548 Downloading keras_models-0.0.7-py3-none-any.whl (18 kB)
#8 5.568 Downloading opencv_python-4.12.0.88-cp37-abi3-manylinux2014_x86_64.manylinux_2_17_x86_64.whl (67.0 MB)
#8 9.919    ━━━━━━━━━━━━━━━━━━━━━━━━━━━━━━━━━━━━━━━━ 67.0/67.0 MB 8.9 MB/s eta 0:00:00
#8 9.930 Downloading numpy-2.2.6-cp311-cp311-manylinux_2_17_x86_64.manylinux2014_x86_64.whl (16.8 MB)
#8 11.20    ━━━━━━━━━━━━━━━━━━━━━━━━━━━━━━━━━━━━━━━━ 16.8/16.8 MB 12.5 MB/s eta 0:00:00
#8 11.21 Downloading pathlib-1.0.1-py3-none-any.whl (14 kB)
#8 11.23 Downloading pillow-12.0.0-cp311-cp311-manylinux_2_27_x86_64.manylinux_2_28_x86_64.whl (7.0 MB)
#8 11.80    ━━━━━━━━━━━━━━━━━━━━━━━━━━━━━━━━━━━━━━━━ 7.0/7.0 MB 12.5 MB/s eta 0:00:00
#8 11.82 Downloading spacy-3.8.7-cp311-cp311-manylinux_2_17_x86_64.manylinux2014_x86_64.whl (33.0 MB)
#8 14.66    ━━━━━━━━━━━━━━━━━━━━━━━━━━━━━━━━━━━━━━━━ 33.0/33.0 MB 9.7 MB/s eta 0:00:00
#8 14.67 Downloading catalogue-2.0.10-py3-none-any.whl (17 kB)
#8 14.70 Downloading cymem-2.0.11-cp311-cp311-manylinux_2_17_x86_64.manylinux2014_x86_64.whl (218 kB)
#8 14.72    ━━━━━━━━━━━━━━━━━━━━━━━━━━━━━━━━━━━━━━━━ 218.9/218.9 kB 12.9 MB/s eta 0:00:00
#8 14.73 Downloading langcodes-3.5.0-py3-none-any.whl (182 kB)
#8 14.76    ━━━━━━━━━━━━━━━━━━━━━━━━━━━━━━━━━━━━━━━━ 183.0/183.0 kB 7.6 MB/s eta 0:00:00
#8 14.77 Downloading murmurhash-1.0.13-cp311-cp311-manylinux_2_5_x86_64.manylinux1_x86_64.manylinux_2_17_x86_64.manylinux2014_x86_64.whl (123 kB)
#8 14.78    ━━━━━━━━━━━━━━━━━━━━━━━━━━━━━━━━━━━━━━━━ 123.4/123.4 kB 7.0 MB/s eta 0:00:00
#8 14.80 Downloading preshed-3.0.10-cp311-cp311-manylinux_2_5_x86_64.manylinux1_x86_64.manylinux_2_17_x86_64.manylinux2014_x86_64.whl (842 kB)
#8 14.87    ━━━━━━━━━━━━━━━━━━━━━━━━━━━━━━━━━━━━━━━━ 842.9/842.9 kB 11.4 MB/s eta 0:00:00
#8 14.88 Downloading pydantic-2.12.3-py3-none-any.whl (462 kB)
#8 14.92    ━━━━━━━━━━━━━━━━━━━━━━━━━━━━━━━━━━━━━━━━ 462.4/462.4 kB 14.2 MB/s eta 0:00:00
#8 14.93 Downloading pydantic_core-2.41.4-cp311-cp311-manylinux_2_17_x86_64.manylinux2014_x86_64.whl (2.1 MB)
#8 15.08    ━━━━━━━━━━━━━━━━━━━━━━━━━━━━━━━━━━━━━━━━ 2.1/2.1 MB 13.8 MB/s eta 0:00:00
#8 15.09 Downloading requests-2.32.5-py3-none-any.whl (64 kB)
#8 15.10    ━━━━━━━━━━━━━━━━━━━━━━━━━━━━━━━━━━━━━━━━ 64.7/64.7 kB 4.6 MB/s eta 0:00:00
#8 15.11 Downloading spacy_legacy-3.0.12-py2.py3-none-any.whl (29 kB)
#8 15.13 Downloading spacy_loggers-1.0.5-py3-none-any.whl (22 kB)
#8 15.15 Downloading srsly-2.5.1-cp311-cp311-manylinux_2_17_x86_64.manylinux2014_x86_64.whl (1.1 MB)
#8 15.24    ━━━━━━━━━━━━━━━━━━━━━━━━━━━━━━━━━━━━━━━━ 1.1/1.1 MB 13.8 MB/s eta 0:00:00
#8 15.25 Downloading thinc-8.3.6-cp311-cp311-manylinux_2_17_x86_64.manylinux2014_x86_64.whl (4.5 MB)
#8 15.59    ━━━━━━━━━━━━━━━━━━━━━━━━━━━━━━━━━━━━━━━━ 4.5/4.5 MB 13.3 MB/s eta 0:00:00
#8 15.60 Downloading tqdm-4.67.1-py3-none-any.whl (78 kB)
#8 15.61    ━━━━━━━━━━━━━━━━━━━━━━━━━━━━━━━━━━━━━━━━ 78.5/78.5 kB 5.3 MB/s eta 0:00:00
#8 15.63 Downloading typer-0.20.0-py3-none-any.whl (47 kB)
#8 15.64    ━━━━━━━━━━━━━━━━━━━━━━━━━━━━━━━━━━━━━━━━ 47.0/47.0 kB 3.8 MB/s eta 0:00:00
#8 15.65 Downloading wasabi-1.1.3-py3-none-any.whl (27 kB)
#8 15.67 Downloading weasel-0.4.1-py3-none-any.whl (50 kB)
#8 15.68    ━━━━━━━━━━━━━━━━━━━━━━━━━━━━━━━━━━━━━━━━ 50.3/50.3 kB 4.2 MB/s eta 0:00:00
#8 15.69 Downloading jinja2-3.1.6-py3-none-any.whl (134 kB)
#8 15.71    ━━━━━━━━━━━━━━━━━━━━━━━━━━━━━━━━━━━━━━━━ 134.9/134.9 kB 10.8 MB/s eta 0:00:00
#8 15.72 Downloading annotated_types-0.7.0-py3-none-any.whl (13 kB)
#8 15.74 Downloading blis-1.3.0-cp311-cp311-manylinux_2_17_x86_64.manylinux2014_x86_64.whl (11.7 MB)
#8 16.60    ━━━━━━━━━━━━━━━━━━━━━━━━━━━━━━━━━━━━━━━━ 11.7/11.7 MB 13.2 MB/s eta 0:00:00
#8 16.61 Downloading certifi-2025.10.5-py3-none-any.whl (163 kB)
#8 16.63    ━━━━━━━━━━━━━━━━━━━━━━━━━━━━━━━━━━━━━━━━ 163.3/163.3 kB 8.5 MB/s eta 0:00:00
#8 16.64 Downloading charset_normalizer-3.4.4-cp311-cp311-manylinux2014_x86_64.manylinux_2_17_x86_64.manylinux_2_28_x86_64.whl (151 kB)
#8 16.65    ━━━━━━━━━━━━━━━━━━━━━━━━━━━━━━━━━━━━━━━━ 151.6/151.6 kB 9.2 MB/s eta 0:00:00
#8 16.66 Downloading click-8.3.0-py3-none-any.whl (107 kB)
#8 16.68    ━━━━━━━━━━━━━━━━━━━━━━━━━━━━━━━━━━━━━━━━ 107.3/107.3 kB 6.9 MB/s eta 0:00:00
#8 16.69 Downloading cloudpathlib-0.23.0-py3-none-any.whl (62 kB)
#8 16.70    ━━━━━━━━━━━━━━━━━━━━━━━━━━━━━━━━━━━━━━━━ 62.8/62.8 kB 4.7 MB/s eta 0:00:00
#8 16.71 Downloading confection-0.1.5-py3-none-any.whl (35 kB)
#8 16.73 Downloading idna-3.11-py3-none-any.whl (71 kB)
#8 16.74    ━━━━━━━━━━━━━━━━━━━━━━━━━━━━━━━━━━━━━━━━ 71.0/71.0 kB 5.3 MB/s eta 0:00:00
#8 16.75 Downloading language_data-1.3.0-py3-none-any.whl (5.4 MB)
#8 17.11    ━━━━━━━━━━━━━━━━━━━━━━━━━━━━━━━━━━━━━━━━ 5.4/5.4 MB 15.2 MB/s eta 0:00:00
#8 17.12 Downloading markupsafe-3.0.3-cp311-cp311-manylinux2014_x86_64.manylinux_2_17_x86_64.manylinux_2_28_x86_64.whl (22 kB)
#8 17.14 Downloading shellingham-1.5.4-py2.py3-none-any.whl (9.8 kB)
#8 17.16 Downloading smart_open-7.4.1-py3-none-any.whl (63 kB)
#8 17.17    ━━━━━━━━━━━━━━━━━━━━━━━━━━━━━━━━━━━━━━━━ 63.2/63.2 kB 5.9 MB/s eta 0:00:00
#8 17.18 Downloading typing_inspection-0.4.2-py3-none-any.whl (14 kB)
#8 17.19 Downloading urllib3-2.5.0-py3-none-any.whl (129 kB)
#8 17.21    ━━━━━━━━━━━━━━━━━━━━━━━━━━━━━━━━━━━━━━━━ 129.8/129.8 kB 6.8 MB/s eta 0:00:00
#8 17.23 Downloading marisa_trie-1.3.1-cp311-cp311-manylinux_2_24_x86_64.manylinux_2_28_x86_64.whl (1.3 MB)
#8 17.31    ━━━━━━━━━━━━━━━━━━━━━━━━━━━━━━━━━━━━━━━━ 1.3/1.3 MB 16.0 MB/s eta 0:00:00
#8 17.32 Downloading wrapt-2.0.0-cp311-cp311-manylinux1_x86_64.manylinux_2_28_x86_64.manylinux_2_5_x86_64.whl (114 kB)
#8 17.34    ━━━━━━━━━━━━━━━━━━━━━━━━━━━━━━━━━━━━━━━━ 114.1/114.1 kB 7.5 MB/s eta 0:00:00
#8 17.87 Installing collected packages: pathlib, cymem, wrapt, wasabi, urllib3, typing-inspection, tqdm, spacy-loggers, spacy-legacy, shellingham, pydantic-core, Pillow, numpy, murmurhash, MarkupSafe, marisa-trie, idna, cloudpathlib, click, charset_normalizer, certifi, catalogue, annotated-types, srsly, smart-open, requests, pydantic, preshed, opencv-python, language-data, jinja2, blis, typer, langcodes, confection, weasel, thinc, spacy, keras-models
#8 18.41   Attempting uninstall: numpy
#8 18.42     Found existing installation: numpy 2.3.4
#8 18.46     Uninstalling numpy-2.3.4:
#8 19.41       Successfully uninstalled numpy-2.3.4
#8 24.72 Successfully installed MarkupSafe-3.0.3 Pillow-12.0.0 annotated-types-0.7.0 blis-1.3.0 catalogue-2.0.10 certifi-2025.10.5 charset_normalizer-3.4.4 click-8.3.0 cloudpathlib-0.23.0 confection-0.1.5 cymem-2.0.11 idna-3.11 jinja2-3.1.6 keras-models-0.0.7 langcodes-3.5.0 language-data-1.3.0 marisa-trie-1.3.1 murmurhash-1.0.13 numpy-2.2.6 opencv-python-4.12.0.88 pathlib-1.0.1 preshed-3.0.10 pydantic-2.12.3 pydantic-core-2.41.4 requests-2.32.5 shellingham-1.5.4 smart-open-7.4.1 spacy-3.8.7 spacy-legacy-3.0.12 spacy-loggers-1.0.5 srsly-2.5.1 thinc-8.3.6 tqdm-4.67.1 typer-0.20.0 typing-inspection-0.4.2 urllib3-2.5.0 wasabi-1.1.3 weasel-0.4.1 wrapt-2.0.0
#8 24.72 WARNING: Running pip as the 'root' user can result in broken permissions and conflicting behaviour with the system package manager. It is recommended to use a virtual environment instead: https://pip.pypa.io/warnings/venv
#8 24.73 
#8 24.73 [notice] A new release of pip is available: 24.0 -> 25.3
#8 24.73 [notice] To update, run: pip install --upgrade pip
#8 DONE 28.6s

#9 [5/5] RUN ["pip","install","numpy"]
#9 0.487 Requirement already satisfied: numpy in /usr/local/lib/python3.11/site-packages (2.2.6)
#9 0.675 WARNING: Running pip as the 'root' user can result in broken permissions and conflicting behaviour with the system package manager. It is recommended to use a virtual environment instead: https://pip.pypa.io/warnings/venv
#9 0.680 
#9 0.680 [notice] A new release of pip is available: 24.0 -> 25.3
#9 0.680 [notice] To update, run: pip install --upgrade pip
#9 DONE 0.8s

#10 exporting to image
#10 exporting layers
#10 exporting layers 2.3s done
#10 writing image sha256:71c7c5fda6df6b5c646d3d897f2f887eaed7428f0fd2f5b0b4b66ef4c9bec2d4 done
#10 naming to docker.io/library/test-image-eb6dc49c861a1c21b612b568dd188668 done
#10 DONE 2.3s

View build details: docker-desktop://dashboard/build/default/default/8rez5ssv96tnjfwkys4f3iibp
[2025-10-29 20:52:41] SUCCESS: Build completed for eb6dc49c861a1c21b612b568dd188668
