=== Docker Build Log for 4624820 ===
Started at: Mi 29. Okt 14:55:06 CET 2025

[2025-10-29 14:55:06] START: Building image for 4624820
#0 building with "default" instance using docker driver

#1 [internal] load build definition from Dockerfile
#1 transferring dockerfile: 132B done
#1 DONE 0.0s

#2 [internal] load metadata for docker.io/library/python:3.11
#2 DONE 0.0s

#3 [internal] load .dockerignore
#3 transferring context: 2B done
#3 DONE 0.0s

#4 [internal] load build context
#4 transferring context: 2.00kB 0.0s done
#4 DONE 0.0s

#5 [1/2] FROM docker.io/library/python:3.11
#5 CACHED

#6 [2/2] COPY hard-gists/4624820/snippet.py /snippet.py
#6 DONE 0.1s

#7 exporting to image
#7 exporting layers 0.1s done
#7 writing image sha256:8e31fedcbccd5e200d0b4b7ced66094a112cc43071d39adb64d1099ce50e863d done
#7 naming to docker.io/library/test-image-4624820 done
#7 DONE 0.1s

View build details: docker-desktop://dashboard/build/default/default/s7mj5v5ha9k65c1jhioh26qex
[2025-10-29 14:55:06] SUCCESS: Build completed for 4624820
