=== Docker Build Log for 2d971a5a087881a966c3 ===
Started at: Mi 29. Okt 13:26:19 CET 2025

[2025-10-29 13:26:19] START: Building image for 2d971a5a087881a966c3
#0 building with "default" instance using docker driver

#1 [internal] load build definition from Dockerfile
#1 transferring dockerfile: 178B done
#1 DONE 0.0s

#2 [internal] load metadata for docker.io/library/python:3.11
#2 DONE 0.0s

#3 [internal] load .dockerignore
#3 transferring context: 2B done
#3 DONE 0.0s

#4 [internal] load build context
#4 transferring context: 14.53kB 0.0s done
#4 DONE 0.0s

#5 [1/3] FROM docker.io/library/python:3.11
#5 CACHED

#6 [2/3] COPY hard-gists/2d971a5a087881a966c3/snippet.py /snippet.py
#6 DONE 0.1s

#7 [3/3] RUN ["pip","install","pillow"]
#7 2.076 Collecting pillow
#7 2.109   Downloading pillow-12.0.0-cp311-cp311-manylinux_2_27_x86_64.manylinux_2_28_x86_64.whl.metadata (8.8 kB)
#7 2.148 Downloading pillow-12.0.0-cp311-cp311-manylinux_2_27_x86_64.manylinux_2_28_x86_64.whl (7.0 MB)
#7 2.454    ━━━━━━━━━━━━━━━━━━━━━━━━━━━━━━━━━━━━━━━━ 7.0/7.0 MB 23.2 MB/s eta 0:00:00
#7 2.532 Installing collected packages: pillow
#7 2.761 Successfully installed pillow-12.0.0
#7 2.761 WARNING: Running pip as the 'root' user can result in broken permissions and conflicting behaviour with the system package manager. It is recommended to use a virtual environment instead: https://pip.pypa.io/warnings/venv
#7 2.846 
#7 2.846 [notice] A new release of pip is available: 24.0 -> 25.3
#7 2.846 [notice] To update, run: pip install --upgrade pip
#7 DONE 3.1s

#8 exporting to image
#8 exporting layers
#8 exporting layers 0.2s done
#8 writing image sha256:f410a57fc982ab67c4c38a357de8225774949a6be0a285d75c8fd61b70ea9878 done
#8 naming to docker.io/library/test-image-2d971a5a087881a966c3 done
#8 DONE 0.2s

View build details: docker-desktop://dashboard/build/default/default/hdompcfcs77rd3xmlio6mmhy7
[2025-10-29 13:26:22] SUCCESS: Build completed for 2d971a5a087881a966c3
