=== Docker Build Log for 643f812a275a9e0c75048aab6988a92c ===
Started at: Mi 29. Okt 16:30:53 CET 2025

[2025-10-29 16:30:53] START: Building image for 643f812a275a9e0c75048aab6988a92c
#0 building with "default" instance using docker driver

#1 [internal] load build definition from Dockerfile
#1 transferring dockerfile: 226B done
#1 DONE 0.0s

#2 [internal] load metadata for docker.io/library/python:3.11
#2 DONE 0.0s

#3 [internal] load .dockerignore
#3 transferring context: 2B done
#3 DONE 0.0s

#4 [internal] load build context
#4 transferring context: 853B 0.0s done
#4 DONE 0.0s

#5 [1/4] FROM docker.io/library/python:3.11
#5 CACHED

#6 [2/4] COPY hard-gists/643f812a275a9e0c75048aab6988a92c/snippet.py /snippet.py
#6 DONE 0.1s

#7 [3/4] RUN ["pip","install","numpy"]
#7 2.413 Collecting numpy
#7 2.448   Downloading numpy-2.3.4-cp311-cp311-manylinux_2_27_x86_64.manylinux_2_28_x86_64.whl.metadata (62 kB)
#7 2.468      ━━━━━━━━━━━━━━━━━━━━━━━━━━━━━━━━━━━━━━━━ 62.1/62.1 kB 2.9 MB/s eta 0:00:00
#7 2.506 Downloading numpy-2.3.4-cp311-cp311-manylinux_2_27_x86_64.manylinux_2_28_x86_64.whl (16.9 MB)
#7 3.151    ━━━━━━━━━━━━━━━━━━━━━━━━━━━━━━━━━━━━━━━━ 16.9/16.9 MB 24.0 MB/s eta 0:00:00
#7 3.235 Installing collected packages: numpy
#7 4.889 Successfully installed numpy-2.3.4
#7 4.889 WARNING: Running pip as the 'root' user can result in broken permissions and conflicting behaviour with the system package manager. It is recommended to use a virtual environment instead: https://pip.pypa.io/warnings/venv
#7 4.989 
#7 4.989 [notice] A new release of pip is available: 24.0 -> 25.3
#7 4.989 [notice] To update, run: pip install --upgrade pip
#7 DONE 6.0s

#8 [4/4] RUN ["pip","install","scikit-learn"]
#8 0.711 Collecting scikit-learn
#8 0.749   Downloading scikit_learn-1.7.2-cp311-cp311-manylinux2014_x86_64.manylinux_2_17_x86_64.whl.metadata (11 kB)
#8 0.801 Requirement already satisfied: numpy>=1.22.0 in /usr/local/lib/python3.11/site-packages (from scikit-learn) (2.3.4)
#8 0.954 Collecting scipy>=1.8.0 (from scikit-learn)
#8 0.965   Downloading scipy-1.16.3-cp311-cp311-manylinux2014_x86_64.manylinux_2_17_x86_64.whl.metadata (62 kB)
#8 0.987      ━━━━━━━━━━━━━━━━━━━━━━━━━━━━━━━━━━━━━━━━ 62.0/62.0 kB 2.7 MB/s eta 0:00:00
#8 1.036 Collecting joblib>=1.2.0 (from scikit-learn)
#8 1.044   Downloading joblib-1.5.2-py3-none-any.whl.metadata (5.6 kB)
#8 1.082 Collecting threadpoolctl>=3.1.0 (from scikit-learn)
#8 1.090   Downloading threadpoolctl-3.6.0-py3-none-any.whl.metadata (13 kB)
#8 1.143 Downloading scikit_learn-1.7.2-cp311-cp311-manylinux2014_x86_64.manylinux_2_17_x86_64.whl (9.7 MB)
#8 1.552    ━━━━━━━━━━━━━━━━━━━━━━━━━━━━━━━━━━━━━━━━ 9.7/9.7 MB 23.8 MB/s eta 0:00:00
#8 1.562 Downloading joblib-1.5.2-py3-none-any.whl (308 kB)
#8 1.581    ━━━━━━━━━━━━━━━━━━━━━━━━━━━━━━━━━━━━━━━━ 308.4/308.4 kB 16.9 MB/s eta 0:00:00
#8 1.590 Downloading scipy-1.16.3-cp311-cp311-manylinux2014_x86_64.manylinux_2_17_x86_64.whl (35.9 MB)
#8 3.099    ━━━━━━━━━━━━━━━━━━━━━━━━━━━━━━━━━━━━━━━━ 35.9/35.9 MB 15.1 MB/s eta 0:00:00
#8 3.108 Downloading threadpoolctl-3.6.0-py3-none-any.whl (18 kB)
#8 3.351 Installing collected packages: threadpoolctl, scipy, joblib, scikit-learn
#8 8.345 Successfully installed joblib-1.5.2 scikit-learn-1.7.2 scipy-1.16.3 threadpoolctl-3.6.0
#8 8.345 WARNING: Running pip as the 'root' user can result in broken permissions and conflicting behaviour with the system package manager. It is recommended to use a virtual environment instead: https://pip.pypa.io/warnings/venv
#8 8.351 
#8 8.351 [notice] A new release of pip is available: 24.0 -> 25.3
#8 8.351 [notice] To update, run: pip install --upgrade pip
#8 DONE 9.8s

#9 exporting to image
#9 exporting layers
#9 exporting layers 1.1s done
#9 writing image sha256:0129b29fa27301f3e748991e9725990f3828ea90973f6e6a46c8652ed7952d68 done
#9 naming to docker.io/library/test-image-643f812a275a9e0c75048aab6988a92c done
#9 DONE 1.2s

View build details: docker-desktop://dashboard/build/default/default/kezk2bxaul6inqnoqsyih3y71
[2025-10-29 16:31:10] SUCCESS: Build completed for 643f812a275a9e0c75048aab6988a92c
