=== Docker Build Log for 09cae53bf67ea8a39700 ===
Started at: Mi 29. Okt 11:31:12 CET 2025

[2025-10-29 11:31:12] START: Building image for 09cae53bf67ea8a39700
#0 building with "default" instance using docker driver

#1 [internal] load build definition from Dockerfile
#1 transferring dockerfile: 247B done
#1 DONE 0.0s

#2 [internal] load metadata for docker.io/library/python:3.11
#2 DONE 0.0s

#3 [internal] load .dockerignore
#3 transferring context: 2B done
#3 DONE 0.0s

#4 [internal] load build context
#4 transferring context: 2.14kB 0.0s done
#4 DONE 0.0s

#5 [1/5] FROM docker.io/library/python:3.11
#5 CACHED

#6 [2/5] COPY hard-gists/09cae53bf67ea8a39700/snippet.py /snippet.py
#6 DONE 0.1s

#7 [3/5] RUN ["pip","install","requests"]
#7 1.897 Collecting requests
#7 1.931   Downloading requests-2.32.5-py3-none-any.whl.metadata (4.9 kB)
#7 2.047 Collecting charset_normalizer<4,>=2 (from requests)
#7 2.056   Downloading charset_normalizer-3.4.4-cp311-cp311-manylinux2014_x86_64.manylinux_2_17_x86_64.manylinux_2_28_x86_64.whl.metadata (37 kB)
#7 2.103 Collecting idna<4,>=2.5 (from requests)
#7 2.111   Downloading idna-3.11-py3-none-any.whl.metadata (8.4 kB)
#7 2.170 Collecting urllib3<3,>=1.21.1 (from requests)
#7 2.178   Downloading urllib3-2.5.0-py3-none-any.whl.metadata (6.5 kB)
#7 2.221 Collecting certifi>=2017.4.17 (from requests)
#7 2.230   Downloading certifi-2025.10.5-py3-none-any.whl.metadata (2.5 kB)
#7 2.257 Downloading requests-2.32.5-py3-none-any.whl (64 kB)
#7 2.278    ━━━━━━━━━━━━━━━━━━━━━━━━━━━━━━━━━━━━━━━━ 64.7/64.7 kB 2.9 MB/s eta 0:00:00
#7 2.286 Downloading certifi-2025.10.5-py3-none-any.whl (163 kB)
#7 2.304    ━━━━━━━━━━━━━━━━━━━━━━━━━━━━━━━━━━━━━━━━ 163.3/163.3 kB 9.7 MB/s eta 0:00:00
#7 2.313 Downloading charset_normalizer-3.4.4-cp311-cp311-manylinux2014_x86_64.manylinux_2_17_x86_64.manylinux_2_28_x86_64.whl (151 kB)
#7 2.327    ━━━━━━━━━━━━━━━━━━━━━━━━━━━━━━━━━━━━━━━━ 151.6/151.6 kB 12.0 MB/s eta 0:00:00
#7 2.335 Downloading idna-3.11-py3-none-any.whl (71 kB)
#7 2.347    ━━━━━━━━━━━━━━━━━━━━━━━━━━━━━━━━━━━━━━━━ 71.0/71.0 kB 5.8 MB/s eta 0:00:00
#7 2.355 Downloading urllib3-2.5.0-py3-none-any.whl (129 kB)
#7 2.369    ━━━━━━━━━━━━━━━━━━━━━━━━━━━━━━━━━━━━━━━━ 129.8/129.8 kB 10.1 MB/s eta 0:00:00
#7 2.422 Installing collected packages: urllib3, idna, charset_normalizer, certifi, requests
#7 2.652 Successfully installed certifi-2025.10.5 charset_normalizer-3.4.4 idna-3.11 requests-2.32.5 urllib3-2.5.0
#7 2.653 WARNING: Running pip as the 'root' user can result in broken permissions and conflicting behaviour with the system package manager. It is recommended to use a virtual environment instead: https://pip.pypa.io/warnings/venv
#7 2.746 
#7 2.746 [notice] A new release of pip is available: 24.0 -> 25.3
#7 2.746 [notice] To update, run: pip install --upgrade pip
#7 DONE 2.9s

#8 [4/5] RUN ["pip","install","bs4"]
#8 0.515 Collecting bs4
#8 0.547   Downloading bs4-0.0.2-py2.py3-none-any.whl.metadata (411 bytes)
#8 0.594 Collecting beautifulsoup4 (from bs4)
#8 0.602   Downloading beautifulsoup4-4.14.2-py3-none-any.whl.metadata (3.8 kB)
#8 0.648 Collecting soupsieve>1.2 (from beautifulsoup4->bs4)
#8 0.656   Downloading soupsieve-2.8-py3-none-any.whl.metadata (4.6 kB)
#8 0.702 Collecting typing-extensions>=4.0.0 (from beautifulsoup4->bs4)
#8 0.710   Downloading typing_extensions-4.15.0-py3-none-any.whl.metadata (3.3 kB)
#8 0.734 Downloading bs4-0.0.2-py2.py3-none-any.whl (1.2 kB)
#8 0.756 Downloading beautifulsoup4-4.14.2-py3-none-any.whl (106 kB)
#8 0.790    ━━━━━━━━━━━━━━━━━━━━━━━━━━━━━━━━━━━━━━━━ 106.4/106.4 kB 3.1 MB/s eta 0:00:00
#8 0.798 Downloading soupsieve-2.8-py3-none-any.whl (36 kB)
#8 0.816 Downloading typing_extensions-4.15.0-py3-none-any.whl (44 kB)
#8 0.827    ━━━━━━━━━━━━━━━━━━━━━━━━━━━━━━━━━━━━━━━━ 44.6/44.6 kB 3.7 MB/s eta 0:00:00
#8 0.875 Installing collected packages: typing-extensions, soupsieve, beautifulsoup4, bs4
#8 1.006 Successfully installed beautifulsoup4-4.14.2 bs4-0.0.2 soupsieve-2.8 typing-extensions-4.15.0
#8 1.006 WARNING: Running pip as the 'root' user can result in broken permissions and conflicting behaviour with the system package manager. It is recommended to use a virtual environment instead: https://pip.pypa.io/warnings/venv
#8 1.012 
#8 1.012 [notice] A new release of pip is available: 24.0 -> 25.3
#8 1.012 [notice] To update, run: pip install --upgrade pip
#8 DONE 1.1s

#9 [5/5] RUN ["pip","install","beautifulsoup4"]
#9 0.432 Requirement already satisfied: beautifulsoup4 in /usr/local/lib/python3.11/site-packages (4.14.2)
#9 0.436 Requirement already satisfied: soupsieve>1.2 in /usr/local/lib/python3.11/site-packages (from beautifulsoup4) (2.8)
#9 0.437 Requirement already satisfied: typing-extensions>=4.0.0 in /usr/local/lib/python3.11/site-packages (from beautifulsoup4) (4.15.0)
#9 0.482 WARNING: Running pip as the 'root' user can result in broken permissions and conflicting behaviour with the system package manager. It is recommended to use a virtual environment instead: https://pip.pypa.io/warnings/venv
#9 0.487 
#9 0.487 [notice] A new release of pip is available: 24.0 -> 25.3
#9 0.487 [notice] To update, run: pip install --upgrade pip
#9 DONE 0.6s

#10 exporting to image
#10 exporting layers
#10 exporting layers 0.2s done
#10 writing image sha256:2db66186f008fc8dcaf831c44ae2e471158041a5378910507de7fde0e8056030 done
#10 naming to docker.io/library/test-image-09cae53bf67ea8a39700 done
#10 DONE 0.2s

View build details: docker-desktop://dashboard/build/default/default/1ab26at2illcgqu15uhxkio9p
[2025-10-29 11:31:17] SUCCESS: Build completed for 09cae53bf67ea8a39700
