=== Docker Build Log for 472309 ===
Started at: Mi 29. Okt 14:58:32 CET 2025

[2025-10-29 14:58:32] START: Building image for 472309
#0 building with "default" instance using docker driver

#1 [internal] load build definition from Dockerfile
#1 transferring dockerfile: 342B done
#1 DONE 0.0s

#2 [internal] load metadata for docker.io/library/python:3.11
#2 DONE 0.0s

#3 [internal] load .dockerignore
#3 transferring context: 2B done
#3 DONE 0.0s

#4 [internal] load build context
#4 transferring context: 2.43kB 0.0s done
#4 DONE 0.0s

#5 [1/8] FROM docker.io/library/python:3.11
#5 CACHED

#6 [2/8] COPY hard-gists/472309/snippet.py /snippet.py
#6 DONE 0.1s

#7 [3/8] RUN ["pip","install","dj.choices"]
#7 1.953 Collecting dj.choices
#7 1.986   Downloading dj.choices-0.11.0.tar.gz (28 kB)
#7 2.004   Preparing metadata (setup.py): started
#7 2.395   Preparing metadata (setup.py): finished with status 'done'
#7 2.501 Collecting django (from dj.choices)
#7 2.509   Downloading django-5.2.7-py3-none-any.whl.metadata (4.1 kB)
#7 2.544 Collecting six (from dj.choices)
#7 2.552   Downloading six-1.17.0-py2.py3-none-any.whl.metadata (1.7 kB)
#7 2.597 Collecting asgiref>=3.8.1 (from django->dj.choices)
#7 2.605   Downloading asgiref-3.10.0-py3-none-any.whl.metadata (9.3 kB)
#7 2.641 Collecting sqlparse>=0.3.1 (from django->dj.choices)
#7 2.649   Downloading sqlparse-0.5.3-py3-none-any.whl.metadata (3.9 kB)
#7 2.673 Downloading django-5.2.7-py3-none-any.whl (8.3 MB)
#7 3.005    ━━━━━━━━━━━━━━━━━━━━━━━━━━━━━━━━━━━━━━━━ 8.3/8.3 MB 25.2 MB/s eta 0:00:00
#7 3.014 Downloading six-1.17.0-py2.py3-none-any.whl (11 kB)
#7 3.030 Downloading asgiref-3.10.0-py3-none-any.whl (24 kB)
#7 3.048 Downloading sqlparse-0.5.3-py3-none-any.whl (44 kB)
#7 3.059    ━━━━━━━━━━━━━━━━━━━━━━━━━━━━━━━━━━━━━━━━ 44.4/44.4 kB 4.0 MB/s eta 0:00:00
#7 3.098 Building wheels for collected packages: dj.choices
#7 3.099   Building wheel for dj.choices (setup.py): started
#7 3.289   Building wheel for dj.choices (setup.py): finished with status 'done'
#7 3.290   Created wheel for dj.choices: filename=dj_choices-0.11.0-py3-none-any.whl size=28716 sha256=10e9b590eea9fde0d25079a3beec37d6549f63acee0a0737162e3d6fe2df9087
#7 3.290   Stored in directory: /root/.cache/pip/wheels/97/38/bd/4ca089ff8ffdead6a07e7af033d36d74a01ab7a37e70797942
#7 3.292 Successfully built dj.choices
#7 3.340 Installing collected packages: sqlparse, six, asgiref, django, dj.choices
#7 4.766 Successfully installed asgiref-3.10.0 dj.choices-0.11.0 django-5.2.7 six-1.17.0 sqlparse-0.5.3
#7 4.767 WARNING: Running pip as the 'root' user can result in broken permissions and conflicting behaviour with the system package manager. It is recommended to use a virtual environment instead: https://pip.pypa.io/warnings/venv
#7 4.866 
#7 4.866 [notice] A new release of pip is available: 24.0 -> 25.3
#7 4.866 [notice] To update, run: pip install --upgrade pip
#7 DONE 5.3s

#8 [4/8] RUN ["pip","install","Jinja2"]
#8 0.529 Collecting Jinja2
#8 0.560   Downloading jinja2-3.1.6-py3-none-any.whl.metadata (2.9 kB)
#8 0.653 Collecting MarkupSafe>=2.0 (from Jinja2)
#8 0.662   Downloading markupsafe-3.0.3-cp311-cp311-manylinux2014_x86_64.manylinux_2_17_x86_64.manylinux_2_28_x86_64.whl.metadata (2.7 kB)
#8 0.681 Downloading jinja2-3.1.6-py3-none-any.whl (134 kB)
#8 0.708    ━━━━━━━━━━━━━━━━━━━━━━━━━━━━━━━━━━━━━━━━ 134.9/134.9 kB 5.3 MB/s eta 0:00:00
#8 0.716 Downloading markupsafe-3.0.3-cp311-cp311-manylinux2014_x86_64.manylinux_2_17_x86_64.manylinux_2_28_x86_64.whl (22 kB)
#8 0.766 Installing collected packages: MarkupSafe, Jinja2
#8 0.868 Successfully installed Jinja2-3.1.6 MarkupSafe-3.0.3
#8 0.868 WARNING: Running pip as the 'root' user can result in broken permissions and conflicting behaviour with the system package manager. It is recommended to use a virtual environment instead: https://pip.pypa.io/warnings/venv
#8 0.873 
#8 0.873 [notice] A new release of pip is available: 24.0 -> 25.3
#8 0.873 [notice] To update, run: pip install --upgrade pip
#8 DONE 1.0s

#9 [5/8] RUN ["pip","install","Django"]
#9 0.462 Requirement already satisfied: Django in /usr/local/lib/python3.11/site-packages (5.2.7)
#9 0.467 Requirement already satisfied: asgiref>=3.8.1 in /usr/local/lib/python3.11/site-packages (from Django) (3.10.0)
#9 0.468 Requirement already satisfied: sqlparse>=0.3.1 in /usr/local/lib/python3.11/site-packages (from Django) (0.5.3)
#9 0.512 WARNING: Running pip as the 'root' user can result in broken permissions and conflicting behaviour with the system package manager. It is recommended to use a virtual environment instead: https://pip.pypa.io/warnings/venv
#9 0.518 
#9 0.518 [notice] A new release of pip is available: 24.0 -> 25.3
#9 0.518 [notice] To update, run: pip install --upgrade pip
#9 DONE 0.6s

#10 [6/8] RUN ["pip","install","django-template"]
#10 0.537 ERROR: Could not find a version that satisfies the requirement django-template (from versions: none)
#10 0.537 ERROR: No matching distribution found for django-template
#10 0.543 
#10 0.543 [notice] A new release of pip is available: 24.0 -> 25.3
#10 0.543 [notice] To update, run: pip install --upgrade pip
#10 ERROR: process "pip install django-template" did not complete successfully: exit code: 1
------
 > [6/8] RUN ["pip","install","django-template"]:
0.537 ERROR: Could not find a version that satisfies the requirement django-template (from versions: none)
0.537 ERROR: No matching distribution found for django-template
0.543 
0.543 [notice] A new release of pip is available: 24.0 -> 25.3
0.543 [notice] To update, run: pip install --upgrade pip
------
Dockerfile:6
--------------------
   4 |     RUN ["pip","install","Jinja2"]
   5 |     RUN ["pip","install","Django"]
   6 | >>> RUN ["pip","install","django-template"]
   7 |     RUN ["pip","install","django-test"]
   8 |     RUN ["pip","install","django-core"]
--------------------
ERROR: failed to build: failed to solve: process "pip install django-template" did not complete successfully: exit code: 1

View build details: docker-desktop://dashboard/build/default/default/1odusxsbv9z750k99b2ch2cyx
[2025-10-29 14:58:40] ERROR: Build failed for 472309
