=== Docker Build Log for 1362a8908be01e23041d ===
Started at: Mi 29. Okt 12:10:00 CET 2025

[2025-10-29 12:10:00] START: Building image for 1362a8908be01e23041d
#0 building with "default" instance using docker driver

#1 [internal] load build definition from Dockerfile
#1 transferring dockerfile: 182B done
#1 DONE 0.0s

#2 [internal] load metadata for docker.io/library/python:3.11
#2 DONE 0.0s

#3 [internal] load .dockerignore
#3 transferring context: 2B done
#3 DONE 0.0s

#4 [internal] load build context
#4 transferring context: 4.54kB 0.0s done
#4 DONE 0.0s

#5 [1/3] FROM docker.io/library/python:3.11
#5 CACHED

#6 [2/3] COPY hard-gists/1362a8908be01e23041d/snippet.py /snippet.py
#6 DONE 0.1s

#7 [3/3] RUN ["pip","install","foundation"]
#7 1.952 Collecting foundation
#7 1.993   Downloading foundation-0.1.0a0.dev1.tar.gz (50 kB)
#7 2.013      ━━━━━━━━━━━━━━━━━━━━━━━━━━━━━━━━━━━━━━━━ 50.8/50.8 kB 2.3 MB/s eta 0:00:00
#7 2.024   Preparing metadata (setup.py): started
#7 2.415   Preparing metadata (setup.py): finished with status 'done'
#7 2.515 Collecting Django<1.11,>=1.10 (from foundation)
#7 2.524   Downloading Django-1.10.8-py2.py3-none-any.whl.metadata (1.3 kB)
#7 2.561 Collecting django-sekizai>=0.10 (from foundation)
#7 2.569   Downloading django_sekizai-4.1.0-py3-none-any.whl.metadata (4.6 kB)
#7 2.598 INFO: pip is looking at multiple versions of django-sekizai to determine which version is compatible with other requirements. This could take a while.
#7 2.611   Downloading django_sekizai-4.0.0-py3-none-any.whl.metadata (4.6 kB)
#7 2.636   Downloading django_sekizai-3.0.1-py3-none-any.whl.metadata (4.6 kB)
#7 2.677   Downloading django_sekizai-3.0.0-py3-none-any.whl.metadata (4.6 kB)
#7 2.701   Downloading django_sekizai-2.0.0-py3-none-any.whl.metadata (3.7 kB)
#7 2.724   Downloading django-sekizai-1.1.0.tar.gz (7.0 kB)
#7 2.744   Preparing metadata (setup.py): started
#7 2.855   Preparing metadata (setup.py): finished with status 'done'
#7 2.892   Downloading django-sekizai-1.0.0.tar.gz (18 kB)
#7 2.911   Preparing metadata (setup.py): started
#7 3.020   Preparing metadata (setup.py): finished with status 'done'
#7 3.036   Downloading django_sekizai-0.10.0-py2.py3-none-any.whl.metadata (793 bytes)
#7 3.073 Collecting django-classy-tags>=0.3.1 (from django-sekizai>=0.10->foundation)
#7 3.081   Downloading django_classy_tags-4.1.0-py3-none-any.whl.metadata (5.3 kB)
#7 3.093 INFO: pip is looking at multiple versions of django-classy-tags to determine which version is compatible with other requirements. This could take a while.
#7 3.106   Downloading django_classy_tags-4.0.0-py3-none-any.whl.metadata (5.2 kB)
#7 3.129   Downloading django_classy_tags-3.0.1-py3-none-any.whl.metadata (5.3 kB)
#7 3.151   Downloading django_classy_tags-3.0.0-py3-none-any.whl.metadata (5.2 kB)
#7 3.177   Downloading django_classy_tags-2.0.0-py3-none-any.whl.metadata (4.5 kB)
#7 3.201   Downloading django-classy-tags-1.0.0.tar.gz (13 kB)
#7 3.215   Preparing metadata (setup.py): started
#7 3.348   Preparing metadata (setup.py): finished with status 'done'
#7 3.367   Downloading django-classy-tags-0.9.0.tar.gz (17 kB)
#7 3.382   Preparing metadata (setup.py): started
#7 3.508   Preparing metadata (setup.py): finished with status 'done'
#7 3.523   Downloading django_classy_tags-0.8.0-py2.py3-none-any.whl.metadata (981 bytes)
#7 3.562 Downloading Django-1.10.8-py2.py3-none-any.whl (6.8 MB)
#7 3.859    ━━━━━━━━━━━━━━━━━━━━━━━━━━━━━━━━━━━━━━━━ 6.8/6.8 MB 23.2 MB/s eta 0:00:00
#7 3.868 Downloading django_sekizai-0.10.0-py2.py3-none-any.whl (19 kB)
#7 3.886 Downloading django_classy_tags-0.8.0-py2.py3-none-any.whl (22 kB)
#7 3.926 Building wheels for collected packages: foundation
#7 3.926   Building wheel for foundation (setup.py): started
#7 4.119   Building wheel for foundation (setup.py): finished with status 'done'
#7 4.119   Created wheel for foundation: filename=foundation-0.1.0a0.dev1-py3-none-any.whl size=73614 sha256=fb747e138065fb84cb287dd8d138d5ac4d54f7e34cf281677bc08a99e25a9a6e
#7 4.120   Stored in directory: /root/.cache/pip/wheels/ad/c3/ad/3307fd133207420fb4bf8fa4844260b0dcd4de9deec2857abd
#7 4.121 Successfully built foundation
#7 4.163 Installing collected packages: Django, django-classy-tags, django-sekizai, foundation
#7 5.296 Successfully installed Django-1.10.8 django-classy-tags-0.8.0 django-sekizai-0.10.0 foundation-0.1.0a0.dev1
#7 5.296 WARNING: Running pip as the 'root' user can result in broken permissions and conflicting behaviour with the system package manager. It is recommended to use a virtual environment instead: https://pip.pypa.io/warnings/venv
#7 5.386 
#7 5.386 [notice] A new release of pip is available: 24.0 -> 25.3
#7 5.386 [notice] To update, run: pip install --upgrade pip
#7 DONE 5.9s

#8 exporting to image
#8 exporting layers
#8 exporting layers 0.5s done
#8 writing image sha256:778a3ae8aa8bd879d3f534ffc01c8a78d098042ce7b1ffd8460bd5e0bd0c18bd done
#8 naming to docker.io/library/test-image-1362a8908be01e23041d 0.0s done
#8 DONE 0.5s

View build details: docker-desktop://dashboard/build/default/default/g746ymcm1jo9z0m1bvizksih6
[2025-10-29 12:10:07] SUCCESS: Build completed for 1362a8908be01e23041d
