=== Docker Build Log for a400d6c20a52f0b3cd5415e833263b1f ===
Started at: Mi 29. Okt 18:52:35 CET 2025

[2025-10-29 18:52:35] START: Building image for a400d6c20a52f0b3cd5415e833263b1f
#0 building with "default" instance using docker driver

#1 [internal] load build definition from Dockerfile
#1 transferring dockerfile: 157B done
#1 DONE 0.0s

#2 [internal] load metadata for docker.io/library/python:3.11
#2 DONE 0.0s

#3 [internal] load .dockerignore
#3 transferring context: 2B done
#3 DONE 0.0s

#4 [internal] load build context
#4 transferring context: 1.24kB 0.0s done
#4 DONE 0.0s

#5 [1/2] FROM docker.io/library/python:3.11
#5 CACHED

#6 [2/2] COPY hard-gists/a400d6c20a52f0b3cd5415e833263b1f/snippet.py /snippet.py
#6 DONE 0.1s

#7 exporting to image
#7 exporting layers 0.0s done
#7 writing image sha256:a16797456608c8c9f2061e9ece2c6f2fc8e56df579f07ac9b5058ed17379996a done
#7 naming to docker.io/library/test-image-a400d6c20a52f0b3cd5415e833263b1f done
#7 DONE 0.1s

View build details: docker-desktop://dashboard/build/default/default/3kbohkuc1cspcqyna10jvyd0z
[2025-10-29 18:52:36] SUCCESS: Build completed for a400d6c20a52f0b3cd5415e833263b1f
