=== Docker Build Log for 1522bcdb5b05365c0222 ===
Started at: Mi 29. Okt 12:17:44 CET 2025

[2025-10-29 12:17:44] START: Building image for 1522bcdb5b05365c0222
#0 building with "default" instance using docker driver

#1 [internal] load build definition from Dockerfile
#1 transferring dockerfile: 176B done
#1 DONE 0.0s

#2 [internal] load metadata for docker.io/library/python:3.11
#2 DONE 0.0s

#3 [internal] load .dockerignore
#3 transferring context: 2B done
#3 DONE 0.0s

#4 [internal] load build context
#4 transferring context: 1.81kB 0.0s done
#4 DONE 0.0s

#5 [1/3] FROM docker.io/library/python:3.11
#5 CACHED

#6 [2/3] COPY hard-gists/1522bcdb5b05365c0222/snippet.py /snippet.py
#6 DONE 0.1s

#7 [3/3] RUN ["pip","install","maya"]
#7 1.882 Collecting maya
#7 1.914   Downloading maya-0.6.1-py2.py3-none-any.whl.metadata (7.1 kB)
#7 1.964 Collecting humanize (from maya)
#7 1.974   Downloading humanize-4.14.0-py3-none-any.whl.metadata (7.8 kB)
#7 2.052 Collecting pytz (from maya)
#7 2.060   Downloading pytz-2025.2-py2.py3-none-any.whl.metadata (22 kB)
#7 2.102 Collecting dateparser>=0.7.0 (from maya)
#7 2.111   Downloading dateparser-1.2.2-py3-none-any.whl.metadata (29 kB)
#7 2.155 Collecting tzlocal (from maya)
#7 2.163   Downloading tzlocal-5.3.1-py3-none-any.whl.metadata (7.6 kB)
#7 2.230 Collecting pendulum>=2.0.2 (from maya)
#7 2.239   Downloading pendulum-3.1.0-cp311-cp311-manylinux_2_17_x86_64.manylinux2014_x86_64.whl.metadata (6.8 kB)
#7 2.274 Collecting snaptime (from maya)
#7 2.283   Downloading snaptime-0.2.4.tar.gz (2.9 kB)
#7 2.295   Preparing metadata (setup.py): started
#7 2.681   Preparing metadata (setup.py): finished with status 'done'
#7 2.717 Collecting python-dateutil>=2.7.0 (from dateparser>=0.7.0->maya)
#7 2.725   Downloading python_dateutil-2.9.0.post0-py2.py3-none-any.whl.metadata (8.4 kB)
#7 3.079 Collecting regex>=2024.9.11 (from dateparser>=0.7.0->maya)
#7 3.088   Downloading regex-2025.10.23-cp311-cp311-manylinux2014_x86_64.manylinux_2_17_x86_64.manylinux_2_28_x86_64.whl.metadata (40 kB)
#7 3.106      ━━━━━━━━━━━━━━━━━━━━━━━━━━━━━━━━━━━━━━━━ 40.5/40.5 kB 1.8 MB/s eta 0:00:00
#7 3.145 Collecting tzdata>=2020.1 (from pendulum>=2.0.2->maya)
#7 3.153   Downloading tzdata-2025.2-py2.py3-none-any.whl.metadata (1.4 kB)
#7 3.199 Collecting six>=1.5 (from python-dateutil>=2.7.0->dateparser>=0.7.0->maya)
#7 3.210   Downloading six-1.17.0-py2.py3-none-any.whl.metadata (1.7 kB)
#7 3.234 Downloading maya-0.6.1-py2.py3-none-any.whl (12 kB)
#7 3.253 Downloading dateparser-1.2.2-py3-none-any.whl (315 kB)
#7 3.279    ━━━━━━━━━━━━━━━━━━━━━━━━━━━━━━━━━━━━━━━━ 315.5/315.5 kB 12.5 MB/s eta 0:00:00
#7 3.288 Downloading pendulum-3.1.0-cp311-cp311-manylinux_2_17_x86_64.manylinux2014_x86_64.whl (353 kB)
#7 3.310    ━━━━━━━━━━━━━━━━━━━━━━━━━━━━━━━━━━━━━━━━ 353.7/353.7 kB 16.8 MB/s eta 0:00:00
#7 3.319 Downloading pytz-2025.2-py2.py3-none-any.whl (509 kB)
#7 3.344    ━━━━━━━━━━━━━━━━━━━━━━━━━━━━━━━━━━━━━━━━ 509.2/509.2 kB 20.8 MB/s eta 0:00:00
#7 3.352 Downloading tzlocal-5.3.1-py3-none-any.whl (18 kB)
#7 3.369 Downloading humanize-4.14.0-py3-none-any.whl (132 kB)
#7 3.383    ━━━━━━━━━━━━━━━━━━━━━━━━━━━━━━━━━━━━━━━━ 132.1/132.1 kB 10.0 MB/s eta 0:00:00
#7 3.390 Downloading python_dateutil-2.9.0.post0-py2.py3-none-any.whl (229 kB)
#7 3.408    ━━━━━━━━━━━━━━━━━━━━━━━━━━━━━━━━━━━━━━━━ 229.9/229.9 kB 13.3 MB/s eta 0:00:00
#7 3.417 Downloading regex-2025.10.23-cp311-cp311-manylinux2014_x86_64.manylinux_2_17_x86_64.manylinux_2_28_x86_64.whl (800 kB)
#7 3.453    ━━━━━━━━━━━━━━━━━━━━━━━━━━━━━━━━━━━━━━━━ 800.3/800.3 kB 23.3 MB/s eta 0:00:00
#7 3.460 Downloading tzdata-2025.2-py2.py3-none-any.whl (347 kB)
#7 3.481    ━━━━━━━━━━━━━━━━━━━━━━━━━━━━━━━━━━━━━━━━ 347.8/347.8 kB 17.8 MB/s eta 0:00:00
#7 3.489 Downloading six-1.17.0-py2.py3-none-any.whl (11 kB)
#7 3.517 Building wheels for collected packages: snaptime
#7 3.517   Building wheel for snaptime (setup.py): started
#7 3.670   Building wheel for snaptime (setup.py): finished with status 'done'
#7 3.670   Created wheel for snaptime: filename=snaptime-0.2.4-py3-none-any.whl size=3605 sha256=bd5bdc812fbdb1c19f085575d56218fe4b3eab18856d50b2fcb942c1c2d0649d
#7 3.670   Stored in directory: /root/.cache/pip/wheels/af/cd/02/d3bb11d5c94237cbb0c7a2049d4ae314fdcbca899783d79d91
#7 3.672 Successfully built snaptime
#7 3.720 Installing collected packages: pytz, tzlocal, tzdata, six, regex, humanize, python-dateutil, snaptime, pendulum, dateparser, maya
#7 4.354 Successfully installed dateparser-1.2.2 humanize-4.14.0 maya-0.6.1 pendulum-3.1.0 python-dateutil-2.9.0.post0 pytz-2025.2 regex-2025.10.23 six-1.17.0 snaptime-0.2.4 tzdata-2025.2 tzlocal-5.3.1
#7 4.354 WARNING: Running pip as the 'root' user can result in broken permissions and conflicting behaviour with the system package manager. It is recommended to use a virtual environment instead: https://pip.pypa.io/warnings/venv
#7 4.446 
#7 4.446 [notice] A new release of pip is available: 24.0 -> 25.3
#7 4.446 [notice] To update, run: pip install --upgrade pip
#7 DONE 4.8s

#8 exporting to image
#8 exporting layers
#8 exporting layers 0.3s done
#8 writing image sha256:8b29f581f7e3b94f8a0eef39dd11c0f935262adf53a373bf53481e49384cbe18 done
#8 naming to docker.io/library/test-image-1522bcdb5b05365c0222 done
#8 DONE 0.3s

View build details: docker-desktop://dashboard/build/default/default/rzlrzag8e9vbtuleuprw0i5gn
[2025-10-29 12:17:50] SUCCESS: Build completed for 1522bcdb5b05365c0222
