=== Docker Build Log for b470324dc5c81cef8ae24fd1d3fd4e59 ===
Started at: Mi 29. Okt 19:28:31 CET 2025

[2025-10-29 19:28:31] START: Building image for b470324dc5c81cef8ae24fd1d3fd4e59
#0 building with "default" instance using docker driver

#1 [internal] load build definition from Dockerfile
#1 transferring dockerfile: 194B done
#1 DONE 0.0s

#2 [internal] load metadata for docker.io/library/python:3.11
#2 DONE 0.0s

#3 [internal] load .dockerignore
#3 transferring context: 2B done
#3 DONE 0.0s

#4 [internal] load build context
#4 transferring context: 4.24kB 0.0s done
#4 DONE 0.0s

#5 [1/3] FROM docker.io/library/python:3.11
#5 CACHED

#6 [2/3] COPY hard-gists/b470324dc5c81cef8ae24fd1d3fd4e59/snippet.py /snippet.py
#6 DONE 0.1s

#7 [3/3] RUN ["pip","install","tensorflow"]
#7 2.010 Collecting tensorflow
#7 2.053   Downloading tensorflow-2.20.0-cp311-cp311-manylinux_2_17_x86_64.manylinux2014_x86_64.whl.metadata (4.5 kB)
#7 2.115 Collecting absl-py>=1.0.0 (from tensorflow)
#7 2.125   Downloading absl_py-2.3.1-py3-none-any.whl.metadata (3.3 kB)
#7 2.164 Collecting astunparse>=1.6.0 (from tensorflow)
#7 2.185   Downloading astunparse-1.6.3-py2.py3-none-any.whl.metadata (4.4 kB)
#7 2.220 Collecting flatbuffers>=24.3.25 (from tensorflow)
#7 2.229   Downloading flatbuffers-25.9.23-py2.py3-none-any.whl.metadata (875 bytes)
#7 2.268 Collecting gast!=0.5.0,!=0.5.1,!=0.5.2,>=0.2.1 (from tensorflow)
#7 2.277   Downloading gast-0.6.0-py3-none-any.whl.metadata (1.3 kB)
#7 2.314 Collecting google_pasta>=0.1.1 (from tensorflow)
#7 2.325   Downloading google_pasta-0.2.0-py3-none-any.whl.metadata (814 bytes)
#7 2.365 Collecting libclang>=13.0.0 (from tensorflow)
#7 2.374   Downloading libclang-18.1.1-py2.py3-none-manylinux2010_x86_64.whl.metadata (5.2 kB)
#7 2.423 Collecting opt_einsum>=2.3.2 (from tensorflow)
#7 2.433   Downloading opt_einsum-3.4.0-py3-none-any.whl.metadata (6.3 kB)
#7 2.477 Collecting packaging (from tensorflow)
#7 2.485   Downloading packaging-25.0-py3-none-any.whl.metadata (3.3 kB)
#7 2.698 Collecting protobuf>=5.28.0 (from tensorflow)
#7 2.706   Downloading protobuf-6.33.0-cp39-abi3-manylinux2014_x86_64.whl.metadata (593 bytes)
#7 2.764 Collecting requests<3,>=2.21.0 (from tensorflow)
#7 2.774   Downloading requests-2.32.5-py3-none-any.whl.metadata (4.9 kB)
#7 2.785 Requirement already satisfied: setuptools in /usr/local/lib/python3.11/site-packages (from tensorflow) (79.0.1)
#7 2.812 Collecting six>=1.12.0 (from tensorflow)
#7 2.821   Downloading six-1.17.0-py2.py3-none-any.whl.metadata (1.7 kB)
#7 2.857 Collecting termcolor>=1.1.0 (from tensorflow)
#7 2.870   Downloading termcolor-3.2.0-py3-none-any.whl.metadata (6.4 kB)
#7 2.914 Collecting typing_extensions>=3.6.6 (from tensorflow)
#7 2.925   Downloading typing_extensions-4.15.0-py3-none-any.whl.metadata (3.3 kB)
#7 3.127 Collecting wrapt>=1.11.0 (from tensorflow)
#7 3.137   Downloading wrapt-2.0.0-cp311-cp311-manylinux1_x86_64.manylinux_2_28_x86_64.manylinux_2_5_x86_64.whl.metadata (8.8 kB)
#7 3.688 Collecting grpcio<2.0,>=1.24.3 (from tensorflow)
#7 3.698   Downloading grpcio-1.76.0-cp311-cp311-manylinux2014_x86_64.manylinux_2_17_x86_64.whl.metadata (3.7 kB)
#7 3.769 Collecting tensorboard~=2.20.0 (from tensorflow)
#7 3.779   Downloading tensorboard-2.20.0-py3-none-any.whl.metadata (1.8 kB)
#7 3.829 Collecting keras>=3.10.0 (from tensorflow)
#7 3.839   Downloading keras-3.12.0-py3-none-any.whl.metadata (5.9 kB)
#7 4.081 Collecting numpy>=1.26.0 (from tensorflow)
#7 4.091   Downloading numpy-2.3.4-cp311-cp311-manylinux_2_27_x86_64.manylinux_2_28_x86_64.whl.metadata (62 kB)
#7 4.116      ━━━━━━━━━━━━━━━━━━━━━━━━━━━━━━━━━━━━━━━━ 62.1/62.1 kB 2.5 MB/s eta 0:00:00
#7 4.187 Collecting h5py>=3.11.0 (from tensorflow)
#7 4.197   Downloading h5py-3.15.1-cp311-cp311-manylinux_2_27_x86_64.manylinux_2_28_x86_64.whl.metadata (3.0 kB)
#7 4.247 Collecting ml_dtypes<1.0.0,>=0.5.1 (from tensorflow)
#7 4.265   Downloading ml_dtypes-0.5.3-cp311-cp311-manylinux_2_27_x86_64.manylinux_2_28_x86_64.whl.metadata (8.9 kB)
#7 4.279 Requirement already satisfied: wheel<1.0,>=0.23.0 in /usr/local/lib/python3.11/site-packages (from astunparse>=1.6.0->tensorflow) (0.45.1)
#7 4.368 Collecting rich (from keras>=3.10.0->tensorflow)
#7 4.377   Downloading rich-14.2.0-py3-none-any.whl.metadata (18 kB)
#7 4.411 Collecting namex (from keras>=3.10.0->tensorflow)
#7 4.420   Downloading namex-0.1.0-py3-none-any.whl.metadata (322 bytes)
#7 4.519 Collecting optree (from keras>=3.10.0->tensorflow)
#7 4.529   Downloading optree-0.17.0-cp311-cp311-manylinux_2_27_x86_64.manylinux_2_28_x86_64.whl.metadata (33 kB)
#7 4.666 Collecting charset_normalizer<4,>=2 (from requests<3,>=2.21.0->tensorflow)
#7 4.675   Downloading charset_normalizer-3.4.4-cp311-cp311-manylinux2014_x86_64.manylinux_2_17_x86_64.manylinux_2_28_x86_64.whl.metadata (37 kB)
#7 4.715 Collecting idna<4,>=2.5 (from requests<3,>=2.21.0->tensorflow)
#7 4.725   Downloading idna-3.11-py3-none-any.whl.metadata (8.4 kB)
#7 4.786 Collecting urllib3<3,>=1.21.1 (from requests<3,>=2.21.0->tensorflow)
#7 4.799   Downloading urllib3-2.5.0-py3-none-any.whl.metadata (6.5 kB)
#7 4.842 Collecting certifi>=2017.4.17 (from requests<3,>=2.21.0->tensorflow)
#7 4.853   Downloading certifi-2025.10.5-py3-none-any.whl.metadata (2.5 kB)
#7 4.924 Collecting markdown>=2.6.8 (from tensorboard~=2.20.0->tensorflow)
#7 4.935   Downloading markdown-3.9-py3-none-any.whl.metadata (5.1 kB)
#7 5.187 Collecting pillow (from tensorboard~=2.20.0->tensorflow)
#7 5.199   Downloading pillow-12.0.0-cp311-cp311-manylinux_2_27_x86_64.manylinux_2_28_x86_64.whl.metadata (8.8 kB)
#7 5.262 Collecting tensorboard-data-server<0.8.0,>=0.7.0 (from tensorboard~=2.20.0->tensorflow)
#7 5.272   Downloading tensorboard_data_server-0.7.2-py3-none-manylinux_2_31_x86_64.whl.metadata (1.1 kB)
#7 5.329 Collecting werkzeug>=1.0.1 (from tensorboard~=2.20.0->tensorflow)
#7 5.337   Downloading werkzeug-3.1.3-py3-none-any.whl.metadata (3.7 kB)
#7 5.484 Collecting MarkupSafe>=2.1.1 (from werkzeug>=1.0.1->tensorboard~=2.20.0->tensorflow)
#7 5.495   Downloading markupsafe-3.0.3-cp311-cp311-manylinux2014_x86_64.manylinux_2_17_x86_64.manylinux_2_28_x86_64.whl.metadata (2.7 kB)
#7 5.619 Collecting markdown-it-py>=2.2.0 (from rich->keras>=3.10.0->tensorflow)
#7 5.628   Downloading markdown_it_py-4.0.0-py3-none-any.whl.metadata (7.3 kB)
#7 5.677 Collecting pygments<3.0.0,>=2.13.0 (from rich->keras>=3.10.0->tensorflow)
#7 5.685   Downloading pygments-2.19.2-py3-none-any.whl.metadata (2.5 kB)
#7 5.735 Collecting mdurl~=0.1 (from markdown-it-py>=2.2.0->rich->keras>=3.10.0->tensorflow)
#7 5.743   Downloading mdurl-0.1.2-py3-none-any.whl.metadata (1.6 kB)
#7 5.780 Downloading tensorflow-2.20.0-cp311-cp311-manylinux_2_17_x86_64.manylinux2014_x86_64.whl (620.6 MB)
#7 53.31    ━━━━━━━━━━━━━━━━━━━━━━━━━━━━━━━━━━━━━━━━ 620.6/620.6 MB 1.8 MB/s eta 0:00:00
#7 53.33 Downloading absl_py-2.3.1-py3-none-any.whl (135 kB)
#7 53.34    ━━━━━━━━━━━━━━━━━━━━━━━━━━━━━━━━━━━━━━━━ 135.8/135.8 kB 7.6 MB/s eta 0:00:00
#7 53.35 Downloading astunparse-1.6.3-py2.py3-none-any.whl (12 kB)
#7 53.38 Downloading flatbuffers-25.9.23-py2.py3-none-any.whl (30 kB)
#7 53.40 Downloading gast-0.6.0-py3-none-any.whl (21 kB)
#7 53.42 Downloading google_pasta-0.2.0-py3-none-any.whl (57 kB)
#7 53.43    ━━━━━━━━━━━━━━━━━━━━━━━━━━━━━━━━━━━━━━━━ 57.5/57.5 kB 3.9 MB/s eta 0:00:00
#7 53.45 Downloading grpcio-1.76.0-cp311-cp311-manylinux2014_x86_64.manylinux_2_17_x86_64.whl (6.6 MB)
#7 55.37    ━━━━━━━━━━━━━━━━━━━━━━━━━━━━━━━━━━━━━━━━ 6.6/6.6 MB 3.4 MB/s eta 0:00:00
#7 55.38 Downloading h5py-3.15.1-cp311-cp311-manylinux_2_27_x86_64.manylinux_2_28_x86_64.whl (4.7 MB)
#7 57.22    ━━━━━━━━━━━━━━━━━━━━━━━━━━━━━━━━━━━━━━━━ 4.7/4.7 MB 2.5 MB/s eta 0:00:00
#7 57.24 Downloading keras-3.12.0-py3-none-any.whl (1.5 MB)
#7 57.35    ━━━━━━━━━━━━━━━━━━━━━━━━━━━━━━━━━━━━━━━━ 1.5/1.5 MB 12.9 MB/s eta 0:00:00
#7 57.36 Downloading libclang-18.1.1-py2.py3-none-manylinux2010_x86_64.whl (24.5 MB)
#7 59.16    ━━━━━━━━━━━━━━━━━━━━━━━━━━━━━━━━━━━━━━━━ 24.5/24.5 MB 11.5 MB/s eta 0:00:00
#7 59.18 Downloading ml_dtypes-0.5.3-cp311-cp311-manylinux_2_27_x86_64.manylinux_2_28_x86_64.whl (4.9 MB)
#7 59.54    ━━━━━━━━━━━━━━━━━━━━━━━━━━━━━━━━━━━━━━━━ 4.9/4.9 MB 13.7 MB/s eta 0:00:00
#7 59.55 Downloading numpy-2.3.4-cp311-cp311-manylinux_2_27_x86_64.manylinux_2_28_x86_64.whl (16.9 MB)
#7 60.70    ━━━━━━━━━━━━━━━━━━━━━━━━━━━━━━━━━━━━━━━━ 16.9/16.9 MB 13.9 MB/s eta 0:00:00
#7 60.72 Downloading opt_einsum-3.4.0-py3-none-any.whl (71 kB)
#7 60.73    ━━━━━━━━━━━━━━━━━━━━━━━━━━━━━━━━━━━━━━━━ 71.9/71.9 kB 6.6 MB/s eta 0:00:00
#7 60.74 Downloading protobuf-6.33.0-cp39-abi3-manylinux2014_x86_64.whl (323 kB)
#7 60.77    ━━━━━━━━━━━━━━━━━━━━━━━━━━━━━━━━━━━━━━━━ 323.2/323.2 kB 11.6 MB/s eta 0:00:00
#7 60.78 Downloading requests-2.32.5-py3-none-any.whl (64 kB)
#7 60.79    ━━━━━━━━━━━━━━━━━━━━━━━━━━━━━━━━━━━━━━━━ 64.7/64.7 kB 4.7 MB/s eta 0:00:00
#7 60.81 Downloading six-1.17.0-py2.py3-none-any.whl (11 kB)
#7 60.83 Downloading tensorboard-2.20.0-py3-none-any.whl (5.5 MB)
#7 61.20    ━━━━━━━━━━━━━━━━━━━━━━━━━━━━━━━━━━━━━━━━ 5.5/5.5 MB 15.1 MB/s eta 0:00:00
#7 61.21 Downloading termcolor-3.2.0-py3-none-any.whl (7.7 kB)
#7 61.23 Downloading typing_extensions-4.15.0-py3-none-any.whl (44 kB)
#7 61.24    ━━━━━━━━━━━━━━━━━━━━━━━━━━━━━━━━━━━━━━━━ 44.6/44.6 kB 3.6 MB/s eta 0:00:00
#7 61.25 Downloading wrapt-2.0.0-cp311-cp311-manylinux1_x86_64.manylinux_2_28_x86_64.manylinux_2_5_x86_64.whl (114 kB)
#7 61.27    ━━━━━━━━━━━━━━━━━━━━━━━━━━━━━━━━━━━━━━━━ 114.1/114.1 kB 7.0 MB/s eta 0:00:00
#7 61.28 Downloading packaging-25.0-py3-none-any.whl (66 kB)
#7 61.30    ━━━━━━━━━━━━━━━━━━━━━━━━━━━━━━━━━━━━━━━━ 66.5/66.5 kB 3.5 MB/s eta 0:00:00
#7 61.30 Downloading certifi-2025.10.5-py3-none-any.whl (163 kB)
#7 61.32    ━━━━━━━━━━━━━━━━━━━━━━━━━━━━━━━━━━━━━━━━ 163.3/163.3 kB 9.9 MB/s eta 0:00:00
#7 61.33 Downloading charset_normalizer-3.4.4-cp311-cp311-manylinux2014_x86_64.manylinux_2_17_x86_64.manylinux_2_28_x86_64.whl (151 kB)
#7 61.35    ━━━━━━━━━━━━━━━━━━━━━━━━━━━━━━━━━━━━━━━━ 151.6/151.6 kB 7.3 MB/s eta 0:00:00
#7 61.36 Downloading idna-3.11-py3-none-any.whl (71 kB)
#7 61.37    ━━━━━━━━━━━━━━━━━━━━━━━━━━━━━━━━━━━━━━━━ 71.0/71.0 kB 5.7 MB/s eta 0:00:00
#7 61.38 Downloading markdown-3.9-py3-none-any.whl (107 kB)
#7 61.40    ━━━━━━━━━━━━━━━━━━━━━━━━━━━━━━━━━━━━━━━━ 107.4/107.4 kB 7.4 MB/s eta 0:00:00
#7 61.41 Downloading tensorboard_data_server-0.7.2-py3-none-manylinux_2_31_x86_64.whl (6.6 MB)
#7 61.83    ━━━━━━━━━━━━━━━━━━━━━━━━━━━━━━━━━━━━━━━━ 6.6/6.6 MB 15.6 MB/s eta 0:00:00
#7 61.84 Downloading urllib3-2.5.0-py3-none-any.whl (129 kB)
#7 61.86    ━━━━━━━━━━━━━━━━━━━━━━━━━━━━━━━━━━━━━━━━ 129.8/129.8 kB 8.4 MB/s eta 0:00:00
#7 61.86 Downloading werkzeug-3.1.3-py3-none-any.whl (224 kB)
#7 61.89    ━━━━━━━━━━━━━━━━━━━━━━━━━━━━━━━━━━━━━━━━ 224.5/224.5 kB 11.2 MB/s eta 0:00:00
#7 61.90 Downloading namex-0.1.0-py3-none-any.whl (5.9 kB)
#7 61.93 Downloading optree-0.17.0-cp311-cp311-manylinux_2_27_x86_64.manylinux_2_28_x86_64.whl (402 kB)
#7 61.96    ━━━━━━━━━━━━━━━━━━━━━━━━━━━━━━━━━━━━━━━━ 402.0/402.0 kB 10.9 MB/s eta 0:00:00
#7 61.97 Downloading pillow-12.0.0-cp311-cp311-manylinux_2_27_x86_64.manylinux_2_28_x86_64.whl (7.0 MB)
#7 62.48    ━━━━━━━━━━━━━━━━━━━━━━━━━━━━━━━━━━━━━━━━ 7.0/7.0 MB 14.0 MB/s eta 0:00:00
#7 62.49 Downloading rich-14.2.0-py3-none-any.whl (243 kB)
#7 62.52    ━━━━━━━━━━━━━━━━━━━━━━━━━━━━━━━━━━━━━━━━ 243.4/243.4 kB 8.2 MB/s eta 0:00:00
#7 62.53 Downloading markdown_it_py-4.0.0-py3-none-any.whl (87 kB)
#7 62.55    ━━━━━━━━━━━━━━━━━━━━━━━━━━━━━━━━━━━━━━━━ 87.3/87.3 kB 7.8 MB/s eta 0:00:00
#7 62.56 Downloading markupsafe-3.0.3-cp311-cp311-manylinux2014_x86_64.manylinux_2_17_x86_64.manylinux_2_28_x86_64.whl (22 kB)
#7 62.58 Downloading pygments-2.19.2-py3-none-any.whl (1.2 MB)
#7 62.66    ━━━━━━━━━━━━━━━━━━━━━━━━━━━━━━━━━━━━━━━━ 1.2/1.2 MB 15.7 MB/s eta 0:00:00
#7 62.67 Downloading mdurl-0.1.2-py3-none-any.whl (10.0 kB)
#7 64.43 Installing collected packages: namex, libclang, flatbuffers, wrapt, urllib3, typing_extensions, termcolor, tensorboard-data-server, six, pygments, protobuf, pillow, packaging, opt_einsum, numpy, mdurl, MarkupSafe, markdown, idna, gast, charset_normalizer, certifi, absl-py, werkzeug, requests, optree, ml_dtypes, markdown-it-py, h5py, grpcio, google_pasta, astunparse, tensorboard, rich, keras, tensorflow
#7 81.01 Successfully installed MarkupSafe-3.0.3 absl-py-2.3.1 astunparse-1.6.3 certifi-2025.10.5 charset_normalizer-3.4.4 flatbuffers-25.9.23 gast-0.6.0 google_pasta-0.2.0 grpcio-1.76.0 h5py-3.15.1 idna-3.11 keras-3.12.0 libclang-18.1.1 markdown-3.9 markdown-it-py-4.0.0 mdurl-0.1.2 ml_dtypes-0.5.3 namex-0.1.0 numpy-2.3.4 opt_einsum-3.4.0 optree-0.17.0 packaging-25.0 pillow-12.0.0 protobuf-6.33.0 pygments-2.19.2 requests-2.32.5 rich-14.2.0 six-1.17.0 tensorboard-2.20.0 tensorboard-data-server-0.7.2 tensorflow-2.20.0 termcolor-3.2.0 typing_extensions-4.15.0 urllib3-2.5.0 werkzeug-3.1.3 wrapt-2.0.0
#7 81.01 WARNING: Running pip as the 'root' user can result in broken permissions and conflicting behaviour with the system package manager. It is recommended to use a virtual environment instead: https://pip.pypa.io/warnings/venv
#7 82.84 
#7 82.84 [notice] A new release of pip is available: 24.0 -> 25.3
#7 82.84 [notice] To update, run: pip install --upgrade pip
#7 DONE 93.9s

#8 exporting to image
#8 exporting layers
#8 exporting layers 9.0s done
#8 writing image sha256:b6c2249eedc9bf65885313cc6a47dd27931287352f62c04910ab77cc7073c721 done
#8 naming to docker.io/library/test-image-b470324dc5c81cef8ae24fd1d3fd4e59 0.0s done
#8 DONE 9.0s

View build details: docker-desktop://dashboard/build/default/default/trt0w56vh5k7ifipn73g6tjv4
[2025-10-29 19:30:14] SUCCESS: Build completed for b470324dc5c81cef8ae24fd1d3fd4e59
