=== Docker Build Log for 3971007 ===
Started at: Mi 29. Okt 14:07:05 CET 2025

[2025-10-29 14:07:05] START: Building image for 3971007
#0 building with "default" instance using docker driver

#1 [internal] load build definition from Dockerfile
#1 transferring dockerfile: 132B done
#1 DONE 0.0s

#2 [internal] load metadata for docker.io/library/python:3.11
#2 DONE 0.0s

#3 [internal] load .dockerignore
#3 transferring context: 2B done
#3 DONE 0.0s

#4 [internal] load build context
#4 transferring context: 2.37kB 0.0s done
#4 DONE 0.0s

#5 [1/2] FROM docker.io/library/python:3.11
#5 CACHED

#6 [2/2] COPY hard-gists/3971007/snippet.py /snippet.py
#6 DONE 0.5s

#7 exporting to image
#7 exporting layers 0.1s done
#7 writing image sha256:bb4cb82aa12fcfe55b43d48a8735ba05b848da3f520c02d309a32b3305a2159e done
#7 naming to docker.io/library/test-image-3971007 done
#7 DONE 0.1s

View build details: docker-desktop://dashboard/build/default/default/r68ck2915ktvl9ia3b7z2ay85
[2025-10-29 14:07:05] SUCCESS: Build completed for 3971007
