=== Docker Build Log for 1ad56b7720af8d706e7f22cbcb8c6d70 ===
Started at: Mi 29. Okt 12:36:33 CET 2025

[2025-10-29 12:36:33] START: Building image for 1ad56b7720af8d706e7f22cbcb8c6d70
#0 building with "default" instance using docker driver

#1 [internal] load build definition from Dockerfile
#1 transferring dockerfile: 292B done
#1 DONE 0.0s

#2 [internal] load metadata for docker.io/library/python:3.11
#2 DONE 0.0s

#3 [internal] load .dockerignore
#3 transferring context: 2B done
#3 DONE 0.0s

#4 [internal] load build context
#4 transferring context: 3.79kB 0.0s done
#4 DONE 0.0s

#5 [1/6] FROM docker.io/library/python:3.11
#5 CACHED

#6 [2/6] COPY hard-gists/1ad56b7720af8d706e7f22cbcb8c6d70/snippet.py /snippet.py
#6 DONE 0.1s

#7 [3/6] RUN ["pip","install","keras"]
#7 1.932 Collecting keras
#7 1.975   Downloading keras-3.12.0-py3-none-any.whl.metadata (5.9 kB)
#7 2.015 Collecting absl-py (from keras)
#7 2.024   Downloading absl_py-2.3.1-py3-none-any.whl.metadata (3.3 kB)
#7 2.226 Collecting numpy (from keras)
#7 2.236   Downloading numpy-2.3.4-cp311-cp311-manylinux_2_27_x86_64.manylinux_2_28_x86_64.whl.metadata (62 kB)
#7 2.269      ━━━━━━━━━━━━━━━━━━━━━━━━━━━━━━━━━━━━━━━━ 62.1/62.1 kB 1.7 MB/s eta 0:00:00
#7 2.344 Collecting rich (from keras)
#7 2.353   Downloading rich-14.2.0-py3-none-any.whl.metadata (18 kB)
#7 2.388 Collecting namex (from keras)
#7 2.399   Downloading namex-0.1.0-py3-none-any.whl.metadata (322 bytes)
#7 2.459 Collecting h5py (from keras)
#7 2.468   Downloading h5py-3.15.1-cp311-cp311-manylinux_2_27_x86_64.manylinux_2_28_x86_64.whl.metadata (3.0 kB)
#7 2.560 Collecting optree (from keras)
#7 2.571   Downloading optree-0.17.0-cp311-cp311-manylinux_2_27_x86_64.manylinux_2_28_x86_64.whl.metadata (33 kB)
#7 2.619 Collecting ml-dtypes (from keras)
#7 2.628   Downloading ml_dtypes-0.5.3-cp311-cp311-manylinux_2_27_x86_64.manylinux_2_28_x86_64.whl.metadata (8.9 kB)
#7 2.701 Collecting packaging (from keras)
#7 2.709   Downloading packaging-25.0-py3-none-any.whl.metadata (3.3 kB)
#7 2.788 Collecting typing-extensions>=4.6.0 (from optree->keras)
#7 2.797   Downloading typing_extensions-4.15.0-py3-none-any.whl.metadata (3.3 kB)
#7 2.841 Collecting markdown-it-py>=2.2.0 (from rich->keras)
#7 2.851   Downloading markdown_it_py-4.0.0-py3-none-any.whl.metadata (7.3 kB)
#7 2.896 Collecting pygments<3.0.0,>=2.13.0 (from rich->keras)
#7 2.906   Downloading pygments-2.19.2-py3-none-any.whl.metadata (2.5 kB)
#7 2.954 Collecting mdurl~=0.1 (from markdown-it-py>=2.2.0->rich->keras)
#7 2.962   Downloading mdurl-0.1.2-py3-none-any.whl.metadata (1.6 kB)
#7 2.986 Downloading keras-3.12.0-py3-none-any.whl (1.5 MB)
#7 3.053    ━━━━━━━━━━━━━━━━━━━━━━━━━━━━━━━━━━━━━━━━ 1.5/1.5 MB 22.5 MB/s eta 0:00:00
#7 3.062 Downloading absl_py-2.3.1-py3-none-any.whl (135 kB)
#7 3.076    ━━━━━━━━━━━━━━━━━━━━━━━━━━━━━━━━━━━━━━━━ 135.8/135.8 kB 10.3 MB/s eta 0:00:00
#7 3.085 Downloading h5py-3.15.1-cp311-cp311-manylinux_2_27_x86_64.manylinux_2_28_x86_64.whl (4.7 MB)
#7 3.266    ━━━━━━━━━━━━━━━━━━━━━━━━━━━━━━━━━━━━━━━━ 4.7/4.7 MB 26.2 MB/s eta 0:00:00
#7 3.276 Downloading numpy-2.3.4-cp311-cp311-manylinux_2_27_x86_64.manylinux_2_28_x86_64.whl (16.9 MB)
#7 3.901    ━━━━━━━━━━━━━━━━━━━━━━━━━━━━━━━━━━━━━━━━ 16.9/16.9 MB 24.5 MB/s eta 0:00:00
#7 3.910 Downloading ml_dtypes-0.5.3-cp311-cp311-manylinux_2_27_x86_64.manylinux_2_28_x86_64.whl (4.9 MB)
#7 4.102    ━━━━━━━━━━━━━━━━━━━━━━━━━━━━━━━━━━━━━━━━ 4.9/4.9 MB 25.9 MB/s eta 0:00:00
#7 4.111 Downloading namex-0.1.0-py3-none-any.whl (5.9 kB)
#7 4.129 Downloading optree-0.17.0-cp311-cp311-manylinux_2_27_x86_64.manylinux_2_28_x86_64.whl (402 kB)
#7 4.153    ━━━━━━━━━━━━━━━━━━━━━━━━━━━━━━━━━━━━━━━━ 402.0/402.0 kB 18.1 MB/s eta 0:00:00
#7 4.160 Downloading packaging-25.0-py3-none-any.whl (66 kB)
#7 4.173    ━━━━━━━━━━━━━━━━━━━━━━━━━━━━━━━━━━━━━━━━ 66.5/66.5 kB 5.3 MB/s eta 0:00:00
#7 4.181 Downloading rich-14.2.0-py3-none-any.whl (243 kB)
#7 4.199    ━━━━━━━━━━━━━━━━━━━━━━━━━━━━━━━━━━━━━━━━ 243.4/243.4 kB 16.1 MB/s eta 0:00:00
#7 4.207 Downloading markdown_it_py-4.0.0-py3-none-any.whl (87 kB)
#7 4.219    ━━━━━━━━━━━━━━━━━━━━━━━━━━━━━━━━━━━━━━━━ 87.3/87.3 kB 7.3 MB/s eta 0:00:00
#7 4.227 Downloading pygments-2.19.2-py3-none-any.whl (1.2 MB)
#7 4.276    ━━━━━━━━━━━━━━━━━━━━━━━━━━━━━━━━━━━━━━━━ 1.2/1.2 MB 25.7 MB/s eta 0:00:00
#7 4.283 Downloading typing_extensions-4.15.0-py3-none-any.whl (44 kB)
#7 4.294    ━━━━━━━━━━━━━━━━━━━━━━━━━━━━━━━━━━━━━━━━ 44.6/44.6 kB 3.7 MB/s eta 0:00:00
#7 4.302 Downloading mdurl-0.1.2-py3-none-any.whl (10.0 kB)
#7 4.458 Installing collected packages: namex, typing-extensions, pygments, packaging, numpy, mdurl, absl-py, optree, ml-dtypes, markdown-it-py, h5py, rich, keras
#7 7.658 Successfully installed absl-py-2.3.1 h5py-3.15.1 keras-3.12.0 markdown-it-py-4.0.0 mdurl-0.1.2 ml-dtypes-0.5.3 namex-0.1.0 numpy-2.3.4 optree-0.17.0 packaging-25.0 pygments-2.19.2 rich-14.2.0 typing-extensions-4.15.0
#7 7.659 WARNING: Running pip as the 'root' user can result in broken permissions and conflicting behaviour with the system package manager. It is recommended to use a virtual environment instead: https://pip.pypa.io/warnings/venv
#7 7.752 
#7 7.752 [notice] A new release of pip is available: 24.0 -> 25.3
#7 7.752 [notice] To update, run: pip install --upgrade pip
#7 DONE 8.4s

#8 [4/6] RUN ["pip","install","keras-utils"]
#8 0.550 Collecting keras-utils
#8 0.586   Downloading keras-utils-1.0.13.tar.gz (2.4 kB)
#8 0.602   Preparing metadata (setup.py): started
#8 1.002   Preparing metadata (setup.py): finished with status 'done'
#8 1.004 Requirement already satisfied: Keras>=2.1.5 in /usr/local/lib/python3.11/site-packages (from keras-utils) (3.12.0)
#8 1.007 Requirement already satisfied: absl-py in /usr/local/lib/python3.11/site-packages (from Keras>=2.1.5->keras-utils) (2.3.1)
#8 1.011 Requirement already satisfied: numpy in /usr/local/lib/python3.11/site-packages (from Keras>=2.1.5->keras-utils) (2.3.4)
#8 1.012 Requirement already satisfied: rich in /usr/local/lib/python3.11/site-packages (from Keras>=2.1.5->keras-utils) (14.2.0)
#8 1.013 Requirement already satisfied: namex in /usr/local/lib/python3.11/site-packages (from Keras>=2.1.5->keras-utils) (0.1.0)
#8 1.014 Requirement already satisfied: h5py in /usr/local/lib/python3.11/site-packages (from Keras>=2.1.5->keras-utils) (3.15.1)
#8 1.015 Requirement already satisfied: optree in /usr/local/lib/python3.11/site-packages (from Keras>=2.1.5->keras-utils) (0.17.0)
#8 1.016 Requirement already satisfied: ml-dtypes in /usr/local/lib/python3.11/site-packages (from Keras>=2.1.5->keras-utils) (0.5.3)
#8 1.017 Requirement already satisfied: packaging in /usr/local/lib/python3.11/site-packages (from Keras>=2.1.5->keras-utils) (25.0)
#8 1.048 Requirement already satisfied: typing-extensions>=4.6.0 in /usr/local/lib/python3.11/site-packages (from optree->Keras>=2.1.5->keras-utils) (4.15.0)
#8 1.052 Requirement already satisfied: markdown-it-py>=2.2.0 in /usr/local/lib/python3.11/site-packages (from rich->Keras>=2.1.5->keras-utils) (4.0.0)
#8 1.053 Requirement already satisfied: pygments<3.0.0,>=2.13.0 in /usr/local/lib/python3.11/site-packages (from rich->Keras>=2.1.5->keras-utils) (2.19.2)
#8 1.065 Requirement already satisfied: mdurl~=0.1 in /usr/local/lib/python3.11/site-packages (from markdown-it-py>=2.2.0->rich->Keras>=2.1.5->keras-utils) (0.1.2)
#8 1.069 Building wheels for collected packages: keras-utils
#8 1.069   Building wheel for keras-utils (setup.py): started
#8 1.248   Building wheel for keras-utils (setup.py): finished with status 'done'
#8 1.249   Created wheel for keras-utils: filename=keras_utils-1.0.13-py3-none-any.whl size=2685 sha256=02cfc895042760ec96c2d1a859eb23cf8a2a7a0b91e41845f334c052645f829d
#8 1.249   Stored in directory: /root/.cache/pip/wheels/84/04/c8/f3d21e09aa3a1e25bc4a4fc07341ca073d7372f33dbd344a06
#8 1.251 Successfully built keras-utils
#8 1.326 Installing collected packages: keras-utils
#8 1.338 Successfully installed keras-utils-1.0.13
#8 1.339 WARNING: Running pip as the 'root' user can result in broken permissions and conflicting behaviour with the system package manager. It is recommended to use a virtual environment instead: https://pip.pypa.io/warnings/venv
#8 1.344 
#8 1.344 [notice] A new release of pip is available: 24.0 -> 25.3
#8 1.344 [notice] To update, run: pip install --upgrade pip
#8 DONE 1.4s

#9 [5/6] RUN ["pip","install","numpy"]
#9 0.493 Requirement already satisfied: numpy in /usr/local/lib/python3.11/site-packages (2.3.4)
#9 0.573 WARNING: Running pip as the 'root' user can result in broken permissions and conflicting behaviour with the system package manager. It is recommended to use a virtual environment instead: https://pip.pypa.io/warnings/venv
#9 0.578 
#9 0.578 [notice] A new release of pip is available: 24.0 -> 25.3
#9 0.578 [notice] To update, run: pip install --upgrade pip
#9 DONE 0.7s

#10 [6/6] RUN ["pip","install","keras-models"]
#10 0.545 Collecting keras-models
#10 0.581   Downloading keras_models-0.0.7-py3-none-any.whl.metadata (3.4 kB)
#10 0.602 Requirement already satisfied: keras in /usr/local/lib/python3.11/site-packages (from keras-models) (3.12.0)
#10 0.606 Requirement already satisfied: numpy in /usr/local/lib/python3.11/site-packages (from keras-models) (2.3.4)
#10 0.746 Collecting spacy (from keras-models)
#10 0.757   Downloading spacy-3.8.7-cp311-cp311-manylinux_2_17_x86_64.manylinux2014_x86_64.whl.metadata (27 kB)
#10 0.953 Collecting Pillow (from keras-models)
#10 0.965   Downloading pillow-12.0.0-cp311-cp311-manylinux_2_27_x86_64.manylinux_2_28_x86_64.whl.metadata (8.8 kB)
#10 1.063 Collecting opencv-python (from keras-models)
#10 1.072   Downloading opencv_python-4.12.0.88-cp37-abi3-manylinux2014_x86_64.manylinux_2_17_x86_64.whl.metadata (19 kB)
#10 1.111 Collecting pathlib (from keras-models)
#10 1.120   Downloading pathlib-1.0.1-py3-none-any.whl.metadata (5.1 kB)
#10 1.134 Requirement already satisfied: absl-py in /usr/local/lib/python3.11/site-packages (from keras->keras-models) (2.3.1)
#10 1.137 Requirement already satisfied: rich in /usr/local/lib/python3.11/site-packages (from keras->keras-models) (14.2.0)
#10 1.137 Requirement already satisfied: namex in /usr/local/lib/python3.11/site-packages (from keras->keras-models) (0.1.0)
#10 1.138 Requirement already satisfied: h5py in /usr/local/lib/python3.11/site-packages (from keras->keras-models) (3.15.1)
#10 1.139 Requirement already satisfied: optree in /usr/local/lib/python3.11/site-packages (from keras->keras-models) (0.17.0)
#10 1.140 Requirement already satisfied: ml-dtypes in /usr/local/lib/python3.11/site-packages (from keras->keras-models) (0.5.3)
#10 1.141 Requirement already satisfied: packaging in /usr/local/lib/python3.11/site-packages (from keras->keras-models) (25.0)
#10 1.368 Collecting numpy (from keras-models)
#10 1.378   Downloading numpy-2.2.6-cp311-cp311-manylinux_2_17_x86_64.manylinux2014_x86_64.whl.metadata (62 kB)
#10 1.400      ━━━━━━━━━━━━━━━━━━━━━━━━━━━━━━━━━━━━━━━━ 62.0/62.0 kB 2.7 MB/s eta 0:00:00
#10 1.474 Collecting spacy-legacy<3.1.0,>=3.0.11 (from spacy->keras-models)
#10 1.483   Downloading spacy_legacy-3.0.12-py2.py3-none-any.whl.metadata (2.8 kB)
#10 1.524 Collecting spacy-loggers<2.0.0,>=1.0.0 (from spacy->keras-models)
#10 1.532   Downloading spacy_loggers-1.0.5-py3-none-any.whl.metadata (23 kB)
#10 1.587 Collecting murmurhash<1.1.0,>=0.28.0 (from spacy->keras-models)
#10 1.595   Downloading murmurhash-1.0.13-cp311-cp311-manylinux_2_5_x86_64.manylinux1_x86_64.manylinux_2_17_x86_64.manylinux2014_x86_64.whl.metadata (2.2 kB)
#10 1.651 Collecting cymem<2.1.0,>=2.0.2 (from spacy->keras-models)
#10 1.660   Downloading cymem-2.0.11-cp311-cp311-manylinux_2_17_x86_64.manylinux2014_x86_64.whl.metadata (8.5 kB)
#10 1.710 Collecting preshed<3.1.0,>=3.0.2 (from spacy->keras-models)
#10 1.720   Downloading preshed-3.0.10-cp311-cp311-manylinux_2_5_x86_64.manylinux1_x86_64.manylinux_2_17_x86_64.manylinux2014_x86_64.whl.metadata (2.4 kB)
#10 1.897 Collecting thinc<8.4.0,>=8.3.4 (from spacy->keras-models)
#10 1.910   Downloading thinc-8.3.6-cp311-cp311-manylinux_2_17_x86_64.manylinux2014_x86_64.whl.metadata (15 kB)
#10 1.954 Collecting wasabi<1.2.0,>=0.9.1 (from spacy->keras-models)
#10 1.963   Downloading wasabi-1.1.3-py3-none-any.whl.metadata (28 kB)
#10 2.040 Collecting srsly<3.0.0,>=2.4.3 (from spacy->keras-models)
#10 2.050   Downloading srsly-2.5.1-cp311-cp311-manylinux_2_17_x86_64.manylinux2014_x86_64.whl.metadata (19 kB)
#10 2.092 Collecting catalogue<2.1.0,>=2.0.6 (from spacy->keras-models)
#10 2.099   Downloading catalogue-2.0.10-py3-none-any.whl.metadata (14 kB)
#10 2.136 Collecting weasel<0.5.0,>=0.1.0 (from spacy->keras-models)
#10 2.144   Downloading weasel-0.4.1-py3-none-any.whl.metadata (4.6 kB)
#10 2.195 Collecting typer<1.0.0,>=0.3.0 (from spacy->keras-models)
#10 2.204   Downloading typer-0.20.0-py3-none-any.whl.metadata (16 kB)
#10 2.278 Collecting tqdm<5.0.0,>=4.38.0 (from spacy->keras-models)
#10 2.286   Downloading tqdm-4.67.1-py3-none-any.whl.metadata (57 kB)
#10 2.302      ━━━━━━━━━━━━━━━━━━━━━━━━━━━━━━━━━━━━━━━━ 57.7/57.7 kB 3.4 MB/s eta 0:00:00
#10 2.360 Collecting requests<3.0.0,>=2.13.0 (from spacy->keras-models)
#10 2.368   Downloading requests-2.32.5-py3-none-any.whl.metadata (4.9 kB)
#10 2.517 Collecting pydantic!=1.8,!=1.8.1,<3.0.0,>=1.7.4 (from spacy->keras-models)
#10 2.528   Downloading pydantic-2.12.3-py3-none-any.whl.metadata (87 kB)
#10 2.550      ━━━━━━━━━━━━━━━━━━━━━━━━━━━━━━━━━━━━━━━━ 87.7/87.7 kB 3.9 MB/s eta 0:00:00
#10 2.582 Collecting jinja2 (from spacy->keras-models)
#10 2.590   Downloading jinja2-3.1.6-py3-none-any.whl.metadata (2.9 kB)
#10 2.601 Requirement already satisfied: setuptools in /usr/local/lib/python3.11/site-packages (from spacy->keras-models) (79.0.1)
#10 2.627 Collecting langcodes<4.0.0,>=3.2.0 (from spacy->keras-models)
#10 2.635   Downloading langcodes-3.5.0-py3-none-any.whl.metadata (29 kB)
#10 2.680 Collecting language-data>=1.2 (from langcodes<4.0.0,>=3.2.0->spacy->keras-models)
#10 2.691   Downloading language_data-1.3.0-py3-none-any.whl.metadata (4.3 kB)
#10 2.740 Collecting annotated-types>=0.6.0 (from pydantic!=1.8,!=1.8.1,<3.0.0,>=1.7.4->spacy->keras-models)
#10 2.751   Downloading annotated_types-0.7.0-py3-none-any.whl.metadata (15 kB)
#10 3.440 Collecting pydantic-core==2.41.4 (from pydantic!=1.8,!=1.8.1,<3.0.0,>=1.7.4->spacy->keras-models)
#10 3.452   Downloading pydantic_core-2.41.4-cp311-cp311-manylinux_2_17_x86_64.manylinux2014_x86_64.whl.metadata (7.3 kB)
#10 3.472 Requirement already satisfied: typing-extensions>=4.14.1 in /usr/local/lib/python3.11/site-packages (from pydantic!=1.8,!=1.8.1,<3.0.0,>=1.7.4->spacy->keras-models) (4.15.0)
#10 3.498 Collecting typing-inspection>=0.4.2 (from pydantic!=1.8,!=1.8.1,<3.0.0,>=1.7.4->spacy->keras-models)
#10 3.507   Downloading typing_inspection-0.4.2-py3-none-any.whl.metadata (2.6 kB)
#10 3.620 Collecting charset_normalizer<4,>=2 (from requests<3.0.0,>=2.13.0->spacy->keras-models)
#10 3.629   Downloading charset_normalizer-3.4.4-cp311-cp311-manylinux2014_x86_64.manylinux_2_17_x86_64.manylinux_2_28_x86_64.whl.metadata (37 kB)
#10 3.675 Collecting idna<4,>=2.5 (from requests<3.0.0,>=2.13.0->spacy->keras-models)
#10 3.686   Downloading idna-3.11-py3-none-any.whl.metadata (8.4 kB)
#10 3.752 Collecting urllib3<3,>=1.21.1 (from requests<3.0.0,>=2.13.0->spacy->keras-models)
#10 3.760   Downloading urllib3-2.5.0-py3-none-any.whl.metadata (6.5 kB)
#10 3.804 Collecting certifi>=2017.4.17 (from requests<3.0.0,>=2.13.0->spacy->keras-models)
#10 3.812   Downloading certifi-2025.10.5-py3-none-any.whl.metadata (2.5 kB)
#10 3.905 Collecting blis<1.4.0,>=1.3.0 (from thinc<8.4.0,>=8.3.4->spacy->keras-models)
#10 3.914   Downloading blis-1.3.0-cp311-cp311-manylinux_2_17_x86_64.manylinux2014_x86_64.whl.metadata (7.4 kB)
#10 3.960 Collecting confection<1.0.0,>=0.0.1 (from thinc<8.4.0,>=8.3.4->spacy->keras-models)
#10 3.968   Downloading confection-0.1.5-py3-none-any.whl.metadata (19 kB)
#10 4.056 Collecting click>=8.0.0 (from typer<1.0.0,>=0.3.0->spacy->keras-models)
#10 4.064   Downloading click-8.3.0-py3-none-any.whl.metadata (2.6 kB)
#10 4.109 Collecting shellingham>=1.3.0 (from typer<1.0.0,>=0.3.0->spacy->keras-models)
#10 4.117   Downloading shellingham-1.5.4-py2.py3-none-any.whl.metadata (3.5 kB)
#10 4.138 Requirement already satisfied: markdown-it-py>=2.2.0 in /usr/local/lib/python3.11/site-packages (from rich->keras->keras-models) (4.0.0)
#10 4.139 Requirement already satisfied: pygments<3.0.0,>=2.13.0 in /usr/local/lib/python3.11/site-packages (from rich->keras->keras-models) (2.19.2)
#10 4.186 Collecting cloudpathlib<1.0.0,>=0.7.0 (from weasel<0.5.0,>=0.1.0->spacy->keras-models)
#10 4.195   Downloading cloudpathlib-0.23.0-py3-none-any.whl.metadata (16 kB)
#10 4.241 Collecting smart-open<8.0.0,>=5.2.1 (from weasel<0.5.0,>=0.1.0->spacy->keras-models)
#10 4.250   Downloading smart_open-7.4.1-py3-none-any.whl.metadata (24 kB)
#10 4.345 Collecting MarkupSafe>=2.0 (from jinja2->spacy->keras-models)
#10 4.353   Downloading markupsafe-3.0.3-cp311-cp311-manylinux2014_x86_64.manylinux_2_17_x86_64.manylinux_2_28_x86_64.whl.metadata (2.7 kB)
#10 4.627 Collecting marisa-trie>=1.1.0 (from language-data>=1.2->langcodes<4.0.0,>=3.2.0->spacy->keras-models)
#10 4.638   Downloading marisa_trie-1.3.1-cp311-cp311-manylinux_2_24_x86_64.manylinux_2_28_x86_64.whl.metadata (10 kB)
#10 4.665 Requirement already satisfied: mdurl~=0.1 in /usr/local/lib/python3.11/site-packages (from markdown-it-py>=2.2.0->rich->keras->keras-models) (0.1.2)
#10 4.928 Collecting wrapt (from smart-open<8.0.0,>=5.2.1->weasel<0.5.0,>=0.1.0->spacy->keras-models)
#10 4.941   Downloading wrapt-2.0.0-cp311-cp311-manylinux1_x86_64.manylinux_2_28_x86_64.manylinux_2_5_x86_64.whl.metadata (8.8 kB)
#10 5.009 Downloading keras_models-0.0.7-py3-none-any.whl (18 kB)
#10 5.028 Downloading opencv_python-4.12.0.88-cp37-abi3-manylinux2014_x86_64.manylinux_2_17_x86_64.whl (67.0 MB)
#10 7.492    ━━━━━━━━━━━━━━━━━━━━━━━━━━━━━━━━━━━━━━━━ 67.0/67.0 MB 14.7 MB/s eta 0:00:00
#10 7.502 Downloading numpy-2.2.6-cp311-cp311-manylinux_2_17_x86_64.manylinux2014_x86_64.whl (16.8 MB)
#10 8.134    ━━━━━━━━━━━━━━━━━━━━━━━━━━━━━━━━━━━━━━━━ 16.8/16.8 MB 24.0 MB/s eta 0:00:00
#10 8.143 Downloading pathlib-1.0.1-py3-none-any.whl (14 kB)
#10 8.165 Downloading pillow-12.0.0-cp311-cp311-manylinux_2_27_x86_64.manylinux_2_28_x86_64.whl (7.0 MB)
#10 8.436    ━━━━━━━━━━━━━━━━━━━━━━━━━━━━━━━━━━━━━━━━ 7.0/7.0 MB 26.1 MB/s eta 0:00:00
#10 8.444 Downloading spacy-3.8.7-cp311-cp311-manylinux_2_17_x86_64.manylinux2014_x86_64.whl (33.0 MB)
#10 9.696    ━━━━━━━━━━━━━━━━━━━━━━━━━━━━━━━━━━━━━━━━ 33.0/33.0 MB 18.9 MB/s eta 0:00:00
#10 9.710 Downloading catalogue-2.0.10-py3-none-any.whl (17 kB)
#10 9.735 Downloading cymem-2.0.11-cp311-cp311-manylinux_2_17_x86_64.manylinux2014_x86_64.whl (218 kB)
#10 9.752    ━━━━━━━━━━━━━━━━━━━━━━━━━━━━━━━━━━━━━━━━ 218.9/218.9 kB 13.5 MB/s eta 0:00:00
#10 9.760 Downloading langcodes-3.5.0-py3-none-any.whl (182 kB)
#10 9.776    ━━━━━━━━━━━━━━━━━━━━━━━━━━━━━━━━━━━━━━━━ 183.0/183.0 kB 11.8 MB/s eta 0:00:00
#10 9.786 Downloading murmurhash-1.0.13-cp311-cp311-manylinux_2_5_x86_64.manylinux1_x86_64.manylinux_2_17_x86_64.manylinux2014_x86_64.whl (123 kB)
#10 9.801    ━━━━━━━━━━━━━━━━━━━━━━━━━━━━━━━━━━━━━━━━ 123.4/123.4 kB 8.8 MB/s eta 0:00:00
#10 9.834 Downloading preshed-3.0.10-cp311-cp311-manylinux_2_5_x86_64.manylinux1_x86_64.manylinux_2_17_x86_64.manylinux2014_x86_64.whl (842 kB)
#10 9.873    ━━━━━━━━━━━━━━━━━━━━━━━━━━━━━━━━━━━━━━━━ 842.9/842.9 kB 22.4 MB/s eta 0:00:00
#10 9.882 Downloading pydantic-2.12.3-py3-none-any.whl (462 kB)
#10 9.906    ━━━━━━━━━━━━━━━━━━━━━━━━━━━━━━━━━━━━━━━━ 462.4/462.4 kB 19.8 MB/s eta 0:00:00
#10 9.917 Downloading pydantic_core-2.41.4-cp311-cp311-manylinux_2_17_x86_64.manylinux2014_x86_64.whl (2.1 MB)
#10 9.996    ━━━━━━━━━━━━━━━━━━━━━━━━━━━━━━━━━━━━━━━━ 2.1/2.1 MB 26.7 MB/s eta 0:00:00
#10 10.00 Downloading requests-2.32.5-py3-none-any.whl (64 kB)
#10 10.02    ━━━━━━━━━━━━━━━━━━━━━━━━━━━━━━━━━━━━━━━━ 64.7/64.7 kB 5.1 MB/s eta 0:00:00
#10 10.02 Downloading spacy_legacy-3.0.12-py2.py3-none-any.whl (29 kB)
#10 10.04 Downloading spacy_loggers-1.0.5-py3-none-any.whl (22 kB)
#10 10.06 Downloading srsly-2.5.1-cp311-cp311-manylinux_2_17_x86_64.manylinux2014_x86_64.whl (1.1 MB)
#10 10.11    ━━━━━━━━━━━━━━━━━━━━━━━━━━━━━━━━━━━━━━━━ 1.1/1.1 MB 25.4 MB/s eta 0:00:00
#10 10.11 Downloading thinc-8.3.6-cp311-cp311-manylinux_2_17_x86_64.manylinux2014_x86_64.whl (4.5 MB)
#10 10.27    ━━━━━━━━━━━━━━━━━━━━━━━━━━━━━━━━━━━━━━━━ 4.5/4.5 MB 28.1 MB/s eta 0:00:00
#10 10.28 Downloading tqdm-4.67.1-py3-none-any.whl (78 kB)
#10 10.29    ━━━━━━━━━━━━━━━━━━━━━━━━━━━━━━━━━━━━━━━━ 78.5/78.5 kB 6.7 MB/s eta 0:00:00
#10 10.30 Downloading typer-0.20.0-py3-none-any.whl (47 kB)
#10 10.31    ━━━━━━━━━━━━━━━━━━━━━━━━━━━━━━━━━━━━━━━━ 47.0/47.0 kB 3.7 MB/s eta 0:00:00
#10 10.32 Downloading wasabi-1.1.3-py3-none-any.whl (27 kB)
#10 10.34 Downloading weasel-0.4.1-py3-none-any.whl (50 kB)
#10 10.35    ━━━━━━━━━━━━━━━━━━━━━━━━━━━━━━━━━━━━━━━━ 50.3/50.3 kB 4.4 MB/s eta 0:00:00
#10 10.36 Downloading jinja2-3.1.6-py3-none-any.whl (134 kB)
#10 10.38    ━━━━━━━━━━━━━━━━━━━━━━━━━━━━━━━━━━━━━━━━ 134.9/134.9 kB 6.6 MB/s eta 0:00:00
#10 10.39 Downloading annotated_types-0.7.0-py3-none-any.whl (13 kB)
#10 10.41 Downloading blis-1.3.0-cp311-cp311-manylinux_2_17_x86_64.manylinux2014_x86_64.whl (11.7 MB)
#10 10.90    ━━━━━━━━━━━━━━━━━━━━━━━━━━━━━━━━━━━━━━━━ 11.7/11.7 MB 23.1 MB/s eta 0:00:00
#10 10.90 Downloading certifi-2025.10.5-py3-none-any.whl (163 kB)
#10 10.92    ━━━━━━━━━━━━━━━━━━━━━━━━━━━━━━━━━━━━━━━━ 163.3/163.3 kB 11.3 MB/s eta 0:00:00
#10 10.93 Downloading charset_normalizer-3.4.4-cp311-cp311-manylinux2014_x86_64.manylinux_2_17_x86_64.manylinux_2_28_x86_64.whl (151 kB)
#10 10.94    ━━━━━━━━━━━━━━━━━━━━━━━━━━━━━━━━━━━━━━━━ 151.6/151.6 kB 11.7 MB/s eta 0:00:00
#10 10.95 Downloading click-8.3.0-py3-none-any.whl (107 kB)
#10 10.96    ━━━━━━━━━━━━━━━━━━━━━━━━━━━━━━━━━━━━━━━━ 107.3/107.3 kB 8.5 MB/s eta 0:00:00
#10 10.97 Downloading cloudpathlib-0.23.0-py3-none-any.whl (62 kB)
#10 10.98    ━━━━━━━━━━━━━━━━━━━━━━━━━━━━━━━━━━━━━━━━ 62.8/62.8 kB 5.2 MB/s eta 0:00:00
#10 10.99 Downloading confection-0.1.5-py3-none-any.whl (35 kB)
#10 11.01 Downloading idna-3.11-py3-none-any.whl (71 kB)
#10 11.02    ━━━━━━━━━━━━━━━━━━━━━━━━━━━━━━━━━━━━━━━━ 71.0/71.0 kB 6.4 MB/s eta 0:00:00
#10 11.03 Downloading language_data-1.3.0-py3-none-any.whl (5.4 MB)
#10 11.23    ━━━━━━━━━━━━━━━━━━━━━━━━━━━━━━━━━━━━━━━━ 5.4/5.4 MB 26.7 MB/s eta 0:00:00
#10 11.24 Downloading markupsafe-3.0.3-cp311-cp311-manylinux2014_x86_64.manylinux_2_17_x86_64.manylinux_2_28_x86_64.whl (22 kB)
#10 11.26 Downloading shellingham-1.5.4-py2.py3-none-any.whl (9.8 kB)
#10 11.27 Downloading smart_open-7.4.1-py3-none-any.whl (63 kB)
#10 11.28    ━━━━━━━━━━━━━━━━━━━━━━━━━━━━━━━━━━━━━━━━ 63.2/63.2 kB 5.6 MB/s eta 0:00:00
#10 11.29 Downloading typing_inspection-0.4.2-py3-none-any.whl (14 kB)
#10 11.31 Downloading urllib3-2.5.0-py3-none-any.whl (129 kB)
#10 11.32    ━━━━━━━━━━━━━━━━━━━━━━━━━━━━━━━━━━━━━━━━ 129.8/129.8 kB 8.8 MB/s eta 0:00:00
#10 11.33 Downloading marisa_trie-1.3.1-cp311-cp311-manylinux_2_24_x86_64.manylinux_2_28_x86_64.whl (1.3 MB)
#10 11.38    ━━━━━━━━━━━━━━━━━━━━━━━━━━━━━━━━━━━━━━━━ 1.3/1.3 MB 25.3 MB/s eta 0:00:00
#10 11.39 Downloading wrapt-2.0.0-cp311-cp311-manylinux1_x86_64.manylinux_2_28_x86_64.manylinux_2_5_x86_64.whl (114 kB)
#10 11.41    ━━━━━━━━━━━━━━━━━━━━━━━━━━━━━━━━━━━━━━━━ 114.1/114.1 kB 8.5 MB/s eta 0:00:00
#10 11.95 Installing collected packages: pathlib, cymem, wrapt, wasabi, urllib3, typing-inspection, tqdm, spacy-loggers, spacy-legacy, shellingham, pydantic-core, Pillow, numpy, murmurhash, MarkupSafe, marisa-trie, idna, cloudpathlib, click, charset_normalizer, certifi, catalogue, annotated-types, srsly, smart-open, requests, pydantic, preshed, opencv-python, language-data, jinja2, blis, typer, langcodes, confection, weasel, thinc, spacy, keras-models
#10 12.51   Attempting uninstall: numpy
#10 12.52     Found existing installation: numpy 2.3.4
#10 12.57     Uninstalling numpy-2.3.4:
#10 13.39       Successfully uninstalled numpy-2.3.4
#10 18.73 Successfully installed MarkupSafe-3.0.3 Pillow-12.0.0 annotated-types-0.7.0 blis-1.3.0 catalogue-2.0.10 certifi-2025.10.5 charset_normalizer-3.4.4 click-8.3.0 cloudpathlib-0.23.0 confection-0.1.5 cymem-2.0.11 idna-3.11 jinja2-3.1.6 keras-models-0.0.7 langcodes-3.5.0 language-data-1.3.0 marisa-trie-1.3.1 murmurhash-1.0.13 numpy-2.2.6 opencv-python-4.12.0.88 pathlib-1.0.1 preshed-3.0.10 pydantic-2.12.3 pydantic-core-2.41.4 requests-2.32.5 shellingham-1.5.4 smart-open-7.4.1 spacy-3.8.7 spacy-legacy-3.0.12 spacy-loggers-1.0.5 srsly-2.5.1 thinc-8.3.6 tqdm-4.67.1 typer-0.20.0 typing-inspection-0.4.2 urllib3-2.5.0 wasabi-1.1.3 weasel-0.4.1 wrapt-2.0.0
#10 18.73 WARNING: Running pip as the 'root' user can result in broken permissions and conflicting behaviour with the system package manager. It is recommended to use a virtual environment instead: https://pip.pypa.io/warnings/venv
#10 18.74 
#10 18.74 [notice] A new release of pip is available: 24.0 -> 25.3
#10 18.74 [notice] To update, run: pip install --upgrade pip
#10 DONE 21.8s

#11 exporting to image
#11 exporting layers
#11 exporting layers 2.3s done
#11 writing image sha256:039527342091922f34bf61dea05eb6760cd7116796535bc582dda252d69730f5 done
#11 naming to docker.io/library/test-image-1ad56b7720af8d706e7f22cbcb8c6d70 done
#11 DONE 2.3s

View build details: docker-desktop://dashboard/build/default/default/wj12tzm7i70vyfn8bmwvbm763
[2025-10-29 12:37:08] SUCCESS: Build completed for 1ad56b7720af8d706e7f22cbcb8c6d70
