=== Docker Build Log for 5984815 ===
Started at: Mi 29. Okt 16:11:06 CET 2025

[2025-10-29 16:11:06] START: Building image for 5984815
#0 building with "default" instance using docker driver

#1 [internal] load build definition from Dockerfile
#1 transferring dockerfile: 132B done
#1 DONE 0.0s

#2 [internal] load metadata for docker.io/library/python:3.11
#2 DONE 0.0s

#3 [internal] load .dockerignore
#3 transferring context: 2B done
#3 DONE 0.0s

#4 [1/2] FROM docker.io/library/python:3.11
#4 DONE 0.0s

#5 [internal] load build context
#5 transferring context: 3.19kB 0.0s done
#5 DONE 0.0s

#4 [1/2] FROM docker.io/library/python:3.11
#4 CACHED

#6 [2/2] COPY hard-gists/5984815/snippet.py /snippet.py
#6 DONE 0.1s

#7 exporting to image
#7 exporting layers 0.0s done
#7 writing image sha256:8b64ce2222924e8e228e11f5f5471d64005a3d11eccfa8356226d956a2133e4b done
#7 naming to docker.io/library/test-image-5984815 done
#7 DONE 0.1s

View build details: docker-desktop://dashboard/build/default/default/wuctnfhve8qdkrypqk6w9oylw
[2025-10-29 16:11:06] SUCCESS: Build completed for 5984815
