=== Docker Build Log for 94a400a7bce6f8cfc9e7eff87270c9e9 ===
Started at: Mi 29. Okt 18:26:44 CET 2025

[2025-10-29 18:26:44] START: Building image for 94a400a7bce6f8cfc9e7eff87270c9e9
#0 building with "default" instance using docker driver

#1 [internal] load build definition from Dockerfile
#1 transferring dockerfile: 157B done
#1 DONE 0.0s

#2 [internal] load metadata for docker.io/library/python:3.11
#2 DONE 0.0s

#3 [internal] load .dockerignore
#3 transferring context: 2B done
#3 DONE 0.0s

#4 [internal] load build context
#4 transferring context: 1.11kB 0.0s done
#4 DONE 0.0s

#5 [1/2] FROM docker.io/library/python:3.11
#5 CACHED

#6 [2/2] COPY hard-gists/94a400a7bce6f8cfc9e7eff87270c9e9/snippet.py /snippet.py
#6 DONE 0.1s

#7 exporting to image
#7 exporting layers 0.1s done
#7 writing image sha256:51ece0c6f0f826e5b284e4efe6c5f430ce2b218f0fdaec032a079c5c4bf306e7 done
#7 naming to docker.io/library/test-image-94a400a7bce6f8cfc9e7eff87270c9e9 done
#7 DONE 0.1s

View build details: docker-desktop://dashboard/build/default/default/k81clnx26uov0hz28wd7drpvh
[2025-10-29 18:26:44] SUCCESS: Build completed for 94a400a7bce6f8cfc9e7eff87270c9e9
