=== Docker Build Log for c8d1caabaf7b43317bc8825c226045d2 ===
Started at: Mi 29. Okt 20:07:28 CET 2025

[2025-10-29 20:07:28] START: Building image for c8d1caabaf7b43317bc8825c226045d2
#0 building with "default" instance using docker driver

#1 [internal] load build definition from Dockerfile
#1 transferring dockerfile: 284B done
#1 DONE 0.0s

#2 [internal] load metadata for docker.io/library/python:3.11
#2 DONE 0.0s

#3 [internal] load .dockerignore
#3 transferring context: 2B done
#3 DONE 0.0s

#4 [internal] load build context
#4 transferring context: 7.58kB 0.0s done
#4 DONE 0.0s

#5 [1/6] FROM docker.io/library/python:3.11
#5 CACHED

#6 [2/6] COPY hard-gists/c8d1caabaf7b43317bc8825c226045d2/snippet.py /snippet.py
#6 DONE 0.1s

#7 [3/6] RUN ["pip","install","gym"]
#7 1.928 Collecting gym
#7 1.963   Downloading gym-0.26.2.tar.gz (721 kB)
#7 2.015      ━━━━━━━━━━━━━━━━━━━━━━━━━━━━━━━━━━━━━━ 721.7/721.7 kB 14.4 MB/s eta 0:00:00
#7 2.056   Installing build dependencies: started
#7 3.346   Installing build dependencies: finished with status 'done'
#7 3.347   Getting requirements to build wheel: started
#7 3.518   Getting requirements to build wheel: finished with status 'done'
#7 3.519   Preparing metadata (pyproject.toml): started
#7 3.662   Preparing metadata (pyproject.toml): finished with status 'done'
#7 3.874 Collecting numpy>=1.18.0 (from gym)
#7 3.886   Downloading numpy-2.3.4-cp311-cp311-manylinux_2_27_x86_64.manylinux_2_28_x86_64.whl.metadata (62 kB)
#7 3.909      ━━━━━━━━━━━━━━━━━━━━━━━━━━━━━━━━━━━━━━━━ 62.1/62.1 kB 2.4 MB/s eta 0:00:00
#7 3.949 Collecting cloudpickle>=1.2.0 (from gym)
#7 3.960   Downloading cloudpickle-3.1.1-py3-none-any.whl.metadata (7.1 kB)
#7 3.996 Collecting gym_notices>=0.0.4 (from gym)
#7 4.005   Downloading gym_notices-0.1.0-py3-none-any.whl.metadata (1.2 kB)
#7 4.029 Downloading cloudpickle-3.1.1-py3-none-any.whl (20 kB)
#7 4.049 Downloading gym_notices-0.1.0-py3-none-any.whl (3.3 kB)
#7 4.068 Downloading numpy-2.3.4-cp311-cp311-manylinux_2_27_x86_64.manylinux_2_28_x86_64.whl (16.9 MB)
#7 4.725    ━━━━━━━━━━━━━━━━━━━━━━━━━━━━━━━━━━━━━━━━ 16.9/16.9 MB 22.8 MB/s eta 0:00:00
#7 4.765 Building wheels for collected packages: gym
#7 4.765   Building wheel for gym (pyproject.toml): started
#7 5.018   Building wheel for gym (pyproject.toml): finished with status 'done'
#7 5.020   Created wheel for gym: filename=gym-0.26.2-py3-none-any.whl size=827730 sha256=3a4034a0e937d1090ed25a7f7325153ed3a9a2491773b5ba3032101ca63d7432
#7 5.020   Stored in directory: /root/.cache/pip/wheels/1c/77/9e/9af5470201a0b0543937933ee99ba884cd237d2faefe8f4d37
#7 5.023 Successfully built gym
#7 5.093 Installing collected packages: gym_notices, numpy, cloudpickle, gym
#7 6.626 Successfully installed cloudpickle-3.1.1 gym-0.26.2 gym_notices-0.1.0 numpy-2.3.4
#7 6.626 WARNING: Running pip as the 'root' user can result in broken permissions and conflicting behaviour with the system package manager. It is recommended to use a virtual environment instead: https://pip.pypa.io/warnings/venv
#7 6.631 
#7 6.631 [notice] A new release of pip is available: 24.0 -> 25.3
#7 6.631 [notice] To update, run: pip install --upgrade pip
#7 DONE 7.3s

#8 [4/6] RUN ["pip","install","keras"]
#8 0.542 Collecting keras
#8 0.580   Downloading keras-3.12.0-py3-none-any.whl.metadata (5.9 kB)
#8 0.626 Collecting absl-py (from keras)
#8 0.635   Downloading absl_py-2.3.1-py3-none-any.whl.metadata (3.3 kB)
#8 0.654 Requirement already satisfied: numpy in /usr/local/lib/python3.11/site-packages (from keras) (2.3.4)
#8 0.741 Collecting rich (from keras)
#8 0.749   Downloading rich-14.2.0-py3-none-any.whl.metadata (18 kB)
#8 0.794 Collecting namex (from keras)
#8 0.805   Downloading namex-0.1.0-py3-none-any.whl.metadata (322 bytes)
#8 0.883 Collecting h5py (from keras)
#8 0.892   Downloading h5py-3.15.1-cp311-cp311-manylinux_2_27_x86_64.manylinux_2_28_x86_64.whl.metadata (3.0 kB)
#8 1.013 Collecting optree (from keras)
#8 1.022   Downloading optree-0.17.0-cp311-cp311-manylinux_2_27_x86_64.manylinux_2_28_x86_64.whl.metadata (33 kB)
#8 1.073 Collecting ml-dtypes (from keras)
#8 1.083   Downloading ml_dtypes-0.5.3-cp311-cp311-manylinux_2_27_x86_64.manylinux_2_28_x86_64.whl.metadata (8.9 kB)
#8 1.129 Collecting packaging (from keras)
#8 1.139   Downloading packaging-25.0-py3-none-any.whl.metadata (3.3 kB)
#8 1.214 Collecting typing-extensions>=4.6.0 (from optree->keras)
#8 1.223   Downloading typing_extensions-4.15.0-py3-none-any.whl.metadata (3.3 kB)
#8 1.273 Collecting markdown-it-py>=2.2.0 (from rich->keras)
#8 1.281   Downloading markdown_it_py-4.0.0-py3-none-any.whl.metadata (7.3 kB)
#8 1.331 Collecting pygments<3.0.0,>=2.13.0 (from rich->keras)
#8 1.340   Downloading pygments-2.19.2-py3-none-any.whl.metadata (2.5 kB)
#8 1.391 Collecting mdurl~=0.1 (from markdown-it-py>=2.2.0->rich->keras)
#8 1.399   Downloading mdurl-0.1.2-py3-none-any.whl.metadata (1.6 kB)
#8 1.423 Downloading keras-3.12.0-py3-none-any.whl (1.5 MB)
#8 1.496    ━━━━━━━━━━━━━━━━━━━━━━━━━━━━━━━━━━━━━━━━ 1.5/1.5 MB 20.5 MB/s eta 0:00:00
#8 1.510 Downloading absl_py-2.3.1-py3-none-any.whl (135 kB)
#8 1.523    ━━━━━━━━━━━━━━━━━━━━━━━━━━━━━━━━━━━━━━━━ 135.8/135.8 kB 10.7 MB/s eta 0:00:00
#8 1.540 Downloading h5py-3.15.1-cp311-cp311-manylinux_2_27_x86_64.manylinux_2_28_x86_64.whl (4.7 MB)
#8 1.711    ━━━━━━━━━━━━━━━━━━━━━━━━━━━━━━━━━━━━━━━━ 4.7/4.7 MB 27.6 MB/s eta 0:00:00
#8 1.721 Downloading ml_dtypes-0.5.3-cp311-cp311-manylinux_2_27_x86_64.manylinux_2_28_x86_64.whl (4.9 MB)
#8 1.907    ━━━━━━━━━━━━━━━━━━━━━━━━━━━━━━━━━━━━━━━━ 4.9/4.9 MB 26.8 MB/s eta 0:00:00
#8 1.916 Downloading namex-0.1.0-py3-none-any.whl (5.9 kB)
#8 2.149 Downloading optree-0.17.0-cp311-cp311-manylinux_2_27_x86_64.manylinux_2_28_x86_64.whl (402 kB)
#8 2.172    ━━━━━━━━━━━━━━━━━━━━━━━━━━━━━━━━━━━━━━━━ 402.0/402.0 kB 22.1 MB/s eta 0:00:00
#8 2.180 Downloading packaging-25.0-py3-none-any.whl (66 kB)
#8 2.194    ━━━━━━━━━━━━━━━━━━━━━━━━━━━━━━━━━━━━━━━━ 66.5/66.5 kB 4.5 MB/s eta 0:00:00
#8 2.202 Downloading rich-14.2.0-py3-none-any.whl (243 kB)
#8 2.222    ━━━━━━━━━━━━━━━━━━━━━━━━━━━━━━━━━━━━━━━━ 243.4/243.4 kB 12.9 MB/s eta 0:00:00
#8 2.230 Downloading markdown_it_py-4.0.0-py3-none-any.whl (87 kB)
#8 2.243    ━━━━━━━━━━━━━━━━━━━━━━━━━━━━━━━━━━━━━━━━ 87.3/87.3 kB 6.9 MB/s eta 0:00:00
#8 2.252 Downloading pygments-2.19.2-py3-none-any.whl (1.2 MB)
#8 2.301    ━━━━━━━━━━━━━━━━━━━━━━━━━━━━━━━━━━━━━━━━ 1.2/1.2 MB 25.6 MB/s eta 0:00:00
#8 2.310 Downloading typing_extensions-4.15.0-py3-none-any.whl (44 kB)
#8 2.320    ━━━━━━━━━━━━━━━━━━━━━━━━━━━━━━━━━━━━━━━━ 44.6/44.6 kB 3.9 MB/s eta 0:00:00
#8 2.327 Downloading mdurl-0.1.2-py3-none-any.whl (10.0 kB)
#8 2.481 Installing collected packages: namex, typing-extensions, pygments, packaging, ml-dtypes, mdurl, h5py, absl-py, optree, markdown-it-py, rich, keras
#8 4.263 Successfully installed absl-py-2.3.1 h5py-3.15.1 keras-3.12.0 markdown-it-py-4.0.0 mdurl-0.1.2 ml-dtypes-0.5.3 namex-0.1.0 optree-0.17.0 packaging-25.0 pygments-2.19.2 rich-14.2.0 typing-extensions-4.15.0
#8 4.264 WARNING: Running pip as the 'root' user can result in broken permissions and conflicting behaviour with the system package manager. It is recommended to use a virtual environment instead: https://pip.pypa.io/warnings/venv
#8 4.269 
#8 4.269 [notice] A new release of pip is available: 24.0 -> 25.3
#8 4.269 [notice] To update, run: pip install --upgrade pip
#8 DONE 5.0s

#9 [5/6] RUN ["pip","install","numpy"]
#9 0.459 Requirement already satisfied: numpy in /usr/local/lib/python3.11/site-packages (2.3.4)
#9 0.550 WARNING: Running pip as the 'root' user can result in broken permissions and conflicting behaviour with the system package manager. It is recommended to use a virtual environment instead: https://pip.pypa.io/warnings/venv
#9 0.555 
#9 0.555 [notice] A new release of pip is available: 24.0 -> 25.3
#9 0.555 [notice] To update, run: pip install --upgrade pip
#9 DONE 0.6s

#10 [6/6] RUN ["pip","install","keras-models"]
#10 0.631 Collecting keras-models
#10 0.665   Downloading keras_models-0.0.7-py3-none-any.whl.metadata (3.4 kB)
#10 0.685 Requirement already satisfied: keras in /usr/local/lib/python3.11/site-packages (from keras-models) (3.12.0)
#10 0.690 Requirement already satisfied: numpy in /usr/local/lib/python3.11/site-packages (from keras-models) (2.3.4)
#10 0.823 Collecting spacy (from keras-models)
#10 0.848   Downloading spacy-3.8.7-cp311-cp311-manylinux_2_17_x86_64.manylinux2014_x86_64.whl.metadata (27 kB)
#10 1.053 Collecting Pillow (from keras-models)
#10 1.066   Downloading pillow-12.0.0-cp311-cp311-manylinux_2_27_x86_64.manylinux_2_28_x86_64.whl.metadata (8.8 kB)
#10 1.167 Collecting opencv-python (from keras-models)
#10 1.175   Downloading opencv_python-4.12.0.88-cp37-abi3-manylinux2014_x86_64.manylinux_2_17_x86_64.whl.metadata (19 kB)
#10 1.220 Collecting pathlib (from keras-models)
#10 1.229   Downloading pathlib-1.0.1-py3-none-any.whl.metadata (5.1 kB)
#10 1.243 Requirement already satisfied: absl-py in /usr/local/lib/python3.11/site-packages (from keras->keras-models) (2.3.1)
#10 1.245 Requirement already satisfied: rich in /usr/local/lib/python3.11/site-packages (from keras->keras-models) (14.2.0)
#10 1.246 Requirement already satisfied: namex in /usr/local/lib/python3.11/site-packages (from keras->keras-models) (0.1.0)
#10 1.247 Requirement already satisfied: h5py in /usr/local/lib/python3.11/site-packages (from keras->keras-models) (3.15.1)
#10 1.248 Requirement already satisfied: optree in /usr/local/lib/python3.11/site-packages (from keras->keras-models) (0.17.0)
#10 1.249 Requirement already satisfied: ml-dtypes in /usr/local/lib/python3.11/site-packages (from keras->keras-models) (0.5.3)
#10 1.250 Requirement already satisfied: packaging in /usr/local/lib/python3.11/site-packages (from keras->keras-models) (25.0)
#10 1.465 Collecting numpy (from keras-models)
#10 1.478   Downloading numpy-2.2.6-cp311-cp311-manylinux_2_17_x86_64.manylinux2014_x86_64.whl.metadata (62 kB)
#10 1.504      ━━━━━━━━━━━━━━━━━━━━━━━━━━━━━━━━━━━━━━━━ 62.0/62.0 kB 2.2 MB/s eta 0:00:00
#10 1.582 Collecting spacy-legacy<3.1.0,>=3.0.11 (from spacy->keras-models)
#10 1.591   Downloading spacy_legacy-3.0.12-py2.py3-none-any.whl.metadata (2.8 kB)
#10 1.631 Collecting spacy-loggers<2.0.0,>=1.0.0 (from spacy->keras-models)
#10 1.641   Downloading spacy_loggers-1.0.5-py3-none-any.whl.metadata (23 kB)
#10 1.696 Collecting murmurhash<1.1.0,>=0.28.0 (from spacy->keras-models)
#10 1.705   Downloading murmurhash-1.0.13-cp311-cp311-manylinux_2_5_x86_64.manylinux1_x86_64.manylinux_2_17_x86_64.manylinux2014_x86_64.whl.metadata (2.2 kB)
#10 1.761 Collecting cymem<2.1.0,>=2.0.2 (from spacy->keras-models)
#10 1.772   Downloading cymem-2.0.11-cp311-cp311-manylinux_2_17_x86_64.manylinux2014_x86_64.whl.metadata (8.5 kB)
#10 1.821 Collecting preshed<3.1.0,>=3.0.2 (from spacy->keras-models)
#10 1.830   Downloading preshed-3.0.10-cp311-cp311-manylinux_2_5_x86_64.manylinux1_x86_64.manylinux_2_17_x86_64.manylinux2014_x86_64.whl.metadata (2.4 kB)
#10 2.018 Collecting thinc<8.4.0,>=8.3.4 (from spacy->keras-models)
#10 2.031   Downloading thinc-8.3.6-cp311-cp311-manylinux_2_17_x86_64.manylinux2014_x86_64.whl.metadata (15 kB)
#10 2.068 Collecting wasabi<1.2.0,>=0.9.1 (from spacy->keras-models)
#10 2.077   Downloading wasabi-1.1.3-py3-none-any.whl.metadata (28 kB)
#10 2.153 Collecting srsly<3.0.0,>=2.4.3 (from spacy->keras-models)
#10 2.162   Downloading srsly-2.5.1-cp311-cp311-manylinux_2_17_x86_64.manylinux2014_x86_64.whl.metadata (19 kB)
#10 2.200 Collecting catalogue<2.1.0,>=2.0.6 (from spacy->keras-models)
#10 2.209   Downloading catalogue-2.0.10-py3-none-any.whl.metadata (14 kB)
#10 2.247 Collecting weasel<0.5.0,>=0.1.0 (from spacy->keras-models)
#10 2.255   Downloading weasel-0.4.1-py3-none-any.whl.metadata (4.6 kB)
#10 2.401 Collecting typer<1.0.0,>=0.3.0 (from spacy->keras-models)
#10 2.410   Downloading typer-0.20.0-py3-none-any.whl.metadata (16 kB)
#10 2.481 Collecting tqdm<5.0.0,>=4.38.0 (from spacy->keras-models)
#10 2.490   Downloading tqdm-4.67.1-py3-none-any.whl.metadata (57 kB)
#10 2.505      ━━━━━━━━━━━━━━━━━━━━━━━━━━━━━━━━━━━━━━━━ 57.7/57.7 kB 3.4 MB/s eta 0:00:00
#10 2.564 Collecting requests<3.0.0,>=2.13.0 (from spacy->keras-models)
#10 2.572   Downloading requests-2.32.5-py3-none-any.whl.metadata (4.9 kB)
#10 2.727 Collecting pydantic!=1.8,!=1.8.1,<3.0.0,>=1.7.4 (from spacy->keras-models)
#10 2.736   Downloading pydantic-2.12.3-py3-none-any.whl.metadata (87 kB)
#10 2.749      ━━━━━━━━━━━━━━━━━━━━━━━━━━━━━━━━━━━━━━━━ 87.7/87.7 kB 7.2 MB/s eta 0:00:00
#10 2.791 Collecting jinja2 (from spacy->keras-models)
#10 2.800   Downloading jinja2-3.1.6-py3-none-any.whl.metadata (2.9 kB)
#10 2.811 Requirement already satisfied: setuptools in /usr/local/lib/python3.11/site-packages (from spacy->keras-models) (79.0.1)
#10 2.836 Collecting langcodes<4.0.0,>=3.2.0 (from spacy->keras-models)
#10 2.846   Downloading langcodes-3.5.0-py3-none-any.whl.metadata (29 kB)
#10 2.894 Collecting language-data>=1.2 (from langcodes<4.0.0,>=3.2.0->spacy->keras-models)
#10 2.903   Downloading language_data-1.3.0-py3-none-any.whl.metadata (4.3 kB)
#10 2.947 Collecting annotated-types>=0.6.0 (from pydantic!=1.8,!=1.8.1,<3.0.0,>=1.7.4->spacy->keras-models)
#10 2.955   Downloading annotated_types-0.7.0-py3-none-any.whl.metadata (15 kB)
#10 3.651 Collecting pydantic-core==2.41.4 (from pydantic!=1.8,!=1.8.1,<3.0.0,>=1.7.4->spacy->keras-models)
#10 3.660   Downloading pydantic_core-2.41.4-cp311-cp311-manylinux_2_17_x86_64.manylinux2014_x86_64.whl.metadata (7.3 kB)
#10 3.680 Requirement already satisfied: typing-extensions>=4.14.1 in /usr/local/lib/python3.11/site-packages (from pydantic!=1.8,!=1.8.1,<3.0.0,>=1.7.4->spacy->keras-models) (4.15.0)
#10 3.704 Collecting typing-inspection>=0.4.2 (from pydantic!=1.8,!=1.8.1,<3.0.0,>=1.7.4->spacy->keras-models)
#10 3.713   Downloading typing_inspection-0.4.2-py3-none-any.whl.metadata (2.6 kB)
#10 3.818 Collecting charset_normalizer<4,>=2 (from requests<3.0.0,>=2.13.0->spacy->keras-models)
#10 3.826   Downloading charset_normalizer-3.4.4-cp311-cp311-manylinux2014_x86_64.manylinux_2_17_x86_64.manylinux_2_28_x86_64.whl.metadata (37 kB)
#10 3.868 Collecting idna<4,>=2.5 (from requests<3.0.0,>=2.13.0->spacy->keras-models)
#10 3.877   Downloading idna-3.11-py3-none-any.whl.metadata (8.4 kB)
#10 3.936 Collecting urllib3<3,>=1.21.1 (from requests<3.0.0,>=2.13.0->spacy->keras-models)
#10 3.944   Downloading urllib3-2.5.0-py3-none-any.whl.metadata (6.5 kB)
#10 3.988 Collecting certifi>=2017.4.17 (from requests<3.0.0,>=2.13.0->spacy->keras-models)
#10 3.996   Downloading certifi-2025.10.5-py3-none-any.whl.metadata (2.5 kB)
#10 4.089 Collecting blis<1.4.0,>=1.3.0 (from thinc<8.4.0,>=8.3.4->spacy->keras-models)
#10 4.098   Downloading blis-1.3.0-cp311-cp311-manylinux_2_17_x86_64.manylinux2014_x86_64.whl.metadata (7.4 kB)
#10 4.141 Collecting confection<1.0.0,>=0.0.1 (from thinc<8.4.0,>=8.3.4->spacy->keras-models)
#10 4.151   Downloading confection-0.1.5-py3-none-any.whl.metadata (19 kB)
#10 4.242 Collecting click>=8.0.0 (from typer<1.0.0,>=0.3.0->spacy->keras-models)
#10 4.250   Downloading click-8.3.0-py3-none-any.whl.metadata (2.6 kB)
#10 4.294 Collecting shellingham>=1.3.0 (from typer<1.0.0,>=0.3.0->spacy->keras-models)
#10 4.301   Downloading shellingham-1.5.4-py2.py3-none-any.whl.metadata (3.5 kB)
#10 4.321 Requirement already satisfied: markdown-it-py>=2.2.0 in /usr/local/lib/python3.11/site-packages (from rich->keras->keras-models) (4.0.0)
#10 4.322 Requirement already satisfied: pygments<3.0.0,>=2.13.0 in /usr/local/lib/python3.11/site-packages (from rich->keras->keras-models) (2.19.2)
#10 4.370 Collecting cloudpathlib<1.0.0,>=0.7.0 (from weasel<0.5.0,>=0.1.0->spacy->keras-models)
#10 4.380   Downloading cloudpathlib-0.23.0-py3-none-any.whl.metadata (16 kB)
#10 4.424 Collecting smart-open<8.0.0,>=5.2.1 (from weasel<0.5.0,>=0.1.0->spacy->keras-models)
#10 4.434   Downloading smart_open-7.4.1-py3-none-any.whl.metadata (24 kB)
#10 4.532 Collecting MarkupSafe>=2.0 (from jinja2->spacy->keras-models)
#10 4.541   Downloading markupsafe-3.0.3-cp311-cp311-manylinux2014_x86_64.manylinux_2_17_x86_64.manylinux_2_28_x86_64.whl.metadata (2.7 kB)
#10 4.814 Collecting marisa-trie>=1.1.0 (from language-data>=1.2->langcodes<4.0.0,>=3.2.0->spacy->keras-models)
#10 4.824   Downloading marisa_trie-1.3.1-cp311-cp311-manylinux_2_24_x86_64.manylinux_2_28_x86_64.whl.metadata (10 kB)
#10 4.850 Requirement already satisfied: mdurl~=0.1 in /usr/local/lib/python3.11/site-packages (from markdown-it-py>=2.2.0->rich->keras->keras-models) (0.1.2)
#10 5.004 Collecting wrapt (from smart-open<8.0.0,>=5.2.1->weasel<0.5.0,>=0.1.0->spacy->keras-models)
#10 5.017   Downloading wrapt-2.0.0-cp311-cp311-manylinux1_x86_64.manylinux_2_28_x86_64.manylinux_2_5_x86_64.whl.metadata (8.8 kB)
#10 5.087 Downloading keras_models-0.0.7-py3-none-any.whl (18 kB)
#10 5.106 Downloading opencv_python-4.12.0.88-cp37-abi3-manylinux2014_x86_64.manylinux_2_17_x86_64.whl (67.0 MB)
#10 7.618    ━━━━━━━━━━━━━━━━━━━━━━━━━━━━━━━━━━━━━━━━ 67.0/67.0 MB 14.0 MB/s eta 0:00:00
#10 7.631 Downloading numpy-2.2.6-cp311-cp311-manylinux_2_17_x86_64.manylinux2014_x86_64.whl (16.8 MB)
#10 8.329    ━━━━━━━━━━━━━━━━━━━━━━━━━━━━━━━━━━━━━━━━ 16.8/16.8 MB 20.8 MB/s eta 0:00:00
#10 8.342 Downloading pathlib-1.0.1-py3-none-any.whl (14 kB)
#10 8.365 Downloading pillow-12.0.0-cp311-cp311-manylinux_2_27_x86_64.manylinux_2_28_x86_64.whl (7.0 MB)
#10 8.644    ━━━━━━━━━━━━━━━━━━━━━━━━━━━━━━━━━━━━━━━━ 7.0/7.0 MB 25.3 MB/s eta 0:00:00
#10 8.654 Downloading spacy-3.8.7-cp311-cp311-manylinux_2_17_x86_64.manylinux2014_x86_64.whl (33.0 MB)
#10 9.907    ━━━━━━━━━━━━━━━━━━━━━━━━━━━━━━━━━━━━━━━━ 33.0/33.0 MB 18.8 MB/s eta 0:00:00
#10 9.919 Downloading catalogue-2.0.10-py3-none-any.whl (17 kB)
#10 9.943 Downloading cymem-2.0.11-cp311-cp311-manylinux_2_17_x86_64.manylinux2014_x86_64.whl (218 kB)
#10 9.960    ━━━━━━━━━━━━━━━━━━━━━━━━━━━━━━━━━━━━━━━━ 218.9/218.9 kB 13.4 MB/s eta 0:00:00
#10 9.971 Downloading langcodes-3.5.0-py3-none-any.whl (182 kB)
#10 9.987    ━━━━━━━━━━━━━━━━━━━━━━━━━━━━━━━━━━━━━━━━ 183.0/183.0 kB 12.1 MB/s eta 0:00:00
#10 9.997 Downloading murmurhash-1.0.13-cp311-cp311-manylinux_2_5_x86_64.manylinux1_x86_64.manylinux_2_17_x86_64.manylinux2014_x86_64.whl (123 kB)
#10 10.01    ━━━━━━━━━━━━━━━━━━━━━━━━━━━━━━━━━━━━━━━━ 123.4/123.4 kB 8.9 MB/s eta 0:00:00
#10 10.02 Downloading preshed-3.0.10-cp311-cp311-manylinux_2_5_x86_64.manylinux1_x86_64.manylinux_2_17_x86_64.manylinux2014_x86_64.whl (842 kB)
#10 10.06    ━━━━━━━━━━━━━━━━━━━━━━━━━━━━━━━━━━━━━━━━ 842.9/842.9 kB 21.8 MB/s eta 0:00:00
#10 10.07 Downloading pydantic-2.12.3-py3-none-any.whl (462 kB)
#10 10.10    ━━━━━━━━━━━━━━━━━━━━━━━━━━━━━━━━━━━━━━━━ 462.4/462.4 kB 19.3 MB/s eta 0:00:00
#10 10.11 Downloading pydantic_core-2.41.4-cp311-cp311-manylinux_2_17_x86_64.manylinux2014_x86_64.whl (2.1 MB)
#10 10.19    ━━━━━━━━━━━━━━━━━━━━━━━━━━━━━━━━━━━━━━━━ 2.1/2.1 MB 26.8 MB/s eta 0:00:00
#10 10.19 Downloading requests-2.32.5-py3-none-any.whl (64 kB)
#10 10.21    ━━━━━━━━━━━━━━━━━━━━━━━━━━━━━━━━━━━━━━━━ 64.7/64.7 kB 5.3 MB/s eta 0:00:00
#10 10.22 Downloading spacy_legacy-3.0.12-py2.py3-none-any.whl (29 kB)
#10 10.23 Downloading spacy_loggers-1.0.5-py3-none-any.whl (22 kB)
#10 10.25 Downloading srsly-2.5.1-cp311-cp311-manylinux_2_17_x86_64.manylinux2014_x86_64.whl (1.1 MB)
#10 10.30    ━━━━━━━━━━━━━━━━━━━━━━━━━━━━━━━━━━━━━━━━ 1.1/1.1 MB 24.9 MB/s eta 0:00:00
#10 10.31 Downloading thinc-8.3.6-cp311-cp311-manylinux_2_17_x86_64.manylinux2014_x86_64.whl (4.5 MB)
#10 10.48    ━━━━━━━━━━━━━━━━━━━━━━━━━━━━━━━━━━━━━━━━ 4.5/4.5 MB 26.2 MB/s eta 0:00:00
#10 10.49 Downloading tqdm-4.67.1-py3-none-any.whl (78 kB)
#10 10.50    ━━━━━━━━━━━━━━━━━━━━━━━━━━━━━━━━━━━━━━━━ 78.5/78.5 kB 6.2 MB/s eta 0:00:00
#10 10.51 Downloading typer-0.20.0-py3-none-any.whl (47 kB)
#10 10.52    ━━━━━━━━━━━━━━━━━━━━━━━━━━━━━━━━━━━━━━━━ 47.0/47.0 kB 3.9 MB/s eta 0:00:00
#10 10.53 Downloading wasabi-1.1.3-py3-none-any.whl (27 kB)
#10 10.55 Downloading weasel-0.4.1-py3-none-any.whl (50 kB)
#10 10.57    ━━━━━━━━━━━━━━━━━━━━━━━━━━━━━━━━━━━━━━━━ 50.3/50.3 kB 2.8 MB/s eta 0:00:00
#10 10.58 Downloading jinja2-3.1.6-py3-none-any.whl (134 kB)
#10 10.59    ━━━━━━━━━━━━━━━━━━━━━━━━━━━━━━━━━━━━━━━━ 134.9/134.9 kB 10.1 MB/s eta 0:00:00
#10 10.60 Downloading annotated_types-0.7.0-py3-none-any.whl (13 kB)
#10 10.62 Downloading blis-1.3.0-cp311-cp311-manylinux_2_17_x86_64.manylinux2014_x86_64.whl (11.7 MB)
#10 11.09    ━━━━━━━━━━━━━━━━━━━━━━━━━━━━━━━━━━━━━━━━ 11.7/11.7 MB 26.3 MB/s eta 0:00:00
#10 11.10 Downloading certifi-2025.10.5-py3-none-any.whl (163 kB)
#10 11.12    ━━━━━━━━━━━━━━━━━━━━━━━━━━━━━━━━━━━━━━━━ 163.3/163.3 kB 11.0 MB/s eta 0:00:00
#10 11.13 Downloading charset_normalizer-3.4.4-cp311-cp311-manylinux2014_x86_64.manylinux_2_17_x86_64.manylinux_2_28_x86_64.whl (151 kB)
#10 11.14    ━━━━━━━━━━━━━━━━━━━━━━━━━━━━━━━━━━━━━━━━ 151.6/151.6 kB 11.9 MB/s eta 0:00:00
#10 11.15 Downloading click-8.3.0-py3-none-any.whl (107 kB)
#10 11.16    ━━━━━━━━━━━━━━━━━━━━━━━━━━━━━━━━━━━━━━━━ 107.3/107.3 kB 6.2 MB/s eta 0:00:00
#10 11.18 Downloading cloudpathlib-0.23.0-py3-none-any.whl (62 kB)
#10 11.19    ━━━━━━━━━━━━━━━━━━━━━━━━━━━━━━━━━━━━━━━━ 62.8/62.8 kB 5.3 MB/s eta 0:00:00
#10 11.20 Downloading confection-0.1.5-py3-none-any.whl (35 kB)
#10 11.22 Downloading idna-3.11-py3-none-any.whl (71 kB)
#10 11.23    ━━━━━━━━━━━━━━━━━━━━━━━━━━━━━━━━━━━━━━━━ 71.0/71.0 kB 5.9 MB/s eta 0:00:00
#10 11.24 Downloading language_data-1.3.0-py3-none-any.whl (5.4 MB)
#10 11.43    ━━━━━━━━━━━━━━━━━━━━━━━━━━━━━━━━━━━━━━━━ 5.4/5.4 MB 27.5 MB/s eta 0:00:00
#10 11.44 Downloading markupsafe-3.0.3-cp311-cp311-manylinux2014_x86_64.manylinux_2_17_x86_64.manylinux_2_28_x86_64.whl (22 kB)
#10 11.46 Downloading shellingham-1.5.4-py2.py3-none-any.whl (9.8 kB)
#10 11.48 Downloading smart_open-7.4.1-py3-none-any.whl (63 kB)
#10 11.49    ━━━━━━━━━━━━━━━━━━━━━━━━━━━━━━━━━━━━━━━━ 63.2/63.2 kB 6.0 MB/s eta 0:00:00
#10 11.50 Downloading typing_inspection-0.4.2-py3-none-any.whl (14 kB)
#10 11.51 Downloading urllib3-2.5.0-py3-none-any.whl (129 kB)
#10 11.53    ━━━━━━━━━━━━━━━━━━━━━━━━━━━━━━━━━━━━━━━━ 129.8/129.8 kB 6.8 MB/s eta 0:00:00
#10 11.54 Downloading marisa_trie-1.3.1-cp311-cp311-manylinux_2_24_x86_64.manylinux_2_28_x86_64.whl (1.3 MB)
#10 11.59    ━━━━━━━━━━━━━━━━━━━━━━━━━━━━━━━━━━━━━━━━ 1.3/1.3 MB 26.5 MB/s eta 0:00:00
#10 11.60 Downloading wrapt-2.0.0-cp311-cp311-manylinux1_x86_64.manylinux_2_28_x86_64.manylinux_2_5_x86_64.whl (114 kB)
#10 11.62    ━━━━━━━━━━━━━━━━━━━━━━━━━━━━━━━━━━━━━━━━ 114.1/114.1 kB 6.9 MB/s eta 0:00:00
#10 12.17 Installing collected packages: pathlib, cymem, wrapt, wasabi, urllib3, typing-inspection, tqdm, spacy-loggers, spacy-legacy, shellingham, pydantic-core, Pillow, numpy, murmurhash, MarkupSafe, marisa-trie, idna, cloudpathlib, click, charset_normalizer, certifi, catalogue, annotated-types, srsly, smart-open, requests, pydantic, preshed, opencv-python, language-data, jinja2, blis, typer, langcodes, confection, weasel, thinc, spacy, keras-models
#10 12.73   Attempting uninstall: numpy
#10 12.74     Found existing installation: numpy 2.3.4
#10 12.79     Uninstalling numpy-2.3.4:
#10 13.59       Successfully uninstalled numpy-2.3.4
#10 18.98 Successfully installed MarkupSafe-3.0.3 Pillow-12.0.0 annotated-types-0.7.0 blis-1.3.0 catalogue-2.0.10 certifi-2025.10.5 charset_normalizer-3.4.4 click-8.3.0 cloudpathlib-0.23.0 confection-0.1.5 cymem-2.0.11 idna-3.11 jinja2-3.1.6 keras-models-0.0.7 langcodes-3.5.0 language-data-1.3.0 marisa-trie-1.3.1 murmurhash-1.0.13 numpy-2.2.6 opencv-python-4.12.0.88 pathlib-1.0.1 preshed-3.0.10 pydantic-2.12.3 pydantic-core-2.41.4 requests-2.32.5 shellingham-1.5.4 smart-open-7.4.1 spacy-3.8.7 spacy-legacy-3.0.12 spacy-loggers-1.0.5 srsly-2.5.1 thinc-8.3.6 tqdm-4.67.1 typer-0.20.0 typing-inspection-0.4.2 urllib3-2.5.0 wasabi-1.1.3 weasel-0.4.1 wrapt-2.0.0
#10 18.98 WARNING: Running pip as the 'root' user can result in broken permissions and conflicting behaviour with the system package manager. It is recommended to use a virtual environment instead: https://pip.pypa.io/warnings/venv
#10 18.98 
#10 18.98 [notice] A new release of pip is available: 24.0 -> 25.3
#10 18.98 [notice] To update, run: pip install --upgrade pip
#10 DONE 21.0s

#11 exporting to image
#11 exporting layers
#11 exporting layers 2.2s done
#11 writing image sha256:b46c6764ff9e0e76b3d16590da24e277b723df60c3b48c2bc5d3e17771ac5f7f done
#11 naming to docker.io/library/test-image-c8d1caabaf7b43317bc8825c226045d2 done
#11 DONE 2.2s

View build details: docker-desktop://dashboard/build/default/default/favhwonfk21tk6nipizouf1uv
[2025-10-29 20:08:04] SUCCESS: Build completed for c8d1caabaf7b43317bc8825c226045d2
