=== Docker Build Log for fbbdb1ba7c66cc4e1bb2 ===
Started at: Mi 29. Okt 21:41:11 CET 2025

[2025-10-29 21:41:11] START: Building image for fbbdb1ba7c66cc4e1bb2
#0 building with "default" instance using docker driver

#1 [internal] load build definition from Dockerfile
#1 transferring dockerfile: 145B done
#1 DONE 0.0s

#2 [internal] load metadata for docker.io/library/python:3.11
#2 DONE 0.0s

#3 [internal] load .dockerignore
#3 transferring context: 2B done
#3 DONE 0.0s

#4 [internal] load build context
#4 transferring context: 4.99kB 0.0s done
#4 DONE 0.0s

#5 [1/2] FROM docker.io/library/python:3.11
#5 CACHED

#6 [2/2] COPY hard-gists/fbbdb1ba7c66cc4e1bb2/snippet.py /snippet.py
#6 DONE 0.1s

#7 exporting to image
#7 exporting layers 0.0s done
#7 writing image sha256:ce19621064ba5f490a9fbfa3b1d174015379f9cf52b1f7e75474e90d6d1546a6 done
#7 naming to docker.io/library/test-image-fbbdb1ba7c66cc4e1bb2 done
#7 DONE 0.1s

View build details: docker-desktop://dashboard/build/default/default/txp4sbgl23qzl948h11wytcyl
[2025-10-29 21:41:11] SUCCESS: Build completed for fbbdb1ba7c66cc4e1bb2
