=== Docker Build Log for 4575855 ===
Started at: Mi 29. Okt 14:44:22 CET 2025

[2025-10-29 14:44:22] START: Building image for 4575855
#0 building with "default" instance using docker driver

#1 [internal] load build definition from Dockerfile
#1 transferring dockerfile: 236B done
#1 DONE 0.0s

#2 [internal] load metadata for docker.io/library/python:3.11
#2 DONE 0.0s

#3 [internal] load .dockerignore
#3 transferring context: 2B done
#3 DONE 0.0s

#4 [1/5] FROM docker.io/library/python:3.11
#4 DONE 0.0s

#5 [internal] load build context
#5 transferring context: 637B 0.0s done
#5 DONE 0.1s

#4 [1/5] FROM docker.io/library/python:3.11
#4 CACHED

#6 [2/5] COPY hard-gists/4575855/snippet.py /snippet.py
#6 DONE 0.1s

#7 [3/5] RUN ["pip","install","dj.choices"]
#7 2.593 Collecting dj.choices
#7 2.641   Downloading dj.choices-0.11.0.tar.gz (28 kB)
#7 2.660   Preparing metadata (setup.py): started
#7 3.183   Preparing metadata (setup.py): finished with status 'done'
#7 3.334 Collecting django (from dj.choices)
#7 3.344   Downloading django-5.2.7-py3-none-any.whl.metadata (4.1 kB)
#7 3.387 Collecting six (from dj.choices)
#7 3.396   Downloading six-1.17.0-py2.py3-none-any.whl.metadata (1.7 kB)
#7 3.449 Collecting asgiref>=3.8.1 (from django->dj.choices)
#7 3.457   Downloading asgiref-3.10.0-py3-none-any.whl.metadata (9.3 kB)
#7 3.500 Collecting sqlparse>=0.3.1 (from django->dj.choices)
#7 3.509   Downloading sqlparse-0.5.3-py3-none-any.whl.metadata (3.9 kB)
#7 3.540 Downloading django-5.2.7-py3-none-any.whl (8.3 MB)
#7 3.880    ━━━━━━━━━━━━━━━━━━━━━━━━━━━━━━━━━━━━━━━━ 8.3/8.3 MB 24.7 MB/s eta 0:00:00
#7 3.890 Downloading six-1.17.0-py2.py3-none-any.whl (11 kB)
#7 3.913 Downloading asgiref-3.10.0-py3-none-any.whl (24 kB)
#7 3.932 Downloading sqlparse-0.5.3-py3-none-any.whl (44 kB)
#7 3.943    ━━━━━━━━━━━━━━━━━━━━━━━━━━━━━━━━━━━━━━━━ 44.4/44.4 kB 3.8 MB/s eta 0:00:00
#7 4.000 Building wheels for collected packages: dj.choices
#7 4.000   Building wheel for dj.choices (setup.py): started
#7 4.240   Building wheel for dj.choices (setup.py): finished with status 'done'
#7 4.240   Created wheel for dj.choices: filename=dj_choices-0.11.0-py3-none-any.whl size=28716 sha256=ac947c25ac85498b2264e44bdff8a4e4e457f43681c8f623c175a212ca71a330
#7 4.240   Stored in directory: /root/.cache/pip/wheels/97/38/bd/4ca089ff8ffdead6a07e7af033d36d74a01ab7a37e70797942
#7 4.243 Successfully built dj.choices
#7 4.317 Installing collected packages: sqlparse, six, asgiref, django, dj.choices
#7 6.664 Successfully installed asgiref-3.10.0 dj.choices-0.11.0 django-5.2.7 six-1.17.0 sqlparse-0.5.3
#7 6.664 WARNING: Running pip as the 'root' user can result in broken permissions and conflicting behaviour with the system package manager. It is recommended to use a virtual environment instead: https://pip.pypa.io/warnings/venv
#7 6.800 
#7 6.800 [notice] A new release of pip is available: 24.0 -> 25.3
#7 6.800 [notice] To update, run: pip install --upgrade pip
#7 DONE 7.5s

#8 [4/5] RUN ["pip","install","Django"]
#8 0.622 Requirement already satisfied: Django in /usr/local/lib/python3.11/site-packages (5.2.7)
#8 0.627 Requirement already satisfied: asgiref>=3.8.1 in /usr/local/lib/python3.11/site-packages (from Django) (3.10.0)
#8 0.628 Requirement already satisfied: sqlparse>=0.3.1 in /usr/local/lib/python3.11/site-packages (from Django) (0.5.3)
#8 0.682 WARNING: Running pip as the 'root' user can result in broken permissions and conflicting behaviour with the system package manager. It is recommended to use a virtual environment instead: https://pip.pypa.io/warnings/venv
#8 0.688 
#8 0.688 [notice] A new release of pip is available: 24.0 -> 25.3
#8 0.688 [notice] To update, run: pip install --upgrade pip
#8 DONE 0.8s

#9 [5/5] RUN ["pip","install","django-test"]
#9 0.634 Collecting django-test
#9 0.672   Downloading django-test-0.4030.tar.gz (14 kB)
#9 0.687   Preparing metadata (setup.py): started
#9 0.878   Preparing metadata (setup.py): finished with status 'done'
#9 0.879 Building wheels for collected packages: django-test
#9 0.884   Building wheel for django-test (setup.py): started
#9 1.082   Building wheel for django-test (setup.py): finished with status 'done'
#9 1.083   Created wheel for django-test: filename=django_test-0.4030-py3-none-any.whl size=20059 sha256=bba179ee074f32cb7b3083dda2f5a9b8da8a151c162a3e6b9239ff043ffa20f0
#9 1.083   Stored in directory: /root/.cache/pip/wheels/32/43/47/2b13af766421220aa069444e648bdae66bc3dbe5e5fbfdc94f
#9 1.086 Successfully built django-test
#9 1.136 Installing collected packages: django-test
#9 1.182 Successfully installed django-test-0.4030
#9 1.182 WARNING: Running pip as the 'root' user can result in broken permissions and conflicting behaviour with the system package manager. It is recommended to use a virtual environment instead: https://pip.pypa.io/warnings/venv
#9 1.189 
#9 1.189 [notice] A new release of pip is available: 24.0 -> 25.3
#9 1.189 [notice] To update, run: pip install --upgrade pip
#9 DONE 1.3s

#10 exporting to image
#10 exporting layers
#10 exporting layers 0.9s done
#10 writing image sha256:1d60badf09f62d373c07e7d2a74a131cf07eaab47a19417ea08a071d711586cf done
#10 naming to docker.io/library/test-image-4575855 done
#10 DONE 0.9s

View build details: docker-desktop://dashboard/build/default/default/tpstpzyscnma9xalnj91iwtnk
[2025-10-29 14:44:33] SUCCESS: Build completed for 4575855
