=== Docker Build Log for 6094977 ===
Started at: Mi 29. Okt 16:19:33 CET 2025

[2025-10-29 16:19:33] START: Building image for 6094977
#0 building with "default" instance using docker driver

#1 [internal] load build definition from Dockerfile
#1 transferring dockerfile: 132B done
#1 DONE 0.0s

#2 [internal] load metadata for docker.io/library/python:3.11
#2 DONE 0.0s

#3 [internal] load .dockerignore
#3 transferring context: 2B done
#3 DONE 0.0s

#4 [internal] load build context
#4 transferring context: 8.12kB 0.0s done
#4 DONE 0.0s

#5 [1/2] FROM docker.io/library/python:3.11
#5 CACHED

#6 [2/2] COPY hard-gists/6094977/snippet.py /snippet.py
#6 DONE 0.1s

#7 exporting to image
#7 exporting layers 0.0s done
#7 writing image sha256:d68a1f532c58d86170530a95b26e0abb3fb3f2c4f14ccbadbba73cdb5d1d41bc done
#7 naming to docker.io/library/test-image-6094977 done
#7 DONE 0.1s

View build details: docker-desktop://dashboard/build/default/default/r33wkmo0w41hhlavpgtfgftta
[2025-10-29 16:19:33] SUCCESS: Build completed for 6094977
