=== Docker Build Log for 053b89bd6975f89f043871335dce8c5b ===
Started at: Mi 29. Okt 11:28:03 CET 2025

[2025-10-29 11:28:03] START: Building image for 053b89bd6975f89f043871335dce8c5b
#0 building with "default" instance using docker driver

#1 [internal] load build definition from Dockerfile
#1 transferring dockerfile: 192B done
#1 DONE 0.0s

#2 [internal] load metadata for docker.io/library/python:3.11
#2 DONE 0.0s

#3 [internal] load .dockerignore
#3 transferring context: 2B done
#3 DONE 0.0s

#4 [internal] load build context
#4 transferring context: 1.07kB 0.0s done
#4 DONE 0.0s

#5 [1/3] FROM docker.io/library/python:3.11
#5 CACHED

#6 [2/3] COPY hard-gists/053b89bd6975f89f043871335dce8c5b/snippet.py /snippet.py
#6 DONE 0.1s

#7 [3/3] RUN ["pip","install","requests"]
#7 2.015 Collecting requests
#7 2.049   Downloading requests-2.32.5-py3-none-any.whl.metadata (4.9 kB)
#7 2.166 Collecting charset_normalizer<4,>=2 (from requests)
#7 2.174   Downloading charset_normalizer-3.4.4-cp311-cp311-manylinux2014_x86_64.manylinux_2_17_x86_64.manylinux_2_28_x86_64.whl.metadata (37 kB)
#7 2.215 Collecting idna<4,>=2.5 (from requests)
#7 2.224   Downloading idna-3.11-py3-none-any.whl.metadata (8.4 kB)
#7 2.281 Collecting urllib3<3,>=1.21.1 (from requests)
#7 2.289   Downloading urllib3-2.5.0-py3-none-any.whl.metadata (6.5 kB)
#7 2.331 Collecting certifi>=2017.4.17 (from requests)
#7 2.339   Downloading certifi-2025.10.5-py3-none-any.whl.metadata (2.5 kB)
#7 2.366 Downloading requests-2.32.5-py3-none-any.whl (64 kB)
#7 2.385    ━━━━━━━━━━━━━━━━━━━━━━━━━━━━━━━━━━━━━━━━ 64.7/64.7 kB 3.2 MB/s eta 0:00:00
#7 2.393 Downloading certifi-2025.10.5-py3-none-any.whl (163 kB)
#7 2.413    ━━━━━━━━━━━━━━━━━━━━━━━━━━━━━━━━━━━━━━━━ 163.3/163.3 kB 8.2 MB/s eta 0:00:00
#7 2.423 Downloading charset_normalizer-3.4.4-cp311-cp311-manylinux2014_x86_64.manylinux_2_17_x86_64.manylinux_2_28_x86_64.whl (151 kB)
#7 2.438    ━━━━━━━━━━━━━━━━━━━━━━━━━━━━━━━━━━━━━━━━ 151.6/151.6 kB 10.9 MB/s eta 0:00:00
#7 2.446 Downloading idna-3.11-py3-none-any.whl (71 kB)
#7 2.458    ━━━━━━━━━━━━━━━━━━━━━━━━━━━━━━━━━━━━━━━━ 71.0/71.0 kB 5.9 MB/s eta 0:00:00
#7 2.467 Downloading urllib3-2.5.0-py3-none-any.whl (129 kB)
#7 2.484    ━━━━━━━━━━━━━━━━━━━━━━━━━━━━━━━━━━━━━━━━ 129.8/129.8 kB 8.0 MB/s eta 0:00:00
#7 2.530 Installing collected packages: urllib3, idna, charset_normalizer, certifi, requests
#7 2.751 Successfully installed certifi-2025.10.5 charset_normalizer-3.4.4 idna-3.11 requests-2.32.5 urllib3-2.5.0
#7 2.751 WARNING: Running pip as the 'root' user can result in broken permissions and conflicting behaviour with the system package manager. It is recommended to use a virtual environment instead: https://pip.pypa.io/warnings/venv
#7 2.842 
#7 2.842 [notice] A new release of pip is available: 24.0 -> 25.3
#7 2.842 [notice] To update, run: pip install --upgrade pip
#7 DONE 3.0s

#8 exporting to image
#8 exporting layers 0.1s done
#8 writing image sha256:88c081723649110b20f4ec905c59455ac662ff92579e1c0c6ca0942d975537c7 done
#8 naming to docker.io/library/test-image-053b89bd6975f89f043871335dce8c5b done
#8 DONE 0.2s

View build details: docker-desktop://dashboard/build/default/default/6idg13dt0or08pb859956le6d
[2025-10-29 11:28:06] SUCCESS: Build completed for 053b89bd6975f89f043871335dce8c5b
