=== Docker Build Log for 0b42dbd687ae3b838728 ===
Started at: Mi 29. Okt 11:32:40 CET 2025

[2025-10-29 11:32:40] START: Building image for 0b42dbd687ae3b838728
#0 building with "default" instance using docker driver

#1 [internal] load build definition from Dockerfile
#1 transferring dockerfile: 181B done
#1 DONE 0.0s

#2 [internal] load metadata for docker.io/library/python:3.11
#2 DONE 0.0s

#3 [internal] load .dockerignore
#3 transferring context: 2B done
#3 DONE 0.0s

#4 [internal] load build context
#4 transferring context: 441B 0.0s done
#4 DONE 0.0s

#5 [1/3] FROM docker.io/library/python:3.11
#5 CACHED

#6 [2/3] COPY hard-gists/0b42dbd687ae3b838728/snippet.py /snippet.py
#6 DONE 0.1s

#7 [3/3] RUN ["pip","install","GitPython"]
#7 1.887 Collecting GitPython
#7 1.929   Downloading gitpython-3.1.45-py3-none-any.whl.metadata (13 kB)
#7 1.974 Collecting gitdb<5,>=4.0.1 (from GitPython)
#7 1.983   Downloading gitdb-4.0.12-py3-none-any.whl.metadata (1.2 kB)
#7 2.021 Collecting smmap<6,>=3.0.1 (from gitdb<5,>=4.0.1->GitPython)
#7 2.029   Downloading smmap-5.0.2-py3-none-any.whl.metadata (4.3 kB)
#7 2.048 Downloading gitpython-3.1.45-py3-none-any.whl (208 kB)
#7 2.083    ━━━━━━━━━━━━━━━━━━━━━━━━━━━━━━━━━━━━━━━━ 208.2/208.2 kB 6.2 MB/s eta 0:00:00
#7 2.091 Downloading gitdb-4.0.12-py3-none-any.whl (62 kB)
#7 2.103    ━━━━━━━━━━━━━━━━━━━━━━━━━━━━━━━━━━━━━━━━ 62.8/62.8 kB 5.3 MB/s eta 0:00:00
#7 2.111 Downloading smmap-5.0.2-py3-none-any.whl (24 kB)
#7 2.164 Installing collected packages: smmap, gitdb, GitPython
#7 2.290 Successfully installed GitPython-3.1.45 gitdb-4.0.12 smmap-5.0.2
#7 2.291 WARNING: Running pip as the 'root' user can result in broken permissions and conflicting behaviour with the system package manager. It is recommended to use a virtual environment instead: https://pip.pypa.io/warnings/venv
#7 2.382 
#7 2.382 [notice] A new release of pip is available: 24.0 -> 25.3
#7 2.382 [notice] To update, run: pip install --upgrade pip
#7 DONE 2.5s

#8 exporting to image
#8 exporting layers 0.1s done
#8 writing image sha256:3a08cbca35d121bc70ab302adfbac2e699efaced26fca6d693c5e1e74839f54b done
#8 naming to docker.io/library/test-image-0b42dbd687ae3b838728 0.0s done
#8 DONE 0.2s

View build details: docker-desktop://dashboard/build/default/default/s4a3io6ktxqs2jwn79v9z3kpc
[2025-10-29 11:32:43] SUCCESS: Build completed for 0b42dbd687ae3b838728
