=== Docker Build Log for 4260425 ===
Started at: Mi 29. Okt 14:34:10 CET 2025

[2025-10-29 14:34:10] START: Building image for 4260425
#0 building with "default" instance using docker driver

#1 [internal] load build definition from Dockerfile
#1 transferring dockerfile: 132B done
#1 DONE 0.0s

#2 [internal] load metadata for docker.io/library/python:3.11
#2 DONE 0.0s

#3 [internal] load .dockerignore
#3 transferring context: 2B done
#3 DONE 0.0s

#4 [internal] load build context
#4 transferring context: 1.10kB 0.0s done
#4 DONE 0.0s

#5 [1/2] FROM docker.io/library/python:3.11
#5 CACHED

#6 [2/2] COPY hard-gists/4260425/snippet.py /snippet.py
#6 DONE 0.1s

#7 exporting to image
#7 exporting layers 0.1s done
#7 writing image sha256:2f6075ef2b0727c12e73e9a27c15fe21c0d6e88f411da61e3cab660ad3918be6 done
#7 naming to docker.io/library/test-image-4260425 done
#7 DONE 0.1s

View build details: docker-desktop://dashboard/build/default/default/yqdyu3pje0t6w6bj2yvrh17hs
[2025-10-29 14:34:11] SUCCESS: Build completed for 4260425
