=== Docker Build Log for 57901e91e5c5a8bac3eb0cbbdd3aba81 ===
Started at: Mi 29. Okt 15:57:54 CET 2025

[2025-10-29 15:57:54] START: Building image for 57901e91e5c5a8bac3eb0cbbdd3aba81
#0 building with "default" instance using docker driver

#1 [internal] load build definition from Dockerfile
#1 transferring dockerfile: 189B done
#1 DONE 0.0s

#2 [internal] load metadata for docker.io/library/python:3.11
#2 DONE 0.0s

#3 [internal] load .dockerignore
#3 transferring context: 2B done
#3 DONE 0.0s

#4 [internal] load build context
#4 transferring context: 5.82kB 0.0s done
#4 DONE 0.0s

#5 [1/3] FROM docker.io/library/python:3.11
#5 CACHED

#6 [2/3] COPY hard-gists/57901e91e5c5a8bac3eb0cbbdd3aba81/snippet.py /snippet.py
#6 DONE 0.1s

#7 [3/3] RUN ["pip","install","torch"]
#7 2.019 Collecting torch
#7 2.053   Downloading torch-2.9.0-cp311-cp311-manylinux_2_28_x86_64.whl.metadata (30 kB)
#7 2.134 Collecting filelock (from torch)
#7 2.142   Downloading filelock-3.20.0-py3-none-any.whl.metadata (2.1 kB)
#7 2.190 Collecting typing-extensions>=4.10.0 (from torch)
#7 2.199   Downloading typing_extensions-4.15.0-py3-none-any.whl.metadata (3.3 kB)
#7 2.243 Collecting sympy>=1.13.3 (from torch)
#7 2.251   Downloading sympy-1.14.0-py3-none-any.whl.metadata (12 kB)
#7 2.304 Collecting networkx>=2.5.1 (from torch)
#7 2.313   Downloading networkx-3.5-py3-none-any.whl.metadata (6.3 kB)
#7 2.355 Collecting jinja2 (from torch)
#7 2.363   Downloading jinja2-3.1.6-py3-none-any.whl.metadata (2.9 kB)
#7 2.415 Collecting fsspec>=0.8.5 (from torch)
#7 2.428   Downloading fsspec-2025.9.0-py3-none-any.whl.metadata (10 kB)
#7 2.468 Collecting nvidia-cuda-nvrtc-cu12==12.8.93 (from torch)
#7 2.478   Downloading nvidia_cuda_nvrtc_cu12-12.8.93-py3-none-manylinux2010_x86_64.manylinux_2_12_x86_64.whl.metadata (1.7 kB)
#7 2.521 Collecting nvidia-cuda-runtime-cu12==12.8.90 (from torch)
#7 2.531   Downloading nvidia_cuda_runtime_cu12-12.8.90-py3-none-manylinux2014_x86_64.manylinux_2_17_x86_64.whl.metadata (1.7 kB)
#7 2.571 Collecting nvidia-cuda-cupti-cu12==12.8.90 (from torch)
#7 2.579   Downloading nvidia_cuda_cupti_cu12-12.8.90-py3-none-manylinux2014_x86_64.manylinux_2_17_x86_64.whl.metadata (1.7 kB)
#7 2.619 Collecting nvidia-cudnn-cu12==9.10.2.21 (from torch)
#7 2.627   Downloading nvidia_cudnn_cu12-9.10.2.21-py3-none-manylinux_2_27_x86_64.whl.metadata (1.8 kB)
#7 2.665 Collecting nvidia-cublas-cu12==12.8.4.1 (from torch)
#7 2.673   Downloading nvidia_cublas_cu12-12.8.4.1-py3-none-manylinux_2_27_x86_64.whl.metadata (1.7 kB)
#7 2.712 Collecting nvidia-cufft-cu12==11.3.3.83 (from torch)
#7 2.720   Downloading nvidia_cufft_cu12-11.3.3.83-py3-none-manylinux2014_x86_64.manylinux_2_17_x86_64.whl.metadata (1.7 kB)
#7 2.758 Collecting nvidia-curand-cu12==10.3.9.90 (from torch)
#7 2.766   Downloading nvidia_curand_cu12-10.3.9.90-py3-none-manylinux_2_27_x86_64.whl.metadata (1.7 kB)
#7 2.804 Collecting nvidia-cusolver-cu12==11.7.3.90 (from torch)
#7 2.812   Downloading nvidia_cusolver_cu12-11.7.3.90-py3-none-manylinux_2_27_x86_64.whl.metadata (1.8 kB)
#7 2.852 Collecting nvidia-cusparse-cu12==12.5.8.93 (from torch)
#7 2.861   Downloading nvidia_cusparse_cu12-12.5.8.93-py3-none-manylinux2014_x86_64.manylinux_2_17_x86_64.whl.metadata (1.8 kB)
#7 2.897 Collecting nvidia-cusparselt-cu12==0.7.1 (from torch)
#7 2.906   Downloading nvidia_cusparselt_cu12-0.7.1-py3-none-manylinux2014_x86_64.whl.metadata (7.0 kB)
#7 2.943 Collecting nvidia-nccl-cu12==2.27.5 (from torch)
#7 2.951   Downloading nvidia_nccl_cu12-2.27.5-py3-none-manylinux2014_x86_64.manylinux_2_17_x86_64.whl.metadata (2.0 kB)
#7 2.988 Collecting nvidia-nvshmem-cu12==3.3.20 (from torch)
#7 2.999   Downloading nvidia_nvshmem_cu12-3.3.20-py3-none-manylinux2014_x86_64.manylinux_2_17_x86_64.whl.metadata (2.1 kB)
#7 3.040 Collecting nvidia-nvtx-cu12==12.8.90 (from torch)
#7 3.049   Downloading nvidia_nvtx_cu12-12.8.90-py3-none-manylinux2014_x86_64.manylinux_2_17_x86_64.whl.metadata (1.8 kB)
#7 3.087 Collecting nvidia-nvjitlink-cu12==12.8.93 (from torch)
#7 3.095   Downloading nvidia_nvjitlink_cu12-12.8.93-py3-none-manylinux2010_x86_64.manylinux_2_12_x86_64.whl.metadata (1.7 kB)
#7 3.147 Collecting nvidia-cufile-cu12==1.13.1.3 (from torch)
#7 3.155   Downloading nvidia_cufile_cu12-1.13.1.3-py3-none-manylinux2014_x86_64.manylinux_2_17_x86_64.whl.metadata (1.7 kB)
#7 3.197 Collecting triton==3.5.0 (from torch)
#7 3.205   Downloading triton-3.5.0-cp311-cp311-manylinux_2_27_x86_64.manylinux_2_28_x86_64.whl.metadata (1.7 kB)
#7 3.332 Collecting mpmath<1.4,>=1.1.0 (from sympy>=1.13.3->torch)
#7 3.341   Downloading mpmath-1.3.0-py3-none-any.whl.metadata (8.6 kB)
#7 3.429 Collecting MarkupSafe>=2.0 (from jinja2->torch)
#7 3.437   Downloading markupsafe-3.0.3-cp311-cp311-manylinux2014_x86_64.manylinux_2_17_x86_64.manylinux_2_28_x86_64.whl.metadata (2.7 kB)
#7 3.474 Downloading torch-2.9.0-cp311-cp311-manylinux_2_28_x86_64.whl (899.8 MB)
#7 39.50    ━━━━━━━━━━━━━━━━━━━━━━━━━━━━━━━━━━━━━━━━ 899.8/899.8 MB 1.3 MB/s eta 0:00:00
#7 39.51 Downloading nvidia_cublas_cu12-12.8.4.1-py3-none-manylinux_2_27_x86_64.whl (594.3 MB)
#7 63.21    ━━━━━━━━━━━━━━━━━━━━━━━━━━━━━━━━━━━━━━━━ 594.3/594.3 MB 2.1 MB/s eta 0:00:00
#7 63.22 Downloading nvidia_cuda_cupti_cu12-12.8.90-py3-none-manylinux2014_x86_64.manylinux_2_17_x86_64.whl (10.2 MB)
#7 63.60    ━━━━━━━━━━━━━━━━━━━━━━━━━━━━━━━━━━━━━━━━ 10.2/10.2 MB 26.9 MB/s eta 0:00:00
#7 63.61 Downloading nvidia_cuda_nvrtc_cu12-12.8.93-py3-none-manylinux2010_x86_64.manylinux_2_12_x86_64.whl (88.0 MB)
#7 68.92    ━━━━━━━━━━━━━━━━━━━━━━━━━━━━━━━━━━━━━━━━ 88.0/88.0 MB 3.5 MB/s eta 0:00:00
#7 68.94 Downloading nvidia_cuda_runtime_cu12-12.8.90-py3-none-manylinux2014_x86_64.manylinux_2_17_x86_64.whl (954 kB)
#7 69.00    ━━━━━━━━━━━━━━━━━━━━━━━━━━━━━━━━━━━━━━━━ 954.8/954.8 kB 15.8 MB/s eta 0:00:00
#7 69.01 Downloading nvidia_cudnn_cu12-9.10.2.21-py3-none-manylinux_2_27_x86_64.whl (706.8 MB)
#7 96.58    ━━━━━━━━━━━━━━━━━━━━━━━━━━━━━━━━━━━━━━━━ 706.8/706.8 MB 1.8 MB/s eta 0:00:00
#7 96.59 Downloading nvidia_cufft_cu12-11.3.3.83-py3-none-manylinux2014_x86_64.manylinux_2_17_x86_64.whl (193.1 MB)
#7 105.4    ━━━━━━━━━━━━━━━━━━━━━━━━━━━━━━━━━━━━━━━━ 193.1/193.1 MB 3.4 MB/s eta 0:00:00
#7 105.4 Downloading nvidia_cufile_cu12-1.13.1.3-py3-none-manylinux2014_x86_64.manylinux_2_17_x86_64.whl (1.2 MB)
#7 105.5    ━━━━━━━━━━━━━━━━━━━━━━━━━━━━━━━━━━━━━━━━ 1.2/1.2 MB 25.5 MB/s eta 0:00:00
#7 105.5 Downloading nvidia_curand_cu12-10.3.9.90-py3-none-manylinux_2_27_x86_64.whl (63.6 MB)
#7 108.0    ━━━━━━━━━━━━━━━━━━━━━━━━━━━━━━━━━━━━━━━━ 63.6/63.6 MB 12.3 MB/s eta 0:00:00
#7 108.0 Downloading nvidia_cusolver_cu12-11.7.3.90-py3-none-manylinux_2_27_x86_64.whl (267.5 MB)
#7 117.8    ━━━━━━━━━━━━━━━━━━━━━━━━━━━━━━━━━━━━━━━━ 267.5/267.5 MB 5.6 MB/s eta 0:00:00
#7 117.8 Downloading nvidia_cusparse_cu12-12.5.8.93-py3-none-manylinux2014_x86_64.manylinux_2_17_x86_64.whl (288.2 MB)
#7 128.5    ━━━━━━━━━━━━━━━━━━━━━━━━━━━━━━━━━━━━━━━━ 288.2/288.2 MB 5.1 MB/s eta 0:00:00
#7 128.5 Downloading nvidia_cusparselt_cu12-0.7.1-py3-none-manylinux2014_x86_64.whl (287.2 MB)
#7 139.9    ━━━━━━━━━━━━━━━━━━━━━━━━━━━━━━━━━━━━━━━━ 287.2/287.2 MB 3.8 MB/s eta 0:00:00
#7 139.9 Downloading nvidia_nccl_cu12-2.27.5-py3-none-manylinux2014_x86_64.manylinux_2_17_x86_64.whl (322.3 MB)
#7 153.3    ━━━━━━━━━━━━━━━━━━━━━━━━━━━━━━━━━━━━━━━━ 322.3/322.3 MB 3.1 MB/s eta 0:00:00
#7 153.3 Downloading nvidia_nvjitlink_cu12-12.8.93-py3-none-manylinux2010_x86_64.manylinux_2_12_x86_64.whl (39.3 MB)
#7 154.8    ━━━━━━━━━━━━━━━━━━━━━━━━━━━━━━━━━━━━━━━━ 39.3/39.3 MB 17.0 MB/s eta 0:00:00
#7 154.9 Downloading nvidia_nvshmem_cu12-3.3.20-py3-none-manylinux2014_x86_64.manylinux_2_17_x86_64.whl (124.7 MB)
#7 159.6    ━━━━━━━━━━━━━━━━━━━━━━━━━━━━━━━━━━━━━━━━ 124.7/124.7 MB 8.7 MB/s eta 0:00:00
#7 159.6 Downloading nvidia_nvtx_cu12-12.8.90-py3-none-manylinux2014_x86_64.manylinux_2_17_x86_64.whl (89 kB)
#7 159.6    ━━━━━━━━━━━━━━━━━━━━━━━━━━━━━━━━━━━━━━━━ 90.0/90.0 kB 8.0 MB/s eta 0:00:00
#7 159.6 Downloading triton-3.5.0-cp311-cp311-manylinux_2_27_x86_64.manylinux_2_28_x86_64.whl (170.4 MB)
#7 166.6    ━━━━━━━━━━━━━━━━━━━━━━━━━━━━━━━━━━━━━━━━ 170.4/170.4 MB 8.0 MB/s eta 0:00:00
#7 166.6 Downloading fsspec-2025.9.0-py3-none-any.whl (199 kB)
#7 166.6    ━━━━━━━━━━━━━━━━━━━━━━━━━━━━━━━━━━━━━━━━ 199.3/199.3 kB 12.7 MB/s eta 0:00:00
#7 166.6 Downloading networkx-3.5-py3-none-any.whl (2.0 MB)
#7 166.7    ━━━━━━━━━━━━━━━━━━━━━━━━━━━━━━━━━━━━━━━━ 2.0/2.0 MB 26.7 MB/s eta 0:00:00
#7 166.7 Downloading sympy-1.14.0-py3-none-any.whl (6.3 MB)
#7 166.9    ━━━━━━━━━━━━━━━━━━━━━━━━━━━━━━━━━━━━━━━━ 6.3/6.3 MB 28.2 MB/s eta 0:00:00
#7 166.9 Downloading typing_extensions-4.15.0-py3-none-any.whl (44 kB)
#7 166.9    ━━━━━━━━━━━━━━━━━━━━━━━━━━━━━━━━━━━━━━━━ 44.6/44.6 kB 3.4 MB/s eta 0:00:00
#7 167.0 Downloading filelock-3.20.0-py3-none-any.whl (16 kB)
#7 167.0 Downloading jinja2-3.1.6-py3-none-any.whl (134 kB)
#7 167.0    ━━━━━━━━━━━━━━━━━━━━━━━━━━━━━━━━━━━━━━━━ 134.9/134.9 kB 8.9 MB/s eta 0:00:00
#7 167.0 Downloading markupsafe-3.0.3-cp311-cp311-manylinux2014_x86_64.manylinux_2_17_x86_64.manylinux_2_28_x86_64.whl (22 kB)
#7 167.0 Downloading mpmath-1.3.0-py3-none-any.whl (536 kB)
#7 167.0    ━━━━━━━━━━━━━━━━━━━━━━━━━━━━━━━━━━━━━━━━ 536.2/536.2 kB 21.9 MB/s eta 0:00:00
#7 176.6 Installing collected packages: nvidia-cusparselt-cu12, mpmath, typing-extensions, triton, sympy, nvidia-nvtx-cu12, nvidia-nvshmem-cu12, nvidia-nvjitlink-cu12, nvidia-nccl-cu12, nvidia-curand-cu12, nvidia-cufile-cu12, nvidia-cuda-runtime-cu12, nvidia-cuda-nvrtc-cu12, nvidia-cuda-cupti-cu12, nvidia-cublas-cu12, networkx, MarkupSafe, fsspec, filelock, nvidia-cusparse-cu12, nvidia-cufft-cu12, nvidia-cudnn-cu12, jinja2, nvidia-cusolver-cu12, torch
#7 250.1 Successfully installed MarkupSafe-3.0.3 filelock-3.20.0 fsspec-2025.9.0 jinja2-3.1.6 mpmath-1.3.0 networkx-3.5 nvidia-cublas-cu12-12.8.4.1 nvidia-cuda-cupti-cu12-12.8.90 nvidia-cuda-nvrtc-cu12-12.8.93 nvidia-cuda-runtime-cu12-12.8.90 nvidia-cudnn-cu12-9.10.2.21 nvidia-cufft-cu12-11.3.3.83 nvidia-cufile-cu12-1.13.1.3 nvidia-curand-cu12-10.3.9.90 nvidia-cusolver-cu12-11.7.3.90 nvidia-cusparse-cu12-12.5.8.93 nvidia-cusparselt-cu12-0.7.1 nvidia-nccl-cu12-2.27.5 nvidia-nvjitlink-cu12-12.8.93 nvidia-nvshmem-cu12-3.3.20 nvidia-nvtx-cu12-12.8.90 sympy-1.14.0 torch-2.9.0 triton-3.5.0 typing-extensions-4.15.0
#7 250.1 WARNING: Running pip as the 'root' user can result in broken permissions and conflicting behaviour with the system package manager. It is recommended to use a virtual environment instead: https://pip.pypa.io/warnings/venv
#7 251.5 
#7 251.5 [notice] A new release of pip is available: 24.0 -> 25.3
#7 251.5 [notice] To update, run: pip install --upgrade pip
#7 DONE 258.5s

#8 exporting to image
#8 exporting layers
#8 exporting layers 63.2s done
#8 writing image sha256:6c84ef97cfda8e71fa335031d338db9c2db96bfce231267d325c57ea7307c0b2 done
#8 naming to docker.io/library/test-image-57901e91e5c5a8bac3eb0cbbdd3aba81 0.0s done
#8 DONE 63.3s

View build details: docker-desktop://dashboard/build/default/default/k93uw98s14977fkdc3scf0wpf
[2025-10-29 16:03:16] SUCCESS: Build completed for 57901e91e5c5a8bac3eb0cbbdd3aba81
