=== Docker Build Log for 5719341 ===
Started at: Mi 29. Okt 15:55:46 CET 2025

[2025-10-29 15:55:46] START: Building image for 5719341
#0 building with "default" instance using docker driver

#1 [internal] load build definition from Dockerfile
#1 transferring dockerfile: 353B done
#1 DONE 0.0s

#2 [internal] load metadata for docker.io/library/python:3.11
#2 DONE 0.0s

#3 [internal] load .dockerignore
#3 transferring context: 2B done
#3 DONE 0.0s

#4 [internal] load build context
#4 transferring context: 3.68kB 0.0s done
#4 DONE 0.0s

#5 [1/9] FROM docker.io/library/python:3.11
#5 CACHED

#6 [2/9] COPY hard-gists/5719341/snippet.py /snippet.py
#6 DONE 0.1s

#7 [3/9] RUN ["pip","install","OpsletsEc2"]
#7 2.101 Collecting OpsletsEc2
#7 2.137   Downloading OpsletsEc2-0.3.30.tar.gz (9.7 kB)
#7 2.151   Preparing metadata (setup.py): started
#7 2.577   Preparing metadata (setup.py): finished with status 'done'
#7 2.622 Collecting boto>=2.38.0 (from OpsletsEc2)
#7 2.633   Downloading boto-2.49.0-py2.py3-none-any.whl.metadata (7.3 kB)
#7 3.201 Collecting boto3>=1.2.3 (from OpsletsEc2)
#7 3.216   Downloading boto3-1.40.61-py3-none-any.whl.metadata (6.6 kB)
#7 3.263 Collecting python-dateutil>=2.4.2 (from OpsletsEc2)
#7 3.270   Downloading python_dateutil-2.9.0.post0-py2.py3-none-any.whl.metadata (8.4 kB)
#7 3.314 Collecting Jinja2>=2.8 (from OpsletsEc2)
#7 3.323   Downloading jinja2-3.1.6-py3-none-any.whl.metadata (2.9 kB)
#7 3.336 Requirement already satisfied: pip in /usr/local/lib/python3.11/site-packages (from OpsletsEc2) (24.0)
#7 3.942 Collecting botocore<1.41.0,>=1.40.61 (from boto3>=1.2.3->OpsletsEc2)
#7 3.951   Downloading botocore-1.40.61-py3-none-any.whl.metadata (5.7 kB)
#7 3.998 Collecting jmespath<2.0.0,>=0.7.1 (from boto3>=1.2.3->OpsletsEc2)
#7 4.005   Downloading jmespath-1.0.1-py3-none-any.whl.metadata (7.6 kB)
#7 4.054 Collecting s3transfer<0.15.0,>=0.14.0 (from boto3>=1.2.3->OpsletsEc2)
#7 4.062   Downloading s3transfer-0.14.0-py3-none-any.whl.metadata (1.7 kB)
#7 4.150 Collecting MarkupSafe>=2.0 (from Jinja2>=2.8->OpsletsEc2)
#7 4.160   Downloading markupsafe-3.0.3-cp311-cp311-manylinux2014_x86_64.manylinux_2_17_x86_64.manylinux_2_28_x86_64.whl.metadata (2.7 kB)
#7 4.201 Collecting six>=1.5 (from python-dateutil>=2.4.2->OpsletsEc2)
#7 4.210   Downloading six-1.17.0-py2.py3-none-any.whl.metadata (1.7 kB)
#7 4.285 Collecting urllib3!=2.2.0,<3,>=1.25.4 (from botocore<1.41.0,>=1.40.61->boto3>=1.2.3->OpsletsEc2)
#7 4.296   Downloading urllib3-2.5.0-py3-none-any.whl.metadata (6.5 kB)
#7 4.596 Downloading boto-2.49.0-py2.py3-none-any.whl (1.4 MB)
#7 4.671    ━━━━━━━━━━━━━━━━━━━━━━━━━━━━━━━━━━━━━━━━ 1.4/1.4 MB 18.5 MB/s eta 0:00:00
#7 4.680 Downloading boto3-1.40.61-py3-none-any.whl (139 kB)
#7 4.696    ━━━━━━━━━━━━━━━━━━━━━━━━━━━━━━━━━━━━━━━━ 139.3/139.3 kB 9.7 MB/s eta 0:00:00
#7 4.703 Downloading jinja2-3.1.6-py3-none-any.whl (134 kB)
#7 4.717    ━━━━━━━━━━━━━━━━━━━━━━━━━━━━━━━━━━━━━━━━ 134.9/134.9 kB 9.9 MB/s eta 0:00:00
#7 4.728 Downloading python_dateutil-2.9.0.post0-py2.py3-none-any.whl (229 kB)
#7 4.746    ━━━━━━━━━━━━━━━━━━━━━━━━━━━━━━━━━━━━━━━━ 229.9/229.9 kB 14.0 MB/s eta 0:00:00
#7 4.754 Downloading botocore-1.40.61-py3-none-any.whl (14.1 MB)
#7 5.306    ━━━━━━━━━━━━━━━━━━━━━━━━━━━━━━━━━━━━━━━━ 14.1/14.1 MB 23.7 MB/s eta 0:00:00
#7 5.317 Downloading jmespath-1.0.1-py3-none-any.whl (20 kB)
#7 5.336 Downloading markupsafe-3.0.3-cp311-cp311-manylinux2014_x86_64.manylinux_2_17_x86_64.manylinux_2_28_x86_64.whl (22 kB)
#7 5.354 Downloading s3transfer-0.14.0-py3-none-any.whl (85 kB)
#7 5.367    ━━━━━━━━━━━━━━━━━━━━━━━━━━━━━━━━━━━━━━━━ 85.7/85.7 kB 7.4 MB/s eta 0:00:00
#7 5.375 Downloading six-1.17.0-py2.py3-none-any.whl (11 kB)
#7 5.393 Downloading urllib3-2.5.0-py3-none-any.whl (129 kB)
#7 5.406    ━━━━━━━━━━━━━━━━━━━━━━━━━━━━━━━━━━━━━━━━ 129.8/129.8 kB 10.8 MB/s eta 0:00:00
#7 5.464 Building wheels for collected packages: OpsletsEc2
#7 5.464   Building wheel for OpsletsEc2 (setup.py): started
#7 5.662   Building wheel for OpsletsEc2 (setup.py): finished with status 'done'
#7 5.662   Created wheel for OpsletsEc2: filename=opsletsec2-0.3.30-py3-none-any.whl size=13331 sha256=0d779e81b397a66e44186a9601a4b8d8fb7aa374fd96c1363521e5075ae16b7a
#7 5.663   Stored in directory: /root/.cache/pip/wheels/8e/dc/76/9ae852c01789b94d25c14250ab9ab44df0dca5fe1c546ad78d
#7 5.664 Successfully built OpsletsEc2
#7 5.724 Installing collected packages: boto, urllib3, six, MarkupSafe, jmespath, python-dateutil, Jinja2, botocore, s3transfer, boto3, OpsletsEc2
#7 7.041 Successfully installed Jinja2-3.1.6 MarkupSafe-3.0.3 OpsletsEc2-0.3.30 boto-2.49.0 boto3-1.40.61 botocore-1.40.61 jmespath-1.0.1 python-dateutil-2.9.0.post0 s3transfer-0.14.0 six-1.17.0 urllib3-2.5.0
#7 7.041 WARNING: Running pip as the 'root' user can result in broken permissions and conflicting behaviour with the system package manager. It is recommended to use a virtual environment instead: https://pip.pypa.io/warnings/venv
#7 7.145 
#7 7.145 [notice] A new release of pip is available: 24.0 -> 25.3
#7 7.145 [notice] To update, run: pip install --upgrade pip
#7 DONE 7.7s

#8 [4/9] RUN ["pip","install","gdctools"]
#8 0.587 Collecting gdctools
#8 0.628   Downloading gdctools-0.2.12.tar.gz (69 kB)
#8 0.653      ━━━━━━━━━━━━━━━━━━━━━━━━━━━━━━━━━━━━━━━━ 69.4/69.4 kB 2.6 MB/s eta 0:00:00
#8 0.662   Preparing metadata (setup.py): started
#8 0.805   Preparing metadata (setup.py): finished with status 'done'
#8 0.863 Collecting requests (from gdctools)
#8 0.874   Downloading requests-2.32.5-py3-none-any.whl.metadata (4.9 kB)
#8 0.920 Collecting fasteners (from gdctools)
#8 0.928   Downloading fasteners-0.20-py3-none-any.whl.metadata (4.8 kB)
#8 1.107 Collecting matplotlib==2.1.1 (from gdctools)
#8 1.123   Downloading matplotlib-2.1.1.tar.gz (36.1 MB)
#8 2.669      ━━━━━━━━━━━━━━━━━━━━━━━━━━━━━━━━━━━━━━━━ 36.1/36.1 MB 19.2 MB/s eta 0:00:00
#8 3.974   Preparing metadata (setup.py): started
#8 6.774   Preparing metadata (setup.py): finished with status 'done'
#8 6.818 Collecting future (from gdctools)
#8 6.826   Downloading future-1.0.0-py3-none-any.whl.metadata (4.0 kB)
#8 6.867 Collecting configparser (from gdctools)
#8 6.876   Downloading configparser-7.2.0-py3-none-any.whl.metadata (5.5 kB)
#8 7.105 Collecting numpy>=1.7.1 (from matplotlib==2.1.1->gdctools)
#8 7.106   Using cached numpy-2.3.4-cp311-cp311-manylinux_2_27_x86_64.manylinux_2_28_x86_64.whl.metadata (62 kB)
#8 7.117 Requirement already satisfied: six>=1.10 in /usr/local/lib/python3.11/site-packages (from matplotlib==2.1.1->gdctools) (1.17.0)
#8 7.118 Requirement already satisfied: python-dateutil>=2.0 in /usr/local/lib/python3.11/site-packages (from matplotlib==2.1.1->gdctools) (2.9.0.post0)
#8 7.186 Collecting pytz (from matplotlib==2.1.1->gdctools)
#8 7.196   Downloading pytz-2025.2-py2.py3-none-any.whl.metadata (22 kB)
#8 7.234 Collecting cycler>=0.10 (from matplotlib==2.1.1->gdctools)
#8 7.243   Downloading cycler-0.12.1-py3-none-any.whl.metadata (3.8 kB)
#8 7.319 Collecting pyparsing!=2.0.4,!=2.1.2,!=2.1.6,>=2.0.1 (from matplotlib==2.1.1->gdctools)
#8 7.337   Downloading pyparsing-3.2.5-py3-none-any.whl.metadata (5.0 kB)
#8 7.480 Collecting charset_normalizer<4,>=2 (from requests->gdctools)
#8 7.489   Downloading charset_normalizer-3.4.4-cp311-cp311-manylinux2014_x86_64.manylinux_2_17_x86_64.manylinux_2_28_x86_64.whl.metadata (37 kB)
#8 7.538 Collecting idna<4,>=2.5 (from requests->gdctools)
#8 7.547   Downloading idna-3.11-py3-none-any.whl.metadata (8.4 kB)
#8 7.558 Requirement already satisfied: urllib3<3,>=1.21.1 in /usr/local/lib/python3.11/site-packages (from requests->gdctools) (2.5.0)
#8 7.596 Collecting certifi>=2017.4.17 (from requests->gdctools)
#8 7.604   Downloading certifi-2025.10.5-py3-none-any.whl.metadata (2.5 kB)
#8 7.659 Downloading configparser-7.2.0-py3-none-any.whl (17 kB)
#8 7.681 Downloading fasteners-0.20-py3-none-any.whl (18 kB)
#8 7.698 Downloading future-1.0.0-py3-none-any.whl (491 kB)
#8 7.723    ━━━━━━━━━━━━━━━━━━━━━━━━━━━━━━━━━━━━━━━━ 491.3/491.3 kB 20.7 MB/s eta 0:00:00
#8 7.730 Downloading requests-2.32.5-py3-none-any.whl (64 kB)
#8 7.747    ━━━━━━━━━━━━━━━━━━━━━━━━━━━━━━━━━━━━━━━━ 64.7/64.7 kB 3.6 MB/s eta 0:00:00
#8 7.758 Downloading certifi-2025.10.5-py3-none-any.whl (163 kB)
#8 7.774    ━━━━━━━━━━━━━━━━━━━━━━━━━━━━━━━━━━━━━━━━ 163.3/163.3 kB 11.0 MB/s eta 0:00:00
#8 7.782 Downloading charset_normalizer-3.4.4-cp311-cp311-manylinux2014_x86_64.manylinux_2_17_x86_64.manylinux_2_28_x86_64.whl (151 kB)
#8 7.798    ━━━━━━━━━━━━━━━━━━━━━━━━━━━━━━━━━━━━━━━━ 151.6/151.6 kB 10.4 MB/s eta 0:00:00
#8 7.806 Downloading cycler-0.12.1-py3-none-any.whl (8.3 kB)
#8 7.823 Downloading idna-3.11-py3-none-any.whl (71 kB)
#8 7.837    ━━━━━━━━━━━━━━━━━━━━━━━━━━━━━━━━━━━━━━━━ 71.0/71.0 kB 5.4 MB/s eta 0:00:00
#8 7.838 Using cached numpy-2.3.4-cp311-cp311-manylinux_2_27_x86_64.manylinux_2_28_x86_64.whl (16.9 MB)
#8 7.869 Downloading pyparsing-3.2.5-py3-none-any.whl (113 kB)
#8 7.883    ━━━━━━━━━━━━━━━━━━━━━━━━━━━━━━━━━━━━━━━━ 113.9/113.9 kB 9.2 MB/s eta 0:00:00
#8 7.890 Downloading pytz-2025.2-py2.py3-none-any.whl (509 kB)
#8 7.916    ━━━━━━━━━━━━━━━━━━━━━━━━━━━━━━━━━━━━━━━━ 509.2/509.2 kB 20.7 MB/s eta 0:00:00
#8 7.975 Building wheels for collected packages: gdctools, matplotlib
#8 7.981   Building wheel for gdctools (setup.py): started
#8 8.187   Building wheel for gdctools (setup.py): finished with status 'done'
#8 8.187   Created wheel for gdctools: filename=gdctools-0.2.12-py3-none-any.whl size=83095 sha256=94854627be82d59e1ff2e7b83cdd452be38e0ddba7a90278b894d193d0468d3a
#8 8.188   Stored in directory: /root/.cache/pip/wheels/02/43/06/1e387e40c87829eca00bd5a928cff66c6a846ba9de752c7393
#8 8.190   Building wheel for matplotlib (setup.py): started
#8 9.294   Building wheel for matplotlib (setup.py): finished with status 'error'
#8 9.326   error: subprocess-exited-with-error
#8 9.326   
#8 9.326   × python setup.py bdist_wheel did not run successfully.
#8 9.326   │ exit code: 1
#8 9.326   ╰─> [589 lines of output]
#8 9.326       /tmp/pip-install-itfr9khp/matplotlib_dea47c5db8de48c18e9570f64991f13e/setup.py:11: SetuptoolsDeprecationWarning: The test command is disabled and references to it are deprecated.
#8 9.326       !!
#8 9.326       
#8 9.326               ********************************************************************************
#8 9.326               Please remove any references to `setuptools.command.test` in all supported versions of the affected package.
#8 9.326       
#8 9.326               This deprecation is overdue, please update your project and remove deprecated
#8 9.326               calls to avoid build errors in the future.
#8 9.326               ********************************************************************************
#8 9.326       
#8 9.326       !!
#8 9.326         from setuptools.command.test import test as TestCommand
#8 9.326       ============================================================================
#8 9.326       Edit setup.cfg to change the build options
#8 9.326       
#8 9.326       BUILDING MATPLOTLIB
#8 9.326                   matplotlib: yes [2.1.1]
#8 9.326                       python: yes [3.11.14 (main, Oct 21 2025, 11:54:17) [GCC
#8 9.326                               14.2.0]]
#8 9.326                     platform: yes [linux]
#8 9.326       
#8 9.326       REQUIRED DEPENDENCIES AND EXTENSIONS
#8 9.326                        numpy: yes [not found. pip may install it below.]
#8 9.326                          six: yes [using six version 1.17.0]
#8 9.326                     dateutil: yes [using dateutil version 2.9.0.post0]
#8 9.326       backports.functools_lru_cache: yes [Not required]
#8 9.326                 subprocess32: yes [Not required]
#8 9.326                         pytz: yes [pytz was not found. pip/easy_install may
#8 9.326                               attempt to install it after matplotlib.]
#8 9.326                       cycler: yes [cycler was not found. pip/easy_install may
#8 9.326                               attempt to install it after matplotlib.]
#8 9.326                      tornado: yes [tornado was not found. It is required for the
#8 9.326                               WebAgg backend. pip/easy_install may attempt to
#8 9.326                               install it after matplotlib.]
#8 9.326                    pyparsing: yes [pyparsing was not found. It is required for
#8 9.326                               mathtext support. pip/easy_install may attempt to
#8 9.326                               install it after matplotlib.]
#8 9.326                       libagg: yes [pkg-config information for 'libagg' could not
#8 9.326                               be found. Using local copy.]
#8 9.326                     freetype: yes [version unknown]
#8 9.326                          png: yes [version 1.6.48]
#8 9.326                        qhull: yes [pkg-config information for 'libqhull' could not
#8 9.326                               be found. Using local copy.]
#8 9.326       
#8 9.326       OPTIONAL SUBPACKAGES
#8 9.326                  sample_data: yes [installing]
#8 9.326                     toolkits: yes [installing]
#8 9.326                        tests: no  [skipping due to configuration]
#8 9.326               toolkits_tests: no  [skipping due to configuration]
#8 9.326       
#8 9.326       OPTIONAL BACKEND EXTENSIONS
#8 9.326                       macosx: no  [Mac OS-X only]
#8 9.326                       qt5agg: no  [PySide2 not found; PyQt5 not found]
#8 9.326                       qt4agg: no  [PySide not found; PyQt4 not found]
#8 9.326                      gtk3agg: no  [Requires pygobject to be installed.]
#8 9.326                    gtk3cairo: no  [Requires cairocffi or pycairo to be installed.]
#8 9.326                       gtkagg: no  [Requires pygtk]
#8 9.326                        tkagg: yes [installing; run-time loading from Python Tcl /
#8 9.326                               Tk]
#8 9.326                        wxagg: no  [requires wxPython]
#8 9.326                          gtk: no  [Requires pygtk]
#8 9.326                          agg: yes [installing]
#8 9.326                        cairo: no  [cairocffi or pycairo not found]
#8 9.326                    windowing: no  [Microsoft Windows only]
#8 9.326       
#8 9.326       OPTIONAL LATEX DEPENDENCIES
#8 9.326                       dvipng: no
#8 9.326                  ghostscript: no
#8 9.326                        latex: no
#8 9.326                      pdftops: no
#8 9.326       
#8 9.326       OPTIONAL PACKAGE DATA
#8 9.326                         dlls: no  [skipping due to configuration]
#8 9.326       
#8 9.326       /usr/local/lib/python3.11/site-packages/setuptools/__init__.py:94: _DeprecatedInstaller: setuptools.installer and fetch_build_eggs are deprecated.
#8 9.326       !!
#8 9.326       
#8 9.326               ********************************************************************************
#8 9.326               Requirements should be satisfied by a PEP 517 installer.
#8 9.326               If you are using pip, you can try `pip install --use-pep517`.
#8 9.326               ********************************************************************************
#8 9.326       
#8 9.326       !!
#8 9.326         dist.fetch_build_eggs(dist.setup_requires)
#8 9.326       /usr/local/lib/python3.11/site-packages/setuptools/dist.py:806: SetuptoolsDeprecationWarning: The namespace_packages parameter is deprecated.
#8 9.326       !!
#8 9.326       
#8 9.326               ********************************************************************************
#8 9.326               Please replace its usage with implicit namespaces (PEP 420).
#8 9.326       
#8 9.326               See https://setuptools.pypa.io/en/latest/references/keywords.html#keyword-namespace-packages for details.
#8 9.326               ********************************************************************************
#8 9.326       
#8 9.326       !!
#8 9.326         ep.load()(self, ep.name, value)
#8 9.326       /usr/local/lib/python3.11/site-packages/setuptools/dist.py:759: SetuptoolsDeprecationWarning: License classifiers are deprecated.
#8 9.326       !!
#8 9.326       
#8 9.326               ********************************************************************************
#8 9.326               Please consider removing the following classifiers in favor of a SPDX license expression:
#8 9.326       
#8 9.326               License :: OSI Approved :: Python Software Foundation License
#8 9.326       
#8 9.326               See https://packaging.python.org/en/latest/guides/writing-pyproject-toml/#license for details.
#8 9.326               ********************************************************************************
#8 9.326       
#8 9.326       !!
#8 9.326         self._finalize_license_expression()
#8 9.326       running bdist_wheel
#8 9.326       running build
#8 9.326       running build_py
#8 9.326       creating build/lib.linux-x86_64-cpython-311
#8 9.326       copying lib/pylab.py -> build/lib.linux-x86_64-cpython-311
#8 9.326       creating build/lib.linux-x86_64-cpython-311/matplotlib
#8 9.326       copying lib/matplotlib/category.py -> build/lib.linux-x86_64-cpython-311/matplotlib
#8 9.326       copying lib/matplotlib/gridspec.py -> build/lib.linux-x86_64-cpython-311/matplotlib
#8 9.326       copying lib/matplotlib/quiver.py -> build/lib.linux-x86_64-cpython-311/matplotlib
#8 9.326       copying lib/matplotlib/figure.py -> build/lib.linux-x86_64-cpython-311/matplotlib
#8 9.326       copying lib/matplotlib/table.py -> build/lib.linux-x86_64-cpython-311/matplotlib
#8 9.326       copying lib/matplotlib/_color_data.py -> build/lib.linux-x86_64-cpython-311/matplotlib
#8 9.326       copying lib/matplotlib/mlab.py -> build/lib.linux-x86_64-cpython-311/matplotlib
#8 9.326       copying lib/matplotlib/textpath.py -> build/lib.linux-x86_64-cpython-311/matplotlib
#8 9.326       copying lib/matplotlib/pyplot.py -> build/lib.linux-x86_64-cpython-311/matplotlib
#8 9.326       copying lib/matplotlib/font_manager.py -> build/lib.linux-x86_64-cpython-311/matplotlib
#8 9.326       copying lib/matplotlib/colors.py -> build/lib.linux-x86_64-cpython-311/matplotlib
#8 9.326       copying lib/matplotlib/_mathtext_data.py -> build/lib.linux-x86_64-cpython-311/matplotlib
#8 9.326       copying lib/matplotlib/contour.py -> build/lib.linux-x86_64-cpython-311/matplotlib
#8 9.326       copying lib/matplotlib/backend_tools.py -> build/lib.linux-x86_64-cpython-311/matplotlib
#8 9.326       copying lib/matplotlib/scale.py -> build/lib.linux-x86_64-cpython-311/matplotlib
#8 9.326       copying lib/matplotlib/colorbar.py -> build/lib.linux-x86_64-cpython-311/matplotlib
#8 9.326       copying lib/matplotlib/streamplot.py -> build/lib.linux-x86_64-cpython-311/matplotlib
#8 9.326       copying lib/matplotlib/afm.py -> build/lib.linux-x86_64-cpython-311/matplotlib
#8 9.326       copying lib/matplotlib/finance.py -> build/lib.linux-x86_64-cpython-311/matplotlib
#8 9.326       copying lib/matplotlib/markers.py -> build/lib.linux-x86_64-cpython-311/matplotlib
#8 9.326       copying lib/matplotlib/path.py -> build/lib.linux-x86_64-cpython-311/matplotlib
#8 9.326       copying lib/matplotlib/offsetbox.py -> build/lib.linux-x86_64-cpython-311/matplotlib
#8 9.326       copying lib/matplotlib/type1font.py -> build/lib.linux-x86_64-cpython-311/matplotlib
#8 9.326       copying lib/matplotlib/dviread.py -> build/lib.linux-x86_64-cpython-311/matplotlib
#8 9.326       copying lib/matplotlib/lines.py -> build/lib.linux-x86_64-cpython-311/matplotlib
#8 9.326       copying lib/matplotlib/units.py -> build/lib.linux-x86_64-cpython-311/matplotlib
#8 9.326       copying lib/matplotlib/image.py -> build/lib.linux-x86_64-cpython-311/matplotlib
#8 9.326       copying lib/matplotlib/backend_bases.py -> build/lib.linux-x86_64-cpython-311/matplotlib
#8 9.326       copying lib/matplotlib/axis.py -> build/lib.linux-x86_64-cpython-311/matplotlib
#8 9.326       copying lib/matplotlib/sankey.py -> build/lib.linux-x86_64-cpython-311/matplotlib
#8 9.326       copying lib/matplotlib/widgets.py -> build/lib.linux-x86_64-cpython-311/matplotlib
#8 9.326       copying lib/matplotlib/animation.py -> build/lib.linux-x86_64-cpython-311/matplotlib
#8 9.326       copying lib/matplotlib/_animation_data.py -> build/lib.linux-x86_64-cpython-311/matplotlib
#8 9.326       copying lib/matplotlib/dates.py -> build/lib.linux-x86_64-cpython-311/matplotlib
#8 9.326       copying lib/matplotlib/_version.py -> build/lib.linux-x86_64-cpython-311/matplotlib
#8 9.326       copying lib/matplotlib/transforms.py -> build/lib.linux-x86_64-cpython-311/matplotlib
#8 9.326       copying lib/matplotlib/bezier.py -> build/lib.linux-x86_64-cpython-311/matplotlib
#8 9.326       copying lib/matplotlib/tight_bbox.py -> build/lib.linux-x86_64-cpython-311/matplotlib
#8 9.326       copying lib/matplotlib/blocking_input.py -> build/lib.linux-x86_64-cpython-311/matplotlib
#8 9.326       copying lib/matplotlib/tight_layout.py -> build/lib.linux-x86_64-cpython-311/matplotlib
#8 9.326       copying lib/matplotlib/__init__.py -> build/lib.linux-x86_64-cpython-311/matplotlib
#8 9.326       copying lib/matplotlib/texmanager.py -> build/lib.linux-x86_64-cpython-311/matplotlib
#8 9.326       copying lib/matplotlib/spines.py -> build/lib.linux-x86_64-cpython-311/matplotlib
#8 9.326       copying lib/matplotlib/patches.py -> build/lib.linux-x86_64-cpython-311/matplotlib
#8 9.326       copying lib/matplotlib/text.py -> build/lib.linux-x86_64-cpython-311/matplotlib
#8 9.326       copying lib/matplotlib/container.py -> build/lib.linux-x86_64-cpython-311/matplotlib
#8 9.326       copying lib/matplotlib/cm.py -> build/lib.linux-x86_64-cpython-311/matplotlib
#8 9.326       copying lib/matplotlib/hatch.py -> build/lib.linux-x86_64-cpython-311/matplotlib
#8 9.326       copying lib/matplotlib/ticker.py -> build/lib.linux-x86_64-cpython-311/matplotlib
#8 9.326       copying lib/matplotlib/legend.py -> build/lib.linux-x86_64-cpython-311/matplotlib
#8 9.326       copying lib/matplotlib/stackplot.py -> build/lib.linux-x86_64-cpython-311/matplotlib
#8 9.326       copying lib/matplotlib/_cm_listed.py -> build/lib.linux-x86_64-cpython-311/matplotlib
#8 9.326       copying lib/matplotlib/collections.py -> build/lib.linux-x86_64-cpython-311/matplotlib
#8 9.326       copying lib/matplotlib/rcsetup.py -> build/lib.linux-x86_64-cpython-311/matplotlib
#8 9.326       copying lib/matplotlib/docstring.py -> build/lib.linux-x86_64-cpython-311/matplotlib
#8 9.326       copying lib/matplotlib/patheffects.py -> build/lib.linux-x86_64-cpython-311/matplotlib
#8 9.326       copying lib/matplotlib/legend_handler.py -> build/lib.linux-x86_64-cpython-311/matplotlib
#8 9.326       copying lib/matplotlib/_cm.py -> build/lib.linux-x86_64-cpython-311/matplotlib
#8 9.326       copying lib/matplotlib/artist.py -> build/lib.linux-x86_64-cpython-311/matplotlib
#8 9.326       copying lib/matplotlib/fontconfig_pattern.py -> build/lib.linux-x86_64-cpython-311/matplotlib
#8 9.326       copying lib/matplotlib/backend_managers.py -> build/lib.linux-x86_64-cpython-311/matplotlib
#8 9.326       copying lib/matplotlib/pylab.py -> build/lib.linux-x86_64-cpython-311/matplotlib
#8 9.326       copying lib/matplotlib/_pylab_helpers.py -> build/lib.linux-x86_64-cpython-311/matplotlib
#8 9.326       copying lib/matplotlib/mathtext.py -> build/lib.linux-x86_64-cpython-311/matplotlib
#8 9.326       creating build/lib.linux-x86_64-cpython-311/matplotlib/backends
#8 9.326       copying lib/matplotlib/backends/backend_gtkagg.py -> build/lib.linux-x86_64-cpython-311/matplotlib/backends
#8 9.326       copying lib/matplotlib/backends/backend_gtk.py -> build/lib.linux-x86_64-cpython-311/matplotlib/backends
#8 9.326       copying lib/matplotlib/backends/backend_qt4.py -> build/lib.linux-x86_64-cpython-311/matplotlib/backends
#8 9.326       copying lib/matplotlib/backends/tkagg.py -> build/lib.linux-x86_64-cpython-311/matplotlib/backends
#8 9.326       copying lib/matplotlib/backends/backend_gtk3agg.py -> build/lib.linux-x86_64-cpython-311/matplotlib/backends
#8 9.326       copying lib/matplotlib/backends/backend_macosx.py -> build/lib.linux-x86_64-cpython-311/matplotlib/backends
#8 9.326       copying lib/matplotlib/backends/windowing.py -> build/lib.linux-x86_64-cpython-311/matplotlib/backends
#8 9.326       copying lib/matplotlib/backends/backend_svg.py -> build/lib.linux-x86_64-cpython-311/matplotlib/backends
#8 9.326       copying lib/matplotlib/backends/backend_qt5.py -> build/lib.linux-x86_64-cpython-311/matplotlib/backends
#8 9.326       copying lib/matplotlib/backends/backend_nbagg.py -> build/lib.linux-x86_64-cpython-311/matplotlib/backends
#8 9.326       copying lib/matplotlib/backends/backend_qt4agg.py -> build/lib.linux-x86_64-cpython-311/matplotlib/backends
#8 9.326       copying lib/matplotlib/backends/backend_pgf.py -> build/lib.linux-x86_64-cpython-311/matplotlib/backends
#8 9.326       copying lib/matplotlib/backends/backend_qt5agg.py -> build/lib.linux-x86_64-cpython-311/matplotlib/backends
#8 9.326       copying lib/matplotlib/backends/backend_wxagg.py -> build/lib.linux-x86_64-cpython-311/matplotlib/backends
#8 9.326       copying lib/matplotlib/backends/qt_compat.py -> build/lib.linux-x86_64-cpython-311/matplotlib/backends
#8 9.326       copying lib/matplotlib/backends/backend_agg.py -> build/lib.linux-x86_64-cpython-311/matplotlib/backends
#8 9.326       copying lib/matplotlib/backends/backend_mixed.py -> build/lib.linux-x86_64-cpython-311/matplotlib/backends
#8 9.326       copying lib/matplotlib/backends/backend_template.py -> build/lib.linux-x86_64-cpython-311/matplotlib/backends
#8 9.326       copying lib/matplotlib/backends/backend_gtk3cairo.py -> build/lib.linux-x86_64-cpython-311/matplotlib/backends
#8 9.326       copying lib/matplotlib/backends/backend_gtk3.py -> build/lib.linux-x86_64-cpython-311/matplotlib/backends
#8 9.326       copying lib/matplotlib/backends/backend_gdk.py -> build/lib.linux-x86_64-cpython-311/matplotlib/backends
#8 9.326       copying lib/matplotlib/backends/backend_ps.py -> build/lib.linux-x86_64-cpython-311/matplotlib/backends
#8 9.326       copying lib/matplotlib/backends/backend_tkagg.py -> build/lib.linux-x86_64-cpython-311/matplotlib/backends
#8 9.326       copying lib/matplotlib/backends/backend_webagg.py -> build/lib.linux-x86_64-cpython-311/matplotlib/backends
#8 9.326       copying lib/matplotlib/backends/__init__.py -> build/lib.linux-x86_64-cpython-311/matplotlib/backends
#8 9.326       copying lib/matplotlib/backends/backend_wx.py -> build/lib.linux-x86_64-cpython-311/matplotlib/backends
#8 9.326       copying lib/matplotlib/backends/backend_gtkcairo.py -> build/lib.linux-x86_64-cpython-311/matplotlib/backends
#8 9.326       copying lib/matplotlib/backends/wx_compat.py -> build/lib.linux-x86_64-cpython-311/matplotlib/backends
#8 9.326       copying lib/matplotlib/backends/backend_webagg_core.py -> build/lib.linux-x86_64-cpython-311/matplotlib/backends
#8 9.326       copying lib/matplotlib/backends/backend_cairo.py -> build/lib.linux-x86_64-cpython-311/matplotlib/backends
#8 9.326       copying lib/matplotlib/backends/backend_pdf.py -> build/lib.linux-x86_64-cpython-311/matplotlib/backends
#8 9.326       creating build/lib.linux-x86_64-cpython-311/matplotlib/backends/qt_editor
#8 9.326       copying lib/matplotlib/backends/qt_editor/figureoptions.py -> build/lib.linux-x86_64-cpython-311/matplotlib/backends/qt_editor
#8 9.326       copying lib/matplotlib/backends/qt_editor/formsubplottool.py -> build/lib.linux-x86_64-cpython-311/matplotlib/backends/qt_editor
#8 9.326       copying lib/matplotlib/backends/qt_editor/__init__.py -> build/lib.linux-x86_64-cpython-311/matplotlib/backends/qt_editor
#8 9.326       copying lib/matplotlib/backends/qt_editor/formlayout.py -> build/lib.linux-x86_64-cpython-311/matplotlib/backends/qt_editor
#8 9.326       creating build/lib.linux-x86_64-cpython-311/matplotlib/compat
#8 9.326       copying lib/matplotlib/compat/subprocess.py -> build/lib.linux-x86_64-cpython-311/matplotlib/compat
#8 9.326       copying lib/matplotlib/compat/__init__.py -> build/lib.linux-x86_64-cpython-311/matplotlib/compat
#8 9.326       creating build/lib.linux-x86_64-cpython-311/matplotlib/projections
#8 9.326       copying lib/matplotlib/projections/geo.py -> build/lib.linux-x86_64-cpython-311/matplotlib/projections
#8 9.326       copying lib/matplotlib/projections/polar.py -> build/lib.linux-x86_64-cpython-311/matplotlib/projections
#8 9.326       copying lib/matplotlib/projections/__init__.py -> build/lib.linux-x86_64-cpython-311/matplotlib/projections
#8 9.326       creating build/lib.linux-x86_64-cpython-311/matplotlib/axes
#8 9.326       copying lib/matplotlib/axes/_subplots.py -> build/lib.linux-x86_64-cpython-311/matplotlib/axes
#8 9.326       copying lib/matplotlib/axes/_base.py -> build/lib.linux-x86_64-cpython-311/matplotlib/axes
#8 9.326       copying lib/matplotlib/axes/__init__.py -> build/lib.linux-x86_64-cpython-311/matplotlib/axes
#8 9.326       copying lib/matplotlib/axes/_axes.py -> build/lib.linux-x86_64-cpython-311/matplotlib/axes
#8 9.326       creating build/lib.linux-x86_64-cpython-311/matplotlib/sphinxext
#8 9.326       copying lib/matplotlib/sphinxext/only_directives.py -> build/lib.linux-x86_64-cpython-311/matplotlib/sphinxext
#8 9.326       copying lib/matplotlib/sphinxext/mathmpl.py -> build/lib.linux-x86_64-cpython-311/matplotlib/sphinxext
#8 9.326       copying lib/matplotlib/sphinxext/__init__.py -> build/lib.linux-x86_64-cpython-311/matplotlib/sphinxext
#8 9.326       copying lib/matplotlib/sphinxext/plot_directive.py -> build/lib.linux-x86_64-cpython-311/matplotlib/sphinxext
#8 9.326       creating build/lib.linux-x86_64-cpython-311/matplotlib/style
#8 9.326       copying lib/matplotlib/style/__init__.py -> build/lib.linux-x86_64-cpython-311/matplotlib/style
#8 9.326       copying lib/matplotlib/style/core.py -> build/lib.linux-x86_64-cpython-311/matplotlib/style
#8 9.326       creating build/lib.linux-x86_64-cpython-311/matplotlib/testing
#8 9.326       copying lib/matplotlib/testing/noseclasses.py -> build/lib.linux-x86_64-cpython-311/matplotlib/testing
#8 9.326       copying lib/matplotlib/testing/compare.py -> build/lib.linux-x86_64-cpython-311/matplotlib/testing
#8 9.326       copying lib/matplotlib/testing/__init__.py -> build/lib.linux-x86_64-cpython-311/matplotlib/testing
#8 9.326       copying lib/matplotlib/testing/conftest.py -> build/lib.linux-x86_64-cpython-311/matplotlib/testing
#8 9.326       copying lib/matplotlib/testing/determinism.py -> build/lib.linux-x86_64-cpython-311/matplotlib/testing
#8 9.326       copying lib/matplotlib/testing/exceptions.py -> build/lib.linux-x86_64-cpython-311/matplotlib/testing
#8 9.326       copying lib/matplotlib/testing/disable_internet.py -> build/lib.linux-x86_64-cpython-311/matplotlib/testing
#8 9.326       copying lib/matplotlib/testing/decorators.py -> build/lib.linux-x86_64-cpython-311/matplotlib/testing
#8 9.326       creating build/lib.linux-x86_64-cpython-311/matplotlib/testing/_nose
#8 9.326       copying lib/matplotlib/testing/_nose/__init__.py -> build/lib.linux-x86_64-cpython-311/matplotlib/testing/_nose
#8 9.326       copying lib/matplotlib/testing/_nose/exceptions.py -> build/lib.linux-x86_64-cpython-311/matplotlib/testing/_nose
#8 9.326       copying lib/matplotlib/testing/_nose/decorators.py -> build/lib.linux-x86_64-cpython-311/matplotlib/testing/_nose
#8 9.326       creating build/lib.linux-x86_64-cpython-311/matplotlib/testing/_nose/plugins
#8 9.326       copying lib/matplotlib/testing/_nose/plugins/knownfailure.py -> build/lib.linux-x86_64-cpython-311/matplotlib/testing/_nose/plugins
#8 9.326       copying lib/matplotlib/testing/_nose/plugins/performgc.py -> build/lib.linux-x86_64-cpython-311/matplotlib/testing/_nose/plugins
#8 9.326       copying lib/matplotlib/testing/_nose/plugins/__init__.py -> build/lib.linux-x86_64-cpython-311/matplotlib/testing/_nose/plugins
#8 9.326       creating build/lib.linux-x86_64-cpython-311/matplotlib/testing/jpl_units
#8 9.326       copying lib/matplotlib/testing/jpl_units/StrConverter.py -> build/lib.linux-x86_64-cpython-311/matplotlib/testing/jpl_units
#8 9.326       copying lib/matplotlib/testing/jpl_units/Duration.py -> build/lib.linux-x86_64-cpython-311/matplotlib/testing/jpl_units
#8 9.326       copying lib/matplotlib/testing/jpl_units/UnitDblConverter.py -> build/lib.linux-x86_64-cpython-311/matplotlib/testing/jpl_units
#8 9.326       copying lib/matplotlib/testing/jpl_units/EpochConverter.py -> build/lib.linux-x86_64-cpython-311/matplotlib/testing/jpl_units
#8 9.326       copying lib/matplotlib/testing/jpl_units/UnitDbl.py -> build/lib.linux-x86_64-cpython-311/matplotlib/testing/jpl_units
#8 9.326       copying lib/matplotlib/testing/jpl_units/Epoch.py -> build/lib.linux-x86_64-cpython-311/matplotlib/testing/jpl_units
#8 9.326       copying lib/matplotlib/testing/jpl_units/UnitDblFormatter.py -> build/lib.linux-x86_64-cpython-311/matplotlib/testing/jpl_units
#8 9.326       copying lib/matplotlib/testing/jpl_units/__init__.py -> build/lib.linux-x86_64-cpython-311/matplotlib/testing/jpl_units
#8 9.326       creating build/lib.linux-x86_64-cpython-311/matplotlib/tri
#8 9.326       copying lib/matplotlib/tri/triangulation.py -> build/lib.linux-x86_64-cpython-311/matplotlib/tri
#8 9.326       copying lib/matplotlib/tri/tricontour.py -> build/lib.linux-x86_64-cpython-311/matplotlib/tri
#8 9.326       copying lib/matplotlib/tri/trifinder.py -> build/lib.linux-x86_64-cpython-311/matplotlib/tri
#8 9.326       copying lib/matplotlib/tri/tritools.py -> build/lib.linux-x86_64-cpython-311/matplotlib/tri
#8 9.326       copying lib/matplotlib/tri/__init__.py -> build/lib.linux-x86_64-cpython-311/matplotlib/tri
#8 9.326       copying lib/matplotlib/tri/triplot.py -> build/lib.linux-x86_64-cpython-311/matplotlib/tri
#8 9.326       copying lib/matplotlib/tri/trirefine.py -> build/lib.linux-x86_64-cpython-311/matplotlib/tri
#8 9.326       copying lib/matplotlib/tri/triinterpolate.py -> build/lib.linux-x86_64-cpython-311/matplotlib/tri
#8 9.326       copying lib/matplotlib/tri/tripcolor.py -> build/lib.linux-x86_64-cpython-311/matplotlib/tri
#8 9.326       creating build/lib.linux-x86_64-cpython-311/matplotlib/cbook
#8 9.326       copying lib/matplotlib/cbook/deprecation.py -> build/lib.linux-x86_64-cpython-311/matplotlib/cbook
#8 9.326       copying lib/matplotlib/cbook/__init__.py -> build/lib.linux-x86_64-cpython-311/matplotlib/cbook
#8 9.326       copying lib/matplotlib/cbook/_backports.py -> build/lib.linux-x86_64-cpython-311/matplotlib/cbook
#8 9.326       creating build/lib.linux-x86_64-cpython-311/mpl_toolkits
#8 9.326       copying lib/mpl_toolkits/exceltools.py -> build/lib.linux-x86_64-cpython-311/mpl_toolkits
#8 9.326       copying lib/mpl_toolkits/__init__.py -> build/lib.linux-x86_64-cpython-311/mpl_toolkits
#8 9.326       copying lib/mpl_toolkits/gtktools.py -> build/lib.linux-x86_64-cpython-311/mpl_toolkits
#8 9.326       creating build/lib.linux-x86_64-cpython-311/mpl_toolkits/mplot3d
#8 9.326       copying lib/mpl_toolkits/mplot3d/axes3d.py -> build/lib.linux-x86_64-cpython-311/mpl_toolkits/mplot3d
#8 9.326       copying lib/mpl_toolkits/mplot3d/art3d.py -> build/lib.linux-x86_64-cpython-311/mpl_toolkits/mplot3d
#8 9.326       copying lib/mpl_toolkits/mplot3d/proj3d.py -> build/lib.linux-x86_64-cpython-311/mpl_toolkits/mplot3d
#8 9.326       copying lib/mpl_toolkits/mplot3d/__init__.py -> build/lib.linux-x86_64-cpython-311/mpl_toolkits/mplot3d
#8 9.326       copying lib/mpl_toolkits/mplot3d/axis3d.py -> build/lib.linux-x86_64-cpython-311/mpl_toolkits/mplot3d
#8 9.326       creating build/lib.linux-x86_64-cpython-311/mpl_toolkits/axes_grid
#8 9.326       copying lib/mpl_toolkits/axes_grid/axes_grid.py -> build/lib.linux-x86_64-cpython-311/mpl_toolkits/axes_grid
#8 9.326       copying lib/mpl_toolkits/axes_grid/axislines.py -> build/lib.linux-x86_64-cpython-311/mpl_toolkits/axes_grid
#8 9.326       copying lib/mpl_toolkits/axes_grid/grid_helper_curvelinear.py -> build/lib.linux-x86_64-cpython-311/mpl_toolkits/axes_grid
#8 9.326       copying lib/mpl_toolkits/axes_grid/axis_artist.py -> build/lib.linux-x86_64-cpython-311/mpl_toolkits/axes_grid
#8 9.326       copying lib/mpl_toolkits/axes_grid/axes_size.py -> build/lib.linux-x86_64-cpython-311/mpl_toolkits/axes_grid
#8 9.326       copying lib/mpl_toolkits/axes_grid/axes_divider.py -> build/lib.linux-x86_64-cpython-311/mpl_toolkits/axes_grid
#8 9.326       copying lib/mpl_toolkits/axes_grid/anchored_artists.py -> build/lib.linux-x86_64-cpython-311/mpl_toolkits/axes_grid
#8 9.326       copying lib/mpl_toolkits/axes_grid/colorbar.py -> build/lib.linux-x86_64-cpython-311/mpl_toolkits/axes_grid
#8 9.326       copying lib/mpl_toolkits/axes_grid/angle_helper.py -> build/lib.linux-x86_64-cpython-311/mpl_toolkits/axes_grid
#8 9.326       copying lib/mpl_toolkits/axes_grid/inset_locator.py -> build/lib.linux-x86_64-cpython-311/mpl_toolkits/axes_grid
#8 9.326       copying lib/mpl_toolkits/axes_grid/floating_axes.py -> build/lib.linux-x86_64-cpython-311/mpl_toolkits/axes_grid
#8 9.326       copying lib/mpl_toolkits/axes_grid/__init__.py -> build/lib.linux-x86_64-cpython-311/mpl_toolkits/axes_grid
#8 9.326       copying lib/mpl_toolkits/axes_grid/axisline_style.py -> build/lib.linux-x86_64-cpython-311/mpl_toolkits/axes_grid
#8 9.326       copying lib/mpl_toolkits/axes_grid/clip_path.py -> build/lib.linux-x86_64-cpython-311/mpl_toolkits/axes_grid
#8 9.326       copying lib/mpl_toolkits/axes_grid/parasite_axes.py -> build/lib.linux-x86_64-cpython-311/mpl_toolkits/axes_grid
#8 9.326       copying lib/mpl_toolkits/axes_grid/axes_rgb.py -> build/lib.linux-x86_64-cpython-311/mpl_toolkits/axes_grid
#8 9.326       copying lib/mpl_toolkits/axes_grid/grid_finder.py -> build/lib.linux-x86_64-cpython-311/mpl_toolkits/axes_grid
#8 9.326       creating build/lib.linux-x86_64-cpython-311/mpl_toolkits/axes_grid1
#8 9.326       copying lib/mpl_toolkits/axes_grid1/axes_grid.py -> build/lib.linux-x86_64-cpython-311/mpl_toolkits/axes_grid1
#8 9.326       copying lib/mpl_toolkits/axes_grid1/axes_size.py -> build/lib.linux-x86_64-cpython-311/mpl_toolkits/axes_grid1
#8 9.326       copying lib/mpl_toolkits/axes_grid1/axes_divider.py -> build/lib.linux-x86_64-cpython-311/mpl_toolkits/axes_grid1
#8 9.326       copying lib/mpl_toolkits/axes_grid1/anchored_artists.py -> build/lib.linux-x86_64-cpython-311/mpl_toolkits/axes_grid1
#8 9.326       copying lib/mpl_toolkits/axes_grid1/colorbar.py -> build/lib.linux-x86_64-cpython-311/mpl_toolkits/axes_grid1
#8 9.326       copying lib/mpl_toolkits/axes_grid1/inset_locator.py -> build/lib.linux-x86_64-cpython-311/mpl_toolkits/axes_grid1
#8 9.326       copying lib/mpl_toolkits/axes_grid1/mpl_axes.py -> build/lib.linux-x86_64-cpython-311/mpl_toolkits/axes_grid1
#8 9.326       copying lib/mpl_toolkits/axes_grid1/__init__.py -> build/lib.linux-x86_64-cpython-311/mpl_toolkits/axes_grid1
#8 9.326       copying lib/mpl_toolkits/axes_grid1/parasite_axes.py -> build/lib.linux-x86_64-cpython-311/mpl_toolkits/axes_grid1
#8 9.326       copying lib/mpl_toolkits/axes_grid1/axes_rgb.py -> build/lib.linux-x86_64-cpython-311/mpl_toolkits/axes_grid1
#8 9.326       creating build/lib.linux-x86_64-cpython-311/mpl_toolkits/axisartist
#8 9.326       copying lib/mpl_toolkits/axisartist/axes_grid.py -> build/lib.linux-x86_64-cpython-311/mpl_toolkits/axisartist
#8 9.326       copying lib/mpl_toolkits/axisartist/axislines.py -> build/lib.linux-x86_64-cpython-311/mpl_toolkits/axisartist
#8 9.326       copying lib/mpl_toolkits/axisartist/grid_helper_curvelinear.py -> build/lib.linux-x86_64-cpython-311/mpl_toolkits/axisartist
#8 9.326       copying lib/mpl_toolkits/axisartist/axis_artist.py -> build/lib.linux-x86_64-cpython-311/mpl_toolkits/axisartist
#8 9.326       copying lib/mpl_toolkits/axisartist/axes_divider.py -> build/lib.linux-x86_64-cpython-311/mpl_toolkits/axisartist
#8 9.326       copying lib/mpl_toolkits/axisartist/angle_helper.py -> build/lib.linux-x86_64-cpython-311/mpl_toolkits/axisartist
#8 9.326       copying lib/mpl_toolkits/axisartist/floating_axes.py -> build/lib.linux-x86_64-cpython-311/mpl_toolkits/axisartist
#8 9.326       copying lib/mpl_toolkits/axisartist/__init__.py -> build/lib.linux-x86_64-cpython-311/mpl_toolkits/axisartist
#8 9.326       copying lib/mpl_toolkits/axisartist/axisline_style.py -> build/lib.linux-x86_64-cpython-311/mpl_toolkits/axisartist
#8 9.326       copying lib/mpl_toolkits/axisartist/clip_path.py -> build/lib.linux-x86_64-cpython-311/mpl_toolkits/axisartist
#8 9.326       copying lib/mpl_toolkits/axisartist/parasite_axes.py -> build/lib.linux-x86_64-cpython-311/mpl_toolkits/axisartist
#8 9.326       copying lib/mpl_toolkits/axisartist/axes_rgb.py -> build/lib.linux-x86_64-cpython-311/mpl_toolkits/axisartist
#8 9.326       copying lib/mpl_toolkits/axisartist/grid_finder.py -> build/lib.linux-x86_64-cpython-311/mpl_toolkits/axisartist
#8 9.326       creating build/lib.linux-x86_64-cpython-311/matplotlib/mpl-data/sample_data/axes_grid
#8 9.326       copying lib/matplotlib/mpl-data/sample_data/axes_grid/bivariate_normal.npy -> build/lib.linux-x86_64-cpython-311/matplotlib/mpl-data/sample_data/axes_grid
#8 9.326       creating build/lib.linux-x86_64-cpython-311/matplotlib/mpl-data/images
#8 9.326       copying lib/matplotlib/mpl-data/images/forward.gif -> build/lib.linux-x86_64-cpython-311/matplotlib/mpl-data/images
#8 9.326       copying lib/matplotlib/mpl-data/images/filesave_large.gif -> build/lib.linux-x86_64-cpython-311/matplotlib/mpl-data/images
#8 9.326       copying lib/matplotlib/mpl-data/images/back_large.gif -> build/lib.linux-x86_64-cpython-311/matplotlib/mpl-data/images
#8 9.326       copying lib/matplotlib/mpl-data/images/zoom_to_rect_large.gif -> build/lib.linux-x86_64-cpython-311/matplotlib/mpl-data/images
#8 9.326       copying lib/matplotlib/mpl-data/images/subplots.gif -> build/lib.linux-x86_64-cpython-311/matplotlib/mpl-data/images
#8 9.326       copying lib/matplotlib/mpl-data/images/home.gif -> build/lib.linux-x86_64-cpython-311/matplotlib/mpl-data/images
#8 9.326       copying lib/matplotlib/mpl-data/images/move.gif -> build/lib.linux-x86_64-cpython-311/matplotlib/mpl-data/images
#8 9.326       copying lib/matplotlib/mpl-data/images/back.gif -> build/lib.linux-x86_64-cpython-311/matplotlib/mpl-data/images
#8 9.326       copying lib/matplotlib/mpl-data/images/zoom_to_rect.gif -> build/lib.linux-x86_64-cpython-311/matplotlib/mpl-data/images
#8 9.326       copying lib/matplotlib/mpl-data/images/filesave.gif -> build/lib.linux-x86_64-cpython-311/matplotlib/mpl-data/images
#8 9.326       copying lib/matplotlib/mpl-data/images/hand.gif -> build/lib.linux-x86_64-cpython-311/matplotlib/mpl-data/images
#8 9.326       copying lib/matplotlib/mpl-data/images/hand_large.gif -> build/lib.linux-x86_64-cpython-311/matplotlib/mpl-data/images
#8 9.326       copying lib/matplotlib/mpl-data/images/move_large.gif -> build/lib.linux-x86_64-cpython-311/matplotlib/mpl-data/images
#8 9.326       copying lib/matplotlib/mpl-data/images/forward_large.gif -> build/lib.linux-x86_64-cpython-311/matplotlib/mpl-data/images
#8 9.326       copying lib/matplotlib/mpl-data/images/home_large.gif -> build/lib.linux-x86_64-cpython-311/matplotlib/mpl-data/images
#8 9.326       copying lib/matplotlib/mpl-data/images/subplots_large.gif -> build/lib.linux-x86_64-cpython-311/matplotlib/mpl-data/images
#8 9.326       creating build/lib.linux-x86_64-cpython-311/matplotlib/backends/web_backend
#8 9.326       copying lib/matplotlib/backends/web_backend/single_figure.html -> build/lib.linux-x86_64-cpython-311/matplotlib/backends/web_backend
#8 9.326       copying lib/matplotlib/backends/web_backend/nbagg_uat.ipynb -> build/lib.linux-x86_64-cpython-311/matplotlib/backends/web_backend
#8 9.326       copying lib/matplotlib/backends/web_backend/ipython_inline_figure.html -> build/lib.linux-x86_64-cpython-311/matplotlib/backends/web_backend
#8 9.326       copying lib/matplotlib/backends/web_backend/all_figures.html -> build/lib.linux-x86_64-cpython-311/matplotlib/backends/web_backend
#8 9.326       creating build/lib.linux-x86_64-cpython-311/matplotlib/backends/web_backend/js
#8 9.326       copying lib/matplotlib/backends/web_backend/js/mpl.js -> build/lib.linux-x86_64-cpython-311/matplotlib/backends/web_backend/js
#8 9.326       copying lib/matplotlib/backends/web_backend/js/nbagg_mpl.js -> build/lib.linux-x86_64-cpython-311/matplotlib/backends/web_backend/js
#8 9.326       copying lib/matplotlib/backends/web_backend/js/mpl_tornado.js -> build/lib.linux-x86_64-cpython-311/matplotlib/backends/web_backend/js
#8 9.326       creating build/lib.linux-x86_64-cpython-311/matplotlib/backends/web_backend/css
#8 9.326       copying lib/matplotlib/backends/web_backend/css/page.css -> build/lib.linux-x86_64-cpython-311/matplotlib/backends/web_backend/css
#8 9.326       copying lib/matplotlib/backends/web_backend/css/boilerplate.css -> build/lib.linux-x86_64-cpython-311/matplotlib/backends/web_backend/css
#8 9.326       copying lib/matplotlib/backends/web_backend/css/fbm.css -> build/lib.linux-x86_64-cpython-311/matplotlib/backends/web_backend/css
#8 9.326       creating build/lib.linux-x86_64-cpython-311/matplotlib/mpl-data/stylelib
#8 9.326       copying lib/matplotlib/mpl-data/stylelib/seaborn-darkgrid.mplstyle -> build/lib.linux-x86_64-cpython-311/matplotlib/mpl-data/stylelib
#8 9.326       copying lib/matplotlib/mpl-data/stylelib/seaborn-whitegrid.mplstyle -> build/lib.linux-x86_64-cpython-311/matplotlib/mpl-data/stylelib
#8 9.326       copying lib/matplotlib/mpl-data/stylelib/Solarize_Light2.mplstyle -> build/lib.linux-x86_64-cpython-311/matplotlib/mpl-data/stylelib
#8 9.326       copying lib/matplotlib/mpl-data/stylelib/grayscale.mplstyle -> build/lib.linux-x86_64-cpython-311/matplotlib/mpl-data/stylelib
#8 9.326       copying lib/matplotlib/mpl-data/stylelib/fivethirtyeight.mplstyle -> build/lib.linux-x86_64-cpython-311/matplotlib/mpl-data/stylelib
#8 9.326       copying lib/matplotlib/mpl-data/stylelib/fast.mplstyle -> build/lib.linux-x86_64-cpython-311/matplotlib/mpl-data/stylelib
#8 9.326       copying lib/matplotlib/mpl-data/stylelib/seaborn.mplstyle -> build/lib.linux-x86_64-cpython-311/matplotlib/mpl-data/stylelib
#8 9.326       copying lib/matplotlib/mpl-data/stylelib/ggplot.mplstyle -> build/lib.linux-x86_64-cpython-311/matplotlib/mpl-data/stylelib
#8 9.326       copying lib/matplotlib/mpl-data/stylelib/bmh.mplstyle -> build/lib.linux-x86_64-cpython-311/matplotlib/mpl-data/stylelib
#8 9.326       copying lib/matplotlib/mpl-data/stylelib/seaborn-dark-palette.mplstyle -> build/lib.linux-x86_64-cpython-311/matplotlib/mpl-data/stylelib
#8 9.326       copying lib/matplotlib/mpl-data/stylelib/classic.mplstyle -> build/lib.linux-x86_64-cpython-311/matplotlib/mpl-data/stylelib
#8 9.326       copying lib/matplotlib/mpl-data/stylelib/seaborn-ticks.mplstyle -> build/lib.linux-x86_64-cpython-311/matplotlib/mpl-data/stylelib
#8 9.326       copying lib/matplotlib/mpl-data/stylelib/seaborn-deep.mplstyle -> build/lib.linux-x86_64-cpython-311/matplotlib/mpl-data/stylelib
#8 9.326       copying lib/matplotlib/mpl-data/stylelib/_classic_test.mplstyle -> build/lib.linux-x86_64-cpython-311/matplotlib/mpl-data/stylelib
#8 9.326       copying lib/matplotlib/mpl-data/stylelib/seaborn-bright.mplstyle -> build/lib.linux-x86_64-cpython-311/matplotlib/mpl-data/stylelib
#8 9.326       copying lib/matplotlib/mpl-data/stylelib/seaborn-pastel.mplstyle -> build/lib.linux-x86_64-cpython-311/matplotlib/mpl-data/stylelib
#8 9.326       copying lib/matplotlib/mpl-data/stylelib/dark_background.mplstyle -> build/lib.linux-x86_64-cpython-311/matplotlib/mpl-data/stylelib
#8 9.326       copying lib/matplotlib/mpl-data/stylelib/seaborn-paper.mplstyle -> build/lib.linux-x86_64-cpython-311/matplotlib/mpl-data/stylelib
#8 9.326       copying lib/matplotlib/mpl-data/stylelib/seaborn-muted.mplstyle -> build/lib.linux-x86_64-cpython-311/matplotlib/mpl-data/stylelib
#8 9.326       copying lib/matplotlib/mpl-data/stylelib/seaborn-dark.mplstyle -> build/lib.linux-x86_64-cpython-311/matplotlib/mpl-data/stylelib
#8 9.326       copying lib/matplotlib/mpl-data/stylelib/seaborn-poster.mplstyle -> build/lib.linux-x86_64-cpython-311/matplotlib/mpl-data/stylelib
#8 9.326       copying lib/matplotlib/mpl-data/stylelib/seaborn-talk.mplstyle -> build/lib.linux-x86_64-cpython-311/matplotlib/mpl-data/stylelib
#8 9.326       copying lib/matplotlib/mpl-data/stylelib/seaborn-white.mplstyle -> build/lib.linux-x86_64-cpython-311/matplotlib/mpl-data/stylelib
#8 9.326       copying lib/matplotlib/mpl-data/stylelib/seaborn-colorblind.mplstyle -> build/lib.linux-x86_64-cpython-311/matplotlib/mpl-data/stylelib
#8 9.326       copying lib/matplotlib/mpl-data/stylelib/seaborn-notebook.mplstyle -> build/lib.linux-x86_64-cpython-311/matplotlib/mpl-data/stylelib
#8 9.326       creating build/lib.linux-x86_64-cpython-311/matplotlib/mpl-data/fonts/pdfcorefonts
#8 9.326       copying lib/matplotlib/mpl-data/fonts/pdfcorefonts/readme.txt -> build/lib.linux-x86_64-cpython-311/matplotlib/mpl-data/fonts/pdfcorefonts
#8 9.326       copying lib/matplotlib/mpl-data/sample_data/goog.npz -> build/lib.linux-x86_64-cpython-311/matplotlib/mpl-data/sample_data
#8 9.326       copying lib/matplotlib/mpl-data/sample_data/data_x_x2_x3.csv -> build/lib.linux-x86_64-cpython-311/matplotlib/mpl-data/sample_data
#8 9.326       copying lib/matplotlib/mpl-data/sample_data/msft.csv -> build/lib.linux-x86_64-cpython-311/matplotlib/mpl-data/sample_data
#8 9.326       copying lib/matplotlib/mpl-data/sample_data/demodata.csv -> build/lib.linux-x86_64-cpython-311/matplotlib/mpl-data/sample_data
#8 9.326       copying lib/matplotlib/mpl-data/sample_data/s1045.ima.gz -> build/lib.linux-x86_64-cpython-311/matplotlib/mpl-data/sample_data
#8 9.326       copying lib/matplotlib/mpl-data/sample_data/jacksboro_fault_dem.npz -> build/lib.linux-x86_64-cpython-311/matplotlib/mpl-data/sample_data
#8 9.326       copying lib/matplotlib/mpl-data/sample_data/ada.png -> build/lib.linux-x86_64-cpython-311/matplotlib/mpl-data/sample_data
#8 9.326       copying lib/matplotlib/mpl-data/sample_data/aapl.npz -> build/lib.linux-x86_64-cpython-311/matplotlib/mpl-data/sample_data
#8 9.326       copying lib/matplotlib/mpl-data/sample_data/embedding_in_wx3.xrc -> build/lib.linux-x86_64-cpython-311/matplotlib/mpl-data/sample_data
#8 9.326       copying lib/matplotlib/mpl-data/sample_data/grace_hopper.png -> build/lib.linux-x86_64-cpython-311/matplotlib/mpl-data/sample_data
#8 9.326       copying lib/matplotlib/mpl-data/sample_data/ct.raw.gz -> build/lib.linux-x86_64-cpython-311/matplotlib/mpl-data/sample_data
#8 9.326       copying lib/matplotlib/mpl-data/sample_data/eeg.dat -> build/lib.linux-x86_64-cpython-311/matplotlib/mpl-data/sample_data
#8 9.326       copying lib/matplotlib/mpl-data/sample_data/grace_hopper.jpg -> build/lib.linux-x86_64-cpython-311/matplotlib/mpl-data/sample_data
#8 9.326       copying lib/matplotlib/mpl-data/sample_data/Minduka_Present_Blue_Pack.png -> build/lib.linux-x86_64-cpython-311/matplotlib/mpl-data/sample_data
#8 9.326       copying lib/matplotlib/mpl-data/sample_data/None_vs_nearest-pdf.png -> build/lib.linux-x86_64-cpython-311/matplotlib/mpl-data/sample_data
#8 9.326       copying lib/matplotlib/mpl-data/sample_data/logo2.png -> build/lib.linux-x86_64-cpython-311/matplotlib/mpl-data/sample_data
#8 9.326       copying lib/matplotlib/mpl-data/sample_data/membrane.dat -> build/lib.linux-x86_64-cpython-311/matplotlib/mpl-data/sample_data
#8 9.326       copying lib/matplotlib/mpl-data/sample_data/README.txt -> build/lib.linux-x86_64-cpython-311/matplotlib/mpl-data/sample_data
#8 9.326       copying lib/matplotlib/mpl-data/sample_data/percent_bachelors_degrees_women_usa.csv -> build/lib.linux-x86_64-cpython-311/matplotlib/mpl-data/sample_data
#8 9.326       copying lib/matplotlib/mpl-data/matplotlibrc -> build/lib.linux-x86_64-cpython-311/matplotlib/mpl-data
#8 9.326       creating build/lib.linux-x86_64-cpython-311/matplotlib/mpl-data/fonts/ttf
#8 9.326       copying lib/matplotlib/mpl-data/fonts/ttf/DejaVuSansMono.ttf -> build/lib.linux-x86_64-cpython-311/matplotlib/mpl-data/fonts/ttf
#8 9.326       copying lib/matplotlib/mpl-data/fonts/ttf/STIXSizTwoSymBol.ttf -> build/lib.linux-x86_64-cpython-311/matplotlib/mpl-data/fonts/ttf
#8 9.326       copying lib/matplotlib/mpl-data/fonts/ttf/STIXGeneralItalic.ttf -> build/lib.linux-x86_64-cpython-311/matplotlib/mpl-data/fonts/ttf
#8 9.326       copying lib/matplotlib/mpl-data/fonts/ttf/STIXGeneralBolIta.ttf -> build/lib.linux-x86_64-cpython-311/matplotlib/mpl-data/fonts/ttf
#8 9.326       copying lib/matplotlib/mpl-data/fonts/ttf/DejaVuSans-Oblique.ttf -> build/lib.linux-x86_64-cpython-311/matplotlib/mpl-data/fonts/ttf
#8 9.326       copying lib/matplotlib/mpl-data/fonts/ttf/cmex10.ttf -> build/lib.linux-x86_64-cpython-311/matplotlib/mpl-data/fonts/ttf
#8 9.326       copying lib/matplotlib/mpl-data/fonts/ttf/STIXSizTwoSymReg.ttf -> build/lib.linux-x86_64-cpython-311/matplotlib/mpl-data/fonts/ttf
#8 9.326       copying lib/matplotlib/mpl-data/fonts/ttf/STIXGeneralBol.ttf -> build/lib.linux-x86_64-cpython-311/matplotlib/mpl-data/fonts/ttf
#8 9.326       copying lib/matplotlib/mpl-data/fonts/ttf/STIXSizOneSymBol.ttf -> build/lib.linux-x86_64-cpython-311/matplotlib/mpl-data/fonts/ttf
#8 9.326       copying lib/matplotlib/mpl-data/fonts/ttf/DejaVuSansMono-Oblique.ttf -> build/lib.linux-x86_64-cpython-311/matplotlib/mpl-data/fonts/ttf
#8 9.326       copying lib/matplotlib/mpl-data/fonts/ttf/DejaVuSerif-BoldItalic.ttf -> build/lib.linux-x86_64-cpython-311/matplotlib/mpl-data/fonts/ttf
#8 9.326       copying lib/matplotlib/mpl-data/fonts/ttf/STIXNonUniBol.ttf -> build/lib.linux-x86_64-cpython-311/matplotlib/mpl-data/fonts/ttf
#8 9.326       copying lib/matplotlib/mpl-data/fonts/ttf/cmss10.ttf -> build/lib.linux-x86_64-cpython-311/matplotlib/mpl-data/fonts/ttf
#8 9.326       copying lib/matplotlib/mpl-data/fonts/ttf/DejaVuSerif-Italic.ttf -> build/lib.linux-x86_64-cpython-311/matplotlib/mpl-data/fonts/ttf
#8 9.326       copying lib/matplotlib/mpl-data/fonts/ttf/STIXSizFourSymReg.ttf -> build/lib.linux-x86_64-cpython-311/matplotlib/mpl-data/fonts/ttf
#8 9.326       copying lib/matplotlib/mpl-data/fonts/ttf/DejaVuSansDisplay.ttf -> build/lib.linux-x86_64-cpython-311/matplotlib/mpl-data/fonts/ttf
#8 9.326       copying lib/matplotlib/mpl-data/fonts/ttf/DejaVuSans-Bold.ttf -> build/lib.linux-x86_64-cpython-311/matplotlib/mpl-data/fonts/ttf
#8 9.326       copying lib/matplotlib/mpl-data/fonts/ttf/DejaVuSans.ttf -> build/lib.linux-x86_64-cpython-311/matplotlib/mpl-data/fonts/ttf
#8 9.326       copying lib/matplotlib/mpl-data/fonts/ttf/DejaVuSans-BoldOblique.ttf -> build/lib.linux-x86_64-cpython-311/matplotlib/mpl-data/fonts/ttf
#8 9.326       copying lib/matplotlib/mpl-data/fonts/ttf/cmmi10.ttf -> build/lib.linux-x86_64-cpython-311/matplotlib/mpl-data/fonts/ttf
#8 9.326       copying lib/matplotlib/mpl-data/fonts/ttf/STIXGeneral.ttf -> build/lib.linux-x86_64-cpython-311/matplotlib/mpl-data/fonts/ttf
#8 9.326       copying lib/matplotlib/mpl-data/fonts/ttf/cmr10.ttf -> build/lib.linux-x86_64-cpython-311/matplotlib/mpl-data/fonts/ttf
#8 9.326       copying lib/matplotlib/mpl-data/fonts/ttf/STIXNonUniBolIta.ttf -> build/lib.linux-x86_64-cpython-311/matplotlib/mpl-data/fonts/ttf
#8 9.326       copying lib/matplotlib/mpl-data/fonts/ttf/DejaVuSerif.ttf -> build/lib.linux-x86_64-cpython-311/matplotlib/mpl-data/fonts/ttf
#8 9.326       copying lib/matplotlib/mpl-data/fonts/ttf/cmsy10.ttf -> build/lib.linux-x86_64-cpython-311/matplotlib/mpl-data/fonts/ttf
#8 9.326       copying lib/matplotlib/mpl-data/fonts/ttf/STIXSizFiveSymReg.ttf -> build/lib.linux-x86_64-cpython-311/matplotlib/mpl-data/fonts/ttf
#8 9.326       copying lib/matplotlib/mpl-data/fonts/ttf/DejaVuSansMono-BoldOblique.ttf -> build/lib.linux-x86_64-cpython-311/matplotlib/mpl-data/fonts/ttf
#8 9.326       copying lib/matplotlib/mpl-data/fonts/ttf/DejaVuSansMono-Bold.ttf -> build/lib.linux-x86_64-cpython-311/matplotlib/mpl-data/fonts/ttf
#8 9.326       copying lib/matplotlib/mpl-data/fonts/ttf/STIXNonUni.ttf -> build/lib.linux-x86_64-cpython-311/matplotlib/mpl-data/fonts/ttf
#8 9.326       copying lib/matplotlib/mpl-data/fonts/ttf/STIXSizThreeSymBol.ttf -> build/lib.linux-x86_64-cpython-311/matplotlib/mpl-data/fonts/ttf
#8 9.326       copying lib/matplotlib/mpl-data/fonts/ttf/STIXSizOneSymReg.ttf -> build/lib.linux-x86_64-cpython-311/matplotlib/mpl-data/fonts/ttf
#8 9.326       copying lib/matplotlib/mpl-data/fonts/ttf/STIXSizThreeSymReg.ttf -> build/lib.linux-x86_64-cpython-311/matplotlib/mpl-data/fonts/ttf
#8 9.326       copying lib/matplotlib/mpl-data/fonts/ttf/cmtt10.ttf -> build/lib.linux-x86_64-cpython-311/matplotlib/mpl-data/fonts/ttf
#8 9.326       copying lib/matplotlib/mpl-data/fonts/ttf/cmb10.ttf -> build/lib.linux-x86_64-cpython-311/matplotlib/mpl-data/fonts/ttf
#8 9.326       copying lib/matplotlib/mpl-data/fonts/ttf/STIXSizFourSymBol.ttf -> build/lib.linux-x86_64-cpython-311/matplotlib/mpl-data/fonts/ttf
#8 9.326       copying lib/matplotlib/mpl-data/fonts/ttf/STIXNonUniIta.ttf -> build/lib.linux-x86_64-cpython-311/matplotlib/mpl-data/fonts/ttf
#8 9.326       copying lib/matplotlib/mpl-data/fonts/ttf/DejaVuSerifDisplay.ttf -> build/lib.linux-x86_64-cpython-311/matplotlib/mpl-data/fonts/ttf
#8 9.326       copying lib/matplotlib/mpl-data/fonts/ttf/DejaVuSerif-Bold.ttf -> build/lib.linux-x86_64-cpython-311/matplotlib/mpl-data/fonts/ttf
#8 9.326       copying lib/matplotlib/mpl-data/images/move.pdf -> build/lib.linux-x86_64-cpython-311/matplotlib/mpl-data/images
#8 9.326       copying lib/matplotlib/mpl-data/images/qt4_editor_options.pdf -> build/lib.linux-x86_64-cpython-311/matplotlib/mpl-data/images
#8 9.326       copying lib/matplotlib/mpl-data/images/zoom_to_rect.pdf -> build/lib.linux-x86_64-cpython-311/matplotlib/mpl-data/images
#8 9.326       copying lib/matplotlib/mpl-data/images/back.pdf -> build/lib.linux-x86_64-cpython-311/matplotlib/mpl-data/images
#8 9.326       copying lib/matplotlib/mpl-data/images/subplots.pdf -> build/lib.linux-x86_64-cpython-311/matplotlib/mpl-data/images
#8 9.326       copying lib/matplotlib/mpl-data/images/forward.pdf -> build/lib.linux-x86_64-cpython-311/matplotlib/mpl-data/images
#8 9.326       copying lib/matplotlib/mpl-data/images/matplotlib.pdf -> build/lib.linux-x86_64-cpython-311/matplotlib/mpl-data/images
#8 9.326       copying lib/matplotlib/mpl-data/images/home.pdf -> build/lib.linux-x86_64-cpython-311/matplotlib/mpl-data/images
#8 9.326       copying lib/matplotlib/mpl-data/images/filesave.pdf -> build/lib.linux-x86_64-cpython-311/matplotlib/mpl-data/images
#8 9.326       copying lib/matplotlib/mpl-data/images/hand.pdf -> build/lib.linux-x86_64-cpython-311/matplotlib/mpl-data/images
#8 9.326       copying lib/matplotlib/mpl-data/images/matplotlib.ppm -> build/lib.linux-x86_64-cpython-311/matplotlib/mpl-data/images
#8 9.326       copying lib/matplotlib/mpl-data/fonts/pdfcorefonts/Helvetica-BoldOblique.afm -> build/lib.linux-x86_64-cpython-311/matplotlib/mpl-data/fonts/pdfcorefonts
#8 9.326       copying lib/matplotlib/mpl-data/fonts/pdfcorefonts/Times-Italic.afm -> build/lib.linux-x86_64-cpython-311/matplotlib/mpl-data/fonts/pdfcorefonts
#8 9.326       copying lib/matplotlib/mpl-data/fonts/pdfcorefonts/Courier-BoldOblique.afm -> build/lib.linux-x86_64-cpython-311/matplotlib/mpl-data/fonts/pdfcorefonts
#8 9.326       copying lib/matplotlib/mpl-data/fonts/pdfcorefonts/Times-Roman.afm -> build/lib.linux-x86_64-cpython-311/matplotlib/mpl-data/fonts/pdfcorefonts
#8 9.326       copying lib/matplotlib/mpl-data/fonts/pdfcorefonts/Helvetica-Oblique.afm -> build/lib.linux-x86_64-cpython-311/matplotlib/mpl-data/fonts/pdfcorefonts
#8 9.326       copying lib/matplotlib/mpl-data/fonts/pdfcorefonts/Times-Bold.afm -> build/lib.linux-x86_64-cpython-311/matplotlib/mpl-data/fonts/pdfcorefonts
#8 9.326       copying lib/matplotlib/mpl-data/fonts/pdfcorefonts/Courier.afm -> build/lib.linux-x86_64-cpython-311/matplotlib/mpl-data/fonts/pdfcorefonts
#8 9.326       copying lib/matplotlib/mpl-data/fonts/pdfcorefonts/Symbol.afm -> build/lib.linux-x86_64-cpython-311/matplotlib/mpl-data/fonts/pdfcorefonts
#8 9.326       copying lib/matplotlib/mpl-data/fonts/pdfcorefonts/ZapfDingbats.afm -> build/lib.linux-x86_64-cpython-311/matplotlib/mpl-data/fonts/pdfcorefonts
#8 9.326       copying lib/matplotlib/mpl-data/fonts/pdfcorefonts/Times-BoldItalic.afm -> build/lib.linux-x86_64-cpython-311/matplotlib/mpl-data/fonts/pdfcorefonts
#8 9.326       copying lib/matplotlib/mpl-data/fonts/pdfcorefonts/Helvetica.afm -> build/lib.linux-x86_64-cpython-311/matplotlib/mpl-data/fonts/pdfcorefonts
#8 9.326       copying lib/matplotlib/mpl-data/fonts/pdfcorefonts/Helvetica-Bold.afm -> build/lib.linux-x86_64-cpython-311/matplotlib/mpl-data/fonts/pdfcorefonts
#8 9.326       copying lib/matplotlib/mpl-data/fonts/pdfcorefonts/Courier-Bold.afm -> build/lib.linux-x86_64-cpython-311/matplotlib/mpl-data/fonts/pdfcorefonts
#8 9.326       copying lib/matplotlib/mpl-data/fonts/pdfcorefonts/Courier-Oblique.afm -> build/lib.linux-x86_64-cpython-311/matplotlib/mpl-data/fonts/pdfcorefonts
#8 9.326       copying lib/matplotlib/mpl-data/fonts/ttf/LICENSE_STIX -> build/lib.linux-x86_64-cpython-311/matplotlib/mpl-data/fonts/ttf
#8 9.326       creating build/lib.linux-x86_64-cpython-311/matplotlib/backends/web_backend/jquery/js
#8 9.326       copying lib/matplotlib/backends/web_backend/jquery/js/jquery-1.11.3.min.js -> build/lib.linux-x86_64-cpython-311/matplotlib/backends/web_backend/jquery/js
#8 9.326       copying lib/matplotlib/backends/web_backend/jquery/js/jquery-ui.min.js -> build/lib.linux-x86_64-cpython-311/matplotlib/backends/web_backend/jquery/js
#8 9.326       copying lib/matplotlib/mpl-data/images/qt4_editor_options_large.png -> build/lib.linux-x86_64-cpython-311/matplotlib/mpl-data/images
#8 9.326       copying lib/matplotlib/mpl-data/images/subplots_large.png -> build/lib.linux-x86_64-cpython-311/matplotlib/mpl-data/images
#8 9.326       copying lib/matplotlib/mpl-data/images/home_large.png -> build/lib.linux-x86_64-cpython-311/matplotlib/mpl-data/images
#8 9.326       copying lib/matplotlib/mpl-data/images/matplotlib.png -> build/lib.linux-x86_64-cpython-311/matplotlib/mpl-data/images
#8 9.326       copying lib/matplotlib/mpl-data/images/zoom_to_rect_large.png -> build/lib.linux-x86_64-cpython-311/matplotlib/mpl-data/images
#8 9.326       copying lib/matplotlib/mpl-data/images/qt4_editor_options.png -> build/lib.linux-x86_64-cpython-311/matplotlib/mpl-data/images
#8 9.326       copying lib/matplotlib/mpl-data/images/back_large.png -> build/lib.linux-x86_64-cpython-311/matplotlib/mpl-data/images
#8 9.326       copying lib/matplotlib/mpl-data/images/zoom_to_rect.png -> build/lib.linux-x86_64-cpython-311/matplotlib/mpl-data/images
#8 9.326       copying lib/matplotlib/mpl-data/images/forward_large.png -> build/lib.linux-x86_64-cpython-311/matplotlib/mpl-data/images
#8 9.326       copying lib/matplotlib/mpl-data/images/hand.png -> build/lib.linux-x86_64-cpython-311/matplotlib/mpl-data/images
#8 9.326       copying lib/matplotlib/mpl-data/images/subplots.png -> build/lib.linux-x86_64-cpython-311/matplotlib/mpl-data/images
#8 9.326       copying lib/matplotlib/mpl-data/images/matplotlib_large.png -> build/lib.linux-x86_64-cpython-311/matplotlib/mpl-data/images
#8 9.326       copying lib/matplotlib/mpl-data/images/back.png -> build/lib.linux-x86_64-cpython-311/matplotlib/mpl-data/images
#8 9.326       copying lib/matplotlib/mpl-data/images/move_large.png -> build/lib.linux-x86_64-cpython-311/matplotlib/mpl-data/images
#8 9.326       copying lib/matplotlib/mpl-data/images/filesave.png -> build/lib.linux-x86_64-cpython-311/matplotlib/mpl-data/images
#8 9.326       copying lib/matplotlib/mpl-data/images/move.png -> build/lib.linux-x86_64-cpython-311/matplotlib/mpl-data/images
#8 9.326       copying lib/matplotlib/mpl-data/images/forward.png -> build/lib.linux-x86_64-cpython-311/matplotlib/mpl-data/images
#8 9.326       copying lib/matplotlib/mpl-data/images/home.png -> build/lib.linux-x86_64-cpython-311/matplotlib/mpl-data/images
#8 9.326       copying lib/matplotlib/mpl-data/images/filesave_large.png -> build/lib.linux-x86_64-cpython-311/matplotlib/mpl-data/images
#8 9.326       creating build/lib.linux-x86_64-cpython-311/matplotlib/backends/web_backend/jquery/css/themes/base/images
#8 9.326       copying lib/matplotlib/backends/web_backend/jquery/css/themes/base/images/ui-bg_flat_10_000000_40x100.png -> build/lib.linux-x86_64-cpython-311/matplotlib/backends/web_backend/jquery/css/themes/base/images
#8 9.326       copying lib/matplotlib/backends/web_backend/jquery/css/themes/base/images/ui-bg_gloss-wave_35_f6a828_500x100.png -> build/lib.linux-x86_64-cpython-311/matplotlib/backends/web_backend/jquery/css/themes/base/images
#8 9.326       copying lib/matplotlib/backends/web_backend/jquery/css/themes/base/images/ui-bg_highlight-soft_100_eeeeee_1x100.png -> build/lib.linux-x86_64-cpython-311/matplotlib/backends/web_backend/jquery/css/themes/base/images
#8 9.326       copying lib/matplotlib/backends/web_backend/jquery/css/themes/base/images/ui-bg_glass_65_ffffff_1x400.png -> build/lib.linux-x86_64-cpython-311/matplotlib/backends/web_backend/jquery/css/themes/base/images
#8 9.326       copying lib/matplotlib/backends/web_backend/jquery/css/themes/base/images/ui-icons_ffffff_256x240.png -> build/lib.linux-x86_64-cpython-311/matplotlib/backends/web_backend/jquery/css/themes/base/images
#8 9.326       copying lib/matplotlib/backends/web_backend/jquery/css/themes/base/images/ui-bg_glass_100_f6f6f6_1x400.png -> build/lib.linux-x86_64-cpython-311/matplotlib/backends/web_backend/jquery/css/themes/base/images
#8 9.326       copying lib/matplotlib/backends/web_backend/jquery/css/themes/base/images/ui-bg_highlight-soft_75_ffe45c_1x100.png -> build/lib.linux-x86_64-cpython-311/matplotlib/backends/web_backend/jquery/css/themes/base/images
#8 9.326       copying lib/matplotlib/backends/web_backend/jquery/css/themes/base/images/ui-icons_ef8c08_256x240.png -> build/lib.linux-x86_64-cpython-311/matplotlib/backends/web_backend/jquery/css/themes/base/images
#8 9.326       copying lib/matplotlib/backends/web_backend/jquery/css/themes/base/images/ui-bg_diagonals-thick_20_666666_40x40.png -> build/lib.linux-x86_64-cpython-311/matplotlib/backends/web_backend/jquery/css/themes/base/images
#8 9.326       copying lib/matplotlib/backends/web_backend/jquery/css/themes/base/images/ui-bg_glass_100_fdf5ce_1x400.png -> build/lib.linux-x86_64-cpython-311/matplotlib/backends/web_backend/jquery/css/themes/base/images
#8 9.326       copying lib/matplotlib/backends/web_backend/jquery/css/themes/base/images/ui-icons_222222_256x240.png -> build/lib.linux-x86_64-cpython-311/matplotlib/backends/web_backend/jquery/css/themes/base/images
#8 9.326       copying lib/matplotlib/backends/web_backend/jquery/css/themes/base/images/ui-icons_ffd27a_256x240.png -> build/lib.linux-x86_64-cpython-311/matplotlib/backends/web_backend/jquery/css/themes/base/images
#8 9.326       copying lib/matplotlib/backends/web_backend/jquery/css/themes/base/images/ui-icons_228ef1_256x240.png -> build/lib.linux-x86_64-cpython-311/matplotlib/backends/web_backend/jquery/css/themes/base/images
#8 9.326       copying lib/matplotlib/backends/web_backend/jquery/css/themes/base/images/ui-bg_diagonals-thick_18_b81900_40x40.png -> build/lib.linux-x86_64-cpython-311/matplotlib/backends/web_backend/jquery/css/themes/base/images
#8 9.326       copying lib/matplotlib/mpl-data/images/subplots.svg -> build/lib.linux-x86_64-cpython-311/matplotlib/mpl-data/images
#8 9.326       copying lib/matplotlib/mpl-data/images/home.svg -> build/lib.linux-x86_64-cpython-311/matplotlib/mpl-data/images
#8 9.326       copying lib/matplotlib/mpl-data/images/back.svg -> build/lib.linux-x86_64-cpython-311/matplotlib/mpl-data/images
#8 9.326       copying lib/matplotlib/mpl-data/images/move.svg -> build/lib.linux-x86_64-cpython-311/matplotlib/mpl-data/images
#8 9.326       copying lib/matplotlib/mpl-data/images/filesave.svg -> build/lib.linux-x86_64-cpython-311/matplotlib/mpl-data/images
#8 9.326       copying lib/matplotlib/mpl-data/images/hand.svg -> build/lib.linux-x86_64-cpython-311/matplotlib/mpl-data/images
#8 9.326       copying lib/matplotlib/mpl-data/images/forward.svg -> build/lib.linux-x86_64-cpython-311/matplotlib/mpl-data/images
#8 9.326       copying lib/matplotlib/mpl-data/images/zoom_to_rect.svg -> build/lib.linux-x86_64-cpython-311/matplotlib/mpl-data/images
#8 9.326       copying lib/matplotlib/mpl-data/images/qt4_editor_options.svg -> build/lib.linux-x86_64-cpython-311/matplotlib/mpl-data/images
#8 9.326       copying lib/matplotlib/mpl-data/images/matplotlib.svg -> build/lib.linux-x86_64-cpython-311/matplotlib/mpl-data/images
#8 9.326       copying lib/matplotlib/backends/web_backend/jquery/css/themes/base/jquery-ui.min.css -> build/lib.linux-x86_64-cpython-311/matplotlib/backends/web_backend/jquery/css/themes/base
#8 9.326       creating build/lib.linux-x86_64-cpython-311/matplotlib/mpl-data/fonts/afm
#8 9.326       copying lib/matplotlib/mpl-data/fonts/afm/pagko8a.afm -> build/lib.linux-x86_64-cpython-311/matplotlib/mpl-data/fonts/afm
#8 9.326       copying lib/matplotlib/mpl-data/fonts/afm/pncr8a.afm -> build/lib.linux-x86_64-cpython-311/matplotlib/mpl-data/fonts/afm
#8 9.326       copying lib/matplotlib/mpl-data/fonts/afm/putr8a.afm -> build/lib.linux-x86_64-cpython-311/matplotlib/mpl-data/fonts/afm
#8 9.326       copying lib/matplotlib/mpl-data/fonts/afm/pncbi8a.afm -> build/lib.linux-x86_64-cpython-311/matplotlib/mpl-data/fonts/afm
#8 9.326       copying lib/matplotlib/mpl-data/fonts/afm/pzcmi8a.afm -> build/lib.linux-x86_64-cpython-311/matplotlib/mpl-data/fonts/afm
#8 9.326       copying lib/matplotlib/mpl-data/fonts/afm/pcrb8a.afm -> build/lib.linux-x86_64-cpython-311/matplotlib/mpl-data/fonts/afm
#8 9.326       copying lib/matplotlib/mpl-data/fonts/afm/phvro8an.afm -> build/lib.linux-x86_64-cpython-311/matplotlib/mpl-data/fonts/afm
#8 9.326       copying lib/matplotlib/mpl-data/fonts/afm/phvbo8a.afm -> build/lib.linux-x86_64-cpython-311/matplotlib/mpl-data/fonts/afm
#8 9.326       copying lib/matplotlib/mpl-data/fonts/afm/pagk8a.afm -> build/lib.linux-x86_64-cpython-311/matplotlib/mpl-data/fonts/afm
#8 9.326       copying lib/matplotlib/mpl-data/fonts/afm/phvbo8an.afm -> build/lib.linux-x86_64-cpython-311/matplotlib/mpl-data/fonts/afm
#8 9.326       copying lib/matplotlib/mpl-data/fonts/afm/phvb8an.afm -> build/lib.linux-x86_64-cpython-311/matplotlib/mpl-data/fonts/afm
#8 9.326       copying lib/matplotlib/mpl-data/fonts/afm/putb8a.afm -> build/lib.linux-x86_64-cpython-311/matplotlib/mpl-data/fonts/afm
#8 9.326       copying lib/matplotlib/mpl-data/fonts/afm/putri8a.afm -> build/lib.linux-x86_64-cpython-311/matplotlib/mpl-data/fonts/afm
#8 9.326       copying lib/matplotlib/mpl-data/fonts/afm/pncb8a.afm -> build/lib.linux-x86_64-cpython-311/matplotlib/mpl-data/fonts/afm
#8 9.326       copying lib/matplotlib/mpl-data/fonts/afm/putbi8a.afm -> build/lib.linux-x86_64-cpython-311/matplotlib/mpl-data/fonts/afm
#8 9.326       copying lib/matplotlib/mpl-data/fonts/afm/phvr8an.afm -> build/lib.linux-x86_64-cpython-311/matplotlib/mpl-data/fonts/afm
#8 9.326       copying lib/matplotlib/mpl-data/fonts/afm/pplr8a.afm -> build/lib.linux-x86_64-cpython-311/matplotlib/mpl-data/fonts/afm
#8 9.326       copying lib/matplotlib/mpl-data/fonts/afm/cmmi10.afm -> build/lib.linux-x86_64-cpython-311/matplotlib/mpl-data/fonts/afm
#8 9.326       copying lib/matplotlib/mpl-data/fonts/afm/pagd8a.afm -> build/lib.linux-x86_64-cpython-311/matplotlib/mpl-data/fonts/afm
#8 9.326       copying lib/matplotlib/mpl-data/fonts/afm/psyr.afm -> build/lib.linux-x86_64-cpython-311/matplotlib/mpl-data/fonts/afm
#8 9.326       copying lib/matplotlib/mpl-data/fonts/afm/phvlo8a.afm -> build/lib.linux-x86_64-cpython-311/matplotlib/mpl-data/fonts/afm
#8 9.326       copying lib/matplotlib/mpl-data/fonts/afm/cmtt10.afm -> build/lib.linux-x86_64-cpython-311/matplotlib/mpl-data/fonts/afm
#8 9.326       copying lib/matplotlib/mpl-data/fonts/afm/phvro8a.afm -> build/lib.linux-x86_64-cpython-311/matplotlib/mpl-data/fonts/afm
#8 9.326       copying lib/matplotlib/mpl-data/fonts/afm/pbkl8a.afm -> build/lib.linux-x86_64-cpython-311/matplotlib/mpl-data/fonts/afm
#8 9.326       copying lib/matplotlib/mpl-data/fonts/afm/pagdo8a.afm -> build/lib.linux-x86_64-cpython-311/matplotlib/mpl-data/fonts/afm
#8 9.326       copying lib/matplotlib/mpl-data/fonts/afm/pbkd8a.afm -> build/lib.linux-x86_64-cpython-311/matplotlib/mpl-data/fonts/afm
#8 9.326       copying lib/matplotlib/mpl-data/fonts/afm/pzdr.afm -> build/lib.linux-x86_64-cpython-311/matplotlib/mpl-data/fonts/afm
#8 9.326       copying lib/matplotlib/mpl-data/fonts/afm/ptmb8a.afm -> build/lib.linux-x86_64-cpython-311/matplotlib/mpl-data/fonts/afm
#8 9.326       copying lib/matplotlib/mpl-data/fonts/afm/ptmbi8a.afm -> build/lib.linux-x86_64-cpython-311/matplotlib/mpl-data/fonts/afm
#8 9.326       copying lib/matplotlib/mpl-data/fonts/afm/phvr8a.afm -> build/lib.linux-x86_64-cpython-311/matplotlib/mpl-data/fonts/afm
#8 9.326       copying lib/matplotlib/mpl-data/fonts/afm/pcrr8a.afm -> build/lib.linux-x86_64-cpython-311/matplotlib/mpl-data/fonts/afm
#8 9.326       copying lib/matplotlib/mpl-data/fonts/afm/pncri8a.afm -> build/lib.linux-x86_64-cpython-311/matplotlib/mpl-data/fonts/afm
#8 9.326       copying lib/matplotlib/mpl-data/fonts/afm/pcrbo8a.afm -> build/lib.linux-x86_64-cpython-311/matplotlib/mpl-data/fonts/afm
#8 9.326       copying lib/matplotlib/mpl-data/fonts/afm/cmex10.afm -> build/lib.linux-x86_64-cpython-311/matplotlib/mpl-data/fonts/afm
#8 9.326       copying lib/matplotlib/mpl-data/fonts/afm/phvl8a.afm -> build/lib.linux-x86_64-cpython-311/matplotlib/mpl-data/fonts/afm
#8 9.326       copying lib/matplotlib/mpl-data/fonts/afm/pcrro8a.afm -> build/lib.linux-x86_64-cpython-311/matplotlib/mpl-data/fonts/afm
#8 9.326       copying lib/matplotlib/mpl-data/fonts/afm/pplb8a.afm -> build/lib.linux-x86_64-cpython-311/matplotlib/mpl-data/fonts/afm
#8 9.326       copying lib/matplotlib/mpl-data/fonts/afm/cmr10.afm -> build/lib.linux-x86_64-cpython-311/matplotlib/mpl-data/fonts/afm
#8 9.326       copying lib/matplotlib/mpl-data/fonts/afm/pbkdi8a.afm -> build/lib.linux-x86_64-cpython-311/matplotlib/mpl-data/fonts/afm
#8 9.326       copying lib/matplotlib/mpl-data/fonts/afm/cmsy10.afm -> build/lib.linux-x86_64-cpython-311/matplotlib/mpl-data/fonts/afm
#8 9.326       copying lib/matplotlib/mpl-data/fonts/afm/ptmr8a.afm -> build/lib.linux-x86_64-cpython-311/matplotlib/mpl-data/fonts/afm
#8 9.326       copying lib/matplotlib/mpl-data/fonts/afm/phvb8a.afm -> build/lib.linux-x86_64-cpython-311/matplotlib/mpl-data/fonts/afm
#8 9.326       copying lib/matplotlib/mpl-data/fonts/afm/pplbi8a.afm -> build/lib.linux-x86_64-cpython-311/matplotlib/mpl-data/fonts/afm
#8 9.326       copying lib/matplotlib/mpl-data/fonts/afm/ptmri8a.afm -> build/lib.linux-x86_64-cpython-311/matplotlib/mpl-data/fonts/afm
#8 9.326       copying lib/matplotlib/mpl-data/fonts/afm/pplri8a.afm -> build/lib.linux-x86_64-cpython-311/matplotlib/mpl-data/fonts/afm
#8 9.326       copying lib/matplotlib/mpl-data/fonts/afm/pbkli8a.afm -> build/lib.linux-x86_64-cpython-311/matplotlib/mpl-data/fonts/afm
#8 9.326       UPDATING build/lib.linux-x86_64-cpython-311/matplotlib/_version.py
#8 9.326       set build/lib.linux-x86_64-cpython-311/matplotlib/_version.py to '2.1.1'
#8 9.326       running build_ext
#8 9.326       building 'matplotlib.ft2font' extension
#8 9.326       /usr/local/lib/python3.11/importlib/__init__.py:169: UserWarning: The NumPy module was reloaded (imported a second time). This can in some cases result in small but subtle issues and is discouraged.
#8 9.326         _bootstrap._exec(spec, module)
#8 9.326       creating build/temp.linux-x86_64-cpython-311/src
#8 9.326       g++ -Wsign-compare -DNDEBUG -g -fwrapv -O3 -Wall -fPIC -DFREETYPE_BUILD_TYPE=system -DPY_ARRAY_UNIQUE_SYMBOL=MPL_matplotlib_ft2font_ARRAY_API -DNPY_NO_DEPRECATED_API=NPY_1_7_API_VERSION -D__STDC_FORMAT_MACROS=1 -I/tmp/pip-install-itfr9khp/matplotlib_dea47c5db8de48c18e9570f64991f13e/.eggs/numpy-2.3.4-py3.11-linux-x86_64.egg/numpy/_core/include -I/usr/include/libpng16 -I/usr/include/freetype2 -I/usr/local/include -I/usr/include -I. -I/usr/local/include/python3.11 -c src/ft2font.cpp -o build/temp.linux-x86_64-cpython-311/src/ft2font.o
#8 9.326       src/ft2font.cpp: In member function ‘int FT2Font::get_path_count()’:
#8 9.326       src/ft2font.cpp:207:29: error: invalid conversion from ‘unsigned char*’ to ‘char*’ [-fpermissive]
#8 9.326         207 |         tags = outline.tags + first;
#8 9.326             |                ~~~~~~~~~~~~~^~~~~~~
#8 9.326             |                             |
#8 9.326             |                             unsigned char*
#8 9.326       src/ft2font.cpp: In member function ‘void FT2Font::get_path(double*, unsigned char*)’:
#8 9.326       src/ft2font.cpp:323:29: error: invalid conversion from ‘unsigned char*’ to ‘char*’ [-fpermissive]
#8 9.326         323 |         tags = outline.tags + first;
#8 9.326             |                ~~~~~~~~~~~~~^~~~~~~
#8 9.326             |                             |
#8 9.326             |                             unsigned char*
#8 9.326       error: command '/usr/bin/g++' failed with exit code 1
#8 9.326       [end of output]
#8 9.326   
#8 9.326   note: This error originates from a subprocess, and is likely not a problem with pip.
#8 9.327   ERROR: Failed building wheel for matplotlib
#8 9.327   Running setup.py clean for matplotlib
#8 9.494 Successfully built gdctools
#8 9.494 Failed to build matplotlib
#8 9.495 ERROR: Could not build wheels for matplotlib, which is required to install pyproject.toml-based projects
#8 9.501 
#8 9.501 [notice] A new release of pip is available: 24.0 -> 25.3
#8 9.501 [notice] To update, run: pip install --upgrade pip
#8 ERROR: process "pip install gdctools" did not complete successfully: exit code: 1
------
 > [4/9] RUN ["pip","install","gdctools"]:
9.326   
9.326   note: This error originates from a subprocess, and is likely not a problem with pip.
9.327   ERROR: Failed building wheel for matplotlib
9.327   Running setup.py clean for matplotlib
9.494 Successfully built gdctools
9.494 Failed to build matplotlib
9.495 ERROR: Could not build wheels for matplotlib, which is required to install pyproject.toml-based projects
9.501 
9.501 [notice] A new release of pip is available: 24.0 -> 25.3
9.501 [notice] To update, run: pip install --upgrade pip
------
Dockerfile:4
--------------------
   2 |     COPY hard-gists/5719341/snippet.py /snippet.py
   3 |     RUN ["pip","install","OpsletsEc2"]
   4 | >>> RUN ["pip","install","gdctools"]
   5 |     RUN ["pip","install","requests"]
   6 |     RUN ["pip","install","six"]
--------------------
ERROR: failed to build: failed to solve: process "pip install gdctools" did not complete successfully: exit code: 1

View build details: docker-desktop://dashboard/build/default/default/xlavzh8r2chx9ckn4x9cx12iq
[2025-10-29 15:56:04] ERROR: Build failed for 5719341
