=== Docker Build Log for 835821d98f325225e81352ea828cf521 ===
Started at: Mi 29. Okt 17:43:59 CET 2025

[2025-10-29 17:43:59] START: Building image for 835821d98f325225e81352ea828cf521
#0 building with "default" instance using docker driver

#1 [internal] load build definition from Dockerfile
#1 transferring dockerfile: 227B done
#1 DONE 0.0s

#2 [internal] load metadata for docker.io/library/python:3.11
#2 DONE 0.0s

#3 [internal] load .dockerignore
#3 transferring context: 2B done
#3 DONE 0.0s

#4 [internal] load build context
#4 transferring context: 1.48kB 0.0s done
#4 DONE 0.0s

#5 [1/4] FROM docker.io/library/python:3.11
#5 CACHED

#6 [2/4] COPY hard-gists/835821d98f325225e81352ea828cf521/snippet.py /snippet.py
#6 DONE 0.1s

#7 [3/4] RUN ["pip","install","requests"]
#7 1.912 Collecting requests
#7 1.950   Downloading requests-2.32.5-py3-none-any.whl.metadata (4.9 kB)
#7 2.071 Collecting charset_normalizer<4,>=2 (from requests)
#7 2.079   Downloading charset_normalizer-3.4.4-cp311-cp311-manylinux2014_x86_64.manylinux_2_17_x86_64.manylinux_2_28_x86_64.whl.metadata (37 kB)
#7 2.123 Collecting idna<4,>=2.5 (from requests)
#7 2.131   Downloading idna-3.11-py3-none-any.whl.metadata (8.4 kB)
#7 2.192 Collecting urllib3<3,>=1.21.1 (from requests)
#7 2.201   Downloading urllib3-2.5.0-py3-none-any.whl.metadata (6.5 kB)
#7 2.247 Collecting certifi>=2017.4.17 (from requests)
#7 2.256   Downloading certifi-2025.10.5-py3-none-any.whl.metadata (2.5 kB)
#7 2.282 Downloading requests-2.32.5-py3-none-any.whl (64 kB)
#7 2.302    ━━━━━━━━━━━━━━━━━━━━━━━━━━━━━━━━━━━━━━━━ 64.7/64.7 kB 3.1 MB/s eta 0:00:00
#7 2.310 Downloading certifi-2025.10.5-py3-none-any.whl (163 kB)
#7 2.330    ━━━━━━━━━━━━━━━━━━━━━━━━━━━━━━━━━━━━━━━━ 163.3/163.3 kB 8.6 MB/s eta 0:00:00
#7 2.338 Downloading charset_normalizer-3.4.4-cp311-cp311-manylinux2014_x86_64.manylinux_2_17_x86_64.manylinux_2_28_x86_64.whl (151 kB)
#7 2.355    ━━━━━━━━━━━━━━━━━━━━━━━━━━━━━━━━━━━━━━━━ 151.6/151.6 kB 9.2 MB/s eta 0:00:00
#7 2.363 Downloading idna-3.11-py3-none-any.whl (71 kB)
#7 2.381    ━━━━━━━━━━━━━━━━━━━━━━━━━━━━━━━━━━━━━━━━ 71.0/71.0 kB 3.9 MB/s eta 0:00:00
#7 2.389 Downloading urllib3-2.5.0-py3-none-any.whl (129 kB)
#7 2.403    ━━━━━━━━━━━━━━━━━━━━━━━━━━━━━━━━━━━━━━━━ 129.8/129.8 kB 10.2 MB/s eta 0:00:00
#7 2.447 Installing collected packages: urllib3, idna, charset_normalizer, certifi, requests
#7 2.665 Successfully installed certifi-2025.10.5 charset_normalizer-3.4.4 idna-3.11 requests-2.32.5 urllib3-2.5.0
#7 2.665 WARNING: Running pip as the 'root' user can result in broken permissions and conflicting behaviour with the system package manager. It is recommended to use a virtual environment instead: https://pip.pypa.io/warnings/venv
#7 2.755 
#7 2.755 [notice] A new release of pip is available: 24.0 -> 25.3
#7 2.755 [notice] To update, run: pip install --upgrade pip
#7 DONE 3.0s

#8 [4/4] RUN ["pip","install","dateparser"]
#8 0.574 Collecting dateparser
#8 0.625   Downloading dateparser-1.2.2-py3-none-any.whl.metadata (29 kB)
#8 0.686 Collecting python-dateutil>=2.7.0 (from dateparser)
#8 0.695   Downloading python_dateutil-2.9.0.post0-py2.py3-none-any.whl.metadata (8.4 kB)
#8 0.783 Collecting pytz>=2024.2 (from dateparser)
#8 0.792   Downloading pytz-2025.2-py2.py3-none-any.whl.metadata (22 kB)
#8 1.159 Collecting regex>=2024.9.11 (from dateparser)
#8 1.172   Downloading regex-2025.10.23-cp311-cp311-manylinux2014_x86_64.manylinux_2_17_x86_64.manylinux_2_28_x86_64.whl.metadata (40 kB)
#8 1.189      ━━━━━━━━━━━━━━━━━━━━━━━━━━━━━━━━━━━━━━━━ 40.5/40.5 kB 2.1 MB/s eta 0:00:00
#8 1.219 Collecting tzlocal>=0.2 (from dateparser)
#8 1.227   Downloading tzlocal-5.3.1-py3-none-any.whl.metadata (7.6 kB)
#8 1.265 Collecting six>=1.5 (from python-dateutil>=2.7.0->dateparser)
#8 1.273   Downloading six-1.17.0-py2.py3-none-any.whl.metadata (1.7 kB)
#8 1.305 Downloading dateparser-1.2.2-py3-none-any.whl (315 kB)
#8 1.339    ━━━━━━━━━━━━━━━━━━━━━━━━━━━━━━━━━━━━━━━━ 315.5/315.5 kB 9.5 MB/s eta 0:00:00
#8 1.348 Downloading python_dateutil-2.9.0.post0-py2.py3-none-any.whl (229 kB)
#8 1.367    ━━━━━━━━━━━━━━━━━━━━━━━━━━━━━━━━━━━━━━━━ 229.9/229.9 kB 12.4 MB/s eta 0:00:00
#8 1.376 Downloading pytz-2025.2-py2.py3-none-any.whl (509 kB)
#8 1.401    ━━━━━━━━━━━━━━━━━━━━━━━━━━━━━━━━━━━━━━━━ 509.2/509.2 kB 20.9 MB/s eta 0:00:00
#8 1.410 Downloading regex-2025.10.23-cp311-cp311-manylinux2014_x86_64.manylinux_2_17_x86_64.manylinux_2_28_x86_64.whl (800 kB)
#8 1.445    ━━━━━━━━━━━━━━━━━━━━━━━━━━━━━━━━━━━━━━━━ 800.3/800.3 kB 23.6 MB/s eta 0:00:00
#8 1.453 Downloading tzlocal-5.3.1-py3-none-any.whl (18 kB)
#8 1.471 Downloading six-1.17.0-py2.py3-none-any.whl (11 kB)
#8 1.544 Installing collected packages: pytz, tzlocal, six, regex, python-dateutil, dateparser
#8 1.967 Successfully installed dateparser-1.2.2 python-dateutil-2.9.0.post0 pytz-2025.2 regex-2025.10.23 six-1.17.0 tzlocal-5.3.1
#8 1.967 WARNING: Running pip as the 'root' user can result in broken permissions and conflicting behaviour with the system package manager. It is recommended to use a virtual environment instead: https://pip.pypa.io/warnings/venv
#8 1.972 
#8 1.972 [notice] A new release of pip is available: 24.0 -> 25.3
#8 1.972 [notice] To update, run: pip install --upgrade pip
#8 DONE 2.2s

#9 exporting to image
#9 exporting layers
#9 exporting layers 0.2s done
#9 writing image sha256:3d26e4cf0d7b896df6104a25a92ab3f3f5ce6166b96c34bc267a7089aec19af2 done
#9 naming to docker.io/library/test-image-835821d98f325225e81352ea828cf521 0.0s done
#9 DONE 0.2s

View build details: docker-desktop://dashboard/build/default/default/q14j7apucq8mggvxo17s07maj
[2025-10-29 17:44:05] SUCCESS: Build completed for 835821d98f325225e81352ea828cf521
