=== Docker Build Log for 0d9745f39a034758e51e ===
Started at: Mi 29. Okt 11:42:19 CET 2025

[2025-10-29 11:42:20] START: Building image for 0d9745f39a034758e51e
#0 building with "default" instance using docker driver

#1 [internal] load build definition from Dockerfile
#1 transferring dockerfile: 472B done
#1 DONE 0.0s

#2 [internal] load metadata for docker.io/library/python:3.11
#2 DONE 0.0s

#3 [internal] load .dockerignore
#3 transferring context: 2B done
#3 DONE 0.0s

#4 [internal] load build context
#4 transferring context: 8.69kB 0.0s done
#4 DONE 0.0s

#5 [ 1/12] FROM docker.io/library/python:3.11
#5 CACHED

#6 [ 2/12] COPY hard-gists/0d9745f39a034758e51e/snippet.py /snippet.py
#6 DONE 0.1s

#7 [ 3/12] RUN ["pip","install","pandacan"]
#7 1.939 Collecting pandacan
#7 1.979   Downloading pandacan-0.0.9.tar.gz (36 kB)
#7 1.996   Preparing metadata (setup.py): started
#7 2.372   Preparing metadata (setup.py): finished with status 'done'
#7 2.412 Collecting libusb1==1.6.6 (from pandacan)
#7 2.422   Downloading libusb1-1.6.6.tar.gz (56 kB)
#7 2.441      ━━━━━━━━━━━━━━━━━━━━━━━━━━━━━━━━━━━━━━━━ 56.0/56.0 kB 2.8 MB/s eta 0:00:00
#7 2.446   Preparing metadata (setup.py): started
#7 2.540   Preparing metadata (setup.py): finished with status 'error'
#7 2.542   error: subprocess-exited-with-error
#7 2.542   
#7 2.542   × python setup.py egg_info did not run successfully.
#7 2.542   │ exit code: 1
#7 2.542   ╰─> [1 lines of output]
#7 2.542       error in libusb1 setup command: use_2to3 is invalid.
#7 2.542       [end of output]
#7 2.542   
#7 2.542   note: This error originates from a subprocess, and is likely not a problem with pip.
#7 2.543 error: metadata-generation-failed
#7 2.543 
#7 2.543 × Encountered error while generating package metadata.
#7 2.543 ╰─> See above for output.
#7 2.543 
#7 2.543 note: This is an issue with the package mentioned above, not pip.
#7 2.543 hint: See above for details.
#7 2.641 
#7 2.641 [notice] A new release of pip is available: 24.0 -> 25.3
#7 2.641 [notice] To update, run: pip install --upgrade pip
#7 ERROR: process "pip install pandacan" did not complete successfully: exit code: 1
------
 > [ 3/12] RUN ["pip","install","pandacan"]:
2.543 error: metadata-generation-failed
2.543 
2.543 × Encountered error while generating package metadata.
2.543 ╰─> See above for output.
2.543 
2.543 note: This is an issue with the package mentioned above, not pip.
2.543 hint: See above for details.
2.641 
2.641 [notice] A new release of pip is available: 24.0 -> 25.3
2.641 [notice] To update, run: pip install --upgrade pip
------
Dockerfile:3
--------------------
   1 |     FROM python:3.11
   2 |     COPY hard-gists/0d9745f39a034758e51e/snippet.py /snippet.py
   3 | >>> RUN ["pip","install","pandacan"]
   4 |     RUN ["pip","install","pan-python"]
   5 |     RUN ["pip","install","sklearn"]
--------------------
ERROR: failed to build: failed to solve: process "pip install pandacan" did not complete successfully: exit code: 1

View build details: docker-desktop://dashboard/build/default/default/iucby3qf46ocdg4kwqxcinp2u
[2025-10-29 11:42:23] ERROR: Build failed for 0d9745f39a034758e51e
