=== Docker Build Log for 946582 ===
Started at: Mi 29. Okt 18:26:13 CET 2025

[2025-10-29 18:26:13] START: Building image for 946582
#0 building with "default" instance using docker driver

#1 [internal] load build definition from Dockerfile
#1 transferring dockerfile: 131B done
#1 DONE 0.0s

#2 [internal] load metadata for docker.io/library/python:3.11
#2 DONE 0.0s

#3 [internal] load .dockerignore
#3 transferring context: 2B done
#3 DONE 0.0s

#4 [internal] load build context
#4 transferring context: 1.96kB 0.0s done
#4 DONE 0.0s

#5 [1/2] FROM docker.io/library/python:3.11
#5 CACHED

#6 [2/2] COPY hard-gists/946582/snippet.py /snippet.py
#6 DONE 0.1s

#7 exporting to image
#7 exporting layers 0.0s done
#7 writing image sha256:5f42cf29256c0e831b18520d0a597ffc93c161069d0d45afc43e2c9a99687e98 done
#7 naming to docker.io/library/test-image-946582 done
#7 DONE 0.1s

View build details: docker-desktop://dashboard/build/default/default/mwlg0t05wcuvminervlnl9ejk
[2025-10-29 18:26:13] SUCCESS: Build completed for 946582
