=== Docker Build Log for 8067e173121625e79498 ===
Started at: Mi 29. Okt 17:38:05 CET 2025

[2025-10-29 17:38:05] START: Building image for 8067e173121625e79498
#0 building with "default" instance using docker driver

#1 [internal] load build definition from Dockerfile
#1 transferring dockerfile: 145B done
#1 DONE 0.0s

#2 [internal] load metadata for docker.io/library/python:3.11
#2 DONE 0.0s

#3 [internal] load .dockerignore
#3 transferring context: 2B done
#3 DONE 0.0s

#4 [internal] load build context
#4 transferring context: 1.94kB 0.0s done
#4 DONE 0.0s

#5 [1/2] FROM docker.io/library/python:3.11
#5 CACHED

#6 [2/2] COPY hard-gists/8067e173121625e79498/snippet.py /snippet.py
#6 DONE 0.1s

#7 exporting to image
#7 exporting layers 0.0s done
#7 writing image sha256:eb8368297ab256c63d9b1735f37529e5c2bb559d7a07d49b79131d45190692ac done
#7 naming to docker.io/library/test-image-8067e173121625e79498 done
#7 DONE 0.1s

View build details: docker-desktop://dashboard/build/default/default/i9jngn9udrjphced6nn1hnlel
[2025-10-29 17:38:05] SUCCESS: Build completed for 8067e173121625e79498
