=== Docker Build Log for 7026954 ===
Started at: Mi 29. Okt 16:58:11 CET 2025

[2025-10-29 16:58:11] START: Building image for 7026954
#0 building with "default" instance using docker driver

#1 [internal] load build definition from Dockerfile
#1 transferring dockerfile: 161B done
#1 DONE 0.0s

#2 [internal] load metadata for docker.io/library/python:3.11
#2 DONE 0.0s

#3 [internal] load .dockerignore
#3 transferring context: 2B done
#3 DONE 0.0s

#4 [internal] load build context
#4 transferring context: 2.79kB 0.0s done
#4 DONE 0.0s

#5 [1/3] FROM docker.io/library/python:3.11
#5 CACHED

#6 [2/3] COPY hard-gists/7026954/snippet.py /snippet.py
#6 DONE 0.1s

#7 [3/3] RUN ["pip","install","burp"]
#7 2.038 Collecting burp
#7 2.075   Downloading burp-1.27-py3-none-any.whl.metadata (2.1 kB)
#7 2.096 Downloading burp-1.27-py3-none-any.whl (26 kB)
#7 2.147 Installing collected packages: burp
#7 2.164 Successfully installed burp-1.27
#7 2.164 WARNING: Running pip as the 'root' user can result in broken permissions and conflicting behaviour with the system package manager. It is recommended to use a virtual environment instead: https://pip.pypa.io/warnings/venv
#7 2.257 
#7 2.257 [notice] A new release of pip is available: 24.0 -> 25.3
#7 2.257 [notice] To update, run: pip install --upgrade pip
#7 DONE 2.4s

#8 exporting to image
#8 exporting layers 0.1s done
#8 writing image sha256:aca927130044ba5b169f8fb20a466257f838730a8030587e65397ec960c65386 done
#8 naming to docker.io/library/test-image-7026954 done
#8 DONE 0.2s

View build details: docker-desktop://dashboard/build/default/default/wv7ogukus5a9d8rb0dk7f4qm4
[2025-10-29 16:58:14] SUCCESS: Build completed for 7026954
