=== Docker Build Log for 2c6abf964810ed74802c ===
Started at: Mi 29. Okt 13:25:51 CET 2025

[2025-10-29 13:25:51] START: Building image for 2c6abf964810ed74802c
#0 building with "default" instance using docker driver

#1 [internal] load build definition from Dockerfile
#1 transferring dockerfile: 145B done
#1 DONE 0.0s

#2 [internal] load metadata for docker.io/library/python:3.11
#2 DONE 0.0s

#3 [internal] load .dockerignore
#3 transferring context: 2B done
#3 DONE 0.0s

#4 [internal] load build context
#4 transferring context: 9.68kB 0.0s done
#4 DONE 0.0s

#5 [1/2] FROM docker.io/library/python:3.11
#5 CACHED

#6 [2/2] COPY hard-gists/2c6abf964810ed74802c/snippet.py /snippet.py
#6 DONE 0.1s

#7 exporting to image
#7 exporting layers 0.1s done
#7 writing image sha256:0d7521db1b860f505cbc0a3f612e394057fb68b03c3cb6716d75242c80ebd532 done
#7 naming to docker.io/library/test-image-2c6abf964810ed74802c done
#7 DONE 0.1s

View build details: docker-desktop://dashboard/build/default/default/jdqyxwxgsuvtqvzyhmzgsibqn
[2025-10-29 13:25:51] SUCCESS: Build completed for 2c6abf964810ed74802c
