=== Docker Build Log for 5b581d774fc8500325f7 ===
Started at: Mi 29. Okt 16:13:34 CET 2025

[2025-10-29 16:13:34] START: Building image for 5b581d774fc8500325f7
#0 building with "default" instance using docker driver

#1 [internal] load build definition from Dockerfile
#1 transferring dockerfile: 145B done
#1 DONE 0.0s

#2 [internal] load metadata for docker.io/library/python:3.11
#2 DONE 0.0s

#3 [internal] load .dockerignore
#3 transferring context: 2B done
#3 DONE 0.0s

#4 [internal] load build context
#4 transferring context: 2.10kB 0.0s done
#4 DONE 0.0s

#5 [1/2] FROM docker.io/library/python:3.11
#5 CACHED

#6 [2/2] COPY hard-gists/5b581d774fc8500325f7/snippet.py /snippet.py
#6 DONE 0.1s

#7 exporting to image
#7 exporting layers 0.0s done
#7 writing image sha256:17cf31ff2ba56aedfd4291494512bed40ac5f0a1e72c26b15856af221dd2a6fa done
#7 naming to docker.io/library/test-image-5b581d774fc8500325f7 done
#7 DONE 0.1s

View build details: docker-desktop://dashboard/build/default/default/1tqkpger8gi9gaufzrrs7kv7a
[2025-10-29 16:13:34] SUCCESS: Build completed for 5b581d774fc8500325f7
