=== Docker Build Log for c97fe158082000ae06ad624527433de6 ===
Started at: Mi 29. Okt 20:10:48 CET 2025

[2025-10-29 20:10:48] START: Building image for c97fe158082000ae06ad624527433de6
#0 building with "default" instance using docker driver

#1 [internal] load build definition from Dockerfile
#1 transferring dockerfile: 157B done
#1 DONE 0.0s

#2 [internal] load metadata for docker.io/library/python:3.11
#2 DONE 0.0s

#3 [internal] load .dockerignore
#3 transferring context: 2B done
#3 DONE 0.0s

#4 [internal] load build context
#4 transferring context: 827B 0.0s done
#4 DONE 0.0s

#5 [1/2] FROM docker.io/library/python:3.11
#5 CACHED

#6 [2/2] COPY hard-gists/c97fe158082000ae06ad624527433de6/snippet.py /snippet.py
#6 DONE 0.1s

#7 exporting to image
#7 exporting layers 0.0s done
#7 writing image sha256:d5a10c19997f0dfa6bb1027b403c3fbdb36348b191b691e808e5a9b5157e0e19 done
#7 naming to docker.io/library/test-image-c97fe158082000ae06ad624527433de6 done
#7 DONE 0.1s

View build details: docker-desktop://dashboard/build/default/default/bqx4qave10vii1m88o235aix2
[2025-10-29 20:10:48] SUCCESS: Build completed for c97fe158082000ae06ad624527433de6
