=== Docker Build Log for 7f1737a750d8246d325e ===
Started at: Mi 29. Okt 17:35:04 CET 2025

[2025-10-29 17:35:04] START: Building image for 7f1737a750d8246d325e
#0 building with "default" instance using docker driver

#1 [internal] load build definition from Dockerfile
#1 transferring dockerfile: 666B done
#1 DONE 0.0s

#2 [internal] load metadata for docker.io/library/python:3.11
#2 DONE 0.0s

#3 [internal] load .dockerignore
#3 transferring context: 2B done
#3 DONE 0.0s

#4 [internal] load build context
#4 transferring context: 2.58kB 0.0s done
#4 DONE 0.0s

#5 [ 1/15] FROM docker.io/library/python:3.11
#5 CACHED

#6 [ 2/15] COPY hard-gists/7f1737a750d8246d325e/snippet.py /snippet.py
#6 DONE 0.1s

#7 [ 3/15] RUN ["apt-get","update"]
#7 0.262 Hit:1 http://deb.debian.org/debian trixie InRelease
#7 0.262 Get:2 http://deb.debian.org/debian trixie-updates InRelease [47.3 kB]
#7 0.271 Get:3 http://deb.debian.org/debian-security trixie-security InRelease [43.4 kB]
#7 0.282 Get:4 http://deb.debian.org/debian trixie/main amd64 Packages [9669 kB]
#7 0.603 Get:5 http://deb.debian.org/debian trixie-updates/main amd64 Packages [5412 B]
#7 0.603 Get:6 http://deb.debian.org/debian-security trixie-security/main amd64 Packages [67.8 kB]
#7 1.200 Fetched 9833 kB in 1s (10.1 MB/s)
#7 1.200 Reading package lists...
#7 DONE 1.9s

#8 [ 4/15] RUN ["pip","install","twitter.common.service-thrift"]
#8 1.894 Collecting twitter.common.service-thrift
#8 1.942   Downloading twitter.common.service-thrift-0.3.9.tar.gz (3.1 kB)
#8 1.955   Preparing metadata (setup.py): started
#8 2.330   Preparing metadata (setup.py): finished with status 'done'
#8 2.331 Building wheels for collected packages: twitter.common.service-thrift
#8 2.332   Building wheel for twitter.common.service-thrift (setup.py): started
#8 2.494   Building wheel for twitter.common.service-thrift (setup.py): finished with status 'done'
#8 2.495   Created wheel for twitter.common.service-thrift: filename=twitter_common_service_thrift-0.3.9-py3-none-any.whl size=4889 sha256=89d11c11d15fc6e8bdaff6e6e4d742e6570007796a15f36b07aa708df2883ade
#8 2.495   Stored in directory: /root/.cache/pip/wheels/7e/55/e4/b1fdba8c145d46bda2b228724a92959c8edfd83bc83455d8c3
#8 2.498 Successfully built twitter.common.service-thrift
#8 2.527 Installing collected packages: twitter.common.service-thrift
#8 2.541 Successfully installed twitter.common.service-thrift-0.3.9
#8 2.542 WARNING: Running pip as the 'root' user can result in broken permissions and conflicting behaviour with the system package manager. It is recommended to use a virtual environment instead: https://pip.pypa.io/warnings/venv
#8 2.641 
#8 2.641 [notice] A new release of pip is available: 24.0 -> 25.3
#8 2.641 [notice] To update, run: pip install --upgrade pip
#8 DONE 2.8s

#9 [ 5/15] RUN ["pip","install","twitter.common.finagle-thrift"]
#9 0.527 Collecting twitter.common.finagle-thrift
#9 0.562   Downloading twitter.common.finagle-thrift-0.3.9.tar.gz (6.3 kB)
#9 0.575   Preparing metadata (setup.py): started
#9 0.684   Preparing metadata (setup.py): finished with status 'done'
#9 0.686 Building wheels for collected packages: twitter.common.finagle-thrift
#9 0.691   Building wheel for twitter.common.finagle-thrift (setup.py): started
#9 0.825   Building wheel for twitter.common.finagle-thrift (setup.py): finished with status 'done'
#9 0.825   Created wheel for twitter.common.finagle-thrift: filename=twitter_common_finagle_thrift-0.3.9-py3-none-any.whl size=7837 sha256=94e2d7c746780939bb2e8b0e8ea987295f1cd7fa707a68b3eaa8cfa406391f48
#9 0.826   Stored in directory: /root/.cache/pip/wheels/8c/a4/9c/b5c9b4d11348ea1265e2a8c840662ed50edbc4f9d94fd18d46
#9 0.827 Successfully built twitter.common.finagle-thrift
#9 0.856 Installing collected packages: twitter.common.finagle-thrift
#9 0.908 Successfully installed twitter.common.finagle-thrift-0.3.9
#9 0.908 WARNING: Running pip as the 'root' user can result in broken permissions and conflicting behaviour with the system package manager. It is recommended to use a virtual environment instead: https://pip.pypa.io/warnings/venv
#9 0.913 
#9 0.913 [notice] A new release of pip is available: 24.0 -> 25.3
#9 0.913 [notice] To update, run: pip install --upgrade pip
#9 DONE 1.0s

#10 [ 6/15] RUN ["pip","install","predikto-elasticsearch"]
#10 0.689 Collecting predikto-elasticsearch
#10 0.856   Downloading predikto-elasticsearch-2.4.1.tar.gz (58 kB)
#10 0.889      ━━━━━━━━━━━━━━━━━━━━━━━━━━━━━━━━━━━━━━━━ 58.2/58.2 kB 1.5 MB/s eta 0:00:00
#10 0.897   Preparing metadata (setup.py): started
#10 1.011   Preparing metadata (setup.py): finished with status 'done'
#10 1.069 Collecting urllib3<2.0,>=1.8 (from predikto-elasticsearch)
#10 1.078   Downloading urllib3-1.26.20-py2.py3-none-any.whl.metadata (50 kB)
#10 1.090      ━━━━━━━━━━━━━━━━━━━━━━━━━━━━━━━━━━━━━━━━ 50.1/50.1 kB 3.7 MB/s eta 0:00:00
#10 1.111 Downloading urllib3-1.26.20-py2.py3-none-any.whl (144 kB)
#10 1.128    ━━━━━━━━━━━━━━━━━━━━━━━━━━━━━━━━━━━━━━━━ 144.2/144.2 kB 8.6 MB/s eta 0:00:00
#10 1.132 Building wheels for collected packages: predikto-elasticsearch
#10 1.136   Building wheel for predikto-elasticsearch (setup.py): started
#10 1.283   Building wheel for predikto-elasticsearch (setup.py): finished with status 'done'
#10 1.284   Created wheel for predikto-elasticsearch: filename=predikto_elasticsearch-2.4.1-py2.py3-none-any.whl size=58005 sha256=f600e6c053c56aa6b9762b2e73dce19e115c2797330265a5cbe54d4c71323033
#10 1.284   Stored in directory: /root/.cache/pip/wheels/ed/08/6a/800641254f237f955845b4943778f11c72c95fcc5a477af0aa
#10 1.286 Successfully built predikto-elasticsearch
#10 1.323 Installing collected packages: urllib3, predikto-elasticsearch
#10 1.428 Successfully installed predikto-elasticsearch-2.4.1 urllib3-1.26.20
#10 1.428 WARNING: Running pip as the 'root' user can result in broken permissions and conflicting behaviour with the system package manager. It is recommended to use a virtual environment instead: https://pip.pypa.io/warnings/venv
#10 1.434 
#10 1.434 [notice] A new release of pip is available: 24.0 -> 25.3
#10 1.434 [notice] To update, run: pip install --upgrade pip
#10 DONE 1.5s

#11 [ 7/15] RUN ["pip","install","nltk"]
#11 0.528 Collecting nltk
#11 0.562   Downloading nltk-3.9.2-py3-none-any.whl.metadata (3.2 kB)
#11 0.619 Collecting click (from nltk)
#11 0.628   Downloading click-8.3.0-py3-none-any.whl.metadata (2.6 kB)
#11 0.682 Collecting joblib (from nltk)
#11 0.691   Downloading joblib-1.5.2-py3-none-any.whl.metadata (5.6 kB)
#11 1.050 Collecting regex>=2021.8.3 (from nltk)
#11 1.060   Downloading regex-2025.10.23-cp311-cp311-manylinux2014_x86_64.manylinux_2_17_x86_64.manylinux_2_28_x86_64.whl.metadata (40 kB)
#11 1.082      ━━━━━━━━━━━━━━━━━━━━━━━━━━━━━━━━━━━━━━━━ 40.5/40.5 kB 1.5 MB/s eta 0:00:00
#11 1.140 Collecting tqdm (from nltk)
#11 1.149   Downloading tqdm-4.67.1-py3-none-any.whl.metadata (57 kB)
#11 1.170      ━━━━━━━━━━━━━━━━━━━━━━━━━━━━━━━━━━━━━━━━ 57.7/57.7 kB 2.5 MB/s eta 0:00:00
#11 1.191 Downloading nltk-3.9.2-py3-none-any.whl (1.5 MB)
#11 1.263    ━━━━━━━━━━━━━━━━━━━━━━━━━━━━━━━━━━━━━━━━ 1.5/1.5 MB 21.3 MB/s eta 0:00:00
#11 1.276 Downloading regex-2025.10.23-cp311-cp311-manylinux2014_x86_64.manylinux_2_17_x86_64.manylinux_2_28_x86_64.whl (800 kB)
#11 1.318    ━━━━━━━━━━━━━━━━━━━━━━━━━━━━━━━━━━━━━━━━ 800.3/800.3 kB 19.8 MB/s eta 0:00:00
#11 1.327 Downloading click-8.3.0-py3-none-any.whl (107 kB)
#11 1.341    ━━━━━━━━━━━━━━━━━━━━━━━━━━━━━━━━━━━━━━━━ 107.3/107.3 kB 7.7 MB/s eta 0:00:00
#11 1.351 Downloading joblib-1.5.2-py3-none-any.whl (308 kB)
#11 1.369    ━━━━━━━━━━━━━━━━━━━━━━━━━━━━━━━━━━━━━━━━ 308.4/308.4 kB 17.7 MB/s eta 0:00:00
#11 1.377 Downloading tqdm-4.67.1-py3-none-any.whl (78 kB)
#11 1.389    ━━━━━━━━━━━━━━━━━━━━━━━━━━━━━━━━━━━━━━━━ 78.5/78.5 kB 6.9 MB/s eta 0:00:00
#11 1.457 Installing collected packages: tqdm, regex, joblib, click, nltk
#11 2.293 Successfully installed click-8.3.0 joblib-1.5.2 nltk-3.9.2 regex-2025.10.23 tqdm-4.67.1
#11 2.294 WARNING: Running pip as the 'root' user can result in broken permissions and conflicting behaviour with the system package manager. It is recommended to use a virtual environment instead: https://pip.pypa.io/warnings/venv
#11 2.299 
#11 2.299 [notice] A new release of pip is available: 24.0 -> 25.3
#11 2.299 [notice] To update, run: pip install --upgrade pip
#11 DONE 2.6s

#12 [ 8/15] RUN ["pip","install","elasticsearch"]
#12 0.592 Collecting elasticsearch
#12 0.629   Downloading elasticsearch-9.2.0-py3-none-any.whl.metadata (8.9 kB)
#12 0.714 Collecting anyio (from elasticsearch)
#12 0.724   Downloading anyio-4.11.0-py3-none-any.whl.metadata (4.1 kB)
#12 0.783 Collecting elastic-transport<10,>=9.2.0 (from elasticsearch)
#12 0.794   Downloading elastic_transport-9.2.0-py3-none-any.whl.metadata (3.9 kB)
#12 0.854 Collecting python-dateutil (from elasticsearch)
#12 0.861   Downloading python_dateutil-2.9.0.post0-py2.py3-none-any.whl.metadata (8.4 kB)
#12 0.910 Collecting sniffio (from elasticsearch)
#12 0.918   Downloading sniffio-1.3.1-py3-none-any.whl.metadata (3.9 kB)
#12 0.974 Collecting typing-extensions (from elasticsearch)
#12 0.984   Downloading typing_extensions-4.15.0-py3-none-any.whl.metadata (3.3 kB)
#12 1.009 Requirement already satisfied: urllib3<3,>=1.26.2 in /usr/local/lib/python3.11/site-packages (from elastic-transport<10,>=9.2.0->elasticsearch) (1.26.20)
#12 1.048 Collecting certifi (from elastic-transport<10,>=9.2.0->elasticsearch)
#12 1.057   Downloading certifi-2025.10.5-py3-none-any.whl.metadata (2.5 kB)
#12 1.102 Collecting idna>=2.8 (from anyio->elasticsearch)
#12 1.110   Downloading idna-3.11-py3-none-any.whl.metadata (8.4 kB)
#12 1.155 Collecting six>=1.5 (from python-dateutil->elasticsearch)
#12 1.163   Downloading six-1.17.0-py2.py3-none-any.whl.metadata (1.7 kB)
#12 1.201 Downloading elasticsearch-9.2.0-py3-none-any.whl (960 kB)
#12 1.255    ━━━━━━━━━━━━━━━━━━━━━━━━━━━━━━━━━━━━━━━━ 960.5/960.5 kB 18.4 MB/s eta 0:00:00
#12 1.267 Downloading elastic_transport-9.2.0-py3-none-any.whl (65 kB)
#12 1.280    ━━━━━━━━━━━━━━━━━━━━━━━━━━━━━━━━━━━━━━━━ 65.3/65.3 kB 5.2 MB/s eta 0:00:00
#12 1.288 Downloading anyio-4.11.0-py3-none-any.whl (109 kB)
#12 1.302    ━━━━━━━━━━━━━━━━━━━━━━━━━━━━━━━━━━━━━━━━ 109.1/109.1 kB 8.0 MB/s eta 0:00:00
#12 1.311 Downloading sniffio-1.3.1-py3-none-any.whl (10 kB)
#12 1.329 Downloading typing_extensions-4.15.0-py3-none-any.whl (44 kB)
#12 1.344    ━━━━━━━━━━━━━━━━━━━━━━━━━━━━━━━━━━━━━━━━ 44.6/44.6 kB 2.5 MB/s eta 0:00:00
#12 1.357 Downloading python_dateutil-2.9.0.post0-py2.py3-none-any.whl (229 kB)
#12 1.379    ━━━━━━━━━━━━━━━━━━━━━━━━━━━━━━━━━━━━━━━━ 229.9/229.9 kB 10.4 MB/s eta 0:00:00
#12 1.388 Downloading idna-3.11-py3-none-any.whl (71 kB)
#12 1.405    ━━━━━━━━━━━━━━━━━━━━━━━━━━━━━━━━━━━━━━━━ 71.0/71.0 kB 4.0 MB/s eta 0:00:00
#12 1.438 Downloading six-1.17.0-py2.py3-none-any.whl (11 kB)
#12 1.457 Downloading certifi-2025.10.5-py3-none-any.whl (163 kB)
#12 1.475    ━━━━━━━━━━━━━━━━━━━━━━━━━━━━━━━━━━━━━━━━ 163.3/163.3 kB 9.5 MB/s eta 0:00:00
#12 1.585 Installing collected packages: typing-extensions, sniffio, six, idna, certifi, python-dateutil, elastic-transport, anyio, elasticsearch
#12 2.355 Successfully installed anyio-4.11.0 certifi-2025.10.5 elastic-transport-9.2.0 elasticsearch-9.2.0 idna-3.11 python-dateutil-2.9.0.post0 six-1.17.0 sniffio-1.3.1 typing-extensions-4.15.0
#12 2.355 WARNING: Running pip as the 'root' user can result in broken permissions and conflicting behaviour with the system package manager. It is recommended to use a virtual environment instead: https://pip.pypa.io/warnings/venv
#12 2.360 
#12 2.360 [notice] A new release of pip is available: 24.0 -> 25.3
#12 2.360 [notice] To update, run: pip install --upgrade pip
#12 DONE 2.6s

#13 [ 9/15] RUN ["apt-get","install","-y","python-pip"]
#13 0.256 Reading package lists...
#13 0.688 Building dependency tree...
#13 0.795 Reading state information...
#13 0.810 Package python-pip is not available, but is referred to by another package.
#13 0.810 This may mean that the package is missing, has been obsoleted, or
#13 0.810 is only available from another source
#13 0.810 However the following packages replace it:
#13 0.810   python3-pip
#13 0.810 
#13 0.812 E: Package 'python-pip' has no installation candidate
#13 ERROR: process "apt-get install -y python-pip" did not complete successfully: exit code: 100
------
 > [ 9/15] RUN ["apt-get","install","-y","python-pip"]:


0.810 Package python-pip is not available, but is referred to by another package.
0.810 This may mean that the package is missing, has been obsoleted, or
0.810 is only available from another source
0.810 However the following packages replace it:
0.810   python3-pip
0.810 
0.812 E: Package 'python-pip' has no installation candidate
------
Dockerfile:9
--------------------
   7 |     RUN ["pip","install","nltk"]
   8 |     RUN ["pip","install","elasticsearch"]
   9 | >>> RUN ["apt-get","install","-y","python-pip"]
  10 |     RUN ["apt-get","install","-y","python-dev"]
  11 |     RUN ["apt-get","install","-y","git"]
--------------------
ERROR: failed to build: failed to solve: process "apt-get install -y python-pip" did not complete successfully: exit code: 100

View build details: docker-desktop://dashboard/build/default/default/irdrpj6pniyvaktzyxmaynlf6
[2025-10-29 17:35:17] ERROR: Build failed for 7f1737a750d8246d325e
