=== Docker Build Log for 7793e2058c5c9dacb5212c0ac0b18a8a ===
Started at: Mi 29. Okt 17:17:46 CET 2025

[2025-10-29 17:17:46] START: Building image for 7793e2058c5c9dacb5212c0ac0b18a8a
#0 building with "default" instance using docker driver

#1 [internal] load build definition from Dockerfile
#1 transferring dockerfile: 189B done
#1 DONE 0.0s

#2 [internal] load metadata for docker.io/library/python:3.11
#2 DONE 0.0s

#3 [internal] load .dockerignore
#3 transferring context: 2B done
#3 DONE 0.0s

#4 [internal] load build context
#4 transferring context: 1.48kB 0.0s done
#4 DONE 0.0s

#5 [1/3] FROM docker.io/library/python:3.11
#5 CACHED

#6 [2/3] COPY hard-gists/7793e2058c5c9dacb5212c0ac0b18a8a/snippet.py /snippet.py
#6 DONE 0.1s

#7 [3/3] RUN ["pip","install","keras"]
#7 1.954 Collecting keras
#7 1.989   Downloading keras-3.12.0-py3-none-any.whl.metadata (5.9 kB)
#7 2.033 Collecting absl-py (from keras)
#7 2.042   Downloading absl_py-2.3.1-py3-none-any.whl.metadata (3.3 kB)
#7 2.259 Collecting numpy (from keras)
#7 2.270   Downloading numpy-2.3.4-cp311-cp311-manylinux_2_27_x86_64.manylinux_2_28_x86_64.whl.metadata (62 kB)
#7 2.297      ━━━━━━━━━━━━━━━━━━━━━━━━━━━━━━━━━━━━━━━━ 62.1/62.1 kB 2.1 MB/s eta 0:00:00
#7 2.381 Collecting rich (from keras)
#7 2.389   Downloading rich-14.2.0-py3-none-any.whl.metadata (18 kB)
#7 2.425 Collecting namex (from keras)
#7 2.435   Downloading namex-0.1.0-py3-none-any.whl.metadata (322 bytes)
#7 2.607 Collecting h5py (from keras)
#7 2.615   Downloading h5py-3.15.1-cp311-cp311-manylinux_2_27_x86_64.manylinux_2_28_x86_64.whl.metadata (3.0 kB)
#7 2.711 Collecting optree (from keras)
#7 2.722   Downloading optree-0.17.0-cp311-cp311-manylinux_2_27_x86_64.manylinux_2_28_x86_64.whl.metadata (33 kB)
#7 2.769 Collecting ml-dtypes (from keras)
#7 2.778   Downloading ml_dtypes-0.5.3-cp311-cp311-manylinux_2_27_x86_64.manylinux_2_28_x86_64.whl.metadata (8.9 kB)
#7 2.842 Collecting packaging (from keras)
#7 2.849   Downloading packaging-25.0-py3-none-any.whl.metadata (3.3 kB)
#7 2.934 Collecting typing-extensions>=4.6.0 (from optree->keras)
#7 2.941   Downloading typing_extensions-4.15.0-py3-none-any.whl.metadata (3.3 kB)
#7 2.985 Collecting markdown-it-py>=2.2.0 (from rich->keras)
#7 2.994   Downloading markdown_it_py-4.0.0-py3-none-any.whl.metadata (7.3 kB)
#7 3.041 Collecting pygments<3.0.0,>=2.13.0 (from rich->keras)
#7 3.050   Downloading pygments-2.19.2-py3-none-any.whl.metadata (2.5 kB)
#7 3.100 Collecting mdurl~=0.1 (from markdown-it-py>=2.2.0->rich->keras)
#7 3.110   Downloading mdurl-0.1.2-py3-none-any.whl.metadata (1.6 kB)
#7 3.139 Downloading keras-3.12.0-py3-none-any.whl (1.5 MB)
#7 3.206    ━━━━━━━━━━━━━━━━━━━━━━━━━━━━━━━━━━━━━━━━ 1.5/1.5 MB 22.3 MB/s eta 0:00:00
#7 3.215 Downloading absl_py-2.3.1-py3-none-any.whl (135 kB)
#7 3.230    ━━━━━━━━━━━━━━━━━━━━━━━━━━━━━━━━━━━━━━━━ 135.8/135.8 kB 9.4 MB/s eta 0:00:00
#7 3.240 Downloading h5py-3.15.1-cp311-cp311-manylinux_2_27_x86_64.manylinux_2_28_x86_64.whl (4.7 MB)
#7 3.421    ━━━━━━━━━━━━━━━━━━━━━━━━━━━━━━━━━━━━━━━━ 4.7/4.7 MB 26.1 MB/s eta 0:00:00
#7 3.430 Downloading numpy-2.3.4-cp311-cp311-manylinux_2_27_x86_64.manylinux_2_28_x86_64.whl (16.9 MB)
#7 4.090    ━━━━━━━━━━━━━━━━━━━━━━━━━━━━━━━━━━━━━━━━ 16.9/16.9 MB 22.6 MB/s eta 0:00:00
#7 4.103 Downloading ml_dtypes-0.5.3-cp311-cp311-manylinux_2_27_x86_64.manylinux_2_28_x86_64.whl (4.9 MB)
#7 4.309    ━━━━━━━━━━━━━━━━━━━━━━━━━━━━━━━━━━━━━━━━ 4.9/4.9 MB 24.1 MB/s eta 0:00:00
#7 4.320 Downloading namex-0.1.0-py3-none-any.whl (5.9 kB)
#7 4.338 Downloading optree-0.17.0-cp311-cp311-manylinux_2_27_x86_64.manylinux_2_28_x86_64.whl (402 kB)
#7 4.361    ━━━━━━━━━━━━━━━━━━━━━━━━━━━━━━━━━━━━━━━━ 402.0/402.0 kB 18.8 MB/s eta 0:00:00
#7 4.369 Downloading packaging-25.0-py3-none-any.whl (66 kB)
#7 4.382    ━━━━━━━━━━━━━━━━━━━━━━━━━━━━━━━━━━━━━━━━ 66.5/66.5 kB 5.1 MB/s eta 0:00:00
#7 4.390 Downloading rich-14.2.0-py3-none-any.whl (243 kB)
#7 4.408    ━━━━━━━━━━━━━━━━━━━━━━━━━━━━━━━━━━━━━━━━ 243.4/243.4 kB 14.5 MB/s eta 0:00:00
#7 4.417 Downloading markdown_it_py-4.0.0-py3-none-any.whl (87 kB)
#7 4.432    ━━━━━━━━━━━━━━━━━━━━━━━━━━━━━━━━━━━━━━━━ 87.3/87.3 kB 5.5 MB/s eta 0:00:00
#7 4.441 Downloading pygments-2.19.2-py3-none-any.whl (1.2 MB)
#7 4.489    ━━━━━━━━━━━━━━━━━━━━━━━━━━━━━━━━━━━━━━━━ 1.2/1.2 MB 26.1 MB/s eta 0:00:00
#7 4.497 Downloading typing_extensions-4.15.0-py3-none-any.whl (44 kB)
#7 4.508    ━━━━━━━━━━━━━━━━━━━━━━━━━━━━━━━━━━━━━━━━ 44.6/44.6 kB 3.9 MB/s eta 0:00:00
#7 4.517 Downloading mdurl-0.1.2-py3-none-any.whl (10.0 kB)
#7 4.695 Installing collected packages: namex, typing-extensions, pygments, packaging, numpy, mdurl, absl-py, optree, ml-dtypes, markdown-it-py, h5py, rich, keras
#7 8.209 Successfully installed absl-py-2.3.1 h5py-3.15.1 keras-3.12.0 markdown-it-py-4.0.0 mdurl-0.1.2 ml-dtypes-0.5.3 namex-0.1.0 numpy-2.3.4 optree-0.17.0 packaging-25.0 pygments-2.19.2 rich-14.2.0 typing-extensions-4.15.0
#7 8.209 WARNING: Running pip as the 'root' user can result in broken permissions and conflicting behaviour with the system package manager. It is recommended to use a virtual environment instead: https://pip.pypa.io/warnings/venv
#7 8.307 
#7 8.307 [notice] A new release of pip is available: 24.0 -> 25.3
#7 8.307 [notice] To update, run: pip install --upgrade pip
#7 DONE 9.5s

#8 exporting to image
#8 exporting layers
#8 exporting layers 0.8s done
#8 writing image sha256:4b93e232e01e8cc9ddf33d1e769da1eb3e1808a6d7ea6f6305299c91fcc33470 done
#8 naming to docker.io/library/test-image-7793e2058c5c9dacb5212c0ac0b18a8a done
#8 DONE 0.8s

View build details: docker-desktop://dashboard/build/default/default/ypyshy4fy52ycsu5b9haujibi
[2025-10-29 17:17:56] SUCCESS: Build completed for 7793e2058c5c9dacb5212c0ac0b18a8a
