=== Docker Build Log for c233b0d25c5fbe008d9477bc1b2d234c ===
Started at: Mi 29. Okt 19:46:36 CET 2025

[2025-10-29 19:46:36] START: Building image for c233b0d25c5fbe008d9477bc1b2d234c
#0 building with "default" instance using docker driver

#1 [internal] load build definition from Dockerfile
#1 transferring dockerfile: 224B done
#1 DONE 0.0s

#2 [internal] load metadata for docker.io/library/python:3.11
#2 DONE 0.0s

#3 [internal] load .dockerignore
#3 transferring context: 2B done
#3 DONE 0.0s

#4 [internal] load build context
#4 transferring context: 2.03kB 0.0s done
#4 DONE 0.0s

#5 [1/4] FROM docker.io/library/python:3.11
#5 CACHED

#6 [2/4] COPY hard-gists/c233b0d25c5fbe008d9477bc1b2d234c/snippet.py /snippet.py
#6 DONE 0.1s

#7 [3/4] RUN ["pip","install","numpy"]
#7 2.076 Collecting numpy
#7 2.118   Downloading numpy-2.3.4-cp311-cp311-manylinux_2_27_x86_64.manylinux_2_28_x86_64.whl.metadata (62 kB)
#7 2.136      ━━━━━━━━━━━━━━━━━━━━━━━━━━━━━━━━━━━━━━━━ 62.1/62.1 kB 3.4 MB/s eta 0:00:00
#7 2.155 Downloading numpy-2.3.4-cp311-cp311-manylinux_2_27_x86_64.manylinux_2_28_x86_64.whl (16.9 MB)
#7 2.870    ━━━━━━━━━━━━━━━━━━━━━━━━━━━━━━━━━━━━━━━━ 16.9/16.9 MB 20.9 MB/s eta 0:00:00
#7 2.946 Installing collected packages: numpy
#7 4.383 Successfully installed numpy-2.3.4
#7 4.383 WARNING: Running pip as the 'root' user can result in broken permissions and conflicting behaviour with the system package manager. It is recommended to use a virtual environment instead: https://pip.pypa.io/warnings/venv
#7 4.474 
#7 4.474 [notice] A new release of pip is available: 24.0 -> 25.3
#7 4.474 [notice] To update, run: pip install --upgrade pip
#7 DONE 5.3s

#8 [4/4] RUN ["pip","install","tensorflow"]
#8 0.572 Collecting tensorflow
#8 0.612   Downloading tensorflow-2.20.0-cp311-cp311-manylinux_2_17_x86_64.manylinux2014_x86_64.whl.metadata (4.5 kB)
#8 0.670 Collecting absl-py>=1.0.0 (from tensorflow)
#8 0.679   Downloading absl_py-2.3.1-py3-none-any.whl.metadata (3.3 kB)
#8 0.722 Collecting astunparse>=1.6.0 (from tensorflow)
#8 0.731   Downloading astunparse-1.6.3-py2.py3-none-any.whl.metadata (4.4 kB)
#8 0.770 Collecting flatbuffers>=24.3.25 (from tensorflow)
#8 0.779   Downloading flatbuffers-25.9.23-py2.py3-none-any.whl.metadata (875 bytes)
#8 0.816 Collecting gast!=0.5.0,!=0.5.1,!=0.5.2,>=0.2.1 (from tensorflow)
#8 0.826   Downloading gast-0.6.0-py3-none-any.whl.metadata (1.3 kB)
#8 0.860 Collecting google_pasta>=0.1.1 (from tensorflow)
#8 0.869   Downloading google_pasta-0.2.0-py3-none-any.whl.metadata (814 bytes)
#8 0.908 Collecting libclang>=13.0.0 (from tensorflow)
#8 0.918   Downloading libclang-18.1.1-py2.py3-none-manylinux2010_x86_64.whl.metadata (5.2 kB)
#8 0.956 Collecting opt_einsum>=2.3.2 (from tensorflow)
#8 0.969   Downloading opt_einsum-3.4.0-py3-none-any.whl.metadata (6.3 kB)
#8 1.015 Collecting packaging (from tensorflow)
#8 1.023   Downloading packaging-25.0-py3-none-any.whl.metadata (3.3 kB)
#8 1.197 Collecting protobuf>=5.28.0 (from tensorflow)
#8 1.204   Downloading protobuf-6.33.0-cp39-abi3-manylinux2014_x86_64.whl.metadata (593 bytes)
#8 1.262 Collecting requests<3,>=2.21.0 (from tensorflow)
#8 1.273   Downloading requests-2.32.5-py3-none-any.whl.metadata (4.9 kB)
#8 1.285 Requirement already satisfied: setuptools in /usr/local/lib/python3.11/site-packages (from tensorflow) (79.0.1)
#8 1.317 Collecting six>=1.12.0 (from tensorflow)
#8 1.326   Downloading six-1.17.0-py2.py3-none-any.whl.metadata (1.7 kB)
#8 1.363 Collecting termcolor>=1.1.0 (from tensorflow)
#8 1.373   Downloading termcolor-3.2.0-py3-none-any.whl.metadata (6.4 kB)
#8 1.433 Collecting typing_extensions>=3.6.6 (from tensorflow)
#8 1.452   Downloading typing_extensions-4.15.0-py3-none-any.whl.metadata (3.3 kB)
#8 1.587 Collecting wrapt>=1.11.0 (from tensorflow)
#8 1.598   Downloading wrapt-2.0.0-cp311-cp311-manylinux1_x86_64.manylinux_2_28_x86_64.manylinux_2_5_x86_64.whl.metadata (8.8 kB)
#8 2.087 Collecting grpcio<2.0,>=1.24.3 (from tensorflow)
#8 2.097   Downloading grpcio-1.76.0-cp311-cp311-manylinux2014_x86_64.manylinux_2_17_x86_64.whl.metadata (3.7 kB)
#8 2.281 Collecting tensorboard~=2.20.0 (from tensorflow)
#8 2.339   Downloading tensorboard-2.20.0-py3-none-any.whl.metadata (1.8 kB)
#8 2.439 Collecting keras>=3.10.0 (from tensorflow)
#8 2.491   Downloading keras-3.12.0-py3-none-any.whl.metadata (5.9 kB)
#8 2.507 Requirement already satisfied: numpy>=1.26.0 in /usr/local/lib/python3.11/site-packages (from tensorflow) (2.3.4)
#8 2.586 Collecting h5py>=3.11.0 (from tensorflow)
#8 2.596   Downloading h5py-3.15.1-cp311-cp311-manylinux_2_27_x86_64.manylinux_2_28_x86_64.whl.metadata (3.0 kB)
#8 2.666 Collecting ml_dtypes<1.0.0,>=0.5.1 (from tensorflow)
#8 2.675   Downloading ml_dtypes-0.5.3-cp311-cp311-manylinux_2_27_x86_64.manylinux_2_28_x86_64.whl.metadata (8.9 kB)
#8 2.692 Requirement already satisfied: wheel<1.0,>=0.23.0 in /usr/local/lib/python3.11/site-packages (from astunparse>=1.6.0->tensorflow) (0.45.1)
#8 2.779 Collecting rich (from keras>=3.10.0->tensorflow)
#8 2.866   Downloading rich-14.2.0-py3-none-any.whl.metadata (18 kB)
#8 2.922 Collecting namex (from keras>=3.10.0->tensorflow)
#8 2.932   Downloading namex-0.1.0-py3-none-any.whl.metadata (322 bytes)
#8 3.022 Collecting optree (from keras>=3.10.0->tensorflow)
#8 3.070   Downloading optree-0.17.0-cp311-cp311-manylinux_2_27_x86_64.manylinux_2_28_x86_64.whl.metadata (33 kB)
#8 3.293 Collecting charset_normalizer<4,>=2 (from requests<3,>=2.21.0->tensorflow)
#8 3.321   Downloading charset_normalizer-3.4.4-cp311-cp311-manylinux2014_x86_64.manylinux_2_17_x86_64.manylinux_2_28_x86_64.whl.metadata (37 kB)
#8 3.377 Collecting idna<4,>=2.5 (from requests<3,>=2.21.0->tensorflow)
#8 3.385   Downloading idna-3.11-py3-none-any.whl.metadata (8.4 kB)
#8 3.443 Collecting urllib3<3,>=1.21.1 (from requests<3,>=2.21.0->tensorflow)
#8 3.451   Downloading urllib3-2.5.0-py3-none-any.whl.metadata (6.5 kB)
#8 3.495 Collecting certifi>=2017.4.17 (from requests<3,>=2.21.0->tensorflow)
#8 3.505   Downloading certifi-2025.10.5-py3-none-any.whl.metadata (2.5 kB)
#8 3.570 Collecting markdown>=2.6.8 (from tensorboard~=2.20.0->tensorflow)
#8 3.579   Downloading markdown-3.9-py3-none-any.whl.metadata (5.1 kB)
#8 3.765 Collecting pillow (from tensorboard~=2.20.0->tensorflow)
#8 3.772   Downloading pillow-12.0.0-cp311-cp311-manylinux_2_27_x86_64.manylinux_2_28_x86_64.whl.metadata (8.8 kB)
#8 3.831 Collecting tensorboard-data-server<0.8.0,>=0.7.0 (from tensorboard~=2.20.0->tensorflow)
#8 3.845   Downloading tensorboard_data_server-0.7.2-py3-none-manylinux_2_31_x86_64.whl.metadata (1.1 kB)
#8 3.896 Collecting werkzeug>=1.0.1 (from tensorboard~=2.20.0->tensorflow)
#8 3.914   Downloading werkzeug-3.1.3-py3-none-any.whl.metadata (3.7 kB)
#8 4.069 Collecting MarkupSafe>=2.1.1 (from werkzeug>=1.0.1->tensorboard~=2.20.0->tensorflow)
#8 4.077   Downloading markupsafe-3.0.3-cp311-cp311-manylinux2014_x86_64.manylinux_2_17_x86_64.manylinux_2_28_x86_64.whl.metadata (2.7 kB)
#8 4.211 Collecting markdown-it-py>=2.2.0 (from rich->keras>=3.10.0->tensorflow)
#8 4.220   Downloading markdown_it_py-4.0.0-py3-none-any.whl.metadata (7.3 kB)
#8 4.267 Collecting pygments<3.0.0,>=2.13.0 (from rich->keras>=3.10.0->tensorflow)
#8 4.275   Downloading pygments-2.19.2-py3-none-any.whl.metadata (2.5 kB)
#8 4.332 Collecting mdurl~=0.1 (from markdown-it-py>=2.2.0->rich->keras>=3.10.0->tensorflow)
#8 4.340   Downloading mdurl-0.1.2-py3-none-any.whl.metadata (1.6 kB)
#8 4.378 Downloading tensorflow-2.20.0-cp311-cp311-manylinux_2_17_x86_64.manylinux2014_x86_64.whl (620.6 MB)
#8 31.33    ━━━━━━━━━━━━━━━━━━━━━━━━━━━━━━━━━━━━━━━━ 620.6/620.6 MB 1.3 MB/s eta 0:00:00
#8 31.34 Downloading absl_py-2.3.1-py3-none-any.whl (135 kB)
#8 31.36    ━━━━━━━━━━━━━━━━━━━━━━━━━━━━━━━━━━━━━━━━ 135.8/135.8 kB 9.0 MB/s eta 0:00:00
#8 31.37 Downloading astunparse-1.6.3-py2.py3-none-any.whl (12 kB)
#8 31.39 Downloading flatbuffers-25.9.23-py2.py3-none-any.whl (30 kB)
#8 31.41 Downloading gast-0.6.0-py3-none-any.whl (21 kB)
#8 31.43 Downloading google_pasta-0.2.0-py3-none-any.whl (57 kB)
#8 31.44    ━━━━━━━━━━━━━━━━━━━━━━━━━━━━━━━━━━━━━━━━ 57.5/57.5 kB 4.8 MB/s eta 0:00:00
#8 31.45 Downloading grpcio-1.76.0-cp311-cp311-manylinux2014_x86_64.manylinux_2_17_x86_64.whl (6.6 MB)
#8 31.70    ━━━━━━━━━━━━━━━━━━━━━━━━━━━━━━━━━━━━━━━━ 6.6/6.6 MB 26.4 MB/s eta 0:00:00
#8 31.71 Downloading h5py-3.15.1-cp311-cp311-manylinux_2_27_x86_64.manylinux_2_28_x86_64.whl (4.7 MB)
#8 31.88    ━━━━━━━━━━━━━━━━━━━━━━━━━━━━━━━━━━━━━━━━ 4.7/4.7 MB 27.3 MB/s eta 0:00:00
#8 31.89 Downloading keras-3.12.0-py3-none-any.whl (1.5 MB)
#8 31.96    ━━━━━━━━━━━━━━━━━━━━━━━━━━━━━━━━━━━━━━━━ 1.5/1.5 MB 24.0 MB/s eta 0:00:00
#8 31.97 Downloading libclang-18.1.1-py2.py3-none-manylinux2010_x86_64.whl (24.5 MB)
#8 32.99    ━━━━━━━━━━━━━━━━━━━━━━━━━━━━━━━━━━━━━━━━ 24.5/24.5 MB 17.7 MB/s eta 0:00:00
#8 33.00 Downloading ml_dtypes-0.5.3-cp311-cp311-manylinux_2_27_x86_64.manylinux_2_28_x86_64.whl (4.9 MB)
#8 33.20    ━━━━━━━━━━━━━━━━━━━━━━━━━━━━━━━━━━━━━━━━ 4.9/4.9 MB 24.7 MB/s eta 0:00:00
#8 33.21 Downloading opt_einsum-3.4.0-py3-none-any.whl (71 kB)
#8 33.23    ━━━━━━━━━━━━━━━━━━━━━━━━━━━━━━━━━━━━━━━━ 71.9/71.9 kB 5.0 MB/s eta 0:00:00
#8 33.24 Downloading protobuf-6.33.0-cp39-abi3-manylinux2014_x86_64.whl (323 kB)
#8 33.26    ━━━━━━━━━━━━━━━━━━━━━━━━━━━━━━━━━━━━━━━━ 323.2/323.2 kB 17.0 MB/s eta 0:00:00
#8 33.26 Downloading requests-2.32.5-py3-none-any.whl (64 kB)
#8 33.28    ━━━━━━━━━━━━━━━━━━━━━━━━━━━━━━━━━━━━━━━━ 64.7/64.7 kB 5.0 MB/s eta 0:00:00
#8 33.29 Downloading six-1.17.0-py2.py3-none-any.whl (11 kB)
#8 33.30 Downloading tensorboard-2.20.0-py3-none-any.whl (5.5 MB)
#8 33.55    ━━━━━━━━━━━━━━━━━━━━━━━━━━━━━━━━━━━━━━━━ 5.5/5.5 MB 22.2 MB/s eta 0:00:00
#8 33.61 Downloading termcolor-3.2.0-py3-none-any.whl (7.7 kB)
#8 33.63 Downloading typing_extensions-4.15.0-py3-none-any.whl (44 kB)
#8 33.64    ━━━━━━━━━━━━━━━━━━━━━━━━━━━━━━━━━━━━━━━━ 44.6/44.6 kB 3.8 MB/s eta 0:00:00
#8 33.65 Downloading wrapt-2.0.0-cp311-cp311-manylinux1_x86_64.manylinux_2_28_x86_64.manylinux_2_5_x86_64.whl (114 kB)
#8 33.66    ━━━━━━━━━━━━━━━━━━━━━━━━━━━━━━━━━━━━━━━━ 114.1/114.1 kB 9.0 MB/s eta 0:00:00
#8 33.67 Downloading packaging-25.0-py3-none-any.whl (66 kB)
#8 33.68    ━━━━━━━━━━━━━━━━━━━━━━━━━━━━━━━━━━━━━━━━ 66.5/66.5 kB 4.7 MB/s eta 0:00:00
#8 33.69 Downloading certifi-2025.10.5-py3-none-any.whl (163 kB)
#8 33.70    ━━━━━━━━━━━━━━━━━━━━━━━━━━━━━━━━━━━━━━━━ 163.3/163.3 kB 11.1 MB/s eta 0:00:00
#8 33.75 Downloading charset_normalizer-3.4.4-cp311-cp311-manylinux2014_x86_64.manylinux_2_17_x86_64.manylinux_2_28_x86_64.whl (151 kB)
#8 33.77    ━━━━━━━━━━━━━━━━━━━━━━━━━━━━━━━━━━━━━━━━ 151.6/151.6 kB 10.2 MB/s eta 0:00:00
#8 33.78 Downloading idna-3.11-py3-none-any.whl (71 kB)
#8 33.79    ━━━━━━━━━━━━━━━━━━━━━━━━━━━━━━━━━━━━━━━━ 71.0/71.0 kB 5.4 MB/s eta 0:00:00
#8 33.80 Downloading markdown-3.9-py3-none-any.whl (107 kB)
#8 33.81    ━━━━━━━━━━━━━━━━━━━━━━━━━━━━━━━━━━━━━━━━ 107.4/107.4 kB 7.6 MB/s eta 0:00:00
#8 33.82 Downloading tensorboard_data_server-0.7.2-py3-none-manylinux_2_31_x86_64.whl (6.6 MB)
#8 34.10    ━━━━━━━━━━━━━━━━━━━━━━━━━━━━━━━━━━━━━━━━ 6.6/6.6 MB 23.5 MB/s eta 0:00:00
#8 34.11 Downloading urllib3-2.5.0-py3-none-any.whl (129 kB)
#8 34.13    ━━━━━━━━━━━━━━━━━━━━━━━━━━━━━━━━━━━━━━━━ 129.8/129.8 kB 8.4 MB/s eta 0:00:00
#8 34.14 Downloading werkzeug-3.1.3-py3-none-any.whl (224 kB)
#8 34.16    ━━━━━━━━━━━━━━━━━━━━━━━━━━━━━━━━━━━━━━━━ 224.5/224.5 kB 13.8 MB/s eta 0:00:00
#8 34.16 Downloading namex-0.1.0-py3-none-any.whl (5.9 kB)
#8 34.23 Downloading optree-0.17.0-cp311-cp311-manylinux_2_27_x86_64.manylinux_2_28_x86_64.whl (402 kB)
#8 34.25    ━━━━━━━━━━━━━━━━━━━━━━━━━━━━━━━━━━━━━━━━ 402.0/402.0 kB 29.5 MB/s eta 0:00:00
#8 34.26 Downloading pillow-12.0.0-cp311-cp311-manylinux_2_27_x86_64.manylinux_2_28_x86_64.whl (7.0 MB)
#8 34.60    ━━━━━━━━━━━━━━━━━━━━━━━━━━━━━━━━━━━━━━━━ 7.0/7.0 MB 21.0 MB/s eta 0:00:00
#8 34.61 Downloading rich-14.2.0-py3-none-any.whl (243 kB)
#8 34.63    ━━━━━━━━━━━━━━━━━━━━━━━━━━━━━━━━━━━━━━━━ 243.4/243.4 kB 12.8 MB/s eta 0:00:00
#8 34.65 Downloading markdown_it_py-4.0.0-py3-none-any.whl (87 kB)
#8 34.66    ━━━━━━━━━━━━━━━━━━━━━━━━━━━━━━━━━━━━━━━━ 87.3/87.3 kB 7.3 MB/s eta 0:00:00
#8 34.67 Downloading markupsafe-3.0.3-cp311-cp311-manylinux2014_x86_64.manylinux_2_17_x86_64.manylinux_2_28_x86_64.whl (22 kB)
#8 34.68 Downloading pygments-2.19.2-py3-none-any.whl (1.2 MB)
#8 34.73    ━━━━━━━━━━━━━━━━━━━━━━━━━━━━━━━━━━━━━━━━ 1.2/1.2 MB 25.3 MB/s eta 0:00:00
#8 34.76 Downloading mdurl-0.1.2-py3-none-any.whl (10.0 kB)
#8 36.44 Installing collected packages: namex, libclang, flatbuffers, wrapt, urllib3, typing_extensions, termcolor, tensorboard-data-server, six, pygments, protobuf, pillow, packaging, opt_einsum, ml_dtypes, mdurl, MarkupSafe, markdown, idna, h5py, gast, charset_normalizer, certifi, absl-py, werkzeug, requests, optree, markdown-it-py, grpcio, google_pasta, astunparse, tensorboard, rich, keras, tensorflow
#8 52.46 Successfully installed MarkupSafe-3.0.3 absl-py-2.3.1 astunparse-1.6.3 certifi-2025.10.5 charset_normalizer-3.4.4 flatbuffers-25.9.23 gast-0.6.0 google_pasta-0.2.0 grpcio-1.76.0 h5py-3.15.1 idna-3.11 keras-3.12.0 libclang-18.1.1 markdown-3.9 markdown-it-py-4.0.0 mdurl-0.1.2 ml_dtypes-0.5.3 namex-0.1.0 opt_einsum-3.4.0 optree-0.17.0 packaging-25.0 pillow-12.0.0 protobuf-6.33.0 pygments-2.19.2 requests-2.32.5 rich-14.2.0 six-1.17.0 tensorboard-2.20.0 tensorboard-data-server-0.7.2 tensorflow-2.20.0 termcolor-3.2.0 typing_extensions-4.15.0 urllib3-2.5.0 werkzeug-3.1.3 wrapt-2.0.0
#8 52.46 WARNING: Running pip as the 'root' user can result in broken permissions and conflicting behaviour with the system package manager. It is recommended to use a virtual environment instead: https://pip.pypa.io/warnings/venv
#8 52.47 
#8 52.47 [notice] A new release of pip is available: 24.0 -> 25.3
#8 52.47 [notice] To update, run: pip install --upgrade pip
#8 DONE 64.7s

#9 exporting to image
#9 exporting layers
#9 exporting layers 8.6s done
#9 writing image sha256:c0e1e03fe1988c3118b2869fa4cc6e3726d76469e6f1a4c71a1ffc3e9c398e79 done
#9 naming to docker.io/library/test-image-c233b0d25c5fbe008d9477bc1b2d234c done
#9 DONE 8.6s

View build details: docker-desktop://dashboard/build/default/default/mejv3o8qcoaeia8xvmukc0ory
[2025-10-29 19:47:55] SUCCESS: Build completed for c233b0d25c5fbe008d9477bc1b2d234c
