=== Docker Build Log for dc673da0c531c7a6059b ===
Started at: Mi 29. Okt 20:33:48 CET 2025

[2025-10-29 20:33:48] START: Building image for dc673da0c531c7a6059b
#0 building with "default" instance using docker driver

#1 [internal] load build definition from Dockerfile
#1 transferring dockerfile: 179B done
#1 DONE 0.0s

#2 [internal] load metadata for docker.io/library/python:3.11
#2 DONE 0.0s

#3 [internal] load .dockerignore
#3 transferring context: 2B done
#3 DONE 0.0s

#4 [internal] load build context
#4 transferring context: 2.71kB 0.0s done
#4 DONE 0.0s

#5 [1/3] FROM docker.io/library/python:3.11
#5 CACHED

#6 [2/3] COPY hard-gists/dc673da0c531c7a6059b/snippet.py /snippet.py
#6 DONE 0.1s

#7 [3/3] RUN ["pip","install","sublime"]
#7 1.887 Collecting sublime
#7 1.937   Downloading sublime-0.1.0.tar.gz (7.2 kB)
#7 1.950   Preparing metadata (setup.py): started
#7 2.327   Preparing metadata (setup.py): finished with status 'done'
#7 2.368 Collecting click<4.0,>=3.3 (from sublime)
#7 2.377   Downloading click-3.3-py2.py3-none-any.whl.metadata (424 bytes)
#7 2.399 Downloading click-3.3-py2.py3-none-any.whl (58 kB)
#7 2.421    ━━━━━━━━━━━━━━━━━━━━━━━━━━━━━━━━━━━━━━━━ 58.8/58.8 kB 2.5 MB/s eta 0:00:00
#7 2.426 Building wheels for collected packages: sublime
#7 2.426   Building wheel for sublime (setup.py): started
#7 2.584   Building wheel for sublime (setup.py): finished with status 'done'
#7 2.584   Created wheel for sublime: filename=sublime-0.1.0-py3-none-any.whl size=6955 sha256=28260700169058addab347f1ec5fa918f705a2dd0c48a92b1ad05988d3fadf28
#7 2.584   Stored in directory: /root/.cache/pip/wheels/21/81/43/2dc664aec628363ad5dfb052838914f1dd9449855ee03a0231
#7 2.586 Successfully built sublime
#7 2.617 Installing collected packages: click, sublime
#7 2.666 Successfully installed click-3.3 sublime-0.1.0
#7 2.666 WARNING: Running pip as the 'root' user can result in broken permissions and conflicting behaviour with the system package manager. It is recommended to use a virtual environment instead: https://pip.pypa.io/warnings/venv
#7 2.764 
#7 2.764 [notice] A new release of pip is available: 24.0 -> 25.3
#7 2.764 [notice] To update, run: pip install --upgrade pip
#7 DONE 3.0s

#8 exporting to image
#8 exporting layers 0.1s done
#8 writing image sha256:e6d0b4de0d9393c3acd8387d820769263918b10854b658bac7c6dade3c6a3d55 done
#8 naming to docker.io/library/test-image-dc673da0c531c7a6059b done
#8 DONE 0.2s

View build details: docker-desktop://dashboard/build/default/default/kjo2vd3lt7hec6syw06gjzowx
[2025-10-29 20:33:51] SUCCESS: Build completed for dc673da0c531c7a6059b
