=== Docker Build Log for 4f4934893388f971c6c5 ===
Started at: Mi 29. Okt 15:18:31 CET 2025

[2025-10-29 15:18:31] START: Building image for 4f4934893388f971c6c5
#0 building with "default" instance using docker driver

#1 [internal] load build definition from Dockerfile
#1 transferring dockerfile: 145B done
#1 DONE 0.0s

#2 [internal] load metadata for docker.io/library/python:3.11
#2 DONE 0.0s

#3 [internal] load .dockerignore
#3 transferring context: 2B done
#3 DONE 0.0s

#4 [internal] load build context
#4 transferring context: 3.57kB 0.0s done
#4 DONE 0.0s

#5 [1/2] FROM docker.io/library/python:3.11
#5 CACHED

#6 [2/2] COPY hard-gists/4f4934893388f971c6c5/snippet.py /snippet.py
#6 DONE 0.1s

#7 exporting to image
#7 exporting layers 0.0s done
#7 writing image sha256:6399908c6189ba7e74fdc30a7c722a69f8da3e05a5b21cf66e6e6a4ce05d32ff done
#7 naming to docker.io/library/test-image-4f4934893388f971c6c5 done
#7 DONE 0.1s

View build details: docker-desktop://dashboard/build/default/default/2vcssbdkjofbh2ccc0u7dcomh
[2025-10-29 15:18:32] SUCCESS: Build completed for 4f4934893388f971c6c5
