=== Docker Build Log for 8458501 ===
Started at: Mi 29. Okt 17:48:49 CET 2025

[2025-10-29 17:48:49] START: Building image for 8458501
#0 building with "default" instance using docker driver

#1 [internal] load build definition from Dockerfile
#1 transferring dockerfile: 132B done
#1 DONE 0.0s

#2 [internal] load metadata for docker.io/library/python:3.11
#2 DONE 0.0s

#3 [internal] load .dockerignore
#3 transferring context: 2B done
#3 DONE 0.0s

#4 [internal] load build context
#4 transferring context: 5.29kB 0.0s done
#4 DONE 0.0s

#5 [1/2] FROM docker.io/library/python:3.11
#5 CACHED

#6 [2/2] COPY hard-gists/8458501/snippet.py /snippet.py
#6 DONE 0.1s

#7 exporting to image
#7 exporting layers 0.1s done
#7 writing image sha256:1e1f006862bde13626cf50b3376ec47f48d56ccde24953d5198137f63c5e4ea7 done
#7 naming to docker.io/library/test-image-8458501 done
#7 DONE 0.1s

View build details: docker-desktop://dashboard/build/default/default/s1nsen6kffu8uv48dn3et5hqb
[2025-10-29 17:48:49] SUCCESS: Build completed for 8458501
