=== Docker Build Log for 30839ae0280a5077b8669757e5efa75d ===
Started at: Mi 29. Okt 13:39:52 CET 2025

[2025-10-29 13:39:52] START: Building image for 30839ae0280a5077b8669757e5efa75d
#0 building with "default" instance using docker driver

#1 [internal] load build definition from Dockerfile
#1 transferring dockerfile: 157B done
#1 DONE 0.0s

#2 [internal] load metadata for docker.io/library/python:3.11
#2 DONE 0.0s

#3 [internal] load .dockerignore
#3 transferring context: 2B done
#3 DONE 0.0s

#4 [internal] load build context
#4 transferring context: 2.69kB 0.0s done
#4 DONE 0.0s

#5 [1/2] FROM docker.io/library/python:3.11
#5 CACHED

#6 [2/2] COPY hard-gists/30839ae0280a5077b8669757e5efa75d/snippet.py /snippet.py
#6 DONE 0.1s

#7 exporting to image
#7 exporting layers 0.1s done
#7 writing image sha256:fd686fe4c07b0cded09275da68c6d68c753e51d5b2cda5bbd70f4fc9c75d2129 done
#7 naming to docker.io/library/test-image-30839ae0280a5077b8669757e5efa75d done
#7 DONE 0.1s

View build details: docker-desktop://dashboard/build/default/default/8e3rgfbujnylmgzt79dl1e9yf
[2025-10-29 13:39:53] SUCCESS: Build completed for 30839ae0280a5077b8669757e5efa75d
