=== Docker Build Log for 1483322 ===
Started at: Mi 29. Okt 12:15:26 CET 2025

[2025-10-29 12:15:26] START: Building image for 1483322
#0 building with "default" instance using docker driver

#1 [internal] load build definition from Dockerfile
#1 transferring dockerfile: 240B done
#1 DONE 0.0s

#2 [internal] load metadata for docker.io/library/python:3.11
#2 DONE 0.0s

#3 [internal] load .dockerignore
#3 transferring context: 2B done
#3 DONE 0.0s

#4 [internal] load build context
#4 transferring context: 1.99kB 0.0s done
#4 DONE 0.0s

#5 [1/5] FROM docker.io/library/python:3.11
#5 CACHED

#6 [2/5] COPY hard-gists/1483322/snippet.py /snippet.py
#6 DONE 0.1s

#7 [3/5] RUN ["pip","install","MySQL-python"]
#7 1.997 Collecting MySQL-python
#7 2.033   Downloading MySQL-python-1.2.5.zip (108 kB)
#7 2.063      ━━━━━━━━━━━━━━━━━━━━━━━━━━━━━━━━━━━━━━━ 108.9/108.9 kB 3.6 MB/s eta 0:00:00
#7 2.073   Preparing metadata (setup.py): started
#7 2.447   Preparing metadata (setup.py): finished with status 'error'
#7 2.450   error: subprocess-exited-with-error
#7 2.450   
#7 2.450   × python setup.py egg_info did not run successfully.
#7 2.450   │ exit code: 1
#7 2.450   ╰─> [8 lines of output]
#7 2.450       Traceback (most recent call last):
#7 2.450         File "<string>", line 2, in <module>
#7 2.450         File "<pip-setuptools-caller>", line 34, in <module>
#7 2.450         File "/tmp/pip-install-x0cbkjpl/mysql-python_bc6738dbea374af3a25dd122df5c9ca0/setup.py", line 13, in <module>
#7 2.450           from setup_posix import get_config
#7 2.450         File "/tmp/pip-install-x0cbkjpl/mysql-python_bc6738dbea374af3a25dd122df5c9ca0/setup_posix.py", line 2, in <module>
#7 2.450           from ConfigParser import SafeConfigParser
#7 2.450       ModuleNotFoundError: No module named 'ConfigParser'
#7 2.450       [end of output]
#7 2.450   
#7 2.450   note: This error originates from a subprocess, and is likely not a problem with pip.
#7 2.451 error: metadata-generation-failed
#7 2.451 
#7 2.451 × Encountered error while generating package metadata.
#7 2.451 ╰─> See above for output.
#7 2.451 
#7 2.451 note: This is an issue with the package mentioned above, not pip.
#7 2.451 hint: See above for details.
#7 2.551 
#7 2.551 [notice] A new release of pip is available: 24.0 -> 25.3
#7 2.551 [notice] To update, run: pip install --upgrade pip
#7 ERROR: process "pip install MySQL-python" did not complete successfully: exit code: 1
------
 > [3/5] RUN ["pip","install","MySQL-python"]:
2.451 error: metadata-generation-failed
2.451 
2.451 × Encountered error while generating package metadata.
2.451 ╰─> See above for output.
2.451 
2.451 note: This is an issue with the package mentioned above, not pip.
2.451 hint: See above for details.
2.551 
2.551 [notice] A new release of pip is available: 24.0 -> 25.3
2.551 [notice] To update, run: pip install --upgrade pip
------
Dockerfile:3
--------------------
   1 |     FROM python:3.11
   2 |     COPY hard-gists/1483322/snippet.py /snippet.py
   3 | >>> RUN ["pip","install","MySQL-python"]
   4 |     RUN ["pip","install","mysqlclient"]
   5 |     RUN ["pip","install","psycopg2"]
--------------------
ERROR: failed to build: failed to solve: process "pip install MySQL-python" did not complete successfully: exit code: 1

View build details: docker-desktop://dashboard/build/default/default/azbw7wug7tszu2nv6dnp5kwxh
[2025-10-29 12:15:29] ERROR: Build failed for 1483322
