=== Docker Build Log for 910392 ===
Started at: Mi 29. Okt 18:20:38 CET 2025

[2025-10-29 18:20:38] START: Building image for 910392
#0 building with "default" instance using docker driver

#1 [internal] load build definition from Dockerfile
#1 transferring dockerfile: 261B done
#1 DONE 0.0s

#2 [internal] load metadata for docker.io/library/python:3.11
#2 DONE 0.0s

#3 [internal] load .dockerignore
#3 transferring context: 2B done
#3 DONE 0.0s

#4 [internal] load build context
#4 transferring context: 2.53kB 0.0s done
#4 DONE 0.0s

#5 [1/6] FROM docker.io/library/python:3.11
#5 CACHED

#6 [2/6] COPY hard-gists/910392/snippet.py /snippet.py
#6 DONE 0.1s

#7 [3/6] RUN ["pip","install","redispy"]
#7 2.054 Collecting redispy
#7 2.089   Downloading redispy-3.0.0-py2.py3-none-any.whl.metadata (27 kB)
#7 2.112 Downloading redispy-3.0.0-py2.py3-none-any.whl (64 kB)
#7 2.132    ━━━━━━━━━━━━━━━━━━━━━━━━━━━━━━━━━━━━━━━━ 64.9/64.9 kB 3.1 MB/s eta 0:00:00
#7 2.166 Installing collected packages: redispy
#7 2.198 Successfully installed redispy-3.0.0
#7 2.198 WARNING: Running pip as the 'root' user can result in broken permissions and conflicting behaviour with the system package manager. It is recommended to use a virtual environment instead: https://pip.pypa.io/warnings/venv
#7 2.286 
#7 2.286 [notice] A new release of pip is available: 24.0 -> 25.3
#7 2.286 [notice] To update, run: pip install --upgrade pip
#7 DONE 2.4s

#8 [4/6] RUN ["pip","install","dj.choices"]
#8 0.619 Collecting dj.choices
#8 0.653   Downloading dj.choices-0.11.0.tar.gz (28 kB)
#8 0.671   Preparing metadata (setup.py): started
#8 1.092   Preparing metadata (setup.py): finished with status 'done'
#8 1.194 Collecting django (from dj.choices)
#8 1.203   Downloading django-5.2.7-py3-none-any.whl.metadata (4.1 kB)
#8 1.247 Collecting six (from dj.choices)
#8 1.256   Downloading six-1.17.0-py2.py3-none-any.whl.metadata (1.7 kB)
#8 1.315 Collecting asgiref>=3.8.1 (from django->dj.choices)
#8 1.324   Downloading asgiref-3.10.0-py3-none-any.whl.metadata (9.3 kB)
#8 1.368 Collecting sqlparse>=0.3.1 (from django->dj.choices)
#8 1.377   Downloading sqlparse-0.5.3-py3-none-any.whl.metadata (3.9 kB)
#8 1.402 Downloading django-5.2.7-py3-none-any.whl (8.3 MB)
#8 1.730    ━━━━━━━━━━━━━━━━━━━━━━━━━━━━━━━━━━━━━━━━ 8.3/8.3 MB 25.4 MB/s eta 0:00:00
#8 1.739 Downloading six-1.17.0-py2.py3-none-any.whl (11 kB)
#8 1.763 Downloading asgiref-3.10.0-py3-none-any.whl (24 kB)
#8 1.784 Downloading sqlparse-0.5.3-py3-none-any.whl (44 kB)
#8 1.799    ━━━━━━━━━━━━━━━━━━━━━━━━━━━━━━━━━━━━━━━━ 44.4/44.4 kB 2.5 MB/s eta 0:00:00
#8 1.835 Building wheels for collected packages: dj.choices
#8 1.836   Building wheel for dj.choices (setup.py): started
#8 2.007   Building wheel for dj.choices (setup.py): finished with status 'done'
#8 2.008   Created wheel for dj.choices: filename=dj_choices-0.11.0-py3-none-any.whl size=28716 sha256=5197d3acd7a74e8e8d6221ab13e3bebedfd9a32ebdcd867c57b8288e5f836795
#8 2.008   Stored in directory: /root/.cache/pip/wheels/97/38/bd/4ca089ff8ffdead6a07e7af033d36d74a01ab7a37e70797942
#8 2.010 Successfully built dj.choices
#8 2.056 Installing collected packages: sqlparse, six, asgiref, django, dj.choices
#8 3.492 Successfully installed asgiref-3.10.0 dj.choices-0.11.0 django-5.2.7 six-1.17.0 sqlparse-0.5.3
#8 3.492 WARNING: Running pip as the 'root' user can result in broken permissions and conflicting behaviour with the system package manager. It is recommended to use a virtual environment instead: https://pip.pypa.io/warnings/venv
#8 3.498 
#8 3.498 [notice] A new release of pip is available: 24.0 -> 25.3
#8 3.498 [notice] To update, run: pip install --upgrade pip
#8 DONE 4.2s

#9 [5/6] RUN ["pip","install","redis"]
#9 0.557 Collecting redis
#9 0.597   Downloading redis-7.0.1-py3-none-any.whl.metadata (12 kB)
#9 0.625 Downloading redis-7.0.1-py3-none-any.whl (339 kB)
#9 0.668    ━━━━━━━━━━━━━━━━━━━━━━━━━━━━━━━━━━━━━━━━ 339.9/339.9 kB 8.4 MB/s eta 0:00:00
#9 0.712 Installing collected packages: redis
#9 0.913 Successfully installed redis-7.0.1
#9 0.913 WARNING: Running pip as the 'root' user can result in broken permissions and conflicting behaviour with the system package manager. It is recommended to use a virtual environment instead: https://pip.pypa.io/warnings/venv
#9 0.918 
#9 0.918 [notice] A new release of pip is available: 24.0 -> 25.3
#9 0.918 [notice] To update, run: pip install --upgrade pip
#9 DONE 1.0s

#10 [6/6] RUN ["pip","install","Django"]
#10 0.429 Requirement already satisfied: Django in /usr/local/lib/python3.11/site-packages (5.2.7)
#10 0.433 Requirement already satisfied: asgiref>=3.8.1 in /usr/local/lib/python3.11/site-packages (from Django) (3.10.0)
#10 0.434 Requirement already satisfied: sqlparse>=0.3.1 in /usr/local/lib/python3.11/site-packages (from Django) (0.5.3)
#10 0.480 WARNING: Running pip as the 'root' user can result in broken permissions and conflicting behaviour with the system package manager. It is recommended to use a virtual environment instead: https://pip.pypa.io/warnings/venv
#10 0.485 
#10 0.485 [notice] A new release of pip is available: 24.0 -> 25.3
#10 0.485 [notice] To update, run: pip install --upgrade pip
#10 DONE 0.6s

#11 exporting to image
#11 exporting layers
#11 exporting layers 0.6s done
#11 writing image sha256:5b24c69e8f9f432ae4b447cb7b9c04c70b42a5b0f553d94ae6afaa5788974b0d done
#11 naming to docker.io/library/test-image-910392 0.0s done
#11 DONE 0.6s

View build details: docker-desktop://dashboard/build/default/default/dqsb0fkljhku73ci2yqmbxalg
[2025-10-29 18:20:48] SUCCESS: Build completed for 910392
