=== Docker Build Log for 5406587 ===
Started at: Mi 29. Okt 15:40:22 CET 2025

[2025-10-29 15:40:22] START: Building image for 5406587
#0 building with "default" instance using docker driver

#1 [internal] load build definition from Dockerfile
#1 transferring dockerfile: 167B done
#1 DONE 0.0s

#2 [internal] load metadata for docker.io/library/python:3.11
#2 DONE 0.0s

#3 [internal] load .dockerignore
#3 transferring context: 2B done
#3 DONE 0.0s

#4 [internal] load build context
#4 transferring context: 881B 0.0s done
#4 DONE 0.0s

#5 [1/3] FROM docker.io/library/python:3.11
#5 CACHED

#6 [2/3] COPY hard-gists/5406587/snippet.py /snippet.py
#6 DONE 0.1s

#7 [3/3] RUN ["pip","install","SimpleCV"]
#7 2.090 Collecting SimpleCV
#7 2.236   Downloading SimpleCV-1.3.tar.gz (213 kB)
#7 2.281      ━━━━━━━━━━━━━━━━━━━━━━━━━━━━━━━━━━━━━━━ 213.6/213.6 kB 4.8 MB/s eta 0:00:00
#7 2.295   Preparing metadata (setup.py): started
#7 2.702   Preparing metadata (setup.py): finished with status 'done'
#7 2.704 Building wheels for collected packages: SimpleCV
#7 2.705   Building wheel for SimpleCV (setup.py): started
#7 2.952   Building wheel for SimpleCV (setup.py): finished with status 'done'
#7 2.953   Created wheel for SimpleCV: filename=simplecv-1.3-py3-none-any.whl size=242918 sha256=287aa7d53c7adf48e4dd74178557aa4779a28264ea04431fee015e1205426a1f
#7 2.953   Stored in directory: /root/.cache/pip/wheels/15/38/f4/3e568de0815571746f96e5c58e6b6ec78ee094adc28cfcb475
#7 2.957 Successfully built SimpleCV
#7 2.992 Installing collected packages: SimpleCV
#7 3.072 Successfully installed SimpleCV-1.3
#7 3.072 WARNING: Running pip as the 'root' user can result in broken permissions and conflicting behaviour with the system package manager. It is recommended to use a virtual environment instead: https://pip.pypa.io/warnings/venv
#7 3.178 
#7 3.178 [notice] A new release of pip is available: 24.0 -> 25.3
#7 3.178 [notice] To update, run: pip install --upgrade pip
#7 DONE 3.4s

#8 exporting to image
#8 exporting layers
#8 exporting layers 0.2s done
#8 writing image sha256:a351b9125c574c4afd670c70b8de8e847d96e72b4775ffc9ebe20813b46e9316 done
#8 naming to docker.io/library/test-image-5406587 done
#8 DONE 0.2s

View build details: docker-desktop://dashboard/build/default/default/kv7pliwdd442qzgbt68vy3snp
[2025-10-29 15:40:26] SUCCESS: Build completed for 5406587
