=== Docker Build Log for 8678538 ===
Started at: Mi 29. Okt 17:54:46 CET 2025

[2025-10-29 17:54:46] START: Building image for 8678538
#0 building with "default" instance using docker driver

#1 [internal] load build definition from Dockerfile
#1 transferring dockerfile: 132B done
#1 DONE 0.0s

#2 [internal] load metadata for docker.io/library/python:3.11
#2 DONE 0.0s

#3 [internal] load .dockerignore
#3 transferring context: 2B done
#3 DONE 0.0s

#4 [internal] load build context
#4 transferring context: 923B 0.0s done
#4 DONE 0.0s

#5 [1/2] FROM docker.io/library/python:3.11
#5 CACHED

#6 [2/2] COPY hard-gists/8678538/snippet.py /snippet.py
#6 DONE 0.1s

#7 exporting to image
#7 exporting layers 0.0s done
#7 writing image sha256:99e94b82a89fc0bf11a8b3e4199709b620cb173d14b102357f7ad045b1683e45 done
#7 naming to docker.io/library/test-image-8678538 done
#7 DONE 0.1s

View build details: docker-desktop://dashboard/build/default/default/kxjcpvxc33cb8lg8h50aorgpm
[2025-10-29 17:54:47] SUCCESS: Build completed for 8678538
