=== Docker Build Log for 01b8b8e1909ae0f601c85e142f2bd15b ===
Started at: Mi 29. Okt 11:20:54 CET 2025

[2025-10-29 11:20:54] START: Building image for 01b8b8e1909ae0f601c85e142f2bd15b
#0 building with "default" instance using docker driver

#1 [internal] load build definition from Dockerfile
#1 transferring dockerfile: 157B done
#1 DONE 0.0s

#2 [internal] load metadata for docker.io/library/python:3.11
#2 DONE 0.0s

#3 [internal] load .dockerignore
#3 transferring context: 2B done
#3 DONE 0.0s

#4 [internal] load build context
#4 transferring context: 5.03kB 0.0s done
#4 DONE 0.0s

#5 [1/2] FROM docker.io/library/python:3.11
#5 CACHED

#6 [2/2] COPY hard-gists/01b8b8e1909ae0f601c85e142f2bd15b/snippet.py /snippet.py
#6 DONE 0.1s

#7 exporting to image
#7 exporting layers 0.0s done
#7 writing image sha256:1cca46efb19c4bf457bd7099cd5b9620fc5cd7b3cda80e768b4b30f335e1eca2 done
#7 naming to docker.io/library/test-image-01b8b8e1909ae0f601c85e142f2bd15b done
#7 DONE 0.1s

View build details: docker-desktop://dashboard/build/default/default/7hyfdjr5fzzt7z2t71b528emt
[2025-10-29 11:20:55] SUCCESS: Build completed for 01b8b8e1909ae0f601c85e142f2bd15b
