=== Docker Build Log for 79b418a25b374804701069f31b39606c ===
Started at: Mi 29. Okt 17:24:33 CET 2025

[2025-10-29 17:24:33] START: Building image for 79b418a25b374804701069f31b39606c
#0 building with "default" instance using docker driver

#1 [internal] load build definition from Dockerfile
#1 transferring dockerfile: 399B done
#1 DONE 0.0s

#2 [internal] load metadata for docker.io/library/python:3.11
#2 DONE 0.0s

#3 [internal] load .dockerignore
#3 transferring context: 2B done
#3 DONE 0.0s

#4 [internal] load build context
#4 transferring context: 1.93kB 0.0s done
#4 DONE 0.0s

#5 [1/9] FROM docker.io/library/python:3.11
#5 CACHED

#6 [2/9] COPY hard-gists/79b418a25b374804701069f31b39606c/snippet.py /snippet.py
#6 DONE 0.1s

#7 [3/9] RUN ["pip","install","pandacan"]
#7 2.326 Collecting pandacan
#7 2.364   Downloading pandacan-0.0.9.tar.gz (36 kB)
#7 2.381   Preparing metadata (setup.py): started
#7 2.778   Preparing metadata (setup.py): finished with status 'done'
#7 2.922 Collecting libusb1==1.6.6 (from pandacan)
#7 2.933   Downloading libusb1-1.6.6.tar.gz (56 kB)
#7 2.952      ━━━━━━━━━━━━━━━━━━━━━━━━━━━━━━━━━━━━━━━━ 56.0/56.0 kB 2.6 MB/s eta 0:00:00
#7 2.957   Preparing metadata (setup.py): started
#7 3.062   Preparing metadata (setup.py): finished with status 'error'
#7 3.065   error: subprocess-exited-with-error
#7 3.065   
#7 3.065   × python setup.py egg_info did not run successfully.
#7 3.065   │ exit code: 1
#7 3.065   ╰─> [1 lines of output]
#7 3.065       error in libusb1 setup command: use_2to3 is invalid.
#7 3.065       [end of output]
#7 3.065   
#7 3.065   note: This error originates from a subprocess, and is likely not a problem with pip.
#7 3.066 error: metadata-generation-failed
#7 3.066 
#7 3.066 × Encountered error while generating package metadata.
#7 3.066 ╰─> See above for output.
#7 3.066 
#7 3.066 note: This is an issue with the package mentioned above, not pip.
#7 3.066 hint: See above for details.
#7 3.170 
#7 3.170 [notice] A new release of pip is available: 24.0 -> 25.3
#7 3.170 [notice] To update, run: pip install --upgrade pip
#7 ERROR: process "pip install pandacan" did not complete successfully: exit code: 1
------
 > [3/9] RUN ["pip","install","pandacan"]:
3.066 error: metadata-generation-failed
3.066 
3.066 × Encountered error while generating package metadata.
3.066 ╰─> See above for output.
3.066 
3.066 note: This is an issue with the package mentioned above, not pip.
3.066 hint: See above for details.
3.170 
3.170 [notice] A new release of pip is available: 24.0 -> 25.3
3.170 [notice] To update, run: pip install --upgrade pip
------
Dockerfile:3
--------------------
   1 |     FROM python:3.11
   2 |     COPY hard-gists/79b418a25b374804701069f31b39606c/snippet.py /snippet.py
   3 | >>> RUN ["pip","install","pandacan"]
   4 |     RUN ["pip","install","pan-python"]
   5 |     RUN ["pip","install","pandas-datareader"]
--------------------
ERROR: failed to build: failed to solve: process "pip install pandacan" did not complete successfully: exit code: 1

View build details: docker-desktop://dashboard/build/default/default/mxqmu0ckwd9eljct0hx42rc2o
[2025-10-29 17:24:37] ERROR: Build failed for 79b418a25b374804701069f31b39606c
