=== Docker Build Log for 10554232 ===
Started at: Mi 29. Okt 11:47:28 CET 2025

[2025-10-29 11:47:28] START: Building image for 10554232
#0 building with "default" instance using docker driver

#1 [internal] load build definition from Dockerfile
#1 transferring dockerfile: 174B done
#1 DONE 0.0s

#2 [internal] load metadata for docker.io/library/python:3.11
#2 DONE 0.0s

#3 [internal] load .dockerignore
#3 transferring context: 2B done
#3 DONE 0.0s

#4 [internal] load build context
#4 transferring context: 1.69kB 0.0s done
#4 DONE 0.0s

#5 [1/3] FROM docker.io/library/python:3.11
#5 CACHED

#6 [2/3] COPY hard-gists/10554232/snippet.py /snippet.py
#6 DONE 0.1s

#7 [3/3] RUN ["pip","install","servicemanager"]
#7 2.161 Collecting servicemanager
#7 2.202   Downloading servicemanager-2.0.10.tar.gz (36 kB)
#7 2.223   Preparing metadata (setup.py): started
#7 2.601   Preparing metadata (setup.py): finished with status 'done'
#7 2.659 Collecting requests~=2.24.0 (from servicemanager)
#7 2.668   Downloading requests-2.24.0-py2.py3-none-any.whl.metadata (6.9 kB)
#7 3.035 Collecting pymongo==3.11.0 (from servicemanager)
#7 3.048   Downloading pymongo-3.11.0.tar.gz (771 kB)
#7 3.106      ━━━━━━━━━━━━━━━━━━━━━━━━━━━━━━━━━━━━━━ 771.7/771.7 kB 13.7 MB/s eta 0:00:00
#7 3.158   Preparing metadata (setup.py): started
#7 3.318   Preparing metadata (setup.py): finished with status 'done'
#7 3.354 Collecting bottle==0.12.18 (from servicemanager)
#7 3.363   Downloading bottle-0.12.18-py3-none-any.whl.metadata (1.8 kB)
#7 3.452 Collecting pytest==5.4.3 (from servicemanager)
#7 3.461   Downloading pytest-5.4.3-py3-none-any.whl.metadata (7.3 kB)
#7 3.499 Collecting pyhamcrest==2.0.2 (from servicemanager)
#7 3.509   Downloading PyHamcrest-2.0.2-py3-none-any.whl.metadata (15 kB)
#7 3.561 Collecting argcomplete~=1.12.0 (from servicemanager)
#7 3.570   Downloading argcomplete-1.12.3-py2.py3-none-any.whl.metadata (18 kB)
#7 3.612 Collecting prettytable==0.7.2 (from servicemanager)
#7 3.620   Downloading prettytable-0.7.2.zip (28 kB)
#7 3.633   Preparing metadata (setup.py): started
#7 3.751   Preparing metadata (setup.py): finished with status 'done'
#7 3.796 Collecting py>=1.5.0 (from pytest==5.4.3->servicemanager)
#7 3.805   Downloading py-1.11.0-py2.py3-none-any.whl.metadata (2.8 kB)
#7 3.849 Collecting packaging (from pytest==5.4.3->servicemanager)
#7 3.857   Downloading packaging-25.0-py3-none-any.whl.metadata (3.3 kB)
#7 3.898 Collecting attrs>=17.4.0 (from pytest==5.4.3->servicemanager)
#7 3.907   Downloading attrs-25.4.0-py3-none-any.whl.metadata (10 kB)
#7 3.952 Collecting more-itertools>=4.0.0 (from pytest==5.4.3->servicemanager)
#7 3.960   Downloading more_itertools-10.8.0-py3-none-any.whl.metadata (39 kB)
#7 3.999 Collecting pluggy<1.0,>=0.12 (from pytest==5.4.3->servicemanager)
#7 4.006   Downloading pluggy-0.13.1-py2.py3-none-any.whl.metadata (15 kB)
#7 4.039 Collecting wcwidth (from pytest==5.4.3->servicemanager)
#7 4.047   Downloading wcwidth-0.2.14-py2.py3-none-any.whl.metadata (15 kB)
#7 4.092 Collecting chardet<4,>=3.0.2 (from requests~=2.24.0->servicemanager)
#7 4.099   Downloading chardet-3.0.4-py2.py3-none-any.whl.metadata (3.2 kB)
#7 4.137 Collecting idna<3,>=2.5 (from requests~=2.24.0->servicemanager)
#7 4.147   Downloading idna-2.10-py2.py3-none-any.whl.metadata (9.1 kB)
#7 4.207 Collecting urllib3!=1.25.0,!=1.25.1,<1.26,>=1.21.1 (from requests~=2.24.0->servicemanager)
#7 4.217   Downloading urllib3-1.25.11-py2.py3-none-any.whl.metadata (41 kB)
#7 4.228      ━━━━━━━━━━━━━━━━━━━━━━━━━━━━━━━━━━━━━━━━ 41.1/41.1 kB 3.3 MB/s eta 0:00:00
#7 4.263 Collecting certifi>=2017.4.17 (from requests~=2.24.0->servicemanager)
#7 4.271   Downloading certifi-2025.10.5-py3-none-any.whl.metadata (2.5 kB)
#7 4.319 Downloading bottle-0.12.18-py3-none-any.whl (89 kB)
#7 4.332    ━━━━━━━━━━━━━━━━━━━━━━━━━━━━━━━━━━━━━━━━ 89.6/89.6 kB 7.0 MB/s eta 0:00:00
#7 4.343 Downloading PyHamcrest-2.0.2-py3-none-any.whl (52 kB)
#7 4.358    ━━━━━━━━━━━━━━━━━━━━━━━━━━━━━━━━━━━━━━━━ 52.1/52.1 kB 3.2 MB/s eta 0:00:00
#7 4.367 Downloading pytest-5.4.3-py3-none-any.whl (248 kB)
#7 4.386    ━━━━━━━━━━━━━━━━━━━━━━━━━━━━━━━━━━━━━━━━ 248.1/248.1 kB 14.2 MB/s eta 0:00:00
#7 4.396 Downloading argcomplete-1.12.3-py2.py3-none-any.whl (38 kB)
#7 4.414 Downloading requests-2.24.0-py2.py3-none-any.whl (61 kB)
#7 4.426    ━━━━━━━━━━━━━━━━━━━━━━━━━━━━━━━━━━━━━━━━ 61.8/61.8 kB 5.2 MB/s eta 0:00:00
#7 4.434 Downloading attrs-25.4.0-py3-none-any.whl (67 kB)
#7 4.445    ━━━━━━━━━━━━━━━━━━━━━━━━━━━━━━━━━━━━━━━━ 67.6/67.6 kB 5.6 MB/s eta 0:00:00
#7 4.453 Downloading certifi-2025.10.5-py3-none-any.whl (163 kB)
#7 4.468    ━━━━━━━━━━━━━━━━━━━━━━━━━━━━━━━━━━━━━━━━ 163.3/163.3 kB 11.4 MB/s eta 0:00:00
#7 4.478 Downloading chardet-3.0.4-py2.py3-none-any.whl (133 kB)
#7 4.492    ━━━━━━━━━━━━━━━━━━━━━━━━━━━━━━━━━━━━━━━━ 133.4/133.4 kB 10.1 MB/s eta 0:00:00
#7 4.501 Downloading idna-2.10-py2.py3-none-any.whl (58 kB)
#7 4.513    ━━━━━━━━━━━━━━━━━━━━━━━━━━━━━━━━━━━━━━━━ 58.8/58.8 kB 4.9 MB/s eta 0:00:00
#7 4.521 Downloading more_itertools-10.8.0-py3-none-any.whl (69 kB)
#7 4.532    ━━━━━━━━━━━━━━━━━━━━━━━━━━━━━━━━━━━━━━━━ 69.7/69.7 kB 5.9 MB/s eta 0:00:00
#7 4.540 Downloading pluggy-0.13.1-py2.py3-none-any.whl (18 kB)
#7 4.557 Downloading py-1.11.0-py2.py3-none-any.whl (98 kB)
#7 4.570    ━━━━━━━━━━━━━━━━━━━━━━━━━━━━━━━━━━━━━━━━ 98.7/98.7 kB 7.7 MB/s eta 0:00:00
#7 4.579 Downloading urllib3-1.25.11-py2.py3-none-any.whl (127 kB)
#7 4.593    ━━━━━━━━━━━━━━━━━━━━━━━━━━━━━━━━━━━━━━━━ 128.0/128.0 kB 9.4 MB/s eta 0:00:00
#7 4.602 Downloading packaging-25.0-py3-none-any.whl (66 kB)
#7 4.612    ━━━━━━━━━━━━━━━━━━━━━━━━━━━━━━━━━━━━━━━━ 66.5/66.5 kB 6.5 MB/s eta 0:00:00
#7 4.620 Downloading wcwidth-0.2.14-py2.py3-none-any.whl (37 kB)
#7 4.641 Building wheels for collected packages: servicemanager, prettytable, pymongo
#7 4.641   Building wheel for servicemanager (setup.py): started
#7 4.825   Building wheel for servicemanager (setup.py): finished with status 'done'
#7 4.825   Created wheel for servicemanager: filename=servicemanager-2.0.10-py3-none-any.whl size=48790 sha256=292c5dda6e0824d64020030860b5acb6e439ce0c6652d973c77b269f2221f4ca
#7 4.825   Stored in directory: /root/.cache/pip/wheels/73/e3/74/223b0b96d9711440f08e9cf0f18afeb62f65b3164dc8fbde35
#7 4.827   Building wheel for prettytable (setup.py): started
#7 4.959   Building wheel for prettytable (setup.py): finished with status 'done'
#7 4.959   Created wheel for prettytable: filename=prettytable-0.7.2-py3-none-any.whl size=13762 sha256=720ddf6e70a29c7cb6104720019fd6bee9d88470e000ca0c67cf6e9d42c83904
#7 4.959   Stored in directory: /root/.cache/pip/wheels/b1/e4/65/051f9bd54c89d377db5ca942a672439c36cbf5ceff8e8902e0
#7 4.961   Building wheel for pymongo (setup.py): started
#7 6.634   Building wheel for pymongo (setup.py): finished with status 'done'
#7 6.635   Created wheel for pymongo: filename=pymongo-3.11.0-cp311-cp311-linux_x86_64.whl size=499390 sha256=d3adf714e0b196a3aa142d0f854a062924bae5b4b37c32c163f928f7e328b410
#7 6.635   Stored in directory: /root/.cache/pip/wheels/43/00/27/6d27c275881078538e7cd04e595f2f3a1f14b1ef9e32e40583
#7 6.637 Successfully built servicemanager prettytable pymongo
#7 6.705 Installing collected packages: prettytable, chardet, bottle, argcomplete, wcwidth, urllib3, pymongo, pyhamcrest, py, pluggy, packaging, more-itertools, idna, certifi, attrs, requests, pytest, servicemanager
#7 7.612 Successfully installed argcomplete-1.12.3 attrs-25.4.0 bottle-0.12.18 certifi-2025.10.5 chardet-3.0.4 idna-2.10 more-itertools-10.8.0 packaging-25.0 pluggy-0.13.1 prettytable-0.7.2 py-1.11.0 pyhamcrest-2.0.2 pymongo-3.11.0 pytest-5.4.3 requests-2.24.0 servicemanager-2.0.10 urllib3-1.25.11 wcwidth-0.2.14
#7 7.612 WARNING: Running pip as the 'root' user can result in broken permissions and conflicting behaviour with the system package manager. It is recommended to use a virtual environment instead: https://pip.pypa.io/warnings/venv
#7 7.730 
#7 7.730 [notice] A new release of pip is available: 24.0 -> 25.3
#7 7.730 [notice] To update, run: pip install --upgrade pip
#7 DONE 8.0s

#8 exporting to image
#8 exporting layers
#8 exporting layers 0.2s done
#8 writing image sha256:9f64228ed6a57d3a45df98b32f1932133099a2ce7d5414dae3e66dcf0c2ccd08 done
#8 naming to docker.io/library/test-image-10554232 0.0s done
#8 DONE 0.3s

View build details: docker-desktop://dashboard/build/default/default/q0xp8jsb65p0zv8mhgvs2sibj
[2025-10-29 11:47:37] SUCCESS: Build completed for 10554232
