=== Docker Build Log for 7880c101557297beeccda05978aeb278 ===
Started at: Mi 29. Okt 17:21:17 CET 2025

[2025-10-29 17:21:17] START: Building image for 7880c101557297beeccda05978aeb278
#0 building with "default" instance using docker driver

#1 [internal] load build definition from Dockerfile
#1 transferring dockerfile: 186B done
#1 DONE 0.0s

#2 [internal] load metadata for docker.io/library/python:3.11
#2 DONE 0.0s

#3 [internal] load .dockerignore
#3 transferring context: 2B done
#3 DONE 0.0s

#4 [internal] load build context
#4 transferring context: 1.85kB 0.0s done
#4 DONE 0.0s

#5 [1/3] FROM docker.io/library/python:3.11
#5 CACHED

#6 [2/3] COPY hard-gists/7880c101557297beeccda05978aeb278/snippet.py /snippet.py
#6 DONE 0.1s

#7 [3/3] RUN ["pip","install","af"]
#7 2.267 Collecting af
#7 2.486   Downloading af-1.0.2-py3-none-any.whl.metadata (1.2 kB)
#7 2.523 Collecting polyglot (from af)
#7 2.627   Downloading polyglot-16.7.4.tar.gz (126 kB)
#7 2.655      ━━━━━━━━━━━━━━━━━━━━━━━━━━━━━━━━━━━━━━━ 126.3/126.3 kB 4.5 MB/s eta 0:00:00
#7 2.670   Preparing metadata (setup.py): started
#7 3.075   Preparing metadata (setup.py): finished with status 'done'
#7 3.106 Collecting six (from af)
#7 3.114   Downloading six-1.17.0-py2.py3-none-any.whl.metadata (1.7 kB)
#7 3.155 Collecting pycld2 (from af)
#7 3.263   Downloading pycld2-0.42-cp311-cp311-manylinux_2_17_x86_64.manylinux2014_x86_64.whl.metadata (7.5 kB)
#7 3.301 Collecting PyICU (from af)
#7 3.311   Downloading pyicu-2.15.3.tar.gz (267 kB)
#7 3.333      ━━━━━━━━━━━━━━━━━━━━━━━━━━━━━━━━━━━━━━ 267.6/267.6 kB 13.1 MB/s eta 0:00:00
#7 3.360   Installing build dependencies: started
#7 4.915   Installing build dependencies: finished with status 'done'
#7 4.916   Getting requirements to build wheel: started
#7 5.078   Getting requirements to build wheel: finished with status 'done'
#7 5.079   Preparing metadata (pyproject.toml): started
#7 5.209   Preparing metadata (pyproject.toml): finished with status 'done'
#7 5.333 Collecting PTable (from af)
#7 5.344   Downloading PTable-0.9.2.tar.gz (31 kB)
#7 5.358   Preparing metadata (setup.py): started
#7 5.479   Preparing metadata (setup.py): finished with status 'done'
#7 5.515 Collecting markdown (from af)
#7 5.523   Downloading markdown-3.9-py3-none-any.whl.metadata (5.1 kB)
#7 5.598 Collecting tqdm (from af)
#7 5.607   Downloading tqdm-4.67.1-py3-none-any.whl.metadata (57 kB)
#7 5.619      ━━━━━━━━━━━━━━━━━━━━━━━━━━━━━━━━━━━━━━━━ 57.7/57.7 kB 4.7 MB/s eta 0:00:00
#7 5.647 Collecting chardet (from af)
#7 5.656   Downloading chardet-5.2.0-py3-none-any.whl.metadata (3.4 kB)
#7 5.856 Downloading af-1.0.2-py3-none-any.whl (8.8 kB)
#7 5.879 Downloading chardet-5.2.0-py3-none-any.whl (199 kB)
#7 5.896    ━━━━━━━━━━━━━━━━━━━━━━━━━━━━━━━━━━━━━━━━ 199.4/199.4 kB 13.2 MB/s eta 0:00:00
#7 5.905 Downloading markdown-3.9-py3-none-any.whl (107 kB)
#7 5.917    ━━━━━━━━━━━━━━━━━━━━━━━━━━━━━━━━━━━━━━━━ 107.4/107.4 kB 8.6 MB/s eta 0:00:00
#7 6.061 Downloading pycld2-0.42-cp311-cp311-manylinux_2_17_x86_64.manylinux2014_x86_64.whl (9.9 MB)
#7 7.186    ━━━━━━━━━━━━━━━━━━━━━━━━━━━━━━━━━━━━━━━━ 9.9/9.9 MB 8.8 MB/s eta 0:00:00
#7 7.195 Downloading six-1.17.0-py2.py3-none-any.whl (11 kB)
#7 7.213 Downloading tqdm-4.67.1-py3-none-any.whl (78 kB)
#7 7.225    ━━━━━━━━━━━━━━━━━━━━━━━━━━━━━━━━━━━━━━━━ 78.5/78.5 kB 6.5 MB/s eta 0:00:00
#7 7.253 Building wheels for collected packages: polyglot, PTable, PyICU
#7 7.253   Building wheel for polyglot (setup.py): started
#7 7.451   Building wheel for polyglot (setup.py): finished with status 'done'
#7 7.452   Created wheel for polyglot: filename=polyglot-16.7.4-py2.py3-none-any.whl size=52642 sha256=3140d5cdcbded9f84dd48f643cefbbaa712b32a5bc4d8c3ffd25469e066b028b
#7 7.452   Stored in directory: /root/.cache/pip/wheels/70/e3/da/d2f524831513cedfe2a49e46a94028bf6f632f6ba172d6dead
#7 7.454   Building wheel for PTable (setup.py): started
#7 7.618   Building wheel for PTable (setup.py): finished with status 'done'
#7 7.618   Created wheel for PTable: filename=ptable-0.9.2-py3-none-any.whl size=22982 sha256=9e5fb170a5f4f9fd4e4759e4ba5b22ad6e7bdc507dd8bbc0fa6989abcf226a26
#7 7.618   Stored in directory: /root/.cache/pip/wheels/5d/5d/31/d7788a512a672caf93d8c13e298f90f3e53e72380c364a5a9a
#7 7.621   Building wheel for PyICU (pyproject.toml): started
#7 50.98   Building wheel for PyICU (pyproject.toml): finished with status 'done'
#7 50.98   Created wheel for PyICU: filename=pyicu-2.15.3-cp311-cp311-linux_x86_64.whl size=2890408 sha256=d495639ed0e9c8a0d6805c1ecaeaffb84fe24b14c90b3581d0652a48b8870d2a
#7 50.99   Stored in directory: /root/.cache/pip/wheels/ad/8d/2d/3e1cd1fa83b53fed9884cf995802fdb509e0e5382c170e03e4
#7 50.99 Successfully built polyglot PTable PyICU
#7 51.04 Installing collected packages: PyICU, pycld2, PTable, polyglot, tqdm, six, markdown, chardet, af
#7 51.56 Successfully installed PTable-0.9.2 PyICU-2.15.3 af-1.0.2 chardet-5.2.0 markdown-3.9 polyglot-16.7.4 pycld2-0.42 six-1.17.0 tqdm-4.67.1
#7 51.56 WARNING: Running pip as the 'root' user can result in broken permissions and conflicting behaviour with the system package manager. It is recommended to use a virtual environment instead: https://pip.pypa.io/warnings/venv
#7 51.57 
#7 51.57 [notice] A new release of pip is available: 24.0 -> 25.3
#7 51.57 [notice] To update, run: pip install --upgrade pip
#7 DONE 51.8s

#8 exporting to image
#8 exporting layers
#8 exporting layers 0.3s done
#8 writing image sha256:5186de0eb6ba5a6e89d1a3951ffcc498ee28049adce7d0a6831c9c5e54ebd341 done
#8 naming to docker.io/library/test-image-7880c101557297beeccda05978aeb278 done
#8 DONE 0.4s

View build details: docker-desktop://dashboard/build/default/default/np39j4csroe8glhc9wmyeipfw
[2025-10-29 17:22:10] SUCCESS: Build completed for 7880c101557297beeccda05978aeb278
