=== Docker Build Log for 1d878d0401b28b281eb75016ed29f2ee ===
Started at: Mi 29. Okt 12:46:28 CET 2025

[2025-10-29 12:46:28] START: Building image for 1d878d0401b28b281eb75016ed29f2ee
#0 building with "default" instance using docker driver

#1 [internal] load build definition from Dockerfile
#1 transferring dockerfile: 256B done
#1 DONE 0.0s

#2 [internal] load metadata for docker.io/library/python:3.11
#2 DONE 0.0s

#3 [internal] load .dockerignore
#3 transferring context: 2B done
#3 DONE 0.0s

#4 [internal] load build context
#4 transferring context: 7.24kB 0.0s done
#4 DONE 0.0s

#5 [1/5] FROM docker.io/library/python:3.11
#5 CACHED

#6 [2/5] COPY hard-gists/1d878d0401b28b281eb75016ed29f2ee/snippet.py /snippet.py
#6 DONE 0.1s

#7 [3/5] RUN ["pip","install","keras"]
#7 2.211 Collecting keras
#7 2.243   Downloading keras-3.12.0-py3-none-any.whl.metadata (5.9 kB)
#7 2.289 Collecting absl-py (from keras)
#7 2.299   Downloading absl_py-2.3.1-py3-none-any.whl.metadata (3.3 kB)
#7 2.518 Collecting numpy (from keras)
#7 2.530   Downloading numpy-2.3.4-cp311-cp311-manylinux_2_27_x86_64.manylinux_2_28_x86_64.whl.metadata (62 kB)
#7 2.556      ━━━━━━━━━━━━━━━━━━━━━━━━━━━━━━━━━━━━━━━━ 62.1/62.1 kB 2.3 MB/s eta 0:00:00
#7 2.641 Collecting rich (from keras)
#7 2.650   Downloading rich-14.2.0-py3-none-any.whl.metadata (18 kB)
#7 2.688 Collecting namex (from keras)
#7 2.699   Downloading namex-0.1.0-py3-none-any.whl.metadata (322 bytes)
#7 2.770 Collecting h5py (from keras)
#7 2.780   Downloading h5py-3.15.1-cp311-cp311-manylinux_2_27_x86_64.manylinux_2_28_x86_64.whl.metadata (3.0 kB)
#7 2.889 Collecting optree (from keras)
#7 2.899   Downloading optree-0.17.0-cp311-cp311-manylinux_2_27_x86_64.manylinux_2_28_x86_64.whl.metadata (33 kB)
#7 2.956 Collecting ml-dtypes (from keras)
#7 2.965   Downloading ml_dtypes-0.5.3-cp311-cp311-manylinux_2_27_x86_64.manylinux_2_28_x86_64.whl.metadata (8.9 kB)
#7 3.044 Collecting packaging (from keras)
#7 3.055   Downloading packaging-25.0-py3-none-any.whl.metadata (3.3 kB)
#7 3.150 Collecting typing-extensions>=4.6.0 (from optree->keras)
#7 3.158   Downloading typing_extensions-4.15.0-py3-none-any.whl.metadata (3.3 kB)
#7 3.209 Collecting markdown-it-py>=2.2.0 (from rich->keras)
#7 3.218   Downloading markdown_it_py-4.0.0-py3-none-any.whl.metadata (7.3 kB)
#7 3.273 Collecting pygments<3.0.0,>=2.13.0 (from rich->keras)
#7 3.282   Downloading pygments-2.19.2-py3-none-any.whl.metadata (2.5 kB)
#7 3.338 Collecting mdurl~=0.1 (from markdown-it-py>=2.2.0->rich->keras)
#7 3.346   Downloading mdurl-0.1.2-py3-none-any.whl.metadata (1.6 kB)
#7 3.373 Downloading keras-3.12.0-py3-none-any.whl (1.5 MB)
#7 3.443    ━━━━━━━━━━━━━━━━━━━━━━━━━━━━━━━━━━━━━━━━ 1.5/1.5 MB 21.2 MB/s eta 0:00:00
#7 3.452 Downloading absl_py-2.3.1-py3-none-any.whl (135 kB)
#7 3.467    ━━━━━━━━━━━━━━━━━━━━━━━━━━━━━━━━━━━━━━━━ 135.8/135.8 kB 9.9 MB/s eta 0:00:00
#7 3.480 Downloading h5py-3.15.1-cp311-cp311-manylinux_2_27_x86_64.manylinux_2_28_x86_64.whl (4.7 MB)
#7 3.655    ━━━━━━━━━━━━━━━━━━━━━━━━━━━━━━━━━━━━━━━━ 4.7/4.7 MB 27.2 MB/s eta 0:00:00
#7 3.666 Downloading numpy-2.3.4-cp311-cp311-manylinux_2_27_x86_64.manylinux_2_28_x86_64.whl (16.9 MB)
#7 4.269    ━━━━━━━━━━━━━━━━━━━━━━━━━━━━━━━━━━━━━━━━ 16.9/16.9 MB 25.9 MB/s eta 0:00:00
#7 4.280 Downloading ml_dtypes-0.5.3-cp311-cp311-manylinux_2_27_x86_64.manylinux_2_28_x86_64.whl (4.9 MB)
#7 4.459    ━━━━━━━━━━━━━━━━━━━━━━━━━━━━━━━━━━━━━━━━ 4.9/4.9 MB 27.9 MB/s eta 0:00:00
#7 4.468 Downloading namex-0.1.0-py3-none-any.whl (5.9 kB)
#7 4.488 Downloading optree-0.17.0-cp311-cp311-manylinux_2_27_x86_64.manylinux_2_28_x86_64.whl (402 kB)
#7 4.510    ━━━━━━━━━━━━━━━━━━━━━━━━━━━━━━━━━━━━━━━━ 402.0/402.0 kB 18.9 MB/s eta 0:00:00
#7 4.519 Downloading packaging-25.0-py3-none-any.whl (66 kB)
#7 4.532    ━━━━━━━━━━━━━━━━━━━━━━━━━━━━━━━━━━━━━━━━ 66.5/66.5 kB 5.9 MB/s eta 0:00:00
#7 4.541 Downloading rich-14.2.0-py3-none-any.whl (243 kB)
#7 4.559    ━━━━━━━━━━━━━━━━━━━━━━━━━━━━━━━━━━━━━━━━ 243.4/243.4 kB 14.0 MB/s eta 0:00:00
#7 4.568 Downloading markdown_it_py-4.0.0-py3-none-any.whl (87 kB)
#7 4.579    ━━━━━━━━━━━━━━━━━━━━━━━━━━━━━━━━━━━━━━━━ 87.3/87.3 kB 8.1 MB/s eta 0:00:00
#7 4.588 Downloading pygments-2.19.2-py3-none-any.whl (1.2 MB)
#7 4.638    ━━━━━━━━━━━━━━━━━━━━━━━━━━━━━━━━━━━━━━━━ 1.2/1.2 MB 25.0 MB/s eta 0:00:00
#7 4.648 Downloading typing_extensions-4.15.0-py3-none-any.whl (44 kB)
#7 4.660    ━━━━━━━━━━━━━━━━━━━━━━━━━━━━━━━━━━━━━━━━ 44.6/44.6 kB 3.5 MB/s eta 0:00:00
#7 4.669 Downloading mdurl-0.1.2-py3-none-any.whl (10.0 kB)
#7 4.851 Installing collected packages: namex, typing-extensions, pygments, packaging, numpy, mdurl, absl-py, optree, ml-dtypes, markdown-it-py, h5py, rich, keras
#7 8.701 Successfully installed absl-py-2.3.1 h5py-3.15.1 keras-3.12.0 markdown-it-py-4.0.0 mdurl-0.1.2 ml-dtypes-0.5.3 namex-0.1.0 numpy-2.3.4 optree-0.17.0 packaging-25.0 pygments-2.19.2 rich-14.2.0 typing-extensions-4.15.0
#7 8.701 WARNING: Running pip as the 'root' user can result in broken permissions and conflicting behaviour with the system package manager. It is recommended to use a virtual environment instead: https://pip.pypa.io/warnings/venv
#7 8.804 
#7 8.804 [notice] A new release of pip is available: 24.0 -> 25.3
#7 8.804 [notice] To update, run: pip install --upgrade pip
#7 DONE 9.9s

#8 [4/5] RUN ["pip","install","numpy"]
#8 0.507 Requirement already satisfied: numpy in /usr/local/lib/python3.11/site-packages (2.3.4)
#8 0.591 WARNING: Running pip as the 'root' user can result in broken permissions and conflicting behaviour with the system package manager. It is recommended to use a virtual environment instead: https://pip.pypa.io/warnings/venv
#8 0.597 
#8 0.597 [notice] A new release of pip is available: 24.0 -> 25.3
#8 0.597 [notice] To update, run: pip install --upgrade pip
#8 DONE 0.7s

#9 [5/5] RUN ["pip","install","keras-models"]
#9 0.598 Collecting keras-models
#9 0.637   Downloading keras_models-0.0.7-py3-none-any.whl.metadata (3.4 kB)
#9 0.660 Requirement already satisfied: keras in /usr/local/lib/python3.11/site-packages (from keras-models) (3.12.0)
#9 0.664 Requirement already satisfied: numpy in /usr/local/lib/python3.11/site-packages (from keras-models) (2.3.4)
#9 0.818 Collecting spacy (from keras-models)
#9 0.832   Downloading spacy-3.8.7-cp311-cp311-manylinux_2_17_x86_64.manylinux2014_x86_64.whl.metadata (27 kB)
#9 1.055 Collecting Pillow (from keras-models)
#9 1.067   Downloading pillow-12.0.0-cp311-cp311-manylinux_2_27_x86_64.manylinux_2_28_x86_64.whl.metadata (8.8 kB)
#9 1.179 Collecting opencv-python (from keras-models)
#9 1.189   Downloading opencv_python-4.12.0.88-cp37-abi3-manylinux2014_x86_64.manylinux_2_17_x86_64.whl.metadata (19 kB)
#9 1.232 Collecting pathlib (from keras-models)
#9 1.243   Downloading pathlib-1.0.1-py3-none-any.whl.metadata (5.1 kB)
#9 1.258 Requirement already satisfied: absl-py in /usr/local/lib/python3.11/site-packages (from keras->keras-models) (2.3.1)
#9 1.261 Requirement already satisfied: rich in /usr/local/lib/python3.11/site-packages (from keras->keras-models) (14.2.0)
#9 1.261 Requirement already satisfied: namex in /usr/local/lib/python3.11/site-packages (from keras->keras-models) (0.1.0)
#9 1.262 Requirement already satisfied: h5py in /usr/local/lib/python3.11/site-packages (from keras->keras-models) (3.15.1)
#9 1.263 Requirement already satisfied: optree in /usr/local/lib/python3.11/site-packages (from keras->keras-models) (0.17.0)
#9 1.264 Requirement already satisfied: ml-dtypes in /usr/local/lib/python3.11/site-packages (from keras->keras-models) (0.5.3)
#9 1.265 Requirement already satisfied: packaging in /usr/local/lib/python3.11/site-packages (from keras->keras-models) (25.0)
#9 1.515 Collecting numpy (from keras-models)
#9 1.527   Downloading numpy-2.2.6-cp311-cp311-manylinux_2_17_x86_64.manylinux2014_x86_64.whl.metadata (62 kB)
#9 1.551      ━━━━━━━━━━━━━━━━━━━━━━━━━━━━━━━━━━━━━━━━ 62.0/62.0 kB 2.4 MB/s eta 0:00:00
#9 1.635 Collecting spacy-legacy<3.1.0,>=3.0.11 (from spacy->keras-models)
#9 1.644   Downloading spacy_legacy-3.0.12-py2.py3-none-any.whl.metadata (2.8 kB)
#9 1.685 Collecting spacy-loggers<2.0.0,>=1.0.0 (from spacy->keras-models)
#9 1.694   Downloading spacy_loggers-1.0.5-py3-none-any.whl.metadata (23 kB)
#9 1.753 Collecting murmurhash<1.1.0,>=0.28.0 (from spacy->keras-models)
#9 1.764   Downloading murmurhash-1.0.13-cp311-cp311-manylinux_2_5_x86_64.manylinux1_x86_64.manylinux_2_17_x86_64.manylinux2014_x86_64.whl.metadata (2.2 kB)
#9 1.823 Collecting cymem<2.1.0,>=2.0.2 (from spacy->keras-models)
#9 1.833   Downloading cymem-2.0.11-cp311-cp311-manylinux_2_17_x86_64.manylinux2014_x86_64.whl.metadata (8.5 kB)
#9 1.890 Collecting preshed<3.1.0,>=3.0.2 (from spacy->keras-models)
#9 1.899   Downloading preshed-3.0.10-cp311-cp311-manylinux_2_5_x86_64.manylinux1_x86_64.manylinux_2_17_x86_64.manylinux2014_x86_64.whl.metadata (2.4 kB)
#9 2.122 Collecting thinc<8.4.0,>=8.3.4 (from spacy->keras-models)
#9 2.135   Downloading thinc-8.3.6-cp311-cp311-manylinux_2_17_x86_64.manylinux2014_x86_64.whl.metadata (15 kB)
#9 2.182 Collecting wasabi<1.2.0,>=0.9.1 (from spacy->keras-models)
#9 2.192   Downloading wasabi-1.1.3-py3-none-any.whl.metadata (28 kB)
#9 2.276 Collecting srsly<3.0.0,>=2.4.3 (from spacy->keras-models)
#9 2.285   Downloading srsly-2.5.1-cp311-cp311-manylinux_2_17_x86_64.manylinux2014_x86_64.whl.metadata (19 kB)
#9 2.327 Collecting catalogue<2.1.0,>=2.0.6 (from spacy->keras-models)
#9 2.336   Downloading catalogue-2.0.10-py3-none-any.whl.metadata (14 kB)
#9 2.375 Collecting weasel<0.5.0,>=0.1.0 (from spacy->keras-models)
#9 2.385   Downloading weasel-0.4.1-py3-none-any.whl.metadata (4.6 kB)
#9 2.438 Collecting typer<1.0.0,>=0.3.0 (from spacy->keras-models)
#9 2.446   Downloading typer-0.20.0-py3-none-any.whl.metadata (16 kB)
#9 2.523 Collecting tqdm<5.0.0,>=4.38.0 (from spacy->keras-models)
#9 2.533   Downloading tqdm-4.67.1-py3-none-any.whl.metadata (57 kB)
#9 2.550      ━━━━━━━━━━━━━━━━━━━━━━━━━━━━━━━━━━━━━━━━ 57.7/57.7 kB 3.4 MB/s eta 0:00:00
#9 2.617 Collecting requests<3.0.0,>=2.13.0 (from spacy->keras-models)
#9 2.626   Downloading requests-2.32.5-py3-none-any.whl.metadata (4.9 kB)
#9 2.801 Collecting pydantic!=1.8,!=1.8.1,<3.0.0,>=1.7.4 (from spacy->keras-models)
#9 2.812   Downloading pydantic-2.12.3-py3-none-any.whl.metadata (87 kB)
#9 2.834      ━━━━━━━━━━━━━━━━━━━━━━━━━━━━━━━━━━━━━━━━ 87.7/87.7 kB 3.9 MB/s eta 0:00:00
#9 2.873 Collecting jinja2 (from spacy->keras-models)
#9 2.883   Downloading jinja2-3.1.6-py3-none-any.whl.metadata (2.9 kB)
#9 2.895 Requirement already satisfied: setuptools in /usr/local/lib/python3.11/site-packages (from spacy->keras-models) (79.0.1)
#9 2.921 Collecting langcodes<4.0.0,>=3.2.0 (from spacy->keras-models)
#9 2.931   Downloading langcodes-3.5.0-py3-none-any.whl.metadata (29 kB)
#9 2.983 Collecting language-data>=1.2 (from langcodes<4.0.0,>=3.2.0->spacy->keras-models)
#9 2.993   Downloading language_data-1.3.0-py3-none-any.whl.metadata (4.3 kB)
#9 3.040 Collecting annotated-types>=0.6.0 (from pydantic!=1.8,!=1.8.1,<3.0.0,>=1.7.4->spacy->keras-models)
#9 3.049   Downloading annotated_types-0.7.0-py3-none-any.whl.metadata (15 kB)
#9 3.872 Collecting pydantic-core==2.41.4 (from pydantic!=1.8,!=1.8.1,<3.0.0,>=1.7.4->spacy->keras-models)
#9 3.883   Downloading pydantic_core-2.41.4-cp311-cp311-manylinux_2_17_x86_64.manylinux2014_x86_64.whl.metadata (7.3 kB)
#9 3.902 Requirement already satisfied: typing-extensions>=4.14.1 in /usr/local/lib/python3.11/site-packages (from pydantic!=1.8,!=1.8.1,<3.0.0,>=1.7.4->spacy->keras-models) (4.15.0)
#9 3.928 Collecting typing-inspection>=0.4.2 (from pydantic!=1.8,!=1.8.1,<3.0.0,>=1.7.4->spacy->keras-models)
#9 3.938   Downloading typing_inspection-0.4.2-py3-none-any.whl.metadata (2.6 kB)
#9 4.060 Collecting charset_normalizer<4,>=2 (from requests<3.0.0,>=2.13.0->spacy->keras-models)
#9 4.069   Downloading charset_normalizer-3.4.4-cp311-cp311-manylinux2014_x86_64.manylinux_2_17_x86_64.manylinux_2_28_x86_64.whl.metadata (37 kB)
#9 4.116 Collecting idna<4,>=2.5 (from requests<3.0.0,>=2.13.0->spacy->keras-models)
#9 4.124   Downloading idna-3.11-py3-none-any.whl.metadata (8.4 kB)
#9 4.190 Collecting urllib3<3,>=1.21.1 (from requests<3.0.0,>=2.13.0->spacy->keras-models)
#9 4.199   Downloading urllib3-2.5.0-py3-none-any.whl.metadata (6.5 kB)
#9 4.246 Collecting certifi>=2017.4.17 (from requests<3.0.0,>=2.13.0->spacy->keras-models)
#9 4.256   Downloading certifi-2025.10.5-py3-none-any.whl.metadata (2.5 kB)
#9 4.359 Collecting blis<1.4.0,>=1.3.0 (from thinc<8.4.0,>=8.3.4->spacy->keras-models)
#9 4.369   Downloading blis-1.3.0-cp311-cp311-manylinux_2_17_x86_64.manylinux2014_x86_64.whl.metadata (7.4 kB)
#9 4.418 Collecting confection<1.0.0,>=0.0.1 (from thinc<8.4.0,>=8.3.4->spacy->keras-models)
#9 4.428   Downloading confection-0.1.5-py3-none-any.whl.metadata (19 kB)
#9 4.527 Collecting click>=8.0.0 (from typer<1.0.0,>=0.3.0->spacy->keras-models)
#9 4.536   Downloading click-8.3.0-py3-none-any.whl.metadata (2.6 kB)
#9 4.585 Collecting shellingham>=1.3.0 (from typer<1.0.0,>=0.3.0->spacy->keras-models)
#9 4.593   Downloading shellingham-1.5.4-py2.py3-none-any.whl.metadata (3.5 kB)
#9 4.616 Requirement already satisfied: markdown-it-py>=2.2.0 in /usr/local/lib/python3.11/site-packages (from rich->keras->keras-models) (4.0.0)
#9 4.617 Requirement already satisfied: pygments<3.0.0,>=2.13.0 in /usr/local/lib/python3.11/site-packages (from rich->keras->keras-models) (2.19.2)
#9 4.671 Collecting cloudpathlib<1.0.0,>=0.7.0 (from weasel<0.5.0,>=0.1.0->spacy->keras-models)
#9 4.680   Downloading cloudpathlib-0.23.0-py3-none-any.whl.metadata (16 kB)
#9 4.727 Collecting smart-open<8.0.0,>=5.2.1 (from weasel<0.5.0,>=0.1.0->spacy->keras-models)
#9 4.738   Downloading smart_open-7.4.1-py3-none-any.whl.metadata (24 kB)
#9 4.847 Collecting MarkupSafe>=2.0 (from jinja2->spacy->keras-models)
#9 4.856   Downloading markupsafe-3.0.3-cp311-cp311-manylinux2014_x86_64.manylinux_2_17_x86_64.manylinux_2_28_x86_64.whl.metadata (2.7 kB)
#9 5.190 Collecting marisa-trie>=1.1.0 (from language-data>=1.2->langcodes<4.0.0,>=3.2.0->spacy->keras-models)
#9 5.200   Downloading marisa_trie-1.3.1-cp311-cp311-manylinux_2_24_x86_64.manylinux_2_28_x86_64.whl.metadata (10 kB)
#9 5.230 Requirement already satisfied: mdurl~=0.1 in /usr/local/lib/python3.11/site-packages (from markdown-it-py>=2.2.0->rich->keras->keras-models) (0.1.2)
#9 5.413 Collecting wrapt (from smart-open<8.0.0,>=5.2.1->weasel<0.5.0,>=0.1.0->spacy->keras-models)
#9 5.423   Downloading wrapt-2.0.0-cp311-cp311-manylinux1_x86_64.manylinux_2_28_x86_64.manylinux_2_5_x86_64.whl.metadata (8.8 kB)
#9 5.497 Downloading keras_models-0.0.7-py3-none-any.whl (18 kB)
#9 5.520 Downloading opencv_python-4.12.0.88-cp37-abi3-manylinux2014_x86_64.manylinux_2_17_x86_64.whl (67.0 MB)
#9 8.223    ━━━━━━━━━━━━━━━━━━━━━━━━━━━━━━━━━━━━━━━━ 67.0/67.0 MB 11.0 MB/s eta 0:00:00
#9 8.235 Downloading numpy-2.2.6-cp311-cp311-manylinux_2_17_x86_64.manylinux2014_x86_64.whl (16.8 MB)
#9 8.869    ━━━━━━━━━━━━━━━━━━━━━━━━━━━━━━━━━━━━━━━━ 16.8/16.8 MB 23.9 MB/s eta 0:00:00
#9 8.882 Downloading pathlib-1.0.1-py3-none-any.whl (14 kB)
#9 8.907 Downloading pillow-12.0.0-cp311-cp311-manylinux_2_27_x86_64.manylinux_2_28_x86_64.whl (7.0 MB)
#9 9.170    ━━━━━━━━━━━━━━━━━━━━━━━━━━━━━━━━━━━━━━━━ 7.0/7.0 MB 27.0 MB/s eta 0:00:00
#9 9.179 Downloading spacy-3.8.7-cp311-cp311-manylinux_2_17_x86_64.manylinux2014_x86_64.whl (33.0 MB)
#9 10.39    ━━━━━━━━━━━━━━━━━━━━━━━━━━━━━━━━━━━━━━━━ 33.0/33.0 MB 20.4 MB/s eta 0:00:00
#9 10.40 Downloading catalogue-2.0.10-py3-none-any.whl (17 kB)
#9 10.42 Downloading cymem-2.0.11-cp311-cp311-manylinux_2_17_x86_64.manylinux2014_x86_64.whl (218 kB)
#9 10.44    ━━━━━━━━━━━━━━━━━━━━━━━━━━━━━━━━━━━━━━━━ 218.9/218.9 kB 12.6 MB/s eta 0:00:00
#9 10.45 Downloading langcodes-3.5.0-py3-none-any.whl (182 kB)
#9 10.48    ━━━━━━━━━━━━━━━━━━━━━━━━━━━━━━━━━━━━━━━━ 183.0/183.0 kB 5.8 MB/s eta 0:00:00
#9 10.49 Downloading murmurhash-1.0.13-cp311-cp311-manylinux_2_5_x86_64.manylinux1_x86_64.manylinux_2_17_x86_64.manylinux2014_x86_64.whl (123 kB)
#9 10.51    ━━━━━━━━━━━━━━━━━━━━━━━━━━━━━━━━━━━━━━━━ 123.4/123.4 kB 7.9 MB/s eta 0:00:00
#9 10.52 Downloading preshed-3.0.10-cp311-cp311-manylinux_2_5_x86_64.manylinux1_x86_64.manylinux_2_17_x86_64.manylinux2014_x86_64.whl (842 kB)
#9 10.56    ━━━━━━━━━━━━━━━━━━━━━━━━━━━━━━━━━━━━━━━━ 842.9/842.9 kB 22.2 MB/s eta 0:00:00
#9 10.57 Downloading pydantic-2.12.3-py3-none-any.whl (462 kB)
#9 10.59    ━━━━━━━━━━━━━━━━━━━━━━━━━━━━━━━━━━━━━━━━ 462.4/462.4 kB 20.5 MB/s eta 0:00:00
#9 10.60 Downloading pydantic_core-2.41.4-cp311-cp311-manylinux_2_17_x86_64.manylinux2014_x86_64.whl (2.1 MB)
#9 10.68    ━━━━━━━━━━━━━━━━━━━━━━━━━━━━━━━━━━━━━━━━ 2.1/2.1 MB 26.7 MB/s eta 0:00:00
#9 10.69 Downloading requests-2.32.5-py3-none-any.whl (64 kB)
#9 10.70    ━━━━━━━━━━━━━━━━━━━━━━━━━━━━━━━━━━━━━━━━ 64.7/64.7 kB 5.5 MB/s eta 0:00:00
#9 10.71 Downloading spacy_legacy-3.0.12-py2.py3-none-any.whl (29 kB)
#9 10.73 Downloading spacy_loggers-1.0.5-py3-none-any.whl (22 kB)
#9 10.75 Downloading srsly-2.5.1-cp311-cp311-manylinux_2_17_x86_64.manylinux2014_x86_64.whl (1.1 MB)
#9 10.79    ━━━━━━━━━━━━━━━━━━━━━━━━━━━━━━━━━━━━━━━━ 1.1/1.1 MB 25.1 MB/s eta 0:00:00
#9 10.80 Downloading thinc-8.3.6-cp311-cp311-manylinux_2_17_x86_64.manylinux2014_x86_64.whl (4.5 MB)
#9 10.97    ━━━━━━━━━━━━━━━━━━━━━━━━━━━━━━━━━━━━━━━━ 4.5/4.5 MB 27.0 MB/s eta 0:00:00
#9 10.98 Downloading tqdm-4.67.1-py3-none-any.whl (78 kB)
#9 10.99    ━━━━━━━━━━━━━━━━━━━━━━━━━━━━━━━━━━━━━━━━ 78.5/78.5 kB 6.6 MB/s eta 0:00:00
#9 11.00 Downloading typer-0.20.0-py3-none-any.whl (47 kB)
#9 11.02    ━━━━━━━━━━━━━━━━━━━━━━━━━━━━━━━━━━━━━━━━ 47.0/47.0 kB 3.7 MB/s eta 0:00:00
#9 11.02 Downloading wasabi-1.1.3-py3-none-any.whl (27 kB)
#9 11.04 Downloading weasel-0.4.1-py3-none-any.whl (50 kB)
#9 11.05    ━━━━━━━━━━━━━━━━━━━━━━━━━━━━━━━━━━━━━━━━ 50.3/50.3 kB 3.8 MB/s eta 0:00:00
#9 11.06 Downloading jinja2-3.1.6-py3-none-any.whl (134 kB)
#9 11.08    ━━━━━━━━━━━━━━━━━━━━━━━━━━━━━━━━━━━━━━━━ 134.9/134.9 kB 10.7 MB/s eta 0:00:00
#9 11.09 Downloading annotated_types-0.7.0-py3-none-any.whl (13 kB)
#9 11.11 Downloading blis-1.3.0-cp311-cp311-manylinux_2_17_x86_64.manylinux2014_x86_64.whl (11.7 MB)
#9 11.53    ━━━━━━━━━━━━━━━━━━━━━━━━━━━━━━━━━━━━━━━━ 11.7/11.7 MB 27.2 MB/s eta 0:00:00
#9 11.54 Downloading certifi-2025.10.5-py3-none-any.whl (163 kB)
#9 11.55    ━━━━━━━━━━━━━━━━━━━━━━━━━━━━━━━━━━━━━━━━ 163.3/163.3 kB 10.7 MB/s eta 0:00:00
#9 11.56 Downloading charset_normalizer-3.4.4-cp311-cp311-manylinux2014_x86_64.manylinux_2_17_x86_64.manylinux_2_28_x86_64.whl (151 kB)
#9 11.58    ━━━━━━━━━━━━━━━━━━━━━━━━━━━━━━━━━━━━━━━━ 151.6/151.6 kB 10.7 MB/s eta 0:00:00
#9 11.59 Downloading click-8.3.0-py3-none-any.whl (107 kB)
#9 11.60    ━━━━━━━━━━━━━━━━━━━━━━━━━━━━━━━━━━━━━━━━ 107.3/107.3 kB 6.7 MB/s eta 0:00:00
#9 11.61 Downloading cloudpathlib-0.23.0-py3-none-any.whl (62 kB)
#9 11.63    ━━━━━━━━━━━━━━━━━━━━━━━━━━━━━━━━━━━━━━━━ 62.8/62.8 kB 3.1 MB/s eta 0:00:00
#9 11.64 Downloading confection-0.1.5-py3-none-any.whl (35 kB)
#9 11.66 Downloading idna-3.11-py3-none-any.whl (71 kB)
#9 11.68    ━━━━━━━━━━━━━━━━━━━━━━━━━━━━━━━━━━━━━━━━ 71.0/71.0 kB 4.3 MB/s eta 0:00:00
#9 11.69 Downloading language_data-1.3.0-py3-none-any.whl (5.4 MB)
#9 11.89    ━━━━━━━━━━━━━━━━━━━━━━━━━━━━━━━━━━━━━━━━ 5.4/5.4 MB 27.4 MB/s eta 0:00:00
#9 11.90 Downloading markupsafe-3.0.3-cp311-cp311-manylinux2014_x86_64.manylinux_2_17_x86_64.manylinux_2_28_x86_64.whl (22 kB)
#9 11.92 Downloading shellingham-1.5.4-py2.py3-none-any.whl (9.8 kB)
#9 11.93 Downloading smart_open-7.4.1-py3-none-any.whl (63 kB)
#9 11.95    ━━━━━━━━━━━━━━━━━━━━━━━━━━━━━━━━━━━━━━━━ 63.2/63.2 kB 5.6 MB/s eta 0:00:00
#9 11.96 Downloading typing_inspection-0.4.2-py3-none-any.whl (14 kB)
#9 11.97 Downloading urllib3-2.5.0-py3-none-any.whl (129 kB)
#9 11.99    ━━━━━━━━━━━━━━━━━━━━━━━━━━━━━━━━━━━━━━━━ 129.8/129.8 kB 7.5 MB/s eta 0:00:00
#9 12.00 Downloading marisa_trie-1.3.1-cp311-cp311-manylinux_2_24_x86_64.manylinux_2_28_x86_64.whl (1.3 MB)
#9 12.05    ━━━━━━━━━━━━━━━━━━━━━━━━━━━━━━━━━━━━━━━━ 1.3/1.3 MB 25.3 MB/s eta 0:00:00
#9 12.06 Downloading wrapt-2.0.0-cp311-cp311-manylinux1_x86_64.manylinux_2_28_x86_64.manylinux_2_5_x86_64.whl (114 kB)
#9 12.08    ━━━━━━━━━━━━━━━━━━━━━━━━━━━━━━━━━━━━━━━━ 114.1/114.1 kB 7.6 MB/s eta 0:00:00
#9 12.78 Installing collected packages: pathlib, cymem, wrapt, wasabi, urllib3, typing-inspection, tqdm, spacy-loggers, spacy-legacy, shellingham, pydantic-core, Pillow, numpy, murmurhash, MarkupSafe, marisa-trie, idna, cloudpathlib, click, charset_normalizer, certifi, catalogue, annotated-types, srsly, smart-open, requests, pydantic, preshed, opencv-python, language-data, jinja2, blis, typer, langcodes, confection, weasel, thinc, spacy, keras-models
#9 13.41   Attempting uninstall: numpy
#9 13.43     Found existing installation: numpy 2.3.4
#9 13.48     Uninstalling numpy-2.3.4:
#9 14.34       Successfully uninstalled numpy-2.3.4
#9 21.72 Successfully installed MarkupSafe-3.0.3 Pillow-12.0.0 annotated-types-0.7.0 blis-1.3.0 catalogue-2.0.10 certifi-2025.10.5 charset_normalizer-3.4.4 click-8.3.0 cloudpathlib-0.23.0 confection-0.1.5 cymem-2.0.11 idna-3.11 jinja2-3.1.6 keras-models-0.0.7 langcodes-3.5.0 language-data-1.3.0 marisa-trie-1.3.1 murmurhash-1.0.13 numpy-2.2.6 opencv-python-4.12.0.88 pathlib-1.0.1 preshed-3.0.10 pydantic-2.12.3 pydantic-core-2.41.4 requests-2.32.5 shellingham-1.5.4 smart-open-7.4.1 spacy-3.8.7 spacy-legacy-3.0.12 spacy-loggers-1.0.5 srsly-2.5.1 thinc-8.3.6 tqdm-4.67.1 typer-0.20.0 typing-inspection-0.4.2 urllib3-2.5.0 wasabi-1.1.3 weasel-0.4.1 wrapt-2.0.0
#9 21.72 WARNING: Running pip as the 'root' user can result in broken permissions and conflicting behaviour with the system package manager. It is recommended to use a virtual environment instead: https://pip.pypa.io/warnings/venv
#9 21.73 
#9 21.73 [notice] A new release of pip is available: 24.0 -> 25.3
#9 21.73 [notice] To update, run: pip install --upgrade pip
#9 DONE 24.1s

#10 exporting to image
#10 exporting layers
#10 exporting layers 3.6s done
#10 writing image sha256:d5d0c7813b18bc8e53a3d26b4c2928db5985f8302028f8ac67b25197c36a8064 done
#10 naming to docker.io/library/test-image-1d878d0401b28b281eb75016ed29f2ee done
#10 DONE 3.6s

View build details: docker-desktop://dashboard/build/default/default/zi845vtmjznh2amjyzz61afz5
[2025-10-29 12:47:07] SUCCESS: Build completed for 1d878d0401b28b281eb75016ed29f2ee
