=== Docker Build Log for 5c973ec1b5ab2e387646 ===
Started at: Mi 29. Okt 16:14:29 CET 2025

[2025-10-29 16:14:29] START: Building image for 5c973ec1b5ab2e387646
#0 building with "default" instance using docker driver

#1 [internal] load build definition from Dockerfile
#1 transferring dockerfile: 175B done
#1 DONE 0.0s

#2 [internal] load metadata for docker.io/library/python:3.11
#2 DONE 0.0s

#3 [internal] load .dockerignore
#3 transferring context: 2B done
#3 DONE 0.0s

#4 [internal] load build context
#4 transferring context: 821B 0.0s done
#4 DONE 0.0s

#5 [1/3] FROM docker.io/library/python:3.11
#5 CACHED

#6 [2/3] COPY hard-gists/5c973ec1b5ab2e387646/snippet.py /snippet.py
#6 DONE 0.1s

#7 [3/3] RUN ["pip","install","bpy"]
#7 2.126 Collecting bpy
#7 2.166   Downloading bpy-4.5.4-cp311-cp311-manylinux_2_28_x86_64.whl.metadata (2.0 kB)
#7 2.425 Collecting cython (from bpy)
#7 2.437   Downloading cython-3.1.6-cp311-cp311-manylinux2014_x86_64.manylinux_2_17_x86_64.manylinux_2_28_x86_64.whl.metadata (4.0 kB)
#7 2.668 Collecting numpy<2.0,>=1.26 (from bpy)
#7 2.680   Downloading numpy-1.26.4-cp311-cp311-manylinux_2_17_x86_64.manylinux2014_x86_64.whl.metadata (61 kB)
#7 2.712      ━━━━━━━━━━━━━━━━━━━━━━━━━━━━━━━━━━━━━━━━ 61.0/61.0 kB 1.7 MB/s eta 0:00:00
#7 2.761 Collecting requests (from bpy)
#7 2.770   Downloading requests-2.32.5-py3-none-any.whl.metadata (4.9 kB)
#7 2.863 Collecting zstandard (from bpy)
#7 2.871   Downloading zstandard-0.25.0-cp311-cp311-manylinux2014_x86_64.manylinux_2_17_x86_64.whl.metadata (3.3 kB)
#7 2.993 Collecting charset_normalizer<4,>=2 (from requests->bpy)
#7 3.001   Downloading charset_normalizer-3.4.4-cp311-cp311-manylinux2014_x86_64.manylinux_2_17_x86_64.manylinux_2_28_x86_64.whl.metadata (37 kB)
#7 3.043 Collecting idna<4,>=2.5 (from requests->bpy)
#7 3.052   Downloading idna-3.11-py3-none-any.whl.metadata (8.4 kB)
#7 3.114 Collecting urllib3<3,>=1.21.1 (from requests->bpy)
#7 3.122   Downloading urllib3-2.5.0-py3-none-any.whl.metadata (6.5 kB)
#7 3.168 Collecting certifi>=2017.4.17 (from requests->bpy)
#7 3.177   Downloading certifi-2025.10.5-py3-none-any.whl.metadata (2.5 kB)
#7 3.211 Downloading bpy-4.5.4-cp311-cp311-manylinux_2_28_x86_64.whl (373.0 MB)
#7 22.30    ━━━━━━━━━━━━━━━━━━━━━━━━━━━━━━━━━━━━━━━━ 373.0/373.0 MB 1.4 MB/s eta 0:00:00
#7 22.31 Downloading numpy-1.26.4-cp311-cp311-manylinux_2_17_x86_64.manylinux2014_x86_64.whl (18.3 MB)
#7 24.14    ━━━━━━━━━━━━━━━━━━━━━━━━━━━━━━━━━━━━━━━━ 18.3/18.3 MB 6.5 MB/s eta 0:00:00
#7 24.15 Downloading cython-3.1.6-cp311-cp311-manylinux2014_x86_64.manylinux_2_17_x86_64.manylinux_2_28_x86_64.whl (3.3 MB)
#7 24.29    ━━━━━━━━━━━━━━━━━━━━━━━━━━━━━━━━━━━━━━━━ 3.3/3.3 MB 23.0 MB/s eta 0:00:00
#7 24.30 Downloading requests-2.32.5-py3-none-any.whl (64 kB)
#7 24.31    ━━━━━━━━━━━━━━━━━━━━━━━━━━━━━━━━━━━━━━━━ 64.7/64.7 kB 4.9 MB/s eta 0:00:00
#7 24.33 Downloading zstandard-0.25.0-cp311-cp311-manylinux2014_x86_64.manylinux_2_17_x86_64.whl (5.6 MB)
#7 24.54    ━━━━━━━━━━━━━━━━━━━━━━━━━━━━━━━━━━━━━━━━ 5.6/5.6 MB 25.8 MB/s eta 0:00:00
#7 24.55 Downloading certifi-2025.10.5-py3-none-any.whl (163 kB)
#7 24.57    ━━━━━━━━━━━━━━━━━━━━━━━━━━━━━━━━━━━━━━━━ 163.3/163.3 kB 12.3 MB/s eta 0:00:00
#7 24.58 Downloading charset_normalizer-3.4.4-cp311-cp311-manylinux2014_x86_64.manylinux_2_17_x86_64.manylinux_2_28_x86_64.whl (151 kB)
#7 24.59    ━━━━━━━━━━━━━━━━━━━━━━━━━━━━━━━━━━━━━━━━ 151.6/151.6 kB 8.7 MB/s eta 0:00:00
#7 24.60 Downloading idna-3.11-py3-none-any.whl (71 kB)
#7 24.62    ━━━━━━━━━━━━━━━━━━━━━━━━━━━━━━━━━━━━━━━━ 71.0/71.0 kB 4.9 MB/s eta 0:00:00
#7 24.62 Downloading urllib3-2.5.0-py3-none-any.whl (129 kB)
#7 24.64    ━━━━━━━━━━━━━━━━━━━━━━━━━━━━━━━━━━━━━━━━ 129.8/129.8 kB 10.1 MB/s eta 0:00:00
#7 25.63 Installing collected packages: zstandard, urllib3, numpy, idna, cython, charset_normalizer, certifi, requests, bpy
#7 33.52 Successfully installed bpy-4.5.4 certifi-2025.10.5 charset_normalizer-3.4.4 cython-3.1.6 idna-3.11 numpy-1.26.4 requests-2.32.5 urllib3-2.5.0 zstandard-0.25.0
#7 33.52 WARNING: Running pip as the 'root' user can result in broken permissions and conflicting behaviour with the system package manager. It is recommended to use a virtual environment instead: https://pip.pypa.io/warnings/venv
#7 33.63 
#7 33.63 [notice] A new release of pip is available: 24.0 -> 25.3
#7 33.63 [notice] To update, run: pip install --upgrade pip
#7 DONE 41.1s

#8 exporting to image
#8 exporting layers
#8 exporting layers 6.4s done
#8 writing image sha256:2364a5b52320e5c868c7822194a0d316cfc32c5190c2b5f585d0421280fc8e5f done
#8 naming to docker.io/library/test-image-5c973ec1b5ab2e387646 done
#8 DONE 6.4s

View build details: docker-desktop://dashboard/build/default/default/914kwn65uhxofdq6n8rxy1py7
[2025-10-29 16:15:17] SUCCESS: Build completed for 5c973ec1b5ab2e387646
