=== Docker Build Log for 4423605 ===
Started at: Mi 29. Okt 14:38:56 CET 2025

[2025-10-29 14:38:56] START: Building image for 4423605
#0 building with "default" instance using docker driver

#1 [internal] load build definition from Dockerfile
#1 transferring dockerfile: 132B done
#1 DONE 0.0s

#2 [internal] load metadata for docker.io/library/python:3.11
#2 DONE 0.0s

#3 [internal] load .dockerignore
#3 transferring context: 2B done
#3 DONE 0.0s

#4 [1/2] FROM docker.io/library/python:3.11
#4 DONE 0.0s

#5 [internal] load build context
#5 transferring context: 27.43kB 0.0s done
#5 DONE 0.0s

#4 [1/2] FROM docker.io/library/python:3.11
#4 CACHED

#6 [2/2] COPY hard-gists/4423605/snippet.py /snippet.py
#6 DONE 0.1s

#7 exporting to image
#7 exporting layers 0.0s done
#7 writing image sha256:f5959755a5561b8e88dae0926e4fc90f04e06c4cae949e52316f90a910009597 done
#7 naming to docker.io/library/test-image-4423605 done
#7 DONE 0.1s

View build details: docker-desktop://dashboard/build/default/default/t63h7esqol5ftp9ti3cd55na3
[2025-10-29 14:38:57] SUCCESS: Build completed for 4423605
