=== Docker Build Log for 4034427 ===
Started at: Mi 29. Okt 14:18:00 CET 2025

[2025-10-29 14:18:00] START: Building image for 4034427
#0 building with "default" instance using docker driver

#1 [internal] load build definition from Dockerfile
#1 transferring dockerfile: 132B done
#1 DONE 0.0s

#2 [internal] load metadata for docker.io/library/python:3.11
#2 DONE 0.0s

#3 [internal] load .dockerignore
#3 transferring context: 2B done
#3 DONE 0.0s

#4 [internal] load build context
#4 transferring context: 2.17kB 0.0s done
#4 DONE 0.0s

#5 [1/2] FROM docker.io/library/python:3.11
#5 CACHED

#6 [2/2] COPY hard-gists/4034427/snippet.py /snippet.py
#6 DONE 0.1s

#7 exporting to image
#7 exporting layers 0.0s done
#7 writing image sha256:61ff56acfe58e0b20ab79a71f982d059cd65895aa4189e59e35dc59aa4f138f7 done
#7 naming to docker.io/library/test-image-4034427 done
#7 DONE 0.1s

View build details: docker-desktop://dashboard/build/default/default/ozkmy5x1gev57k39yx8iq3mg9
[2025-10-29 14:18:00] SUCCESS: Build completed for 4034427
