=== Docker Build Log for 0c7ccae5d764ff61788fc626096e5688 ===
Started at: Mi 29. Okt 11:36:35 CET 2025

[2025-10-29 11:36:35] START: Building image for 0c7ccae5d764ff61788fc626096e5688
#0 building with "default" instance using docker driver

#1 [internal] load build definition from Dockerfile
#1 transferring dockerfile: 193B done
#1 DONE 0.0s

#2 [internal] load metadata for docker.io/library/python:3.11
#2 DONE 0.0s

#3 [internal] load .dockerignore
#3 transferring context: 2B done
#3 DONE 0.0s

#4 [internal] load build context
#4 transferring context: 1.69kB 0.0s done
#4 DONE 0.0s

#5 [1/3] FROM docker.io/library/python:3.11
#5 CACHED

#6 [2/3] COPY hard-gists/0c7ccae5d764ff61788fc626096e5688/snippet.py /snippet.py
#6 DONE 0.1s

#7 [3/3] RUN ["pip","install","GitPython"]
#7 1.925 Collecting GitPython
#7 1.958   Downloading gitpython-3.1.45-py3-none-any.whl.metadata (13 kB)
#7 2.002 Collecting gitdb<5,>=4.0.1 (from GitPython)
#7 2.009   Downloading gitdb-4.0.12-py3-none-any.whl.metadata (1.2 kB)
#7 2.050 Collecting smmap<6,>=3.0.1 (from gitdb<5,>=4.0.1->GitPython)
#7 2.058   Downloading smmap-5.0.2-py3-none-any.whl.metadata (4.3 kB)
#7 2.080 Downloading gitpython-3.1.45-py3-none-any.whl (208 kB)
#7 2.113    ━━━━━━━━━━━━━━━━━━━━━━━━━━━━━━━━━━━━━━━━ 208.2/208.2 kB 6.6 MB/s eta 0:00:00
#7 2.121 Downloading gitdb-4.0.12-py3-none-any.whl (62 kB)
#7 2.133    ━━━━━━━━━━━━━━━━━━━━━━━━━━━━━━━━━━━━━━━━ 62.8/62.8 kB 5.2 MB/s eta 0:00:00
#7 2.142 Downloading smmap-5.0.2-py3-none-any.whl (24 kB)
#7 2.196 Installing collected packages: smmap, gitdb, GitPython
#7 2.323 Successfully installed GitPython-3.1.45 gitdb-4.0.12 smmap-5.0.2
#7 2.323 WARNING: Running pip as the 'root' user can result in broken permissions and conflicting behaviour with the system package manager. It is recommended to use a virtual environment instead: https://pip.pypa.io/warnings/venv
#7 2.415 
#7 2.415 [notice] A new release of pip is available: 24.0 -> 25.3
#7 2.415 [notice] To update, run: pip install --upgrade pip
#7 DONE 2.6s

#8 exporting to image
#8 exporting layers 0.1s done
#8 writing image sha256:dc1f932ef7a1123c8e4d452586a376062db69c4f6c0546cf43a9b00f213b5048 done
#8 naming to docker.io/library/test-image-0c7ccae5d764ff61788fc626096e5688 0.0s done
#8 DONE 0.2s

View build details: docker-desktop://dashboard/build/default/default/d52lmwfp5lw9uaww0hvb7bo9j
[2025-10-29 11:36:39] SUCCESS: Build completed for 0c7ccae5d764ff61788fc626096e5688
