=== Docker Build Log for 1f8dfb1b5c82627ae3efcfbbadb9f514 ===
Started at: Mi 29. Okt 12:54:48 CET 2025

[2025-10-29 12:54:48] START: Building image for 1f8dfb1b5c82627ae3efcfbbadb9f514
#0 building with "default" instance using docker driver

#1 [internal] load build definition from Dockerfile
#1 transferring dockerfile: 259B done
#1 DONE 0.0s

#2 [internal] load metadata for docker.io/library/python:3.11
#2 DONE 0.0s

#3 [internal] load .dockerignore
#3 transferring context: 2B done
#3 DONE 0.0s

#4 [internal] load build context
#4 transferring context: 3.15kB 0.0s done
#4 DONE 0.0s

#5 [1/5] FROM docker.io/library/python:3.11
#5 CACHED

#6 [2/5] COPY hard-gists/1f8dfb1b5c82627ae3efcfbbadb9f514/snippet.py /snippet.py
#6 DONE 0.1s

#7 [3/5] RUN ["pip","install","tensorflow"]
#7 1.983 Collecting tensorflow
#7 2.022   Downloading tensorflow-2.20.0-cp311-cp311-manylinux_2_17_x86_64.manylinux2014_x86_64.whl.metadata (4.5 kB)
#7 2.086 Collecting absl-py>=1.0.0 (from tensorflow)
#7 2.096   Downloading absl_py-2.3.1-py3-none-any.whl.metadata (3.3 kB)
#7 2.131 Collecting astunparse>=1.6.0 (from tensorflow)
#7 2.140   Downloading astunparse-1.6.3-py2.py3-none-any.whl.metadata (4.4 kB)
#7 2.176 Collecting flatbuffers>=24.3.25 (from tensorflow)
#7 2.185   Downloading flatbuffers-25.9.23-py2.py3-none-any.whl.metadata (875 bytes)
#7 2.226 Collecting gast!=0.5.0,!=0.5.1,!=0.5.2,>=0.2.1 (from tensorflow)
#7 2.236   Downloading gast-0.6.0-py3-none-any.whl.metadata (1.3 kB)
#7 2.271 Collecting google_pasta>=0.1.1 (from tensorflow)
#7 2.281   Downloading google_pasta-0.2.0-py3-none-any.whl.metadata (814 bytes)
#7 2.320 Collecting libclang>=13.0.0 (from tensorflow)
#7 2.328   Downloading libclang-18.1.1-py2.py3-none-manylinux2010_x86_64.whl.metadata (5.2 kB)
#7 2.364 Collecting opt_einsum>=2.3.2 (from tensorflow)
#7 2.373   Downloading opt_einsum-3.4.0-py3-none-any.whl.metadata (6.3 kB)
#7 2.418 Collecting packaging (from tensorflow)
#7 2.427   Downloading packaging-25.0-py3-none-any.whl.metadata (3.3 kB)
#7 2.622 Collecting protobuf>=5.28.0 (from tensorflow)
#7 2.631   Downloading protobuf-6.33.0-cp39-abi3-manylinux2014_x86_64.whl.metadata (593 bytes)
#7 2.689 Collecting requests<3,>=2.21.0 (from tensorflow)
#7 2.698   Downloading requests-2.32.5-py3-none-any.whl.metadata (4.9 kB)
#7 2.710 Requirement already satisfied: setuptools in /usr/local/lib/python3.11/site-packages (from tensorflow) (79.0.1)
#7 2.737 Collecting six>=1.12.0 (from tensorflow)
#7 2.745   Downloading six-1.17.0-py2.py3-none-any.whl.metadata (1.7 kB)
#7 2.781 Collecting termcolor>=1.1.0 (from tensorflow)
#7 2.789   Downloading termcolor-3.2.0-py3-none-any.whl.metadata (6.4 kB)
#7 2.833 Collecting typing_extensions>=3.6.6 (from tensorflow)
#7 2.840   Downloading typing_extensions-4.15.0-py3-none-any.whl.metadata (3.3 kB)
#7 2.977 Collecting wrapt>=1.11.0 (from tensorflow)
#7 2.986   Downloading wrapt-2.0.0-cp311-cp311-manylinux1_x86_64.manylinux_2_28_x86_64.manylinux_2_5_x86_64.whl.metadata (8.8 kB)
#7 3.496 Collecting grpcio<2.0,>=1.24.3 (from tensorflow)
#7 3.507   Downloading grpcio-1.76.0-cp311-cp311-manylinux2014_x86_64.manylinux_2_17_x86_64.whl.metadata (3.7 kB)
#7 3.565 Collecting tensorboard~=2.20.0 (from tensorflow)
#7 3.574   Downloading tensorboard-2.20.0-py3-none-any.whl.metadata (1.8 kB)
#7 3.624 Collecting keras>=3.10.0 (from tensorflow)
#7 3.634   Downloading keras-3.12.0-py3-none-any.whl.metadata (5.9 kB)
#7 3.872 Collecting numpy>=1.26.0 (from tensorflow)
#7 3.881   Downloading numpy-2.3.4-cp311-cp311-manylinux_2_27_x86_64.manylinux_2_28_x86_64.whl.metadata (62 kB)
#7 3.906      ━━━━━━━━━━━━━━━━━━━━━━━━━━━━━━━━━━━━━━━━ 62.1/62.1 kB 2.4 MB/s eta 0:00:00
#7 3.970 Collecting h5py>=3.11.0 (from tensorflow)
#7 3.979   Downloading h5py-3.15.1-cp311-cp311-manylinux_2_27_x86_64.manylinux_2_28_x86_64.whl.metadata (3.0 kB)
#7 4.029 Collecting ml_dtypes<1.0.0,>=0.5.1 (from tensorflow)
#7 4.039   Downloading ml_dtypes-0.5.3-cp311-cp311-manylinux_2_27_x86_64.manylinux_2_28_x86_64.whl.metadata (8.9 kB)
#7 4.053 Requirement already satisfied: wheel<1.0,>=0.23.0 in /usr/local/lib/python3.11/site-packages (from astunparse>=1.6.0->tensorflow) (0.45.1)
#7 4.147 Collecting rich (from keras>=3.10.0->tensorflow)
#7 4.155   Downloading rich-14.2.0-py3-none-any.whl.metadata (18 kB)
#7 4.190 Collecting namex (from keras>=3.10.0->tensorflow)
#7 4.198   Downloading namex-0.1.0-py3-none-any.whl.metadata (322 bytes)
#7 4.297 Collecting optree (from keras>=3.10.0->tensorflow)
#7 4.306   Downloading optree-0.17.0-cp311-cp311-manylinux_2_27_x86_64.manylinux_2_28_x86_64.whl.metadata (33 kB)
#7 4.458 Collecting charset_normalizer<4,>=2 (from requests<3,>=2.21.0->tensorflow)
#7 4.467   Downloading charset_normalizer-3.4.4-cp311-cp311-manylinux2014_x86_64.manylinux_2_17_x86_64.manylinux_2_28_x86_64.whl.metadata (37 kB)
#7 4.519 Collecting idna<4,>=2.5 (from requests<3,>=2.21.0->tensorflow)
#7 4.528   Downloading idna-3.11-py3-none-any.whl.metadata (8.4 kB)
#7 4.589 Collecting urllib3<3,>=1.21.1 (from requests<3,>=2.21.0->tensorflow)
#7 4.597   Downloading urllib3-2.5.0-py3-none-any.whl.metadata (6.5 kB)
#7 4.642 Collecting certifi>=2017.4.17 (from requests<3,>=2.21.0->tensorflow)
#7 4.650   Downloading certifi-2025.10.5-py3-none-any.whl.metadata (2.5 kB)
#7 4.719 Collecting markdown>=2.6.8 (from tensorboard~=2.20.0->tensorflow)
#7 4.727   Downloading markdown-3.9-py3-none-any.whl.metadata (5.1 kB)
#7 4.978 Collecting pillow (from tensorboard~=2.20.0->tensorflow)
#7 4.991   Downloading pillow-12.0.0-cp311-cp311-manylinux_2_27_x86_64.manylinux_2_28_x86_64.whl.metadata (8.8 kB)
#7 5.050 Collecting tensorboard-data-server<0.8.0,>=0.7.0 (from tensorboard~=2.20.0->tensorflow)
#7 5.060   Downloading tensorboard_data_server-0.7.2-py3-none-manylinux_2_31_x86_64.whl.metadata (1.1 kB)
#7 5.113 Collecting werkzeug>=1.0.1 (from tensorboard~=2.20.0->tensorflow)
#7 5.122   Downloading werkzeug-3.1.3-py3-none-any.whl.metadata (3.7 kB)
#7 5.268 Collecting MarkupSafe>=2.1.1 (from werkzeug>=1.0.1->tensorboard~=2.20.0->tensorflow)
#7 5.278   Downloading markupsafe-3.0.3-cp311-cp311-manylinux2014_x86_64.manylinux_2_17_x86_64.manylinux_2_28_x86_64.whl.metadata (2.7 kB)
#7 5.364 Collecting markdown-it-py>=2.2.0 (from rich->keras>=3.10.0->tensorflow)
#7 5.374   Downloading markdown_it_py-4.0.0-py3-none-any.whl.metadata (7.3 kB)
#7 5.421 Collecting pygments<3.0.0,>=2.13.0 (from rich->keras>=3.10.0->tensorflow)
#7 5.431   Downloading pygments-2.19.2-py3-none-any.whl.metadata (2.5 kB)
#7 5.479 Collecting mdurl~=0.1 (from markdown-it-py>=2.2.0->rich->keras>=3.10.0->tensorflow)
#7 5.489   Downloading mdurl-0.1.2-py3-none-any.whl.metadata (1.6 kB)
#7 5.526 Downloading tensorflow-2.20.0-cp311-cp311-manylinux_2_17_x86_64.manylinux2014_x86_64.whl (620.6 MB)
#7 33.30    ━━━━━━━━━━━━━━━━━━━━━━━━━━━━━━━━━━━━━━━━ 620.6/620.6 MB 1.2 MB/s eta 0:00:00
#7 33.31 Downloading absl_py-2.3.1-py3-none-any.whl (135 kB)
#7 33.33    ━━━━━━━━━━━━━━━━━━━━━━━━━━━━━━━━━━━━━━━━ 135.8/135.8 kB 6.3 MB/s eta 0:00:00
#7 33.34 Downloading astunparse-1.6.3-py2.py3-none-any.whl (12 kB)
#7 33.36 Downloading flatbuffers-25.9.23-py2.py3-none-any.whl (30 kB)
#7 33.38 Downloading gast-0.6.0-py3-none-any.whl (21 kB)
#7 33.39 Downloading google_pasta-0.2.0-py3-none-any.whl (57 kB)
#7 33.41    ━━━━━━━━━━━━━━━━━━━━━━━━━━━━━━━━━━━━━━━━ 57.5/57.5 kB 4.0 MB/s eta 0:00:00
#7 33.42 Downloading grpcio-1.76.0-cp311-cp311-manylinux2014_x86_64.manylinux_2_17_x86_64.whl (6.6 MB)
#7 33.67    ━━━━━━━━━━━━━━━━━━━━━━━━━━━━━━━━━━━━━━━━ 6.6/6.6 MB 26.2 MB/s eta 0:00:00
#7 33.68 Downloading h5py-3.15.1-cp311-cp311-manylinux_2_27_x86_64.manylinux_2_28_x86_64.whl (4.7 MB)
#7 33.86    ━━━━━━━━━━━━━━━━━━━━━━━━━━━━━━━━━━━━━━━━ 4.7/4.7 MB 26.1 MB/s eta 0:00:00
#7 33.87 Downloading keras-3.12.0-py3-none-any.whl (1.5 MB)
#7 33.93    ━━━━━━━━━━━━━━━━━━━━━━━━━━━━━━━━━━━━━━━━ 1.5/1.5 MB 26.8 MB/s eta 0:00:00
#7 33.94 Downloading libclang-18.1.1-py2.py3-none-manylinux2010_x86_64.whl (24.5 MB)
#7 34.87    ━━━━━━━━━━━━━━━━━━━━━━━━━━━━━━━━━━━━━━━━ 24.5/24.5 MB 21.1 MB/s eta 0:00:00
#7 34.88 Downloading ml_dtypes-0.5.3-cp311-cp311-manylinux_2_27_x86_64.manylinux_2_28_x86_64.whl (4.9 MB)
#7 35.07    ━━━━━━━━━━━━━━━━━━━━━━━━━━━━━━━━━━━━━━━━ 4.9/4.9 MB 26.7 MB/s eta 0:00:00
#7 35.08 Downloading numpy-2.3.4-cp311-cp311-manylinux_2_27_x86_64.manylinux_2_28_x86_64.whl (16.9 MB)
#7 35.71    ━━━━━━━━━━━━━━━━━━━━━━━━━━━━━━━━━━━━━━━━ 16.9/16.9 MB 24.3 MB/s eta 0:00:00
#7 35.72 Downloading opt_einsum-3.4.0-py3-none-any.whl (71 kB)
#7 35.73    ━━━━━━━━━━━━━━━━━━━━━━━━━━━━━━━━━━━━━━━━ 71.9/71.9 kB 5.5 MB/s eta 0:00:00
#7 35.79 Downloading protobuf-6.33.0-cp39-abi3-manylinux2014_x86_64.whl (323 kB)
#7 35.81    ━━━━━━━━━━━━━━━━━━━━━━━━━━━━━━━━━━━━━━━━ 323.2/323.2 kB 15.6 MB/s eta 0:00:00
#7 35.82 Downloading requests-2.32.5-py3-none-any.whl (64 kB)
#7 35.83    ━━━━━━━━━━━━━━━━━━━━━━━━━━━━━━━━━━━━━━━━ 64.7/64.7 kB 5.6 MB/s eta 0:00:00
#7 35.84 Downloading six-1.17.0-py2.py3-none-any.whl (11 kB)
#7 35.86 Downloading tensorboard-2.20.0-py3-none-any.whl (5.5 MB)
#7 36.07    ━━━━━━━━━━━━━━━━━━━━━━━━━━━━━━━━━━━━━━━━ 5.5/5.5 MB 26.9 MB/s eta 0:00:00
#7 36.07 Downloading termcolor-3.2.0-py3-none-any.whl (7.7 kB)
#7 36.09 Downloading typing_extensions-4.15.0-py3-none-any.whl (44 kB)
#7 36.10    ━━━━━━━━━━━━━━━━━━━━━━━━━━━━━━━━━━━━━━━━ 44.6/44.6 kB 3.4 MB/s eta 0:00:00
#7 36.11 Downloading wrapt-2.0.0-cp311-cp311-manylinux1_x86_64.manylinux_2_28_x86_64.manylinux_2_5_x86_64.whl (114 kB)
#7 36.13    ━━━━━━━━━━━━━━━━━━━━━━━━━━━━━━━━━━━━━━━━ 114.1/114.1 kB 8.6 MB/s eta 0:00:00
#7 36.14 Downloading packaging-25.0-py3-none-any.whl (66 kB)
#7 36.15    ━━━━━━━━━━━━━━━━━━━━━━━━━━━━━━━━━━━━━━━━ 66.5/66.5 kB 5.4 MB/s eta 0:00:00
#7 36.16 Downloading certifi-2025.10.5-py3-none-any.whl (163 kB)
#7 36.17    ━━━━━━━━━━━━━━━━━━━━━━━━━━━━━━━━━━━━━━━━ 163.3/163.3 kB 10.4 MB/s eta 0:00:00
#7 36.18 Downloading charset_normalizer-3.4.4-cp311-cp311-manylinux2014_x86_64.manylinux_2_17_x86_64.manylinux_2_28_x86_64.whl (151 kB)
#7 36.20    ━━━━━━━━━━━━━━━━━━━━━━━━━━━━━━━━━━━━━━━━ 151.6/151.6 kB 10.4 MB/s eta 0:00:00
#7 36.21 Downloading idna-3.11-py3-none-any.whl (71 kB)
#7 36.22    ━━━━━━━━━━━━━━━━━━━━━━━━━━━━━━━━━━━━━━━━ 71.0/71.0 kB 5.7 MB/s eta 0:00:00
#7 36.23 Downloading markdown-3.9-py3-none-any.whl (107 kB)
#7 36.24    ━━━━━━━━━━━━━━━━━━━━━━━━━━━━━━━━━━━━━━━━ 107.4/107.4 kB 8.2 MB/s eta 0:00:00
#7 36.25 Downloading tensorboard_data_server-0.7.2-py3-none-manylinux_2_31_x86_64.whl (6.6 MB)
#7 36.51    ━━━━━━━━━━━━━━━━━━━━━━━━━━━━━━━━━━━━━━━━ 6.6/6.6 MB 26.0 MB/s eta 0:00:00
#7 36.51 Downloading urllib3-2.5.0-py3-none-any.whl (129 kB)
#7 36.53    ━━━━━━━━━━━━━━━━━━━━━━━━━━━━━━━━━━━━━━━━ 129.8/129.8 kB 8.0 MB/s eta 0:00:00
#7 36.54 Downloading werkzeug-3.1.3-py3-none-any.whl (224 kB)
#7 36.56    ━━━━━━━━━━━━━━━━━━━━━━━━━━━━━━━━━━━━━━━━ 224.5/224.5 kB 13.3 MB/s eta 0:00:00
#7 36.57 Downloading namex-0.1.0-py3-none-any.whl (5.9 kB)
#7 36.59 Downloading optree-0.17.0-cp311-cp311-manylinux_2_27_x86_64.manylinux_2_28_x86_64.whl (402 kB)
#7 36.61    ━━━━━━━━━━━━━━━━━━━━━━━━━━━━━━━━━━━━━━━━ 402.0/402.0 kB 17.3 MB/s eta 0:00:00
#7 36.62 Downloading pillow-12.0.0-cp311-cp311-manylinux_2_27_x86_64.manylinux_2_28_x86_64.whl (7.0 MB)
#7 37.06    ━━━━━━━━━━━━━━━━━━━━━━━━━━━━━━━━━━━━━━━━ 7.0/7.0 MB 16.1 MB/s eta 0:00:00
#7 37.07 Downloading rich-14.2.0-py3-none-any.whl (243 kB)
#7 37.09    ━━━━━━━━━━━━━━━━━━━━━━━━━━━━━━━━━━━━━━━━ 243.4/243.4 kB 14.2 MB/s eta 0:00:00
#7 37.09 Downloading markdown_it_py-4.0.0-py3-none-any.whl (87 kB)
#7 37.11    ━━━━━━━━━━━━━━━━━━━━━━━━━━━━━━━━━━━━━━━━ 87.3/87.3 kB 7.4 MB/s eta 0:00:00
#7 37.11 Downloading markupsafe-3.0.3-cp311-cp311-manylinux2014_x86_64.manylinux_2_17_x86_64.manylinux_2_28_x86_64.whl (22 kB)
#7 37.13 Downloading pygments-2.19.2-py3-none-any.whl (1.2 MB)
#7 37.18    ━━━━━━━━━━━━━━━━━━━━━━━━━━━━━━━━━━━━━━━━ 1.2/1.2 MB 26.1 MB/s eta 0:00:00
#7 37.19 Downloading mdurl-0.1.2-py3-none-any.whl (10.0 kB)
#7 39.04 Installing collected packages: namex, libclang, flatbuffers, wrapt, urllib3, typing_extensions, termcolor, tensorboard-data-server, six, pygments, protobuf, pillow, packaging, opt_einsum, numpy, mdurl, MarkupSafe, markdown, idna, gast, charset_normalizer, certifi, absl-py, werkzeug, requests, optree, ml_dtypes, markdown-it-py, h5py, grpcio, google_pasta, astunparse, tensorboard, rich, keras, tensorflow
#7 54.88 Successfully installed MarkupSafe-3.0.3 absl-py-2.3.1 astunparse-1.6.3 certifi-2025.10.5 charset_normalizer-3.4.4 flatbuffers-25.9.23 gast-0.6.0 google_pasta-0.2.0 grpcio-1.76.0 h5py-3.15.1 idna-3.11 keras-3.12.0 libclang-18.1.1 markdown-3.9 markdown-it-py-4.0.0 mdurl-0.1.2 ml_dtypes-0.5.3 namex-0.1.0 numpy-2.3.4 opt_einsum-3.4.0 optree-0.17.0 packaging-25.0 pillow-12.0.0 protobuf-6.33.0 pygments-2.19.2 requests-2.32.5 rich-14.2.0 six-1.17.0 tensorboard-2.20.0 tensorboard-data-server-0.7.2 tensorflow-2.20.0 termcolor-3.2.0 typing_extensions-4.15.0 urllib3-2.5.0 werkzeug-3.1.3 wrapt-2.0.0
#7 54.88 WARNING: Running pip as the 'root' user can result in broken permissions and conflicting behaviour with the system package manager. It is recommended to use a virtual environment instead: https://pip.pypa.io/warnings/venv
#7 54.98 
#7 54.98 [notice] A new release of pip is available: 24.0 -> 25.3
#7 54.98 [notice] To update, run: pip install --upgrade pip
#7 DONE 69.7s

#8 [4/5] RUN ["pip","install","numpy"]
#8 0.477 Requirement already satisfied: numpy in /usr/local/lib/python3.11/site-packages (2.3.4)
#8 0.605 WARNING: Running pip as the 'root' user can result in broken permissions and conflicting behaviour with the system package manager. It is recommended to use a virtual environment instead: https://pip.pypa.io/warnings/venv
#8 0.610 
#8 0.610 [notice] A new release of pip is available: 24.0 -> 25.3
#8 0.610 [notice] To update, run: pip install --upgrade pip
#8 DONE 0.7s

#9 [5/5] RUN ["pip","install","matplotlib"]
#9 0.683 Collecting matplotlib
#9 0.724   Downloading matplotlib-3.10.7-cp311-cp311-manylinux2014_x86_64.manylinux_2_17_x86_64.whl.metadata (11 kB)
#9 0.826 Collecting contourpy>=1.0.1 (from matplotlib)
#9 0.834   Downloading contourpy-1.3.3-cp311-cp311-manylinux_2_27_x86_64.manylinux_2_28_x86_64.whl.metadata (5.5 kB)
#9 0.875 Collecting cycler>=0.10 (from matplotlib)
#9 0.884   Downloading cycler-0.12.1-py3-none-any.whl.metadata (3.8 kB)
#9 1.055 Collecting fonttools>=4.22.0 (from matplotlib)
#9 1.067   Downloading fonttools-4.60.1-cp311-cp311-manylinux2014_x86_64.manylinux_2_17_x86_64.whl.metadata (112 kB)
#9 1.107      ━━━━━━━━━━━━━━━━━━━━━━━━━━━━━━━━━━━━━━━ 112.3/112.3 kB 2.7 MB/s eta 0:00:00
#9 1.203 Collecting kiwisolver>=1.3.1 (from matplotlib)
#9 1.213   Downloading kiwisolver-1.4.9-cp311-cp311-manylinux2014_x86_64.manylinux_2_17_x86_64.whl.metadata (6.3 kB)
#9 1.234 Requirement already satisfied: numpy>=1.23 in /usr/local/lib/python3.11/site-packages (from matplotlib) (2.3.4)
#9 1.234 Requirement already satisfied: packaging>=20.0 in /usr/local/lib/python3.11/site-packages (from matplotlib) (25.0)
#9 1.235 Requirement already satisfied: pillow>=8 in /usr/local/lib/python3.11/site-packages (from matplotlib) (12.0.0)
#9 1.282 Collecting pyparsing>=3 (from matplotlib)
#9 1.290   Downloading pyparsing-3.2.5-py3-none-any.whl.metadata (5.0 kB)
#9 1.346 Collecting python-dateutil>=2.7 (from matplotlib)
#9 1.354   Downloading python_dateutil-2.9.0.post0-py2.py3-none-any.whl.metadata (8.4 kB)
#9 1.414 Requirement already satisfied: six>=1.5 in /usr/local/lib/python3.11/site-packages (from python-dateutil>=2.7->matplotlib) (1.17.0)
#9 1.425 Downloading matplotlib-3.10.7-cp311-cp311-manylinux2014_x86_64.manylinux_2_17_x86_64.whl (8.7 MB)
#9 1.770    ━━━━━━━━━━━━━━━━━━━━━━━━━━━━━━━━━━━━━━━━ 8.7/8.7 MB 25.3 MB/s eta 0:00:00
#9 1.779 Downloading contourpy-1.3.3-cp311-cp311-manylinux_2_27_x86_64.manylinux_2_28_x86_64.whl (355 kB)
#9 1.803    ━━━━━━━━━━━━━━━━━━━━━━━━━━━━━━━━━━━━━━━━ 355.2/355.2 kB 16.0 MB/s eta 0:00:00
#9 1.811 Downloading cycler-0.12.1-py3-none-any.whl (8.3 kB)
#9 1.836 Downloading fonttools-4.60.1-cp311-cp311-manylinux2014_x86_64.manylinux_2_17_x86_64.whl (5.0 MB)
#9 2.030    ━━━━━━━━━━━━━━━━━━━━━━━━━━━━━━━━━━━━━━━━ 5.0/5.0 MB 25.9 MB/s eta 0:00:00
#9 2.039 Downloading kiwisolver-1.4.9-cp311-cp311-manylinux2014_x86_64.manylinux_2_17_x86_64.whl (1.4 MB)
#9 2.100    ━━━━━━━━━━━━━━━━━━━━━━━━━━━━━━━━━━━━━━━━ 1.4/1.4 MB 24.4 MB/s eta 0:00:00
#9 2.108 Downloading pyparsing-3.2.5-py3-none-any.whl (113 kB)
#9 2.128    ━━━━━━━━━━━━━━━━━━━━━━━━━━━━━━━━━━━━━━━━ 113.9/113.9 kB 5.9 MB/s eta 0:00:00
#9 2.136 Downloading python_dateutil-2.9.0.post0-py2.py3-none-any.whl (229 kB)
#9 2.154    ━━━━━━━━━━━━━━━━━━━━━━━━━━━━━━━━━━━━━━━━ 229.9/229.9 kB 13.9 MB/s eta 0:00:00
#9 2.355 Installing collected packages: python-dateutil, pyparsing, kiwisolver, fonttools, cycler, contourpy, matplotlib
#9 4.258 Successfully installed contourpy-1.3.3 cycler-0.12.1 fonttools-4.60.1 kiwisolver-1.4.9 matplotlib-3.10.7 pyparsing-3.2.5 python-dateutil-2.9.0.post0
#9 4.258 WARNING: Running pip as the 'root' user can result in broken permissions and conflicting behaviour with the system package manager. It is recommended to use a virtual environment instead: https://pip.pypa.io/warnings/venv
#9 4.263 
#9 4.263 [notice] A new release of pip is available: 24.0 -> 25.3
#9 4.263 [notice] To update, run: pip install --upgrade pip
#9 DONE 5.0s

#10 exporting to image
#10 exporting layers
#10 exporting layers 9.1s done
#10 writing image sha256:57cc859f11873cd401ea684c91c687f3a5bd760b6c58c2fa0457997e3ed3343e done
#10 naming to docker.io/library/test-image-1f8dfb1b5c82627ae3efcfbbadb9f514 done
#10 DONE 9.1s

View build details: docker-desktop://dashboard/build/default/default/yfw0xkqcqwgk45tyxkm55ssya
[2025-10-29 12:56:12] SUCCESS: Build completed for 1f8dfb1b5c82627ae3efcfbbadb9f514
