=== Docker Build Log for fa5755c7f7fa49b47961 ===
Started at: Mi 29. Okt 21:39:15 CET 2025

[2025-10-29 21:39:15] START: Building image for fa5755c7f7fa49b47961
#0 building with "default" instance using docker driver

#1 [internal] load build definition from Dockerfile
#1 transferring dockerfile: 145B done
#1 DONE 0.0s

#2 [internal] load metadata for docker.io/library/python:3.11
#2 DONE 0.0s

#3 [internal] load .dockerignore
#3 transferring context: 2B done
#3 DONE 0.0s

#4 [internal] load build context
#4 transferring context: 3.08kB 0.0s done
#4 DONE 0.0s

#5 [1/2] FROM docker.io/library/python:3.11
#5 CACHED

#6 [2/2] COPY hard-gists/fa5755c7f7fa49b47961/snippet.py /snippet.py
#6 DONE 0.1s

#7 exporting to image
#7 exporting layers 0.0s done
#7 writing image sha256:6ac9ef68e3fce3660a20971d64efdeb48681527e54ae71791919b6a9613dc203 done
#7 naming to docker.io/library/test-image-fa5755c7f7fa49b47961 done
#7 DONE 0.1s

View build details: docker-desktop://dashboard/build/default/default/1jd5aootke5zi8ofmgl2t22ts
[2025-10-29 21:39:15] SUCCESS: Build completed for fa5755c7f7fa49b47961
