=== Docker Build Log for 4043086 ===
Started at: Mi 29. Okt 14:18:20 CET 2025

[2025-10-29 14:18:20] START: Building image for 4043086
#0 building with "default" instance using docker driver

#1 [internal] load build definition from Dockerfile
#1 transferring dockerfile: 285B done
#1 DONE 0.0s

#2 [internal] load metadata for docker.io/library/python:3.11
#2 DONE 0.0s

#3 [internal] load .dockerignore
#3 transferring context: 2B done
#3 DONE 0.0s

#4 [internal] load build context
#4 transferring context: 2.90kB 0.0s done
#4 DONE 0.0s

#5 [1/7] FROM docker.io/library/python:3.11
#5 CACHED

#6 [2/7] COPY hard-gists/4043086/snippet.py /snippet.py
#6 DONE 0.1s

#7 [3/7] RUN ["pip","install","six"]
#7 1.890 Collecting six
#7 1.922   Downloading six-1.17.0-py2.py3-none-any.whl.metadata (1.7 kB)
#7 1.942 Downloading six-1.17.0-py2.py3-none-any.whl (11 kB)
#7 1.987 Installing collected packages: six
#7 2.003 Successfully installed six-1.17.0
#7 2.004 WARNING: Running pip as the 'root' user can result in broken permissions and conflicting behaviour with the system package manager. It is recommended to use a virtual environment instead: https://pip.pypa.io/warnings/venv
#7 2.094 
#7 2.094 [notice] A new release of pip is available: 24.0 -> 25.3
#7 2.094 [notice] To update, run: pip install --upgrade pip
#7 DONE 2.3s

#8 [4/7] RUN ["pip","install","pytest"]
#8 0.565 Collecting pytest
#8 0.598   Downloading pytest-8.4.2-py3-none-any.whl.metadata (7.7 kB)
#8 0.639 Collecting iniconfig>=1 (from pytest)
#8 0.648   Downloading iniconfig-2.3.0-py3-none-any.whl.metadata (2.5 kB)
#8 0.695 Collecting packaging>=20 (from pytest)
#8 0.704   Downloading packaging-25.0-py3-none-any.whl.metadata (3.3 kB)
#8 0.743 Collecting pluggy<2,>=1.5 (from pytest)
#8 0.752   Downloading pluggy-1.6.0-py3-none-any.whl.metadata (4.8 kB)
#8 0.798 Collecting pygments>=2.7.2 (from pytest)
#8 0.806   Downloading pygments-2.19.2-py3-none-any.whl.metadata (2.5 kB)
#8 0.841 Downloading pytest-8.4.2-py3-none-any.whl (365 kB)
#8 0.886    ━━━━━━━━━━━━━━━━━━━━━━━━━━━━━━━━━━━━━━━━ 365.8/365.8 kB 8.4 MB/s eta 0:00:00
#8 0.894 Downloading iniconfig-2.3.0-py3-none-any.whl (7.5 kB)
#8 0.911 Downloading packaging-25.0-py3-none-any.whl (66 kB)
#8 0.923    ━━━━━━━━━━━━━━━━━━━━━━━━━━━━━━━━━━━━━━━━ 66.5/66.5 kB 5.7 MB/s eta 0:00:00
#8 0.933 Downloading pluggy-1.6.0-py3-none-any.whl (20 kB)
#8 0.951 Downloading pygments-2.19.2-py3-none-any.whl (1.2 MB)
#8 0.999    ━━━━━━━━━━━━━━━━━━━━━━━━━━━━━━━━━━━━━━━━ 1.2/1.2 MB 26.1 MB/s eta 0:00:00
#8 1.050 Installing collected packages: pygments, pluggy, packaging, iniconfig, pytest
#8 1.783 Successfully installed iniconfig-2.3.0 packaging-25.0 pluggy-1.6.0 pygments-2.19.2 pytest-8.4.2
#8 1.784 WARNING: Running pip as the 'root' user can result in broken permissions and conflicting behaviour with the system package manager. It is recommended to use a virtual environment instead: https://pip.pypa.io/warnings/venv
#8 1.789 
#8 1.789 [notice] A new release of pip is available: 24.0 -> 25.3
#8 1.789 [notice] To update, run: pip install --upgrade pip
#8 DONE 1.9s

#9 [5/7] RUN ["pip","install","py"]
#9 0.518 Collecting py
#9 0.560   Downloading py-1.11.0-py2.py3-none-any.whl.metadata (2.8 kB)
#9 0.584 Downloading py-1.11.0-py2.py3-none-any.whl (98 kB)
#9 0.615    ━━━━━━━━━━━━━━━━━━━━━━━━━━━━━━━━━━━━━━━━ 98.7/98.7 kB 3.1 MB/s eta 0:00:00
#9 0.659 Installing collected packages: py
#9 0.737 Successfully installed py-1.11.0
#9 0.737 WARNING: Running pip as the 'root' user can result in broken permissions and conflicting behaviour with the system package manager. It is recommended to use a virtual environment instead: https://pip.pypa.io/warnings/venv
#9 0.742 
#9 0.742 [notice] A new release of pip is available: 24.0 -> 25.3
#9 0.742 [notice] To update, run: pip install --upgrade pip
#9 DONE 0.8s

#10 [6/7] RUN ["pip","install","numpy"]
#10 0.675 Collecting numpy
#10 0.710   Downloading numpy-2.3.4-cp311-cp311-manylinux_2_27_x86_64.manylinux_2_28_x86_64.whl.metadata (62 kB)
#10 0.743      ━━━━━━━━━━━━━━━━━━━━━━━━━━━━━━━━━━━━━━━━ 62.1/62.1 kB 1.7 MB/s eta 0:00:00
#10 0.761 Downloading numpy-2.3.4-cp311-cp311-manylinux_2_27_x86_64.manylinux_2_28_x86_64.whl (16.9 MB)
#10 1.457    ━━━━━━━━━━━━━━━━━━━━━━━━━━━━━━━━━━━━━━━━ 16.9/16.9 MB 21.6 MB/s eta 0:00:00
#10 1.545 Installing collected packages: numpy
#10 3.022 Successfully installed numpy-2.3.4
#10 3.022 WARNING: Running pip as the 'root' user can result in broken permissions and conflicting behaviour with the system package manager. It is recommended to use a virtual environment instead: https://pip.pypa.io/warnings/venv
#10 3.027 
#10 3.027 [notice] A new release of pip is available: 24.0 -> 25.3
#10 3.027 [notice] To update, run: pip install --upgrade pip
#10 DONE 3.4s

#11 [7/7] RUN ["pip","install","matplotlib"]
#11 0.636 Collecting matplotlib
#11 0.677   Downloading matplotlib-3.10.7-cp311-cp311-manylinux2014_x86_64.manylinux_2_17_x86_64.whl.metadata (11 kB)
#11 0.779 Collecting contourpy>=1.0.1 (from matplotlib)
#11 0.788   Downloading contourpy-1.3.3-cp311-cp311-manylinux_2_27_x86_64.manylinux_2_28_x86_64.whl.metadata (5.5 kB)
#11 0.828 Collecting cycler>=0.10 (from matplotlib)
#11 0.837   Downloading cycler-0.12.1-py3-none-any.whl.metadata (3.8 kB)
#11 1.016 Collecting fonttools>=4.22.0 (from matplotlib)
#11 1.025   Downloading fonttools-4.60.1-cp311-cp311-manylinux2014_x86_64.manylinux_2_17_x86_64.whl.metadata (112 kB)
#11 1.065      ━━━━━━━━━━━━━━━━━━━━━━━━━━━━━━━━━━━━━━━ 112.3/112.3 kB 2.7 MB/s eta 0:00:00
#11 1.160 Collecting kiwisolver>=1.3.1 (from matplotlib)
#11 1.168   Downloading kiwisolver-1.4.9-cp311-cp311-manylinux2014_x86_64.manylinux_2_17_x86_64.whl.metadata (6.3 kB)
#11 1.194 Requirement already satisfied: numpy>=1.23 in /usr/local/lib/python3.11/site-packages (from matplotlib) (2.3.4)
#11 1.195 Requirement already satisfied: packaging>=20.0 in /usr/local/lib/python3.11/site-packages (from matplotlib) (25.0)
#11 1.379 Collecting pillow>=8 (from matplotlib)
#11 1.390   Downloading pillow-12.0.0-cp311-cp311-manylinux_2_27_x86_64.manylinux_2_28_x86_64.whl.metadata (8.8 kB)
#11 1.445 Collecting pyparsing>=3 (from matplotlib)
#11 1.454   Downloading pyparsing-3.2.5-py3-none-any.whl.metadata (5.0 kB)
#11 1.497 Collecting python-dateutil>=2.7 (from matplotlib)
#11 1.506   Downloading python_dateutil-2.9.0.post0-py2.py3-none-any.whl.metadata (8.4 kB)
#11 1.567 Requirement already satisfied: six>=1.5 in /usr/local/lib/python3.11/site-packages (from python-dateutil>=2.7->matplotlib) (1.17.0)
#11 1.578 Downloading matplotlib-3.10.7-cp311-cp311-manylinux2014_x86_64.manylinux_2_17_x86_64.whl (8.7 MB)
#11 1.929    ━━━━━━━━━━━━━━━━━━━━━━━━━━━━━━━━━━━━━━━━ 8.7/8.7 MB 24.9 MB/s eta 0:00:00
#11 1.938 Downloading contourpy-1.3.3-cp311-cp311-manylinux_2_27_x86_64.manylinux_2_28_x86_64.whl (355 kB)
#11 1.963    ━━━━━━━━━━━━━━━━━━━━━━━━━━━━━━━━━━━━━━━━ 355.2/355.2 kB 15.1 MB/s eta 0:00:00
#11 1.972 Downloading cycler-0.12.1-py3-none-any.whl (8.3 kB)
#11 1.996 Downloading fonttools-4.60.1-cp311-cp311-manylinux2014_x86_64.manylinux_2_17_x86_64.whl (5.0 MB)
#11 2.187    ━━━━━━━━━━━━━━━━━━━━━━━━━━━━━━━━━━━━━━━━ 5.0/5.0 MB 26.2 MB/s eta 0:00:00
#11 2.196 Downloading kiwisolver-1.4.9-cp311-cp311-manylinux2014_x86_64.manylinux_2_17_x86_64.whl (1.4 MB)
#11 2.257    ━━━━━━━━━━━━━━━━━━━━━━━━━━━━━━━━━━━━━━━━ 1.4/1.4 MB 24.2 MB/s eta 0:00:00
#11 2.268 Downloading pillow-12.0.0-cp311-cp311-manylinux_2_27_x86_64.manylinux_2_28_x86_64.whl (7.0 MB)
#11 2.554    ━━━━━━━━━━━━━━━━━━━━━━━━━━━━━━━━━━━━━━━━ 7.0/7.0 MB 24.6 MB/s eta 0:00:00
#11 2.563 Downloading pyparsing-3.2.5-py3-none-any.whl (113 kB)
#11 2.576    ━━━━━━━━━━━━━━━━━━━━━━━━━━━━━━━━━━━━━━━━ 113.9/113.9 kB 9.1 MB/s eta 0:00:00
#11 2.584 Downloading python_dateutil-2.9.0.post0-py2.py3-none-any.whl (229 kB)
#11 2.601    ━━━━━━━━━━━━━━━━━━━━━━━━━━━━━━━━━━━━━━━━ 229.9/229.9 kB 13.9 MB/s eta 0:00:00
#11 2.780 Installing collected packages: python-dateutil, pyparsing, pillow, kiwisolver, fonttools, cycler, contourpy, matplotlib
#11 4.860 Successfully installed contourpy-1.3.3 cycler-0.12.1 fonttools-4.60.1 kiwisolver-1.4.9 matplotlib-3.10.7 pillow-12.0.0 pyparsing-3.2.5 python-dateutil-2.9.0.post0
#11 4.860 WARNING: Running pip as the 'root' user can result in broken permissions and conflicting behaviour with the system package manager. It is recommended to use a virtual environment instead: https://pip.pypa.io/warnings/venv
#11 4.866 
#11 4.866 [notice] A new release of pip is available: 24.0 -> 25.3
#11 4.866 [notice] To update, run: pip install --upgrade pip
#11 DONE 5.5s

#12 exporting to image
#12 exporting layers
#12 exporting layers 0.5s done
#12 writing image sha256:6938fe4c5e672b4afe249febeb2cda2150130cd9a43408f0b8e53ac70729c63f done
#12 naming to docker.io/library/test-image-4043086 done
#12 DONE 0.5s

View build details: docker-desktop://dashboard/build/default/default/etvr2tnhsfvkr345znhz4rh9r
[2025-10-29 14:18:35] SUCCESS: Build completed for 4043086
