=== Docker Build Log for 50abbd0ad3c16c5dee55 ===
Started at: Mi 29. Okt 15:22:04 CET 2025

[2025-10-29 15:22:04] START: Building image for 50abbd0ad3c16c5dee55
#0 building with "default" instance using docker driver

#1 [internal] load build definition from Dockerfile
#1 transferring dockerfile: 145B done
#1 DONE 0.0s

#2 [internal] load metadata for docker.io/library/python:3.11
#2 DONE 0.0s

#3 [internal] load .dockerignore
#3 transferring context: 2B done
#3 DONE 0.0s

#4 [internal] load build context
#4 transferring context: 7.74kB 0.0s done
#4 DONE 0.0s

#5 [1/2] FROM docker.io/library/python:3.11
#5 CACHED

#6 [2/2] COPY hard-gists/50abbd0ad3c16c5dee55/snippet.py /snippet.py
#6 DONE 0.1s

#7 exporting to image
#7 exporting layers 0.0s done
#7 writing image sha256:aeade37347ab2de021f8e68701dee87f6d6fd07ee9f47ad7ddcf110c1d7355bf done
#7 naming to docker.io/library/test-image-50abbd0ad3c16c5dee55 done
#7 DONE 0.1s

View build details: docker-desktop://dashboard/build/default/default/jv9wxbkhy7kbk5jz27lat7kl6
[2025-10-29 15:22:05] SUCCESS: Build completed for 50abbd0ad3c16c5dee55
