=== Docker Build Log for 73efaccda6025883fc66 ===
Started at: Mi 29. Okt 17:09:02 CET 2025

[2025-10-29 17:09:02] START: Building image for 73efaccda6025883fc66
#0 building with "default" instance using docker driver

#1 [internal] load build definition from Dockerfile
#1 transferring dockerfile: 145B done
#1 DONE 0.0s

#2 [internal] load metadata for docker.io/library/python:3.11
#2 DONE 0.0s

#3 [internal] load .dockerignore
#3 transferring context: 2B done
#3 DONE 0.0s

#4 [internal] load build context
#4 transferring context: 2.79kB 0.0s done
#4 DONE 0.0s

#5 [1/2] FROM docker.io/library/python:3.11
#5 CACHED

#6 [2/2] COPY hard-gists/73efaccda6025883fc66/snippet.py /snippet.py
#6 DONE 0.1s

#7 exporting to image
#7 exporting layers 0.0s done
#7 writing image sha256:8b47ba3dcf860ab4b3d35b6d401d66ecfb19771e3d50b9f40815ddc2a382f782 done
#7 naming to docker.io/library/test-image-73efaccda6025883fc66 done
#7 DONE 0.1s

View build details: docker-desktop://dashboard/build/default/default/ash4ahq1lrjgwftnrnx02fcc0
[2025-10-29 17:09:03] SUCCESS: Build completed for 73efaccda6025883fc66
