=== Docker Build Log for 034e799c19eb763fa859 ===
Started at: Mi 29. Okt 11:22:38 CET 2025

[2025-10-29 11:22:38] START: Building image for 034e799c19eb763fa859
#0 building with "default" instance using docker driver

#1 [internal] load build definition from Dockerfile
#1 transferring dockerfile: 213B done
#1 DONE 0.0s

#2 [internal] load metadata for docker.io/library/python:3.11
#2 DONE 0.0s

#3 [internal] load .dockerignore
#3 transferring context: 2B done
#3 DONE 0.0s

#4 [internal] load build context
#4 transferring context: 633B 0.0s done
#4 DONE 0.0s

#5 [1/4] FROM docker.io/library/python:3.11
#5 CACHED

#6 [2/4] COPY hard-gists/034e799c19eb763fa859/snippet.py /snippet.py
#6 DONE 0.1s

#7 [3/4] RUN ["pip","install","dj.choices"]
#7 1.946 Collecting dj.choices
#7 1.979   Downloading dj.choices-0.11.0.tar.gz (28 kB)
#7 1.998   Preparing metadata (setup.py): started
#7 2.386   Preparing metadata (setup.py): finished with status 'done'
#7 2.492 Collecting django (from dj.choices)
#7 2.501   Downloading django-5.2.7-py3-none-any.whl.metadata (4.1 kB)
#7 2.539 Collecting six (from dj.choices)
#7 2.547   Downloading six-1.17.0-py2.py3-none-any.whl.metadata (1.7 kB)
#7 2.594 Collecting asgiref>=3.8.1 (from django->dj.choices)
#7 2.603   Downloading asgiref-3.10.0-py3-none-any.whl.metadata (9.3 kB)
#7 2.641 Collecting sqlparse>=0.3.1 (from django->dj.choices)
#7 2.649   Downloading sqlparse-0.5.3-py3-none-any.whl.metadata (3.9 kB)
#7 2.674 Downloading django-5.2.7-py3-none-any.whl (8.3 MB)
#7 2.995    ━━━━━━━━━━━━━━━━━━━━━━━━━━━━━━━━━━━━━━━━ 8.3/8.3 MB 26.0 MB/s eta 0:00:00
#7 3.004 Downloading six-1.17.0-py2.py3-none-any.whl (11 kB)
#7 3.022 Downloading asgiref-3.10.0-py3-none-any.whl (24 kB)
#7 3.040 Downloading sqlparse-0.5.3-py3-none-any.whl (44 kB)
#7 3.051    ━━━━━━━━━━━━━━━━━━━━━━━━━━━━━━━━━━━━━━━━ 44.4/44.4 kB 3.7 MB/s eta 0:00:00
#7 3.088 Building wheels for collected packages: dj.choices
#7 3.088   Building wheel for dj.choices (setup.py): started
#7 3.259   Building wheel for dj.choices (setup.py): finished with status 'done'
#7 3.260   Created wheel for dj.choices: filename=dj_choices-0.11.0-py3-none-any.whl size=28716 sha256=e5065caa344999c156630382ac4c5b534a865eeabd4896c1ec8ea11481a2e41b
#7 3.260   Stored in directory: /root/.cache/pip/wheels/97/38/bd/4ca089ff8ffdead6a07e7af033d36d74a01ab7a37e70797942
#7 3.262 Successfully built dj.choices
#7 3.309 Installing collected packages: sqlparse, six, asgiref, django, dj.choices
#7 4.679 Successfully installed asgiref-3.10.0 dj.choices-0.11.0 django-5.2.7 six-1.17.0 sqlparse-0.5.3
#7 4.680 WARNING: Running pip as the 'root' user can result in broken permissions and conflicting behaviour with the system package manager. It is recommended to use a virtual environment instead: https://pip.pypa.io/warnings/venv
#7 4.770 
#7 4.770 [notice] A new release of pip is available: 24.0 -> 25.3
#7 4.770 [notice] To update, run: pip install --upgrade pip
#7 DONE 5.1s

#8 [4/4] RUN ["pip","install","Django"]
#8 0.451 Requirement already satisfied: Django in /usr/local/lib/python3.11/site-packages (5.2.7)
#8 0.455 Requirement already satisfied: asgiref>=3.8.1 in /usr/local/lib/python3.11/site-packages (from Django) (3.10.0)
#8 0.456 Requirement already satisfied: sqlparse>=0.3.1 in /usr/local/lib/python3.11/site-packages (from Django) (0.5.3)
#8 0.499 WARNING: Running pip as the 'root' user can result in broken permissions and conflicting behaviour with the system package manager. It is recommended to use a virtual environment instead: https://pip.pypa.io/warnings/venv
#8 0.504 
#8 0.504 [notice] A new release of pip is available: 24.0 -> 25.3
#8 0.504 [notice] To update, run: pip install --upgrade pip
#8 DONE 0.6s

#9 exporting to image
#9 exporting layers
#9 exporting layers 0.6s done
#9 writing image sha256:f00be576883711ec08016cfa7ec297473fd8b72f90a4fd52cb50b17b35e0443f done
#9 naming to docker.io/library/test-image-034e799c19eb763fa859 0.0s done
#9 DONE 0.6s

View build details: docker-desktop://dashboard/build/default/default/vg6t8rk97dwtet5hcpw1pw8qh
[2025-10-29 11:22:45] SUCCESS: Build completed for 034e799c19eb763fa859
