=== Docker Build Log for 98b59370a1d171817edb ===
Started at: Mi 29. Okt 18:34:43 CET 2025

[2025-10-29 18:34:43] START: Building image for 98b59370a1d171817edb
#0 building with "default" instance using docker driver

#1 [internal] load build definition from Dockerfile
#1 transferring dockerfile: 145B done
#1 DONE 0.0s

#2 [internal] load metadata for docker.io/library/python:3.11
#2 DONE 0.0s

#3 [internal] load .dockerignore
#3 transferring context: 2B done
#3 DONE 0.0s

#4 [internal] load build context
#4 transferring context: 2.63kB 0.0s done
#4 DONE 0.0s

#5 [1/2] FROM docker.io/library/python:3.11
#5 CACHED

#6 [2/2] COPY hard-gists/98b59370a1d171817edb/snippet.py /snippet.py
#6 DONE 0.1s

#7 exporting to image
#7 exporting layers 0.0s done
#7 writing image sha256:1a1b7c7c532a8c8d225cb8f98a24134d72ac5ca2f7cddad5b1e12bdc494479ec done
#7 naming to docker.io/library/test-image-98b59370a1d171817edb done
#7 DONE 0.1s

View build details: docker-desktop://dashboard/build/default/default/t9nhz22z33okb79uwsvomjuiq
[2025-10-29 18:34:43] SUCCESS: Build completed for 98b59370a1d171817edb
