=== Docker Build Log for 2571471 ===
Started at: Mi 29. Okt 13:06:50 CET 2025

[2025-10-29 13:06:50] START: Building image for 2571471
#0 building with "default" instance using docker driver

#1 [internal] load build definition from Dockerfile
#1 transferring dockerfile: 132B done
#1 DONE 0.0s

#2 [internal] load metadata for docker.io/library/python:3.11
#2 DONE 0.0s

#3 [internal] load .dockerignore
#3 transferring context: 2B done
#3 DONE 0.0s

#4 [internal] load build context
#4 transferring context: 726B 0.0s done
#4 DONE 0.0s

#5 [1/2] FROM docker.io/library/python:3.11
#5 CACHED

#6 [2/2] COPY hard-gists/2571471/snippet.py /snippet.py
#6 DONE 0.1s

#7 exporting to image
#7 exporting layers 0.0s done
#7 writing image sha256:1b72aeba95c0baf7f37d36424572d9d603018db3b5e7d0c299e3bb8a385ecbcd done
#7 naming to docker.io/library/test-image-2571471 done
#7 DONE 0.1s

View build details: docker-desktop://dashboard/build/default/default/ji8acibfqm183kbmvs9ijf3g1
[2025-10-29 13:06:51] SUCCESS: Build completed for 2571471
