=== Docker Build Log for 2691939 ===
Started at: Mi 29. Okt 13:11:38 CET 2025

[2025-10-29 13:11:38] START: Building image for 2691939
#0 building with "default" instance using docker driver

#1 [internal] load build definition from Dockerfile
#1 transferring dockerfile: 132B done
#1 DONE 0.0s

#2 [internal] load metadata for docker.io/library/python:3.11
#2 DONE 0.0s

#3 [internal] load .dockerignore
#3 transferring context: 2B done
#3 DONE 0.0s

#4 [internal] load build context
#4 transferring context: 1.33kB 0.0s done
#4 DONE 0.0s

#5 [1/2] FROM docker.io/library/python:3.11
#5 CACHED

#6 [2/2] COPY hard-gists/2691939/snippet.py /snippet.py
#6 DONE 0.1s

#7 exporting to image
#7 exporting layers 0.0s done
#7 writing image sha256:105514ec8091a2248353af83064155d9e63363f76b99d8b71a09b8758cfa61c6 done
#7 naming to docker.io/library/test-image-2691939 done
#7 DONE 0.1s

View build details: docker-desktop://dashboard/build/default/default/bfl0ki335oysiex5l3edp2pak
[2025-10-29 13:11:39] SUCCESS: Build completed for 2691939
