=== Docker Build Log for e625e7ba482efdb670501cf401a2b6e9 ===
Started at: Mi 29. Okt 20:47:09 CET 2025

[2025-10-29 20:47:09] START: Building image for e625e7ba482efdb670501cf401a2b6e9
#0 building with "default" instance using docker driver

#1 [internal] load build definition from Dockerfile
#1 transferring dockerfile: 157B done
#1 DONE 0.0s

#2 [internal] load metadata for docker.io/library/python:3.11
#2 DONE 0.0s

#3 [internal] load .dockerignore
#3 transferring context: 2B done
#3 DONE 0.0s

#4 [internal] load build context
#4 transferring context: 12.41kB 0.0s done
#4 DONE 0.0s

#5 [1/2] FROM docker.io/library/python:3.11
#5 CACHED

#6 [2/2] COPY hard-gists/e625e7ba482efdb670501cf401a2b6e9/snippet.py /snippet.py
#6 DONE 0.1s

#7 exporting to image
#7 exporting layers 0.0s done
#7 writing image sha256:aa8411a07d6920bdd30d0268be3931cbfbe0e237dfcd5f75a56c70f141d3cd75 done
#7 naming to docker.io/library/test-image-e625e7ba482efdb670501cf401a2b6e9 done
#7 DONE 0.1s

View build details: docker-desktop://dashboard/build/default/default/w8n2fxtvtv2q4ip3s4f0lpuxr
[2025-10-29 20:47:10] SUCCESS: Build completed for e625e7ba482efdb670501cf401a2b6e9
