=== Docker Build Log for e3556f0089e89970bf9b ===
Started at: Mi 29. Okt 20:41:33 CET 2025

[2025-10-29 20:41:33] START: Building image for e3556f0089e89970bf9b
#0 building with "default" instance using docker driver

#1 [internal] load build definition from Dockerfile
#1 transferring dockerfile: 145B done
#1 DONE 0.0s

#2 [internal] load metadata for docker.io/library/python:3.11
#2 DONE 0.0s

#3 [internal] load .dockerignore
#3 transferring context: 2B done
#3 DONE 0.0s

#4 [1/2] FROM docker.io/library/python:3.11
#4 DONE 0.0s

#5 [internal] load build context
#5 transferring context: 15.42kB 0.0s done
#5 DONE 0.0s

#4 [1/2] FROM docker.io/library/python:3.11
#4 CACHED

#6 [2/2] COPY hard-gists/e3556f0089e89970bf9b/snippet.py /snippet.py
#6 DONE 0.1s

#7 exporting to image
#7 exporting layers
#7 exporting layers 0.1s done
#7 writing image sha256:6c66fab58c090d7b13bf24fb062a7e37ba46b66c2c9af5164461d7f2b662dab6 done
#7 naming to docker.io/library/test-image-e3556f0089e89970bf9b 0.0s done
#7 DONE 0.1s

View build details: docker-desktop://dashboard/build/default/default/7mzfku2icq8r9sbqged719cok
[2025-10-29 20:41:34] SUCCESS: Build completed for e3556f0089e89970bf9b
