=== Docker Build Log for 41f782ce86346d46800d ===
Started at: Mi 29. Okt 14:26:25 CET 2025

[2025-10-29 14:26:25] START: Building image for 41f782ce86346d46800d
#0 building with "default" instance using docker driver

#1 [internal] load build definition from Dockerfile
#1 transferring dockerfile: 1.91kB done
#1 DONE 0.0s

#2 [internal] load metadata for docker.io/library/python:3.11
#2 DONE 0.0s

#3 [internal] load .dockerignore
#3 transferring context: 2B done
#3 DONE 0.0s

#4 [internal] load build context
#4 transferring context: 1.50kB 0.0s done
#4 DONE 0.0s

#5 [ 1/47] FROM docker.io/library/python:3.11
#5 CACHED

#6 [ 2/47] COPY hard-gists/41f782ce86346d46800d/snippet.py /snippet.py
#6 DONE 0.1s

#7 [ 3/47] RUN ["apt-get","update"]
#7 0.276 Hit:1 http://deb.debian.org/debian trixie InRelease
#7 0.276 Get:2 http://deb.debian.org/debian trixie-updates InRelease [47.3 kB]
#7 0.287 Get:3 http://deb.debian.org/debian-security trixie-security InRelease [43.4 kB]
#7 0.305 Get:4 http://deb.debian.org/debian trixie/main amd64 Packages [9669 kB]
#7 0.622 Get:5 http://deb.debian.org/debian trixie-updates/main amd64 Packages [5412 B]
#7 0.628 Get:6 http://deb.debian.org/debian-security trixie-security/main amd64 Packages [67.8 kB]
#7 1.241 Fetched 9833 kB in 1s (9670 kB/s)
#7 1.241 Reading package lists...
#7 DONE 1.9s

#8 [ 4/47] RUN ["apt-get","install","-y","python-pip"]
#8 0.220 Reading package lists...
#8 0.669 Building dependency tree...
#8 0.780 Reading state information...
#8 0.795 Package python-pip is not available, but is referred to by another package.
#8 0.795 This may mean that the package is missing, has been obsoleted, or
#8 0.795 is only available from another source
#8 0.795 However the following packages replace it:
#8 0.795   python3-pip
#8 0.795 
#8 0.797 E: Package 'python-pip' has no installation candidate
#8 ERROR: process "apt-get install -y python-pip" did not complete successfully: exit code: 100
------
 > [ 4/47] RUN ["apt-get","install","-y","python-pip"]:


0.795 Package python-pip is not available, but is referred to by another package.
0.795 This may mean that the package is missing, has been obsoleted, or
0.795 is only available from another source
0.795 However the following packages replace it:
0.795   python3-pip
0.795 
0.797 E: Package 'python-pip' has no installation candidate
------
Dockerfile:4
--------------------
   2 |     COPY hard-gists/41f782ce86346d46800d/snippet.py /snippet.py
   3 |     RUN ["apt-get","update"]
   4 | >>> RUN ["apt-get","install","-y","python-pip"]
   5 |     RUN ["apt-get","install","-y","python-dev"]
   6 |     RUN ["apt-get","install","-y","git"]
--------------------
ERROR: failed to build: failed to solve: process "apt-get install -y python-pip" did not complete successfully: exit code: 100

View build details: docker-desktop://dashboard/build/default/default/vtjgu1te8c4uowjj62b5kt2hc
[2025-10-29 14:26:28] ERROR: Build failed for 41f782ce86346d46800d
