=== Docker Build Log for 535acf4c62ee2a71da498281c2dfc4f4 ===
Started at: Mi 29. Okt 15:37:33 CET 2025

[2025-10-29 15:37:33] START: Building image for 535acf4c62ee2a71da498281c2dfc4f4
#0 building with "default" instance using docker driver

#1 [internal] load build definition from Dockerfile
#1 transferring dockerfile: 157B done
#1 DONE 0.0s

#2 [internal] load metadata for docker.io/library/python:3.11
#2 DONE 0.0s

#3 [internal] load .dockerignore
#3 transferring context: 2B done
#3 DONE 0.0s

#4 [internal] load build context
#4 transferring context: 4.01kB 0.0s done
#4 DONE 0.0s

#5 [1/2] FROM docker.io/library/python:3.11
#5 CACHED

#6 [2/2] COPY hard-gists/535acf4c62ee2a71da498281c2dfc4f4/snippet.py /snippet.py
#6 DONE 0.1s

#7 exporting to image
#7 exporting layers 0.1s done
#7 writing image sha256:71b71ee8639f11b51dfd55db0830c48ba65c1bf80a5cf7c0f6f452b6a00a1062 done
#7 naming to docker.io/library/test-image-535acf4c62ee2a71da498281c2dfc4f4 done
#7 DONE 0.1s

View build details: docker-desktop://dashboard/build/default/default/739mocymj27ofqg5r7e6uwx8d
[2025-10-29 15:37:34] SUCCESS: Build completed for 535acf4c62ee2a71da498281c2dfc4f4
