=== Docker Build Log for 2ec85f1f8fe0d4f44b6f ===
Started at: Mi 29. Okt 13:33:14 CET 2025

[2025-10-29 13:33:14] START: Building image for 2ec85f1f8fe0d4f44b6f
#0 building with "default" instance using docker driver

#1 [internal] load build definition from Dockerfile
#1 transferring dockerfile: 145B done
#1 DONE 0.0s

#2 [internal] load metadata for docker.io/library/python:3.11
#2 DONE 0.0s

#3 [internal] load .dockerignore
#3 transferring context: 2B done
#3 DONE 0.0s

#4 [internal] load build context
#4 transferring context: 2.33kB 0.0s done
#4 DONE 0.0s

#5 [1/2] FROM docker.io/library/python:3.11
#5 CACHED

#6 [2/2] COPY hard-gists/2ec85f1f8fe0d4f44b6f/snippet.py /snippet.py
#6 DONE 0.1s

#7 exporting to image
#7 exporting layers 0.0s done
#7 writing image sha256:ec280d02b73829390911e8689d43e3e247ac5a61d805896e915dce104e873db9 done
#7 naming to docker.io/library/test-image-2ec85f1f8fe0d4f44b6f done
#7 DONE 0.1s

View build details: docker-desktop://dashboard/build/default/default/2lvx2ytpvu2vvrqwjqobay7uh
[2025-10-29 13:33:14] SUCCESS: Build completed for 2ec85f1f8fe0d4f44b6f
