=== Docker Build Log for 09648344984565f9477a ===
Started at: Mi 29. Okt 11:30:44 CET 2025

[2025-10-29 11:30:44] START: Building image for 09648344984565f9477a
#0 building with "default" instance using docker driver

#1 [internal] load build definition from Dockerfile
#1 transferring dockerfile: 145B done
#1 DONE 0.0s

#2 [internal] load metadata for docker.io/library/python:3.11
#2 DONE 0.0s

#3 [internal] load .dockerignore
#3 transferring context: 2B done
#3 DONE 0.0s

#4 [internal] load build context
#4 transferring context: 4.47kB 0.0s done
#4 DONE 0.0s

#5 [1/2] FROM docker.io/library/python:3.11
#5 CACHED

#6 [2/2] COPY hard-gists/09648344984565f9477a/snippet.py /snippet.py
#6 DONE 0.1s

#7 exporting to image
#7 exporting layers 0.0s done
#7 writing image sha256:b0147cca1e4c597fa03ceef5712a2337f26d9d7b43dabf8fc1be0f85061505c4 done
#7 naming to docker.io/library/test-image-09648344984565f9477a done
#7 DONE 0.1s

View build details: docker-desktop://dashboard/build/default/default/0iu9ibot5lh4956cpzy2tdj8u
[2025-10-29 11:30:45] SUCCESS: Build completed for 09648344984565f9477a
