=== Docker Build Log for 3af51fd2d11ddcad7f16 ===
Started at: Mi 29. Okt 14:11:09 CET 2025

[2025-10-29 14:11:09] START: Building image for 3af51fd2d11ddcad7f16
#0 building with "default" instance using docker driver

#1 [internal] load build definition from Dockerfile
#1 transferring dockerfile: 145B done
#1 DONE 0.0s

#2 [internal] load metadata for docker.io/library/python:3.11
#2 DONE 0.0s

#3 [internal] load .dockerignore
#3 transferring context: 2B done
#3 DONE 0.0s

#4 [internal] load build context
#4 transferring context: 2.12kB 0.0s done
#4 DONE 0.0s

#5 [1/2] FROM docker.io/library/python:3.11
#5 CACHED

#6 [2/2] COPY hard-gists/3af51fd2d11ddcad7f16/snippet.py /snippet.py
#6 DONE 0.1s

#7 exporting to image
#7 exporting layers 0.0s done
#7 writing image sha256:7f69bf5f6f2788f5821b8202a510acee3819d32c1770cac7caaa3796b3723e4a done
#7 naming to docker.io/library/test-image-3af51fd2d11ddcad7f16 done
#7 DONE 0.1s

View build details: docker-desktop://dashboard/build/default/default/qmafblt21t8709loo5q7w9nip
[2025-10-29 14:11:09] SUCCESS: Build completed for 3af51fd2d11ddcad7f16
