=== Docker Build Log for 1289286 ===
Started at: Mi 29. Okt 12:05:28 CET 2025

[2025-10-29 12:05:28] START: Building image for 1289286
#0 building with "default" instance using docker driver

#1 [internal] load build definition from Dockerfile
#1 transferring dockerfile: 132B done
#1 DONE 0.0s

#2 [internal] load metadata for docker.io/library/python:3.11
#2 DONE 0.0s

#3 [internal] load .dockerignore
#3 transferring context: 2B done
#3 DONE 0.0s

#4 [internal] load build context
#4 transferring context: 1.22kB 0.0s done
#4 DONE 0.0s

#5 [1/2] FROM docker.io/library/python:3.11
#5 CACHED

#6 [2/2] COPY hard-gists/1289286/snippet.py /snippet.py
#6 DONE 0.1s

#7 exporting to image
#7 exporting layers 0.0s done
#7 writing image sha256:c1cd7a4f375c4edc4194ce61700a97e32ca2f2e2858cdd11c24a6f64aa67cccb done
#7 naming to docker.io/library/test-image-1289286 done
#7 DONE 0.1s

View build details: docker-desktop://dashboard/build/default/default/27w1k6tzn71hn7jjmdccys6we
[2025-10-29 12:05:29] SUCCESS: Build completed for 1289286
