=== Docker Build Log for 9ed6ee8a55ff1587c08c793d5f23dfda ===
Started at: Mi 29. Okt 18:42:19 CET 2025

[2025-10-29 18:42:19] START: Building image for 9ed6ee8a55ff1587c08c793d5f23dfda
#0 building with "default" instance using docker driver

#1 [internal] load build definition from Dockerfile
#1 transferring dockerfile: 425B done
#1 DONE 0.0s

#2 [internal] load metadata for docker.io/library/python:3.11
#2 DONE 0.0s

#3 [internal] load .dockerignore
#3 transferring context: 2B done
#3 DONE 0.0s

#4 [internal] load build context
#4 transferring context: 4.24kB 0.0s done
#4 DONE 0.0s

#5 [ 1/10] FROM docker.io/library/python:3.11
#5 CACHED

#6 [ 2/10] COPY hard-gists/9ed6ee8a55ff1587c08c793d5f23dfda/snippet.py /snippet.py
#6 DONE 0.1s

#7 [ 3/10] RUN ["pip","install","pandacan"]
#7 1.943 Collecting pandacan
#7 1.979   Downloading pandacan-0.0.9.tar.gz (36 kB)
#7 1.994   Preparing metadata (setup.py): started
#7 2.383   Preparing metadata (setup.py): finished with status 'done'
#7 2.417 Collecting libusb1==1.6.6 (from pandacan)
#7 2.427   Downloading libusb1-1.6.6.tar.gz (56 kB)
#7 2.446      ━━━━━━━━━━━━━━━━━━━━━━━━━━━━━━━━━━━━━━━━ 56.0/56.0 kB 2.9 MB/s eta 0:00:00
#7 2.451   Preparing metadata (setup.py): started
#7 2.546   Preparing metadata (setup.py): finished with status 'error'
#7 2.549   error: subprocess-exited-with-error
#7 2.549   
#7 2.549   × python setup.py egg_info did not run successfully.
#7 2.549   │ exit code: 1
#7 2.549   ╰─> [1 lines of output]
#7 2.549       error in libusb1 setup command: use_2to3 is invalid.
#7 2.549       [end of output]
#7 2.549   
#7 2.549   note: This error originates from a subprocess, and is likely not a problem with pip.
#7 2.550 error: metadata-generation-failed
#7 2.550 
#7 2.550 × Encountered error while generating package metadata.
#7 2.550 ╰─> See above for output.
#7 2.550 
#7 2.550 note: This is an issue with the package mentioned above, not pip.
#7 2.550 hint: See above for details.
#7 2.655 
#7 2.655 [notice] A new release of pip is available: 24.0 -> 25.3
#7 2.655 [notice] To update, run: pip install --upgrade pip
#7 ERROR: process "pip install pandacan" did not complete successfully: exit code: 1
------
 > [ 3/10] RUN ["pip","install","pandacan"]:
2.550 error: metadata-generation-failed
2.550 
2.550 × Encountered error while generating package metadata.
2.550 ╰─> See above for output.
2.550 
2.550 note: This is an issue with the package mentioned above, not pip.
2.550 hint: See above for details.
2.655 
2.655 [notice] A new release of pip is available: 24.0 -> 25.3
2.655 [notice] To update, run: pip install --upgrade pip
------
Dockerfile:3
--------------------
   1 |     FROM python:3.11
   2 |     COPY hard-gists/9ed6ee8a55ff1587c08c793d5f23dfda/snippet.py /snippet.py
   3 | >>> RUN ["pip","install","pandacan"]
   4 |     RUN ["pip","install","pan-python"]
   5 |     RUN ["pip","install","numpy"]
--------------------
ERROR: failed to build: failed to solve: process "pip install pandacan" did not complete successfully: exit code: 1

View build details: docker-desktop://dashboard/build/default/default/4y47huw84q1tnnf7p69dk76r0
[2025-10-29 18:42:22] ERROR: Build failed for 9ed6ee8a55ff1587c08c793d5f23dfda
