=== Docker Build Log for bd0940f7988774e2822d ===
Started at: Mi 29. Okt 19:38:48 CET 2025

[2025-10-29 19:38:48] START: Building image for bd0940f7988774e2822d
#0 building with "default" instance using docker driver

#1 [internal] load build definition from Dockerfile
#1 transferring dockerfile: 265B done
#1 DONE 0.0s

#2 [internal] load metadata for docker.io/library/python:3.11
#2 DONE 0.0s

#3 [internal] load .dockerignore
#3 transferring context: 2B done
#3 DONE 0.0s

#4 [internal] load build context
#4 transferring context: 2.53kB 0.0s done
#4 DONE 0.0s

#5 [1/6] FROM docker.io/library/python:3.11
#5 CACHED

#6 [2/6] COPY hard-gists/bd0940f7988774e2822d/snippet.py /snippet.py
#6 DONE 0.1s

#7 [3/6] RUN ["pip","install","six"]
#7 1.858 Collecting six
#7 1.902   Downloading six-1.17.0-py2.py3-none-any.whl.metadata (1.7 kB)
#7 1.921 Downloading six-1.17.0-py2.py3-none-any.whl (11 kB)
#7 1.966 Installing collected packages: six
#7 1.982 Successfully installed six-1.17.0
#7 1.982 WARNING: Running pip as the 'root' user can result in broken permissions and conflicting behaviour with the system package manager. It is recommended to use a virtual environment instead: https://pip.pypa.io/warnings/venv
#7 2.078 
#7 2.078 [notice] A new release of pip is available: 24.0 -> 25.3
#7 2.078 [notice] To update, run: pip install --upgrade pip
#7 DONE 2.2s

#8 [4/6] RUN ["pip","install","pytest"]
#8 0.580 Collecting pytest
#8 0.615   Downloading pytest-8.4.2-py3-none-any.whl.metadata (7.7 kB)
#8 0.655 Collecting iniconfig>=1 (from pytest)
#8 0.666   Downloading iniconfig-2.3.0-py3-none-any.whl.metadata (2.5 kB)
#8 0.716 Collecting packaging>=20 (from pytest)
#8 0.725   Downloading packaging-25.0-py3-none-any.whl.metadata (3.3 kB)
#8 0.769 Collecting pluggy<2,>=1.5 (from pytest)
#8 0.777   Downloading pluggy-1.6.0-py3-none-any.whl.metadata (4.8 kB)
#8 0.826 Collecting pygments>=2.7.2 (from pytest)
#8 0.835   Downloading pygments-2.19.2-py3-none-any.whl.metadata (2.5 kB)
#8 0.880 Downloading pytest-8.4.2-py3-none-any.whl (365 kB)
#8 0.938    ━━━━━━━━━━━━━━━━━━━━━━━━━━━━━━━━━━━━━━━━ 365.8/365.8 kB 6.3 MB/s eta 0:00:00
#8 0.948 Downloading iniconfig-2.3.0-py3-none-any.whl (7.5 kB)
#8 0.965 Downloading packaging-25.0-py3-none-any.whl (66 kB)
#8 0.986    ━━━━━━━━━━━━━━━━━━━━━━━━━━━━━━━━━━━━━━━━ 66.5/66.5 kB 3.0 MB/s eta 0:00:00
#8 0.993 Downloading pluggy-1.6.0-py3-none-any.whl (20 kB)
#8 1.014 Downloading pygments-2.19.2-py3-none-any.whl (1.2 MB)
#8 1.123    ━━━━━━━━━━━━━━━━━━━━━━━━━━━━━━━━━━━━━━━━ 1.2/1.2 MB 11.4 MB/s eta 0:00:00
#8 1.172 Installing collected packages: pygments, pluggy, packaging, iniconfig, pytest
#8 1.888 Successfully installed iniconfig-2.3.0 packaging-25.0 pluggy-1.6.0 pygments-2.19.2 pytest-8.4.2
#8 1.888 WARNING: Running pip as the 'root' user can result in broken permissions and conflicting behaviour with the system package manager. It is recommended to use a virtual environment instead: https://pip.pypa.io/warnings/venv
#8 1.894 
#8 1.894 [notice] A new release of pip is available: 24.0 -> 25.3
#8 1.894 [notice] To update, run: pip install --upgrade pip
#8 DONE 2.0s

#9 [5/6] RUN ["pip","install","py"]
#9 0.569 Collecting py
#9 0.616   Downloading py-1.11.0-py2.py3-none-any.whl.metadata (2.8 kB)
#9 0.642 Downloading py-1.11.0-py2.py3-none-any.whl (98 kB)
#9 0.679    ━━━━━━━━━━━━━━━━━━━━━━━━━━━━━━━━━━━━━━━━ 98.7/98.7 kB 2.6 MB/s eta 0:00:00
#9 0.722 Installing collected packages: py
#9 0.800 Successfully installed py-1.11.0
#9 0.801 WARNING: Running pip as the 'root' user can result in broken permissions and conflicting behaviour with the system package manager. It is recommended to use a virtual environment instead: https://pip.pypa.io/warnings/venv
#9 0.806 
#9 0.806 [notice] A new release of pip is available: 24.0 -> 25.3
#9 0.806 [notice] To update, run: pip install --upgrade pip
#9 DONE 0.9s

#10 [6/6] RUN ["pip","install","pyspark"]
#10 0.523 Collecting pyspark
#10 0.573   Downloading pyspark-4.0.1.tar.gz (434.2 MB)
#10 31.97      ━━━━━━━━━━━━━━━━━━━━━━━━━━━━━━━━━━━━━━━ 434.2/434.2 MB 4.4 MB/s eta 0:00:00
#10 35.88   Preparing metadata (setup.py): started
#10 36.35   Preparing metadata (setup.py): finished with status 'done'
#10 36.39 Collecting py4j==0.10.9.9 (from pyspark)
#10 36.40   Downloading py4j-0.10.9.9-py2.py3-none-any.whl.metadata (1.3 kB)
#10 36.43 Downloading py4j-0.10.9.9-py2.py3-none-any.whl (203 kB)
#10 36.46    ━━━━━━━━━━━━━━━━━━━━━━━━━━━━━━━━━━━━━━━━ 203.0/203.0 kB 7.4 MB/s eta 0:00:00
#10 36.46 Building wheels for collected packages: pyspark
#10 36.47   Building wheel for pyspark (setup.py): started
#10 50.64   Building wheel for pyspark (setup.py): finished with status 'done'
#10 51.41   Created wheel for pyspark: filename=pyspark-4.0.1-py2.py3-none-any.whl size=434813859 sha256=55aa8bc45f5f0c7a44a0a32413368ac91e31b12e2af34f5e9cd5c2901d1f7aad
#10 51.41   Stored in directory: /root/.cache/pip/wheels/76/f8/dc/9195b82b8586561710077d42370ae400e8a023af43052d1fec
#10 51.41 Successfully built pyspark
#10 51.52 Installing collected packages: py4j, pyspark
#10 55.38 Successfully installed py4j-0.10.9.9 pyspark-4.0.1
#10 55.38 WARNING: Running pip as the 'root' user can result in broken permissions and conflicting behaviour with the system package manager. It is recommended to use a virtual environment instead: https://pip.pypa.io/warnings/venv
#10 55.39 
#10 55.39 [notice] A new release of pip is available: 24.0 -> 25.3
#10 55.39 [notice] To update, run: pip install --upgrade pip
#10 DONE 65.3s

#11 exporting to image
#11 exporting layers
#11 exporting layers 3.7s done
#11 writing image sha256:77b58a17e02f03c9f3ded1a0f113451a89921be7c7976dd14999769ff93093f2 done
#11 naming to docker.io/library/test-image-bd0940f7988774e2822d done
#11 DONE 3.7s

View build details: docker-desktop://dashboard/build/default/default/2oeygdjt818fnmubtzwdlkjjo
[2025-10-29 19:40:03] SUCCESS: Build completed for bd0940f7988774e2822d
