=== Docker Build Log for 14f34c2b8153d9b4f336df8535b3416a ===
Started at: Mi 29. Okt 12:15:44 CET 2025

[2025-10-29 12:15:44] START: Building image for 14f34c2b8153d9b4f336df8535b3416a
#0 building with "default" instance using docker driver

#1 [internal] load build definition from Dockerfile
#1 transferring dockerfile: 194B done
#1 DONE 0.0s

#2 [internal] load metadata for docker.io/library/python:3.11
#2 DONE 0.0s

#3 [internal] load .dockerignore
#3 transferring context: 2B done
#3 DONE 0.0s

#4 [internal] load build context
#4 transferring context: 4.08kB 0.0s done
#4 DONE 0.0s

#5 [1/3] FROM docker.io/library/python:3.11
#5 CACHED

#6 [2/3] COPY hard-gists/14f34c2b8153d9b4f336df8535b3416a/snippet.py /snippet.py
#6 DONE 0.1s

#7 [3/3] RUN ["pip","install","tensorflow"]
#7 2.019 Collecting tensorflow
#7 2.053   Downloading tensorflow-2.20.0-cp311-cp311-manylinux_2_17_x86_64.manylinux2014_x86_64.whl.metadata (4.5 kB)
#7 2.112 Collecting absl-py>=1.0.0 (from tensorflow)
#7 2.120   Downloading absl_py-2.3.1-py3-none-any.whl.metadata (3.3 kB)
#7 2.154 Collecting astunparse>=1.6.0 (from tensorflow)
#7 2.165   Downloading astunparse-1.6.3-py2.py3-none-any.whl.metadata (4.4 kB)
#7 2.198 Collecting flatbuffers>=24.3.25 (from tensorflow)
#7 2.207   Downloading flatbuffers-25.9.23-py2.py3-none-any.whl.metadata (875 bytes)
#7 2.246 Collecting gast!=0.5.0,!=0.5.1,!=0.5.2,>=0.2.1 (from tensorflow)
#7 2.255   Downloading gast-0.6.0-py3-none-any.whl.metadata (1.3 kB)
#7 2.291 Collecting google_pasta>=0.1.1 (from tensorflow)
#7 2.300   Downloading google_pasta-0.2.0-py3-none-any.whl.metadata (814 bytes)
#7 2.339 Collecting libclang>=13.0.0 (from tensorflow)
#7 2.348   Downloading libclang-18.1.1-py2.py3-none-manylinux2010_x86_64.whl.metadata (5.2 kB)
#7 2.480 Collecting opt_einsum>=2.3.2 (from tensorflow)
#7 2.489   Downloading opt_einsum-3.4.0-py3-none-any.whl.metadata (6.3 kB)
#7 2.538 Collecting packaging (from tensorflow)
#7 2.546   Downloading packaging-25.0-py3-none-any.whl.metadata (3.3 kB)
#7 2.743 Collecting protobuf>=5.28.0 (from tensorflow)
#7 2.754   Downloading protobuf-6.33.0-cp39-abi3-manylinux2014_x86_64.whl.metadata (593 bytes)
#7 2.809 Collecting requests<3,>=2.21.0 (from tensorflow)
#7 2.818   Downloading requests-2.32.5-py3-none-any.whl.metadata (4.9 kB)
#7 2.829 Requirement already satisfied: setuptools in /usr/local/lib/python3.11/site-packages (from tensorflow) (79.0.1)
#7 2.856 Collecting six>=1.12.0 (from tensorflow)
#7 2.864   Downloading six-1.17.0-py2.py3-none-any.whl.metadata (1.7 kB)
#7 2.899 Collecting termcolor>=1.1.0 (from tensorflow)
#7 2.908   Downloading termcolor-3.2.0-py3-none-any.whl.metadata (6.4 kB)
#7 2.953 Collecting typing_extensions>=3.6.6 (from tensorflow)
#7 2.961   Downloading typing_extensions-4.15.0-py3-none-any.whl.metadata (3.3 kB)
#7 3.101 Collecting wrapt>=1.11.0 (from tensorflow)
#7 3.109   Downloading wrapt-2.0.0-cp311-cp311-manylinux1_x86_64.manylinux_2_28_x86_64.manylinux_2_5_x86_64.whl.metadata (8.8 kB)
#7 3.589 Collecting grpcio<2.0,>=1.24.3 (from tensorflow)
#7 3.600   Downloading grpcio-1.76.0-cp311-cp311-manylinux2014_x86_64.manylinux_2_17_x86_64.whl.metadata (3.7 kB)
#7 3.649 Collecting tensorboard~=2.20.0 (from tensorflow)
#7 3.659   Downloading tensorboard-2.20.0-py3-none-any.whl.metadata (1.8 kB)
#7 3.707 Collecting keras>=3.10.0 (from tensorflow)
#7 3.716   Downloading keras-3.12.0-py3-none-any.whl.metadata (5.9 kB)
#7 3.933 Collecting numpy>=1.26.0 (from tensorflow)
#7 3.945   Downloading numpy-2.3.4-cp311-cp311-manylinux_2_27_x86_64.manylinux_2_28_x86_64.whl.metadata (62 kB)
#7 3.963      ━━━━━━━━━━━━━━━━━━━━━━━━━━━━━━━━━━━━━━━━ 62.1/62.1 kB 3.2 MB/s eta 0:00:00
#7 4.025 Collecting h5py>=3.11.0 (from tensorflow)
#7 4.034   Downloading h5py-3.15.1-cp311-cp311-manylinux_2_27_x86_64.manylinux_2_28_x86_64.whl.metadata (3.0 kB)
#7 4.085 Collecting ml_dtypes<1.0.0,>=0.5.1 (from tensorflow)
#7 4.095   Downloading ml_dtypes-0.5.3-cp311-cp311-manylinux_2_27_x86_64.manylinux_2_28_x86_64.whl.metadata (8.9 kB)
#7 4.109 Requirement already satisfied: wheel<1.0,>=0.23.0 in /usr/local/lib/python3.11/site-packages (from astunparse>=1.6.0->tensorflow) (0.45.1)
#7 4.211 Collecting rich (from keras>=3.10.0->tensorflow)
#7 4.220   Downloading rich-14.2.0-py3-none-any.whl.metadata (18 kB)
#7 4.254 Collecting namex (from keras>=3.10.0->tensorflow)
#7 4.263   Downloading namex-0.1.0-py3-none-any.whl.metadata (322 bytes)
#7 4.356 Collecting optree (from keras>=3.10.0->tensorflow)
#7 4.366   Downloading optree-0.17.0-cp311-cp311-manylinux_2_27_x86_64.manylinux_2_28_x86_64.whl.metadata (33 kB)
#7 4.498 Collecting charset_normalizer<4,>=2 (from requests<3,>=2.21.0->tensorflow)
#7 4.507   Downloading charset_normalizer-3.4.4-cp311-cp311-manylinux2014_x86_64.manylinux_2_17_x86_64.manylinux_2_28_x86_64.whl.metadata (37 kB)
#7 4.545 Collecting idna<4,>=2.5 (from requests<3,>=2.21.0->tensorflow)
#7 4.553   Downloading idna-3.11-py3-none-any.whl.metadata (8.4 kB)
#7 4.614 Collecting urllib3<3,>=1.21.1 (from requests<3,>=2.21.0->tensorflow)
#7 4.622   Downloading urllib3-2.5.0-py3-none-any.whl.metadata (6.5 kB)
#7 4.665 Collecting certifi>=2017.4.17 (from requests<3,>=2.21.0->tensorflow)
#7 4.674   Downloading certifi-2025.10.5-py3-none-any.whl.metadata (2.5 kB)
#7 4.774 Collecting markdown>=2.6.8 (from tensorboard~=2.20.0->tensorflow)
#7 4.782   Downloading markdown-3.9-py3-none-any.whl.metadata (5.1 kB)
#7 5.045 Collecting pillow (from tensorboard~=2.20.0->tensorflow)
#7 5.054   Downloading pillow-12.0.0-cp311-cp311-manylinux_2_27_x86_64.manylinux_2_28_x86_64.whl.metadata (8.8 kB)
#7 5.110 Collecting tensorboard-data-server<0.8.0,>=0.7.0 (from tensorboard~=2.20.0->tensorflow)
#7 5.118   Downloading tensorboard_data_server-0.7.2-py3-none-manylinux_2_31_x86_64.whl.metadata (1.1 kB)
#7 5.170 Collecting werkzeug>=1.0.1 (from tensorboard~=2.20.0->tensorflow)
#7 5.178   Downloading werkzeug-3.1.3-py3-none-any.whl.metadata (3.7 kB)
#7 5.322 Collecting MarkupSafe>=2.1.1 (from werkzeug>=1.0.1->tensorboard~=2.20.0->tensorflow)
#7 5.330   Downloading markupsafe-3.0.3-cp311-cp311-manylinux2014_x86_64.manylinux_2_17_x86_64.manylinux_2_28_x86_64.whl.metadata (2.7 kB)
#7 5.417 Collecting markdown-it-py>=2.2.0 (from rich->keras>=3.10.0->tensorflow)
#7 5.425   Downloading markdown_it_py-4.0.0-py3-none-any.whl.metadata (7.3 kB)
#7 5.474 Collecting pygments<3.0.0,>=2.13.0 (from rich->keras>=3.10.0->tensorflow)
#7 5.484   Downloading pygments-2.19.2-py3-none-any.whl.metadata (2.5 kB)
#7 5.532 Collecting mdurl~=0.1 (from markdown-it-py>=2.2.0->rich->keras>=3.10.0->tensorflow)
#7 5.542   Downloading mdurl-0.1.2-py3-none-any.whl.metadata (1.6 kB)
#7 5.580 Downloading tensorflow-2.20.0-cp311-cp311-manylinux_2_17_x86_64.manylinux2014_x86_64.whl (620.6 MB)
#7 28.65    ━━━━━━━━━━━━━━━━━━━━━━━━━━━━━━━━━━━━━━━━ 620.6/620.6 MB 3.2 MB/s eta 0:00:00
#7 28.66 Downloading absl_py-2.3.1-py3-none-any.whl (135 kB)
#7 28.67    ━━━━━━━━━━━━━━━━━━━━━━━━━━━━━━━━━━━━━━━━ 135.8/135.8 kB 10.1 MB/s eta 0:00:00
#7 28.68 Downloading astunparse-1.6.3-py2.py3-none-any.whl (12 kB)
#7 28.70 Downloading flatbuffers-25.9.23-py2.py3-none-any.whl (30 kB)
#7 28.72 Downloading gast-0.6.0-py3-none-any.whl (21 kB)
#7 28.74 Downloading google_pasta-0.2.0-py3-none-any.whl (57 kB)
#7 28.75    ━━━━━━━━━━━━━━━━━━━━━━━━━━━━━━━━━━━━━━━━ 57.5/57.5 kB 4.5 MB/s eta 0:00:00
#7 28.76 Downloading grpcio-1.76.0-cp311-cp311-manylinux2014_x86_64.manylinux_2_17_x86_64.whl (6.6 MB)
#7 29.00    ━━━━━━━━━━━━━━━━━━━━━━━━━━━━━━━━━━━━━━━━ 6.6/6.6 MB 27.3 MB/s eta 0:00:00
#7 29.01 Downloading h5py-3.15.1-cp311-cp311-manylinux_2_27_x86_64.manylinux_2_28_x86_64.whl (4.7 MB)
#7 29.19    ━━━━━━━━━━━━━━━━━━━━━━━━━━━━━━━━━━━━━━━━ 4.7/4.7 MB 26.4 MB/s eta 0:00:00
#7 29.20 Downloading keras-3.12.0-py3-none-any.whl (1.5 MB)
#7 29.26    ━━━━━━━━━━━━━━━━━━━━━━━━━━━━━━━━━━━━━━━━ 1.5/1.5 MB 25.5 MB/s eta 0:00:00
#7 29.27 Downloading libclang-18.1.1-py2.py3-none-manylinux2010_x86_64.whl (24.5 MB)
#7 30.16    ━━━━━━━━━━━━━━━━━━━━━━━━━━━━━━━━━━━━━━━━ 24.5/24.5 MB 22.9 MB/s eta 0:00:00
#7 30.17 Downloading ml_dtypes-0.5.3-cp311-cp311-manylinux_2_27_x86_64.manylinux_2_28_x86_64.whl (4.9 MB)
#7 30.36    ━━━━━━━━━━━━━━━━━━━━━━━━━━━━━━━━━━━━━━━━ 4.9/4.9 MB 26.4 MB/s eta 0:00:00
#7 30.37 Downloading numpy-2.3.4-cp311-cp311-manylinux_2_27_x86_64.manylinux_2_28_x86_64.whl (16.9 MB)
#7 30.99    ━━━━━━━━━━━━━━━━━━━━━━━━━━━━━━━━━━━━━━━━ 16.9/16.9 MB 25.0 MB/s eta 0:00:00
#7 31.00 Downloading opt_einsum-3.4.0-py3-none-any.whl (71 kB)
#7 31.01    ━━━━━━━━━━━━━━━━━━━━━━━━━━━━━━━━━━━━━━━━ 71.9/71.9 kB 6.6 MB/s eta 0:00:00
#7 31.02 Downloading protobuf-6.33.0-cp39-abi3-manylinux2014_x86_64.whl (323 kB)
#7 31.04    ━━━━━━━━━━━━━━━━━━━━━━━━━━━━━━━━━━━━━━━━ 323.2/323.2 kB 17.8 MB/s eta 0:00:00
#7 31.05 Downloading requests-2.32.5-py3-none-any.whl (64 kB)
#7 31.06    ━━━━━━━━━━━━━━━━━━━━━━━━━━━━━━━━━━━━━━━━ 64.7/64.7 kB 5.7 MB/s eta 0:00:00
#7 31.07 Downloading six-1.17.0-py2.py3-none-any.whl (11 kB)
#7 31.08 Downloading tensorboard-2.20.0-py3-none-any.whl (5.5 MB)
#7 31.29    ━━━━━━━━━━━━━━━━━━━━━━━━━━━━━━━━━━━━━━━━ 5.5/5.5 MB 27.3 MB/s eta 0:00:00
#7 31.30 Downloading termcolor-3.2.0-py3-none-any.whl (7.7 kB)
#7 31.31 Downloading typing_extensions-4.15.0-py3-none-any.whl (44 kB)
#7 31.33    ━━━━━━━━━━━━━━━━━━━━━━━━━━━━━━━━━━━━━━━━ 44.6/44.6 kB 3.5 MB/s eta 0:00:00
#7 31.33 Downloading wrapt-2.0.0-cp311-cp311-manylinux1_x86_64.manylinux_2_28_x86_64.manylinux_2_5_x86_64.whl (114 kB)
#7 31.35    ━━━━━━━━━━━━━━━━━━━━━━━━━━━━━━━━━━━━━━━━ 114.1/114.1 kB 8.8 MB/s eta 0:00:00
#7 31.36 Downloading packaging-25.0-py3-none-any.whl (66 kB)
#7 31.37    ━━━━━━━━━━━━━━━━━━━━━━━━━━━━━━━━━━━━━━━━ 66.5/66.5 kB 4.1 MB/s eta 0:00:00
#7 31.38 Downloading certifi-2025.10.5-py3-none-any.whl (163 kB)
#7 31.39    ━━━━━━━━━━━━━━━━━━━━━━━━━━━━━━━━━━━━━━━━ 163.3/163.3 kB 11.6 MB/s eta 0:00:00
#7 31.40 Downloading charset_normalizer-3.4.4-cp311-cp311-manylinux2014_x86_64.manylinux_2_17_x86_64.manylinux_2_28_x86_64.whl (151 kB)
#7 31.42    ━━━━━━━━━━━━━━━━━━━━━━━━━━━━━━━━━━━━━━━━ 151.6/151.6 kB 10.2 MB/s eta 0:00:00
#7 31.43 Downloading idna-3.11-py3-none-any.whl (71 kB)
#7 31.44    ━━━━━━━━━━━━━━━━━━━━━━━━━━━━━━━━━━━━━━━━ 71.0/71.0 kB 5.7 MB/s eta 0:00:00
#7 31.45 Downloading markdown-3.9-py3-none-any.whl (107 kB)
#7 31.46    ━━━━━━━━━━━━━━━━━━━━━━━━━━━━━━━━━━━━━━━━ 107.4/107.4 kB 8.6 MB/s eta 0:00:00
#7 31.47 Downloading tensorboard_data_server-0.7.2-py3-none-manylinux_2_31_x86_64.whl (6.6 MB)
#7 31.72    ━━━━━━━━━━━━━━━━━━━━━━━━━━━━━━━━━━━━━━━━ 6.6/6.6 MB 26.6 MB/s eta 0:00:00
#7 31.73 Downloading urllib3-2.5.0-py3-none-any.whl (129 kB)
#7 31.74    ━━━━━━━━━━━━━━━━━━━━━━━━━━━━━━━━━━━━━━━━ 129.8/129.8 kB 9.9 MB/s eta 0:00:00
#7 31.75 Downloading werkzeug-3.1.3-py3-none-any.whl (224 kB)
#7 31.77    ━━━━━━━━━━━━━━━━━━━━━━━━━━━━━━━━━━━━━━━━ 224.5/224.5 kB 13.2 MB/s eta 0:00:00
#7 31.77 Downloading namex-0.1.0-py3-none-any.whl (5.9 kB)
#7 31.79 Downloading optree-0.17.0-cp311-cp311-manylinux_2_27_x86_64.manylinux_2_28_x86_64.whl (402 kB)
#7 31.82    ━━━━━━━━━━━━━━━━━━━━━━━━━━━━━━━━━━━━━━━━ 402.0/402.0 kB 18.2 MB/s eta 0:00:00
#7 31.83 Downloading pillow-12.0.0-cp311-cp311-manylinux_2_27_x86_64.manylinux_2_28_x86_64.whl (7.0 MB)
#7 32.10    ━━━━━━━━━━━━━━━━━━━━━━━━━━━━━━━━━━━━━━━━ 7.0/7.0 MB 25.9 MB/s eta 0:00:00
#7 32.11 Downloading rich-14.2.0-py3-none-any.whl (243 kB)
#7 32.13    ━━━━━━━━━━━━━━━━━━━━━━━━━━━━━━━━━━━━━━━━ 243.4/243.4 kB 14.5 MB/s eta 0:00:00
#7 32.14 Downloading markdown_it_py-4.0.0-py3-none-any.whl (87 kB)
#7 32.15    ━━━━━━━━━━━━━━━━━━━━━━━━━━━━━━━━━━━━━━━━ 87.3/87.3 kB 6.1 MB/s eta 0:00:00
#7 32.16 Downloading markupsafe-3.0.3-cp311-cp311-manylinux2014_x86_64.manylinux_2_17_x86_64.manylinux_2_28_x86_64.whl (22 kB)
#7 32.18 Downloading pygments-2.19.2-py3-none-any.whl (1.2 MB)
#7 32.23    ━━━━━━━━━━━━━━━━━━━━━━━━━━━━━━━━━━━━━━━━ 1.2/1.2 MB 25.3 MB/s eta 0:00:00
#7 32.24 Downloading mdurl-0.1.2-py3-none-any.whl (10.0 kB)
#7 33.99 Installing collected packages: namex, libclang, flatbuffers, wrapt, urllib3, typing_extensions, termcolor, tensorboard-data-server, six, pygments, protobuf, pillow, packaging, opt_einsum, numpy, mdurl, MarkupSafe, markdown, idna, gast, charset_normalizer, certifi, absl-py, werkzeug, requests, optree, ml_dtypes, markdown-it-py, h5py, grpcio, google_pasta, astunparse, tensorboard, rich, keras, tensorflow
#7 49.37 Successfully installed MarkupSafe-3.0.3 absl-py-2.3.1 astunparse-1.6.3 certifi-2025.10.5 charset_normalizer-3.4.4 flatbuffers-25.9.23 gast-0.6.0 google_pasta-0.2.0 grpcio-1.76.0 h5py-3.15.1 idna-3.11 keras-3.12.0 libclang-18.1.1 markdown-3.9 markdown-it-py-4.0.0 mdurl-0.1.2 ml_dtypes-0.5.3 namex-0.1.0 numpy-2.3.4 opt_einsum-3.4.0 optree-0.17.0 packaging-25.0 pillow-12.0.0 protobuf-6.33.0 pygments-2.19.2 requests-2.32.5 rich-14.2.0 six-1.17.0 tensorboard-2.20.0 tensorboard-data-server-0.7.2 tensorflow-2.20.0 termcolor-3.2.0 typing_extensions-4.15.0 urllib3-2.5.0 werkzeug-3.1.3 wrapt-2.0.0
#7 49.37 WARNING: Running pip as the 'root' user can result in broken permissions and conflicting behaviour with the system package manager. It is recommended to use a virtual environment instead: https://pip.pypa.io/warnings/venv
#7 49.46 
#7 49.46 [notice] A new release of pip is available: 24.0 -> 25.3
#7 49.46 [notice] To update, run: pip install --upgrade pip
#7 DONE 61.6s

#8 exporting to image
#8 exporting layers
#8 exporting layers 9.0s done
#8 writing image sha256:cb3920df2d02b5cade42f0653da919a3730068d1c8fdd0455cd378c68f96d8a5 done
#8 naming to docker.io/library/test-image-14f34c2b8153d9b4f336df8535b3416a done
#8 DONE 9.0s

View build details: docker-desktop://dashboard/build/default/default/jg3abnvhphho6pia220ajutoh
[2025-10-29 12:16:55] SUCCESS: Build completed for 14f34c2b8153d9b4f336df8535b3416a
