=== Docker Build Log for 3167162 ===
Started at: Mi 29. Okt 13:43:05 CET 2025

[2025-10-29 13:43:05] START: Building image for 3167162
#0 building with "default" instance using docker driver

#1 [internal] load build definition from Dockerfile
#1 transferring dockerfile: 160B done
#1 DONE 0.0s

#2 [internal] load metadata for docker.io/library/python:3.11
#2 DONE 0.0s

#3 [internal] load .dockerignore
#3 transferring context: 2B done
#3 DONE 0.0s

#4 [internal] load build context
#4 transferring context: 627B 0.0s done
#4 DONE 0.0s

#5 [1/3] FROM docker.io/library/python:3.11
#5 CACHED

#6 [2/3] COPY hard-gists/3167162/snippet.py /snippet.py
#6 DONE 0.1s

#7 [3/3] RUN ["pip","install","hou"]
#7 1.975 Collecting hou
#7 2.112   Downloading hou-0.1.0-py3-none-any.whl.metadata (288 bytes)
#7 2.237 Downloading hou-0.1.0-py3-none-any.whl (1.3 kB)
#7 2.290 Installing collected packages: hou
#7 2.307 Successfully installed hou-0.1.0
#7 2.307 WARNING: Running pip as the 'root' user can result in broken permissions and conflicting behaviour with the system package manager. It is recommended to use a virtual environment instead: https://pip.pypa.io/warnings/venv
#7 2.397 
#7 2.397 [notice] A new release of pip is available: 24.0 -> 25.3
#7 2.397 [notice] To update, run: pip install --upgrade pip
#7 DONE 2.5s

#8 exporting to image
#8 exporting layers 0.1s done
#8 writing image sha256:61dbaccdd21d40e6c697ca536dfa41d6b088e169fd36c126bc6f3f23acb7065d done
#8 naming to docker.io/library/test-image-3167162 done
#8 DONE 0.1s

View build details: docker-desktop://dashboard/build/default/default/5ahwx7e2vkwe7knrrdh6wl89z
[2025-10-29 13:43:08] SUCCESS: Build completed for 3167162
