=== Docker Build Log for dbb593a597acb2c0b93b ===
Started at: Mi 29. Okt 20:32:23 CET 2025

[2025-10-29 20:32:23] START: Building image for dbb593a597acb2c0b93b
#0 building with "default" instance using docker driver

#1 [internal] load build definition from Dockerfile
#1 transferring dockerfile: 145B done
#1 DONE 0.0s

#2 [internal] load metadata for docker.io/library/python:3.11
#2 DONE 0.0s

#3 [internal] load .dockerignore
#3 transferring context: 2B done
#3 DONE 0.0s

#4 [internal] load build context
#4 transferring context: 982B 0.0s done
#4 DONE 0.0s

#5 [1/2] FROM docker.io/library/python:3.11
#5 CACHED

#6 [2/2] COPY hard-gists/dbb593a597acb2c0b93b/snippet.py /snippet.py
#6 DONE 0.1s

#7 exporting to image
#7 exporting layers 0.0s done
#7 writing image sha256:371979f094abbe3c9542d7016dfdfd1e8fb9b04520e6ed30996e4d7a91730ff2 done
#7 naming to docker.io/library/test-image-dbb593a597acb2c0b93b done
#7 DONE 0.1s

View build details: docker-desktop://dashboard/build/default/default/b5fhw78rgjyl52ugarcgjurvb
[2025-10-29 20:32:23] SUCCESS: Build completed for dbb593a597acb2c0b93b
