=== Docker Run Log for 8172807 ===
Started at: Mi 29. Okt 17:40:47 CET 2025

[2025-10-29 17:40:50] START: Running container for 8172807
[2025-10-29 17:40:50] SUCCESS: Container 738d28b2cb737f7e31750fa396a9b4fed00867b83512bb7c99aee610ff175682 started for 8172807
=== Container logs for 8172807 ===
Traceback (most recent call last):
  File "/snippet.py", line 2, in <module>
    from mpi4py import MPI
  File "<frozen importlib._bootstrap>", line 1176, in _find_and_load
  File "<frozen importlib._bootstrap>", line 1138, in _find_and_load_unlocked
  File "<frozen importlib._bootstrap>", line 1078, in _find_spec
  File "/usr/local/lib/python3.11/site-packages/mpi4py/_mpiabi.py", line 290, in find_spec
    mpiabi_suffix = _get_mpiabi_suffix(fullname)
                    ^^^^^^^^^^^^^^^^^^^^^^^^^^^^
  File "/usr/local/lib/python3.11/site-packages/mpi4py/_mpiabi.py", line 276, in _get_mpiabi_suffix
    mpiabi = _get_mpiabi()
             ^^^^^^^^^^^^^
  File "/usr/local/lib/python3.11/site-packages/mpi4py/_mpiabi.py", line 258, in _get_mpiabi
    mpiabi = _get_mpiabi_from_libmpi(libmpi)
             ^^^^^^^^^^^^^^^^^^^^^^^^^^^^^^^
  File "/usr/local/lib/python3.11/site-packages/mpi4py/_mpiabi.py", line 217, in _get_mpiabi_from_libmpi
    lib = _dlopen_libmpi(libmpi)
          ^^^^^^^^^^^^^^^^^^^^^^
  File "/usr/local/lib/python3.11/site-packages/mpi4py/_mpiabi.py", line 210, in _dlopen_libmpi
    raise RuntimeError("\n".join(errors))
RuntimeError: cannot load MPI library
/root/.local/lib: cannot open shared object file: No such file or directory
/usr/local/lib/libmpi.so: cannot open shared object file: No such file or directory
/usr/local/lib/libmpi.so.12: cannot open shared object file: No such file or directory
/usr/local/lib/libmpi.so.40: cannot open shared object file: No such file or directory
libmpi.so: cannot open shared object file: No such file or directory
libmpi.so.12: cannot open shared object file: No such file or directory
libmpi.so.40: cannot open shared object file: No such file or directory
=== End of logs for 8172807 ===
[2025-10-29 17:40:52] INFO: Container 738d28b2cb737f7e31750fa396a9b4fed00867b83512bb7c99aee610ff175682 has stopped
