=== Docker Build Log for 5297676 ===
Started at: Mi 29. Okt 15:33:25 CET 2025

[2025-10-29 15:33:25] START: Building image for 5297676
#0 building with "default" instance using docker driver

#1 [internal] load build definition from Dockerfile
#1 transferring dockerfile: 162B done
#1 DONE 0.0s

#2 [internal] load metadata for docker.io/library/python:3.11
#2 DONE 0.0s

#3 [internal] load .dockerignore
#3 transferring context: 2B done
#3 DONE 0.0s

#4 [internal] load build context
#4 transferring context: 4.63kB 0.0s done
#4 DONE 0.0s

#5 [1/3] FROM docker.io/library/python:3.11
#5 CACHED

#6 [2/3] COPY hard-gists/5297676/snippet.py /snippet.py
#6 DONE 0.1s

#7 [3/3] RUN ["pip","install","scene"]
#7 1.974 Collecting scene
#7 2.022   Downloading scene-0.0.1.tar.gz (4.3 kB)
#7 2.036   Preparing metadata (setup.py): started
#7 2.425   Preparing metadata (setup.py): finished with status 'done'
#7 2.427 Building wheels for collected packages: scene
#7 2.428   Building wheel for scene (setup.py): started
#7 2.591   Building wheel for scene (setup.py): finished with status 'done'
#7 2.591   Created wheel for scene: filename=scene-0.0.1-py2.py3-none-any.whl size=3300 sha256=6ce59f07119c5e66d583e588c0058bf67cbd6c5cf063a66b3909453f7bd85bbb
#7 2.591   Stored in directory: /root/.cache/pip/wheels/8d/92/cb/ec23387ed573b50de008a60ab148d18dac724dd0e65cd18715
#7 2.595 Successfully built scene
#7 2.624 Installing collected packages: scene
#7 2.637 Successfully installed scene-0.0.1
#7 2.638 WARNING: Running pip as the 'root' user can result in broken permissions and conflicting behaviour with the system package manager. It is recommended to use a virtual environment instead: https://pip.pypa.io/warnings/venv
#7 2.731 
#7 2.731 [notice] A new release of pip is available: 24.0 -> 25.3
#7 2.731 [notice] To update, run: pip install --upgrade pip
#7 DONE 2.9s

#8 exporting to image
#8 exporting layers 0.1s done
#8 writing image sha256:800870a3cf80313ebd1e09ad9955dbf86a6b53291543809368ccb8db1e38641d done
#8 naming to docker.io/library/test-image-5297676 done
#8 DONE 0.2s

View build details: docker-desktop://dashboard/build/default/default/420wearx4zmc4akj6n0n8sdhc
[2025-10-29 15:33:29] SUCCESS: Build completed for 5297676
