=== Docker Build Log for 1140516 ===
Started at: Mi 29. Okt 11:56:13 CET 2025

[2025-10-29 11:56:13] START: Building image for 1140516
#0 building with "default" instance using docker driver

#1 [internal] load build definition from Dockerfile
#1 transferring dockerfile: 234B done
#1 DONE 0.0s

#2 [internal] load metadata for docker.io/library/python:3.11
#2 DONE 0.0s

#3 [internal] load .dockerignore
#3 transferring context: 2B done
#3 DONE 0.0s

#4 [internal] load build context
#4 transferring context: 1.64kB 0.0s done
#4 DONE 0.0s

#5 [1/5] FROM docker.io/library/python:3.11
#5 CACHED

#6 [2/5] COPY hard-gists/1140516/snippet.py /snippet.py
#6 DONE 0.1s

#7 [3/5] RUN ["pip","install","dj.choices"]
#7 2.284 Collecting dj.choices
#7 2.319   Downloading dj.choices-0.11.0.tar.gz (28 kB)
#7 2.338   Preparing metadata (setup.py): started
#7 2.757   Preparing metadata (setup.py): finished with status 'done'
#7 2.878 Collecting django (from dj.choices)
#7 2.887   Downloading django-5.2.7-py3-none-any.whl.metadata (4.1 kB)
#7 2.926 Collecting six (from dj.choices)
#7 2.934   Downloading six-1.17.0-py2.py3-none-any.whl.metadata (1.7 kB)
#7 2.985 Collecting asgiref>=3.8.1 (from django->dj.choices)
#7 2.993   Downloading asgiref-3.10.0-py3-none-any.whl.metadata (9.3 kB)
#7 3.032 Collecting sqlparse>=0.3.1 (from django->dj.choices)
#7 3.039   Downloading sqlparse-0.5.3-py3-none-any.whl.metadata (3.9 kB)
#7 3.067 Downloading django-5.2.7-py3-none-any.whl (8.3 MB)
#7 3.415    ━━━━━━━━━━━━━━━━━━━━━━━━━━━━━━━━━━━━━━━━ 8.3/8.3 MB 24.0 MB/s eta 0:00:00
#7 3.423 Downloading six-1.17.0-py2.py3-none-any.whl (11 kB)
#7 3.440 Downloading asgiref-3.10.0-py3-none-any.whl (24 kB)
#7 3.457 Downloading sqlparse-0.5.3-py3-none-any.whl (44 kB)
#7 3.468    ━━━━━━━━━━━━━━━━━━━━━━━━━━━━━━━━━━━━━━━━ 44.4/44.4 kB 3.7 MB/s eta 0:00:00
#7 3.508 Building wheels for collected packages: dj.choices
#7 3.509   Building wheel for dj.choices (setup.py): started
#7 3.688   Building wheel for dj.choices (setup.py): finished with status 'done'
#7 3.688   Created wheel for dj.choices: filename=dj_choices-0.11.0-py3-none-any.whl size=28716 sha256=71e5fd236d0d888589c944a79bbd33b375e0f7b98f3613d563a1e644514568af
#7 3.688   Stored in directory: /root/.cache/pip/wheels/97/38/bd/4ca089ff8ffdead6a07e7af033d36d74a01ab7a37e70797942
#7 3.691 Successfully built dj.choices
#7 3.748 Installing collected packages: sqlparse, six, asgiref, django, dj.choices
#7 5.543 Successfully installed asgiref-3.10.0 dj.choices-0.11.0 django-5.2.7 six-1.17.0 sqlparse-0.5.3
#7 5.543 WARNING: Running pip as the 'root' user can result in broken permissions and conflicting behaviour with the system package manager. It is recommended to use a virtual environment instead: https://pip.pypa.io/warnings/venv
#7 5.670 
#7 5.670 [notice] A new release of pip is available: 24.0 -> 25.3
#7 5.670 [notice] To update, run: pip install --upgrade pip
#7 DONE 6.1s

#8 [4/5] RUN ["pip","install","Django"]
#8 0.490 Requirement already satisfied: Django in /usr/local/lib/python3.11/site-packages (5.2.7)
#8 0.494 Requirement already satisfied: asgiref>=3.8.1 in /usr/local/lib/python3.11/site-packages (from Django) (3.10.0)
#8 0.495 Requirement already satisfied: sqlparse>=0.3.1 in /usr/local/lib/python3.11/site-packages (from Django) (0.5.3)
#8 0.544 WARNING: Running pip as the 'root' user can result in broken permissions and conflicting behaviour with the system package manager. It is recommended to use a virtual environment instead: https://pip.pypa.io/warnings/venv
#8 0.550 
#8 0.550 [notice] A new release of pip is available: 24.0 -> 25.3
#8 0.550 [notice] To update, run: pip install --upgrade pip
#8 DONE 0.6s

#9 [5/5] RUN ["pip","install","django_db"]
#9 0.585 Collecting django_db
#9 0.623   Downloading django_db-0.0.7.tar.gz (1.7 kB)
#9 0.636   Preparing metadata (setup.py): started
#9 0.766   Preparing metadata (setup.py): finished with status 'done'
#9 0.769 Requirement already satisfied: django in /usr/local/lib/python3.11/site-packages (from django_db) (5.2.7)
#9 0.808 Collecting pymysql (from django_db)
#9 0.818   Downloading pymysql-1.1.2-py3-none-any.whl.metadata (4.3 kB)
#9 0.833 Requirement already satisfied: asgiref>=3.8.1 in /usr/local/lib/python3.11/site-packages (from django->django_db) (3.10.0)
#9 0.834 Requirement already satisfied: sqlparse>=0.3.1 in /usr/local/lib/python3.11/site-packages (from django->django_db) (0.5.3)
#9 0.850 Downloading pymysql-1.1.2-py3-none-any.whl (45 kB)
#9 0.866    ━━━━━━━━━━━━━━━━━━━━━━━━━━━━━━━━━━━━━━━━ 45.3/45.3 kB 2.5 MB/s eta 0:00:00
#9 0.870 Building wheels for collected packages: django_db
#9 0.875   Building wheel for django_db (setup.py): started
#9 1.030   Building wheel for django_db (setup.py): finished with status 'done'
#9 1.030   Created wheel for django_db: filename=django_db-0.0.7-py3-none-any.whl size=2255 sha256=a3ad7f5679f0e09d3c0cfc808d21273aaa5ddd33018cf342c80582f03e657e8a
#9 1.031   Stored in directory: /root/.cache/pip/wheels/f7/0e/96/7f32f483dc1709e3218e0b811ef87a1457795bc45d221f1ac2
#9 1.032 Successfully built django_db
#9 1.077 Installing collected packages: pymysql, django_db
#9 1.147 Successfully installed django_db-0.0.7 pymysql-1.1.2
#9 1.147 WARNING: Running pip as the 'root' user can result in broken permissions and conflicting behaviour with the system package manager. It is recommended to use a virtual environment instead: https://pip.pypa.io/warnings/venv
#9 1.153 
#9 1.153 [notice] A new release of pip is available: 24.0 -> 25.3
#9 1.153 [notice] To update, run: pip install --upgrade pip
#9 DONE 1.2s

#10 exporting to image
#10 exporting layers
#10 exporting layers 0.7s done
#10 writing image sha256:29e7b4834613635a38335ff83bed25066362cae219840d320b82b668d984f8e8 done
#10 naming to docker.io/library/test-image-1140516 done
#10 DONE 0.7s

View build details: docker-desktop://dashboard/build/default/default/ss7h9021207rbh002o7xmf1mk
[2025-10-29 11:56:22] SUCCESS: Build completed for 1140516
