=== Docker Build Log for d68467b87bc50e04c41e ===
Started at: Mi 29. Okt 20:27:15 CET 2025

[2025-10-29 20:27:15] START: Building image for d68467b87bc50e04c41e
#0 building with "default" instance using docker driver

#1 [internal] load build definition from Dockerfile
#1 transferring dockerfile: 237B done
#1 DONE 0.0s

#2 [internal] load metadata for docker.io/library/python:3.11
#2 DONE 0.0s

#3 [internal] load .dockerignore
#3 transferring context: 2B done
#3 DONE 0.0s

#4 [internal] load build context
#4 transferring context: 2.40kB 0.0s done
#4 DONE 0.0s

#5 [1/5] FROM docker.io/library/python:3.11
#5 CACHED

#6 [2/5] COPY hard-gists/d68467b87bc50e04c41e/snippet.py /snippet.py
#6 DONE 0.1s

#7 [3/5] RUN ["pip","install","h5py"]
#7 1.899 Collecting h5py
#7 1.934   Downloading h5py-3.15.1-cp311-cp311-manylinux_2_27_x86_64.manylinux_2_28_x86_64.whl.metadata (3.0 kB)
#7 2.128 Collecting numpy>=1.21.2 (from h5py)
#7 2.137   Downloading numpy-2.3.4-cp311-cp311-manylinux_2_27_x86_64.manylinux_2_28_x86_64.whl.metadata (62 kB)
#7 2.156      ━━━━━━━━━━━━━━━━━━━━━━━━━━━━━━━━━━━━━━━━ 62.1/62.1 kB 2.9 MB/s eta 0:00:00
#7 2.173 Downloading h5py-3.15.1-cp311-cp311-manylinux_2_27_x86_64.manylinux_2_28_x86_64.whl (4.7 MB)
#7 2.381    ━━━━━━━━━━━━━━━━━━━━━━━━━━━━━━━━━━━━━━━━ 4.7/4.7 MB 22.8 MB/s eta 0:00:00
#7 2.394 Downloading numpy-2.3.4-cp311-cp311-manylinux_2_27_x86_64.manylinux_2_28_x86_64.whl (16.9 MB)
#7 3.192    ━━━━━━━━━━━━━━━━━━━━━━━━━━━━━━━━━━━━━━━━ 16.9/16.9 MB 17.5 MB/s eta 0:00:00
#7 3.284 Installing collected packages: numpy, h5py
#7 4.840 Successfully installed h5py-3.15.1 numpy-2.3.4
#7 4.840 WARNING: Running pip as the 'root' user can result in broken permissions and conflicting behaviour with the system package manager. It is recommended to use a virtual environment instead: https://pip.pypa.io/warnings/venv
#7 4.937 
#7 4.937 [notice] A new release of pip is available: 24.0 -> 25.3
#7 4.937 [notice] To update, run: pip install --upgrade pip
#7 DONE 6.1s

#8 [4/5] RUN ["pip","install","pillow"]
#8 0.687 Collecting pillow
#8 0.728   Downloading pillow-12.0.0-cp311-cp311-manylinux_2_27_x86_64.manylinux_2_28_x86_64.whl.metadata (8.8 kB)
#8 0.776 Downloading pillow-12.0.0-cp311-cp311-manylinux_2_27_x86_64.manylinux_2_28_x86_64.whl (7.0 MB)
#8 1.073    ━━━━━━━━━━━━━━━━━━━━━━━━━━━━━━━━━━━━━━━━ 7.0/7.0 MB 23.8 MB/s eta 0:00:00
#8 1.136 Installing collected packages: pillow
#8 1.391 Successfully installed pillow-12.0.0
#8 1.391 WARNING: Running pip as the 'root' user can result in broken permissions and conflicting behaviour with the system package manager. It is recommended to use a virtual environment instead: https://pip.pypa.io/warnings/venv
#8 1.396 
#8 1.396 [notice] A new release of pip is available: 24.0 -> 25.3
#8 1.396 [notice] To update, run: pip install --upgrade pip
#8 DONE 1.6s

#9 [5/5] RUN ["pip","install","numpy"]
#9 0.452 Requirement already satisfied: numpy in /usr/local/lib/python3.11/site-packages (2.3.4)
#9 0.505 WARNING: Running pip as the 'root' user can result in broken permissions and conflicting behaviour with the system package manager. It is recommended to use a virtual environment instead: https://pip.pypa.io/warnings/venv
#9 0.510 
#9 0.510 [notice] A new release of pip is available: 24.0 -> 25.3
#9 0.510 [notice] To update, run: pip install --upgrade pip
#9 DONE 0.6s

#10 exporting to image
#10 exporting layers
#10 exporting layers 0.6s done
#10 writing image sha256:3f74bd5dfb1825d2c0f83f71fb4be3b5ef5ac92879d4d93625038b5a162efc43 done
#10 naming to docker.io/library/test-image-d68467b87bc50e04c41e done
#10 DONE 0.6s

View build details: docker-desktop://dashboard/build/default/default/tq20b5o0i6mujwfax8h4l9l8d
[2025-10-29 20:27:25] SUCCESS: Build completed for d68467b87bc50e04c41e
