=== Docker Build Log for 8185b3dcf08ec728fb22b99016dd533f ===
Started at: Mi 29. Okt 17:41:14 CET 2025

[2025-10-29 17:41:14] START: Building image for 8185b3dcf08ec728fb22b99016dd533f
#0 building with "default" instance using docker driver

#1 [internal] load build definition from Dockerfile
#1 transferring dockerfile: 157B done
#1 DONE 0.0s

#2 [internal] load metadata for docker.io/library/python:3.11
#2 DONE 0.0s

#3 [internal] load .dockerignore
#3 transferring context: 2B done
#3 DONE 0.0s

#4 [1/2] FROM docker.io/library/python:3.11
#4 DONE 0.0s

#5 [internal] load build context
#5 transferring context: 4.27kB 0.0s done
#5 DONE 0.0s

#4 [1/2] FROM docker.io/library/python:3.11
#4 CACHED

#6 [2/2] COPY hard-gists/8185b3dcf08ec728fb22b99016dd533f/snippet.py /snippet.py
#6 DONE 0.1s

#7 exporting to image
#7 exporting layers 0.1s done
#7 writing image sha256:82f6038a2fbf21acb1fd2778f6ec5e601a27bed099e0b68229307976b6ccfa49 done
#7 naming to docker.io/library/test-image-8185b3dcf08ec728fb22b99016dd533f 0.0s done
#7 DONE 0.1s

View build details: docker-desktop://dashboard/build/default/default/qy5oecy1xa790p2zyifqipg6z
[2025-10-29 17:41:14] SUCCESS: Build completed for 8185b3dcf08ec728fb22b99016dd533f
