=== Docker Build Log for 9258971 ===
Started at: Mi 29. Okt 18:22:20 CET 2025

[2025-10-29 18:22:20] START: Building image for 9258971
#0 building with "default" instance using docker driver

#1 [internal] load build definition from Dockerfile
#1 transferring dockerfile: 200B done
#1 DONE 0.0s

#2 [internal] load metadata for docker.io/library/python:3.11
#2 DONE 0.0s

#3 [internal] load .dockerignore
#3 transferring context: 2B done
#3 DONE 0.0s

#4 [internal] load build context
#4 transferring context: 835B 0.0s done
#4 DONE 0.0s

#5 [1/4] FROM docker.io/library/python:3.11
#5 CACHED

#6 [2/4] COPY hard-gists/9258971/snippet.py /snippet.py
#6 DONE 0.1s

#7 [3/4] RUN ["pip","install","dj.choices"]
#7 1.918 Collecting dj.choices
#7 1.951   Downloading dj.choices-0.11.0.tar.gz (28 kB)
#7 1.968   Preparing metadata (setup.py): started
#7 2.349   Preparing metadata (setup.py): finished with status 'done'
#7 2.451 Collecting django (from dj.choices)
#7 2.459   Downloading django-5.2.7-py3-none-any.whl.metadata (4.1 kB)
#7 2.495 Collecting six (from dj.choices)
#7 2.504   Downloading six-1.17.0-py2.py3-none-any.whl.metadata (1.7 kB)
#7 2.547 Collecting asgiref>=3.8.1 (from django->dj.choices)
#7 2.555   Downloading asgiref-3.10.0-py3-none-any.whl.metadata (9.3 kB)
#7 2.596 Collecting sqlparse>=0.3.1 (from django->dj.choices)
#7 2.604   Downloading sqlparse-0.5.3-py3-none-any.whl.metadata (3.9 kB)
#7 2.629 Downloading django-5.2.7-py3-none-any.whl (8.3 MB)
#7 2.951    ━━━━━━━━━━━━━━━━━━━━━━━━━━━━━━━━━━━━━━━━ 8.3/8.3 MB 26.0 MB/s eta 0:00:00
#7 2.959 Downloading six-1.17.0-py2.py3-none-any.whl (11 kB)
#7 2.977 Downloading asgiref-3.10.0-py3-none-any.whl (24 kB)
#7 2.995 Downloading sqlparse-0.5.3-py3-none-any.whl (44 kB)
#7 3.006    ━━━━━━━━━━━━━━━━━━━━━━━━━━━━━━━━━━━━━━━━ 44.4/44.4 kB 3.6 MB/s eta 0:00:00
#7 3.043 Building wheels for collected packages: dj.choices
#7 3.044   Building wheel for dj.choices (setup.py): started
#7 3.222   Building wheel for dj.choices (setup.py): finished with status 'done'
#7 3.223   Created wheel for dj.choices: filename=dj_choices-0.11.0-py3-none-any.whl size=28716 sha256=ad3774bc1a71e8232eee5972e4f45b1aaf65f7f5dbdedf3200eb3399b160e68e
#7 3.223   Stored in directory: /root/.cache/pip/wheels/97/38/bd/4ca089ff8ffdead6a07e7af033d36d74a01ab7a37e70797942
#7 3.225 Successfully built dj.choices
#7 3.274 Installing collected packages: sqlparse, six, asgiref, django, dj.choices
#7 4.664 Successfully installed asgiref-3.10.0 dj.choices-0.11.0 django-5.2.7 six-1.17.0 sqlparse-0.5.3
#7 4.665 WARNING: Running pip as the 'root' user can result in broken permissions and conflicting behaviour with the system package manager. It is recommended to use a virtual environment instead: https://pip.pypa.io/warnings/venv
#7 4.759 
#7 4.759 [notice] A new release of pip is available: 24.0 -> 25.3
#7 4.759 [notice] To update, run: pip install --upgrade pip
#7 DONE 5.2s

#8 [4/4] RUN ["pip","install","Django"]
#8 0.444 Requirement already satisfied: Django in /usr/local/lib/python3.11/site-packages (5.2.7)
#8 0.448 Requirement already satisfied: asgiref>=3.8.1 in /usr/local/lib/python3.11/site-packages (from Django) (3.10.0)
#8 0.448 Requirement already satisfied: sqlparse>=0.3.1 in /usr/local/lib/python3.11/site-packages (from Django) (0.5.3)
#8 0.488 WARNING: Running pip as the 'root' user can result in broken permissions and conflicting behaviour with the system package manager. It is recommended to use a virtual environment instead: https://pip.pypa.io/warnings/venv
#8 0.492 
#8 0.492 [notice] A new release of pip is available: 24.0 -> 25.3
#8 0.492 [notice] To update, run: pip install --upgrade pip
#8 DONE 0.6s

#9 exporting to image
#9 exporting layers
#9 exporting layers 0.6s done
#9 writing image sha256:70c212f625808921347efc9cb82cfc2e8c270795d4a4ba72d2ebe9580aa29801 done
#9 naming to docker.io/library/test-image-9258971 done
#9 DONE 0.6s

View build details: docker-desktop://dashboard/build/default/default/6b0xp83bxqvjj4ak8uwdlv82r
[2025-10-29 18:22:27] SUCCESS: Build completed for 9258971
