=== Docker Build Log for 14a8d6bf4783f4704c8a ===
Started at: Mi 29. Okt 12:15:37 CET 2025

[2025-10-29 12:15:37] START: Building image for 14a8d6bf4783f4704c8a
#0 building with "default" instance using docker driver

#1 [internal] load build definition from Dockerfile
#1 transferring dockerfile: 1.81kB done
#1 DONE 0.0s

#2 [internal] load metadata for docker.io/library/python:3.11
#2 DONE 0.0s

#3 [internal] load .dockerignore
#3 transferring context: 2B done
#3 DONE 0.0s

#4 [internal] load build context
#4 transferring context: 13.07kB 0.0s done
#4 DONE 0.0s

#5 [ 1/49] FROM docker.io/library/python:3.11
#5 CACHED

#6 [ 2/49] COPY hard-gists/14a8d6bf4783f4704c8a/snippet.py /snippet.py
#6 DONE 0.1s

#7 [ 3/49] RUN ["pip","install","axiom"]
#7 1.945 Collecting axiom
#7 1.979   Downloading Axiom-0.7.5.tar.gz (203 kB)
#7 2.017      ━━━━━━━━━━━━━━━━━━━━━━━━━━━━━━━━━━━━━━━ 203.5/203.5 kB 5.7 MB/s eta 0:00:00
#7 2.037   Preparing metadata (setup.py): started
#7 2.444   Preparing metadata (setup.py): finished with status 'done'
#7 2.489 Collecting Twisted>=13.2.0 (from axiom)
#7 2.498   Downloading twisted-25.5.0-py3-none-any.whl.metadata (22 kB)
#7 2.534 Collecting Epsilon>=0.7.0 (from axiom)
#7 2.544   Downloading epsilon-0.8.0-py2.py3-none-any.whl.metadata (1.3 kB)
#7 2.582 Collecting six>=1.12.0 (from Epsilon>=0.7.0->axiom)
#7 2.590   Downloading six-1.17.0-py2.py3-none-any.whl.metadata (1.7 kB)
#7 2.719 Collecting zope.interface (from Epsilon>=0.7.0->axiom)
#7 2.730   Downloading zope_interface-8.0.1-cp311-cp311-manylinux1_x86_64.manylinux2014_x86_64.manylinux_2_17_x86_64.manylinux_2_5_x86_64.whl.metadata (44 kB)
#7 2.740      ━━━━━━━━━━━━━━━━━━━━━━━━━━━━━━━━━━━━━━━━ 44.9/44.9 kB 4.0 MB/s eta 0:00:00
#7 2.916 Collecting attrs>=22.2.0 (from Twisted>=13.2.0->axiom)
#7 2.924   Downloading attrs-25.4.0-py3-none-any.whl.metadata (10 kB)
#7 2.960 Collecting automat>=24.8.0 (from Twisted>=13.2.0->axiom)
#7 2.968   Downloading automat-25.4.16-py3-none-any.whl.metadata (8.4 kB)
#7 3.002 Collecting constantly>=15.1 (from Twisted>=13.2.0->axiom)
#7 3.728   Downloading constantly-23.10.4-py3-none-any.whl.metadata (1.8 kB)
#7 3.771 Collecting hyperlink>=17.1.1 (from Twisted>=13.2.0->axiom)
#7 3.780   Downloading hyperlink-21.0.0-py2.py3-none-any.whl.metadata (1.5 kB)
#7 3.815 Collecting incremental>=24.7.0 (from Twisted>=13.2.0->axiom)
#7 3.824   Downloading incremental-24.7.2-py3-none-any.whl.metadata (8.1 kB)
#7 3.866 Collecting typing-extensions>=4.2.0 (from Twisted>=13.2.0->axiom)
#7 3.874   Downloading typing_extensions-4.15.0-py3-none-any.whl.metadata (3.3 kB)
#7 3.917 Collecting idna>=2.5 (from hyperlink>=17.1.1->Twisted>=13.2.0->axiom)
#7 3.925   Downloading idna-3.11-py3-none-any.whl.metadata (8.4 kB)
#7 3.940 Requirement already satisfied: setuptools>=61.0 in /usr/local/lib/python3.11/site-packages (from incremental>=24.7.0->Twisted>=13.2.0->axiom) (79.0.1)
#7 4.099 Collecting pyopenssl>=21.0.0 (from twisted[tls]>=13.2.0->Epsilon>=0.7.0->axiom)
#7 4.108   Downloading pyopenssl-25.3.0-py3-none-any.whl.metadata (17 kB)
#7 4.145 Collecting service-identity>=18.1.0 (from twisted[tls]>=13.2.0->Epsilon>=0.7.0->axiom)
#7 4.159   Downloading service_identity-24.2.0-py3-none-any.whl.metadata (5.1 kB)
#7 4.409 Collecting cryptography<47,>=45.0.7 (from pyopenssl>=21.0.0->twisted[tls]>=13.2.0->Epsilon>=0.7.0->axiom)
#7 4.420   Downloading cryptography-46.0.3-cp311-abi3-manylinux_2_34_x86_64.whl.metadata (5.7 kB)
#7 4.486 Collecting pyasn1 (from service-identity>=18.1.0->twisted[tls]>=13.2.0->Epsilon>=0.7.0->axiom)
#7 4.494   Downloading pyasn1-0.6.1-py3-none-any.whl.metadata (8.4 kB)
#7 4.535 Collecting pyasn1-modules (from service-identity>=18.1.0->twisted[tls]>=13.2.0->Epsilon>=0.7.0->axiom)
#7 4.544   Downloading pyasn1_modules-0.4.2-py3-none-any.whl.metadata (3.5 kB)
#7 4.698 Collecting cffi>=2.0.0 (from cryptography<47,>=45.0.7->pyopenssl>=21.0.0->twisted[tls]>=13.2.0->Epsilon>=0.7.0->axiom)
#7 4.707   Downloading cffi-2.0.0-cp311-cp311-manylinux2014_x86_64.manylinux_2_17_x86_64.whl.metadata (2.6 kB)
#7 4.751 Collecting pycparser (from cffi>=2.0.0->cryptography<47,>=45.0.7->pyopenssl>=21.0.0->twisted[tls]>=13.2.0->Epsilon>=0.7.0->axiom)
#7 4.759   Downloading pycparser-2.23-py3-none-any.whl.metadata (993 bytes)
#7 4.784 Downloading epsilon-0.8.0-py2.py3-none-any.whl (98 kB)
#7 4.797    ━━━━━━━━━━━━━━━━━━━━━━━━━━━━━━━━━━━━━━━━ 99.0/99.0 kB 8.2 MB/s eta 0:00:00
#7 4.806 Downloading twisted-25.5.0-py3-none-any.whl (3.2 MB)
#7 4.945    ━━━━━━━━━━━━━━━━━━━━━━━━━━━━━━━━━━━━━━━━ 3.2/3.2 MB 23.2 MB/s eta 0:00:00
#7 4.954 Downloading attrs-25.4.0-py3-none-any.whl (67 kB)
#7 4.967    ━━━━━━━━━━━━━━━━━━━━━━━━━━━━━━━━━━━━━━━━ 67.6/67.6 kB 5.1 MB/s eta 0:00:00
#7 4.976 Downloading automat-25.4.16-py3-none-any.whl (42 kB)
#7 4.987    ━━━━━━━━━━━━━━━━━━━━━━━━━━━━━━━━━━━━━━━━ 42.8/42.8 kB 3.4 MB/s eta 0:00:00
#7 4.997 Downloading constantly-23.10.4-py3-none-any.whl (13 kB)
#7 5.016 Downloading hyperlink-21.0.0-py2.py3-none-any.whl (74 kB)
#7 5.028    ━━━━━━━━━━━━━━━━━━━━━━━━━━━━━━━━━━━━━━━━ 74.6/74.6 kB 5.9 MB/s eta 0:00:00
#7 5.038 Downloading incremental-24.7.2-py3-none-any.whl (20 kB)
#7 5.057 Downloading six-1.17.0-py2.py3-none-any.whl (11 kB)
#7 5.074 Downloading typing_extensions-4.15.0-py3-none-any.whl (44 kB)
#7 5.085    ━━━━━━━━━━━━━━━━━━━━━━━━━━━━━━━━━━━━━━━━ 44.6/44.6 kB 3.7 MB/s eta 0:00:00
#7 5.095 Downloading zope_interface-8.0.1-cp311-cp311-manylinux1_x86_64.manylinux2014_x86_64.manylinux_2_17_x86_64.manylinux_2_5_x86_64.whl (259 kB)
#7 5.113    ━━━━━━━━━━━━━━━━━━━━━━━━━━━━━━━━━━━━━━━━ 259.8/259.8 kB 15.4 MB/s eta 0:00:00
#7 5.122 Downloading idna-3.11-py3-none-any.whl (71 kB)
#7 5.135    ━━━━━━━━━━━━━━━━━━━━━━━━━━━━━━━━━━━━━━━━ 71.0/71.0 kB 6.2 MB/s eta 0:00:00
#7 5.143 Downloading pyopenssl-25.3.0-py3-none-any.whl (57 kB)
#7 5.154    ━━━━━━━━━━━━━━━━━━━━━━━━━━━━━━━━━━━━━━━━ 57.3/57.3 kB 5.1 MB/s eta 0:00:00
#7 5.162 Downloading service_identity-24.2.0-py3-none-any.whl (11 kB)
#7 5.180 Downloading cryptography-46.0.3-cp311-abi3-manylinux_2_34_x86_64.whl (4.5 MB)
#7 5.350    ━━━━━━━━━━━━━━━━━━━━━━━━━━━━━━━━━━━━━━━━ 4.5/4.5 MB 26.5 MB/s eta 0:00:00
#7 5.358 Downloading pyasn1-0.6.1-py3-none-any.whl (83 kB)
#7 5.369    ━━━━━━━━━━━━━━━━━━━━━━━━━━━━━━━━━━━━━━━━ 83.1/83.1 kB 7.9 MB/s eta 0:00:00
#7 5.378 Downloading pyasn1_modules-0.4.2-py3-none-any.whl (181 kB)
#7 5.392    ━━━━━━━━━━━━━━━━━━━━━━━━━━━━━━━━━━━━━━━━ 181.3/181.3 kB 13.2 MB/s eta 0:00:00
#7 5.400 Downloading cffi-2.0.0-cp311-cp311-manylinux2014_x86_64.manylinux_2_17_x86_64.whl (215 kB)
#7 5.415    ━━━━━━━━━━━━━━━━━━━━━━━━━━━━━━━━━━━━━━━━ 215.6/215.6 kB 14.6 MB/s eta 0:00:00
#7 5.425 Downloading pycparser-2.23-py3-none-any.whl (118 kB)
#7 5.437    ━━━━━━━━━━━━━━━━━━━━━━━━━━━━━━━━━━━━━━━━ 118.1/118.1 kB 9.5 MB/s eta 0:00:00
#7 5.492 Building wheels for collected packages: axiom
#7 5.493   Building wheel for axiom (setup.py): started
#7 5.712   Building wheel for axiom (setup.py): finished with status 'error'
#7 5.731   error: subprocess-exited-with-error
#7 5.731   
#7 5.731   × python setup.py bdist_wheel did not run successfully.
#7 5.731   │ exit code: 1
#7 5.731   ╰─> [394 lines of output]
#7 5.731       /usr/local/lib/python3.11/site-packages/setuptools/dist.py:759: SetuptoolsDeprecationWarning: License classifiers are deprecated.
#7 5.731       !!
#7 5.731       
#7 5.731               ********************************************************************************
#7 5.731               Please consider removing the following classifiers in favor of a SPDX license expression:
#7 5.731       
#7 5.731               License :: OSI Approved :: MIT License
#7 5.731       
#7 5.731               See https://packaging.python.org/en/latest/guides/writing-pyproject-toml/#license for details.
#7 5.731               ********************************************************************************
#7 5.731       
#7 5.731       !!
#7 5.731         self._finalize_license_expression()
#7 5.731       running bdist_wheel
#7 5.731       running build
#7 5.731       running build_py
#7 5.731       creating build/lib/axiom
#7 5.731       copying axiom/queryutil.py -> build/lib/axiom
#7 5.731       copying axiom/_pysqlite2.py -> build/lib/axiom
#7 5.731       copying axiom/slotmachine.py -> build/lib/axiom
#7 5.731       copying axiom/userbase.py -> build/lib/axiom
#7 5.731       copying axiom/iaxiom.py -> build/lib/axiom
#7 5.731       copying axiom/sequence.py -> build/lib/axiom
#7 5.731       copying axiom/tags.py -> build/lib/axiom
#7 5.731       copying axiom/store.py -> build/lib/axiom
#7 5.731       copying axiom/errors.py -> build/lib/axiom
#7 5.731       copying axiom/_version.py -> build/lib/axiom
#7 5.731       copying axiom/attributes.py -> build/lib/axiom
#7 5.731       copying axiom/__init__.py -> build/lib/axiom
#7 5.731       copying axiom/batch.py -> build/lib/axiom
#7 5.731       copying axiom/item.py -> build/lib/axiom
#7 5.731       copying axiom/dependency.py -> build/lib/axiom
#7 5.731       copying axiom/_fincache.py -> build/lib/axiom
#7 5.731       copying axiom/upgrade.py -> build/lib/axiom
#7 5.731       copying axiom/_schema.py -> build/lib/axiom
#7 5.731       copying axiom/listversions.py -> build/lib/axiom
#7 5.731       copying axiom/substore.py -> build/lib/axiom
#7 5.731       copying axiom/scheduler.py -> build/lib/axiom
#7 5.731       creating build/lib/axiom/plugins
#7 5.731       copying axiom/plugins/axiom_plugins.py -> build/lib/axiom/plugins
#7 5.731       copying axiom/plugins/__init__.py -> build/lib/axiom/plugins
#7 5.731       creating build/lib/axiom/test
#7 5.731       copying axiom/test/test_tablecreate.py -> build/lib/axiom/test
#7 5.731       copying axiom/test/test_mixin.py -> build/lib/axiom/test
#7 5.731       copying axiom/test/reactorimporthelper.py -> build/lib/axiom/test
#7 5.731       copying axiom/test/test_unavailable_type.py -> build/lib/axiom/test
#7 5.731       copying axiom/test/test_reprs.py -> build/lib/axiom/test
#7 5.731       copying axiom/test/test_axiomatic.py -> build/lib/axiom/test
#7 5.731       copying axiom/test/oldobsolete.py -> build/lib/axiom/test
#7 5.731       copying axiom/test/itemtestmain.py -> build/lib/axiom/test
#7 5.731       copying axiom/test/path_postcopy.py -> build/lib/axiom/test
#7 5.731       copying axiom/test/test_files.py -> build/lib/axiom/test
#7 5.731       copying axiom/test/test_scheduler.py -> build/lib/axiom/test
#7 5.731       copying axiom/test/oldcirc.py -> build/lib/axiom/test
#7 5.731       copying axiom/test/util.py -> build/lib/axiom/test
#7 5.731       copying axiom/test/brokenapp.py -> build/lib/axiom/test
#7 5.731       copying axiom/test/test_reference.py -> build/lib/axiom/test
#7 5.731       copying axiom/test/test_powerup.py -> build/lib/axiom/test
#7 5.731       copying axiom/test/oldapp.py -> build/lib/axiom/test
#7 5.731       copying axiom/test/test_upgrading.py -> build/lib/axiom/test
#7 5.731       copying axiom/test/test_inheritance.py -> build/lib/axiom/test
#7 5.731       copying axiom/test/test_fincache.py -> build/lib/axiom/test
#7 5.731       copying axiom/test/onestepapp.py -> build/lib/axiom/test
#7 5.731       copying axiom/test/test_queryutil.py -> build/lib/axiom/test
#7 5.731       copying axiom/test/test_slotmachine.py -> build/lib/axiom/test
#7 5.731       copying axiom/test/test_userbase.py -> build/lib/axiom/test
#7 5.731       copying axiom/test/test_query.py -> build/lib/axiom/test
#7 5.731       copying axiom/test/test_paginate.py -> build/lib/axiom/test
#7 5.731       copying axiom/test/oldpath.py -> build/lib/axiom/test
#7 5.731       copying axiom/test/newpath.py -> build/lib/axiom/test
#7 5.731       copying axiom/test/openthenload.py -> build/lib/axiom/test
#7 5.731       copying axiom/test/deleteswordapp.py -> build/lib/axiom/test
#7 5.731       copying axiom/test/cursortest.py -> build/lib/axiom/test
#7 5.731       copying axiom/test/test_batch.py -> build/lib/axiom/test
#7 5.731       copying axiom/test/__init__.py -> build/lib/axiom/test
#7 5.731       copying axiom/test/test_attributes.py -> build/lib/axiom/test
#7 5.731       copying axiom/test/test_crossstore.py -> build/lib/axiom/test
#7 5.731       copying axiom/test/newapp.py -> build/lib/axiom/test
#7 5.731       copying axiom/test/test_item.py -> build/lib/axiom/test
#7 5.731       copying axiom/test/test_dependency.py -> build/lib/axiom/test
#7 5.731       copying axiom/test/newcirc.py -> build/lib/axiom/test
#7 5.731       copying axiom/test/test_pysqlite2.py -> build/lib/axiom/test
#7 5.731       copying axiom/test/test_substore.py -> build/lib/axiom/test
#7 5.731       copying axiom/test/test_xatop.py -> build/lib/axiom/test
#7 5.731       copying axiom/test/toonewapp.py -> build/lib/axiom/test
#7 5.731       copying axiom/test/itemtest.py -> build/lib/axiom/test
#7 5.731       copying axiom/test/morenewapp.py -> build/lib/axiom/test
#7 5.731       copying axiom/test/test_sequence.py -> build/lib/axiom/test
#7 5.731       copying axiom/test/test_tags.py -> build/lib/axiom/test
#7 5.731       copying axiom/test/test_count.py -> build/lib/axiom/test
#7 5.731       copying axiom/test/newobsolete.py -> build/lib/axiom/test
#7 5.731       copying axiom/test/test_listversions.py -> build/lib/axiom/test
#7 5.731       creating build/lib/axiom/scripts
#7 5.731       copying axiom/scripts/axiomatic.py -> build/lib/axiom/scripts
#7 5.731       copying axiom/scripts/__init__.py -> build/lib/axiom/scripts
#7 5.731       copying axiom/scripts/pysql.py -> build/lib/axiom/scripts
#7 5.731       creating build/lib/axiom/test/upgrade_fixtures
#7 5.731       copying axiom/test/upgrade_fixtures/two_upgrades_old.py -> build/lib/axiom/test/upgrade_fixtures
#7 5.731       copying axiom/test/upgrade_fixtures/override_init_new.py -> build/lib/axiom/test/upgrade_fixtures
#7 5.731       copying axiom/test/upgrade_fixtures/reentrant_new.py -> build/lib/axiom/test/upgrade_fixtures
#7 5.731       copying axiom/test/upgrade_fixtures/two_upgrades_new.py -> build/lib/axiom/test/upgrade_fixtures
#7 5.731       copying axiom/test/upgrade_fixtures/replace_attribute_new.py -> build/lib/axiom/test/upgrade_fixtures
#7 5.731       copying axiom/test/upgrade_fixtures/replace_delete_old.py -> build/lib/axiom/test/upgrade_fixtures
#7 5.731       copying axiom/test/upgrade_fixtures/__init__.py -> build/lib/axiom/test/upgrade_fixtures
#7 5.731       copying axiom/test/upgrade_fixtures/replace_attribute_old.py -> build/lib/axiom/test/upgrade_fixtures
#7 5.731       copying axiom/test/upgrade_fixtures/override_init_old.py -> build/lib/axiom/test/upgrade_fixtures
#7 5.731       copying axiom/test/upgrade_fixtures/replace_delete_new.py -> build/lib/axiom/test/upgrade_fixtures
#7 5.731       copying axiom/test/upgrade_fixtures/reentrant_old.py -> build/lib/axiom/test/upgrade_fixtures
#7 5.731       creating build/lib/axiom/test/historic
#7 5.731       copying axiom/test/historic/stub_manhole1to2.py -> build/lib/axiom/test/historic
#7 5.731       copying axiom/test/historic/stub_processor1to2.py -> build/lib/axiom/test/historic
#7 5.731       copying axiom/test/historic/test_textlist.py -> build/lib/axiom/test/historic
#7 5.731       copying axiom/test/historic/stub_textlist.py -> build/lib/axiom/test/historic
#7 5.731       copying axiom/test/historic/test_parentHook3to4.py -> build/lib/axiom/test/historic
#7 5.731       copying axiom/test/historic/stub_account1to2.py -> build/lib/axiom/test/historic
#7 5.731       copying axiom/test/historic/stub_subscheduler1to2.py -> build/lib/axiom/test/historic
#7 5.731       copying axiom/test/historic/test_scheduler1to2.py -> build/lib/axiom/test/historic
#7 5.731       copying axiom/test/historic/stub_subStoreStartupService1to2.py -> build/lib/axiom/test/historic
#7 5.731       copying axiom/test/historic/stub_scheduler1to2.py -> build/lib/axiom/test/historic
#7 5.731       copying axiom/test/historic/stub_parentHook2to3.py -> build/lib/axiom/test/historic
#7 5.731       copying axiom/test/historic/test_loginMethod1to2.py -> build/lib/axiom/test/historic
#7 5.731       copying axiom/test/historic/test_manhole1to2.py -> build/lib/axiom/test/historic
#7 5.731       copying axiom/test/historic/__init__.py -> build/lib/axiom/test/historic
#7 5.731       copying axiom/test/historic/test_subStoreStartupService1to2.py -> build/lib/axiom/test/historic
#7 5.731       copying axiom/test/historic/stub_catalog1to2.py -> build/lib/axiom/test/historic
#7 5.731       copying axiom/test/historic/test_catalog1to2.py -> build/lib/axiom/test/historic
#7 5.731       copying axiom/test/historic/stub_parentHook3to4.py -> build/lib/axiom/test/historic
#7 5.731       copying axiom/test/historic/test_processor1to2.py -> build/lib/axiom/test/historic
#7 5.731       copying axiom/test/historic/test_account1to2.py -> build/lib/axiom/test/historic
#7 5.731       copying axiom/test/historic/test_parentHook2to3.py -> build/lib/axiom/test/historic
#7 5.731       copying axiom/test/historic/test_subscheduler1to2.py -> build/lib/axiom/test/historic
#7 5.731       copying axiom/test/historic/stubloader.py -> build/lib/axiom/test/historic
#7 5.731       copying axiom/test/historic/stub_loginMethod1to2.py -> build/lib/axiom/test/historic
#7 5.731       creating build/lib/twisted/plugins
#7 5.731       copying twisted/plugins/axiom_plugins.py -> build/lib/twisted/plugins
#7 5.731       running egg_info
#7 5.731       writing Axiom.egg-info/PKG-INFO
#7 5.731       writing dependency_links to Axiom.egg-info/dependency_links.txt
#7 5.731       writing requirements to Axiom.egg-info/requires.txt
#7 5.731       writing top-level names to Axiom.egg-info/top_level.txt
#7 5.731       reading manifest file 'Axiom.egg-info/SOURCES.txt'
#7 5.731       reading manifest template 'MANIFEST.in'
#7 5.731       adding license file 'LICENSE'
#7 5.731       writing manifest file 'Axiom.egg-info/SOURCES.txt'
#7 5.731       /usr/local/lib/python3.11/site-packages/setuptools/command/build_py.py:212: _Warning: Package 'axiom.examples' is absent from the `packages` configuration.
#7 5.731       !!
#7 5.731       
#7 5.731               ********************************************************************************
#7 5.731               ############################
#7 5.731               # Package would be ignored #
#7 5.731               ############################
#7 5.731               Python recognizes 'axiom.examples' as an importable package[^1],
#7 5.731               but it is absent from setuptools' `packages` configuration.
#7 5.731       
#7 5.731               This leads to an ambiguous overall configuration. If you want to distribute this
#7 5.731               package, please make sure that 'axiom.examples' is explicitly added
#7 5.731               to the `packages` configuration field.
#7 5.731       
#7 5.731               Alternatively, you can also rely on setuptools' discovery methods
#7 5.731               (for example by using `find_namespace_packages(...)`/`find_namespace:`
#7 5.731               instead of `find_packages(...)`/`find:`).
#7 5.731       
#7 5.731               You can read more about "package discovery" on setuptools documentation page:
#7 5.731       
#7 5.731               - https://setuptools.pypa.io/en/latest/userguide/package_discovery.html
#7 5.731       
#7 5.731               If you don't want 'axiom.examples' to be distributed and are
#7 5.731               already explicitly excluding 'axiom.examples' via
#7 5.731               `find_namespace_packages(...)/find_namespace` or `find_packages(...)/find`,
#7 5.731               you can try to use `exclude_package_data`, or `include-package-data=False` in
#7 5.731               combination with a more fine grained `package-data` configuration.
#7 5.731       
#7 5.731               You can read more about "package data files" on setuptools documentation page:
#7 5.731       
#7 5.731               - https://setuptools.pypa.io/en/latest/userguide/datafiles.html
#7 5.731       
#7 5.731       
#7 5.731               [^1]: For Python, any directory (with suitable naming) can be imported,
#7 5.731                     even if it does not contain any `.py` files.
#7 5.731                     On the other hand, currently there is no concept of package data
#7 5.731                     directory, all directories are treated like packages.
#7 5.731               ********************************************************************************
#7 5.731       
#7 5.731       !!
#7 5.731         check.warn(importable)
#7 5.731       copying axiom/batch.tac -> build/lib/axiom
#7 5.731       creating build/lib/axiom/examples
#7 5.731       copying axiom/examples/bucket.py -> build/lib/axiom/examples
#7 5.731       copying axiom/examples/library.py -> build/lib/axiom/examples
#7 5.731       copying axiom/test/historic/account1to2.axiom.tbz2 -> build/lib/axiom/test/historic
#7 5.731       copying axiom/test/historic/catalog1to2.axiom.tbz2 -> build/lib/axiom/test/historic
#7 5.731       copying axiom/test/historic/loginMethod1to2.axiom.tbz2 -> build/lib/axiom/test/historic
#7 5.731       copying axiom/test/historic/manhole1to2.axiom.tbz2 -> build/lib/axiom/test/historic
#7 5.731       copying axiom/test/historic/parentHook2to3.axiom.tbz2 -> build/lib/axiom/test/historic
#7 5.731       copying axiom/test/historic/parentHook3to4.axiom.tbz2 -> build/lib/axiom/test/historic
#7 5.731       copying axiom/test/historic/processor1to2.axiom.tbz2 -> build/lib/axiom/test/historic
#7 5.731       copying axiom/test/historic/scheduler1to2.axiom.tbz2 -> build/lib/axiom/test/historic
#7 5.731       copying axiom/test/historic/subStoreStartupService1to2.axiom.tbz2 -> build/lib/axiom/test/historic
#7 5.731       copying axiom/test/historic/subscheduler1to2.axiom.tbz2 -> build/lib/axiom/test/historic
#7 5.731       copying axiom/test/historic/textlist.axiom.tbz2 -> build/lib/axiom/test/historic
#7 5.731       running build_scripts
#7 5.731       creating build/scripts-3.11
#7 5.731       copying and adjusting bin/axiomatic -> build/scripts-3.11
#7 5.731       changing mode of build/scripts-3.11/axiomatic from 644 to 755
#7 5.731       /usr/local/lib/python3.11/site-packages/setuptools/_distutils/cmd.py:90: SetuptoolsDeprecationWarning: setup.py install is deprecated.
#7 5.731       !!
#7 5.731       
#7 5.731               ********************************************************************************
#7 5.731               Please avoid running ``setup.py`` directly.
#7 5.731               Instead, use pypa/build, pypa/installer or other
#7 5.731               standards-based tools.
#7 5.731       
#7 5.731               See https://blog.ganssle.io/articles/2021/10/setup-py-deprecated.html for details.
#7 5.731               ********************************************************************************
#7 5.731       
#7 5.731       !!
#7 5.731         self.initialize_options()
#7 5.731       installing to build/bdist.linux-x86_64/wheel
#7 5.731       running install
#7 5.731       running install_lib
#7 5.731       creating build/bdist.linux-x86_64/wheel
#7 5.731       creating build/bdist.linux-x86_64/wheel/axiom
#7 5.731       copying build/lib/axiom/queryutil.py -> build/bdist.linux-x86_64/wheel/./axiom
#7 5.731       copying build/lib/axiom/_pysqlite2.py -> build/bdist.linux-x86_64/wheel/./axiom
#7 5.731       copying build/lib/axiom/slotmachine.py -> build/bdist.linux-x86_64/wheel/./axiom
#7 5.731       copying build/lib/axiom/userbase.py -> build/bdist.linux-x86_64/wheel/./axiom
#7 5.731       copying build/lib/axiom/iaxiom.py -> build/bdist.linux-x86_64/wheel/./axiom
#7 5.731       copying build/lib/axiom/sequence.py -> build/bdist.linux-x86_64/wheel/./axiom
#7 5.731       copying build/lib/axiom/tags.py -> build/bdist.linux-x86_64/wheel/./axiom
#7 5.731       copying build/lib/axiom/store.py -> build/bdist.linux-x86_64/wheel/./axiom
#7 5.731       copying build/lib/axiom/errors.py -> build/bdist.linux-x86_64/wheel/./axiom
#7 5.731       creating build/bdist.linux-x86_64/wheel/axiom/examples
#7 5.731       copying build/lib/axiom/examples/library.py -> build/bdist.linux-x86_64/wheel/./axiom/examples
#7 5.731       copying build/lib/axiom/examples/bucket.py -> build/bdist.linux-x86_64/wheel/./axiom/examples
#7 5.731       copying build/lib/axiom/_version.py -> build/bdist.linux-x86_64/wheel/./axiom
#7 5.731       copying build/lib/axiom/attributes.py -> build/bdist.linux-x86_64/wheel/./axiom
#7 5.731       copying build/lib/axiom/__init__.py -> build/bdist.linux-x86_64/wheel/./axiom
#7 5.731       copying build/lib/axiom/batch.tac -> build/bdist.linux-x86_64/wheel/./axiom
#7 5.731       copying build/lib/axiom/batch.py -> build/bdist.linux-x86_64/wheel/./axiom
#7 5.731       copying build/lib/axiom/item.py -> build/bdist.linux-x86_64/wheel/./axiom
#7 5.731       copying build/lib/axiom/dependency.py -> build/bdist.linux-x86_64/wheel/./axiom
#7 5.731       copying build/lib/axiom/_fincache.py -> build/bdist.linux-x86_64/wheel/./axiom
#7 5.731       copying build/lib/axiom/upgrade.py -> build/bdist.linux-x86_64/wheel/./axiom
#7 5.731       creating build/bdist.linux-x86_64/wheel/axiom/plugins
#7 5.731       copying build/lib/axiom/plugins/axiom_plugins.py -> build/bdist.linux-x86_64/wheel/./axiom/plugins
#7 5.731       copying build/lib/axiom/plugins/__init__.py -> build/bdist.linux-x86_64/wheel/./axiom/plugins
#7 5.731       copying build/lib/axiom/_schema.py -> build/bdist.linux-x86_64/wheel/./axiom
#7 5.731       copying build/lib/axiom/listversions.py -> build/bdist.linux-x86_64/wheel/./axiom
#7 5.731       creating build/bdist.linux-x86_64/wheel/axiom/test
#7 5.731       copying build/lib/axiom/test/test_tablecreate.py -> build/bdist.linux-x86_64/wheel/./axiom/test
#7 5.731       copying build/lib/axiom/test/test_mixin.py -> build/bdist.linux-x86_64/wheel/./axiom/test
#7 5.731       copying build/lib/axiom/test/reactorimporthelper.py -> build/bdist.linux-x86_64/wheel/./axiom/test
#7 5.731       copying build/lib/axiom/test/test_unavailable_type.py -> build/bdist.linux-x86_64/wheel/./axiom/test
#7 5.731       copying build/lib/axiom/test/test_reprs.py -> build/bdist.linux-x86_64/wheel/./axiom/test
#7 5.731       copying build/lib/axiom/test/test_axiomatic.py -> build/bdist.linux-x86_64/wheel/./axiom/test
#7 5.731       copying build/lib/axiom/test/oldobsolete.py -> build/bdist.linux-x86_64/wheel/./axiom/test
#7 5.731       copying build/lib/axiom/test/itemtestmain.py -> build/bdist.linux-x86_64/wheel/./axiom/test
#7 5.731       copying build/lib/axiom/test/path_postcopy.py -> build/bdist.linux-x86_64/wheel/./axiom/test
#7 5.731       copying build/lib/axiom/test/test_files.py -> build/bdist.linux-x86_64/wheel/./axiom/test
#7 5.731       copying build/lib/axiom/test/test_scheduler.py -> build/bdist.linux-x86_64/wheel/./axiom/test
#7 5.731       copying build/lib/axiom/test/oldcirc.py -> build/bdist.linux-x86_64/wheel/./axiom/test
#7 5.731       copying build/lib/axiom/test/util.py -> build/bdist.linux-x86_64/wheel/./axiom/test
#7 5.731       copying build/lib/axiom/test/brokenapp.py -> build/bdist.linux-x86_64/wheel/./axiom/test
#7 5.731       copying build/lib/axiom/test/test_reference.py -> build/bdist.linux-x86_64/wheel/./axiom/test
#7 5.731       copying build/lib/axiom/test/test_powerup.py -> build/bdist.linux-x86_64/wheel/./axiom/test
#7 5.731       copying build/lib/axiom/test/oldapp.py -> build/bdist.linux-x86_64/wheel/./axiom/test
#7 5.731       creating build/bdist.linux-x86_64/wheel/axiom/test/upgrade_fixtures
#7 5.731       copying build/lib/axiom/test/upgrade_fixtures/two_upgrades_old.py -> build/bdist.linux-x86_64/wheel/./axiom/test/upgrade_fixtures
#7 5.731       copying build/lib/axiom/test/upgrade_fixtures/override_init_new.py -> build/bdist.linux-x86_64/wheel/./axiom/test/upgrade_fixtures
#7 5.731       copying build/lib/axiom/test/upgrade_fixtures/reentrant_new.py -> build/bdist.linux-x86_64/wheel/./axiom/test/upgrade_fixtures
#7 5.731       copying build/lib/axiom/test/upgrade_fixtures/two_upgrades_new.py -> build/bdist.linux-x86_64/wheel/./axiom/test/upgrade_fixtures
#7 5.731       copying build/lib/axiom/test/upgrade_fixtures/replace_attribute_new.py -> build/bdist.linux-x86_64/wheel/./axiom/test/upgrade_fixtures
#7 5.731       copying build/lib/axiom/test/upgrade_fixtures/replace_delete_old.py -> build/bdist.linux-x86_64/wheel/./axiom/test/upgrade_fixtures
#7 5.731       copying build/lib/axiom/test/upgrade_fixtures/__init__.py -> build/bdist.linux-x86_64/wheel/./axiom/test/upgrade_fixtures
#7 5.731       copying build/lib/axiom/test/upgrade_fixtures/replace_attribute_old.py -> build/bdist.linux-x86_64/wheel/./axiom/test/upgrade_fixtures
#7 5.731       copying build/lib/axiom/test/upgrade_fixtures/override_init_old.py -> build/bdist.linux-x86_64/wheel/./axiom/test/upgrade_fixtures
#7 5.731       copying build/lib/axiom/test/upgrade_fixtures/replace_delete_new.py -> build/bdist.linux-x86_64/wheel/./axiom/test/upgrade_fixtures
#7 5.731       copying build/lib/axiom/test/upgrade_fixtures/reentrant_old.py -> build/bdist.linux-x86_64/wheel/./axiom/test/upgrade_fixtures
#7 5.731       creating build/bdist.linux-x86_64/wheel/axiom/test/historic
#7 5.731       copying build/lib/axiom/test/historic/subscheduler1to2.axiom.tbz2 -> build/bdist.linux-x86_64/wheel/./axiom/test/historic
#7 5.731       copying build/lib/axiom/test/historic/stub_manhole1to2.py -> build/bdist.linux-x86_64/wheel/./axiom/test/historic
#7 5.731       copying build/lib/axiom/test/historic/parentHook2to3.axiom.tbz2 -> build/bdist.linux-x86_64/wheel/./axiom/test/historic
#7 5.731       copying build/lib/axiom/test/historic/stub_processor1to2.py -> build/bdist.linux-x86_64/wheel/./axiom/test/historic
#7 5.731       copying build/lib/axiom/test/historic/test_textlist.py -> build/bdist.linux-x86_64/wheel/./axiom/test/historic
#7 5.731       copying build/lib/axiom/test/historic/stub_textlist.py -> build/bdist.linux-x86_64/wheel/./axiom/test/historic
#7 5.731       copying build/lib/axiom/test/historic/test_parentHook3to4.py -> build/bdist.linux-x86_64/wheel/./axiom/test/historic
#7 5.731       copying build/lib/axiom/test/historic/stub_account1to2.py -> build/bdist.linux-x86_64/wheel/./axiom/test/historic
#7 5.731       copying build/lib/axiom/test/historic/account1to2.axiom.tbz2 -> build/bdist.linux-x86_64/wheel/./axiom/test/historic
#7 5.731       copying build/lib/axiom/test/historic/stub_subscheduler1to2.py -> build/bdist.linux-x86_64/wheel/./axiom/test/historic
#7 5.731       copying build/lib/axiom/test/historic/test_scheduler1to2.py -> build/bdist.linux-x86_64/wheel/./axiom/test/historic
#7 5.731       copying build/lib/axiom/test/historic/scheduler1to2.axiom.tbz2 -> build/bdist.linux-x86_64/wheel/./axiom/test/historic
#7 5.731       copying build/lib/axiom/test/historic/parentHook3to4.axiom.tbz2 -> build/bdist.linux-x86_64/wheel/./axiom/test/historic
#7 5.731       copying build/lib/axiom/test/historic/processor1to2.axiom.tbz2 -> build/bdist.linux-x86_64/wheel/./axiom/test/historic
#7 5.731       copying build/lib/axiom/test/historic/stub_subStoreStartupService1to2.py -> build/bdist.linux-x86_64/wheel/./axiom/test/historic
#7 5.731       copying build/lib/axiom/test/historic/catalog1to2.axiom.tbz2 -> build/bdist.linux-x86_64/wheel/./axiom/test/historic
#7 5.731       copying build/lib/axiom/test/historic/stub_scheduler1to2.py -> build/bdist.linux-x86_64/wheel/./axiom/test/historic
#7 5.731       copying build/lib/axiom/test/historic/textlist.axiom.tbz2 -> build/bdist.linux-x86_64/wheel/./axiom/test/historic
#7 5.731       copying build/lib/axiom/test/historic/stub_parentHook2to3.py -> build/bdist.linux-x86_64/wheel/./axiom/test/historic
#7 5.731       copying build/lib/axiom/test/historic/manhole1to2.axiom.tbz2 -> build/bdist.linux-x86_64/wheel/./axiom/test/historic
#7 5.731       copying build/lib/axiom/test/historic/test_loginMethod1to2.py -> build/bdist.linux-x86_64/wheel/./axiom/test/historic
#7 5.731       copying build/lib/axiom/test/historic/test_manhole1to2.py -> build/bdist.linux-x86_64/wheel/./axiom/test/historic
#7 5.731       copying build/lib/axiom/test/historic/__init__.py -> build/bdist.linux-x86_64/wheel/./axiom/test/historic
#7 5.731       copying build/lib/axiom/test/historic/test_subStoreStartupService1to2.py -> build/bdist.linux-x86_64/wheel/./axiom/test/historic
#7 5.731       copying build/lib/axiom/test/historic/stub_catalog1to2.py -> build/bdist.linux-x86_64/wheel/./axiom/test/historic
#7 5.731       copying build/lib/axiom/test/historic/loginMethod1to2.axiom.tbz2 -> build/bdist.linux-x86_64/wheel/./axiom/test/historic
#7 5.731       copying build/lib/axiom/test/historic/test_catalog1to2.py -> build/bdist.linux-x86_64/wheel/./axiom/test/historic
#7 5.731       copying build/lib/axiom/test/historic/stub_parentHook3to4.py -> build/bdist.linux-x86_64/wheel/./axiom/test/historic
#7 5.731       copying build/lib/axiom/test/historic/test_processor1to2.py -> build/bdist.linux-x86_64/wheel/./axiom/test/historic
#7 5.731       copying build/lib/axiom/test/historic/test_account1to2.py -> build/bdist.linux-x86_64/wheel/./axiom/test/historic
#7 5.731       copying build/lib/axiom/test/historic/test_parentHook2to3.py -> build/bdist.linux-x86_64/wheel/./axiom/test/historic
#7 5.731       copying build/lib/axiom/test/historic/subStoreStartupService1to2.axiom.tbz2 -> build/bdist.linux-x86_64/wheel/./axiom/test/historic
#7 5.731       copying build/lib/axiom/test/historic/test_subscheduler1to2.py -> build/bdist.linux-x86_64/wheel/./axiom/test/historic
#7 5.731       copying build/lib/axiom/test/historic/stubloader.py -> build/bdist.linux-x86_64/wheel/./axiom/test/historic
#7 5.731       copying build/lib/axiom/test/historic/stub_loginMethod1to2.py -> build/bdist.linux-x86_64/wheel/./axiom/test/historic
#7 5.731       copying build/lib/axiom/test/test_upgrading.py -> build/bdist.linux-x86_64/wheel/./axiom/test
#7 5.731       copying build/lib/axiom/test/test_inheritance.py -> build/bdist.linux-x86_64/wheel/./axiom/test
#7 5.731       copying build/lib/axiom/test/test_fincache.py -> build/bdist.linux-x86_64/wheel/./axiom/test
#7 5.731       copying build/lib/axiom/test/onestepapp.py -> build/bdist.linux-x86_64/wheel/./axiom/test
#7 5.731       copying build/lib/axiom/test/test_queryutil.py -> build/bdist.linux-x86_64/wheel/./axiom/test
#7 5.731       copying build/lib/axiom/test/test_slotmachine.py -> build/bdist.linux-x86_64/wheel/./axiom/test
#7 5.731       copying build/lib/axiom/test/test_userbase.py -> build/bdist.linux-x86_64/wheel/./axiom/test
#7 5.731       copying build/lib/axiom/test/test_query.py -> build/bdist.linux-x86_64/wheel/./axiom/test
#7 5.731       copying build/lib/axiom/test/test_paginate.py -> build/bdist.linux-x86_64/wheel/./axiom/test
#7 5.731       copying build/lib/axiom/test/oldpath.py -> build/bdist.linux-x86_64/wheel/./axiom/test
#7 5.731       copying build/lib/axiom/test/newpath.py -> build/bdist.linux-x86_64/wheel/./axiom/test
#7 5.731       copying build/lib/axiom/test/openthenload.py -> build/bdist.linux-x86_64/wheel/./axiom/test
#7 5.731       copying build/lib/axiom/test/deleteswordapp.py -> build/bdist.linux-x86_64/wheel/./axiom/test
#7 5.731       copying build/lib/axiom/test/cursortest.py -> build/bdist.linux-x86_64/wheel/./axiom/test
#7 5.731       copying build/lib/axiom/test/test_batch.py -> build/bdist.linux-x86_64/wheel/./axiom/test
#7 5.731       copying build/lib/axiom/test/__init__.py -> build/bdist.linux-x86_64/wheel/./axiom/test
#7 5.731       copying build/lib/axiom/test/test_attributes.py -> build/bdist.linux-x86_64/wheel/./axiom/test
#7 5.731       copying build/lib/axiom/test/test_crossstore.py -> build/bdist.linux-x86_64/wheel/./axiom/test
#7 5.731       copying build/lib/axiom/test/newapp.py -> build/bdist.linux-x86_64/wheel/./axiom/test
#7 5.731       copying build/lib/axiom/test/test_item.py -> build/bdist.linux-x86_64/wheel/./axiom/test
#7 5.731       copying build/lib/axiom/test/test_dependency.py -> build/bdist.linux-x86_64/wheel/./axiom/test
#7 5.731       copying build/lib/axiom/test/newcirc.py -> build/bdist.linux-x86_64/wheel/./axiom/test
#7 5.731       copying build/lib/axiom/test/test_pysqlite2.py -> build/bdist.linux-x86_64/wheel/./axiom/test
#7 5.731       copying build/lib/axiom/test/test_substore.py -> build/bdist.linux-x86_64/wheel/./axiom/test
#7 5.731       copying build/lib/axiom/test/test_xatop.py -> build/bdist.linux-x86_64/wheel/./axiom/test
#7 5.731       copying build/lib/axiom/test/toonewapp.py -> build/bdist.linux-x86_64/wheel/./axiom/test
#7 5.731       copying build/lib/axiom/test/itemtest.py -> build/bdist.linux-x86_64/wheel/./axiom/test
#7 5.731       copying build/lib/axiom/test/morenewapp.py -> build/bdist.linux-x86_64/wheel/./axiom/test
#7 5.731       copying build/lib/axiom/test/test_sequence.py -> build/bdist.linux-x86_64/wheel/./axiom/test
#7 5.731       copying build/lib/axiom/test/test_tags.py -> build/bdist.linux-x86_64/wheel/./axiom/test
#7 5.731       copying build/lib/axiom/test/test_count.py -> build/bdist.linux-x86_64/wheel/./axiom/test
#7 5.731       copying build/lib/axiom/test/newobsolete.py -> build/bdist.linux-x86_64/wheel/./axiom/test
#7 5.731       copying build/lib/axiom/test/test_listversions.py -> build/bdist.linux-x86_64/wheel/./axiom/test
#7 5.731       copying build/lib/axiom/substore.py -> build/bdist.linux-x86_64/wheel/./axiom
#7 5.731       creating build/bdist.linux-x86_64/wheel/axiom/scripts
#7 5.731       copying build/lib/axiom/scripts/axiomatic.py -> build/bdist.linux-x86_64/wheel/./axiom/scripts
#7 5.731       copying build/lib/axiom/scripts/__init__.py -> build/bdist.linux-x86_64/wheel/./axiom/scripts
#7 5.731       copying build/lib/axiom/scripts/pysql.py -> build/bdist.linux-x86_64/wheel/./axiom/scripts
#7 5.731       copying build/lib/axiom/scheduler.py -> build/bdist.linux-x86_64/wheel/./axiom
#7 5.731       creating build/bdist.linux-x86_64/wheel/twisted
#7 5.731       creating build/bdist.linux-x86_64/wheel/twisted/plugins
#7 5.731       copying build/lib/twisted/plugins/axiom_plugins.py -> build/bdist.linux-x86_64/wheel/./twisted/plugins
#7 5.731       running install_egg_info
#7 5.731       Copying Axiom.egg-info to build/bdist.linux-x86_64/wheel/./Axiom-0.7.5-py3.11.egg-info
#7 5.731       running install_scripts
#7 5.731       creating build/bdist.linux-x86_64/wheel/axiom-0.7.5.data/scripts
#7 5.731       copying build/scripts-3.11/axiomatic -> build/bdist.linux-x86_64/wheel/axiom-0.7.5.data/scripts
#7 5.731       changing mode of build/bdist.linux-x86_64/wheel/axiom-0.7.5.data/scripts/axiomatic to 755
#7 5.731       Traceback (most recent call last):
#7 5.731         File "<string>", line 2, in <module>
#7 5.731         File "<pip-setuptools-caller>", line 34, in <module>
#7 5.731         File "/tmp/pip-install-vrs58_4l/axiom_1d3395923b2a47b7af39238c9cbd5ab8/setup.py", line 28, in <module>
#7 5.731           setup(
#7 5.731         File "/usr/local/lib/python3.11/site-packages/setuptools/__init__.py", line 117, in setup
#7 5.731           return distutils.core.setup(**attrs)
#7 5.731                  ^^^^^^^^^^^^^^^^^^^^^^^^^^^^^
#7 5.731         File "/usr/local/lib/python3.11/site-packages/setuptools/_distutils/core.py", line 186, in setup
#7 5.731           return run_commands(dist)
#7 5.731                  ^^^^^^^^^^^^^^^^^^
#7 5.731         File "/usr/local/lib/python3.11/site-packages/setuptools/_distutils/core.py", line 202, in run_commands
#7 5.731           dist.run_commands()
#7 5.731         File "/usr/local/lib/python3.11/site-packages/setuptools/_distutils/dist.py", line 1002, in run_commands
#7 5.731           self.run_command(cmd)
#7 5.731         File "/usr/local/lib/python3.11/site-packages/setuptools/dist.py", line 1104, in run_command
#7 5.731           super().run_command(command)
#7 5.731         File "/usr/local/lib/python3.11/site-packages/setuptools/_distutils/dist.py", line 1021, in run_command
#7 5.731           cmd_obj.run()
#7 5.731         File "/usr/local/lib/python3.11/site-packages/setuptools/command/bdist_wheel.py", line 405, in run
#7 5.731           self.run_command("install")
#7 5.731         File "/usr/local/lib/python3.11/site-packages/setuptools/_distutils/cmd.py", line 357, in run_command
#7 5.731           self.distribution.run_command(command)
#7 5.731         File "/usr/local/lib/python3.11/site-packages/setuptools/dist.py", line 1104, in run_command
#7 5.731           super().run_command(command)
#7 5.731         File "/usr/local/lib/python3.11/site-packages/setuptools/_distutils/dist.py", line 1021, in run_command
#7 5.731           cmd_obj.run()
#7 5.731         File "/tmp/pip-install-vrs58_4l/axiom_1d3395923b2a47b7af39238c9cbd5ab8/setup.py", line 17, in run
#7 5.731           _regenerateCache()
#7 5.731         File "/tmp/pip-install-vrs58_4l/axiom_1d3395923b2a47b7af39238c9cbd5ab8/setup.py", line 22, in _regenerateCache
#7 5.731           from twisted import plugin
#7 5.731       ImportError: cannot import name 'plugin' from 'twisted' (unknown location)
#7 5.731       [end of output]
#7 5.731   
#7 5.731   note: This error originates from a subprocess, and is likely not a problem with pip.
#7 5.732   ERROR: Failed building wheel for axiom
#7 5.732   Running setup.py clean for axiom
#7 5.845 Failed to build axiom
#7 5.845 ERROR: Could not build wheels for axiom, which is required to install pyproject.toml-based projects
#7 5.936 
#7 5.936 [notice] A new release of pip is available: 24.0 -> 25.3
#7 5.936 [notice] To update, run: pip install --upgrade pip
#7 ERROR: process "pip install axiom" did not complete successfully: exit code: 1
------
 > [ 3/49] RUN ["pip","install","axiom"]:
5.731       [end of output]
5.731   
5.731   note: This error originates from a subprocess, and is likely not a problem with pip.
5.732   ERROR: Failed building wheel for axiom
5.732   Running setup.py clean for axiom
5.845 Failed to build axiom
5.845 ERROR: Could not build wheels for axiom, which is required to install pyproject.toml-based projects
5.936 
5.936 [notice] A new release of pip is available: 24.0 -> 25.3
5.936 [notice] To update, run: pip install --upgrade pip
------
Dockerfile:3
--------------------
   1 |     FROM python:3.11
   2 |     COPY hard-gists/14a8d6bf4783f4704c8a/snippet.py /snippet.py
   3 | >>> RUN ["pip","install","axiom"]
   4 |     RUN ["pip","install","ncolony"]
   5 |     RUN ["pip","install","txasgiresource"]
--------------------
ERROR: failed to build: failed to solve: process "pip install axiom" did not complete successfully: exit code: 1

View build details: docker-desktop://dashboard/build/default/default/aqzbandxschhlr31wdpxjuexr
[2025-10-29 12:15:44] ERROR: Build failed for 14a8d6bf4783f4704c8a
