=== Docker Build Log for 7f79c85c8883268660bd ===
Started at: Mi 29. Okt 17:35:47 CET 2025

[2025-10-29 17:35:47] START: Building image for 7f79c85c8883268660bd
#0 building with "default" instance using docker driver

#1 [internal] load build definition from Dockerfile
#1 transferring dockerfile: 233B done
#1 DONE 0.0s

#2 [internal] load metadata for docker.io/library/python:3.11
#2 DONE 0.0s

#3 [internal] load .dockerignore
#3 transferring context: 2B done
#3 DONE 0.0s

#4 [internal] load build context
#4 transferring context: 2.99kB 0.0s done
#4 DONE 0.0s

#5 [1/5] FROM docker.io/library/python:3.11
#5 CACHED

#6 [2/5] COPY hard-gists/7f79c85c8883268660bd/snippet.py /snippet.py
#6 DONE 0.1s

#7 [3/5] RUN ["pip","install","six"]
#7 1.908 Collecting six
#7 1.950   Downloading six-1.17.0-py2.py3-none-any.whl.metadata (1.7 kB)
#7 1.970 Downloading six-1.17.0-py2.py3-none-any.whl (11 kB)
#7 2.011 Installing collected packages: six
#7 2.027 Successfully installed six-1.17.0
#7 2.027 WARNING: Running pip as the 'root' user can result in broken permissions and conflicting behaviour with the system package manager. It is recommended to use a virtual environment instead: https://pip.pypa.io/warnings/venv
#7 2.115 
#7 2.115 [notice] A new release of pip is available: 24.0 -> 25.3
#7 2.115 [notice] To update, run: pip install --upgrade pip
#7 DONE 2.3s

#8 [4/5] RUN ["pip","install","pytest"]
#8 0.569 Collecting pytest
#8 0.603   Downloading pytest-8.4.2-py3-none-any.whl.metadata (7.7 kB)
#8 0.643 Collecting iniconfig>=1 (from pytest)
#8 0.652   Downloading iniconfig-2.3.0-py3-none-any.whl.metadata (2.5 kB)
#8 0.701 Collecting packaging>=20 (from pytest)
#8 0.709   Downloading packaging-25.0-py3-none-any.whl.metadata (3.3 kB)
#8 0.748 Collecting pluggy<2,>=1.5 (from pytest)
#8 0.757   Downloading pluggy-1.6.0-py3-none-any.whl.metadata (4.8 kB)
#8 0.803 Collecting pygments>=2.7.2 (from pytest)
#8 0.811   Downloading pygments-2.19.2-py3-none-any.whl.metadata (2.5 kB)
#8 0.841 Downloading pytest-8.4.2-py3-none-any.whl (365 kB)
#8 0.880    ━━━━━━━━━━━━━━━━━━━━━━━━━━━━━━━━━━━━━━━━ 365.8/365.8 kB 9.5 MB/s eta 0:00:00
#8 0.889 Downloading iniconfig-2.3.0-py3-none-any.whl (7.5 kB)
#8 0.907 Downloading packaging-25.0-py3-none-any.whl (66 kB)
#8 0.918    ━━━━━━━━━━━━━━━━━━━━━━━━━━━━━━━━━━━━━━━━ 66.5/66.5 kB 5.9 MB/s eta 0:00:00
#8 0.926 Downloading pluggy-1.6.0-py3-none-any.whl (20 kB)
#8 0.946 Downloading pygments-2.19.2-py3-none-any.whl (1.2 MB)
#8 0.999    ━━━━━━━━━━━━━━━━━━━━━━━━━━━━━━━━━━━━━━━━ 1.2/1.2 MB 23.7 MB/s eta 0:00:00
#8 1.049 Installing collected packages: pygments, pluggy, packaging, iniconfig, pytest
#8 1.785 Successfully installed iniconfig-2.3.0 packaging-25.0 pluggy-1.6.0 pygments-2.19.2 pytest-8.4.2
#8 1.786 WARNING: Running pip as the 'root' user can result in broken permissions and conflicting behaviour with the system package manager. It is recommended to use a virtual environment instead: https://pip.pypa.io/warnings/venv
#8 1.791 
#8 1.791 [notice] A new release of pip is available: 24.0 -> 25.3
#8 1.791 [notice] To update, run: pip install --upgrade pip
#8 DONE 2.0s

#9 [5/5] RUN ["pip","install","py"]
#9 0.684 Collecting py
#9 0.758   Downloading py-1.11.0-py2.py3-none-any.whl.metadata (2.8 kB)
#9 0.789 Downloading py-1.11.0-py2.py3-none-any.whl (98 kB)
#9 0.857    ━━━━━━━━━━━━━━━━━━━━━━━━━━━━━━━━━━━━━━━━ 98.7/98.7 kB 1.3 MB/s eta 0:00:00
#9 0.899 Installing collected packages: py
#9 0.978 Successfully installed py-1.11.0
#9 0.978 WARNING: Running pip as the 'root' user can result in broken permissions and conflicting behaviour with the system package manager. It is recommended to use a virtual environment instead: https://pip.pypa.io/warnings/venv
#9 0.983 
#9 0.983 [notice] A new release of pip is available: 24.0 -> 25.3
#9 0.983 [notice] To update, run: pip install --upgrade pip
#9 DONE 1.1s

#10 exporting to image
#10 exporting layers
#10 exporting layers 0.2s done
#10 writing image sha256:9bb7fae2f118545bb2203ca933dc7599f5217dcd4714d5d33e6cf5e135925e80 done
#10 naming to docker.io/library/test-image-7f79c85c8883268660bd done
#10 DONE 0.2s

View build details: docker-desktop://dashboard/build/default/default/7rpee2c9l2baba3dtk9508puu
[2025-10-29 17:35:53] SUCCESS: Build completed for 7f79c85c8883268660bd
