=== Docker Build Log for 09f5ab44486b1fc6df7bf20ce57159f1 ===
Started at: Mi 29. Okt 11:31:19 CET 2025

[2025-10-29 11:31:19] START: Building image for 09f5ab44486b1fc6df7bf20ce57159f1
#0 building with "default" instance using docker driver

#1 [internal] load build definition from Dockerfile
#1 transferring dockerfile: 190B done
#1 DONE 0.0s

#2 [internal] load metadata for docker.io/library/python:3.11
#2 DONE 0.0s

#3 [internal] load .dockerignore
#3 transferring context: 2B done
#3 DONE 0.0s

#4 [internal] load build context
#4 transferring context: 2.60kB 0.0s done
#4 DONE 0.0s

#5 [1/3] FROM docker.io/library/python:3.11
#5 CACHED

#6 [2/3] COPY hard-gists/09f5ab44486b1fc6df7bf20ce57159f1/snippet.py /snippet.py
#6 DONE 0.1s

#7 [3/3] RUN ["pip","install","pillow"]
#7 2.082 Collecting pillow
#7 2.116   Downloading pillow-12.0.0-cp311-cp311-manylinux_2_27_x86_64.manylinux_2_28_x86_64.whl.metadata (8.8 kB)
#7 2.155 Downloading pillow-12.0.0-cp311-cp311-manylinux_2_27_x86_64.manylinux_2_28_x86_64.whl (7.0 MB)
#7 2.433    ━━━━━━━━━━━━━━━━━━━━━━━━━━━━━━━━━━━━━━━━ 7.0/7.0 MB 25.6 MB/s eta 0:00:00
#7 2.506 Installing collected packages: pillow
#7 2.740 Successfully installed pillow-12.0.0
#7 2.741 WARNING: Running pip as the 'root' user can result in broken permissions and conflicting behaviour with the system package manager. It is recommended to use a virtual environment instead: https://pip.pypa.io/warnings/venv
#7 2.831 
#7 2.831 [notice] A new release of pip is available: 24.0 -> 25.3
#7 2.831 [notice] To update, run: pip install --upgrade pip
#7 DONE 3.1s

#8 exporting to image
#8 exporting layers
#8 exporting layers 0.2s done
#8 writing image sha256:5ad1403f38a313f8da94f06fa98d49b8a8290aecbae3be04ab5e39002e4db005 done
#8 naming to docker.io/library/test-image-09f5ab44486b1fc6df7bf20ce57159f1 done
#8 DONE 0.2s

View build details: docker-desktop://dashboard/build/default/default/lxuqpg324s4t9mpied49mveo7
[2025-10-29 11:31:23] SUCCESS: Build completed for 09f5ab44486b1fc6df7bf20ce57159f1
