=== Docker Build Log for 1728255 ===
Started at: Mi 29. Okt 12:26:13 CET 2025

[2025-10-29 12:26:13] START: Building image for 1728255
#0 building with "default" instance using docker driver

#1 [internal] load build definition from Dockerfile
#1 transferring dockerfile: 353B done
#1 DONE 0.0s

#2 [internal] load metadata for docker.io/library/python:3.11
#2 DONE 0.0s

#3 [internal] load .dockerignore
#3 transferring context: 2B done
#3 DONE 0.0s

#4 [internal] load build context
#4 transferring context: 8.51kB 0.0s done
#4 DONE 0.0s

#5 [1/9] FROM docker.io/library/python:3.11
#5 CACHED

#6 [2/9] COPY hard-gists/1728255/snippet.py /snippet.py
#6 DONE 0.1s

#7 [3/9] RUN ["pip","install","six"]
#7 1.944 Collecting six
#7 1.980   Downloading six-1.17.0-py2.py3-none-any.whl.metadata (1.7 kB)
#7 2.000 Downloading six-1.17.0-py2.py3-none-any.whl (11 kB)
#7 2.043 Installing collected packages: six
#7 2.058 Successfully installed six-1.17.0
#7 2.059 WARNING: Running pip as the 'root' user can result in broken permissions and conflicting behaviour with the system package manager. It is recommended to use a virtual environment instead: https://pip.pypa.io/warnings/venv
#7 2.146 
#7 2.146 [notice] A new release of pip is available: 24.0 -> 25.3
#7 2.146 [notice] To update, run: pip install --upgrade pip
#7 DONE 2.3s

#8 [4/9] RUN ["pip","install","pytest"]
#8 0.541 Collecting pytest
#8 0.573   Downloading pytest-8.4.2-py3-none-any.whl.metadata (7.7 kB)
#8 0.614 Collecting iniconfig>=1 (from pytest)
#8 0.622   Downloading iniconfig-2.3.0-py3-none-any.whl.metadata (2.5 kB)
#8 0.670 Collecting packaging>=20 (from pytest)
#8 0.678   Downloading packaging-25.0-py3-none-any.whl.metadata (3.3 kB)
#8 0.716 Collecting pluggy<2,>=1.5 (from pytest)
#8 0.724   Downloading pluggy-1.6.0-py3-none-any.whl.metadata (4.8 kB)
#8 0.770 Collecting pygments>=2.7.2 (from pytest)
#8 0.778   Downloading pygments-2.19.2-py3-none-any.whl.metadata (2.5 kB)
#8 0.807 Downloading pytest-8.4.2-py3-none-any.whl (365 kB)
#8 0.845    ━━━━━━━━━━━━━━━━━━━━━━━━━━━━━━━━━━━━━━━━ 365.8/365.8 kB 10.0 MB/s eta 0:00:00
#8 0.852 Downloading iniconfig-2.3.0-py3-none-any.whl (7.5 kB)
#8 0.870 Downloading packaging-25.0-py3-none-any.whl (66 kB)
#8 0.881    ━━━━━━━━━━━━━━━━━━━━━━━━━━━━━━━━━━━━━━━━ 66.5/66.5 kB 6.1 MB/s eta 0:00:00
#8 0.888 Downloading pluggy-1.6.0-py3-none-any.whl (20 kB)
#8 0.905 Downloading pygments-2.19.2-py3-none-any.whl (1.2 MB)
#8 0.961    ━━━━━━━━━━━━━━━━━━━━━━━━━━━━━━━━━━━━━━━━ 1.2/1.2 MB 22.5 MB/s eta 0:00:00
#8 1.010 Installing collected packages: pygments, pluggy, packaging, iniconfig, pytest
#8 1.711 Successfully installed iniconfig-2.3.0 packaging-25.0 pluggy-1.6.0 pygments-2.19.2 pytest-8.4.2
#8 1.711 WARNING: Running pip as the 'root' user can result in broken permissions and conflicting behaviour with the system package manager. It is recommended to use a virtual environment instead: https://pip.pypa.io/warnings/venv
#8 1.716 
#8 1.716 [notice] A new release of pip is available: 24.0 -> 25.3
#8 1.716 [notice] To update, run: pip install --upgrade pip
#8 DONE 1.8s

#9 [5/9] RUN ["pip","install","py"]
#9 0.533 Collecting py
#9 0.569   Downloading py-1.11.0-py2.py3-none-any.whl.metadata (2.8 kB)
#9 0.595 Downloading py-1.11.0-py2.py3-none-any.whl (98 kB)
#9 0.631    ━━━━━━━━━━━━━━━━━━━━━━━━━━━━━━━━━━━━━━━━ 98.7/98.7 kB 2.6 MB/s eta 0:00:00
#9 0.673 Installing collected packages: py
#9 0.759 Successfully installed py-1.11.0
#9 0.760 WARNING: Running pip as the 'root' user can result in broken permissions and conflicting behaviour with the system package manager. It is recommended to use a virtual environment instead: https://pip.pypa.io/warnings/venv
#9 0.765 
#9 0.765 [notice] A new release of pip is available: 24.0 -> 25.3
#9 0.765 [notice] To update, run: pip install --upgrade pip
#9 DONE 0.9s

#10 [6/9] RUN ["pip","install","requests"]
#10 0.553 Collecting requests
#10 0.587   Downloading requests-2.32.5-py3-none-any.whl.metadata (4.9 kB)
#10 0.711 Collecting charset_normalizer<4,>=2 (from requests)
#10 0.719   Downloading charset_normalizer-3.4.4-cp311-cp311-manylinux2014_x86_64.manylinux_2_17_x86_64.manylinux_2_28_x86_64.whl.metadata (37 kB)
#10 0.769 Collecting idna<4,>=2.5 (from requests)
#10 0.778   Downloading idna-3.11-py3-none-any.whl.metadata (8.4 kB)
#10 0.840 Collecting urllib3<3,>=1.21.1 (from requests)
#10 0.849   Downloading urllib3-2.5.0-py3-none-any.whl.metadata (6.5 kB)
#10 0.903 Collecting certifi>=2017.4.17 (from requests)
#10 0.913   Downloading certifi-2025.10.5-py3-none-any.whl.metadata (2.5 kB)
#10 0.941 Downloading requests-2.32.5-py3-none-any.whl (64 kB)
#10 0.970    ━━━━━━━━━━━━━━━━━━━━━━━━━━━━━━━━━━━━━━━━ 64.7/64.7 kB 2.0 MB/s eta 0:00:00
#10 0.979 Downloading certifi-2025.10.5-py3-none-any.whl (163 kB)
#10 0.998    ━━━━━━━━━━━━━━━━━━━━━━━━━━━━━━━━━━━━━━━━ 163.3/163.3 kB 8.7 MB/s eta 0:00:00
#10 1.008 Downloading charset_normalizer-3.4.4-cp311-cp311-manylinux2014_x86_64.manylinux_2_17_x86_64.manylinux_2_28_x86_64.whl (151 kB)
#10 1.025    ━━━━━━━━━━━━━━━━━━━━━━━━━━━━━━━━━━━━━━━━ 151.6/151.6 kB 9.5 MB/s eta 0:00:00
#10 1.034 Downloading idna-3.11-py3-none-any.whl (71 kB)
#10 1.049    ━━━━━━━━━━━━━━━━━━━━━━━━━━━━━━━━━━━━━━━━ 71.0/71.0 kB 4.3 MB/s eta 0:00:00
#10 1.057 Downloading urllib3-2.5.0-py3-none-any.whl (129 kB)
#10 1.071    ━━━━━━━━━━━━━━━━━━━━━━━━━━━━━━━━━━━━━━━━ 129.8/129.8 kB 9.6 MB/s eta 0:00:00
#10 1.131 Installing collected packages: urllib3, idna, charset_normalizer, certifi, requests
#10 1.378 Successfully installed certifi-2025.10.5 charset_normalizer-3.4.4 idna-3.11 requests-2.32.5 urllib3-2.5.0
#10 1.379 WARNING: Running pip as the 'root' user can result in broken permissions and conflicting behaviour with the system package manager. It is recommended to use a virtual environment instead: https://pip.pypa.io/warnings/venv
#10 1.384 
#10 1.384 [notice] A new release of pip is available: 24.0 -> 25.3
#10 1.384 [notice] To update, run: pip install --upgrade pip
#10 DONE 1.5s

#11 [7/9] RUN ["pip","install","pyramid"]
#11 0.699 Collecting pyramid
#11 0.736   Downloading pyramid-2.0.2-py3-none-any.whl.metadata (20 kB)
#11 0.798 Collecting hupper>=1.5 (from pyramid)
#11 0.807   Downloading hupper-1.12.1-py3-none-any.whl.metadata (3.7 kB)
#11 0.853 Collecting plaster (from pyramid)
#11 0.862   Downloading plaster-1.1.2-py2.py3-none-any.whl.metadata (6.4 kB)
#11 0.910 Collecting plaster-pastedeploy (from pyramid)
#11 0.920   Downloading plaster_pastedeploy-1.0.1-py2.py3-none-any.whl.metadata (8.1 kB)
#11 0.932 Requirement already satisfied: setuptools in /usr/local/lib/python3.11/site-packages (from pyramid) (79.0.1)
#11 0.960 Collecting translationstring>=0.4 (from pyramid)
#11 1.066   Downloading translationstring-1.4-py2.py3-none-any.whl.metadata (4.1 kB)
#11 1.117 Collecting venusian>=1.0 (from pyramid)
#11 1.127   Downloading venusian-3.1.1-py3-none-any.whl.metadata (10 kB)
#11 1.176 Collecting webob>=1.8.3 (from pyramid)
#11 1.185   Downloading WebOb-1.8.9-py2.py3-none-any.whl.metadata (11 kB)
#11 1.232 Collecting zope.deprecation>=3.5.0 (from pyramid)
#11 1.241   Downloading zope_deprecation-6.0-py3-none-any.whl.metadata (5.5 kB)
#11 1.376 Collecting zope.interface>=3.8.0 (from pyramid)
#11 1.391   Downloading zope_interface-8.0.1-cp311-cp311-manylinux1_x86_64.manylinux2014_x86_64.manylinux_2_17_x86_64.manylinux_2_5_x86_64.whl.metadata (44 kB)
#11 1.410      ━━━━━━━━━━━━━━━━━━━━━━━━━━━━━━━━━━━━━━━━ 44.9/44.9 kB 2.1 MB/s eta 0:00:00
#11 1.468 Collecting PasteDeploy>=2.0 (from plaster-pastedeploy->pyramid)
#11 1.477   Downloading PasteDeploy-3.1.0-py3-none-any.whl.metadata (2.7 kB)
#11 1.529 Downloading pyramid-2.0.2-py3-none-any.whl (247 kB)
#11 1.558    ━━━━━━━━━━━━━━━━━━━━━━━━━━━━━━━━━━━━━━━━ 247.3/247.3 kB 8.7 MB/s eta 0:00:00
#11 1.567 Downloading hupper-1.12.1-py3-none-any.whl (22 kB)
#11 1.585 Downloading translationstring-1.4-py2.py3-none-any.whl (15 kB)
#11 1.602 Downloading venusian-3.1.1-py3-none-any.whl (14 kB)
#11 1.624 Downloading WebOb-1.8.9-py2.py3-none-any.whl (115 kB)
#11 1.642    ━━━━━━━━━━━━━━━━━━━━━━━━━━━━━━━━━━━━━━━━ 115.4/115.4 kB 6.7 MB/s eta 0:00:00
#11 1.651 Downloading zope_deprecation-6.0-py3-none-any.whl (9.5 kB)
#11 1.669 Downloading zope_interface-8.0.1-cp311-cp311-manylinux1_x86_64.manylinux2014_x86_64.manylinux_2_17_x86_64.manylinux_2_5_x86_64.whl (259 kB)
#11 1.691    ━━━━━━━━━━━━━━━━━━━━━━━━━━━━━━━━━━━━━━━━ 259.8/259.8 kB 12.5 MB/s eta 0:00:00
#11 1.700 Downloading plaster-1.1.2-py2.py3-none-any.whl (11 kB)
#11 1.723 Downloading plaster_pastedeploy-1.0.1-py2.py3-none-any.whl (7.8 kB)
#11 1.741 Downloading PasteDeploy-3.1.0-py3-none-any.whl (16 kB)
#11 1.860 Installing collected packages: translationstring, zope.interface, zope.deprecation, webob, venusian, plaster, PasteDeploy, hupper, plaster-pastedeploy, pyramid
#11 2.266 Successfully installed PasteDeploy-3.1.0 hupper-1.12.1 plaster-1.1.2 plaster-pastedeploy-1.0.1 pyramid-2.0.2 translationstring-1.4 venusian-3.1.1 webob-1.8.9 zope.deprecation-6.0 zope.interface-8.0.1
#11 2.266 WARNING: Running pip as the 'root' user can result in broken permissions and conflicting behaviour with the system package manager. It is recommended to use a virtual environment instead: https://pip.pypa.io/warnings/venv
#11 2.271 
#11 2.271 [notice] A new release of pip is available: 24.0 -> 25.3
#11 2.271 [notice] To update, run: pip install --upgrade pip
#11 DONE 2.4s

#12 [8/9] RUN ["pip","install","gevent"]
#12 0.627 Collecting gevent
#12 0.661   Downloading gevent-25.9.1-cp311-cp311-manylinux2014_x86_64.manylinux_2_17_x86_64.whl.metadata (14 kB)
#12 0.822 Collecting greenlet>=3.2.2 (from gevent)
#12 0.831   Downloading greenlet-3.2.4-cp311-cp311-manylinux_2_24_x86_64.manylinux_2_28_x86_64.whl.metadata (4.1 kB)
#12 0.878 Collecting zope.event (from gevent)
#12 0.887   Downloading zope_event-6.0-py3-none-any.whl.metadata (5.1 kB)
#12 0.902 Requirement already satisfied: zope.interface in /usr/local/lib/python3.11/site-packages (from gevent) (8.0.1)
#12 0.908 Requirement already satisfied: setuptools>=75.8.2 in /usr/local/lib/python3.11/site-packages (from zope.event->gevent) (79.0.1)
#12 0.962 Downloading gevent-25.9.1-cp311-cp311-manylinux2014_x86_64.manylinux_2_17_x86_64.whl (2.1 MB)
#12 1.075    ━━━━━━━━━━━━━━━━━━━━━━━━━━━━━━━━━━━━━━━━ 2.1/2.1 MB 19.5 MB/s eta 0:00:00
#12 1.084 Downloading greenlet-3.2.4-cp311-cp311-manylinux_2_24_x86_64.manylinux_2_28_x86_64.whl (587 kB)
#12 1.112    ━━━━━━━━━━━━━━━━━━━━━━━━━━━━━━━━━━━━━━━━ 587.7/587.7 kB 22.1 MB/s eta 0:00:00
#12 1.121 Downloading zope_event-6.0-py3-none-any.whl (6.4 kB)
#12 1.252 Installing collected packages: zope.event, greenlet, gevent
#12 1.629 Successfully installed gevent-25.9.1 greenlet-3.2.4 zope.event-6.0
#12 1.629 WARNING: Running pip as the 'root' user can result in broken permissions and conflicting behaviour with the system package manager. It is recommended to use a virtual environment instead: https://pip.pypa.io/warnings/venv
#12 1.634 
#12 1.634 [notice] A new release of pip is available: 24.0 -> 25.3
#12 1.634 [notice] To update, run: pip install --upgrade pip
#12 DONE 1.8s

#13 [9/9] RUN ["pip","install","gevent-queue"]
#13 0.505 Collecting gevent-queue
#13 0.539   Downloading gevent-queue-0.1.5.tar.gz (4.6 kB)
#13 0.556   Preparing metadata (setup.py): started
#13 0.979   Preparing metadata (setup.py): finished with status 'done'
#13 1.051 Collecting redis>=3.0.0 (from gevent-queue)
#13 1.060   Downloading redis-7.0.1-py3-none-any.whl.metadata (12 kB)
#13 1.098 Downloading redis-7.0.1-py3-none-any.whl (339 kB)
#13 1.145    ━━━━━━━━━━━━━━━━━━━━━━━━━━━━━━━━━━━━━━━━ 339.9/339.9 kB 7.4 MB/s eta 0:00:00
#13 1.150 Building wheels for collected packages: gevent-queue
#13 1.150   Building wheel for gevent-queue (setup.py): started
#13 1.330   Building wheel for gevent-queue (setup.py): finished with status 'done'
#13 1.330   Created wheel for gevent-queue: filename=gevent_queue-0.1.5-py3-none-any.whl size=4879 sha256=69e83f1164531ac5cea9b9b78600dd672bd6c73983c0f67f5552bf38fef7763e
#13 1.330   Stored in directory: /root/.cache/pip/wheels/43/2a/c3/0482c25ec3d3072e75704b3415795aafb8fd9272dcdc4a0a51
#13 1.332 Successfully built gevent-queue
#13 1.432 Installing collected packages: redis, gevent-queue
#13 1.613 Successfully installed gevent-queue-0.1.5 redis-7.0.1
#13 1.613 WARNING: Running pip as the 'root' user can result in broken permissions and conflicting behaviour with the system package manager. It is recommended to use a virtual environment instead: https://pip.pypa.io/warnings/venv
#13 1.618 
#13 1.618 [notice] A new release of pip is available: 24.0 -> 25.3
#13 1.618 [notice] To update, run: pip install --upgrade pip
#13 DONE 1.7s

#14 exporting to image
#14 exporting layers
#14 exporting layers 0.3s done
#14 writing image sha256:0d432b6c8d69e4816b0b5da0f2a29bc4b9cb7cecf8559ee3875f4cc658b0ddbb done
#14 naming to docker.io/library/test-image-1728255 done
#14 DONE 0.3s

View build details: docker-desktop://dashboard/build/default/default/xhy1odnmepbhycde2vnd0nvge
[2025-10-29 12:26:26] SUCCESS: Build completed for 1728255
