=== Docker Build Log for 19a4b105d1dff9a591b8 ===
Started at: Mi 29. Okt 12:36:21 CET 2025

[2025-10-29 12:36:21] START: Building image for 19a4b105d1dff9a591b8
#0 building with "default" instance using docker driver

#1 [internal] load build definition from Dockerfile
#1 transferring dockerfile: 180B done
#1 DONE 0.0s

#2 [internal] load metadata for docker.io/library/python:3.11
#2 DONE 0.0s

#3 [internal] load .dockerignore
#3 transferring context: 2B done
#3 DONE 0.0s

#4 [internal] load build context
#4 transferring context: 2.87kB 0.0s done
#4 DONE 0.0s

#5 [1/3] FROM docker.io/library/python:3.11
#5 CACHED

#6 [2/3] COPY hard-gists/19a4b105d1dff9a591b8/snippet.py /snippet.py
#6 DONE 0.1s

#7 [3/3] RUN ["pip","install","PyExecJS"]
#7 1.948 Collecting PyExecJS
#7 1.990   Downloading PyExecJS-1.5.1.tar.gz (13 kB)
#7 2.005   Preparing metadata (setup.py): started
#7 2.399   Preparing metadata (setup.py): finished with status 'done'
#7 2.431 Collecting six>=1.10.0 (from PyExecJS)
#7 2.440   Downloading six-1.17.0-py2.py3-none-any.whl.metadata (1.7 kB)
#7 2.460 Downloading six-1.17.0-py2.py3-none-any.whl (11 kB)
#7 2.475 Building wheels for collected packages: PyExecJS
#7 2.475   Building wheel for PyExecJS (setup.py): started
#7 2.639   Building wheel for PyExecJS (setup.py): finished with status 'done'
#7 2.639   Created wheel for PyExecJS: filename=pyexecjs-1.5.1-py3-none-any.whl size=14650 sha256=a02e63b91984a5d420fd8918e13cd10a804a38a1bf0e5e4208c7cd7d1a26a3f5
#7 2.640   Stored in directory: /root/.cache/pip/wheels/0e/29/b2/02d071c92586aa5dbfd67cda8aea1a680900a530217d5ecf6c
#7 2.641 Successfully built PyExecJS
#7 2.673 Installing collected packages: six, PyExecJS
#7 2.707 Successfully installed PyExecJS-1.5.1 six-1.17.0
#7 2.708 WARNING: Running pip as the 'root' user can result in broken permissions and conflicting behaviour with the system package manager. It is recommended to use a virtual environment instead: https://pip.pypa.io/warnings/venv
#7 2.799 
#7 2.799 [notice] A new release of pip is available: 24.0 -> 25.3
#7 2.799 [notice] To update, run: pip install --upgrade pip
#7 DONE 3.0s

#8 exporting to image
#8 exporting layers 0.1s done
#8 writing image sha256:3d83d7e5cff736d7617475cb3547ca282e34d2186c10c812dc94ca0750e647e7 done
#8 naming to docker.io/library/test-image-19a4b105d1dff9a591b8 done
#8 DONE 0.2s

View build details: docker-desktop://dashboard/build/default/default/ngslf0zoz4iv8ksnr8yltu4ij
[2025-10-29 12:36:25] SUCCESS: Build completed for 19a4b105d1dff9a591b8
