=== Docker Build Log for 4245408 ===
Started at: Mi 29. Okt 14:28:21 CET 2025

[2025-10-29 14:28:21] START: Building image for 4245408
#0 building with "default" instance using docker driver

#1 [internal] load build definition from Dockerfile
#1 transferring dockerfile: 132B done
#1 DONE 0.0s

#2 [internal] load metadata for docker.io/library/python:3.11
#2 DONE 0.0s

#3 [internal] load .dockerignore
#3 transferring context: 2B done
#3 DONE 0.0s

#4 [internal] load build context
#4 transferring context: 24.82kB 0.0s done
#4 DONE 0.0s

#5 [1/2] FROM docker.io/library/python:3.11
#5 CACHED

#6 [2/2] COPY hard-gists/4245408/snippet.py /snippet.py
#6 DONE 1.6s

#7 exporting to image
#7 exporting layers 0.1s done
#7 writing image sha256:942fc46add5ffca969ebbcd6d870d9b1860e4b9e9be8ee284505028ecde21fe4 done
#7 naming to docker.io/library/test-image-4245408 done
#7 DONE 0.1s

View build details: docker-desktop://dashboard/build/default/default/9awzp36o2xf04mr7bg6cwhzuh
[2025-10-29 14:28:23] SUCCESS: Build completed for 4245408
