=== Docker Run Log for 3210264 ===
Started at: Mi 29. Okt 13:46:25 CET 2025

[2025-10-29 13:46:26] START: Running container for 3210264
[2025-10-29 13:46:26] SUCCESS: Container 284f3b877a296c9aa481164b7ba32d01f02aaaf14d339f53a38ef59c98460f3d started for 3210264
=== Container logs for 3210264 ===
/snippet.py:11: DeprecationWarning: FancyURLopener style of invoking requests is deprecated. Use newer urlopen functions/methods
  opener = FancyURLopener()
Traceback (most recent call last):
  File "/snippet.py", line 12, in <module>
    page = opener.open(url)
           ^^^^^^^^^^^^^^^^
  File "/usr/local/lib/python3.11/urllib/request.py", line 1787, in open
    return getattr(self, name)(url)
           ^^^^^^^^^^^^^^^^^^^^^^^^
  File "/usr/local/lib/python3.11/urllib/request.py", line 1996, in open_https
    return self._open_generic_http(self._https_connection, url, data)
           ^^^^^^^^^^^^^^^^^^^^^^^^^^^^^^^^^^^^^^^^^^^^^^^^^^^^^^^^^^
  File "/usr/local/lib/python3.11/urllib/request.py", line 1959, in _open_generic_http
    return self.http_error(
           ^^^^^^^^^^^^^^^^
  File "/usr/local/lib/python3.11/urllib/request.py", line 1977, in http_error
    result = method(url, fp, errcode, errmsg, headers)
             ^^^^^^^^^^^^^^^^^^^^^^^^^^^^^^^^^^^^^^^^^
  File "/usr/local/lib/python3.11/urllib/request.py", line 2237, in http_error_401
    URLopener.http_error_default(self, url, fp, errcode, errmsg,
  File "/usr/local/lib/python3.11/urllib/request.py", line 1986, in http_error_default
    raise HTTPError(url, errcode, errmsg, headers, None)
urllib.error.HTTPError: HTTP Error 401: Unauthorized
=== End of logs for 3210264 ===
[2025-10-29 13:46:28] INFO: Container 284f3b877a296c9aa481164b7ba32d01f02aaaf14d339f53a38ef59c98460f3d has stopped
