=== Docker Build Log for 6499135 ===
Started at: Mi 29. Okt 16:33:16 CET 2025

[2025-10-29 16:33:16] START: Building image for 6499135
#0 building with "default" instance using docker driver

#1 [internal] load build definition from Dockerfile
#1 transferring dockerfile: 244B done
#1 DONE 0.0s

#2 [internal] load metadata for docker.io/library/python:3.11
#2 DONE 0.0s

#3 [internal] load .dockerignore
#3 transferring context: 2B done
#3 DONE 0.0s

#4 [internal] load build context
#4 transferring context: 1.14kB 0.0s done
#4 DONE 0.0s

#5 [1/5] FROM docker.io/library/python:3.11
#5 CACHED

#6 [2/5] COPY hard-gists/6499135/snippet.py /snippet.py
#6 DONE 0.1s

#7 [3/5] RUN ["pip","install","dj.choices"]
#7 2.045 Collecting dj.choices
#7 2.090   Downloading dj.choices-0.11.0.tar.gz (28 kB)
#7 2.109   Preparing metadata (setup.py): started
#7 2.511   Preparing metadata (setup.py): finished with status 'done'
#7 2.629 Collecting django (from dj.choices)
#7 2.639   Downloading django-5.2.7-py3-none-any.whl.metadata (4.1 kB)
#7 2.676 Collecting six (from dj.choices)
#7 2.685   Downloading six-1.17.0-py2.py3-none-any.whl.metadata (1.7 kB)
#7 2.735 Collecting asgiref>=3.8.1 (from django->dj.choices)
#7 2.743   Downloading asgiref-3.10.0-py3-none-any.whl.metadata (9.3 kB)
#7 2.783 Collecting sqlparse>=0.3.1 (from django->dj.choices)
#7 2.791   Downloading sqlparse-0.5.3-py3-none-any.whl.metadata (3.9 kB)
#7 2.817 Downloading django-5.2.7-py3-none-any.whl (8.3 MB)
#7 3.163    ━━━━━━━━━━━━━━━━━━━━━━━━━━━━━━━━━━━━━━━━ 8.3/8.3 MB 24.2 MB/s eta 0:00:00
#7 3.171 Downloading six-1.17.0-py2.py3-none-any.whl (11 kB)
#7 3.191 Downloading asgiref-3.10.0-py3-none-any.whl (24 kB)
#7 3.209 Downloading sqlparse-0.5.3-py3-none-any.whl (44 kB)
#7 3.220    ━━━━━━━━━━━━━━━━━━━━━━━━━━━━━━━━━━━━━━━━ 44.4/44.4 kB 3.7 MB/s eta 0:00:00
#7 3.261 Building wheels for collected packages: dj.choices
#7 3.261   Building wheel for dj.choices (setup.py): started
#7 3.454   Building wheel for dj.choices (setup.py): finished with status 'done'
#7 3.454   Created wheel for dj.choices: filename=dj_choices-0.11.0-py3-none-any.whl size=28716 sha256=ac4de401df8d772492a29d4161db6654b5ba25b233a7a4419f1a7bbb8fb28f16
#7 3.454   Stored in directory: /root/.cache/pip/wheels/97/38/bd/4ca089ff8ffdead6a07e7af033d36d74a01ab7a37e70797942
#7 3.456 Successfully built dj.choices
#7 3.510 Installing collected packages: sqlparse, six, asgiref, django, dj.choices
#7 5.210 Successfully installed asgiref-3.10.0 dj.choices-0.11.0 django-5.2.7 six-1.17.0 sqlparse-0.5.3
#7 5.210 WARNING: Running pip as the 'root' user can result in broken permissions and conflicting behaviour with the system package manager. It is recommended to use a virtual environment instead: https://pip.pypa.io/warnings/venv
#7 5.309 
#7 5.309 [notice] A new release of pip is available: 24.0 -> 25.3
#7 5.309 [notice] To update, run: pip install --upgrade pip
#7 DONE 5.9s

#8 [4/5] RUN ["pip","install","djangorestframework"]
#8 0.583 Collecting djangorestframework
#8 0.629   Downloading djangorestframework-3.16.1-py3-none-any.whl.metadata (11 kB)
#8 0.642 Requirement already satisfied: django>=4.2 in /usr/local/lib/python3.11/site-packages (from djangorestframework) (5.2.7)
#8 0.647 Requirement already satisfied: asgiref>=3.8.1 in /usr/local/lib/python3.11/site-packages (from django>=4.2->djangorestframework) (3.10.0)
#8 0.648 Requirement already satisfied: sqlparse>=0.3.1 in /usr/local/lib/python3.11/site-packages (from django>=4.2->djangorestframework) (0.5.3)
#8 0.663 Downloading djangorestframework-3.16.1-py3-none-any.whl (1.1 MB)
#8 0.727    ━━━━━━━━━━━━━━━━━━━━━━━━━━━━━━━━━━━━━━━━ 1.1/1.1 MB 17.4 MB/s eta 0:00:00
#8 0.778 Installing collected packages: djangorestframework
#8 0.939 Successfully installed djangorestframework-3.16.1
#8 0.939 WARNING: Running pip as the 'root' user can result in broken permissions and conflicting behaviour with the system package manager. It is recommended to use a virtual environment instead: https://pip.pypa.io/warnings/venv
#8 0.945 
#8 0.945 [notice] A new release of pip is available: 24.0 -> 25.3
#8 0.945 [notice] To update, run: pip install --upgrade pip
#8 DONE 1.1s

#9 [5/5] RUN ["pip","install","Django"]
#9 0.501 Requirement already satisfied: Django in /usr/local/lib/python3.11/site-packages (5.2.7)
#9 0.505 Requirement already satisfied: asgiref>=3.8.1 in /usr/local/lib/python3.11/site-packages (from Django) (3.10.0)
#9 0.506 Requirement already satisfied: sqlparse>=0.3.1 in /usr/local/lib/python3.11/site-packages (from Django) (0.5.3)
#9 0.558 WARNING: Running pip as the 'root' user can result in broken permissions and conflicting behaviour with the system package manager. It is recommended to use a virtual environment instead: https://pip.pypa.io/warnings/venv
#9 0.564 
#9 0.564 [notice] A new release of pip is available: 24.0 -> 25.3
#9 0.564 [notice] To update, run: pip install --upgrade pip
#9 DONE 0.7s

#10 exporting to image
#10 exporting layers
#10 exporting layers 0.8s done
#10 writing image sha256:10bd462b81d3c89aeede51eb29bca73212c45db33fe3343abd2075c9a82e0bce done
#10 naming to docker.io/library/test-image-6499135 done
#10 DONE 0.8s

View build details: docker-desktop://dashboard/build/default/default/nzxlm6n6nqbtrtltfetno9qbx
[2025-10-29 16:33:24] SUCCESS: Build completed for 6499135
