=== Docker Build Log for 5703516 ===
Started at: Mi 29. Okt 15:54:36 CET 2025

[2025-10-29 15:54:36] START: Building image for 5703516
#0 building with "default" instance using docker driver

#1 [internal] load build definition from Dockerfile
#1 transferring dockerfile: 163B done
#1 DONE 0.0s

#2 [internal] load metadata for docker.io/library/python:3.11
#2 DONE 0.0s

#3 [internal] load .dockerignore
#3 transferring context: 2B done
#3 DONE 0.0s

#4 [internal] load build context
#4 transferring context: 1.79kB 0.0s done
#4 DONE 0.0s

#5 [1/3] FROM docker.io/library/python:3.11
#5 CACHED

#6 [2/3] COPY hard-gists/5703516/snippet.py /snippet.py
#6 DONE 0.1s

#7 [3/3] RUN ["pip","install","PySide"]
#7 2.174 Collecting PySide
#7 2.208   Downloading PySide-1.2.4.tar.gz (9.3 MB)
#7 2.583      ━━━━━━━━━━━━━━━━━━━━━━━━━━━━━━━━━━━━━━━━ 9.3/9.3 MB 24.8 MB/s eta 0:00:00
#7 3.076   Preparing metadata (setup.py): started
#7 3.626   Preparing metadata (setup.py): finished with status 'error'
#7 3.630   error: subprocess-exited-with-error
#7 3.630   
#7 3.630   × python setup.py egg_info did not run successfully.
#7 3.630   │ exit code: 1
#7 3.630   ╰─> [1 lines of output]
#7 3.630       only these python versions are supported: [(2, 6), (2, 7), (3, 2), (3, 3), (3, 4)]
#7 3.630       [end of output]
#7 3.630   
#7 3.630   note: This error originates from a subprocess, and is likely not a problem with pip.
#7 3.631 error: metadata-generation-failed
#7 3.631 
#7 3.631 × Encountered error while generating package metadata.
#7 3.631 ╰─> See above for output.
#7 3.631 
#7 3.631 note: This is an issue with the package mentioned above, not pip.
#7 3.631 hint: See above for details.
#7 3.745 
#7 3.745 [notice] A new release of pip is available: 24.0 -> 25.3
#7 3.745 [notice] To update, run: pip install --upgrade pip
#7 ERROR: process "pip install PySide" did not complete successfully: exit code: 1
------
 > [3/3] RUN ["pip","install","PySide"]:
3.631 error: metadata-generation-failed
3.631 
3.631 × Encountered error while generating package metadata.
3.631 ╰─> See above for output.
3.631 
3.631 note: This is an issue with the package mentioned above, not pip.
3.631 hint: See above for details.
3.745 
3.745 [notice] A new release of pip is available: 24.0 -> 25.3
3.745 [notice] To update, run: pip install --upgrade pip
------
Dockerfile:3
--------------------
   1 |     FROM python:3.11
   2 |     COPY hard-gists/5703516/snippet.py /snippet.py
   3 | >>> RUN ["pip","install","PySide"]
   4 |     CMD ["python3","/snippet.py"]
   5 |     
--------------------
ERROR: failed to build: failed to solve: process "pip install PySide" did not complete successfully: exit code: 1

View build details: docker-desktop://dashboard/build/default/default/1u4qhnslt0d6bi0i6g0hko3di
[2025-10-29 15:54:41] ERROR: Build failed for 5703516
