=== Docker Build Log for 05aadb969e43788593d3 ===
Started at: Mi 29. Okt 11:28:33 CET 2025

[2025-10-29 11:28:33] START: Building image for 05aadb969e43788593d3
#0 building with "default" instance using docker driver

#1 [internal] load build definition from Dockerfile
#1 transferring dockerfile: 145B done
#1 DONE 0.0s

#2 [internal] load metadata for docker.io/library/python:3.11
#2 DONE 0.0s

#3 [internal] load .dockerignore
#3 transferring context: 2B done
#3 DONE 0.0s

#4 [internal] load build context
#4 transferring context: 1.82kB 0.0s done
#4 DONE 0.0s

#5 [1/2] FROM docker.io/library/python:3.11
#5 CACHED

#6 [2/2] COPY hard-gists/05aadb969e43788593d3/snippet.py /snippet.py
#6 DONE 0.1s

#7 exporting to image
#7 exporting layers 0.0s done
#7 writing image sha256:44351d615532975ffc43ff932b9fe3fc2e13ae1df5dbe686c23ecf933becdd52 done
#7 naming to docker.io/library/test-image-05aadb969e43788593d3 done
#7 DONE 0.1s

View build details: docker-desktop://dashboard/build/default/default/x4fu16d28l4iyyf1yysqqgx15
[2025-10-29 11:28:33] SUCCESS: Build completed for 05aadb969e43788593d3
