=== Docker Build Log for 3de0abd7d18e6edc87dd ===
Started at: Mi 29. Okt 14:12:56 CET 2025

[2025-10-29 14:12:56] START: Building image for 3de0abd7d18e6edc87dd
#0 building with "default" instance using docker driver

#1 [internal] load build definition from Dockerfile
#1 transferring dockerfile: 1.56kB done
#1 DONE 0.0s

#2 [internal] load metadata for docker.io/library/python:3.11
#2 DONE 0.0s

#3 [internal] load .dockerignore
#3 transferring context: 2B done
#3 DONE 0.0s

#4 [internal] load build context
#4 transferring context: 2.63kB 0.0s done
#4 DONE 0.0s

#5 [ 1/36] FROM docker.io/library/python:3.11
#5 CACHED

#6 [ 2/36] COPY hard-gists/3de0abd7d18e6edc87dd/snippet.py /snippet.py
#6 DONE 0.1s

#7 [ 3/36] RUN ["pip","install","plone.i18n"]
#7 1.896 Collecting plone.i18n
#7 1.941   Downloading plone_i18n-5.1.1-py3-none-any.whl.metadata (16 kB)
#7 1.962 Requirement already satisfied: setuptools in /usr/local/lib/python3.11/site-packages (from plone.i18n) (79.0.1)
#7 1.989 Collecting plone.autoform (from plone.i18n)
#7 1.999   Downloading plone_autoform-2.0.4-py3-none-any.whl.metadata (22 kB)
#7 2.037 Collecting plone.registry (from plone.i18n)
#7 2.046   Downloading plone_registry-2.0.2-py3-none-any.whl.metadata (55 kB)
#7 2.064      ━━━━━━━━━━━━━━━━━━━━━━━━━━━━━━━━━━━━━━━━ 55.1/55.1 kB 2.9 MB/s eta 0:00:00
#7 2.096 Collecting plone.subrequest (from plone.i18n)
#7 2.105   Downloading plone_subrequest-2.0.6-py3-none-any.whl.metadata (11 kB)
#7 2.142 Collecting plone.supermodel (from plone.i18n)
#7 2.151   Downloading plone_supermodel-2.0.5-py3-none-any.whl.metadata (12 kB)
#7 2.198 Collecting Products.CMFCore (from plone.i18n)
#7 2.206   Downloading Products.CMFCore-3.7-py3-none-any.whl.metadata (37 kB)
#7 2.246 Collecting Unidecode>=1.0.22 (from plone.i18n)
#7 2.256   Downloading Unidecode-1.4.0-py3-none-any.whl.metadata (13 kB)
#7 2.310 Collecting Zope (from plone.i18n)
#7 2.319   Downloading zope-5.13-py3-none-any.whl.metadata (35 kB)
#7 2.357 Collecting zope.globalrequest (from plone.i18n)
#7 2.366   Downloading zope_globalrequest-3.0-py3-none-any.whl.metadata (3.7 kB)
#7 2.581 Collecting lxml (from plone.autoform->plone.i18n)
#7 2.593   Downloading lxml-6.0.2-cp311-cp311-manylinux_2_26_x86_64.manylinux_2_28_x86_64.whl.metadata (3.6 kB)
#7 2.633 Collecting plone.z3cform>=2.0.0 (from plone.autoform->plone.i18n)
#7 2.642   Downloading plone_z3cform-2.0.5-py3-none-any.whl.metadata (52 kB)
#7 2.653      ━━━━━━━━━━━━━━━━━━━━━━━━━━━━━━━━━━━━━━━━ 53.0/53.0 kB 4.3 MB/s eta 0:00:00
#7 2.686 Collecting z3c.form (from plone.autoform->plone.i18n)
#7 2.695   Downloading z3c_form-6.0.1-py3-none-any.whl.metadata (55 kB)
#7 2.707      ━━━━━━━━━━━━━━━━━━━━━━━━━━━━━━━━━━━━━━━━ 55.0/55.0 kB 4.6 MB/s eta 0:00:00
#7 2.744 Collecting zope.component (from plone.supermodel->plone.i18n)
#7 2.753   Downloading zope_component-7.0-py3-none-any.whl.metadata (18 kB)
#7 2.828 Collecting zope.i18nmessageid (from plone.supermodel->plone.i18n)
#7 2.837   Downloading zope_i18nmessageid-8.1-cp311-cp311-manylinux1_x86_64.manylinux2014_x86_64.manylinux_2_17_x86_64.manylinux_2_5_x86_64.whl.metadata (9.9 kB)
#7 2.959 Collecting zope.interface (from plone.supermodel->plone.i18n)
#7 2.968   Downloading zope_interface-8.0.1-cp311-cp311-manylinux1_x86_64.manylinux2014_x86_64.manylinux_2_17_x86_64.manylinux_2_5_x86_64.whl.metadata (44 kB)
#7 2.979      ━━━━━━━━━━━━━━━━━━━━━━━━━━━━━━━━━━━━━━━━ 44.9/44.9 kB 3.8 MB/s eta 0:00:00
#7 3.011 Collecting zope.schema>=4.1.0 (from plone.supermodel->plone.i18n)
#7 3.020   Downloading zope_schema-8.1-py3-none-any.whl.metadata (25 kB)
#7 3.061 Collecting zope.deferredimport (from plone.supermodel->plone.i18n)
#7 3.070   Downloading zope_deferredimport-6.0-py3-none-any.whl.metadata (5.5 kB)
#7 3.105 Collecting zope.dottedname (from plone.supermodel->plone.i18n)
#7 3.113   Downloading zope_dottedname-7.0-py3-none-any.whl.metadata (3.9 kB)
#7 3.148 Collecting z3c.zcmlhook (from plone.supermodel->plone.i18n)
#7 3.157   Downloading z3c_zcmlhook-3.0-py3-none-any.whl.metadata (4.8 kB)
#7 3.203 Collecting plone.protect (from plone.subrequest->plone.i18n)
#7 3.212   Downloading plone_protect-5.0.5-py3-none-any.whl.metadata (22 kB)
#7 3.267 Collecting docutils>0.15 (from Products.CMFCore->plone.i18n)
#7 3.276   Downloading docutils-0.22.2-py3-none-any.whl.metadata (15 kB)
#7 3.315 Collecting five.localsitemanager (from Products.CMFCore->plone.i18n)
#7 3.326   Downloading five.localsitemanager-5.0-py3-none-any.whl.metadata (8.3 kB)
#7 3.363 Collecting Products.BTreeFolder2 (from Products.CMFCore->plone.i18n)
#7 3.373   Downloading Products.BTreeFolder2-5.1-py3-none-any.whl.metadata (7.8 kB)
#7 3.417 Collecting Products.GenericSetup>=2.1.2 (from Products.CMFCore->plone.i18n)
#7 3.426   Downloading Products.GenericSetup-5.0.0-py3-none-any.whl.metadata (17 kB)
#7 3.466 Collecting Products.MailHost>=4.0 (from Products.CMFCore->plone.i18n)
#7 3.475   Downloading Products.MailHost-6.0-py3-none-any.whl.metadata (8.1 kB)
#7 3.614 Collecting Products.PythonScripts (from Products.CMFCore->plone.i18n)
#7 3.624   Downloading Products.PythonScripts-5.1-py3-none-any.whl.metadata (10 kB)
#7 3.661 Collecting Products.StandardCacheManagers (from Products.CMFCore->plone.i18n)
#7 3.672   Downloading Products.StandardCacheManagers-5.0-py3-none-any.whl.metadata (5.5 kB)
#7 3.717 Collecting Products.ZCatalog>=4.0a2 (from Products.CMFCore->plone.i18n)
#7 3.726   Downloading products_zcatalog-7.2.1-py3-none-any.whl.metadata (23 kB)
#7 3.762 Collecting zope.datetime (from Products.CMFCore->plone.i18n)
#7 3.772   Downloading zope_datetime-6.0-py3-none-any.whl.metadata (4.8 kB)
#7 3.863 Collecting AccessControl>=5.2 (from Zope->plone.i18n)
#7 3.872   Downloading AccessControl-7.2-cp311-cp311-manylinux_2_5_x86_64.manylinux1_x86_64.manylinux_2_17_x86_64.manylinux2014_x86_64.whl.metadata (11 kB)
#7 3.935 Collecting Acquisition (from Zope->plone.i18n)
#7 3.944   Downloading Acquisition-6.1-cp311-cp311-manylinux_2_5_x86_64.manylinux1_x86_64.manylinux_2_17_x86_64.manylinux2014_x86_64.whl.metadata (24 kB)
#7 4.050 Collecting BTrees (from Zope->plone.i18n)
#7 4.060   Downloading btrees-6.2-cp311-cp311-manylinux2014_x86_64.manylinux_2_17_x86_64.whl.metadata (21 kB)
#7 4.106 Collecting Chameleon>=3.7.0 (from Zope->plone.i18n)
#7 4.117   Downloading Chameleon-4.6.0-py3-none-any.whl.metadata (51 kB)
#7 4.128      ━━━━━━━━━━━━━━━━━━━━━━━━━━━━━━━━━━━━━━━━ 51.6/51.6 kB 4.4 MB/s eta 0:00:00
#7 4.160 Collecting DateTime (from Zope->plone.i18n)
#7 4.170   Downloading DateTime-5.5-py3-none-any.whl.metadata (33 kB)
#7 4.211 Collecting DocumentTemplate>=4.0 (from Zope->plone.i18n)
#7 4.220   Downloading DocumentTemplate-4.6-py3-none-any.whl.metadata (7.6 kB)
#7 4.275 Collecting ExtensionClass (from Zope->plone.i18n)
#7 4.285   Downloading extensionclass-6.1-cp311-cp311-manylinux1_x86_64.manylinux2014_x86_64.manylinux_2_17_x86_64.manylinux_2_5_x86_64.whl.metadata (6.6 kB)
#7 4.319 Collecting MultiMapping (from Zope->plone.i18n)
#7 4.329   Downloading MultiMapping-5.0-py3-none-any.whl.metadata (1.8 kB)
#7 4.365 Collecting PasteDeploy (from Zope->plone.i18n)
#7 4.373   Downloading PasteDeploy-3.1.0-py3-none-any.whl.metadata (2.7 kB)
#7 4.427 Collecting Persistence (from Zope->plone.i18n)
#7 4.437   Downloading Persistence-5.1-cp311-cp311-manylinux_2_5_x86_64.manylinux1_x86_64.manylinux_2_17_x86_64.manylinux2014_x86_64.whl.metadata (4.3 kB)
#7 4.476 Collecting RestrictedPython (from Zope->plone.i18n)
#7 4.485   Downloading restrictedpython-8.1-py3-none-any.whl.metadata (14 kB)
#7 4.523 Collecting ZConfig>=2.9.2 (from Zope->plone.i18n)
#7 4.532   Downloading ZConfig-4.2-py3-none-any.whl.metadata (17 kB)
#7 4.570 Collecting ZODB (from Zope->plone.i18n)
#7 4.579   Downloading zodb-6.1-py3-none-any.whl.metadata (25 kB)
#7 4.617 Collecting multipart (from Zope->plone.i18n)
#7 4.625   Downloading multipart-1.3.0-py3-none-any.whl.metadata (4.9 kB)
#7 4.663 Collecting transaction>=2.4 (from Zope->plone.i18n)
#7 4.674   Downloading transaction-5.0-py3-none-any.whl.metadata (14 kB)
#7 4.715 Collecting waitress (from Zope->plone.i18n)
#7 4.724   Downloading waitress-3.0.2-py3-none-any.whl.metadata (5.8 kB)
#7 4.759 Collecting zExceptions>=3.4 (from Zope->plone.i18n)
#7 4.768   Downloading zExceptions-5.0-py3-none-any.whl.metadata (3.4 kB)
#7 4.810 Collecting z3c.pt (from Zope->plone.i18n)
#7 4.820   Downloading z3c_pt-5.1-py3-none-any.whl.metadata (48 kB)
#7 4.832      ━━━━━━━━━━━━━━━━━━━━━━━━━━━━━━━━━━━━━━━━ 48.3/48.3 kB 3.7 MB/s eta 0:00:00
#7 4.860 Collecting zope.browser (from Zope->plone.i18n)
#7 4.869   Downloading zope_browser-4.0-py3-none-any.whl.metadata (4.9 kB)
#7 4.904 Collecting zope.browsermenu (from Zope->plone.i18n)
#7 4.913   Downloading zope_browsermenu-6.0-py3-none-any.whl.metadata (4.6 kB)
#7 4.950 Collecting zope.browserpage>=4.4.0.dev0 (from Zope->plone.i18n)
#7 4.959   Downloading zope_browserpage-6.0-py3-none-any.whl.metadata (5.8 kB)
#7 4.994 Collecting zope.browserresource>=3.11 (from Zope->plone.i18n)
#7 5.003   Downloading zope_browserresource-6.0-py3-none-any.whl.metadata (9.7 kB)
#7 5.040 Collecting zope.configuration (from Zope->plone.i18n)
#7 5.050   Downloading zope_configuration-7.0-py3-none-any.whl.metadata (11 kB)
#7 5.118 Collecting zope.container (from Zope->plone.i18n)
#7 5.127   Downloading zope_container-7.0-cp311-cp311-manylinux1_x86_64.manylinux2014_x86_64.manylinux_2_17_x86_64.manylinux_2_5_x86_64.whl.metadata (15 kB)
#7 5.163 Collecting zope.contentprovider (from Zope->plone.i18n)
#7 5.172   Downloading zope_contentprovider-7.0-py3-none-any.whl.metadata (6.5 kB)
#7 5.208 Collecting zope.contenttype (from Zope->plone.i18n)
#7 5.217   Downloading zope_contenttype-6.0-py3-none-any.whl.metadata (6.0 kB)
#7 5.256 Collecting zope.event (from Zope->plone.i18n)
#7 5.265   Downloading zope_event-6.0-py3-none-any.whl.metadata (5.1 kB)
#7 5.302 Collecting zope.exceptions (from Zope->plone.i18n)
#7 5.313   Downloading zope_exceptions-6.0-py3-none-any.whl.metadata (9.0 kB)
#7 5.351 Collecting zope.i18n[zcml] (from Zope->plone.i18n)
#7 5.361   Downloading zope_i18n-6.0-py3-none-any.whl.metadata (14 kB)
#7 5.397 Collecting zope.lifecycleevent (from Zope->plone.i18n)
#7 5.406   Downloading zope_lifecycleevent-6.0-py3-none-any.whl.metadata (6.4 kB)
#7 5.443 Collecting zope.location (from Zope->plone.i18n)
#7 5.452   Downloading zope_location-6.0-py3-none-any.whl.metadata (10 kB)
#7 5.490 Collecting zope.pagetemplate>=4.0.2 (from Zope->plone.i18n)
#7 5.499   Downloading zope_pagetemplate-6.0-py3-none-any.whl.metadata (10 kB)
#7 5.534 Collecting zope.processlifetime (from Zope->plone.i18n)
#7 5.543   Downloading zope_processlifetime-4.0-py3-none-any.whl.metadata (4.4 kB)
#7 5.610 Collecting zope.proxy (from Zope->plone.i18n)
#7 5.621   Downloading zope_proxy-7.0-cp311-cp311-manylinux1_x86_64.manylinux2014_x86_64.manylinux_2_17_x86_64.manylinux_2_5_x86_64.whl.metadata (12 kB)
#7 5.658 Collecting zope.ptresource (from Zope->plone.i18n)
#7 5.668   Downloading zope_ptresource-6.0-py3-none-any.whl.metadata (4.9 kB)
#7 5.710 Collecting zope.publisher (from Zope->plone.i18n)
#7 5.720   Downloading zope_publisher-8.0-py3-none-any.whl.metadata (23 kB)
#7 5.821 Collecting zope.security (from Zope->plone.i18n)
#7 5.829   Downloading zope_security-8.2-cp311-cp311-manylinux1_x86_64.manylinux2014_x86_64.manylinux_2_17_x86_64.manylinux_2_5_x86_64.whl.metadata (25 kB)
#7 5.868 Collecting zope.sequencesort (from Zope->plone.i18n)
#7 5.876   Downloading zope_sequencesort-6.0-py3-none-any.whl.metadata (4.4 kB)
#7 5.947 Collecting zope.site (from Zope->plone.i18n)
#7 5.956   Downloading zope_site-6.0-py3-none-any.whl.metadata (21 kB)
#7 5.992 Collecting zope.size (from Zope->plone.i18n)
#7 6.000   Downloading zope_size-6.0-py3-none-any.whl.metadata (5.0 kB)
#7 6.035 Collecting zope.tal (from Zope->plone.i18n)
#7 6.044   Downloading zope_tal-6.0-py3-none-any.whl.metadata (8.0 kB)
#7 6.081 Collecting zope.tales>=5.0.2 (from Zope->plone.i18n)
#7 6.090   Downloading zope_tales-7.0-py3-none-any.whl.metadata (7.2 kB)
#7 6.126 Collecting zope.testbrowser (from Zope->plone.i18n)
#7 6.135   Downloading zope_testbrowser-8.0-py3-none-any.whl.metadata (20 kB)
#7 6.174 Collecting zope.testing (from Zope->plone.i18n)
#7 6.182   Downloading zope_testing-6.0-py3-none-any.whl.metadata (19 kB)
#7 6.220 Collecting zope.traversing (from Zope->plone.i18n)
#7 6.230   Downloading zope_traversing-6.0-py3-none-any.whl.metadata (12 kB)
#7 6.265 Collecting zope.viewlet (from Zope->plone.i18n)
#7 6.274   Downloading zope_viewlet-6.0-py3-none-any.whl.metadata (6.4 kB)
#7 6.343 Collecting AuthEncoding (from AccessControl>=5.2->Zope->plone.i18n)
#7 6.353   Downloading AuthEncoding-6.0-py3-none-any.whl.metadata (3.0 kB)
#7 6.405 Collecting roman (from DocumentTemplate>=4.0->Zope->plone.i18n)
#7 6.414   Downloading roman-5.1-py3-none-any.whl.metadata (4.2 kB)
#7 6.447 Collecting zope.structuredtext (from DocumentTemplate>=4.0->Zope->plone.i18n)
#7 6.456   Downloading zope_structuredtext-6.0-py3-none-any.whl.metadata (4.8 kB)
#7 6.550 Collecting persistent>=4.1.1 (from Persistence->Zope->plone.i18n)
#7 6.559   Downloading persistent-6.3-cp311-cp311-manylinux1_x86_64.manylinux2014_x86_64.manylinux_2_17_x86_64.manylinux_2_5_x86_64.whl.metadata (22 kB)
#7 6.603 Collecting plone.batching (from plone.z3cform>=2.0.0->plone.autoform->plone.i18n)
#7 6.612   Downloading plone_batching-2.0.7-py3-none-any.whl.metadata (10 kB)
#7 6.680 Collecting packaging (from Products.GenericSetup>=2.1.2->Products.CMFCore->plone.i18n)
#7 6.688   Downloading packaging-25.0-py3-none-any.whl.metadata (3.3 kB)
#7 6.742 Collecting zope.sendmail>=6.2 (from Products.MailHost>=4.0->Products.CMFCore->plone.i18n)
#7 6.751   Downloading zope_sendmail-7.0-py3-none-any.whl.metadata (14 kB)
#7 6.804 Collecting Missing (from Products.ZCatalog>=4.0a2->Products.CMFCore->plone.i18n)
#7 6.813   Downloading Missing-5.0-py3-none-any.whl.metadata (3.4 kB)
#7 6.850 Collecting Record (from Products.ZCatalog>=4.0a2->Products.CMFCore->plone.i18n)
#7 6.859   Downloading Record-4.1-py3-none-any.whl.metadata (2.6 kB)
#7 7.002 Collecting zope.hookable>=4.2.0 (from zope.component->plone.supermodel->plone.i18n)
#7 7.012   Downloading zope_hookable-8.1-cp311-cp311-manylinux1_x86_64.manylinux2014_x86_64.manylinux_2_17_x86_64.manylinux_2_5_x86_64.whl.metadata (6.7 kB)
#7 7.280 Collecting pytz (from DateTime->Zope->plone.i18n)
#7 7.290   Downloading pytz-2025.2-py2.py3-none-any.whl.metadata (22 kB)
#7 7.374 Collecting collective.monkeypatcher (from plone.protect->plone.subrequest->plone.i18n)
#7 7.384   Downloading collective_monkeypatcher-2.0.1-py3-none-any.whl.metadata (10 kB)
#7 7.427 Collecting plone.keyring (from plone.protect->plone.subrequest->plone.i18n)
#7 7.435   Downloading plone_keyring-4.0.3-py3-none-any.whl.metadata (5.6 kB)
#7 7.476 Collecting plone.scale (from plone.protect->plone.subrequest->plone.i18n)
#7 7.485   Downloading plone_scale-4.2.1-py3-none-any.whl.metadata (17 kB)
#7 7.523 Collecting plone.transformchain (from plone.protect->plone.subrequest->plone.i18n)
#7 7.532   Downloading plone_transformchain-3.0.2-py3-none-any.whl.metadata (7.1 kB)
#7 7.577 Collecting Products.PluggableAuthService (from plone.protect->plone.subrequest->plone.i18n)
#7 7.586   Downloading Products.PluggableAuthService-3.0-py3-none-any.whl.metadata (32 kB)
#7 7.625 Collecting repoze.xmliter (from plone.protect->plone.subrequest->plone.i18n)
#7 7.633   Downloading repoze.xmliter-0.6.1.tar.gz (12 kB)
#7 7.648   Preparing metadata (setup.py): started
#7 8.040   Preparing metadata (setup.py): finished with status 'done'
#7 8.170 Collecting zc.lockfile (from ZODB->Zope->plone.i18n)
#7 8.180   Downloading zc_lockfile-4.0-py3-none-any.whl.metadata (6.6 kB)
#7 8.252 Collecting zodbpickle>=1.0.1 (from ZODB->Zope->plone.i18n)
#7 8.261   Downloading zodbpickle-4.2-cp311-cp311-manylinux_2_17_x86_64.manylinux2014_x86_64.whl.metadata (13 kB)
#7 8.383 Collecting zope.cachedescriptors (from zope.container->Zope->plone.i18n)
#7 8.393   Downloading zope_cachedescriptors-6.0-py3-none-any.whl.metadata (17 kB)
#7 8.432 Collecting zope.filerepresentation (from zope.container->Zope->plone.i18n)
#7 8.441   Downloading zope_filerepresentation-7.0-py3-none-any.whl.metadata (5.1 kB)
#7 8.576 Collecting python-gettext (from zope.i18n[zcml]->Zope->plone.i18n)
#7 8.586   Downloading python_gettext-5.0-py3-none-any.whl.metadata (4.6 kB)
#7 8.624 Collecting zope.deprecation (from zope.i18n[zcml]->Zope->plone.i18n)
#7 8.632   Downloading zope_deprecation-6.0-py3-none-any.whl.metadata (5.5 kB)
#7 8.723 Collecting zope.annotation (from zope.site->Zope->plone.i18n)
#7 8.736   Downloading zope_annotation-6.0-py3-none-any.whl.metadata (7.1 kB)
#7 8.817 Collecting WebTest>=2.0.30 (from zope.testbrowser->Zope->plone.i18n)
#7 8.826   Downloading webtest-3.0.7-py3-none-any.whl.metadata (2.0 kB)
#7 8.871 Collecting BeautifulSoup4 (from zope.testbrowser->Zope->plone.i18n)
#7 8.879   Downloading beautifulsoup4-4.14.2-py3-none-any.whl.metadata (3.8 kB)
#7 8.928 Collecting SoupSieve>=1.9.0 (from zope.testbrowser->Zope->plone.i18n)
#7 8.936   Downloading soupsieve-2.8-py3-none-any.whl.metadata (4.6 kB)
#7 8.972 Collecting WSGIProxy2 (from zope.testbrowser->Zope->plone.i18n)
#7 8.980   Downloading WSGIProxy2-0.5.1-py3-none-any.whl.metadata (2.7 kB)
#7 9.141 Collecting cffi (from persistent>=4.1.1->Persistence->Zope->plone.i18n)
#7 9.149   Downloading cffi-2.0.0-cp311-cp311-manylinux2014_x86_64.manylinux_2_17_x86_64.whl.metadata (2.6 kB)
#7 9.214 Collecting WebOb>=1.2 (from WebTest>=2.0.30->zope.testbrowser->Zope->plone.i18n)
#7 9.223   Downloading WebOb-1.8.9-py2.py3-none-any.whl.metadata (11 kB)
#7 9.348 Collecting typing-extensions>=4.0.0 (from BeautifulSoup4->zope.testbrowser->Zope->plone.i18n)
#7 9.356   Downloading typing_extensions-4.15.0-py3-none-any.whl.metadata (3.3 kB)
#7 9.416 Collecting cssselect>=0.7 (from lxml[cssselect]->plone.protect->plone.subrequest->plone.i18n)
#7 9.426   Downloading cssselect-1.3.0-py3-none-any.whl.metadata (2.6 kB)
#7 9.674 Collecting Pillow (from plone.scale->plone.protect->plone.subrequest->plone.i18n)
#7 9.685   Downloading pillow-12.0.0-cp311-cp311-manylinux_2_27_x86_64.manylinux_2_28_x86_64.whl.metadata (8.8 kB)
#7 9.805 Collecting Products.PluginRegistry>=1.6 (from Products.PluggableAuthService->plone.protect->plone.subrequest->plone.i18n)
#7 9.814   Downloading Products.PluginRegistry-2.0-py3-none-any.whl.metadata (7.2 kB)
#7 9.856 Collecting Products.Sessions (from Products.PluggableAuthService->plone.protect->plone.subrequest->plone.i18n)
#7 9.864   Downloading products_sessions-6.0-py3-none-any.whl.metadata (9.3 kB)
#7 9.941 Collecting future (from repoze.xmliter->plone.protect->plone.subrequest->plone.i18n)
#7 9.951   Downloading future-1.0.0-py3-none-any.whl.metadata (4.0 kB)
#7 10.17 Collecting pycparser (from cffi->persistent>=4.1.1->Persistence->Zope->plone.i18n)
#7 10.18   Downloading pycparser-2.23-py3-none-any.whl.metadata (993 bytes)
#7 10.29 Downloading plone_i18n-5.1.1-py3-none-any.whl (199 kB)
#7 10.31    ━━━━━━━━━━━━━━━━━━━━━━━━━━━━━━━━━━━━━━━━ 199.1/199.1 kB 7.8 MB/s eta 0:00:00
#7 10.32 Downloading Unidecode-1.4.0-py3-none-any.whl (235 kB)
#7 10.34    ━━━━━━━━━━━━━━━━━━━━━━━━━━━━━━━━━━━━━━━━ 235.8/235.8 kB 14.0 MB/s eta 0:00:00
#7 10.35 Downloading plone_autoform-2.0.4-py3-none-any.whl (45 kB)
#7 10.36    ━━━━━━━━━━━━━━━━━━━━━━━━━━━━━━━━━━━━━━━━ 45.2/45.2 kB 3.4 MB/s eta 0:00:00
#7 10.37 Downloading plone_supermodel-2.0.5-py3-none-any.whl (45 kB)
#7 10.38    ━━━━━━━━━━━━━━━━━━━━━━━━━━━━━━━━━━━━━━━━ 45.2/45.2 kB 3.3 MB/s eta 0:00:00
#7 10.39 Downloading plone_registry-2.0.2-py3-none-any.whl (37 kB)
#7 10.42 Downloading plone_subrequest-2.0.6-py3-none-any.whl (14 kB)
#7 10.44 Downloading Products.CMFCore-3.7-py3-none-any.whl (427 kB)
#7 10.46    ━━━━━━━━━━━━━━━━━━━━━━━━━━━━━━━━━━━━━━━━ 427.0/427.0 kB 18.8 MB/s eta 0:00:00
#7 10.47 Downloading zope-5.13-py3-none-any.whl (3.2 MB)
#7 10.59    ━━━━━━━━━━━━━━━━━━━━━━━━━━━━━━━━━━━━━━━━ 3.2/3.2 MB 27.7 MB/s eta 0:00:00
#7 10.60 Downloading zope_globalrequest-3.0-py3-none-any.whl (5.1 kB)
#7 10.62 Downloading AccessControl-7.2-cp311-cp311-manylinux_2_5_x86_64.manylinux1_x86_64.manylinux_2_17_x86_64.manylinux2014_x86_64.whl (195 kB)
#7 10.64    ━━━━━━━━━━━━━━━━━━━━━━━━━━━━━━━━━━━━━━━━ 195.5/195.5 kB 11.5 MB/s eta 0:00:00
#7 10.65 Downloading Chameleon-4.6.0-py3-none-any.whl (88 kB)
#7 10.66    ━━━━━━━━━━━━━━━━━━━━━━━━━━━━━━━━━━━━━━━━ 88.6/88.6 kB 7.0 MB/s eta 0:00:00
#7 10.67 Downloading DocumentTemplate-4.6-py3-none-any.whl (87 kB)
#7 10.68    ━━━━━━━━━━━━━━━━━━━━━━━━━━━━━━━━━━━━━━━━ 87.0/87.0 kB 6.4 MB/s eta 0:00:00
#7 10.69 Downloading docutils-0.22.2-py3-none-any.whl (632 kB)
#7 10.73    ━━━━━━━━━━━━━━━━━━━━━━━━━━━━━━━━━━━━━━━━ 632.7/632.7 kB 20.5 MB/s eta 0:00:00
#7 10.73 Downloading extensionclass-6.1-cp311-cp311-manylinux1_x86_64.manylinux2014_x86_64.manylinux_2_17_x86_64.manylinux_2_5_x86_64.whl (92 kB)
#7 10.75    ━━━━━━━━━━━━━━━━━━━━━━━━━━━━━━━━━━━━━━━━ 92.7/92.7 kB 7.6 MB/s eta 0:00:00
#7 10.76 Downloading Persistence-5.1-cp311-cp311-manylinux_2_5_x86_64.manylinux1_x86_64.manylinux_2_17_x86_64.manylinux2014_x86_64.whl (24 kB)
#7 10.77 Downloading plone_z3cform-2.0.5-py3-none-any.whl (90 kB)
#7 10.79    ━━━━━━━━━━━━━━━━━━━━━━━━━━━━━━━━━━━━━━━━ 90.3/90.3 kB 6.3 MB/s eta 0:00:00
#7 10.80 Downloading Products.GenericSetup-5.0.0-py3-none-any.whl (179 kB)
#7 10.81    ━━━━━━━━━━━━━━━━━━━━━━━━━━━━━━━━━━━━━━━━ 179.7/179.7 kB 11.5 MB/s eta 0:00:00
#7 10.82 Downloading Products.MailHost-6.0-py3-none-any.whl (29 kB)
#7 10.84 Downloading products_zcatalog-7.2.1-py3-none-any.whl (231 kB)
#7 10.86    ━━━━━━━━━━━━━━━━━━━━━━━━━━━━━━━━━━━━━━━━ 231.3/231.3 kB 13.1 MB/s eta 0:00:00
#7 10.87 Downloading restrictedpython-8.1-py3-none-any.whl (27 kB)
#7 10.89 Downloading transaction-5.0-py3-none-any.whl (46 kB)
#7 10.90    ━━━━━━━━━━━━━━━━━━━━━━━━━━━━━━━━━━━━━━━━ 46.3/46.3 kB 3.6 MB/s eta 0:00:00
#7 10.91 Downloading z3c_form-6.0.1-py3-none-any.whl (452 kB)
#7 10.94    ━━━━━━━━━━━━━━━━━━━━━━━━━━━━━━━━━━━━━━━━ 453.0/453.0 kB 18.5 MB/s eta 0:00:00
#7 10.94 Downloading ZConfig-4.2-py3-none-any.whl (131 kB)
#7 10.96    ━━━━━━━━━━━━━━━━━━━━━━━━━━━━━━━━━━━━━━━━ 131.4/131.4 kB 9.4 MB/s eta 0:00:00
#7 10.97 Downloading zExceptions-5.0-py3-none-any.whl (17 kB)
#7 10.99 Downloading zope_browserpage-6.0-py3-none-any.whl (31 kB)
#7 11.01 Downloading zope_browserresource-6.0-py3-none-any.whl (40 kB)
#7 11.02    ━━━━━━━━━━━━━━━━━━━━━━━━━━━━━━━━━━━━━━━━ 40.0/40.0 kB 2.9 MB/s eta 0:00:00
#7 11.03 Downloading zope_component-7.0-py3-none-any.whl (68 kB)
#7 11.04    ━━━━━━━━━━━━━━━━━━━━━━━━━━━━━━━━━━━━━━━━ 68.3/68.3 kB 5.7 MB/s eta 0:00:00
#7 11.05 Downloading zope_configuration-7.0-py3-none-any.whl (78 kB)
#7 11.06    ━━━━━━━━━━━━━━━━━━━━━━━━━━━━━━━━━━━━━━━━ 78.5/78.5 kB 6.9 MB/s eta 0:00:00
#7 11.07 Downloading zope_contenttype-6.0-py3-none-any.whl (13 kB)
#7 11.09 Downloading zope_interface-8.0.1-cp311-cp311-manylinux1_x86_64.manylinux2014_x86_64.manylinux_2_17_x86_64.manylinux_2_5_x86_64.whl (259 kB)
#7 11.11    ━━━━━━━━━━━━━━━━━━━━━━━━━━━━━━━━━━━━━━━━ 259.8/259.8 kB 13.6 MB/s eta 0:00:00
#7 11.12 Downloading zope_pagetemplate-6.0-py3-none-any.whl (44 kB)
#7 11.13    ━━━━━━━━━━━━━━━━━━━━━━━━━━━━━━━━━━━━━━━━ 44.5/44.5 kB 3.7 MB/s eta 0:00:00
#7 11.14 Downloading zope_publisher-8.0-py3-none-any.whl (119 kB)
#7 11.16    ━━━━━━━━━━━━━━━━━━━━━━━━━━━━━━━━━━━━━━━━ 119.3/119.3 kB 9.2 MB/s eta 0:00:00
#7 11.17 Downloading multipart-1.3.0-py3-none-any.whl (14 kB)
#7 11.19 Downloading zope_schema-8.1-py3-none-any.whl (85 kB)
#7 11.20    ━━━━━━━━━━━━━━━━━━━━━━━━━━━━━━━━━━━━━━━━ 85.0/85.0 kB 6.9 MB/s eta 0:00:00
#7 11.21 Downloading zope_security-8.2-cp311-cp311-manylinux1_x86_64.manylinux2014_x86_64.manylinux_2_17_x86_64.manylinux_2_5_x86_64.whl (182 kB)
#7 11.22    ━━━━━━━━━━━━━━━━━━━━━━━━━━━━━━━━━━━━━━━━ 182.6/182.6 kB 12.3 MB/s eta 0:00:00
#7 11.23 Downloading zope_proxy-7.0-cp311-cp311-manylinux1_x86_64.manylinux2014_x86_64.manylinux_2_17_x86_64.manylinux_2_5_x86_64.whl (71 kB)
#7 11.25    ━━━━━━━━━━━━━━━━━━━━━━━━━━━━━━━━━━━━━━━━ 71.5/71.5 kB 6.0 MB/s eta 0:00:00
#7 11.26 Downloading zope_tal-6.0-py3-none-any.whl (135 kB)
#7 11.27    ━━━━━━━━━━━━━━━━━━━━━━━━━━━━━━━━━━━━━━━━ 135.3/135.3 kB 8.9 MB/s eta 0:00:00
#7 11.28 Downloading zope_tales-7.0-py3-none-any.whl (29 kB)
#7 11.30 Downloading zope_traversing-6.0-py3-none-any.whl (46 kB)
#7 11.31    ━━━━━━━━━━━━━━━━━━━━━━━━━━━━━━━━━━━━━━━━ 47.0/47.0 kB 3.6 MB/s eta 0:00:00
#7 11.32 Downloading zope_location-6.0-py3-none-any.whl (19 kB)
#7 11.34 Downloading Acquisition-6.1-cp311-cp311-manylinux_2_5_x86_64.manylinux1_x86_64.manylinux_2_17_x86_64.manylinux2014_x86_64.whl (122 kB)
#7 11.35    ━━━━━━━━━━━━━━━━━━━━━━━━━━━━━━━━━━━━━━━━ 122.7/122.7 kB 8.6 MB/s eta 0:00:00
#7 11.36 Downloading btrees-6.2-cp311-cp311-manylinux2014_x86_64.manylinux_2_17_x86_64.whl (1.3 MB)
#7 11.41    ━━━━━━━━━━━━━━━━━━━━━━━━━━━━━━━━━━━━━━━━ 1.3/1.3 MB 24.5 MB/s eta 0:00:00
#7 11.42 Downloading DateTime-5.5-py3-none-any.whl (52 kB)
#7 11.44    ━━━━━━━━━━━━━━━━━━━━━━━━━━━━━━━━━━━━━━━━ 52.6/52.6 kB 3.7 MB/s eta 0:00:00
#7 11.45 Downloading five.localsitemanager-5.0-py3-none-any.whl (18 kB)
#7 11.47 Downloading lxml-6.0.2-cp311-cp311-manylinux_2_26_x86_64.manylinux_2_28_x86_64.whl (5.2 MB)
#7 11.67    ━━━━━━━━━━━━━━━━━━━━━━━━━━━━━━━━━━━━━━━━ 5.2/5.2 MB 26.3 MB/s eta 0:00:00
#7 11.67 Downloading MultiMapping-5.0-py3-none-any.whl (4.3 kB)
#7 11.70 Downloading PasteDeploy-3.1.0-py3-none-any.whl (16 kB)
#7 11.72 Downloading plone_protect-5.0.5-py3-none-any.whl (32 kB)
#7 11.73 Downloading Products.BTreeFolder2-5.1-py3-none-any.whl (17 kB)
#7 11.75 Downloading Products.PythonScripts-5.1-py3-none-any.whl (34 kB)
#7 11.77 Downloading Products.StandardCacheManagers-5.0-py3-none-any.whl (24 kB)
#7 11.79 Downloading waitress-3.0.2-py3-none-any.whl (56 kB)
#7 11.80    ━━━━━━━━━━━━━━━━━━━━━━━━━━━━━━━━━━━━━━━━ 56.2/56.2 kB 4.8 MB/s eta 0:00:00
#7 11.81 Downloading z3c_pt-5.1-py3-none-any.whl (40 kB)
#7 11.82    ━━━━━━━━━━━━━━━━━━━━━━━━━━━━━━━━━━━━━━━━ 40.3/40.3 kB 3.0 MB/s eta 0:00:00
#7 11.83 Downloading z3c_zcmlhook-3.0-py3-none-any.whl (7.2 kB)
#7 11.85 Downloading zodb-6.1-py3-none-any.whl (418 kB)
#7 11.87    ━━━━━━━━━━━━━━━━━━━━━━━━━━━━━━━━━━━━━━━━ 418.5/418.5 kB 19.3 MB/s eta 0:00:00
#7 11.88 Downloading zope_browser-4.0-py3-none-any.whl (7.1 kB)
#7 11.90 Downloading zope_browsermenu-6.0-py3-none-any.whl (30 kB)
#7 11.92 Downloading zope_container-7.0-cp311-cp311-manylinux1_x86_64.manylinux2014_x86_64.manylinux_2_17_x86_64.manylinux_2_5_x86_64.whl (114 kB)
#7 11.93    ━━━━━━━━━━━━━━━━━━━━━━━━━━━━━━━━━━━━━━━━ 114.4/114.4 kB 8.6 MB/s eta 0:00:00
#7 11.94 Downloading zope_lifecycleevent-6.0-py3-none-any.whl (17 kB)
#7 11.96 Downloading zope_contentprovider-7.0-py3-none-any.whl (10 kB)
#7 11.98 Downloading zope_datetime-6.0-py3-none-any.whl (42 kB)
#7 11.99    ━━━━━━━━━━━━━━━━━━━━━━━━━━━━━━━━━━━━━━━━ 42.8/42.8 kB 3.5 MB/s eta 0:00:00
#7 12.00 Downloading zope_deferredimport-6.0-py3-none-any.whl (9.4 kB)
#7 12.02 Downloading zope_dottedname-7.0-py3-none-any.whl (5.9 kB)
#7 12.04 Downloading zope_event-6.0-py3-none-any.whl (6.4 kB)
#7 12.06 Downloading zope_exceptions-6.0-py3-none-any.whl (19 kB)
#7 12.08 Downloading zope_i18nmessageid-8.1-cp311-cp311-manylinux1_x86_64.manylinux2014_x86_64.manylinux_2_17_x86_64.manylinux_2_5_x86_64.whl (31 kB)
#7 12.10 Downloading zope_processlifetime-4.0-py3-none-any.whl (5.3 kB)
#7 12.12 Downloading zope_ptresource-6.0-py3-none-any.whl (7.1 kB)
#7 12.13 Downloading zope_sequencesort-6.0-py3-none-any.whl (10 kB)
#7 12.15 Downloading zope_site-6.0-py3-none-any.whl (29 kB)
#7 12.17 Downloading zope_size-6.0-py3-none-any.whl (7.4 kB)
#7 12.19 Downloading zope_testbrowser-8.0-py3-none-any.whl (62 kB)
#7 12.21    ━━━━━━━━━━━━━━━━━━━━━━━━━━━━━━━━━━━━━━━━ 63.0/63.0 kB 5.1 MB/s eta 0:00:00
#7 12.22 Downloading zope_testing-6.0-py3-none-any.whl (36 kB)
#7 12.23 Downloading zope_viewlet-6.0-py3-none-any.whl (32 kB)
#7 12.25 Downloading persistent-6.3-cp311-cp311-manylinux1_x86_64.manylinux2014_x86_64.manylinux_2_17_x86_64.manylinux_2_5_x86_64.whl (233 kB)
#7 12.27    ━━━━━━━━━━━━━━━━━━━━━━━━━━━━━━━━━━━━━━━━ 233.7/233.7 kB 12.5 MB/s eta 0:00:00
#7 12.28 Downloading soupsieve-2.8-py3-none-any.whl (36 kB)
#7 12.30 Downloading webtest-3.0.7-py3-none-any.whl (32 kB)
#7 12.32 Downloading zodbpickle-4.2-cp311-cp311-manylinux_2_17_x86_64.manylinux2014_x86_64.whl (299 kB)
#7 12.34    ━━━━━━━━━━━━━━━━━━━━━━━━━━━━━━━━━━━━━━━━ 299.1/299.1 kB 15.5 MB/s eta 0:00:00
#7 12.35 Downloading zope_hookable-8.1-cp311-cp311-manylinux1_x86_64.manylinux2014_x86_64.manylinux_2_17_x86_64.manylinux_2_5_x86_64.whl (24 kB)
#7 12.37 Downloading zope_i18n-6.0-py3-none-any.whl (798 kB)
#7 12.41    ━━━━━━━━━━━━━━━━━━━━━━━━━━━━━━━━━━━━━━━━ 798.7/798.7 kB 22.9 MB/s eta 0:00:00
#7 12.42 Downloading zope_sendmail-7.0-py3-none-any.whl (46 kB)
#7 12.43    ━━━━━━━━━━━━━━━━━━━━━━━━━━━━━━━━━━━━━━━━ 46.5/46.5 kB 3.6 MB/s eta 0:00:00
#7 12.44 Downloading AuthEncoding-6.0-py3-none-any.whl (9.1 kB)
#7 12.45 Downloading beautifulsoup4-4.14.2-py3-none-any.whl (106 kB)
#7 12.47    ━━━━━━━━━━━━━━━━━━━━━━━━━━━━━━━━━━━━━━━━ 106.4/106.4 kB 8.6 MB/s eta 0:00:00
#7 12.47 Downloading collective_monkeypatcher-2.0.1-py3-none-any.whl (12 kB)
#7 12.49 Downloading Missing-5.0-py3-none-any.whl (6.0 kB)
#7 12.51 Downloading packaging-25.0-py3-none-any.whl (66 kB)
#7 12.52    ━━━━━━━━━━━━━━━━━━━━━━━━━━━━━━━━━━━━━━━━ 66.5/66.5 kB 5.6 MB/s eta 0:00:00
#7 12.53 Downloading plone_batching-2.0.7-py3-none-any.whl (18 kB)
#7 12.55 Downloading plone_keyring-4.0.3-py3-none-any.whl (10 kB)
#7 12.57 Downloading plone_scale-4.2.1-py3-none-any.whl (2.2 MB)
#7 12.65    ━━━━━━━━━━━━━━━━━━━━━━━━━━━━━━━━━━━━━━━━ 2.2/2.2 MB 26.0 MB/s eta 0:00:00
#7 12.66 Downloading plone_transformchain-3.0.2-py3-none-any.whl (11 kB)
#7 12.68 Downloading Products.PluggableAuthService-3.0-py3-none-any.whl (219 kB)
#7 12.70    ━━━━━━━━━━━━━━━━━━━━━━━━━━━━━━━━━━━━━━━━ 219.8/219.8 kB 13.7 MB/s eta 0:00:00
#7 12.71 Downloading python_gettext-5.0-py3-none-any.whl (13 kB)
#7 12.73 Downloading pytz-2025.2-py2.py3-none-any.whl (509 kB)
#7 12.76    ━━━━━━━━━━━━━━━━━━━━━━━━━━━━━━━━━━━━━━━━ 509.2/509.2 kB 18.9 MB/s eta 0:00:00
#7 12.76 Downloading Record-4.1-py3-none-any.whl (6.4 kB)
#7 12.79 Downloading roman-5.1-py3-none-any.whl (5.8 kB)
#7 12.80 Downloading WSGIProxy2-0.5.1-py3-none-any.whl (9.2 kB)
#7 12.82 Downloading zc_lockfile-4.0-py3-none-any.whl (9.1 kB)
#7 12.84 Downloading zope_annotation-6.0-py3-none-any.whl (13 kB)
#7 12.86 Downloading zope_cachedescriptors-6.0-py3-none-any.whl (12 kB)
#7 12.88 Downloading zope_deprecation-6.0-py3-none-any.whl (9.5 kB)
#7 12.90 Downloading zope_filerepresentation-7.0-py3-none-any.whl (7.7 kB)
#7 12.92 Downloading zope_structuredtext-6.0-py3-none-any.whl (91 kB)
#7 12.93    ━━━━━━━━━━━━━━━━━━━━━━━━━━━━━━━━━━━━━━━━ 92.0/92.0 kB 7.8 MB/s eta 0:00:00
#7 12.94 Downloading cssselect-1.3.0-py3-none-any.whl (18 kB)
#7 12.96 Downloading Products.PluginRegistry-2.0-py3-none-any.whl (27 kB)
#7 12.98 Downloading typing_extensions-4.15.0-py3-none-any.whl (44 kB)
#7 12.99    ━━━━━━━━━━━━━━━━━━━━━━━━━━━━━━━━━━━━━━━━ 44.6/44.6 kB 3.5 MB/s eta 0:00:00
#7 13.00 Downloading WebOb-1.8.9-py2.py3-none-any.whl (115 kB)
#7 13.01    ━━━━━━━━━━━━━━━━━━━━━━━━━━━━━━━━━━━━━━━━ 115.4/115.4 kB 8.4 MB/s eta 0:00:00
#7 13.02 Downloading cffi-2.0.0-cp311-cp311-manylinux2014_x86_64.manylinux_2_17_x86_64.whl (215 kB)
#7 13.04    ━━━━━━━━━━━━━━━━━━━━━━━━━━━━━━━━━━━━━━━━ 215.6/215.6 kB 12.7 MB/s eta 0:00:00
#7 13.05 Downloading future-1.0.0-py3-none-any.whl (491 kB)
#7 13.07    ━━━━━━━━━━━━━━━━━━━━━━━━━━━━━━━━━━━━━━━━ 491.3/491.3 kB 20.3 MB/s eta 0:00:00
#7 13.09 Downloading pillow-12.0.0-cp311-cp311-manylinux_2_27_x86_64.manylinux_2_28_x86_64.whl (7.0 MB)
#7 13.36    ━━━━━━━━━━━━━━━━━━━━━━━━━━━━━━━━━━━━━━━━ 7.0/7.0 MB 25.8 MB/s eta 0:00:00
#7 13.37 Downloading products_sessions-6.0-py3-none-any.whl (75 kB)
#7 13.39    ━━━━━━━━━━━━━━━━━━━━━━━━━━━━━━━━━━━━━━━━ 75.2/75.2 kB 5.1 MB/s eta 0:00:00
#7 13.40 Downloading pycparser-2.23-py3-none-any.whl (118 kB)
#7 13.41    ━━━━━━━━━━━━━━━━━━━━━━━━━━━━━━━━━━━━━━━━ 118.1/118.1 kB 8.7 MB/s eta 0:00:00
#7 13.53 Building wheels for collected packages: repoze.xmliter
#7 13.53   Building wheel for repoze.xmliter (setup.py): started
#7 13.69   Building wheel for repoze.xmliter (setup.py): finished with status 'done'
#7 13.69   Created wheel for repoze.xmliter: filename=repoze_xmliter-0.6.1-py3-none-any.whl size=7967 sha256=2a7c9e77296b5489e29e3ed4bd19c3ca7b489eda8126d24992baa7f893ae64f9
#7 13.69   Stored in directory: /root/.cache/pip/wheels/83/78/30/bfe13d0dd6c3a04de1f66e0855b824fbdab1f7db18c6cc2ef4
#7 13.69 Successfully built repoze.xmliter
#7 14.11 Installing collected packages: pytz, zope.testing, zope.structuredtext, zope.sequencesort, zope.interface, zope.i18nmessageid, zope.hookable, zope.event, zope.dottedname, zope.deprecation, zope.datetime, zope.contenttype, zope.cachedescriptors, zodbpickle, ZConfig, zc.lockfile, WebOb, waitress, Unidecode, typing-extensions, SoupSieve, roman, RestrictedPython, python-gettext, pycparser, Pillow, PasteDeploy, packaging, multipart, lxml, future, ExtensionClass, docutils, cssselect, Chameleon, AuthEncoding, zope.tales, zope.tal, zope.size, zope.schema, zope.proxy, zope.processlifetime, zope.lifecycleevent, zope.exceptions, zope.component, zope.browser, WSGIProxy2, transaction, repoze.xmliter, Record, MultiMapping, DateTime, cffi, BeautifulSoup4, Acquisition, zope.location, zope.i18n, zope.filerepresentation, zope.deferredimport, zope.configuration, WebTest, zope.testbrowser, zope.sendmail, zope.security, zope.annotation, z3c.zcmlhook, persistent, Missing, collective.monkeypatcher, zope.publisher, plone.supermodel, plone.scale, Persistence, BTrees, zope.traversing, zope.contentprovider, ZODB, zExceptions, zope.pagetemplate, zope.globalrequest, zope.container, zope.browserresource, z3c.pt, AccessControl, zope.site, zope.ptresource, zope.browserpage, zope.browsermenu, plone.keyring, DocumentTemplate, zope.viewlet, z3c.form, Zope, Products.ZCatalog, Products.StandardCacheManagers, Products.Sessions, Products.PythonScripts, Products.MailHost, Products.BTreeFolder2, plone.transformchain, plone.registry, plone.batching, five.localsitemanager, Products.GenericSetup, plone.z3cform, Products.PluginRegistry, Products.CMFCore, plone.autoform, Products.PluggableAuthService, plone.protect, plone.subrequest, plone.i18n
#7 21.05 Successfully installed AccessControl-7.2 Acquisition-6.1 AuthEncoding-6.0 BTrees-6.2 BeautifulSoup4-4.14.2 Chameleon-4.6.0 DateTime-5.5 DocumentTemplate-4.6 ExtensionClass-6.1 Missing-5.0 MultiMapping-5.0 PasteDeploy-3.1.0 Persistence-5.1 Pillow-12.0.0 Products.BTreeFolder2-5.1 Products.CMFCore-3.7 Products.GenericSetup-5.0.0 Products.MailHost-6.0 Products.PluggableAuthService-3.0 Products.PluginRegistry-2.0 Products.PythonScripts-5.1 Products.Sessions-6.0 Products.StandardCacheManagers-5.0 Products.ZCatalog-7.2.1 Record-4.1 RestrictedPython-8.1 SoupSieve-2.8 Unidecode-1.4.0 WSGIProxy2-0.5.1 WebOb-1.8.9 WebTest-3.0.7 ZConfig-4.2 ZODB-6.1 Zope-5.13 cffi-2.0.0 collective.monkeypatcher-2.0.1 cssselect-1.3.0 docutils-0.22.2 five.localsitemanager-5.0 future-1.0.0 lxml-6.0.2 multipart-1.3.0 packaging-25.0 persistent-6.3 plone.autoform-2.0.4 plone.batching-2.0.7 plone.i18n-5.1.1 plone.keyring-4.0.3 plone.protect-5.0.5 plone.registry-2.0.2 plone.scale-4.2.1 plone.subrequest-2.0.6 plone.supermodel-2.0.5 plone.transformchain-3.0.2 plone.z3cform-2.0.5 pycparser-2.23 python-gettext-5.0 pytz-2025.2 repoze.xmliter-0.6.1 roman-5.1 transaction-5.0 typing-extensions-4.15.0 waitress-3.0.2 z3c.form-6.0.1 z3c.pt-5.1 z3c.zcmlhook-3.0 zExceptions-5.0 zc.lockfile-4.0 zodbpickle-4.2 zope.annotation-6.0 zope.browser-4.0 zope.browsermenu-6.0 zope.browserpage-6.0 zope.browserresource-6.0 zope.cachedescriptors-6.0 zope.component-7.0 zope.configuration-7.0 zope.container-7.0 zope.contentprovider-7.0 zope.contenttype-6.0 zope.datetime-6.0 zope.deferredimport-6.0 zope.deprecation-6.0 zope.dottedname-7.0 zope.event-6.0 zope.exceptions-6.0 zope.filerepresentation-7.0 zope.globalrequest-3.0 zope.hookable-8.1 zope.i18n-6.0 zope.i18nmessageid-8.1 zope.interface-8.0.1 zope.lifecycleevent-6.0 zope.location-6.0 zope.pagetemplate-6.0 zope.processlifetime-4.0 zope.proxy-7.0 zope.ptresource-6.0 zope.publisher-8.0 zope.schema-8.1 zope.security-8.2 zope.sendmail-7.0 zope.sequencesort-6.0 zope.site-6.0 zope.size-6.0 zope.structuredtext-6.0 zope.tal-6.0 zope.tales-7.0 zope.testbrowser-8.0 zope.testing-6.0 zope.traversing-6.0 zope.viewlet-6.0
#7 21.05 WARNING: Running pip as the 'root' user can result in broken permissions and conflicting behaviour with the system package manager. It is recommended to use a virtual environment instead: https://pip.pypa.io/warnings/venv
#7 21.16 
#7 21.16 [notice] A new release of pip is available: 24.0 -> 25.3
#7 21.16 [notice] To update, run: pip install --upgrade pip
#7 DONE 22.5s

#8 [ 4/36] RUN ["pip","install","plone.app.workflow"]
#8 0.625 Collecting plone.app.workflow
#8 0.660   Downloading plone.app.workflow-5.0.4-py3-none-any.whl.metadata (14 kB)
#8 0.690 Requirement already satisfied: setuptools in /usr/local/lib/python3.11/site-packages (from plone.app.workflow) (79.0.1)
#8 0.691 Requirement already satisfied: persistent in /usr/local/lib/python3.11/site-packages (from plone.app.workflow) (6.3)
#8 0.726 Collecting plone.base (from plone.app.workflow)
#8 0.736   Downloading plone_base-3.1.1-py3-none-any.whl.metadata (10 kB)
#8 0.757 Requirement already satisfied: plone.i18n in /usr/local/lib/python3.11/site-packages (from plone.app.workflow) (5.1.1)
#8 0.793 Collecting plone.memoize (from plone.app.workflow)
#8 0.803   Downloading plone_memoize-3.0.4-py3-none-any.whl.metadata (15 kB)
#8 0.854 Collecting Products.statusmessages (from plone.app.workflow)
#8 0.863   Downloading products_statusmessages-5.0.7-py3-none-any.whl.metadata (8.0 kB)
#8 0.914 Collecting Products.DCWorkflow (from plone.app.workflow)
#8 0.923   Downloading Products.DCWorkflow-3.0-py3-none-any.whl.metadata (10 kB)
#8 0.938 Requirement already satisfied: Products.GenericSetup in /usr/local/lib/python3.11/site-packages (from plone.app.workflow) (5.0.0)
#8 0.939 Requirement already satisfied: Zope in /usr/local/lib/python3.11/site-packages (from plone.app.workflow) (5.13)
#8 0.945 Requirement already satisfied: zope.deferredimport in /usr/local/lib/python3.11/site-packages (from persistent->plone.app.workflow) (6.0)
#8 0.947 Requirement already satisfied: zope.interface in /usr/local/lib/python3.11/site-packages (from persistent->plone.app.workflow) (8.0.1)
#8 0.947 Requirement already satisfied: cffi in /usr/local/lib/python3.11/site-packages (from persistent->plone.app.workflow) (2.0.0)
#8 0.952 Requirement already satisfied: plone.batching in /usr/local/lib/python3.11/site-packages (from plone.base->plone.app.workflow) (2.0.7)
#8 0.954 Requirement already satisfied: plone.registry in /usr/local/lib/python3.11/site-packages (from plone.base->plone.app.workflow) (2.0.2)
#8 0.987 Collecting plone.schema (from plone.base->plone.app.workflow)
#8 0.996   Downloading plone_schema-2.0.3-py3-none-any.whl.metadata (4.9 kB)
#8 1.018 Requirement already satisfied: plone.z3cform in /usr/local/lib/python3.11/site-packages (from plone.base->plone.app.workflow) (2.0.5)
#8 1.019 Requirement already satisfied: Products.CMFCore in /usr/local/lib/python3.11/site-packages (from plone.base->plone.app.workflow) (3.7)
#8 1.065 Collecting Products.CMFDynamicViewFTI (from plone.base->plone.app.workflow)
#8 1.074   Downloading products_cmfdynamicviewfti-7.0.3-py3-none-any.whl.metadata (11 kB)
#8 1.098 Requirement already satisfied: plone.autoform in /usr/local/lib/python3.11/site-packages (from plone.i18n->plone.app.workflow) (2.0.4)
#8 1.101 Requirement already satisfied: plone.subrequest in /usr/local/lib/python3.11/site-packages (from plone.i18n->plone.app.workflow) (2.0.6)
#8 1.102 Requirement already satisfied: plone.supermodel in /usr/local/lib/python3.11/site-packages (from plone.i18n->plone.app.workflow) (2.0.5)
#8 1.103 Requirement already satisfied: Unidecode>=1.0.22 in /usr/local/lib/python3.11/site-packages (from plone.i18n->plone.app.workflow) (1.4.0)
#8 1.105 Requirement already satisfied: zope.globalrequest in /usr/local/lib/python3.11/site-packages (from plone.i18n->plone.app.workflow) (3.0)
#8 1.110 Requirement already satisfied: zope.annotation in /usr/local/lib/python3.11/site-packages (from plone.memoize->plone.app.workflow) (6.0)
#8 1.111 Requirement already satisfied: zope.component in /usr/local/lib/python3.11/site-packages (from plone.memoize->plone.app.workflow) (7.0)
#8 1.145 Collecting zope.ramcache (from plone.memoize->plone.app.workflow)
#8 1.154   Downloading zope_ramcache-4.0-py3-none-any.whl.metadata (4.6 kB)
#8 1.212 Collecting Products.ExternalMethod (from Products.DCWorkflow->plone.app.workflow)
#8 1.220   Downloading Products.ExternalMethod-6.0-py3-none-any.whl.metadata (4.1 kB)
#8 1.236 Requirement already satisfied: Products.PythonScripts in /usr/local/lib/python3.11/site-packages (from Products.DCWorkflow->plone.app.workflow) (5.1)
#8 1.240 Requirement already satisfied: packaging in /usr/local/lib/python3.11/site-packages (from Products.GenericSetup->plone.app.workflow) (25.0)
#8 1.242 Requirement already satisfied: five.localsitemanager in /usr/local/lib/python3.11/site-packages (from Products.GenericSetup->plone.app.workflow) (5.0)
#8 1.244 Requirement already satisfied: Products.ZCatalog in /usr/local/lib/python3.11/site-packages (from Products.GenericSetup->plone.app.workflow) (7.2.1)
#8 1.265 Requirement already satisfied: AccessControl>=5.2 in /usr/local/lib/python3.11/site-packages (from Zope->plone.app.workflow) (7.2)
#8 1.266 Requirement already satisfied: Acquisition in /usr/local/lib/python3.11/site-packages (from Zope->plone.app.workflow) (6.1)
#8 1.268 Requirement already satisfied: BTrees in /usr/local/lib/python3.11/site-packages (from Zope->plone.app.workflow) (6.2)
#8 1.269 Requirement already satisfied: Chameleon>=3.7.0 in /usr/local/lib/python3.11/site-packages (from Zope->plone.app.workflow) (4.6.0)
#8 1.271 Requirement already satisfied: DateTime in /usr/local/lib/python3.11/site-packages (from Zope->plone.app.workflow) (5.5)
#8 1.272 Requirement already satisfied: DocumentTemplate>=4.0 in /usr/local/lib/python3.11/site-packages (from Zope->plone.app.workflow) (4.6)
#8 1.273 Requirement already satisfied: ExtensionClass in /usr/local/lib/python3.11/site-packages (from Zope->plone.app.workflow) (6.1)
#8 1.274 Requirement already satisfied: MultiMapping in /usr/local/lib/python3.11/site-packages (from Zope->plone.app.workflow) (5.0)
#8 1.274 Requirement already satisfied: PasteDeploy in /usr/local/lib/python3.11/site-packages (from Zope->plone.app.workflow) (3.1.0)
#8 1.275 Requirement already satisfied: Persistence in /usr/local/lib/python3.11/site-packages (from Zope->plone.app.workflow) (5.1)
#8 1.276 Requirement already satisfied: RestrictedPython in /usr/local/lib/python3.11/site-packages (from Zope->plone.app.workflow) (8.1)
#8 1.277 Requirement already satisfied: ZConfig>=2.9.2 in /usr/local/lib/python3.11/site-packages (from Zope->plone.app.workflow) (4.2)
#8 1.278 Requirement already satisfied: ZODB in /usr/local/lib/python3.11/site-packages (from Zope->plone.app.workflow) (6.1)
#8 1.279 Requirement already satisfied: multipart in /usr/local/lib/python3.11/site-packages (from Zope->plone.app.workflow) (1.3.0)
#8 1.280 Requirement already satisfied: transaction>=2.4 in /usr/local/lib/python3.11/site-packages (from Zope->plone.app.workflow) (5.0)
#8 1.281 Requirement already satisfied: waitress in /usr/local/lib/python3.11/site-packages (from Zope->plone.app.workflow) (3.0.2)
#8 1.282 Requirement already satisfied: zExceptions>=3.4 in /usr/local/lib/python3.11/site-packages (from Zope->plone.app.workflow) (5.0)
#8 1.284 Requirement already satisfied: z3c.pt in /usr/local/lib/python3.11/site-packages (from Zope->plone.app.workflow) (5.1)
#8 1.285 Requirement already satisfied: zope.browser in /usr/local/lib/python3.11/site-packages (from Zope->plone.app.workflow) (4.0)
#8 1.285 Requirement already satisfied: zope.browsermenu in /usr/local/lib/python3.11/site-packages (from Zope->plone.app.workflow) (6.0)
#8 1.286 Requirement already satisfied: zope.browserpage>=4.4.0.dev0 in /usr/local/lib/python3.11/site-packages (from Zope->plone.app.workflow) (6.0)
#8 1.287 Requirement already satisfied: zope.browserresource>=3.11 in /usr/local/lib/python3.11/site-packages (from Zope->plone.app.workflow) (6.0)
#8 1.289 Requirement already satisfied: zope.configuration in /usr/local/lib/python3.11/site-packages (from Zope->plone.app.workflow) (7.0)
#8 1.290 Requirement already satisfied: zope.container in /usr/local/lib/python3.11/site-packages (from Zope->plone.app.workflow) (7.0)
#8 1.291 Requirement already satisfied: zope.contentprovider in /usr/local/lib/python3.11/site-packages (from Zope->plone.app.workflow) (7.0)
#8 1.292 Requirement already satisfied: zope.contenttype in /usr/local/lib/python3.11/site-packages (from Zope->plone.app.workflow) (6.0)
#8 1.293 Requirement already satisfied: zope.datetime in /usr/local/lib/python3.11/site-packages (from Zope->plone.app.workflow) (6.0)
#8 1.294 Requirement already satisfied: zope.event in /usr/local/lib/python3.11/site-packages (from Zope->plone.app.workflow) (6.0)
#8 1.295 Requirement already satisfied: zope.exceptions in /usr/local/lib/python3.11/site-packages (from Zope->plone.app.workflow) (6.0)
#8 1.296 Requirement already satisfied: zope.i18n[zcml] in /usr/local/lib/python3.11/site-packages (from Zope->plone.app.workflow) (6.0)
#8 1.297 Requirement already satisfied: zope.i18nmessageid in /usr/local/lib/python3.11/site-packages (from Zope->plone.app.workflow) (8.1)
#8 1.299 Requirement already satisfied: zope.lifecycleevent in /usr/local/lib/python3.11/site-packages (from Zope->plone.app.workflow) (6.0)
#8 1.300 Requirement already satisfied: zope.location in /usr/local/lib/python3.11/site-packages (from Zope->plone.app.workflow) (6.0)
#8 1.301 Requirement already satisfied: zope.pagetemplate>=4.0.2 in /usr/local/lib/python3.11/site-packages (from Zope->plone.app.workflow) (6.0)
#8 1.302 Requirement already satisfied: zope.processlifetime in /usr/local/lib/python3.11/site-packages (from Zope->plone.app.workflow) (4.0)
#8 1.303 Requirement already satisfied: zope.proxy in /usr/local/lib/python3.11/site-packages (from Zope->plone.app.workflow) (7.0)
#8 1.304 Requirement already satisfied: zope.ptresource in /usr/local/lib/python3.11/site-packages (from Zope->plone.app.workflow) (6.0)
#8 1.305 Requirement already satisfied: zope.publisher in /usr/local/lib/python3.11/site-packages (from Zope->plone.app.workflow) (8.0)
#8 1.307 Requirement already satisfied: zope.schema in /usr/local/lib/python3.11/site-packages (from Zope->plone.app.workflow) (8.1)
#8 1.308 Requirement already satisfied: zope.security in /usr/local/lib/python3.11/site-packages (from Zope->plone.app.workflow) (8.2)
#8 1.309 Requirement already satisfied: zope.sequencesort in /usr/local/lib/python3.11/site-packages (from Zope->plone.app.workflow) (6.0)
#8 1.310 Requirement already satisfied: zope.site in /usr/local/lib/python3.11/site-packages (from Zope->plone.app.workflow) (6.0)
#8 1.311 Requirement already satisfied: zope.size in /usr/local/lib/python3.11/site-packages (from Zope->plone.app.workflow) (6.0)
#8 1.312 Requirement already satisfied: zope.tal in /usr/local/lib/python3.11/site-packages (from Zope->plone.app.workflow) (6.0)
#8 1.313 Requirement already satisfied: zope.tales>=5.0.2 in /usr/local/lib/python3.11/site-packages (from Zope->plone.app.workflow) (7.0)
#8 1.314 Requirement already satisfied: zope.testbrowser in /usr/local/lib/python3.11/site-packages (from Zope->plone.app.workflow) (8.0)
#8 1.315 Requirement already satisfied: zope.testing in /usr/local/lib/python3.11/site-packages (from Zope->plone.app.workflow) (6.0)
#8 1.316 Requirement already satisfied: zope.traversing in /usr/local/lib/python3.11/site-packages (from Zope->plone.app.workflow) (6.0)
#8 1.317 Requirement already satisfied: zope.viewlet in /usr/local/lib/python3.11/site-packages (from Zope->plone.app.workflow) (6.0)
#8 1.354 Requirement already satisfied: AuthEncoding in /usr/local/lib/python3.11/site-packages (from AccessControl>=5.2->Zope->plone.app.workflow) (6.0)
#8 1.379 Requirement already satisfied: roman in /usr/local/lib/python3.11/site-packages (from DocumentTemplate>=4.0->Zope->plone.app.workflow) (5.1)
#8 1.381 Requirement already satisfied: zope.structuredtext in /usr/local/lib/python3.11/site-packages (from DocumentTemplate>=4.0->Zope->plone.app.workflow) (6.0)
#8 1.396 Requirement already satisfied: docutils>0.15 in /usr/local/lib/python3.11/site-packages (from Products.CMFCore->plone.base->plone.app.workflow) (0.22.2)
#8 1.397 Requirement already satisfied: Products.BTreeFolder2 in /usr/local/lib/python3.11/site-packages (from Products.CMFCore->plone.base->plone.app.workflow) (5.1)
#8 1.399 Requirement already satisfied: Products.MailHost>=4.0 in /usr/local/lib/python3.11/site-packages (from Products.CMFCore->plone.base->plone.app.workflow) (6.0)
#8 1.400 Requirement already satisfied: Products.StandardCacheManagers in /usr/local/lib/python3.11/site-packages (from Products.CMFCore->plone.base->plone.app.workflow) (5.0)
#8 1.412 Requirement already satisfied: Missing in /usr/local/lib/python3.11/site-packages (from Products.ZCatalog->Products.GenericSetup->plone.app.workflow) (5.0)
#8 1.412 Requirement already satisfied: Record in /usr/local/lib/python3.11/site-packages (from Products.ZCatalog->Products.GenericSetup->plone.app.workflow) (4.1)
#8 1.415 Requirement already satisfied: zope.dottedname in /usr/local/lib/python3.11/site-packages (from Products.ZCatalog->Products.GenericSetup->plone.app.workflow) (7.0)
#8 1.476 Requirement already satisfied: zope.hookable>=4.2.0 in /usr/local/lib/python3.11/site-packages (from zope.component->plone.memoize->plone.app.workflow) (8.1)
#8 1.610 Requirement already satisfied: pycparser in /usr/local/lib/python3.11/site-packages (from cffi->persistent->plone.app.workflow) (2.23)
#8 1.617 Requirement already satisfied: pytz in /usr/local/lib/python3.11/site-packages (from DateTime->Zope->plone.app.workflow) (2025.2)
#8 1.650 Requirement already satisfied: lxml in /usr/local/lib/python3.11/site-packages (from plone.autoform->plone.i18n->plone.app.workflow) (6.0.2)
#8 1.653 Requirement already satisfied: z3c.form in /usr/local/lib/python3.11/site-packages (from plone.autoform->plone.i18n->plone.app.workflow) (6.0.1)
#8 1.666 Requirement already satisfied: z3c.zcmlhook in /usr/local/lib/python3.11/site-packages (from plone.supermodel->plone.i18n->plone.app.workflow) (3.0)
#8 1.748 Collecting jsonschema (from plone.schema->plone.base->plone.app.workflow)
#8 1.756   Downloading jsonschema-4.25.1-py3-none-any.whl.metadata (7.6 kB)
#8 1.783 Requirement already satisfied: plone.protect in /usr/local/lib/python3.11/site-packages (from plone.subrequest->plone.i18n->plone.app.workflow) (5.0.5)
#8 1.843 Requirement already satisfied: zc.lockfile in /usr/local/lib/python3.11/site-packages (from ZODB->Zope->plone.app.workflow) (4.0)
#8 1.844 Requirement already satisfied: zodbpickle>=1.0.1 in /usr/local/lib/python3.11/site-packages (from ZODB->Zope->plone.app.workflow) (4.2)
#8 1.910 Requirement already satisfied: zope.cachedescriptors in /usr/local/lib/python3.11/site-packages (from zope.container->Zope->plone.app.workflow) (6.0)
#8 1.912 Requirement already satisfied: zope.filerepresentation in /usr/local/lib/python3.11/site-packages (from zope.container->Zope->plone.app.workflow) (7.0)
#8 1.995 Requirement already satisfied: python-gettext in /usr/local/lib/python3.11/site-packages (from zope.i18n[zcml]->Zope->plone.app.workflow) (5.0)
#8 1.996 Requirement already satisfied: zope.deprecation in /usr/local/lib/python3.11/site-packages (from zope.i18n[zcml]->Zope->plone.app.workflow) (6.0)
#8 2.089 Requirement already satisfied: WebTest>=2.0.30 in /usr/local/lib/python3.11/site-packages (from zope.testbrowser->Zope->plone.app.workflow) (3.0.7)
#8 2.089 Requirement already satisfied: BeautifulSoup4 in /usr/local/lib/python3.11/site-packages (from zope.testbrowser->Zope->plone.app.workflow) (4.14.2)
#8 2.090 Requirement already satisfied: SoupSieve>=1.9.0 in /usr/local/lib/python3.11/site-packages (from zope.testbrowser->Zope->plone.app.workflow) (2.8)
#8 2.091 Requirement already satisfied: WSGIProxy2 in /usr/local/lib/python3.11/site-packages (from zope.testbrowser->Zope->plone.app.workflow) (0.5.1)
#8 2.150 Requirement already satisfied: zope.sendmail>=6.2 in /usr/local/lib/python3.11/site-packages (from Products.MailHost>=4.0->Products.CMFCore->plone.base->plone.app.workflow) (7.0)
#8 2.169 Requirement already satisfied: WebOb>=1.2 in /usr/local/lib/python3.11/site-packages (from WebTest>=2.0.30->zope.testbrowser->Zope->plone.app.workflow) (1.8.9)
#8 2.247 Requirement already satisfied: typing-extensions>=4.0.0 in /usr/local/lib/python3.11/site-packages (from BeautifulSoup4->zope.testbrowser->Zope->plone.app.workflow) (4.15.0)
#8 2.303 Collecting attrs>=22.2.0 (from jsonschema->plone.schema->plone.base->plone.app.workflow)
#8 2.311   Downloading attrs-25.4.0-py3-none-any.whl.metadata (10 kB)
#8 2.362 Collecting jsonschema-specifications>=2023.03.6 (from jsonschema->plone.schema->plone.base->plone.app.workflow)
#8 2.371   Downloading jsonschema_specifications-2025.9.1-py3-none-any.whl.metadata (2.9 kB)
#8 2.440 Collecting referencing>=0.28.4 (from jsonschema->plone.schema->plone.base->plone.app.workflow)
#8 2.448   Downloading referencing-0.37.0-py3-none-any.whl.metadata (2.8 kB)
#8 2.752 Collecting rpds-py>=0.7.1 (from jsonschema->plone.schema->plone.base->plone.app.workflow)
#8 2.763   Downloading rpds_py-0.28.0-cp311-cp311-manylinux_2_17_x86_64.manylinux2014_x86_64.whl.metadata (4.1 kB)
#8 2.813 Requirement already satisfied: collective.monkeypatcher in /usr/local/lib/python3.11/site-packages (from plone.protect->plone.subrequest->plone.i18n->plone.app.workflow) (2.0.1)
#8 2.814 Requirement already satisfied: plone.keyring in /usr/local/lib/python3.11/site-packages (from plone.protect->plone.subrequest->plone.i18n->plone.app.workflow) (4.0.3)
#8 2.815 Requirement already satisfied: plone.scale in /usr/local/lib/python3.11/site-packages (from plone.protect->plone.subrequest->plone.i18n->plone.app.workflow) (4.2.1)
#8 2.816 Requirement already satisfied: plone.transformchain in /usr/local/lib/python3.11/site-packages (from plone.protect->plone.subrequest->plone.i18n->plone.app.workflow) (3.0.2)
#8 2.819 Requirement already satisfied: Products.PluggableAuthService in /usr/local/lib/python3.11/site-packages (from plone.protect->plone.subrequest->plone.i18n->plone.app.workflow) (3.0)
#8 2.820 Requirement already satisfied: repoze.xmliter in /usr/local/lib/python3.11/site-packages (from plone.protect->plone.subrequest->plone.i18n->plone.app.workflow) (0.6.1)
#8 3.081 Requirement already satisfied: cssselect>=0.7 in /usr/local/lib/python3.11/site-packages (from lxml[cssselect]->plone.protect->plone.subrequest->plone.i18n->plone.app.workflow) (1.3.0)
#8 3.105 Requirement already satisfied: Pillow in /usr/local/lib/python3.11/site-packages (from plone.scale->plone.protect->plone.subrequest->plone.i18n->plone.app.workflow) (12.0.0)
#8 3.131 Requirement already satisfied: Products.PluginRegistry>=1.6 in /usr/local/lib/python3.11/site-packages (from Products.PluggableAuthService->plone.protect->plone.subrequest->plone.i18n->plone.app.workflow) (2.0)
#8 3.133 Requirement already satisfied: Products.Sessions in /usr/local/lib/python3.11/site-packages (from Products.PluggableAuthService->plone.protect->plone.subrequest->plone.i18n->plone.app.workflow) (6.0)
#8 3.144 Requirement already satisfied: future in /usr/local/lib/python3.11/site-packages (from repoze.xmliter->plone.protect->plone.subrequest->plone.i18n->plone.app.workflow) (1.0.0)
#8 3.229 Downloading plone.app.workflow-5.0.4-py3-none-any.whl (40 kB)
#8 3.255    ━━━━━━━━━━━━━━━━━━━━━━━━━━━━━━━━━━━━━━━━ 40.5/40.5 kB 1.2 MB/s eta 0:00:00
#8 3.265 Downloading plone_base-3.1.1-py3-none-any.whl (57 kB)
#8 3.282    ━━━━━━━━━━━━━━━━━━━━━━━━━━━━━━━━━━━━━━━━ 57.9/57.9 kB 3.2 MB/s eta 0:00:00
#8 3.292 Downloading plone_memoize-3.0.4-py3-none-any.whl (25 kB)
#8 3.321 Downloading Products.DCWorkflow-3.0-py3-none-any.whl (83 kB)
#8 3.338    ━━━━━━━━━━━━━━━━━━━━━━━━━━━━━━━━━━━━━━━━ 83.5/83.5 kB 4.8 MB/s eta 0:00:00
#8 3.347 Downloading products_statusmessages-5.0.7-py3-none-any.whl (11 kB)
#8 3.372 Downloading plone_schema-2.0.3-py3-none-any.whl (12 kB)
#8 3.395 Downloading products_cmfdynamicviewfti-7.0.3-py3-none-any.whl (23 kB)
#8 3.421 Downloading Products.ExternalMethod-6.0-py3-none-any.whl (12 kB)
#8 3.447 Downloading zope_ramcache-4.0-py3-none-any.whl (14 kB)
#8 3.470 Downloading jsonschema-4.25.1-py3-none-any.whl (90 kB)
#8 3.487    ━━━━━━━━━━━━━━━━━━━━━━━━━━━━━━━━━━━━━━━━ 90.0/90.0 kB 5.1 MB/s eta 0:00:00
#8 3.497 Downloading attrs-25.4.0-py3-none-any.whl (67 kB)
#8 3.513    ━━━━━━━━━━━━━━━━━━━━━━━━━━━━━━━━━━━━━━━━ 67.6/67.6 kB 3.9 MB/s eta 0:00:00
#8 3.521 Downloading jsonschema_specifications-2025.9.1-py3-none-any.whl (18 kB)
#8 3.545 Downloading referencing-0.37.0-py3-none-any.whl (26 kB)
#8 3.574 Downloading rpds_py-0.28.0-cp311-cp311-manylinux_2_17_x86_64.manylinux2014_x86_64.whl (382 kB)
#8 3.599    ━━━━━━━━━━━━━━━━━━━━━━━━━━━━━━━━━━━━━━━━ 382.9/382.9 kB 15.8 MB/s eta 0:00:00
#8 4.077 Installing collected packages: rpds-py, attrs, referencing, jsonschema-specifications, zope.ramcache, jsonschema, plone.memoize, plone.schema, Products.statusmessages, Products.ExternalMethod, Products.DCWorkflow, Products.CMFDynamicViewFTI, plone.base, plone.app.workflow
#8 4.525 Successfully installed Products.CMFDynamicViewFTI-7.0.3 Products.DCWorkflow-3.0 Products.ExternalMethod-6.0 Products.statusmessages-5.0.7 attrs-25.4.0 jsonschema-4.25.1 jsonschema-specifications-2025.9.1 plone.app.workflow-5.0.4 plone.base-3.1.1 plone.memoize-3.0.4 plone.schema-2.0.3 referencing-0.37.0 rpds-py-0.28.0 zope.ramcache-4.0
#8 4.525 WARNING: Running pip as the 'root' user can result in broken permissions and conflicting behaviour with the system package manager. It is recommended to use a virtual environment instead: https://pip.pypa.io/warnings/venv
#8 4.531 
#8 4.531 [notice] A new release of pip is available: 24.0 -> 25.3
#8 4.531 [notice] To update, run: pip install --upgrade pip
#8 DONE 4.7s

#9 [ 5/36] RUN ["pip","install","plone.transforms"]
#9 0.606 Collecting plone.transforms
#9 0.640   Downloading plone.transforms-1.1a1.zip (190 kB)
#9 0.690      ━━━━━━━━━━━━━━━━━━━━━━━━━━━━━━━━━━━━━━━ 190.6/190.6 kB 4.1 MB/s eta 0:00:00
#9 0.704   Preparing metadata (setup.py): started
#9 0.848   Preparing metadata (setup.py): finished with status 'done'
#9 0.853 Requirement already satisfied: setuptools in /usr/local/lib/python3.11/site-packages (from plone.transforms) (79.0.1)
#9 0.854 Requirement already satisfied: zope.component in /usr/local/lib/python3.11/site-packages (from plone.transforms) (7.0)
#9 0.855 Requirement already satisfied: zope.configuration in /usr/local/lib/python3.11/site-packages (from plone.transforms) (7.0)
#9 0.856 Requirement already satisfied: zope.dottedname in /usr/local/lib/python3.11/site-packages (from plone.transforms) (7.0)
#9 0.857 Requirement already satisfied: zope.i18nmessageid in /usr/local/lib/python3.11/site-packages (from plone.transforms) (8.1)
#9 0.859 Requirement already satisfied: zope.interface in /usr/local/lib/python3.11/site-packages (from plone.transforms) (8.0.1)
#9 0.860 Requirement already satisfied: zope.security in /usr/local/lib/python3.11/site-packages (from plone.transforms) (8.2)
#9 0.862 Requirement already satisfied: zope.testing in /usr/local/lib/python3.11/site-packages (from plone.transforms) (6.0)
#9 0.911 Collecting ZODB3 (from plone.transforms)
#9 0.921   Downloading ZODB3-3.11.0.tar.gz (55 kB)
#9 0.943      ━━━━━━━━━━━━━━━━━━━━━━━━━━━━━━━━━━━━━━━━ 55.1/55.1 kB 2.3 MB/s eta 0:00:00
#9 0.947   Preparing metadata (setup.py): started
#9 1.092   Preparing metadata (setup.py): finished with status 'done'
#9 1.155 Collecting ZEO>=4.0.0dev (from ZODB3->plone.transforms)
#9 1.164   Downloading zeo-6.1-py3-none-any.whl.metadata (19 kB)
#9 1.182 Requirement already satisfied: ZODB>=4.0.0dev in /usr/local/lib/python3.11/site-packages (from ZODB3->plone.transforms) (6.1)
#9 1.183 Requirement already satisfied: persistent>=4.0.0dev in /usr/local/lib/python3.11/site-packages (from ZODB3->plone.transforms) (6.3)
#9 1.184 Requirement already satisfied: BTrees>=4.0.0dev in /usr/local/lib/python3.11/site-packages (from ZODB3->plone.transforms) (6.2)
#9 1.185 Requirement already satisfied: transaction in /usr/local/lib/python3.11/site-packages (from ZODB3->plone.transforms) (5.0)
#9 1.196 Requirement already satisfied: zope.event in /usr/local/lib/python3.11/site-packages (from zope.component->plone.transforms) (6.0)
#9 1.197 Requirement already satisfied: zope.hookable>=4.2.0 in /usr/local/lib/python3.11/site-packages (from zope.component->plone.transforms) (8.1)
#9 1.209 Requirement already satisfied: zope.schema>=4.9 in /usr/local/lib/python3.11/site-packages (from zope.configuration->plone.transforms) (8.1)
#9 1.224 Requirement already satisfied: zope.location in /usr/local/lib/python3.11/site-packages (from zope.security->plone.transforms) (6.0)
#9 1.225 Requirement already satisfied: zope.proxy>=6.1 in /usr/local/lib/python3.11/site-packages (from zope.security->plone.transforms) (7.0)
#9 1.240 Requirement already satisfied: zope.deferredimport in /usr/local/lib/python3.11/site-packages (from persistent>=4.0.0dev->ZODB3->plone.transforms) (6.0)
#9 1.242 Requirement already satisfied: cffi in /usr/local/lib/python3.11/site-packages (from persistent>=4.0.0dev->ZODB3->plone.transforms) (2.0.0)
#9 1.253 Requirement already satisfied: zc.lockfile in /usr/local/lib/python3.11/site-packages (from ZEO>=4.0.0dev->ZODB3->plone.transforms) (4.0)
#9 1.254 Requirement already satisfied: ZConfig in /usr/local/lib/python3.11/site-packages (from ZEO>=4.0.0dev->ZODB3->plone.transforms) (4.2)
#9 1.288 Collecting zdaemon (from ZEO>=4.0.0dev->ZODB3->plone.transforms)
#9 1.298   Downloading zdaemon-5.2.1-py3-none-any.whl.metadata (26 kB)
#9 1.330 Requirement already satisfied: zodbpickle>=1.0.1 in /usr/local/lib/python3.11/site-packages (from ZODB>=4.0.0dev->ZODB3->plone.transforms) (4.2)
#9 1.364 Requirement already satisfied: pycparser in /usr/local/lib/python3.11/site-packages (from cffi->persistent>=4.0.0dev->ZODB3->plone.transforms) (2.23)
#9 1.391 Downloading zeo-6.1-py3-none-any.whl (247 kB)
#9 1.415    ━━━━━━━━━━━━━━━━━━━━━━━━━━━━━━━━━━━━━━━━ 247.1/247.1 kB 10.9 MB/s eta 0:00:00
#9 1.424 Downloading zdaemon-5.2.1-py3-none-any.whl (57 kB)
#9 1.446    ━━━━━━━━━━━━━━━━━━━━━━━━━━━━━━━━━━━━━━━━ 57.2/57.2 kB 2.4 MB/s eta 0:00:00
#9 1.450 Building wheels for collected packages: plone.transforms, ZODB3
#9 1.456   Building wheel for plone.transforms (setup.py): started
#9 1.695   Building wheel for plone.transforms (setup.py): finished with status 'done'
#9 1.696   Created wheel for plone.transforms: filename=plone_transforms-1.1a1-py3-none-any.whl size=177696 sha256=151a1fae7abe9ff75070b5be9a9605f50cf1b7cc20ce2cefe59f8cd24a34d099
#9 1.696   Stored in directory: /root/.cache/pip/wheels/d8/fc/64/961261abc1c72fc29100589ac904db24d8264e8f67ac724a76
#9 1.698   Building wheel for ZODB3 (setup.py): started
#9 1.885   Building wheel for ZODB3 (setup.py): finished with status 'done'
#9 1.886   Created wheel for ZODB3: filename=zodb3-3.11.0-py3-none-any.whl size=1860 sha256=4d2dbac3e3491180985c76599a6e2407ebe3e5089af4b1f2c785f6052ccb343f
#9 1.886   Stored in directory: /root/.cache/pip/wheels/8c/fc/dd/f04f689c83881445ce8b6674603a8e932160045624f73a7190
#9 1.887 Successfully built plone.transforms ZODB3
#9 2.352 Installing collected packages: zdaemon, ZEO, ZODB3, plone.transforms
#9 2.583 Successfully installed ZEO-6.1 ZODB3-3.11.0 plone.transforms-1.1a1 zdaemon-5.2.1
#9 2.583 WARNING: Running pip as the 'root' user can result in broken permissions and conflicting behaviour with the system package manager. It is recommended to use a virtual environment instead: https://pip.pypa.io/warnings/venv
#9 2.589 
#9 2.589 [notice] A new release of pip is available: 24.0 -> 25.3
#9 2.589 [notice] To update, run: pip install --upgrade pip
#9 DONE 2.7s

#10 [ 6/36] RUN ["pip","install","Products.CMFBibliographyAT"]
#10 0.597 Collecting Products.CMFBibliographyAT
#10 0.632   Downloading Products.CMFBibliographyAT-1.2.1.tar.gz (279 kB)
#10 0.680      ━━━━━━━━━━━━━━━━━━━━━━━━━━━━━━━━━━━━━━━ 279.7/279.7 kB 6.0 MB/s eta 0:00:00
#10 0.719   Preparing metadata (setup.py): started
#10 0.878   Preparing metadata (setup.py): finished with status 'done'
#10 0.883 Requirement already satisfied: setuptools in /usr/local/lib/python3.11/site-packages (from Products.CMFBibliographyAT) (79.0.1)
#10 0.919 Collecting bibliograph.core (from Products.CMFBibliographyAT)
#10 0.928   Downloading bibliograph.core-1.0.3.tar.gz (28 kB)
#10 0.952   Preparing metadata (setup.py): started
#10 1.103   Preparing metadata (setup.py): finished with status 'done'
#10 1.136 Collecting bibliograph.parsing (from Products.CMFBibliographyAT)
#10 1.146   Downloading bibliograph.parsing-1.0.1.tar.gz (64 kB)
#10 1.162      ━━━━━━━━━━━━━━━━━━━━━━━━━━━━━━━━━━━━━━━━ 64.1/64.1 kB 3.7 MB/s eta 0:00:00
#10 1.171   Preparing metadata (setup.py): started
#10 1.319   Preparing metadata (setup.py): finished with status 'done'
#10 1.355 Collecting bibliograph.rendering (from Products.CMFBibliographyAT)
#10 1.365   Downloading bibliograph.rendering-1.0.2.tar.gz (20 kB)
#10 1.388   Preparing metadata (setup.py): started
#10 1.537   Preparing metadata (setup.py): finished with status 'done'
#10 1.570 Collecting Products.ATExtensions (from Products.CMFBibliographyAT)
#10 1.579   Downloading Products.ATExtensions-1.1.tar.gz (49 kB)
#10 1.593      ━━━━━━━━━━━━━━━━━━━━━━━━━━━━━━━━━━━━━━━━ 49.6/49.6 kB 3.1 MB/s eta 0:00:00
#10 1.607   Preparing metadata (setup.py): started
#10 1.758   Preparing metadata (setup.py): finished with status 'done'
#10 1.787 Collecting zope.app.schema (from Products.CMFBibliographyAT)
#10 1.796   Downloading zope.app.schema-5.0-py3-none-any.whl.metadata (4.4 kB)
#10 1.848 Collecting pyisbn (from Products.CMFBibliographyAT)
#10 1.856   Downloading pyisbn-1.3.1-py3-none-any.whl.metadata (5.2 kB)
#10 1.926 Collecting zope.vocabularyregistry>=1.0.0 (from zope.app.schema->Products.CMFBibliographyAT)
#10 1.934   Downloading zope_vocabularyregistry-3.0-py3-none-any.whl.metadata (8.3 kB)
#10 1.953 Requirement already satisfied: zope.component in /usr/local/lib/python3.11/site-packages (from zope.vocabularyregistry>=1.0.0->zope.app.schema->Products.CMFBibliographyAT) (7.0)
#10 1.955 Requirement already satisfied: zope.interface in /usr/local/lib/python3.11/site-packages (from zope.vocabularyregistry>=1.0.0->zope.app.schema->Products.CMFBibliographyAT) (8.0.1)
#10 1.957 Requirement already satisfied: zope.schema in /usr/local/lib/python3.11/site-packages (from zope.vocabularyregistry>=1.0.0->zope.app.schema->Products.CMFBibliographyAT) (8.1)
#10 1.968 Requirement already satisfied: zope.event in /usr/local/lib/python3.11/site-packages (from zope.component->zope.vocabularyregistry>=1.0.0->zope.app.schema->Products.CMFBibliographyAT) (6.0)
#10 1.969 Requirement already satisfied: zope.hookable>=4.2.0 in /usr/local/lib/python3.11/site-packages (from zope.component->zope.vocabularyregistry>=1.0.0->zope.app.schema->Products.CMFBibliographyAT) (8.1)
#10 1.995 Downloading pyisbn-1.3.1-py3-none-any.whl (19 kB)
#10 2.020 Downloading zope.app.schema-5.0-py3-none-any.whl (8.5 kB)
#10 2.038 Downloading zope_vocabularyregistry-3.0-py3-none-any.whl (9.5 kB)
#10 2.059 Building wheels for collected packages: Products.CMFBibliographyAT, bibliograph.core, bibliograph.parsing, bibliograph.rendering, Products.ATExtensions
#10 2.064   Building wheel for Products.CMFBibliographyAT (setup.py): started
#10 2.408   Building wheel for Products.CMFBibliographyAT (setup.py): finished with status 'done'
#10 2.409   Created wheel for Products.CMFBibliographyAT: filename=products_cmfbibliographyat-1.2.1-py3-none-any.whl size=404444 sha256=7c2d75d7599a954b76670305e4eaa02e40a14c2d6d49924ce2923506373c5553
#10 2.409   Stored in directory: /root/.cache/pip/wheels/b5/f7/94/d38f42a85474e304bd4bc04a47345b3e6a7907ce84022cd7a3
#10 2.412   Building wheel for bibliograph.core (setup.py): started
#10 2.610   Building wheel for bibliograph.core (setup.py): finished with status 'done'
#10 2.611   Created wheel for bibliograph.core: filename=bibliograph_core-1.0.3-py3-none-any.whl size=30183 sha256=fbd110dfc4d381f465ded143547893a34ff1003b235f27b78d8500e9bf8e44a2
#10 2.611   Stored in directory: /root/.cache/pip/wheels/cc/e9/28/45c5a53e4b175d1f16aa9554cea3e12628bde176294389ea14
#10 2.612   Building wheel for bibliograph.parsing (setup.py): started
#10 2.829   Building wheel for bibliograph.parsing (setup.py): finished with status 'done'
#10 2.830   Created wheel for bibliograph.parsing: filename=bibliograph_parsing-1.0.1-py3-none-any.whl size=91223 sha256=5d1935dca869f01546282e3bf4b5ba36433360e26043f20f6d8cb4c435296a2c
#10 2.830   Stored in directory: /root/.cache/pip/wheels/36/16/a5/67443f1d6709d8d93b5f0a2ab7877ab2fd8a3ee0d345ba8fa6
#10 2.832   Building wheel for bibliograph.rendering (setup.py): started
#10 3.041   Building wheel for bibliograph.rendering (setup.py): finished with status 'done'
#10 3.041   Created wheel for bibliograph.rendering: filename=bibliograph_rendering-1.0.2-py3-none-any.whl size=29234 sha256=62164984254ad7f41651f77a884e0f61f475ee062c861388f3f8e4eaa2ee060d
#10 3.041   Stored in directory: /root/.cache/pip/wheels/d1/ab/08/914d1ebec6a6368372f26c919b7468c6647c80582840c13500
#10 3.043   Building wheel for Products.ATExtensions (setup.py): started
#10 3.282   Building wheel for Products.ATExtensions (setup.py): finished with status 'done'
#10 3.283   Created wheel for Products.ATExtensions: filename=products_atextensions-1.1-py3-none-any.whl size=78823 sha256=066ff97bfc20de1d94a9d3b0d6cd08ddf9b85dcb2ed38f71a898281a554f04c0
#10 3.283   Stored in directory: /root/.cache/pip/wheels/05/11/f9/ddd17d45d2b23f262792c820453dbe52e25c48f47f87fbedb2
#10 3.285 Successfully built Products.CMFBibliographyAT bibliograph.core bibliograph.parsing bibliograph.rendering Products.ATExtensions
#10 3.762 Installing collected packages: pyisbn, Products.ATExtensions, bibliograph.core, bibliograph.rendering, bibliograph.parsing, zope.vocabularyregistry, zope.app.schema, Products.CMFBibliographyAT
#10 4.065 Successfully installed Products.ATExtensions-1.1 Products.CMFBibliographyAT-1.2.1 bibliograph.core-1.0.3 bibliograph.parsing-1.0.1 bibliograph.rendering-1.0.2 pyisbn-1.3.1 zope.app.schema-5.0 zope.vocabularyregistry-3.0
#10 4.065 WARNING: Running pip as the 'root' user can result in broken permissions and conflicting behaviour with the system package manager. It is recommended to use a virtual environment instead: https://pip.pypa.io/warnings/venv
#10 4.070 
#10 4.070 [notice] A new release of pip is available: 24.0 -> 25.3
#10 4.070 [notice] To update, run: pip install --upgrade pip
#10 DONE 4.2s

#11 [ 7/36] RUN ["pip","install","Products.SecureMailHost"]
#11 0.658 Collecting Products.SecureMailHost
#11 0.700   Downloading Products.SecureMailHost-1.1.2.zip (29 kB)
#11 0.721   Preparing metadata (setup.py): started
#11 0.872   Preparing metadata (setup.py): finished with status 'done'
#11 0.874 Requirement already satisfied: setuptools in /usr/local/lib/python3.11/site-packages (from Products.SecureMailHost) (79.0.1)
#11 0.900 Building wheels for collected packages: Products.SecureMailHost
#11 0.905   Building wheel for Products.SecureMailHost (setup.py): started
#11 1.110   Building wheel for Products.SecureMailHost (setup.py): finished with status 'done'
#11 1.111   Created wheel for Products.SecureMailHost: filename=products_securemailhost-1.1.2-py3-none-any.whl size=25211 sha256=da6f6331bdfebfd4f98b7380cac204478d4decf470c61bb96cda087670ac55e2
#11 1.111   Stored in directory: /root/.cache/pip/wheels/9f/06/4f/e6bb8666653c6330bf6bc31bfe3383df4447b951a6cef835ac
#11 1.113 Successfully built Products.SecureMailHost
#11 1.615 Installing collected packages: Products.SecureMailHost
#11 1.674 Successfully installed Products.SecureMailHost-1.1.2
#11 1.674 WARNING: Running pip as the 'root' user can result in broken permissions and conflicting behaviour with the system package manager. It is recommended to use a virtual environment instead: https://pip.pypa.io/warnings/venv
#11 1.679 
#11 1.679 [notice] A new release of pip is available: 24.0 -> 25.3
#11 1.679 [notice] To update, run: pip install --upgrade pip
#11 DONE 1.7s

#12 [ 8/36] RUN ["pip","install","Products.PloneGlossary"]
#12 0.832 Collecting Products.PloneGlossary
#12 0.962   Downloading Products.PloneGlossary-1.7.3.tar.gz (126 kB)
#12 1.007      ━━━━━━━━━━━━━━━━━━━━━━━━━━━━━━━━━━━━━━━ 126.9/126.9 kB 2.7 MB/s eta 0:00:00
#12 1.024   Preparing metadata (setup.py): started
#12 1.129   Preparing metadata (setup.py): finished with status 'error'
#12 1.132   error: subprocess-exited-with-error
#12 1.132   
#12 1.132   × python setup.py egg_info did not run successfully.
#12 1.132   │ exit code: 1
#12 1.132   ╰─> [7 lines of output]
#12 1.132       Traceback (most recent call last):
#12 1.132         File "<string>", line 2, in <module>
#12 1.132         File "<pip-setuptools-caller>", line 34, in <module>
#12 1.132         File "/tmp/pip-install-7kpn_8jf/products-ploneglossary_212535caa62049c38dd8ce7c371a593f/setup.py", line 6, in <module>
#12 1.132           long_description = long_description.decode('utf8')
#12 1.132                              ^^^^^^^^^^^^^^^^^^^^^^^
#12 1.132       AttributeError: 'str' object has no attribute 'decode'. Did you mean: 'encode'?
#12 1.132       [end of output]
#12 1.132   
#12 1.132   note: This error originates from a subprocess, and is likely not a problem with pip.
#12 1.133 error: metadata-generation-failed
#12 1.133 
#12 1.133 × Encountered error while generating package metadata.
#12 1.133 ╰─> See above for output.
#12 1.133 
#12 1.133 note: This is an issue with the package mentioned above, not pip.
#12 1.133 hint: See above for details.
#12 1.138 
#12 1.138 [notice] A new release of pip is available: 24.0 -> 25.3
#12 1.138 [notice] To update, run: pip install --upgrade pip
#12 ERROR: process "pip install Products.PloneGlossary" did not complete successfully: exit code: 1
------
 > [ 8/36] RUN ["pip","install","Products.PloneGlossary"]:
1.133 error: metadata-generation-failed
1.133 
1.133 × Encountered error while generating package metadata.
1.133 ╰─> See above for output.
1.133 
1.133 note: This is an issue with the package mentioned above, not pip.
1.133 hint: See above for details.
1.138 
1.138 [notice] A new release of pip is available: 24.0 -> 25.3
1.138 [notice] To update, run: pip install --upgrade pip
------
Dockerfile:8
--------------------
   6 |     RUN ["pip","install","Products.CMFBibliographyAT"]
   7 |     RUN ["pip","install","Products.SecureMailHost"]
   8 | >>> RUN ["pip","install","Products.PloneGlossary"]
   9 |     RUN ["pip","install","Products.feedfeeder"]
  10 |     RUN ["pip","install","Products.OpenXml"]
--------------------
ERROR: failed to build: failed to solve: process "pip install Products.PloneGlossary" did not complete successfully: exit code: 1

View build details: docker-desktop://dashboard/build/default/default/k03n1r66jkcc9ocj2e65ywkzx
[2025-10-29 14:13:33] ERROR: Build failed for 3de0abd7d18e6edc87dd
