=== Docker Build Log for 8e4bea946ab9c05347fe ===
Started at: Mi 29. Okt 18:12:03 CET 2025

[2025-10-29 18:12:03] START: Building image for 8e4bea946ab9c05347fe
#0 building with "default" instance using docker driver

#1 [internal] load build definition from Dockerfile
#1 transferring dockerfile: 145B done
#1 DONE 0.0s

#2 [internal] load metadata for docker.io/library/python:3.11
#2 DONE 0.0s

#3 [internal] load .dockerignore
#3 transferring context: 2B done
#3 DONE 0.0s

#4 [internal] load build context
#4 transferring context: 3.07kB 0.0s done
#4 DONE 0.0s

#5 [1/2] FROM docker.io/library/python:3.11
#5 CACHED

#6 [2/2] COPY hard-gists/8e4bea946ab9c05347fe/snippet.py /snippet.py
#6 DONE 0.1s

#7 exporting to image
#7 exporting layers 0.0s done
#7 writing image sha256:bea0b6105eccb781a05d4aff9e9f77726386417e71233f59022608d41efd50fa done
#7 naming to docker.io/library/test-image-8e4bea946ab9c05347fe done
#7 DONE 0.1s

View build details: docker-desktop://dashboard/build/default/default/j9yuibhjg9azafh846eyiusmc
[2025-10-29 18:12:04] SUCCESS: Build completed for 8e4bea946ab9c05347fe
