=== Docker Build Log for 9e1f7cf4945a608ae48a ===
Started at: Mi 29. Okt 18:41:57 CET 2025

[2025-10-29 18:41:58] START: Building image for 9e1f7cf4945a608ae48a
#0 building with "default" instance using docker driver

#1 [internal] load build definition from Dockerfile
#1 transferring dockerfile: 145B done
#1 DONE 0.0s

#2 [internal] load metadata for docker.io/library/python:3.11
#2 DONE 0.0s

#3 [internal] load .dockerignore
#3 transferring context: 2B done
#3 DONE 0.0s

#4 [internal] load build context
#4 transferring context: 5.93kB 0.0s done
#4 DONE 0.0s

#5 [1/2] FROM docker.io/library/python:3.11
#5 CACHED

#6 [2/2] COPY hard-gists/9e1f7cf4945a608ae48a/snippet.py /snippet.py
#6 DONE 0.1s

#7 exporting to image
#7 exporting layers 0.1s done
#7 writing image sha256:449745cce1c81b3dd861d0e897695d6e46bf7f3cde26207d9a50facb22642b0b done
#7 naming to docker.io/library/test-image-9e1f7cf4945a608ae48a done
#7 DONE 0.1s

View build details: docker-desktop://dashboard/build/default/default/pnoiqyb8yii8nkv0o0z2n5pri
[2025-10-29 18:41:58] SUCCESS: Build completed for 9e1f7cf4945a608ae48a
