=== Docker Build Log for 0f450e738bf79c003253 ===
Started at: Mi 29. Okt 11:43:55 CET 2025

[2025-10-29 11:43:55] START: Building image for 0f450e738bf79c003253
#0 building with "default" instance using docker driver

#1 [internal] load build definition from Dockerfile
#1 transferring dockerfile: 177B done
#1 DONE 0.0s

#2 [internal] load metadata for docker.io/library/python:3.11
#2 DONE 0.0s

#3 [internal] load .dockerignore
#3 transferring context: 2B done
#3 DONE 0.0s

#4 [internal] load build context
#4 transferring context: 911B 0.0s done
#4 DONE 0.0s

#5 [1/3] FROM docker.io/library/python:3.11
#5 CACHED

#6 [2/3] COPY hard-gists/0f450e738bf79c003253/snippet.py /snippet.py
#6 DONE 0.1s

#7 [3/3] RUN ["pip","install","jnius"]
#7 2.102 Collecting jnius
#7 2.143   Downloading jnius-1.1.0.tar.gz (28 kB)
#7 2.160   Preparing metadata (setup.py): started
#7 2.518   Preparing metadata (setup.py): finished with status 'error'
#7 2.521   error: subprocess-exited-with-error
#7 2.521   
#7 2.521   × python setup.py egg_info did not run successfully.
#7 2.521   │ exit code: 1
#7 2.521   ╰─> [11 lines of output]
#7 2.521       Traceback (most recent call last):
#7 2.521         File "<string>", line 2, in <module>
#7 2.521         File "<pip-setuptools-caller>", line 34, in <module>
#7 2.521         File "/tmp/pip-install-_u6b01qy/jnius_4c04b6ac152d47ab9cf581a270624748/setup.py", line 53, in <module>
#7 2.521           from Cython.Distutils import build_ext
#7 2.521       ModuleNotFoundError: No module named 'Cython'
#7 2.521       
#7 2.521       
#7 2.521       You need Cython to compile Pyjnius.
#7 2.521       
#7 2.521       
#7 2.521       [end of output]
#7 2.521   
#7 2.521   note: This error originates from a subprocess, and is likely not a problem with pip.
#7 2.522 error: metadata-generation-failed
#7 2.522 
#7 2.522 × Encountered error while generating package metadata.
#7 2.522 ╰─> See above for output.
#7 2.522 
#7 2.522 note: This is an issue with the package mentioned above, not pip.
#7 2.522 hint: See above for details.
#7 2.615 
#7 2.615 [notice] A new release of pip is available: 24.0 -> 25.3
#7 2.615 [notice] To update, run: pip install --upgrade pip
#7 ERROR: process "pip install jnius" did not complete successfully: exit code: 1
------
 > [3/3] RUN ["pip","install","jnius"]:
2.522 error: metadata-generation-failed
2.522 
2.522 × Encountered error while generating package metadata.
2.522 ╰─> See above for output.
2.522 
2.522 note: This is an issue with the package mentioned above, not pip.
2.522 hint: See above for details.
2.615 
2.615 [notice] A new release of pip is available: 24.0 -> 25.3
2.615 [notice] To update, run: pip install --upgrade pip
------
Dockerfile:3
--------------------
   1 |     FROM python:3.11
   2 |     COPY hard-gists/0f450e738bf79c003253/snippet.py /snippet.py
   3 | >>> RUN ["pip","install","jnius"]
   4 |     CMD ["python3","/snippet.py"]
   5 |     
--------------------
ERROR: failed to build: failed to solve: process "pip install jnius" did not complete successfully: exit code: 1

View build details: docker-desktop://dashboard/build/default/default/qj1dxyneplsygxnrwppr1beh3
[2025-10-29 11:43:58] ERROR: Build failed for 0f450e738bf79c003253
