=== Docker Build Log for 5263bc6284c4dbe79951 ===
Started at: Mi 29. Okt 15:29:56 CET 2025

[2025-10-29 15:29:56] START: Building image for 5263bc6284c4dbe79951
#0 building with "default" instance using docker driver

#1 [internal] load build definition from Dockerfile
#1 transferring dockerfile: 182B done
#1 DONE 0.0s

#2 [internal] load metadata for docker.io/library/python:3.11
#2 DONE 0.0s

#3 [internal] load .dockerignore
#3 transferring context: 2B done
#3 DONE 0.0s

#4 [internal] load build context
#4 transferring context: 3.00kB 0.0s done
#4 DONE 0.0s

#5 [1/3] FROM docker.io/library/python:3.11
#5 CACHED

#6 [2/3] COPY hard-gists/5263bc6284c4dbe79951/snippet.py /snippet.py
#6 DONE 0.1s

#7 [3/3] RUN ["pip","install","tensorflow"]
#7 2.036 Collecting tensorflow
#7 2.076   Downloading tensorflow-2.20.0-cp311-cp311-manylinux_2_17_x86_64.manylinux2014_x86_64.whl.metadata (4.5 kB)
#7 2.143 Collecting absl-py>=1.0.0 (from tensorflow)
#7 2.160   Downloading absl_py-2.3.1-py3-none-any.whl.metadata (3.3 kB)
#7 2.195 Collecting astunparse>=1.6.0 (from tensorflow)
#7 2.203   Downloading astunparse-1.6.3-py2.py3-none-any.whl.metadata (4.4 kB)
#7 2.239 Collecting flatbuffers>=24.3.25 (from tensorflow)
#7 2.248   Downloading flatbuffers-25.9.23-py2.py3-none-any.whl.metadata (875 bytes)
#7 2.288 Collecting gast!=0.5.0,!=0.5.1,!=0.5.2,>=0.2.1 (from tensorflow)
#7 2.296   Downloading gast-0.6.0-py3-none-any.whl.metadata (1.3 kB)
#7 2.332 Collecting google_pasta>=0.1.1 (from tensorflow)
#7 2.362   Downloading google_pasta-0.2.0-py3-none-any.whl.metadata (814 bytes)
#7 2.400 Collecting libclang>=13.0.0 (from tensorflow)
#7 2.409   Downloading libclang-18.1.1-py2.py3-none-manylinux2010_x86_64.whl.metadata (5.2 kB)
#7 2.444 Collecting opt_einsum>=2.3.2 (from tensorflow)
#7 2.453   Downloading opt_einsum-3.4.0-py3-none-any.whl.metadata (6.3 kB)
#7 2.495 Collecting packaging (from tensorflow)
#7 2.526   Downloading packaging-25.0-py3-none-any.whl.metadata (3.3 kB)
#7 2.714 Collecting protobuf>=5.28.0 (from tensorflow)
#7 2.726   Downloading protobuf-6.33.0-cp39-abi3-manylinux2014_x86_64.whl.metadata (593 bytes)
#7 2.793 Collecting requests<3,>=2.21.0 (from tensorflow)
#7 2.801   Downloading requests-2.32.5-py3-none-any.whl.metadata (4.9 kB)
#7 2.813 Requirement already satisfied: setuptools in /usr/local/lib/python3.11/site-packages (from tensorflow) (79.0.1)
#7 2.840 Collecting six>=1.12.0 (from tensorflow)
#7 2.898   Downloading six-1.17.0-py2.py3-none-any.whl.metadata (1.7 kB)
#7 2.936 Collecting termcolor>=1.1.0 (from tensorflow)
#7 2.945   Downloading termcolor-3.2.0-py3-none-any.whl.metadata (6.4 kB)
#7 2.988 Collecting typing_extensions>=3.6.6 (from tensorflow)
#7 2.996   Downloading typing_extensions-4.15.0-py3-none-any.whl.metadata (3.3 kB)
#7 3.143 Collecting wrapt>=1.11.0 (from tensorflow)
#7 3.152   Downloading wrapt-2.0.0-cp311-cp311-manylinux1_x86_64.manylinux_2_28_x86_64.manylinux_2_5_x86_64.whl.metadata (8.8 kB)
#7 3.671 Collecting grpcio<2.0,>=1.24.3 (from tensorflow)
#7 3.681   Downloading grpcio-1.76.0-cp311-cp311-manylinux2014_x86_64.manylinux_2_17_x86_64.whl.metadata (3.7 kB)
#7 3.738 Collecting tensorboard~=2.20.0 (from tensorflow)
#7 3.746   Downloading tensorboard-2.20.0-py3-none-any.whl.metadata (1.8 kB)
#7 3.793 Collecting keras>=3.10.0 (from tensorflow)
#7 3.801   Downloading keras-3.12.0-py3-none-any.whl.metadata (5.9 kB)
#7 4.039 Collecting numpy>=1.26.0 (from tensorflow)
#7 4.057   Downloading numpy-2.3.4-cp311-cp311-manylinux_2_27_x86_64.manylinux_2_28_x86_64.whl.metadata (62 kB)
#7 4.093      ━━━━━━━━━━━━━━━━━━━━━━━━━━━━━━━━━━━━━━━━ 62.1/62.1 kB 1.5 MB/s eta 0:00:00
#7 4.156 Collecting h5py>=3.11.0 (from tensorflow)
#7 4.165   Downloading h5py-3.15.1-cp311-cp311-manylinux_2_27_x86_64.manylinux_2_28_x86_64.whl.metadata (3.0 kB)
#7 4.234 Collecting ml_dtypes<1.0.0,>=0.5.1 (from tensorflow)
#7 4.265   Downloading ml_dtypes-0.5.3-cp311-cp311-manylinux_2_27_x86_64.manylinux_2_28_x86_64.whl.metadata (8.9 kB)
#7 4.285 Requirement already satisfied: wheel<1.0,>=0.23.0 in /usr/local/lib/python3.11/site-packages (from astunparse>=1.6.0->tensorflow) (0.45.1)
#7 4.384 Collecting rich (from keras>=3.10.0->tensorflow)
#7 4.396   Downloading rich-14.2.0-py3-none-any.whl.metadata (18 kB)
#7 4.429 Collecting namex (from keras>=3.10.0->tensorflow)
#7 4.440   Downloading namex-0.1.0-py3-none-any.whl.metadata (322 bytes)
#7 4.533 Collecting optree (from keras>=3.10.0->tensorflow)
#7 4.542   Downloading optree-0.17.0-cp311-cp311-manylinux_2_27_x86_64.manylinux_2_28_x86_64.whl.metadata (33 kB)
#7 4.679 Collecting charset_normalizer<4,>=2 (from requests<3,>=2.21.0->tensorflow)
#7 4.687   Downloading charset_normalizer-3.4.4-cp311-cp311-manylinux2014_x86_64.manylinux_2_17_x86_64.manylinux_2_28_x86_64.whl.metadata (37 kB)
#7 4.735 Collecting idna<4,>=2.5 (from requests<3,>=2.21.0->tensorflow)
#7 4.743   Downloading idna-3.11-py3-none-any.whl.metadata (8.4 kB)
#7 4.804 Collecting urllib3<3,>=1.21.1 (from requests<3,>=2.21.0->tensorflow)
#7 4.812   Downloading urllib3-2.5.0-py3-none-any.whl.metadata (6.5 kB)
#7 4.857 Collecting certifi>=2017.4.17 (from requests<3,>=2.21.0->tensorflow)
#7 4.865   Downloading certifi-2025.10.5-py3-none-any.whl.metadata (2.5 kB)
#7 4.933 Collecting markdown>=2.6.8 (from tensorboard~=2.20.0->tensorflow)
#7 4.942   Downloading markdown-3.9-py3-none-any.whl.metadata (5.1 kB)
#7 5.193 Collecting pillow (from tensorboard~=2.20.0->tensorflow)
#7 5.204   Downloading pillow-12.0.0-cp311-cp311-manylinux_2_27_x86_64.manylinux_2_28_x86_64.whl.metadata (8.8 kB)
#7 5.266 Collecting tensorboard-data-server<0.8.0,>=0.7.0 (from tensorboard~=2.20.0->tensorflow)
#7 5.276   Downloading tensorboard_data_server-0.7.2-py3-none-manylinux_2_31_x86_64.whl.metadata (1.1 kB)
#7 5.327 Collecting werkzeug>=1.0.1 (from tensorboard~=2.20.0->tensorflow)
#7 5.336   Downloading werkzeug-3.1.3-py3-none-any.whl.metadata (3.7 kB)
#7 5.489 Collecting MarkupSafe>=2.1.1 (from werkzeug>=1.0.1->tensorboard~=2.20.0->tensorflow)
#7 5.497   Downloading markupsafe-3.0.3-cp311-cp311-manylinux2014_x86_64.manylinux_2_17_x86_64.manylinux_2_28_x86_64.whl.metadata (2.7 kB)
#7 5.588 Collecting markdown-it-py>=2.2.0 (from rich->keras>=3.10.0->tensorflow)
#7 5.597   Downloading markdown_it_py-4.0.0-py3-none-any.whl.metadata (7.3 kB)
#7 5.646 Collecting pygments<3.0.0,>=2.13.0 (from rich->keras>=3.10.0->tensorflow)
#7 5.653   Downloading pygments-2.19.2-py3-none-any.whl.metadata (2.5 kB)
#7 5.703 Collecting mdurl~=0.1 (from markdown-it-py>=2.2.0->rich->keras>=3.10.0->tensorflow)
#7 5.712   Downloading mdurl-0.1.2-py3-none-any.whl.metadata (1.6 kB)
#7 5.750 Downloading tensorflow-2.20.0-cp311-cp311-manylinux_2_17_x86_64.manylinux2014_x86_64.whl (620.6 MB)
#7 33.40    ━━━━━━━━━━━━━━━━━━━━━━━━━━━━━━━━━━━━━━━━ 620.6/620.6 MB 1.3 MB/s eta 0:00:00
#7 33.41 Downloading absl_py-2.3.1-py3-none-any.whl (135 kB)
#7 33.44    ━━━━━━━━━━━━━━━━━━━━━━━━━━━━━━━━━━━━━━━━ 135.8/135.8 kB 6.4 MB/s eta 0:00:00
#7 33.44 Downloading astunparse-1.6.3-py2.py3-none-any.whl (12 kB)
#7 33.46 Downloading flatbuffers-25.9.23-py2.py3-none-any.whl (30 kB)
#7 33.48 Downloading gast-0.6.0-py3-none-any.whl (21 kB)
#7 33.50 Downloading google_pasta-0.2.0-py3-none-any.whl (57 kB)
#7 33.51    ━━━━━━━━━━━━━━━━━━━━━━━━━━━━━━━━━━━━━━━━ 57.5/57.5 kB 4.8 MB/s eta 0:00:00
#7 33.52 Downloading grpcio-1.76.0-cp311-cp311-manylinux2014_x86_64.manylinux_2_17_x86_64.whl (6.6 MB)
#7 33.78    ━━━━━━━━━━━━━━━━━━━━━━━━━━━━━━━━━━━━━━━━ 6.6/6.6 MB 25.8 MB/s eta 0:00:00
#7 33.79 Downloading h5py-3.15.1-cp311-cp311-manylinux_2_27_x86_64.manylinux_2_28_x86_64.whl (4.7 MB)
#7 33.98    ━━━━━━━━━━━━━━━━━━━━━━━━━━━━━━━━━━━━━━━━ 4.7/4.7 MB 25.3 MB/s eta 0:00:00
#7 33.99 Downloading keras-3.12.0-py3-none-any.whl (1.5 MB)
#7 34.05    ━━━━━━━━━━━━━━━━━━━━━━━━━━━━━━━━━━━━━━━━ 1.5/1.5 MB 25.0 MB/s eta 0:00:00
#7 34.06 Downloading libclang-18.1.1-py2.py3-none-manylinux2010_x86_64.whl (24.5 MB)
#7 34.96    ━━━━━━━━━━━━━━━━━━━━━━━━━━━━━━━━━━━━━━━━ 24.5/24.5 MB 22.4 MB/s eta 0:00:00
#7 34.97 Downloading ml_dtypes-0.5.3-cp311-cp311-manylinux_2_27_x86_64.manylinux_2_28_x86_64.whl (4.9 MB)
#7 35.16    ━━━━━━━━━━━━━━━━━━━━━━━━━━━━━━━━━━━━━━━━ 4.9/4.9 MB 26.8 MB/s eta 0:00:00
#7 35.17 Downloading numpy-2.3.4-cp311-cp311-manylinux_2_27_x86_64.manylinux_2_28_x86_64.whl (16.9 MB)
#7 35.81    ━━━━━━━━━━━━━━━━━━━━━━━━━━━━━━━━━━━━━━━━ 16.9/16.9 MB 23.6 MB/s eta 0:00:00
#7 35.82 Downloading opt_einsum-3.4.0-py3-none-any.whl (71 kB)
#7 35.83    ━━━━━━━━━━━━━━━━━━━━━━━━━━━━━━━━━━━━━━━━ 71.9/71.9 kB 6.8 MB/s eta 0:00:00
#7 35.85 Downloading protobuf-6.33.0-cp39-abi3-manylinux2014_x86_64.whl (323 kB)
#7 35.87    ━━━━━━━━━━━━━━━━━━━━━━━━━━━━━━━━━━━━━━━━ 323.2/323.2 kB 16.7 MB/s eta 0:00:00
#7 35.88 Downloading requests-2.32.5-py3-none-any.whl (64 kB)
#7 35.89    ━━━━━━━━━━━━━━━━━━━━━━━━━━━━━━━━━━━━━━━━ 64.7/64.7 kB 5.5 MB/s eta 0:00:00
#7 35.90 Downloading six-1.17.0-py2.py3-none-any.whl (11 kB)
#7 35.91 Downloading tensorboard-2.20.0-py3-none-any.whl (5.5 MB)
#7 36.22    ━━━━━━━━━━━━━━━━━━━━━━━━━━━━━━━━━━━━━━━━ 5.5/5.5 MB 18.3 MB/s eta 0:00:00
#7 36.23 Downloading termcolor-3.2.0-py3-none-any.whl (7.7 kB)
#7 36.24 Downloading typing_extensions-4.15.0-py3-none-any.whl (44 kB)
#7 36.25    ━━━━━━━━━━━━━━━━━━━━━━━━━━━━━━━━━━━━━━━━ 44.6/44.6 kB 3.8 MB/s eta 0:00:00
#7 36.26 Downloading wrapt-2.0.0-cp311-cp311-manylinux1_x86_64.manylinux_2_28_x86_64.manylinux_2_5_x86_64.whl (114 kB)
#7 36.28    ━━━━━━━━━━━━━━━━━━━━━━━━━━━━━━━━━━━━━━━━ 114.1/114.1 kB 8.4 MB/s eta 0:00:00
#7 36.29 Downloading packaging-25.0-py3-none-any.whl (66 kB)
#7 36.30    ━━━━━━━━━━━━━━━━━━━━━━━━━━━━━━━━━━━━━━━━ 66.5/66.5 kB 5.0 MB/s eta 0:00:00
#7 36.31 Downloading certifi-2025.10.5-py3-none-any.whl (163 kB)
#7 36.32    ━━━━━━━━━━━━━━━━━━━━━━━━━━━━━━━━━━━━━━━━ 163.3/163.3 kB 11.9 MB/s eta 0:00:00
#7 36.33 Downloading charset_normalizer-3.4.4-cp311-cp311-manylinux2014_x86_64.manylinux_2_17_x86_64.manylinux_2_28_x86_64.whl (151 kB)
#7 36.34    ━━━━━━━━━━━━━━━━━━━━━━━━━━━━━━━━━━━━━━━━ 151.6/151.6 kB 11.3 MB/s eta 0:00:00
#7 36.35 Downloading idna-3.11-py3-none-any.whl (71 kB)
#7 36.36    ━━━━━━━━━━━━━━━━━━━━━━━━━━━━━━━━━━━━━━━━ 71.0/71.0 kB 6.3 MB/s eta 0:00:00
#7 36.37 Downloading markdown-3.9-py3-none-any.whl (107 kB)
#7 36.39    ━━━━━━━━━━━━━━━━━━━━━━━━━━━━━━━━━━━━━━━━ 107.4/107.4 kB 8.3 MB/s eta 0:00:00
#7 36.40 Downloading tensorboard_data_server-0.7.2-py3-none-manylinux_2_31_x86_64.whl (6.6 MB)
#7 36.63    ━━━━━━━━━━━━━━━━━━━━━━━━━━━━━━━━━━━━━━━━ 6.6/6.6 MB 27.7 MB/s eta 0:00:00
#7 36.64 Downloading urllib3-2.5.0-py3-none-any.whl (129 kB)
#7 36.66    ━━━━━━━━━━━━━━━━━━━━━━━━━━━━━━━━━━━━━━━━ 129.8/129.8 kB 9.5 MB/s eta 0:00:00
#7 36.67 Downloading werkzeug-3.1.3-py3-none-any.whl (224 kB)
#7 36.68    ━━━━━━━━━━━━━━━━━━━━━━━━━━━━━━━━━━━━━━━━ 224.5/224.5 kB 14.0 MB/s eta 0:00:00
#7 36.69 Downloading namex-0.1.0-py3-none-any.whl (5.9 kB)
#7 36.71 Downloading optree-0.17.0-cp311-cp311-manylinux_2_27_x86_64.manylinux_2_28_x86_64.whl (402 kB)
#7 36.73    ━━━━━━━━━━━━━━━━━━━━━━━━━━━━━━━━━━━━━━━━ 402.0/402.0 kB 18.9 MB/s eta 0:00:00
#7 36.74 Downloading pillow-12.0.0-cp311-cp311-manylinux_2_27_x86_64.manylinux_2_28_x86_64.whl (7.0 MB)
#7 37.00    ━━━━━━━━━━━━━━━━━━━━━━━━━━━━━━━━━━━━━━━━ 7.0/7.0 MB 28.2 MB/s eta 0:00:00
#7 37.00 Downloading rich-14.2.0-py3-none-any.whl (243 kB)
#7 37.02    ━━━━━━━━━━━━━━━━━━━━━━━━━━━━━━━━━━━━━━━━ 243.4/243.4 kB 14.7 MB/s eta 0:00:00
#7 37.03 Downloading markdown_it_py-4.0.0-py3-none-any.whl (87 kB)
#7 37.04    ━━━━━━━━━━━━━━━━━━━━━━━━━━━━━━━━━━━━━━━━ 87.3/87.3 kB 6.9 MB/s eta 0:00:00
#7 37.05 Downloading markupsafe-3.0.3-cp311-cp311-manylinux2014_x86_64.manylinux_2_17_x86_64.manylinux_2_28_x86_64.whl (22 kB)
#7 37.07 Downloading pygments-2.19.2-py3-none-any.whl (1.2 MB)
#7 37.12    ━━━━━━━━━━━━━━━━━━━━━━━━━━━━━━━━━━━━━━━━ 1.2/1.2 MB 25.3 MB/s eta 0:00:00
#7 37.13 Downloading mdurl-0.1.2-py3-none-any.whl (10.0 kB)
#7 38.87 Installing collected packages: namex, libclang, flatbuffers, wrapt, urllib3, typing_extensions, termcolor, tensorboard-data-server, six, pygments, protobuf, pillow, packaging, opt_einsum, numpy, mdurl, MarkupSafe, markdown, idna, gast, charset_normalizer, certifi, absl-py, werkzeug, requests, optree, ml_dtypes, markdown-it-py, h5py, grpcio, google_pasta, astunparse, tensorboard, rich, keras, tensorflow
#7 55.06 Successfully installed MarkupSafe-3.0.3 absl-py-2.3.1 astunparse-1.6.3 certifi-2025.10.5 charset_normalizer-3.4.4 flatbuffers-25.9.23 gast-0.6.0 google_pasta-0.2.0 grpcio-1.76.0 h5py-3.15.1 idna-3.11 keras-3.12.0 libclang-18.1.1 markdown-3.9 markdown-it-py-4.0.0 mdurl-0.1.2 ml_dtypes-0.5.3 namex-0.1.0 numpy-2.3.4 opt_einsum-3.4.0 optree-0.17.0 packaging-25.0 pillow-12.0.0 protobuf-6.33.0 pygments-2.19.2 requests-2.32.5 rich-14.2.0 six-1.17.0 tensorboard-2.20.0 tensorboard-data-server-0.7.2 tensorflow-2.20.0 termcolor-3.2.0 typing_extensions-4.15.0 urllib3-2.5.0 werkzeug-3.1.3 wrapt-2.0.0
#7 55.06 WARNING: Running pip as the 'root' user can result in broken permissions and conflicting behaviour with the system package manager. It is recommended to use a virtual environment instead: https://pip.pypa.io/warnings/venv
#7 56.63 
#7 56.63 [notice] A new release of pip is available: 24.0 -> 25.3
#7 56.63 [notice] To update, run: pip install --upgrade pip
#7 DONE 68.3s

#8 exporting to image
#8 exporting layers
#8 exporting layers 10.4s done
#8 writing image sha256:a5e431bda4902e1c287d884cc684f131ef57d56d45be3e9468da47d3daea3905 done
#8 naming to docker.io/library/test-image-5263bc6284c4dbe79951 0.0s done
#8 DONE 10.5s

View build details: docker-desktop://dashboard/build/default/default/7eo2azjb3co30w0r80ddwyhqa
[2025-10-29 15:31:15] SUCCESS: Build completed for 5263bc6284c4dbe79951
