=== Docker Build Log for 8bfa8e25f36e6f619247203d1bc0291b ===
Started at: Mi 29. Okt 18:08:25 CET 2025

[2025-10-29 18:08:25] START: Building image for 8bfa8e25f36e6f619247203d1bc0291b
#0 building with "default" instance using docker driver

#1 [internal] load build definition from Dockerfile
#1 transferring dockerfile: 187B done
#1 DONE 0.0s

#2 [internal] load metadata for docker.io/library/python:3.11
#2 DONE 0.0s

#3 [internal] load .dockerignore
#3 transferring context: 2B done
#3 DONE 0.0s

#4 [internal] load build context
#4 transferring context: 3.26kB 0.0s done
#4 DONE 0.0s

#5 [1/3] FROM docker.io/library/python:3.11
#5 CACHED

#6 [2/3] COPY hard-gists/8bfa8e25f36e6f619247203d1bc0291b/snippet.py /snippet.py
#6 DONE 0.1s

#7 [3/3] RUN ["pip","install","idc"]
#7 1.874 Collecting idc
#7 1.911   Downloading idc-0.6.0.tar.gz (850 kB)
#7 1.982      ━━━━━━━━━━━━━━━━━━━━━━━━━━━━━━━━━━━━━━ 850.4/850.4 kB 12.2 MB/s eta 0:00:00
#7 2.019   Preparing metadata (setup.py): started
#7 2.959   Preparing metadata (setup.py): finished with status 'done'
#7 2.989 Collecting pyOSC==0.3.5b-5294 (from idc)
#7 3.000   Downloading pyOSC-0.3.5b-5294.tar.gz (33 kB)
#7 3.015   Preparing metadata (setup.py): started
#7 3.103   Preparing metadata (setup.py): finished with status 'error'
#7 3.106   error: subprocess-exited-with-error
#7 3.106   
#7 3.106   × python setup.py egg_info did not run successfully.
#7 3.106   │ exit code: 1
#7 3.106   ╰─> [9 lines of output]
#7 3.106       Traceback (most recent call last):
#7 3.106         File "<string>", line 2, in <module>
#7 3.106         File "<pip-setuptools-caller>", line 34, in <module>
#7 3.106         File "/tmp/pip-install-u01t9m24/pyosc_b53efe05909641669c7155526b602972/setup.py", line 5, in <module>
#7 3.106           import OSC
#7 3.106         File "/tmp/pip-install-u01t9m24/pyosc_b53efe05909641669c7155526b602972/OSC.py", line 735
#7 3.106           binary = struct.pack('>ll', 0L, 1L)
#7 3.106                                       ^
#7 3.106       SyntaxError: invalid decimal literal
#7 3.106       [end of output]
#7 3.106   
#7 3.106   note: This error originates from a subprocess, and is likely not a problem with pip.
#7 3.108 error: metadata-generation-failed
#7 3.108 
#7 3.108 × Encountered error while generating package metadata.
#7 3.108 ╰─> See above for output.
#7 3.108 
#7 3.108 note: This is an issue with the package mentioned above, not pip.
#7 3.108 hint: See above for details.
#7 3.210 
#7 3.210 [notice] A new release of pip is available: 24.0 -> 25.3
#7 3.210 [notice] To update, run: pip install --upgrade pip
#7 ERROR: process "pip install idc" did not complete successfully: exit code: 1
------
 > [3/3] RUN ["pip","install","idc"]:
3.108 error: metadata-generation-failed
3.108 
3.108 × Encountered error while generating package metadata.
3.108 ╰─> See above for output.
3.108 
3.108 note: This is an issue with the package mentioned above, not pip.
3.108 hint: See above for details.
3.210 
3.210 [notice] A new release of pip is available: 24.0 -> 25.3
3.210 [notice] To update, run: pip install --upgrade pip
------
Dockerfile:3
--------------------
   1 |     FROM python:3.11
   2 |     COPY hard-gists/8bfa8e25f36e6f619247203d1bc0291b/snippet.py /snippet.py
   3 | >>> RUN ["pip","install","idc"]
   4 |     CMD ["python3","/snippet.py"]
   5 |     
--------------------
ERROR: failed to build: failed to solve: process "pip install idc" did not complete successfully: exit code: 1

View build details: docker-desktop://dashboard/build/default/default/6os0awv1fhwv66ibag9gfa4ds
[2025-10-29 18:08:28] ERROR: Build failed for 8bfa8e25f36e6f619247203d1bc0291b
