=== Docker Build Log for 2975718 ===
Started at: Mi 29. Okt 13:22:59 CET 2025

[2025-10-29 13:22:59] START: Building image for 2975718
#0 building with "default" instance using docker driver

#1 [internal] load build definition from Dockerfile
#1 transferring dockerfile: 473B done
#1 DONE 0.0s

#2 [internal] load metadata for docker.io/library/python:3.11
#2 DONE 0.0s

#3 [internal] load .dockerignore
#3 transferring context: 2B done
#3 DONE 0.0s

#4 [internal] load build context
#4 transferring context: 497B 0.0s done
#4 DONE 0.0s

#5 [ 1/11] FROM docker.io/library/python:3.11
#5 CACHED

#6 [ 2/11] COPY hard-gists/2975718/snippet.py /snippet.py
#6 DONE 0.1s

#7 [ 3/11] RUN ["apt-get","update"]
#7 0.262 Hit:1 http://deb.debian.org/debian trixie InRelease
#7 0.262 Get:2 http://deb.debian.org/debian trixie-updates InRelease [47.3 kB]
#7 0.272 Get:3 http://deb.debian.org/debian-security trixie-security InRelease [43.4 kB]
#7 0.280 Get:4 http://deb.debian.org/debian trixie/main amd64 Packages [9669 kB]
#7 0.601 Get:5 http://deb.debian.org/debian trixie-updates/main amd64 Packages [5412 B]
#7 0.602 Get:6 http://deb.debian.org/debian-security trixie-security/main amd64 Packages [67.8 kB]
#7 1.183 Fetched 9833 kB in 1s (10.4 MB/s)
#7 1.183 Reading package lists...
#7 DONE 1.8s

#8 [ 4/11] RUN ["pip","install","dj.choices"]
#8 1.862 Collecting dj.choices
#8 1.901   Downloading dj.choices-0.11.0.tar.gz (28 kB)
#8 1.919   Preparing metadata (setup.py): started
#8 2.305   Preparing metadata (setup.py): finished with status 'done'
#8 2.405 Collecting django (from dj.choices)
#8 2.414   Downloading django-5.2.7-py3-none-any.whl.metadata (4.1 kB)
#8 2.450 Collecting six (from dj.choices)
#8 2.458   Downloading six-1.17.0-py2.py3-none-any.whl.metadata (1.7 kB)
#8 2.505 Collecting asgiref>=3.8.1 (from django->dj.choices)
#8 2.513   Downloading asgiref-3.10.0-py3-none-any.whl.metadata (9.3 kB)
#8 2.549 Collecting sqlparse>=0.3.1 (from django->dj.choices)
#8 2.558   Downloading sqlparse-0.5.3-py3-none-any.whl.metadata (3.9 kB)
#8 2.583 Downloading django-5.2.7-py3-none-any.whl (8.3 MB)
#8 2.948    ━━━━━━━━━━━━━━━━━━━━━━━━━━━━━━━━━━━━━━━━ 8.3/8.3 MB 22.9 MB/s eta 0:00:00
#8 2.956 Downloading six-1.17.0-py2.py3-none-any.whl (11 kB)
#8 2.973 Downloading asgiref-3.10.0-py3-none-any.whl (24 kB)
#8 2.989 Downloading sqlparse-0.5.3-py3-none-any.whl (44 kB)
#8 3.000    ━━━━━━━━━━━━━━━━━━━━━━━━━━━━━━━━━━━━━━━━ 44.4/44.4 kB 3.7 MB/s eta 0:00:00
#8 3.038 Building wheels for collected packages: dj.choices
#8 3.038   Building wheel for dj.choices (setup.py): started
#8 3.214   Building wheel for dj.choices (setup.py): finished with status 'done'
#8 3.214   Created wheel for dj.choices: filename=dj_choices-0.11.0-py3-none-any.whl size=28716 sha256=c46e3b50098339fd068f19397255ed72db93537ffd01111f06aeab49e3fd64b1
#8 3.214   Stored in directory: /root/.cache/pip/wheels/97/38/bd/4ca089ff8ffdead6a07e7af033d36d74a01ab7a37e70797942
#8 3.216 Successfully built dj.choices
#8 3.262 Installing collected packages: sqlparse, six, asgiref, django, dj.choices
#8 4.636 Successfully installed asgiref-3.10.0 dj.choices-0.11.0 django-5.2.7 six-1.17.0 sqlparse-0.5.3
#8 4.636 WARNING: Running pip as the 'root' user can result in broken permissions and conflicting behaviour with the system package manager. It is recommended to use a virtual environment instead: https://pip.pypa.io/warnings/venv
#8 4.727 
#8 4.727 [notice] A new release of pip is available: 24.0 -> 25.3
#8 4.727 [notice] To update, run: pip install --upgrade pip
#8 DONE 5.0s

#9 [ 5/11] RUN ["apt-get","install","-y","python-pip"]
#9 0.241 Reading package lists...
#9 0.662 Building dependency tree...
#9 0.771 Reading state information...
#9 0.787 Package python-pip is not available, but is referred to by another package.
#9 0.787 This may mean that the package is missing, has been obsoleted, or
#9 0.787 is only available from another source
#9 0.787 However the following packages replace it:
#9 0.787   python3-pip
#9 0.787 
#9 0.789 E: Package 'python-pip' has no installation candidate
#9 ERROR: process "apt-get install -y python-pip" did not complete successfully: exit code: 100
------
 > [ 5/11] RUN ["apt-get","install","-y","python-pip"]:


0.787 Package python-pip is not available, but is referred to by another package.
0.787 This may mean that the package is missing, has been obsoleted, or
0.787 is only available from another source
0.787 However the following packages replace it:
0.787   python3-pip
0.787 
0.789 E: Package 'python-pip' has no installation candidate
------
Dockerfile:5
--------------------
   3 |     RUN ["apt-get","update"]
   4 |     RUN ["pip","install","dj.choices"]
   5 | >>> RUN ["apt-get","install","-y","python-pip"]
   6 |     RUN ["apt-get","install","-y","python-dev"]
   7 |     RUN ["apt-get","install","-y","libssl-dev"]
--------------------
ERROR: failed to build: failed to solve: process "apt-get install -y python-pip" did not complete successfully: exit code: 100

View build details: docker-desktop://dashboard/build/default/default/opyyu86we60pfie313koag31l
[2025-10-29 13:23:07] ERROR: Build failed for 2975718
