=== Docker Build Log for 8792346 ===
Started at: Mi 29. Okt 17:57:04 CET 2025

[2025-10-29 17:57:04] START: Building image for 8792346
#0 building with "default" instance using docker driver

#1 [internal] load build definition from Dockerfile
#1 transferring dockerfile: 244B done
#1 DONE 0.0s

#2 [internal] load metadata for docker.io/library/python:3.11
#2 DONE 0.0s

#3 [internal] load .dockerignore
#3 transferring context: 2B done
#3 DONE 0.0s

#4 [internal] load build context
#4 transferring context: 628B 0.0s done
#4 DONE 0.0s

#5 [1/5] FROM docker.io/library/python:3.11
#5 CACHED

#6 [2/5] COPY hard-gists/8792346/snippet.py /snippet.py
#6 DONE 0.1s

#7 [3/5] RUN ["pip","install","dj.choices"]
#7 1.902 Collecting dj.choices
#7 1.936   Downloading dj.choices-0.11.0.tar.gz (28 kB)
#7 1.954   Preparing metadata (setup.py): started
#7 2.339   Preparing metadata (setup.py): finished with status 'done'
#7 2.444 Collecting django (from dj.choices)
#7 2.453   Downloading django-5.2.7-py3-none-any.whl.metadata (4.1 kB)
#7 2.489 Collecting six (from dj.choices)
#7 2.514   Downloading six-1.17.0-py2.py3-none-any.whl.metadata (1.7 kB)
#7 2.562 Collecting asgiref>=3.8.1 (from django->dj.choices)
#7 2.571   Downloading asgiref-3.10.0-py3-none-any.whl.metadata (9.3 kB)
#7 2.607 Collecting sqlparse>=0.3.1 (from django->dj.choices)
#7 2.617   Downloading sqlparse-0.5.3-py3-none-any.whl.metadata (3.9 kB)
#7 2.644 Downloading django-5.2.7-py3-none-any.whl (8.3 MB)
#7 3.002    ━━━━━━━━━━━━━━━━━━━━━━━━━━━━━━━━━━━━━━━━ 8.3/8.3 MB 23.3 MB/s eta 0:00:00
#7 3.012 Downloading six-1.17.0-py2.py3-none-any.whl (11 kB)
#7 3.033 Downloading asgiref-3.10.0-py3-none-any.whl (24 kB)
#7 3.051 Downloading sqlparse-0.5.3-py3-none-any.whl (44 kB)
#7 3.062    ━━━━━━━━━━━━━━━━━━━━━━━━━━━━━━━━━━━━━━━━ 44.4/44.4 kB 3.6 MB/s eta 0:00:00
#7 3.099 Building wheels for collected packages: dj.choices
#7 3.100   Building wheel for dj.choices (setup.py): started
#7 3.271   Building wheel for dj.choices (setup.py): finished with status 'done'
#7 3.271   Created wheel for dj.choices: filename=dj_choices-0.11.0-py3-none-any.whl size=28716 sha256=6ff8a3b40931b8cb99731b4bf1811d462949380490efcbc090366fc305b6bc68
#7 3.272   Stored in directory: /root/.cache/pip/wheels/97/38/bd/4ca089ff8ffdead6a07e7af033d36d74a01ab7a37e70797942
#7 3.273 Successfully built dj.choices
#7 3.321 Installing collected packages: sqlparse, six, asgiref, django, dj.choices
#7 4.718 Successfully installed asgiref-3.10.0 dj.choices-0.11.0 django-5.2.7 six-1.17.0 sqlparse-0.5.3
#7 4.718 WARNING: Running pip as the 'root' user can result in broken permissions and conflicting behaviour with the system package manager. It is recommended to use a virtual environment instead: https://pip.pypa.io/warnings/venv
#7 4.809 
#7 4.809 [notice] A new release of pip is available: 24.0 -> 25.3
#7 4.809 [notice] To update, run: pip install --upgrade pip
#7 DONE 5.5s

#8 [4/5] RUN ["pip","install","djangorestframework"]
#8 0.543 Collecting djangorestframework
#8 0.579   Downloading djangorestframework-3.16.1-py3-none-any.whl.metadata (11 kB)
#8 0.591 Requirement already satisfied: django>=4.2 in /usr/local/lib/python3.11/site-packages (from djangorestframework) (5.2.7)
#8 0.596 Requirement already satisfied: asgiref>=3.8.1 in /usr/local/lib/python3.11/site-packages (from django>=4.2->djangorestframework) (3.10.0)
#8 0.597 Requirement already satisfied: sqlparse>=0.3.1 in /usr/local/lib/python3.11/site-packages (from django>=4.2->djangorestframework) (0.5.3)
#8 0.611 Downloading djangorestframework-3.16.1-py3-none-any.whl (1.1 MB)
#8 0.674    ━━━━━━━━━━━━━━━━━━━━━━━━━━━━━━━━━━━━━━━━ 1.1/1.1 MB 18.0 MB/s eta 0:00:00
#8 0.717 Installing collected packages: djangorestframework
#8 0.862 Successfully installed djangorestframework-3.16.1
#8 0.862 WARNING: Running pip as the 'root' user can result in broken permissions and conflicting behaviour with the system package manager. It is recommended to use a virtual environment instead: https://pip.pypa.io/warnings/venv
#8 0.867 
#8 0.867 [notice] A new release of pip is available: 24.0 -> 25.3
#8 0.867 [notice] To update, run: pip install --upgrade pip
#8 DONE 1.0s

#9 [5/5] RUN ["pip","install","Django"]
#9 0.434 Requirement already satisfied: Django in /usr/local/lib/python3.11/site-packages (5.2.7)
#9 0.438 Requirement already satisfied: asgiref>=3.8.1 in /usr/local/lib/python3.11/site-packages (from Django) (3.10.0)
#9 0.439 Requirement already satisfied: sqlparse>=0.3.1 in /usr/local/lib/python3.11/site-packages (from Django) (0.5.3)
#9 0.479 WARNING: Running pip as the 'root' user can result in broken permissions and conflicting behaviour with the system package manager. It is recommended to use a virtual environment instead: https://pip.pypa.io/warnings/venv
#9 0.484 
#9 0.484 [notice] A new release of pip is available: 24.0 -> 25.3
#9 0.484 [notice] To update, run: pip install --upgrade pip
#9 DONE 0.5s

#10 exporting to image
#10 exporting layers
#10 exporting layers 0.6s done
#10 writing image sha256:6f045e6d9da1f182a46d6fcd8a0d5b7e2c07af0057228bf752d7c08214bac75a done
#10 naming to docker.io/library/test-image-8792346 done
#10 DONE 0.6s

View build details: docker-desktop://dashboard/build/default/default/trydptohse0jzroah147plime
[2025-10-29 17:57:12] SUCCESS: Build completed for 8792346
