=== Docker Build Log for 5478382 ===
Started at: Mi 29. Okt 15:43:09 CET 2025

[2025-10-29 15:43:09] START: Building image for 5478382
#0 building with "default" instance using docker driver

#1 [internal] load build definition from Dockerfile
#1 transferring dockerfile: 1.65kB done
#1 DONE 0.0s

#2 [internal] load metadata for docker.io/library/python:3.11
#2 DONE 0.0s

#3 [internal] load .dockerignore
#3 transferring context: 2B done
#3 DONE 0.0s

#4 [internal] load build context
#4 transferring context: 4.52kB 0.0s done
#4 DONE 0.0s

#5 [ 1/43] FROM docker.io/library/python:3.11
#5 CACHED

#6 [ 2/43] COPY hard-gists/5478382/snippet.py /snippet.py
#6 DONE 0.1s

#7 [ 3/43] RUN ["apt-get","update"]
#7 0.292 Hit:1 http://deb.debian.org/debian trixie InRelease
#7 0.292 Get:2 http://deb.debian.org/debian trixie-updates InRelease [47.3 kB]
#7 0.309 Get:3 http://deb.debian.org/debian-security trixie-security InRelease [43.4 kB]
#7 0.324 Get:4 http://deb.debian.org/debian trixie/main amd64 Packages [9669 kB]
#7 0.723 Get:5 http://deb.debian.org/debian trixie-updates/main amd64 Packages [5412 B]
#7 0.724 Get:6 http://deb.debian.org/debian-security trixie-security/main amd64 Packages [67.8 kB]
#7 1.364 Fetched 9833 kB in 1s (8859 kB/s)
#7 1.364 Reading package lists...
#7 DONE 2.0s

#8 [ 4/43] RUN ["pip","install","http"]
#8 2.191 Collecting http
#8 2.227   Downloading http-0.02.tar.gz (32 kB)
#8 2.248   Preparing metadata (setup.py): started
#8 2.465   Preparing metadata (setup.py): finished with status 'error'
#8 2.469   error: subprocess-exited-with-error
#8 2.469   
#8 2.469   × python setup.py egg_info did not run successfully.
#8 2.469   │ exit code: 1
#8 2.469   ╰─> [1 lines of output]
#8 2.469       ERROR: Can not execute `setup.py` since setuptools is not available in the build environment.
#8 2.469       [end of output]
#8 2.469   
#8 2.469   note: This error originates from a subprocess, and is likely not a problem with pip.
#8 2.470 error: metadata-generation-failed
#8 2.470 
#8 2.470 × Encountered error while generating package metadata.
#8 2.470 ╰─> See above for output.
#8 2.470 
#8 2.470 note: This is an issue with the package mentioned above, not pip.
#8 2.470 hint: See above for details.
#8 2.606 
#8 2.606 [notice] A new release of pip is available: 24.0 -> 25.3
#8 2.606 [notice] To update, run: pip install --upgrade pip
#8 ERROR: process "pip install http" did not complete successfully: exit code: 1
------
 > [ 4/43] RUN ["pip","install","http"]:
2.470 error: metadata-generation-failed
2.470 
2.470 × Encountered error while generating package metadata.
2.470 ╰─> See above for output.
2.470 
2.470 note: This is an issue with the package mentioned above, not pip.
2.470 hint: See above for details.
2.606 
2.606 [notice] A new release of pip is available: 24.0 -> 25.3
2.606 [notice] To update, run: pip install --upgrade pip
------
Dockerfile:4
--------------------
   2 |     COPY hard-gists/5478382/snippet.py /snippet.py
   3 |     RUN ["apt-get","update"]
   4 | >>> RUN ["pip","install","http"]
   5 |     RUN ["pip","install","backports.functools-lru-cache"]
   6 |     RUN ["pip","install","backports.ssl"]
--------------------
ERROR: failed to build: failed to solve: process "pip install http" did not complete successfully: exit code: 1

View build details: docker-desktop://dashboard/build/default/default/iqx5uyx8rms60c3v3wx6w7vw7
[2025-10-29 15:43:14] ERROR: Build failed for 5478382
