=== Docker Build Log for 764746 ===
Started at: Mi 29. Okt 17:14:11 CET 2025

[2025-10-29 17:14:11] START: Building image for 764746
#0 building with "default" instance using docker driver

#1 [internal] load build definition from Dockerfile
#1 transferring dockerfile: 131B done
#1 DONE 0.0s

#2 [internal] load metadata for docker.io/library/python:3.11
#2 DONE 0.0s

#3 [internal] load .dockerignore
#3 transferring context: 2B done
#3 DONE 0.0s

#4 [1/2] FROM docker.io/library/python:3.11
#4 DONE 0.0s

#5 [internal] load build context
#5 transferring context: 944B 0.0s done
#5 DONE 0.0s

#4 [1/2] FROM docker.io/library/python:3.11
#4 CACHED

#6 [2/2] COPY hard-gists/764746/snippet.py /snippet.py
#6 DONE 0.1s

#7 exporting to image
#7 exporting layers 0.1s done
#7 writing image sha256:ae52641c7b55461a0e28678ad4904edaf4613ea4b4d59a4df42623ea68e9d7ff done
#7 naming to docker.io/library/test-image-764746 0.0s done
#7 DONE 0.1s

View build details: docker-desktop://dashboard/build/default/default/4eaoahi922j12o8i6z99iap51
[2025-10-29 17:14:11] SUCCESS: Build completed for 764746
