=== Docker Build Log for b0a882f844e188c78358 ===
Started at: Mi 29. Okt 19:23:29 CET 2025

[2025-10-29 19:23:29] START: Building image for b0a882f844e188c78358
#0 building with "default" instance using docker driver

#1 [internal] load build definition from Dockerfile
#1 transferring dockerfile: 145B done
#1 DONE 0.0s

#2 [internal] load metadata for docker.io/library/python:3.11
#2 DONE 0.0s

#3 [internal] load .dockerignore
#3 transferring context: 2B done
#3 DONE 0.0s

#4 [internal] load build context
#4 transferring context: 201.01kB 0.0s done
#4 DONE 0.0s

#5 [1/2] FROM docker.io/library/python:3.11
#5 CACHED

#6 [2/2] COPY hard-gists/b0a882f844e188c78358/snippet.py /snippet.py
#6 DONE 0.1s

#7 exporting to image
#7 exporting layers 0.0s done
#7 writing image sha256:d3da544fd4aaa15324aa1cafa8ef6fd1fdb9289c875601275b7be624c2e2fb69 done
#7 naming to docker.io/library/test-image-b0a882f844e188c78358 done
#7 DONE 0.1s

View build details: docker-desktop://dashboard/build/default/default/xom4mpgu8vxifhzm32a9izvjp
[2025-10-29 19:23:30] SUCCESS: Build completed for b0a882f844e188c78358
