=== Docker Build Log for 6536381 ===
Started at: Mi 29. Okt 16:34:58 CET 2025

[2025-10-29 16:34:58] START: Building image for 6536381
#0 building with "default" instance using docker driver

#1 [internal] load build definition from Dockerfile
#1 transferring dockerfile: 240B done
#1 DONE 0.0s

#2 [internal] load metadata for docker.io/library/python:3.11
#2 DONE 0.0s

#3 [internal] load .dockerignore
#3 transferring context: 2B done
#3 DONE 0.0s

#4 [internal] load build context
#4 transferring context: 4.57kB 0.0s done
#4 DONE 0.0s

#5 [1/5] FROM docker.io/library/python:3.11
#5 CACHED

#6 [2/5] COPY hard-gists/6536381/snippet.py /snippet.py
#6 DONE 0.1s

#7 [3/5] RUN ["pip","install","dj.choices"]
#7 2.045 Collecting dj.choices
#7 2.083   Downloading dj.choices-0.11.0.tar.gz (28 kB)
#7 2.101   Preparing metadata (setup.py): started
#7 2.529   Preparing metadata (setup.py): finished with status 'done'
#7 2.662 Collecting django (from dj.choices)
#7 2.670   Downloading django-5.2.7-py3-none-any.whl.metadata (4.1 kB)
#7 2.711 Collecting six (from dj.choices)
#7 2.719   Downloading six-1.17.0-py2.py3-none-any.whl.metadata (1.7 kB)
#7 2.770 Collecting asgiref>=3.8.1 (from django->dj.choices)
#7 2.779   Downloading asgiref-3.10.0-py3-none-any.whl.metadata (9.3 kB)
#7 2.822 Collecting sqlparse>=0.3.1 (from django->dj.choices)
#7 2.833   Downloading sqlparse-0.5.3-py3-none-any.whl.metadata (3.9 kB)
#7 2.861 Downloading django-5.2.7-py3-none-any.whl (8.3 MB)
#7 3.198    ━━━━━━━━━━━━━━━━━━━━━━━━━━━━━━━━━━━━━━━━ 8.3/8.3 MB 24.8 MB/s eta 0:00:00
#7 3.207 Downloading six-1.17.0-py2.py3-none-any.whl (11 kB)
#7 3.227 Downloading asgiref-3.10.0-py3-none-any.whl (24 kB)
#7 3.244 Downloading sqlparse-0.5.3-py3-none-any.whl (44 kB)
#7 3.256    ━━━━━━━━━━━━━━━━━━━━━━━━━━━━━━━━━━━━━━━━ 44.4/44.4 kB 3.5 MB/s eta 0:00:00
#7 3.299 Building wheels for collected packages: dj.choices
#7 3.299   Building wheel for dj.choices (setup.py): started
#7 3.495   Building wheel for dj.choices (setup.py): finished with status 'done'
#7 3.495   Created wheel for dj.choices: filename=dj_choices-0.11.0-py3-none-any.whl size=28716 sha256=edfbc7bec31c2ba86fb49e325c2fd72497bb8c80116bb4a40fbcb42aa7df1903
#7 3.496   Stored in directory: /root/.cache/pip/wheels/97/38/bd/4ca089ff8ffdead6a07e7af033d36d74a01ab7a37e70797942
#7 3.498 Successfully built dj.choices
#7 3.554 Installing collected packages: sqlparse, six, asgiref, django, dj.choices
#7 5.296 Successfully installed asgiref-3.10.0 dj.choices-0.11.0 django-5.2.7 six-1.17.0 sqlparse-0.5.3
#7 5.296 WARNING: Running pip as the 'root' user can result in broken permissions and conflicting behaviour with the system package manager. It is recommended to use a virtual environment instead: https://pip.pypa.io/warnings/venv
#7 5.395 
#7 5.395 [notice] A new release of pip is available: 24.0 -> 25.3
#7 5.395 [notice] To update, run: pip install --upgrade pip
#7 DONE 6.0s

#8 [4/5] RUN ["pip","install","Django"]
#8 0.573 Requirement already satisfied: Django in /usr/local/lib/python3.11/site-packages (5.2.7)
#8 0.577 Requirement already satisfied: asgiref>=3.8.1 in /usr/local/lib/python3.11/site-packages (from Django) (3.10.0)
#8 0.578 Requirement already satisfied: sqlparse>=0.3.1 in /usr/local/lib/python3.11/site-packages (from Django) (0.5.3)
#8 0.630 WARNING: Running pip as the 'root' user can result in broken permissions and conflicting behaviour with the system package manager. It is recommended to use a virtual environment instead: https://pip.pypa.io/warnings/venv
#8 0.636 
#8 0.636 [notice] A new release of pip is available: 24.0 -> 25.3
#8 0.636 [notice] To update, run: pip install --upgrade pip
#8 DONE 0.7s

#9 [5/5] RUN ["pip","install","django-tastypie"]
#9 0.606 Collecting django-tastypie
#9 0.650   Downloading django_tastypie-0.15.1.tar.gz (156 kB)
#9 0.699      ━━━━━━━━━━━━━━━━━━━━━━━━━━━━━━━━━━━━━━━ 156.6/156.6 kB 3.1 MB/s eta 0:00:00
#9 0.731   Preparing metadata (setup.py): started
#9 0.916   Preparing metadata (setup.py): finished with status 'done'
#9 0.947 Collecting python-mimeparse!=1.5,>=0.1.4 (from django-tastypie)
#9 0.955   Downloading python_mimeparse-2.0.0-py3-none-any.whl.metadata (3.1 kB)
#9 1.009 Collecting python-dateutil>=2.1 (from django-tastypie)
#9 1.017   Downloading python_dateutil-2.9.0.post0-py2.py3-none-any.whl.metadata (8.4 kB)
#9 1.030 Requirement already satisfied: six>=1.5 in /usr/local/lib/python3.11/site-packages (from python-dateutil>=2.1->django-tastypie) (1.17.0)
#9 1.042 Downloading python_dateutil-2.9.0.post0-py2.py3-none-any.whl (229 kB)
#9 1.067    ━━━━━━━━━━━━━━━━━━━━━━━━━━━━━━━━━━━━━━━━ 229.9/229.9 kB 9.6 MB/s eta 0:00:00
#9 1.076 Downloading python_mimeparse-2.0.0-py3-none-any.whl (5.6 kB)
#9 1.094 Building wheels for collected packages: django-tastypie
#9 1.099   Building wheel for django-tastypie (setup.py): started
#9 1.291   Building wheel for django-tastypie (setup.py): finished with status 'done'
#9 1.292   Created wheel for django-tastypie: filename=django_tastypie-0.15.1-py2.py3-none-any.whl size=79676 sha256=47a06142a0a0c177b3f796a69c8bda2576525d7cf9bbcd3ec2c00325158f632a
#9 1.292   Stored in directory: /root/.cache/pip/wheels/3c/1f/44/eb4cf3a12ae17b4b6dd6d6f90d5a0b76be52f951aad86aa27a
#9 1.294 Successfully built django-tastypie
#9 1.342 Installing collected packages: python-mimeparse, python-dateutil, django-tastypie
#9 1.462 Successfully installed django-tastypie-0.15.1 python-dateutil-2.9.0.post0 python-mimeparse-2.0.0
#9 1.463 WARNING: Running pip as the 'root' user can result in broken permissions and conflicting behaviour with the system package manager. It is recommended to use a virtual environment instead: https://pip.pypa.io/warnings/venv
#9 1.468 
#9 1.468 [notice] A new release of pip is available: 24.0 -> 25.3
#9 1.468 [notice] To update, run: pip install --upgrade pip
#9 DONE 1.6s

#10 exporting to image
#10 exporting layers
#10 exporting layers 0.7s done
#10 writing image sha256:d925df844222b31ddef9a6008718821896d901781a64964336ee1c7b81505715 done
#10 naming to docker.io/library/test-image-6536381 done
#10 DONE 0.8s

View build details: docker-desktop://dashboard/build/default/default/t8mt1wz00sdm39rivw0yzhor4
[2025-10-29 16:35:08] SUCCESS: Build completed for 6536381
