=== Docker Build Log for 1473120 ===
Started at: Mi 29. Okt 12:15:15 CET 2025

[2025-10-29 12:15:15] START: Building image for 1473120
#0 building with "default" instance using docker driver

#1 [internal] load build definition from Dockerfile
#1 transferring dockerfile: 237B done
#1 DONE 0.0s

#2 [internal] load metadata for docker.io/library/python:3.11
#2 DONE 0.0s

#3 [internal] load .dockerignore
#3 transferring context: 2B done
#3 DONE 0.0s

#4 [internal] load build context
#4 transferring context: 491B 0.0s done
#4 DONE 0.0s

#5 [1/5] FROM docker.io/library/python:3.11
#5 CACHED

#6 [2/5] COPY hard-gists/1473120/snippet.py /snippet.py
#6 DONE 0.1s

#7 [3/5] RUN ["pip","install","dj.choices"]
#7 2.962 Collecting dj.choices
#7 3.000   Downloading dj.choices-0.11.0.tar.gz (28 kB)
#7 3.019   Preparing metadata (setup.py): started
#7 3.482   Preparing metadata (setup.py): finished with status 'done'
#7 3.631 Collecting django (from dj.choices)
#7 3.641   Downloading django-5.2.7-py3-none-any.whl.metadata (4.1 kB)
#7 3.685 Collecting six (from dj.choices)
#7 3.693   Downloading six-1.17.0-py2.py3-none-any.whl.metadata (1.7 kB)
#7 3.737 Collecting asgiref>=3.8.1 (from django->dj.choices)
#7 3.745   Downloading asgiref-3.10.0-py3-none-any.whl.metadata (9.3 kB)
#7 3.783 Collecting sqlparse>=0.3.1 (from django->dj.choices)
#7 3.791   Downloading sqlparse-0.5.3-py3-none-any.whl.metadata (3.9 kB)
#7 3.817 Downloading django-5.2.7-py3-none-any.whl (8.3 MB)
#7 4.139    ━━━━━━━━━━━━━━━━━━━━━━━━━━━━━━━━━━━━━━━━ 8.3/8.3 MB 25.9 MB/s eta 0:00:00
#7 4.148 Downloading six-1.17.0-py2.py3-none-any.whl (11 kB)
#7 4.166 Downloading asgiref-3.10.0-py3-none-any.whl (24 kB)
#7 4.185 Downloading sqlparse-0.5.3-py3-none-any.whl (44 kB)
#7 4.196    ━━━━━━━━━━━━━━━━━━━━━━━━━━━━━━━━━━━━━━━━ 44.4/44.4 kB 3.7 MB/s eta 0:00:00
#7 4.232 Building wheels for collected packages: dj.choices
#7 4.232   Building wheel for dj.choices (setup.py): started
#7 4.407   Building wheel for dj.choices (setup.py): finished with status 'done'
#7 4.407   Created wheel for dj.choices: filename=dj_choices-0.11.0-py3-none-any.whl size=28716 sha256=8eb6896c0317d9e0ab41f8f0510159c839d930e9cfa4428c5ef39ccee496ad84
#7 4.407   Stored in directory: /root/.cache/pip/wheels/97/38/bd/4ca089ff8ffdead6a07e7af033d36d74a01ab7a37e70797942
#7 4.409 Successfully built dj.choices
#7 4.457 Installing collected packages: sqlparse, six, asgiref, django, dj.choices
#7 5.810 Successfully installed asgiref-3.10.0 dj.choices-0.11.0 django-5.2.7 six-1.17.0 sqlparse-0.5.3
#7 5.810 WARNING: Running pip as the 'root' user can result in broken permissions and conflicting behaviour with the system package manager. It is recommended to use a virtual environment instead: https://pip.pypa.io/warnings/venv
#7 5.901 
#7 5.901 [notice] A new release of pip is available: 24.0 -> 25.3
#7 5.901 [notice] To update, run: pip install --upgrade pip
#7 DONE 6.2s

#8 [4/5] RUN ["pip","install","Django"]
#8 0.446 Requirement already satisfied: Django in /usr/local/lib/python3.11/site-packages (5.2.7)
#8 0.450 Requirement already satisfied: asgiref>=3.8.1 in /usr/local/lib/python3.11/site-packages (from Django) (3.10.0)
#8 0.451 Requirement already satisfied: sqlparse>=0.3.1 in /usr/local/lib/python3.11/site-packages (from Django) (0.5.3)
#8 0.491 WARNING: Running pip as the 'root' user can result in broken permissions and conflicting behaviour with the system package manager. It is recommended to use a virtual environment instead: https://pip.pypa.io/warnings/venv
#8 0.496 
#8 0.496 [notice] A new release of pip is available: 24.0 -> 25.3
#8 0.496 [notice] To update, run: pip install --upgrade pip
#8 DONE 0.6s

#9 [5/5] RUN ["pip","install","django-utils"]
#9 0.499 Collecting django-utils
#9 0.536   Downloading django-utils-0.0.2.tar.gz (5.7 kB)
#9 0.549   Preparing metadata (setup.py): started
#9 0.664   Preparing metadata (setup.py): finished with status 'done'
#9 0.665 Building wheels for collected packages: django-utils
#9 0.670   Building wheel for django-utils (setup.py): started
#9 0.814   Building wheel for django-utils (setup.py): finished with status 'done'
#9 0.815   Created wheel for django-utils: filename=django_utils-0.0.2-py3-none-any.whl size=8130 sha256=e77030fd6de51c84eb3c9e27c26e8c2e232144efd5029ef001910d4c2d912121
#9 0.815   Stored in directory: /root/.cache/pip/wheels/91/c6/a4/bc6cb1ab53356b06422c867aa7ab14488bdc1b7de2bdcfdfc1
#9 0.816 Successfully built django-utils
#9 0.852 Installing collected packages: django-utils
#9 0.890 Successfully installed django-utils-0.0.2
#9 0.890 WARNING: Running pip as the 'root' user can result in broken permissions and conflicting behaviour with the system package manager. It is recommended to use a virtual environment instead: https://pip.pypa.io/warnings/venv
#9 0.895 
#9 0.895 [notice] A new release of pip is available: 24.0 -> 25.3
#9 0.895 [notice] To update, run: pip install --upgrade pip
#9 DONE 1.0s

#10 exporting to image
#10 exporting layers
#10 exporting layers 0.6s done
#10 writing image sha256:8e687732485671777ebaa28638f8065bb1ff8b97f3d3ce36dcb73079c7c626b1 done
#10 naming to docker.io/library/test-image-1473120 done
#10 DONE 0.6s

View build details: docker-desktop://dashboard/build/default/default/jz6tryfn6cufz3na77quaeloy
[2025-10-29 12:15:23] SUCCESS: Build completed for 1473120
