=== Docker Build Log for 492713 ===
Started at: Mi 29. Okt 15:03:35 CET 2025

[2025-10-29 15:03:35] START: Building image for 492713
#0 building with "default" instance using docker driver

#1 [internal] load build definition from Dockerfile
#1 transferring dockerfile: 351B done
#1 DONE 0.0s

#2 [internal] load metadata for docker.io/library/python:3.11
#2 DONE 0.0s

#3 [internal] load .dockerignore
#3 transferring context: 2B done
#3 DONE 0.0s

#4 [internal] load build context
#4 transferring context: 2.27kB 0.0s done
#4 DONE 0.0s

#5 [1/9] FROM docker.io/library/python:3.11
#5 CACHED

#6 [2/9] COPY hard-gists/492713/snippet.py /snippet.py
#6 DONE 0.1s

#7 [3/9] RUN ["pip","install","Flask"]
#7 1.943 Collecting Flask
#7 1.984   Downloading flask-3.1.2-py3-none-any.whl.metadata (3.2 kB)
#7 2.025 Collecting blinker>=1.9.0 (from Flask)
#7 2.033   Downloading blinker-1.9.0-py3-none-any.whl.metadata (1.6 kB)
#7 2.077 Collecting click>=8.1.3 (from Flask)
#7 2.086   Downloading click-8.3.0-py3-none-any.whl.metadata (2.6 kB)
#7 2.122 Collecting itsdangerous>=2.2.0 (from Flask)
#7 2.130   Downloading itsdangerous-2.2.0-py3-none-any.whl.metadata (1.9 kB)
#7 2.171 Collecting jinja2>=3.1.2 (from Flask)
#7 2.180   Downloading jinja2-3.1.6-py3-none-any.whl.metadata (2.9 kB)
#7 2.261 Collecting markupsafe>=2.1.1 (from Flask)
#7 2.269   Downloading markupsafe-3.0.3-cp311-cp311-manylinux2014_x86_64.manylinux_2_17_x86_64.manylinux_2_28_x86_64.whl.metadata (2.7 kB)
#7 2.323 Collecting werkzeug>=3.1.0 (from Flask)
#7 2.339   Downloading werkzeug-3.1.3-py3-none-any.whl.metadata (3.7 kB)
#7 2.366 Downloading flask-3.1.2-py3-none-any.whl (103 kB)
#7 2.397    ━━━━━━━━━━━━━━━━━━━━━━━━━━━━━━━━━━━━━━━━ 103.3/103.3 kB 3.3 MB/s eta 0:00:00
#7 2.405 Downloading blinker-1.9.0-py3-none-any.whl (8.5 kB)
#7 2.426 Downloading click-8.3.0-py3-none-any.whl (107 kB)
#7 2.441    ━━━━━━━━━━━━━━━━━━━━━━━━━━━━━━━━━━━━━━━━ 107.3/107.3 kB 7.3 MB/s eta 0:00:00
#7 2.450 Downloading itsdangerous-2.2.0-py3-none-any.whl (16 kB)
#7 2.468 Downloading jinja2-3.1.6-py3-none-any.whl (134 kB)
#7 2.482    ━━━━━━━━━━━━━━━━━━━━━━━━━━━━━━━━━━━━━━━━ 134.9/134.9 kB 10.2 MB/s eta 0:00:00
#7 2.491 Downloading markupsafe-3.0.3-cp311-cp311-manylinux2014_x86_64.manylinux_2_17_x86_64.manylinux_2_28_x86_64.whl (22 kB)
#7 2.511 Downloading werkzeug-3.1.3-py3-none-any.whl (224 kB)
#7 2.527    ━━━━━━━━━━━━━━━━━━━━━━━━━━━━━━━━━━━━━━━━ 224.5/224.5 kB 14.7 MB/s eta 0:00:00
#7 2.572 Installing collected packages: markupsafe, itsdangerous, click, blinker, werkzeug, jinja2, Flask
#7 2.880 Successfully installed Flask-3.1.2 blinker-1.9.0 click-8.3.0 itsdangerous-2.2.0 jinja2-3.1.6 markupsafe-3.0.3 werkzeug-3.1.3
#7 2.880 WARNING: Running pip as the 'root' user can result in broken permissions and conflicting behaviour with the system package manager. It is recommended to use a virtual environment instead: https://pip.pypa.io/warnings/venv
#7 2.970 
#7 2.970 [notice] A new release of pip is available: 24.0 -> 25.3
#7 2.970 [notice] To update, run: pip install --upgrade pip
#7 DONE 3.2s

#8 [4/9] RUN ["pip","install","six"]
#8 0.534 Collecting six
#8 0.566   Downloading six-1.17.0-py2.py3-none-any.whl.metadata (1.7 kB)
#8 0.591 Downloading six-1.17.0-py2.py3-none-any.whl (11 kB)
#8 0.646 Installing collected packages: six
#8 0.684 Successfully installed six-1.17.0
#8 0.685 WARNING: Running pip as the 'root' user can result in broken permissions and conflicting behaviour with the system package manager. It is recommended to use a virtual environment instead: https://pip.pypa.io/warnings/venv
#8 0.690 
#8 0.690 [notice] A new release of pip is available: 24.0 -> 25.3
#8 0.690 [notice] To update, run: pip install --upgrade pip
#8 DONE 0.8s

#9 [5/9] RUN ["pip","install","pytest"]
#9 0.626 Collecting pytest
#9 0.657   Downloading pytest-8.4.2-py3-none-any.whl.metadata (7.7 kB)
#9 0.706 Collecting iniconfig>=1 (from pytest)
#9 0.714   Downloading iniconfig-2.3.0-py3-none-any.whl.metadata (2.5 kB)
#9 0.771 Collecting packaging>=20 (from pytest)
#9 0.780   Downloading packaging-25.0-py3-none-any.whl.metadata (3.3 kB)
#9 0.835 Collecting pluggy<2,>=1.5 (from pytest)
#9 0.844   Downloading pluggy-1.6.0-py3-none-any.whl.metadata (4.8 kB)
#9 0.906 Collecting pygments>=2.7.2 (from pytest)
#9 0.914   Downloading pygments-2.19.2-py3-none-any.whl.metadata (2.5 kB)
#9 0.947 Downloading pytest-8.4.2-py3-none-any.whl (365 kB)
#9 0.993    ━━━━━━━━━━━━━━━━━━━━━━━━━━━━━━━━━━━━━━━━ 365.8/365.8 kB 8.1 MB/s eta 0:00:00
#9 1.002 Downloading iniconfig-2.3.0-py3-none-any.whl (7.5 kB)
#9 1.019 Downloading packaging-25.0-py3-none-any.whl (66 kB)
#9 1.034    ━━━━━━━━━━━━━━━━━━━━━━━━━━━━━━━━━━━━━━━━ 66.5/66.5 kB 4.7 MB/s eta 0:00:00
#9 1.042 Downloading pluggy-1.6.0-py3-none-any.whl (20 kB)
#9 1.063 Downloading pygments-2.19.2-py3-none-any.whl (1.2 MB)
#9 1.136    ━━━━━━━━━━━━━━━━━━━━━━━━━━━━━━━━━━━━━━━━ 1.2/1.2 MB 17.1 MB/s eta 0:00:00
#9 1.194 Installing collected packages: pygments, pluggy, packaging, iniconfig, pytest
#9 1.982 Successfully installed iniconfig-2.3.0 packaging-25.0 pluggy-1.6.0 pygments-2.19.2 pytest-8.4.2
#9 1.983 WARNING: Running pip as the 'root' user can result in broken permissions and conflicting behaviour with the system package manager. It is recommended to use a virtual environment instead: https://pip.pypa.io/warnings/venv
#9 1.988 
#9 1.988 [notice] A new release of pip is available: 24.0 -> 25.3
#9 1.988 [notice] To update, run: pip install --upgrade pip
#9 DONE 2.2s

#10 [6/9] RUN ["pip","install","py"]
#10 0.585 Collecting py
#10 0.624   Downloading py-1.11.0-py2.py3-none-any.whl.metadata (2.8 kB)
#10 0.654 Downloading py-1.11.0-py2.py3-none-any.whl (98 kB)
#10 0.695    ━━━━━━━━━━━━━━━━━━━━━━━━━━━━━━━━━━━━━━━━ 98.7/98.7 kB 2.3 MB/s eta 0:00:00
#10 0.746 Installing collected packages: py
#10 0.836 Successfully installed py-1.11.0
#10 0.836 WARNING: Running pip as the 'root' user can result in broken permissions and conflicting behaviour with the system package manager. It is recommended to use a virtual environment instead: https://pip.pypa.io/warnings/venv
#10 0.841 
#10 0.841 [notice] A new release of pip is available: 24.0 -> 25.3
#10 0.841 [notice] To update, run: pip install --upgrade pip
#10 DONE 0.9s

#11 [7/9] RUN ["pip","install","itsdangerous"]
#11 0.489 Requirement already satisfied: itsdangerous in /usr/local/lib/python3.11/site-packages (2.2.0)
#11 0.540 WARNING: Running pip as the 'root' user can result in broken permissions and conflicting behaviour with the system package manager. It is recommended to use a virtual environment instead: https://pip.pypa.io/warnings/venv
#11 0.545 
#11 0.545 [notice] A new release of pip is available: 24.0 -> 25.3
#11 0.545 [notice] To update, run: pip install --upgrade pip
#11 DONE 0.6s

#12 [8/9] RUN ["pip","install","Werkzeug"]
#12 0.467 Requirement already satisfied: Werkzeug in /usr/local/lib/python3.11/site-packages (3.1.3)
#12 0.469 Requirement already satisfied: MarkupSafe>=2.1.1 in /usr/local/lib/python3.11/site-packages (from Werkzeug) (3.0.3)
#12 0.516 WARNING: Running pip as the 'root' user can result in broken permissions and conflicting behaviour with the system package manager. It is recommended to use a virtual environment instead: https://pip.pypa.io/warnings/venv
#12 0.521 
#12 0.521 [notice] A new release of pip is available: 24.0 -> 25.3
#12 0.521 [notice] To update, run: pip install --upgrade pip
#12 DONE 0.6s

#13 [9/9] RUN ["pip","install","pymongo"]
#13 0.849 Collecting pymongo
#13 0.884   Downloading pymongo-4.15.3-cp311-cp311-manylinux2014_x86_64.manylinux_2_17_x86_64.manylinux_2_28_x86_64.whl.metadata (22 kB)
#13 0.960 Collecting dnspython<3.0.0,>=1.16.0 (from pymongo)
#13 0.968   Downloading dnspython-2.8.0-py3-none-any.whl.metadata (5.7 kB)
#13 1.010 Downloading pymongo-4.15.3-cp311-cp311-manylinux2014_x86_64.manylinux_2_17_x86_64.manylinux_2_28_x86_64.whl (1.5 MB)
#13 1.088    ━━━━━━━━━━━━━━━━━━━━━━━━━━━━━━━━━━━━━━━━ 1.5/1.5 MB 19.3 MB/s eta 0:00:00
#13 1.097 Downloading dnspython-2.8.0-py3-none-any.whl (331 kB)
#13 1.121    ━━━━━━━━━━━━━━━━━━━━━━━━━━━━━━━━━━━━━━━━ 331.1/331.1 kB 14.8 MB/s eta 0:00:00
#13 1.217 Installing collected packages: dnspython, pymongo
#13 1.681 Successfully installed dnspython-2.8.0 pymongo-4.15.3
#13 1.681 WARNING: Running pip as the 'root' user can result in broken permissions and conflicting behaviour with the system package manager. It is recommended to use a virtual environment instead: https://pip.pypa.io/warnings/venv
#13 1.687 
#13 1.687 [notice] A new release of pip is available: 24.0 -> 25.3
#13 1.687 [notice] To update, run: pip install --upgrade pip
#13 DONE 1.9s

#14 exporting to image
#14 exporting layers
#14 exporting layers 0.4s done
#14 writing image sha256:44bff18f8a974f817f71ee4729518839ac96cb2e4304849704d49e59e3a3ca72 done
#14 naming to docker.io/library/test-image-492713 done
#14 DONE 0.4s

View build details: docker-desktop://dashboard/build/default/default/thn93o0gu226t9pqyk90s6fix
[2025-10-29 15:03:46] SUCCESS: Build completed for 492713
