=== Docker Build Log for fb9d710bd20579771b40 ===
Started at: Mi 29. Okt 21:39:18 CET 2025

[2025-10-29 21:39:18] START: Building image for fb9d710bd20579771b40
#0 building with "default" instance using docker driver

#1 [internal] load build definition from Dockerfile
#1 transferring dockerfile: 175B done
#1 DONE 0.0s

#2 [internal] load metadata for docker.io/library/python:3.11
#2 DONE 0.0s

#3 [internal] load .dockerignore
#3 transferring context: 2B done
#3 DONE 0.0s

#4 [internal] load build context
#4 transferring context: 1.08kB 0.0s done
#4 DONE 0.0s

#5 [1/3] FROM docker.io/library/python:3.11
#5 CACHED

#6 [2/3] COPY hard-gists/fb9d710bd20579771b40/snippet.py /snippet.py
#6 DONE 0.1s

#7 [3/3] RUN ["pip","install","bpy"]
#7 2.050 Collecting bpy
#7 2.101   Downloading bpy-4.5.4-cp311-cp311-manylinux_2_28_x86_64.whl.metadata (2.0 kB)
#7 2.354 Collecting cython (from bpy)
#7 2.366   Downloading cython-3.1.6-cp311-cp311-manylinux2014_x86_64.manylinux_2_17_x86_64.manylinux_2_28_x86_64.whl.metadata (4.0 kB)
#7 2.589 Collecting numpy<2.0,>=1.26 (from bpy)
#7 2.602   Downloading numpy-1.26.4-cp311-cp311-manylinux_2_17_x86_64.manylinux2014_x86_64.whl.metadata (61 kB)
#7 2.627      ━━━━━━━━━━━━━━━━━━━━━━━━━━━━━━━━━━━━━━━━ 61.0/61.0 kB 2.3 MB/s eta 0:00:00
#7 2.683 Collecting requests (from bpy)
#7 2.692   Downloading requests-2.32.5-py3-none-any.whl.metadata (4.9 kB)
#7 2.794 Collecting zstandard (from bpy)
#7 2.804   Downloading zstandard-0.25.0-cp311-cp311-manylinux2014_x86_64.manylinux_2_17_x86_64.whl.metadata (3.3 kB)
#7 2.925 Collecting charset_normalizer<4,>=2 (from requests->bpy)
#7 2.934   Downloading charset_normalizer-3.4.4-cp311-cp311-manylinux2014_x86_64.manylinux_2_17_x86_64.manylinux_2_28_x86_64.whl.metadata (37 kB)
#7 2.984 Collecting idna<4,>=2.5 (from requests->bpy)
#7 2.993   Downloading idna-3.11-py3-none-any.whl.metadata (8.4 kB)
#7 3.063 Collecting urllib3<3,>=1.21.1 (from requests->bpy)
#7 3.072   Downloading urllib3-2.5.0-py3-none-any.whl.metadata (6.5 kB)
#7 3.132 Collecting certifi>=2017.4.17 (from requests->bpy)
#7 3.140   Downloading certifi-2025.10.5-py3-none-any.whl.metadata (2.5 kB)
#7 3.174 Downloading bpy-4.5.4-cp311-cp311-manylinux_2_28_x86_64.whl (373.0 MB)
#7 28.17    ━━━━━━━━━━━━━━━━━━━━━━━━━━━━━━━━━━━━━━━━ 373.0/373.0 MB 2.9 MB/s eta 0:00:00
#7 28.18 Downloading numpy-1.26.4-cp311-cp311-manylinux_2_17_x86_64.manylinux2014_x86_64.whl (18.3 MB)
#7 29.39    ━━━━━━━━━━━━━━━━━━━━━━━━━━━━━━━━━━━━━━━━ 18.3/18.3 MB 14.2 MB/s eta 0:00:00
#7 29.40 Downloading cython-3.1.6-cp311-cp311-manylinux2014_x86_64.manylinux_2_17_x86_64.manylinux_2_28_x86_64.whl (3.3 MB)
#7 29.62    ━━━━━━━━━━━━━━━━━━━━━━━━━━━━━━━━━━━━━━━━ 3.3/3.3 MB 15.2 MB/s eta 0:00:00
#7 29.63 Downloading requests-2.32.5-py3-none-any.whl (64 kB)
#7 29.64    ━━━━━━━━━━━━━━━━━━━━━━━━━━━━━━━━━━━━━━━━ 64.7/64.7 kB 4.3 MB/s eta 0:00:00
#7 29.65 Downloading zstandard-0.25.0-cp311-cp311-manylinux2014_x86_64.manylinux_2_17_x86_64.whl (5.6 MB)
#7 30.04    ━━━━━━━━━━━━━━━━━━━━━━━━━━━━━━━━━━━━━━━━ 5.6/5.6 MB 14.3 MB/s eta 0:00:00
#7 30.06 Downloading certifi-2025.10.5-py3-none-any.whl (163 kB)
#7 30.07    ━━━━━━━━━━━━━━━━━━━━━━━━━━━━━━━━━━━━━━━━ 163.3/163.3 kB 9.1 MB/s eta 0:00:00
#7 30.08 Downloading charset_normalizer-3.4.4-cp311-cp311-manylinux2014_x86_64.manylinux_2_17_x86_64.manylinux_2_28_x86_64.whl (151 kB)
#7 30.10    ━━━━━━━━━━━━━━━━━━━━━━━━━━━━━━━━━━━━━━━━ 151.6/151.6 kB 8.5 MB/s eta 0:00:00
#7 30.11 Downloading idna-3.11-py3-none-any.whl (71 kB)
#7 30.12    ━━━━━━━━━━━━━━━━━━━━━━━━━━━━━━━━━━━━━━━━ 71.0/71.0 kB 4.8 MB/s eta 0:00:00
#7 30.13 Downloading urllib3-2.5.0-py3-none-any.whl (129 kB)
#7 30.15    ━━━━━━━━━━━━━━━━━━━━━━━━━━━━━━━━━━━━━━━━ 129.8/129.8 kB 7.8 MB/s eta 0:00:00
#7 31.03 Installing collected packages: zstandard, urllib3, numpy, idna, cython, charset_normalizer, certifi, requests, bpy
#7 36.78 Successfully installed bpy-4.5.4 certifi-2025.10.5 charset_normalizer-3.4.4 cython-3.1.6 idna-3.11 numpy-1.26.4 requests-2.32.5 urllib3-2.5.0 zstandard-0.25.0
#7 36.78 WARNING: Running pip as the 'root' user can result in broken permissions and conflicting behaviour with the system package manager. It is recommended to use a virtual environment instead: https://pip.pypa.io/warnings/venv
#7 36.88 
#7 36.88 [notice] A new release of pip is available: 24.0 -> 25.3
#7 36.88 [notice] To update, run: pip install --upgrade pip
#7 DONE 44.1s

#8 exporting to image
#8 exporting layers
#8 exporting layers 4.0s done
#8 writing image sha256:56f858de23441c3740ce1f0faff8e633d7880424f197e94f5044c878210865c9 done
#8 naming to docker.io/library/test-image-fb9d710bd20579771b40 done
#8 DONE 4.0s

View build details: docker-desktop://dashboard/build/default/default/2kpk50b84cpx5ceo62kyow3e7
[2025-10-29 21:40:06] SUCCESS: Build completed for fb9d710bd20579771b40
