=== Docker Build Log for 1108817 ===
Started at: Mi 29. Okt 11:51:39 CET 2025

[2025-10-29 11:51:39] START: Building image for 1108817
#0 building with "default" instance using docker driver

#1 [internal] load build definition from Dockerfile
#1 transferring dockerfile: 229B done
#1 DONE 0.0s

#2 [internal] load metadata for docker.io/library/python:3.11
#2 DONE 0.0s

#3 [internal] load .dockerignore
#3 transferring context: 2B done
#3 DONE 0.0s

#4 [internal] load build context
#4 transferring context: 1.36kB 0.0s done
#4 DONE 0.0s

#5 [1/5] FROM docker.io/library/python:3.11
#5 CACHED

#6 [2/5] COPY hard-gists/1108817/snippet.py /snippet.py
#6 DONE 0.1s

#7 [3/5] RUN ["pip","install","dj.choices"]
#7 1.981 Collecting dj.choices
#7 2.019   Downloading dj.choices-0.11.0.tar.gz (28 kB)
#7 2.036   Preparing metadata (setup.py): started
#7 2.416   Preparing metadata (setup.py): finished with status 'done'
#7 2.522 Collecting django (from dj.choices)
#7 2.531   Downloading django-5.2.7-py3-none-any.whl.metadata (4.1 kB)
#7 2.568 Collecting six (from dj.choices)
#7 2.576   Downloading six-1.17.0-py2.py3-none-any.whl.metadata (1.7 kB)
#7 2.624 Collecting asgiref>=3.8.1 (from django->dj.choices)
#7 2.633   Downloading asgiref-3.10.0-py3-none-any.whl.metadata (9.3 kB)
#7 2.672 Collecting sqlparse>=0.3.1 (from django->dj.choices)
#7 2.680   Downloading sqlparse-0.5.3-py3-none-any.whl.metadata (3.9 kB)
#7 2.710 Downloading django-5.2.7-py3-none-any.whl (8.3 MB)
#7 3.035    ━━━━━━━━━━━━━━━━━━━━━━━━━━━━━━━━━━━━━━━━ 8.3/8.3 MB 25.7 MB/s eta 0:00:00
#7 3.043 Downloading six-1.17.0-py2.py3-none-any.whl (11 kB)
#7 3.062 Downloading asgiref-3.10.0-py3-none-any.whl (24 kB)
#7 3.080 Downloading sqlparse-0.5.3-py3-none-any.whl (44 kB)
#7 3.092    ━━━━━━━━━━━━━━━━━━━━━━━━━━━━━━━━━━━━━━━━ 44.4/44.4 kB 3.6 MB/s eta 0:00:00
#7 3.129 Building wheels for collected packages: dj.choices
#7 3.130   Building wheel for dj.choices (setup.py): started
#7 3.307   Building wheel for dj.choices (setup.py): finished with status 'done'
#7 3.308   Created wheel for dj.choices: filename=dj_choices-0.11.0-py3-none-any.whl size=28716 sha256=31dcd085382b550eab15b57b28307468a6c16cf42a1716d71968f3be31891402
#7 3.308   Stored in directory: /root/.cache/pip/wheels/97/38/bd/4ca089ff8ffdead6a07e7af033d36d74a01ab7a37e70797942
#7 3.310 Successfully built dj.choices
#7 3.357 Installing collected packages: sqlparse, six, asgiref, django, dj.choices
#7 4.855 Successfully installed asgiref-3.10.0 dj.choices-0.11.0 django-5.2.7 six-1.17.0 sqlparse-0.5.3
#7 4.856 WARNING: Running pip as the 'root' user can result in broken permissions and conflicting behaviour with the system package manager. It is recommended to use a virtual environment instead: https://pip.pypa.io/warnings/venv
#7 4.954 
#7 4.954 [notice] A new release of pip is available: 24.0 -> 25.3
#7 4.954 [notice] To update, run: pip install --upgrade pip
#7 DONE 5.3s

#8 [4/5] RUN ["pip","install","Django"]
#8 0.477 Requirement already satisfied: Django in /usr/local/lib/python3.11/site-packages (5.2.7)
#8 0.480 Requirement already satisfied: asgiref>=3.8.1 in /usr/local/lib/python3.11/site-packages (from Django) (3.10.0)
#8 0.481 Requirement already satisfied: sqlparse>=0.3.1 in /usr/local/lib/python3.11/site-packages (from Django) (0.5.3)
#8 0.524 WARNING: Running pip as the 'root' user can result in broken permissions and conflicting behaviour with the system package manager. It is recommended to use a virtual environment instead: https://pip.pypa.io/warnings/venv
#8 0.530 
#8 0.530 [notice] A new release of pip is available: 24.0 -> 25.3
#8 0.530 [notice] To update, run: pip install --upgrade pip
#8 DONE 0.6s

#9 [5/5] RUN ["pip","install","lxml"]
#9 0.727 Collecting lxml
#9 0.760   Downloading lxml-6.0.2-cp311-cp311-manylinux_2_26_x86_64.manylinux_2_28_x86_64.whl.metadata (3.6 kB)
#9 0.797 Downloading lxml-6.0.2-cp311-cp311-manylinux_2_26_x86_64.manylinux_2_28_x86_64.whl (5.2 MB)
#9 1.019    ━━━━━━━━━━━━━━━━━━━━━━━━━━━━━━━━━━━━━━━━ 5.2/5.2 MB 23.7 MB/s eta 0:00:00
#9 1.074 Installing collected packages: lxml
#9 1.206 Successfully installed lxml-6.0.2
#9 1.206 WARNING: Running pip as the 'root' user can result in broken permissions and conflicting behaviour with the system package manager. It is recommended to use a virtual environment instead: https://pip.pypa.io/warnings/venv
#9 1.211 
#9 1.211 [notice] A new release of pip is available: 24.0 -> 25.3
#9 1.211 [notice] To update, run: pip install --upgrade pip
#9 DONE 1.4s

#10 exporting to image
#10 exporting layers
#10 exporting layers 0.6s done
#10 writing image sha256:2c14906e40b0109ddb78fdba3e43830172ac7b73f063a2454869f33a7bd6628c done
#10 naming to docker.io/library/test-image-1108817 done
#10 DONE 0.6s

View build details: docker-desktop://dashboard/build/default/default/ptyq1q9f1tn3vmhrgq0aveyic
[2025-10-29 11:51:47] SUCCESS: Build completed for 1108817
