=== Docker Build Log for ee8c85ff0462ec6105b2 ===
Started at: Mi 29. Okt 21:03:03 CET 2025

[2025-10-29 21:03:03] START: Building image for ee8c85ff0462ec6105b2
#0 building with "default" instance using docker driver

#1 [internal] load build definition from Dockerfile
#1 transferring dockerfile: 181B done
#1 DONE 0.0s

#2 [internal] load metadata for docker.io/library/python:3.11
#2 DONE 0.0s

#3 [internal] load .dockerignore
#3 transferring context: 2B done
#3 DONE 0.0s

#4 [internal] load build context
#4 transferring context: 268B 0.0s done
#4 DONE 0.0s

#5 [1/3] FROM docker.io/library/python:3.11
#5 CACHED

#6 [2/3] COPY hard-gists/ee8c85ff0462ec6105b2/snippet.py /snippet.py
#6 DONE 0.1s

#7 [3/3] RUN ["pip","install","GitPython"]
#7 1.920 Collecting GitPython
#7 1.959   Downloading gitpython-3.1.45-py3-none-any.whl.metadata (13 kB)
#7 2.007 Collecting gitdb<5,>=4.0.1 (from GitPython)
#7 2.014   Downloading gitdb-4.0.12-py3-none-any.whl.metadata (1.2 kB)
#7 2.051 Collecting smmap<6,>=3.0.1 (from gitdb<5,>=4.0.1->GitPython)
#7 2.062   Downloading smmap-5.0.2-py3-none-any.whl.metadata (4.3 kB)
#7 2.083 Downloading gitpython-3.1.45-py3-none-any.whl (208 kB)
#7 2.131    ━━━━━━━━━━━━━━━━━━━━━━━━━━━━━━━━━━━━━━━━ 208.2/208.2 kB 4.5 MB/s eta 0:00:00
#7 2.143 Downloading gitdb-4.0.12-py3-none-any.whl (62 kB)
#7 2.159    ━━━━━━━━━━━━━━━━━━━━━━━━━━━━━━━━━━━━━━━━ 62.8/62.8 kB 3.8 MB/s eta 0:00:00
#7 2.168 Downloading smmap-5.0.2-py3-none-any.whl (24 kB)
#7 2.219 Installing collected packages: smmap, gitdb, GitPython
#7 2.342 Successfully installed GitPython-3.1.45 gitdb-4.0.12 smmap-5.0.2
#7 2.343 WARNING: Running pip as the 'root' user can result in broken permissions and conflicting behaviour with the system package manager. It is recommended to use a virtual environment instead: https://pip.pypa.io/warnings/venv
#7 2.439 
#7 2.439 [notice] A new release of pip is available: 24.0 -> 25.3
#7 2.439 [notice] To update, run: pip install --upgrade pip
#7 DONE 2.7s

#8 exporting to image
#8 exporting layers 0.1s done
#8 writing image sha256:be7967352f70fe19597a3d148de5817cc33b301e2b0f68c1d4780b667249a218 done
#8 naming to docker.io/library/test-image-ee8c85ff0462ec6105b2 done
#8 DONE 0.2s

View build details: docker-desktop://dashboard/build/default/default/vs5nrxfk8m5d3snbkpzxw54cw
[2025-10-29 21:03:06] SUCCESS: Build completed for ee8c85ff0462ec6105b2
