=== Docker Build Log for 1907f96e6e680bbeb15393d4f441b55e ===
Started at: Mi 29. Okt 12:33:49 CET 2025

[2025-10-29 12:33:49] START: Building image for 1907f96e6e680bbeb15393d4f441b55e
#0 building with "default" instance using docker driver

#1 [internal] load build definition from Dockerfile
#1 transferring dockerfile: 157B done
#1 DONE 0.0s

#2 [internal] load metadata for docker.io/library/python:3.11
#2 DONE 0.0s

#3 [internal] load .dockerignore
#3 transferring context: 2B done
#3 DONE 0.0s

#4 [internal] load build context
#4 transferring context: 13.23kB 0.0s done
#4 DONE 0.0s

#5 [1/2] FROM docker.io/library/python:3.11
#5 CACHED

#6 [2/2] COPY hard-gists/1907f96e6e680bbeb15393d4f441b55e/snippet.py /snippet.py
#6 DONE 0.1s

#7 exporting to image
#7 exporting layers 0.0s done
#7 writing image sha256:cfb15a0371b7197de7c31eeee794747676125587870154243d7588f5a56378cb done
#7 naming to docker.io/library/test-image-1907f96e6e680bbeb15393d4f441b55e done
#7 DONE 0.1s

View build details: docker-desktop://dashboard/build/default/default/ti2adoqxk7uyavbn14ygcgwsk
[2025-10-29 12:33:50] SUCCESS: Build completed for 1907f96e6e680bbeb15393d4f441b55e
