=== Docker Build Log for 7946961 ===
Started at: Mi 29. Okt 17:22:49 CET 2025

[2025-10-29 17:22:49] START: Building image for 7946961
#0 building with "default" instance using docker driver

#1 [internal] load build definition from Dockerfile
#1 transferring dockerfile: 132B done
#1 DONE 0.0s

#2 [internal] load metadata for docker.io/library/python:3.11
#2 DONE 0.0s

#3 [internal] load .dockerignore
#3 transferring context: 2B done
#3 DONE 0.0s

#4 [internal] load build context
#4 transferring context: 1.43kB 0.0s done
#4 DONE 0.0s

#5 [1/2] FROM docker.io/library/python:3.11
#5 CACHED

#6 [2/2] COPY hard-gists/7946961/snippet.py /snippet.py
#6 DONE 0.1s

#7 exporting to image
#7 exporting layers 0.0s done
#7 writing image sha256:7b38d8f79a579e8910f7dcf73d85e5e4144a7845b7b784032c2ff22390213ede done
#7 naming to docker.io/library/test-image-7946961 done
#7 DONE 0.1s

View build details: docker-desktop://dashboard/build/default/default/rzi56vj3oqlgqtkmtlxanphmi
[2025-10-29 17:22:50] SUCCESS: Build completed for 7946961
