=== Docker Build Log for e37887e81cee51ab2dc70d16780ae942 ===
Started at: Mi 29. Okt 20:41:36 CET 2025

[2025-10-29 20:41:36] START: Building image for e37887e81cee51ab2dc70d16780ae942
#0 building with "default" instance using docker driver

#1 [internal] load build definition from Dockerfile
#1 transferring dockerfile: 190B done
#1 DONE 0.0s

#2 [internal] load metadata for docker.io/library/python:3.11
#2 DONE 0.0s

#3 [internal] load .dockerignore
#3 transferring context: 2B done
#3 DONE 0.0s

#4 [internal] load build context
#4 transferring context: 1.74kB 0.0s done
#4 DONE 0.0s

#5 [1/3] FROM docker.io/library/python:3.11
#5 CACHED

#6 [2/3] COPY hard-gists/e37887e81cee51ab2dc70d16780ae942/snippet.py /snippet.py
#6 DONE 0.1s

#7 [3/3] RUN ["pip","install","blinkt"]
#7 2.049 Collecting blinkt
#7 2.186   Downloading blinkt-0.1.2-py3-none-any.whl.metadata (4.3 kB)
#7 2.327 Collecting RPi.GPIO (from blinkt)
#7 2.336   Downloading RPi.GPIO-0.7.1.tar.gz (29 kB)
#7 2.358   Preparing metadata (setup.py): started
#7 2.758   Preparing metadata (setup.py): finished with status 'done'
#7 2.869 Downloading blinkt-0.1.2-py3-none-any.whl (6.6 kB)
#7 2.885 Building wheels for collected packages: RPi.GPIO
#7 2.885   Building wheel for RPi.GPIO (setup.py): started
#7 3.785   Building wheel for RPi.GPIO (setup.py): finished with status 'done'
#7 3.786   Created wheel for RPi.GPIO: filename=rpi_gpio-0.7.1-cp311-cp311-linux_x86_64.whl size=70833 sha256=d85f78f59d2626bd365c049bdae9a9a5edcf60edf83f80b79de5d298a53abf9b
#7 3.786   Stored in directory: /root/.cache/pip/wheels/58/9a/da/bc92ced3a63320f51bfb2eb461f0408a206acdcedfa57fbfbe
#7 3.788 Successfully built RPi.GPIO
#7 3.817 Installing collected packages: RPi.GPIO, blinkt
#7 3.844 Successfully installed RPi.GPIO-0.7.1 blinkt-0.1.2
#7 3.844 WARNING: Running pip as the 'root' user can result in broken permissions and conflicting behaviour with the system package manager. It is recommended to use a virtual environment instead: https://pip.pypa.io/warnings/venv
#7 3.949 
#7 3.949 [notice] A new release of pip is available: 24.0 -> 25.3
#7 3.949 [notice] To update, run: pip install --upgrade pip
#7 DONE 4.2s

#8 exporting to image
#8 exporting layers 0.1s done
#8 writing image sha256:658bd0f12218fb4768b10ee0d86c532ad21c161880a18d484ddcb3bad3a33c14 done
#8 naming to docker.io/library/test-image-e37887e81cee51ab2dc70d16780ae942 0.0s done
#8 DONE 0.2s

View build details: docker-desktop://dashboard/build/default/default/vg67s6pno54b62enshim4wzdb
[2025-10-29 20:41:41] SUCCESS: Build completed for e37887e81cee51ab2dc70d16780ae942
