=== Docker Build Log for 4667205 ===
Started at: Mi 29. Okt 14:57:21 CET 2025

[2025-10-29 14:57:21] START: Building image for 4667205
#0 building with "default" instance using docker driver

#1 [internal] load build definition from Dockerfile
#1 transferring dockerfile: 132B done
#1 DONE 0.0s

#2 [internal] load metadata for docker.io/library/python:3.11
#2 DONE 0.0s

#3 [internal] load .dockerignore
#3 transferring context: 2B done
#3 DONE 0.0s

#4 [internal] load build context
#4 transferring context: 334B 0.0s done
#4 DONE 0.0s

#5 [1/2] FROM docker.io/library/python:3.11
#5 CACHED

#6 [2/2] COPY hard-gists/4667205/snippet.py /snippet.py
#6 DONE 0.1s

#7 exporting to image
#7 exporting layers 0.1s done
#7 writing image sha256:3cfe1c54532381f2f406787071921513f0cbf47f2b878d7ca5c3a8dad6e9dca6 done
#7 naming to docker.io/library/test-image-4667205 done
#7 DONE 0.1s

View build details: docker-desktop://dashboard/build/default/default/wrtfimvym2i6q1xz1287701gg
[2025-10-29 14:57:22] SUCCESS: Build completed for 4667205
