=== Docker Build Log for 1780878 ===
Started at: Mi 29. Okt 12:28:59 CET 2025

[2025-10-29 12:28:59] START: Building image for 1780878
#0 building with "default" instance using docker driver

#1 [internal] load build definition from Dockerfile
#1 transferring dockerfile: 132B done
#1 DONE 0.0s

#2 [internal] load metadata for docker.io/library/python:3.11
#2 DONE 0.0s

#3 [internal] load .dockerignore
#3 transferring context: 2B done
#3 DONE 0.0s

#4 [internal] load build context
#4 transferring context: 1.51kB 0.0s done
#4 DONE 0.0s

#5 [1/2] FROM docker.io/library/python:3.11
#5 CACHED

#6 [2/2] COPY hard-gists/1780878/snippet.py /snippet.py
#6 DONE 0.1s

#7 exporting to image
#7 exporting layers 0.1s done
#7 writing image sha256:ded650129837ba34b3b45db66b41d23b6c4ff31ac250c4198ff9dc3fc1f1f57f done
#7 naming to docker.io/library/test-image-1780878 done
#7 DONE 0.1s

View build details: docker-desktop://dashboard/build/default/default/6v3cvbejez9hs380jrz8lgblo
[2025-10-29 12:29:00] SUCCESS: Build completed for 1780878
