=== Docker Build Log for 8447221 ===
Started at: Mi 29. Okt 17:48:23 CET 2025

[2025-10-29 17:48:23] START: Building image for 8447221
#0 building with "default" instance using docker driver

#1 [internal] load build definition from Dockerfile
#1 transferring dockerfile: 192B done
#1 DONE 0.0s

#2 [internal] load metadata for docker.io/library/python:3.11
#2 DONE 0.0s

#3 [internal] load .dockerignore
#3 transferring context: 2B done
#3 DONE 0.0s

#4 [internal] load build context
#4 transferring context: 1.32kB 0.0s done
#4 DONE 0.0s

#5 [1/4] FROM docker.io/library/python:3.11
#5 CACHED

#6 [2/4] COPY hard-gists/8447221/snippet.py /snippet.py
#6 DONE 0.1s

#7 [3/4] RUN ["pip","install","cs"]
#7 2.009 Collecting cs
#7 2.142   Downloading cs-3.4.0-py2.py3-none-any.whl.metadata (8.7 kB)
#7 2.224 Collecting pytz (from cs)
#7 2.232   Downloading pytz-2025.2-py2.py3-none-any.whl.metadata (22 kB)
#7 2.286 Collecting requests (from cs)
#7 2.294   Downloading requests-2.32.5-py3-none-any.whl.metadata (4.9 kB)
#7 2.401 Collecting charset_normalizer<4,>=2 (from requests->cs)
#7 2.409   Downloading charset_normalizer-3.4.4-cp311-cp311-manylinux2014_x86_64.manylinux_2_17_x86_64.manylinux_2_28_x86_64.whl.metadata (37 kB)
#7 2.461 Collecting idna<4,>=2.5 (from requests->cs)
#7 2.469   Downloading idna-3.11-py3-none-any.whl.metadata (8.4 kB)
#7 2.532 Collecting urllib3<3,>=1.21.1 (from requests->cs)
#7 2.540   Downloading urllib3-2.5.0-py3-none-any.whl.metadata (6.5 kB)
#7 2.582 Collecting certifi>=2017.4.17 (from requests->cs)
#7 2.591   Downloading certifi-2025.10.5-py3-none-any.whl.metadata (2.5 kB)
#7 2.717 Downloading cs-3.4.0-py2.py3-none-any.whl (13 kB)
#7 2.746 Downloading pytz-2025.2-py2.py3-none-any.whl (509 kB)
#7 2.780    ━━━━━━━━━━━━━━━━━━━━━━━━━━━━━━━━━━━━━━━━ 509.2/509.2 kB 16.0 MB/s eta 0:00:00
#7 2.788 Downloading requests-2.32.5-py3-none-any.whl (64 kB)
#7 2.800    ━━━━━━━━━━━━━━━━━━━━━━━━━━━━━━━━━━━━━━━━ 64.7/64.7 kB 5.6 MB/s eta 0:00:00
#7 2.808 Downloading certifi-2025.10.5-py3-none-any.whl (163 kB)
#7 2.823    ━━━━━━━━━━━━━━━━━━━━━━━━━━━━━━━━━━━━━━━━ 163.3/163.3 kB 11.1 MB/s eta 0:00:00
#7 2.832 Downloading charset_normalizer-3.4.4-cp311-cp311-manylinux2014_x86_64.manylinux_2_17_x86_64.manylinux_2_28_x86_64.whl (151 kB)
#7 2.847    ━━━━━━━━━━━━━━━━━━━━━━━━━━━━━━━━━━━━━━━━ 151.6/151.6 kB 10.5 MB/s eta 0:00:00
#7 2.854 Downloading idna-3.11-py3-none-any.whl (71 kB)
#7 2.867    ━━━━━━━━━━━━━━━━━━━━━━━━━━━━━━━━━━━━━━━━ 71.0/71.0 kB 5.8 MB/s eta 0:00:00
#7 2.876 Downloading urllib3-2.5.0-py3-none-any.whl (129 kB)
#7 2.889    ━━━━━━━━━━━━━━━━━━━━━━━━━━━━━━━━━━━━━━━━ 129.8/129.8 kB 10.0 MB/s eta 0:00:00
#7 2.958 Installing collected packages: pytz, urllib3, idna, charset_normalizer, certifi, requests, cs
#7 3.289 Successfully installed certifi-2025.10.5 charset_normalizer-3.4.4 cs-3.4.0 idna-3.11 pytz-2025.2 requests-2.32.5 urllib3-2.5.0
#7 3.289 WARNING: Running pip as the 'root' user can result in broken permissions and conflicting behaviour with the system package manager. It is recommended to use a virtual environment instead: https://pip.pypa.io/warnings/venv
#7 3.380 
#7 3.380 [notice] A new release of pip is available: 24.0 -> 25.3
#7 3.380 [notice] To update, run: pip install --upgrade pip
#7 DONE 3.6s

#8 [4/4] RUN ["pip","install","csvkit"]
#8 0.632 Collecting csvkit
#8 0.667   Downloading csvkit-2.1.0-py2.py3-none-any.whl.metadata (3.4 kB)
#8 0.720 Collecting agate>=1.12.0 (from csvkit)
#8 0.730   Downloading agate-1.13.0-py2.py3-none-any.whl.metadata (3.4 kB)
#8 0.876 Collecting agate-excel>=0.4.0 (from csvkit)
#8 0.890   Downloading agate_excel-0.4.1-py2.py3-none-any.whl.metadata (2.7 kB)
#8 1.024 Collecting agate-dbf>=0.2.3 (from csvkit)
#8 1.038   Downloading agate_dbf-0.2.3-py2.py3-none-any.whl.metadata (2.5 kB)
#8 1.177 Collecting agate-sql>=0.7.0 (from csvkit)
#8 1.187   Downloading agate_sql-0.7.2-py2.py3-none-any.whl.metadata (2.6 kB)
#8 1.238 Collecting openpyxl (from csvkit)
#8 1.246   Downloading openpyxl-3.1.5-py2.py3-none-any.whl.metadata (2.5 kB)
#8 1.684 Collecting sqlalchemy (from csvkit)
#8 1.697   Downloading sqlalchemy-2.0.44-cp311-cp311-manylinux_2_17_x86_64.manylinux2014_x86_64.whl.metadata (9.5 kB)
#8 1.734 Collecting xlrd (from csvkit)
#8 1.744   Downloading xlrd-2.0.2-py2.py3-none-any.whl.metadata (3.5 kB)
#8 1.796 Collecting Babel>=2.0 (from agate>=1.12.0->csvkit)
#8 1.804   Downloading babel-2.17.0-py3-none-any.whl.metadata (2.0 kB)
#8 1.847 Collecting isodate>=0.5.4 (from agate>=1.12.0->csvkit)
#8 1.856   Downloading isodate-0.7.2-py3-none-any.whl.metadata (11 kB)
#8 1.894 Collecting leather>=0.3.2 (from agate>=1.12.0->csvkit)
#8 1.922   Downloading leather-0.4.0-py2.py3-none-any.whl.metadata (2.8 kB)
#8 1.958 Collecting parsedatetime!=2.5,>=2.1 (from agate>=1.12.0->csvkit)
#8 1.968   Downloading parsedatetime-2.6-py3-none-any.whl.metadata (4.7 kB)
#8 2.020 Collecting python-slugify>=1.2.1 (from agate>=1.12.0->csvkit)
#8 2.029   Downloading python_slugify-8.0.4-py2.py3-none-any.whl.metadata (8.5 kB)
#8 2.073 Collecting pytimeparse>=1.1.5 (from agate>=1.12.0->csvkit)
#8 2.084   Downloading pytimeparse-1.1.8-py2.py3-none-any.whl.metadata (3.4 kB)
#8 2.262 Collecting dbfread>=2.0.5 (from agate-dbf>=0.2.3->csvkit)
#8 2.271   Downloading dbfread-2.0.7-py2.py3-none-any.whl.metadata (3.3 kB)
#8 2.313 Collecting olefile (from agate-excel>=0.4.0->csvkit)
#8 2.323   Downloading olefile-0.47-py2.py3-none-any.whl.metadata (9.7 kB)
#8 2.379 Collecting et-xmlfile (from openpyxl->csvkit)
#8 2.387   Downloading et_xmlfile-2.0.0-py3-none-any.whl.metadata (2.7 kB)
#8 2.547 Collecting greenlet>=1 (from sqlalchemy->csvkit)
#8 2.555   Downloading greenlet-3.2.4-cp311-cp311-manylinux_2_24_x86_64.manylinux_2_28_x86_64.whl.metadata (4.1 kB)
#8 2.604 Collecting typing-extensions>=4.6.0 (from sqlalchemy->csvkit)
#8 2.614   Downloading typing_extensions-4.15.0-py3-none-any.whl.metadata (3.3 kB)
#8 2.667 Collecting text-unidecode>=1.3 (from python-slugify>=1.2.1->agate>=1.12.0->csvkit)
#8 2.674   Downloading text_unidecode-1.3-py2.py3-none-any.whl.metadata (2.4 kB)
#8 2.705 Downloading csvkit-2.1.0-py2.py3-none-any.whl (75 kB)
#8 2.729    ━━━━━━━━━━━━━━━━━━━━━━━━━━━━━━━━━━━━━━━━ 76.0/76.0 kB 3.1 MB/s eta 0:00:00
#8 2.739 Downloading agate-1.13.0-py2.py3-none-any.whl (95 kB)
#8 2.755    ━━━━━━━━━━━━━━━━━━━━━━━━━━━━━━━━━━━━━━━━ 95.9/95.9 kB 5.9 MB/s eta 0:00:00
#8 2.765 Downloading agate_dbf-0.2.3-py2.py3-none-any.whl (3.6 kB)
#8 2.789 Downloading agate_excel-0.4.1-py2.py3-none-any.whl (7.1 kB)
#8 2.808 Downloading agate_sql-0.7.2-py2.py3-none-any.whl (7.3 kB)
#8 2.826 Downloading openpyxl-3.1.5-py2.py3-none-any.whl (250 kB)
#8 2.847    ━━━━━━━━━━━━━━━━━━━━━━━━━━━━━━━━━━━━━━━━ 250.9/250.9 kB 12.7 MB/s eta 0:00:00
#8 2.859 Downloading sqlalchemy-2.0.44-cp311-cp311-manylinux_2_17_x86_64.manylinux2014_x86_64.whl (3.3 MB)
#8 2.983    ━━━━━━━━━━━━━━━━━━━━━━━━━━━━━━━━━━━━━━━━ 3.3/3.3 MB 26.9 MB/s eta 0:00:00
#8 2.991 Downloading xlrd-2.0.2-py2.py3-none-any.whl (96 kB)
#8 3.006    ━━━━━━━━━━━━━━━━━━━━━━━━━━━━━━━━━━━━━━━━ 96.6/96.6 kB 6.2 MB/s eta 0:00:00
#8 3.016 Downloading babel-2.17.0-py3-none-any.whl (10.2 MB)
#8 3.407    ━━━━━━━━━━━━━━━━━━━━━━━━━━━━━━━━━━━━━━━━ 10.2/10.2 MB 26.1 MB/s eta 0:00:00
#8 3.418 Downloading dbfread-2.0.7-py2.py3-none-any.whl (20 kB)
#8 3.440 Downloading greenlet-3.2.4-cp311-cp311-manylinux_2_24_x86_64.manylinux_2_28_x86_64.whl (587 kB)
#8 3.468    ━━━━━━━━━━━━━━━━━━━━━━━━━━━━━━━━━━━━━━━━ 587.7/587.7 kB 21.0 MB/s eta 0:00:00
#8 3.494 Downloading isodate-0.7.2-py3-none-any.whl (22 kB)
#8 3.555 Downloading leather-0.4.0-py2.py3-none-any.whl (30 kB)
#8 3.576 Downloading parsedatetime-2.6-py3-none-any.whl (42 kB)
#8 3.588    ━━━━━━━━━━━━━━━━━━━━━━━━━━━━━━━━━━━━━━━━ 42.5/42.5 kB 3.3 MB/s eta 0:00:00
#8 3.596 Downloading python_slugify-8.0.4-py2.py3-none-any.whl (10 kB)
#8 3.617 Downloading pytimeparse-1.1.8-py2.py3-none-any.whl (10.0 kB)
#8 3.634 Downloading typing_extensions-4.15.0-py3-none-any.whl (44 kB)
#8 3.645    ━━━━━━━━━━━━━━━━━━━━━━━━━━━━━━━━━━━━━━━━ 44.6/44.6 kB 3.5 MB/s eta 0:00:00
#8 3.654 Downloading et_xmlfile-2.0.0-py3-none-any.whl (18 kB)
#8 3.673 Downloading olefile-0.47-py2.py3-none-any.whl (114 kB)
#8 3.687    ━━━━━━━━━━━━━━━━━━━━━━━━━━━━━━━━━━━━━━━━ 114.6/114.6 kB 8.8 MB/s eta 0:00:00
#8 3.696 Downloading text_unidecode-1.3-py2.py3-none-any.whl (78 kB)
#8 3.709    ━━━━━━━━━━━━━━━━━━━━━━━━━━━━━━━━━━━━━━━━ 78.2/78.2 kB 6.0 MB/s eta 0:00:00
#8 3.853 Installing collected packages: text-unidecode, pytimeparse, parsedatetime, leather, dbfread, xlrd, typing-extensions, python-slugify, olefile, isodate, greenlet, et-xmlfile, Babel, sqlalchemy, openpyxl, agate, agate-sql, agate-excel, agate-dbf, csvkit
#8 5.558 Successfully installed Babel-2.17.0 agate-1.13.0 agate-dbf-0.2.3 agate-excel-0.4.1 agate-sql-0.7.2 csvkit-2.1.0 dbfread-2.0.7 et-xmlfile-2.0.0 greenlet-3.2.4 isodate-0.7.2 leather-0.4.0 olefile-0.47 openpyxl-3.1.5 parsedatetime-2.6 python-slugify-8.0.4 pytimeparse-1.1.8 sqlalchemy-2.0.44 text-unidecode-1.3 typing-extensions-4.15.0 xlrd-2.0.2
#8 5.558 WARNING: Running pip as the 'root' user can result in broken permissions and conflicting behaviour with the system package manager. It is recommended to use a virtual environment instead: https://pip.pypa.io/warnings/venv
#8 5.563 
#8 5.563 [notice] A new release of pip is available: 24.0 -> 25.3
#8 5.563 [notice] To update, run: pip install --upgrade pip
#8 DONE 6.0s

#9 exporting to image
#9 exporting layers
#9 exporting layers 0.4s done
#9 writing image sha256:063646afd64a4c0a873059bf5fa8c08a985c00d2cb510cf8e01fc439385705bf done
#9 naming to docker.io/library/test-image-8447221 done
#9 DONE 0.5s

View build details: docker-desktop://dashboard/build/default/default/irj4wu3qnbersdw11jhjk6p39
[2025-10-29 17:48:34] SUCCESS: Build completed for 8447221
