=== Docker Build Log for 3334a3cc57b31ae3a5c4 ===
Started at: Mi 29. Okt 13:48:57 CET 2025

[2025-10-29 13:48:57] START: Building image for 3334a3cc57b31ae3a5c4
#0 building with "default" instance using docker driver

#1 [internal] load build definition from Dockerfile
#1 transferring dockerfile: 145B done
#1 DONE 0.0s

#2 [internal] load metadata for docker.io/library/python:3.11
#2 DONE 0.0s

#3 [internal] load .dockerignore
#3 transferring context: 2B done
#3 DONE 0.0s

#4 [internal] load build context
#4 transferring context: 2.89kB 0.0s done
#4 DONE 0.0s

#5 [1/2] FROM docker.io/library/python:3.11
#5 CACHED

#6 [2/2] COPY hard-gists/3334a3cc57b31ae3a5c4/snippet.py /snippet.py
#6 DONE 0.1s

#7 exporting to image
#7 exporting layers 0.0s done
#7 writing image sha256:de5333d9596294ce49fb9b9f385beb155f4dda61c5281a3a5333df9cda4d6d49 done
#7 naming to docker.io/library/test-image-3334a3cc57b31ae3a5c4 done
#7 DONE 0.1s

View build details: docker-desktop://dashboard/build/default/default/jk3jwneelbpj0l50j0wfxy1yd
[2025-10-29 13:48:57] SUCCESS: Build completed for 3334a3cc57b31ae3a5c4
