=== Docker Build Log for 477969 ===
Started at: Mi 29. Okt 15:00:53 CET 2025

[2025-10-29 15:00:53] START: Building image for 477969
#0 building with "default" instance using docker driver

#1 [internal] load build definition from Dockerfile
#1 transferring dockerfile: 195B done
#1 DONE 0.0s

#2 [internal] load metadata for docker.io/library/python:3.11
#2 DONE 0.0s

#3 [internal] load .dockerignore
#3 transferring context: 2B done
#3 DONE 0.0s

#4 [internal] load build context
#4 transferring context: 887B 0.0s done
#4 DONE 0.0s

#5 [1/4] FROM docker.io/library/python:3.11
#5 CACHED

#6 [2/4] COPY hard-gists/477969/snippet.py /snippet.py
#6 DONE 0.1s

#7 [3/4] RUN ["pip","install","biopython"]
#7 1.983 Collecting biopython
#7 2.027   Downloading biopython-1.86-cp311-cp311-manylinux2014_x86_64.manylinux_2_17_x86_64.manylinux_2_28_x86_64.whl.metadata (13 kB)
#7 2.231 Collecting numpy (from biopython)
#7 2.241   Downloading numpy-2.3.4-cp311-cp311-manylinux_2_27_x86_64.manylinux_2_28_x86_64.whl.metadata (62 kB)
#7 2.269      ━━━━━━━━━━━━━━━━━━━━━━━━━━━━━━━━━━━━━━━━ 62.1/62.1 kB 2.1 MB/s eta 0:00:00
#7 2.287 Downloading biopython-1.86-cp311-cp311-manylinux2014_x86_64.manylinux_2_17_x86_64.manylinux_2_28_x86_64.whl (3.2 MB)
#7 2.441    ━━━━━━━━━━━━━━━━━━━━━━━━━━━━━━━━━━━━━━━━ 3.2/3.2 MB 21.3 MB/s eta 0:00:00
#7 2.451 Downloading numpy-2.3.4-cp311-cp311-manylinux_2_27_x86_64.manylinux_2_28_x86_64.whl (16.9 MB)
#7 3.387    ━━━━━━━━━━━━━━━━━━━━━━━━━━━━━━━━━━━━━━━━ 16.9/16.9 MB 14.1 MB/s eta 0:00:00
#7 3.477 Installing collected packages: numpy, biopython
#7 5.542 Successfully installed biopython-1.86 numpy-2.3.4
#7 5.543 WARNING: Running pip as the 'root' user can result in broken permissions and conflicting behaviour with the system package manager. It is recommended to use a virtual environment instead: https://pip.pypa.io/warnings/venv
#7 5.636 
#7 5.636 [notice] A new release of pip is available: 24.0 -> 25.3
#7 5.636 [notice] To update, run: pip install --upgrade pip
#7 DONE 6.1s

#8 [4/4] RUN ["pip","install","bio"]
#8 0.628 Collecting bio
#8 0.664   Downloading bio-1.8.1-py3-none-any.whl.metadata (5.7 kB)
#8 0.678 Requirement already satisfied: biopython>=1.80 in /usr/local/lib/python3.11/site-packages (from bio) (1.86)
#8 0.810 Collecting gprofiler-official (from bio)
#8 0.821   Downloading gprofiler_official-1.0.0-py3-none-any.whl.metadata (11 kB)
#8 0.952 Collecting mygene (from bio)
#8 0.960   Downloading mygene-3.2.2-py2.py3-none-any.whl.metadata (10 kB)
#8 1.102 Collecting pandas (from bio)
#8 1.112   Downloading pandas-2.3.3-cp311-cp311-manylinux_2_24_x86_64.manylinux_2_28_x86_64.whl.metadata (91 kB)
#8 1.144      ━━━━━━━━━━━━━━━━━━━━━━━━━━━━━━━━━━━━━━━━ 91.2/91.2 kB 2.8 MB/s eta 0:00:00
#8 1.188 Collecting pooch (from bio)
#8 1.199   Downloading pooch-1.8.2-py3-none-any.whl.metadata (10 kB)
#8 1.253 Collecting requests (from bio)
#8 1.262   Downloading requests-2.32.5-py3-none-any.whl.metadata (4.9 kB)
#8 1.331 Collecting tqdm (from bio)
#8 1.340   Downloading tqdm-4.67.1-py3-none-any.whl.metadata (57 kB)
#8 1.356      ━━━━━━━━━━━━━━━━━━━━━━━━━━━━━━━━━━━━━━━━ 57.7/57.7 kB 3.4 MB/s eta 0:00:00
#8 1.365 Requirement already satisfied: numpy in /usr/local/lib/python3.11/site-packages (from biopython>=1.80->bio) (2.3.4)
#8 1.496 Collecting biothings-client>=0.2.6 (from mygene->bio)
#8 1.506   Downloading biothings_client-0.4.1-py3-none-any.whl.metadata (10 kB)
#8 1.589 Collecting python-dateutil>=2.8.2 (from pandas->bio)
#8 1.599   Downloading python_dateutil-2.9.0.post0-py2.py3-none-any.whl.metadata (8.4 kB)
#8 1.666 Collecting pytz>=2020.1 (from pandas->bio)
#8 1.675   Downloading pytz-2025.2-py2.py3-none-any.whl.metadata (22 kB)
#8 1.718 Collecting tzdata>=2022.7 (from pandas->bio)
#8 1.726   Downloading tzdata-2025.2-py2.py3-none-any.whl.metadata (1.4 kB)
#8 1.792 Collecting platformdirs>=2.5.0 (from pooch->bio)
#8 1.800   Downloading platformdirs-4.5.0-py3-none-any.whl.metadata (12 kB)
#8 1.846 Collecting packaging>=20.0 (from pooch->bio)
#8 1.855   Downloading packaging-25.0-py3-none-any.whl.metadata (3.3 kB)
#8 1.964 Collecting charset_normalizer<4,>=2 (from requests->bio)
#8 1.973   Downloading charset_normalizer-3.4.4-cp311-cp311-manylinux2014_x86_64.manylinux_2_17_x86_64.manylinux_2_28_x86_64.whl.metadata (37 kB)
#8 2.014 Collecting idna<4,>=2.5 (from requests->bio)
#8 2.023   Downloading idna-3.11-py3-none-any.whl.metadata (8.4 kB)
#8 2.083 Collecting urllib3<3,>=1.21.1 (from requests->bio)
#8 2.099   Downloading urllib3-2.5.0-py3-none-any.whl.metadata (6.5 kB)
#8 2.142 Collecting certifi>=2017.4.17 (from requests->bio)
#8 2.152   Downloading certifi-2025.10.5-py3-none-any.whl.metadata (2.5 kB)
#8 2.222 Collecting httpx>=0.22.0 (from biothings-client>=0.2.6->mygene->bio)
#8 2.232   Downloading httpx-0.28.1-py3-none-any.whl.metadata (7.1 kB)
#8 2.291 Collecting six>=1.5 (from python-dateutil>=2.8.2->pandas->bio)
#8 2.300   Downloading six-1.17.0-py2.py3-none-any.whl.metadata (1.7 kB)
#8 2.361 Collecting anyio (from httpx>=0.22.0->biothings-client>=0.2.6->mygene->bio)
#8 2.371   Downloading anyio-4.11.0-py3-none-any.whl.metadata (4.1 kB)
#8 2.416 Collecting httpcore==1.* (from httpx>=0.22.0->biothings-client>=0.2.6->mygene->bio)
#8 2.424   Downloading httpcore-1.0.9-py3-none-any.whl.metadata (21 kB)
#8 2.468 Collecting h11>=0.16 (from httpcore==1.*->httpx>=0.22.0->biothings-client>=0.2.6->mygene->bio)
#8 2.476   Downloading h11-0.16.0-py3-none-any.whl.metadata (8.3 kB)
#8 2.520 Collecting sniffio>=1.1 (from anyio->httpx>=0.22.0->biothings-client>=0.2.6->mygene->bio)
#8 2.529   Downloading sniffio-1.3.1-py3-none-any.whl.metadata (3.9 kB)
#8 2.571 Collecting typing_extensions>=4.5 (from anyio->httpx>=0.22.0->biothings-client>=0.2.6->mygene->bio)
#8 2.580   Downloading typing_extensions-4.15.0-py3-none-any.whl.metadata (3.3 kB)
#8 2.609 Downloading bio-1.8.1-py3-none-any.whl (321 kB)
#8 2.636    ━━━━━━━━━━━━━━━━━━━━━━━━━━━━━━━━━━━━━━━━ 321.3/321.3 kB 12.5 MB/s eta 0:00:00
#8 2.646 Downloading gprofiler_official-1.0.0-py3-none-any.whl (9.3 kB)
#8 2.665 Downloading mygene-3.2.2-py2.py3-none-any.whl (5.4 kB)
#8 2.685 Downloading pandas-2.3.3-cp311-cp311-manylinux_2_24_x86_64.manylinux_2_28_x86_64.whl (12.8 MB)
#8 3.536    ━━━━━━━━━━━━━━━━━━━━━━━━━━━━━━━━━━━━━━━━ 12.8/12.8 MB 15.6 MB/s eta 0:00:00
#8 3.548 Downloading pooch-1.8.2-py3-none-any.whl (64 kB)
#8 3.560    ━━━━━━━━━━━━━━━━━━━━━━━━━━━━━━━━━━━━━━━━ 64.6/64.6 kB 5.2 MB/s eta 0:00:00
#8 3.569 Downloading requests-2.32.5-py3-none-any.whl (64 kB)
#8 3.582    ━━━━━━━━━━━━━━━━━━━━━━━━━━━━━━━━━━━━━━━━ 64.7/64.7 kB 4.9 MB/s eta 0:00:00
#8 3.591 Downloading tqdm-4.67.1-py3-none-any.whl (78 kB)
#8 3.604    ━━━━━━━━━━━━━━━━━━━━━━━━━━━━━━━━━━━━━━━━ 78.5/78.5 kB 6.2 MB/s eta 0:00:00
#8 3.614 Downloading biothings_client-0.4.1-py3-none-any.whl (46 kB)
#8 3.626    ━━━━━━━━━━━━━━━━━━━━━━━━━━━━━━━━━━━━━━━━ 46.7/46.7 kB 3.6 MB/s eta 0:00:00
#8 3.636 Downloading certifi-2025.10.5-py3-none-any.whl (163 kB)
#8 3.652    ━━━━━━━━━━━━━━━━━━━━━━━━━━━━━━━━━━━━━━━━ 163.3/163.3 kB 11.4 MB/s eta 0:00:00
#8 3.662 Downloading charset_normalizer-3.4.4-cp311-cp311-manylinux2014_x86_64.manylinux_2_17_x86_64.manylinux_2_28_x86_64.whl (151 kB)
#8 3.678    ━━━━━━━━━━━━━━━━━━━━━━━━━━━━━━━━━━━━━━━━ 151.6/151.6 kB 9.8 MB/s eta 0:00:00
#8 3.688 Downloading idna-3.11-py3-none-any.whl (71 kB)
#8 3.700    ━━━━━━━━━━━━━━━━━━━━━━━━━━━━━━━━━━━━━━━━ 71.0/71.0 kB 6.0 MB/s eta 0:00:00
#8 3.709 Downloading packaging-25.0-py3-none-any.whl (66 kB)
#8 3.721    ━━━━━━━━━━━━━━━━━━━━━━━━━━━━━━━━━━━━━━━━ 66.5/66.5 kB 5.6 MB/s eta 0:00:00
#8 3.729 Downloading platformdirs-4.5.0-py3-none-any.whl (18 kB)
#8 3.747 Downloading python_dateutil-2.9.0.post0-py2.py3-none-any.whl (229 kB)
#8 3.766    ━━━━━━━━━━━━━━━━━━━━━━━━━━━━━━━━━━━━━━━━ 229.9/229.9 kB 12.8 MB/s eta 0:00:00
#8 3.774 Downloading pytz-2025.2-py2.py3-none-any.whl (509 kB)
#8 3.808    ━━━━━━━━━━━━━━━━━━━━━━━━━━━━━━━━━━━━━━━━ 509.2/509.2 kB 15.4 MB/s eta 0:00:00
#8 3.817 Downloading tzdata-2025.2-py2.py3-none-any.whl (347 kB)
#8 3.839    ━━━━━━━━━━━━━━━━━━━━━━━━━━━━━━━━━━━━━━━━ 347.8/347.8 kB 16.7 MB/s eta 0:00:00
#8 3.849 Downloading urllib3-2.5.0-py3-none-any.whl (129 kB)
#8 3.863    ━━━━━━━━━━━━━━━━━━━━━━━━━━━━━━━━━━━━━━━━ 129.8/129.8 kB 9.4 MB/s eta 0:00:00
#8 3.872 Downloading httpx-0.28.1-py3-none-any.whl (73 kB)
#8 3.884    ━━━━━━━━━━━━━━━━━━━━━━━━━━━━━━━━━━━━━━━━ 73.5/73.5 kB 5.9 MB/s eta 0:00:00
#8 3.893 Downloading httpcore-1.0.9-py3-none-any.whl (78 kB)
#8 3.906    ━━━━━━━━━━━━━━━━━━━━━━━━━━━━━━━━━━━━━━━━ 78.8/78.8 kB 5.9 MB/s eta 0:00:00
#8 3.915 Downloading six-1.17.0-py2.py3-none-any.whl (11 kB)
#8 3.934 Downloading anyio-4.11.0-py3-none-any.whl (109 kB)
#8 3.948    ━━━━━━━━━━━━━━━━━━━━━━━━━━━━━━━━━━━━━━━━ 109.1/109.1 kB 8.1 MB/s eta 0:00:00
#8 3.958 Downloading h11-0.16.0-py3-none-any.whl (37 kB)
#8 3.977 Downloading sniffio-1.3.1-py3-none-any.whl (10 kB)
#8 3.996 Downloading typing_extensions-4.15.0-py3-none-any.whl (44 kB)
#8 4.008    ━━━━━━━━━━━━━━━━━━━━━━━━━━━━━━━━━━━━━━━━ 44.6/44.6 kB 3.2 MB/s eta 0:00:00
#8 4.218 Installing collected packages: pytz, urllib3, tzdata, typing_extensions, tqdm, sniffio, six, platformdirs, packaging, idna, h11, charset_normalizer, certifi, requests, python-dateutil, httpcore, anyio, pooch, pandas, httpx, gprofiler-official, biothings-client, mygene, bio
#8 8.233 Successfully installed anyio-4.11.0 bio-1.8.1 biothings-client-0.4.1 certifi-2025.10.5 charset_normalizer-3.4.4 gprofiler-official-1.0.0 h11-0.16.0 httpcore-1.0.9 httpx-0.28.1 idna-3.11 mygene-3.2.2 packaging-25.0 pandas-2.3.3 platformdirs-4.5.0 pooch-1.8.2 python-dateutil-2.9.0.post0 pytz-2025.2 requests-2.32.5 six-1.17.0 sniffio-1.3.1 tqdm-4.67.1 typing_extensions-4.15.0 tzdata-2025.2 urllib3-2.5.0
#8 8.234 WARNING: Running pip as the 'root' user can result in broken permissions and conflicting behaviour with the system package manager. It is recommended to use a virtual environment instead: https://pip.pypa.io/warnings/venv
#8 8.240 
#8 8.240 [notice] A new release of pip is available: 24.0 -> 25.3
#8 8.240 [notice] To update, run: pip install --upgrade pip
#8 DONE 9.1s

#9 exporting to image
#9 exporting layers
#9 exporting layers 1.2s done
#9 writing image sha256:69a489477f18b4ed5990ce017953ce7f3608e35070cd706dbdff9a8b09e0736c done
#9 naming to docker.io/library/test-image-477969 0.0s done
#9 DONE 1.2s

View build details: docker-desktop://dashboard/build/default/default/v0rbozoyr5pxeb303j7vwdpag
[2025-10-29 15:01:10] SUCCESS: Build completed for 477969
