=== Docker Build Log for 47e1d07b136c316bfb33c880ca910e8c ===
Started at: Mi 29. Okt 15:01:31 CET 2025

[2025-10-29 15:01:31] START: Building image for 47e1d07b136c316bfb33c880ca910e8c
#0 building with "default" instance using docker driver

#1 [internal] load build definition from Dockerfile
#1 transferring dockerfile: 157B done
#1 DONE 0.0s

#2 [internal] load metadata for docker.io/library/python:3.11
#2 DONE 0.0s

#3 [internal] load .dockerignore
#3 transferring context: 2B done
#3 DONE 0.0s

#4 [internal] load build context
#4 transferring context: 2.22kB 0.0s done
#4 DONE 0.0s

#5 [1/2] FROM docker.io/library/python:3.11
#5 CACHED

#6 [2/2] COPY hard-gists/47e1d07b136c316bfb33c880ca910e8c/snippet.py /snippet.py
#6 DONE 0.1s

#7 exporting to image
#7 exporting layers 0.0s done
#7 writing image sha256:b45af2219779341316e7dd7fff303f8bf6348b26226035c00bc58b47342b0ed0 done
#7 naming to docker.io/library/test-image-47e1d07b136c316bfb33c880ca910e8c done
#7 DONE 0.1s

View build details: docker-desktop://dashboard/build/default/default/q8ois0k7w0i6focnvfsbwzwem
[2025-10-29 15:01:32] SUCCESS: Build completed for 47e1d07b136c316bfb33c880ca910e8c
