=== Docker Run Log for 1818351 ===
Started at: Mi 29. Okt 12:30:03 CET 2025

[2025-10-29 12:30:10] START: Running container for 1818351
[2025-10-29 12:30:10] SUCCESS: Container 878afc8c7ded4c8ff803e486d4bfe4de40a0b595bea10c92709557d05d299f08 started for 1818351
=== Container logs for 1818351 ===
Traceback (most recent call last):
  File "/snippet.py", line 5, in <module>
    from django.contrib.auth.models import User
  File "/usr/local/lib/python3.11/site-packages/django/contrib/auth/models.py", line 5, in <module>
    from django.contrib.auth.base_user import AbstractBaseUser, BaseUserManager
  File "/usr/local/lib/python3.11/site-packages/django/contrib/auth/base_user.py", line 43, in <module>
    class AbstractBaseUser(models.Model):
  File "/usr/local/lib/python3.11/site-packages/django/db/models/base.py", line 131, in __new__
    app_config = apps.get_containing_app_config(module)
                 ^^^^^^^^^^^^^^^^^^^^^^^^^^^^^^^^^^^^^^
  File "/usr/local/lib/python3.11/site-packages/django/apps/registry.py", line 260, in get_containing_app_config
    self.check_apps_ready()
  File "/usr/local/lib/python3.11/site-packages/django/apps/registry.py", line 137, in check_apps_ready
    settings.INSTALLED_APPS
  File "/usr/local/lib/python3.11/site-packages/django/conf/__init__.py", line 81, in __getattr__
    self._setup(name)
  File "/usr/local/lib/python3.11/site-packages/django/conf/__init__.py", line 61, in _setup
    raise ImproperlyConfigured(
django.core.exceptions.ImproperlyConfigured: Requested setting INSTALLED_APPS, but settings are not configured. You must either define the environment variable DJANGO_SETTINGS_MODULE or call settings.configure() before accessing settings.
=== End of logs for 1818351 ===
[2025-10-29 12:30:12] INFO: Container 878afc8c7ded4c8ff803e486d4bfe4de40a0b595bea10c92709557d05d299f08 has stopped
