=== Docker Build Log for 5782780 ===
Started at: Mi 29. Okt 15:57:40 CET 2025

[2025-10-29 15:57:40] START: Building image for 5782780
#0 building with "default" instance using docker driver

#1 [internal] load build definition from Dockerfile
#1 transferring dockerfile: 132B done
#1 DONE 0.0s

#2 [internal] load metadata for docker.io/library/python:3.11
#2 DONE 0.0s

#3 [internal] load .dockerignore
#3 transferring context: 2B done
#3 DONE 0.0s

#4 [internal] load build context
#4 transferring context: 6.25kB 0.0s done
#4 DONE 0.0s

#5 [1/2] FROM docker.io/library/python:3.11
#5 CACHED

#6 [2/2] COPY hard-gists/5782780/snippet.py /snippet.py
#6 DONE 0.1s

#7 exporting to image
#7 exporting layers 0.0s done
#7 writing image sha256:76ab068983f8a784865cf6c4e26369f7d17f497323b9ee1e1de8d9c394e1a8b6 done
#7 naming to docker.io/library/test-image-5782780 done
#7 DONE 0.1s

View build details: docker-desktop://dashboard/build/default/default/l2kq9be8m77yq74tpgwq3o7o3
[2025-10-29 15:57:41] SUCCESS: Build completed for 5782780
