=== Docker Build Log for 4b2897a857a5ec91d9ea965d87b795c8 ===
Started at: Mi 29. Okt 15:07:30 CET 2025

[2025-10-29 15:07:30] START: Building image for 4b2897a857a5ec91d9ea965d87b795c8
#0 building with "default" instance using docker driver

#1 [internal] load build definition from Dockerfile
#1 transferring dockerfile: 157B done
#1 DONE 0.0s

#2 [internal] load metadata for docker.io/library/python:3.11
#2 DONE 0.0s

#3 [internal] load .dockerignore
#3 transferring context: 2B done
#3 DONE 0.0s

#4 [internal] load build context
#4 transferring context: 7.36kB 0.0s done
#4 DONE 0.0s

#5 [1/2] FROM docker.io/library/python:3.11
#5 CACHED

#6 [2/2] COPY hard-gists/4b2897a857a5ec91d9ea965d87b795c8/snippet.py /snippet.py
#6 DONE 0.1s

#7 exporting to image
#7 exporting layers 0.0s done
#7 writing image sha256:59ec3a757d86fa9d59da3863ff44a31fa9b423d3c19687f05994c9c82f75fe25 done
#7 naming to docker.io/library/test-image-4b2897a857a5ec91d9ea965d87b795c8 done
#7 DONE 0.1s

View build details: docker-desktop://dashboard/build/default/default/cdi1wi5cu1lhdo5st1rcxl85v
[2025-10-29 15:07:31] SUCCESS: Build completed for 4b2897a857a5ec91d9ea965d87b795c8
