=== Docker Build Log for 5476453 ===
Started at: Mi 29. Okt 15:42:48 CET 2025

[2025-10-29 15:42:48] START: Building image for 5476453
#0 building with "default" instance using docker driver

#1 [internal] load build definition from Dockerfile
#1 transferring dockerfile: 340B done
#1 DONE 0.0s

#2 [internal] load metadata for docker.io/library/python:3.11
#2 DONE 0.0s

#3 [internal] load .dockerignore
#3 transferring context: 2B done
#3 DONE 0.0s

#4 [internal] load build context
#4 transferring context: 4.34kB 0.0s done
#4 DONE 0.0s

#5 [1/8] FROM docker.io/library/python:3.11
#5 CACHED

#6 [2/8] COPY hard-gists/5476453/snippet.py /snippet.py
#6 DONE 0.1s

#7 [3/8] RUN ["pip","install","Django"]
#7 2.142 Collecting Django
#7 2.182   Downloading django-5.2.7-py3-none-any.whl.metadata (4.1 kB)
#7 2.239 Collecting asgiref>=3.8.1 (from Django)
#7 2.247   Downloading asgiref-3.10.0-py3-none-any.whl.metadata (9.3 kB)
#7 2.289 Collecting sqlparse>=0.3.1 (from Django)
#7 2.297   Downloading sqlparse-0.5.3-py3-none-any.whl.metadata (3.9 kB)
#7 2.320 Downloading django-5.2.7-py3-none-any.whl (8.3 MB)
#7 2.677    ━━━━━━━━━━━━━━━━━━━━━━━━━━━━━━━━━━━━━━━━ 8.3/8.3 MB 23.4 MB/s eta 0:00:00
#7 2.687 Downloading asgiref-3.10.0-py3-none-any.whl (24 kB)
#7 2.707 Downloading sqlparse-0.5.3-py3-none-any.whl (44 kB)
#7 2.720    ━━━━━━━━━━━━━━━━━━━━━━━━━━━━━━━━━━━━━━━━ 44.4/44.4 kB 3.3 MB/s eta 0:00:00
#7 2.825 Installing collected packages: sqlparse, asgiref, Django
#7 4.317 Successfully installed Django-5.2.7 asgiref-3.10.0 sqlparse-0.5.3
#7 4.318 WARNING: Running pip as the 'root' user can result in broken permissions and conflicting behaviour with the system package manager. It is recommended to use a virtual environment instead: https://pip.pypa.io/warnings/venv
#7 4.429 
#7 4.429 [notice] A new release of pip is available: 24.0 -> 25.3
#7 4.429 [notice] To update, run: pip install --upgrade pip
#7 DONE 5.0s

#8 [4/8] RUN ["pip","install","django-tastypie"]
#8 0.642 Collecting django-tastypie
#8 0.675   Downloading django_tastypie-0.15.1.tar.gz (156 kB)
#8 0.714      ━━━━━━━━━━━━━━━━━━━━━━━━━━━━━━━━━━━━━━━ 156.6/156.6 kB 4.2 MB/s eta 0:00:00
#8 0.740   Preparing metadata (setup.py): started
#8 1.181   Preparing metadata (setup.py): finished with status 'done'
#8 1.210 Collecting python-mimeparse!=1.5,>=0.1.4 (from django-tastypie)
#8 1.219   Downloading python_mimeparse-2.0.0-py3-none-any.whl.metadata (3.1 kB)
#8 1.269 Collecting python-dateutil>=2.1 (from django-tastypie)
#8 1.278   Downloading python_dateutil-2.9.0.post0-py2.py3-none-any.whl.metadata (8.4 kB)
#8 1.336 Collecting six>=1.5 (from python-dateutil>=2.1->django-tastypie)
#8 1.344   Downloading six-1.17.0-py2.py3-none-any.whl.metadata (1.7 kB)
#8 1.367 Downloading python_dateutil-2.9.0.post0-py2.py3-none-any.whl (229 kB)
#8 1.390    ━━━━━━━━━━━━━━━━━━━━━━━━━━━━━━━━━━━━━━━━ 229.9/229.9 kB 10.5 MB/s eta 0:00:00
#8 1.399 Downloading python_mimeparse-2.0.0-py3-none-any.whl (5.6 kB)
#8 1.415 Downloading six-1.17.0-py2.py3-none-any.whl (11 kB)
#8 1.429 Building wheels for collected packages: django-tastypie
#8 1.430   Building wheel for django-tastypie (setup.py): started
#8 1.643   Building wheel for django-tastypie (setup.py): finished with status 'done'
#8 1.643   Created wheel for django-tastypie: filename=django_tastypie-0.15.1-py2.py3-none-any.whl size=79676 sha256=01b0ec54d260fe2c9a668b4c724873ede1a3c20d66ec35baba5e09a4b05d4a7c
#8 1.644   Stored in directory: /root/.cache/pip/wheels/3c/1f/44/eb4cf3a12ae17b4b6dd6d6f90d5a0b76be52f951aad86aa27a
#8 1.646 Successfully built django-tastypie
#8 1.686 Installing collected packages: six, python-mimeparse, python-dateutil, django-tastypie
#8 1.801 Successfully installed django-tastypie-0.15.1 python-dateutil-2.9.0.post0 python-mimeparse-2.0.0 six-1.17.0
#8 1.802 WARNING: Running pip as the 'root' user can result in broken permissions and conflicting behaviour with the system package manager. It is recommended to use a virtual environment instead: https://pip.pypa.io/warnings/venv
#8 1.807 
#8 1.807 [notice] A new release of pip is available: 24.0 -> 25.3
#8 1.807 [notice] To update, run: pip install --upgrade pip
#8 DONE 1.9s

#9 [5/8] RUN ["pip","install","requests"]
#9 0.610 Collecting requests
#9 0.644   Downloading requests-2.32.5-py3-none-any.whl.metadata (4.9 kB)
#9 0.790 Collecting charset_normalizer<4,>=2 (from requests)
#9 0.799   Downloading charset_normalizer-3.4.4-cp311-cp311-manylinux2014_x86_64.manylinux_2_17_x86_64.manylinux_2_28_x86_64.whl.metadata (37 kB)
#9 0.852 Collecting idna<4,>=2.5 (from requests)
#9 0.861   Downloading idna-3.11-py3-none-any.whl.metadata (8.4 kB)
#9 0.942 Collecting urllib3<3,>=1.21.1 (from requests)
#9 0.952   Downloading urllib3-2.5.0-py3-none-any.whl.metadata (6.5 kB)
#9 1.013 Collecting certifi>=2017.4.17 (from requests)
#9 1.020   Downloading certifi-2025.10.5-py3-none-any.whl.metadata (2.5 kB)
#9 1.047 Downloading requests-2.32.5-py3-none-any.whl (64 kB)
#9 1.067    ━━━━━━━━━━━━━━━━━━━━━━━━━━━━━━━━━━━━━━━━ 64.7/64.7 kB 3.1 MB/s eta 0:00:00
#9 1.078 Downloading certifi-2025.10.5-py3-none-any.whl (163 kB)
#9 1.098    ━━━━━━━━━━━━━━━━━━━━━━━━━━━━━━━━━━━━━━━━ 163.3/163.3 kB 8.7 MB/s eta 0:00:00
#9 1.106 Downloading charset_normalizer-3.4.4-cp311-cp311-manylinux2014_x86_64.manylinux_2_17_x86_64.manylinux_2_28_x86_64.whl (151 kB)
#9 1.125    ━━━━━━━━━━━━━━━━━━━━━━━━━━━━━━━━━━━━━━━━ 151.6/151.6 kB 8.5 MB/s eta 0:00:00
#9 1.133 Downloading idna-3.11-py3-none-any.whl (71 kB)
#9 1.144    ━━━━━━━━━━━━━━━━━━━━━━━━━━━━━━━━━━━━━━━━ 71.0/71.0 kB 6.6 MB/s eta 0:00:00
#9 1.152 Downloading urllib3-2.5.0-py3-none-any.whl (129 kB)
#9 1.166    ━━━━━━━━━━━━━━━━━━━━━━━━━━━━━━━━━━━━━━━━ 129.8/129.8 kB 10.0 MB/s eta 0:00:00
#9 1.224 Installing collected packages: urllib3, idna, charset_normalizer, certifi, requests
#9 1.478 Successfully installed certifi-2025.10.5 charset_normalizer-3.4.4 idna-3.11 requests-2.32.5 urllib3-2.5.0
#9 1.479 WARNING: Running pip as the 'root' user can result in broken permissions and conflicting behaviour with the system package manager. It is recommended to use a virtual environment instead: https://pip.pypa.io/warnings/venv
#9 1.484 
#9 1.484 [notice] A new release of pip is available: 24.0 -> 25.3
#9 1.484 [notice] To update, run: pip install --upgrade pip
#9 DONE 1.6s

#10 [6/8] RUN ["pip","install","psycopg2"]
#10 0.589 Collecting psycopg2
#10 0.623   Downloading psycopg2-2.9.11.tar.gz (379 kB)
#10 0.662      ━━━━━━━━━━━━━━━━━━━━━━━━━━━━━━━━━━━━━━ 379.6/379.6 kB 10.0 MB/s eta 0:00:00
#10 0.700   Preparing metadata (setup.py): started
#10 0.883   Preparing metadata (setup.py): finished with status 'done'
#10 0.885 Building wheels for collected packages: psycopg2
#10 0.890   Building wheel for psycopg2 (setup.py): started
#10 6.432   Building wheel for psycopg2 (setup.py): finished with status 'done'
#10 6.434   Created wheel for psycopg2: filename=psycopg2-2.9.11-cp311-cp311-linux_x86_64.whl size=503333 sha256=37582bcaa4982d772bd48f654b8f34dc28a41beb2ee37ce7b0b66b127bd70269
#10 6.434   Stored in directory: /root/.cache/pip/wheels/15/a7/0e/37c6d130333cbaac2e6bb15e4ff41ef3a195af78a70907ca0d
#10 6.436 Successfully built psycopg2
#10 6.487 Installing collected packages: psycopg2
#10 6.519 Successfully installed psycopg2-2.9.11
#10 6.520 WARNING: Running pip as the 'root' user can result in broken permissions and conflicting behaviour with the system package manager. It is recommended to use a virtual environment instead: https://pip.pypa.io/warnings/venv
#10 6.525 
#10 6.525 [notice] A new release of pip is available: 24.0 -> 25.3
#10 6.525 [notice] To update, run: pip install --upgrade pip
#10 DONE 6.6s

#11 [7/8] RUN ["pip","install","lxml"]
#11 0.759 Collecting lxml
#11 0.799   Downloading lxml-6.0.2-cp311-cp311-manylinux_2_26_x86_64.manylinux_2_28_x86_64.whl.metadata (3.6 kB)
#11 0.835 Downloading lxml-6.0.2-cp311-cp311-manylinux_2_26_x86_64.manylinux_2_28_x86_64.whl (5.2 MB)
#11 1.058    ━━━━━━━━━━━━━━━━━━━━━━━━━━━━━━━━━━━━━━━━ 5.2/5.2 MB 23.6 MB/s eta 0:00:00
#11 1.126 Installing collected packages: lxml
#11 1.267 Successfully installed lxml-6.0.2
#11 1.267 WARNING: Running pip as the 'root' user can result in broken permissions and conflicting behaviour with the system package manager. It is recommended to use a virtual environment instead: https://pip.pypa.io/warnings/venv
#11 1.273 
#11 1.273 [notice] A new release of pip is available: 24.0 -> 25.3
#11 1.273 [notice] To update, run: pip install --upgrade pip
#11 DONE 1.5s

#12 [8/8] RUN ["pip","install","django-guardian"]
#12 0.553 Collecting django-guardian
#12 0.590   Downloading django_guardian-3.2.0-py3-none-any.whl.metadata (7.9 kB)
#12 0.608 Requirement already satisfied: django>=3.2 in /usr/local/lib/python3.11/site-packages (from django-guardian) (5.2.7)
#12 0.650 Collecting typing_extensions>=4.12.0 (from django-guardian)
#12 0.658   Downloading typing_extensions-4.15.0-py3-none-any.whl.metadata (3.3 kB)
#12 0.678 Requirement already satisfied: asgiref>=3.8.1 in /usr/local/lib/python3.11/site-packages (from django>=3.2->django-guardian) (3.10.0)
#12 0.679 Requirement already satisfied: sqlparse>=0.3.1 in /usr/local/lib/python3.11/site-packages (from django>=3.2->django-guardian) (0.5.3)
#12 0.704 Downloading django_guardian-3.2.0-py3-none-any.whl (134 kB)
#12 0.754    ━━━━━━━━━━━━━━━━━━━━━━━━━━━━━━━━━━━━━━━━ 134.7/134.7 kB 2.7 MB/s eta 0:00:00
#12 0.763 Downloading typing_extensions-4.15.0-py3-none-any.whl (44 kB)
#12 0.781    ━━━━━━━━━━━━━━━━━━━━━━━━━━━━━━━━━━━━━━━━ 44.6/44.6 kB 2.2 MB/s eta 0:00:00
#12 0.843 Installing collected packages: typing_extensions, django-guardian
#12 0.974 Successfully installed django-guardian-3.2.0 typing_extensions-4.15.0
#12 0.974 WARNING: Running pip as the 'root' user can result in broken permissions and conflicting behaviour with the system package manager. It is recommended to use a virtual environment instead: https://pip.pypa.io/warnings/venv
#12 0.980 
#12 0.980 [notice] A new release of pip is available: 24.0 -> 25.3
#12 0.980 [notice] To update, run: pip install --upgrade pip
#12 DONE 1.1s

#13 exporting to image
#13 exporting layers
#13 exporting layers 0.8s done
#13 writing image sha256:add0f9055d44db7cd3fd29cb881c2e26a5e04c64316175befc700bb992e29aae done
#13 naming to docker.io/library/test-image-5476453 0.0s done
#13 DONE 0.9s

View build details: docker-desktop://dashboard/build/default/default/6vl2d3in3ejcog4dk2zuwzj9z
[2025-10-29 15:43:07] SUCCESS: Build completed for 5476453
