=== Docker Build Log for ed991fb8cdcac3dfadf7 ===
Started at: Mi 29. Okt 21:02:37 CET 2025

[2025-10-29 21:02:37] START: Building image for ed991fb8cdcac3dfadf7
#0 building with "default" instance using docker driver

#1 [internal] load build definition from Dockerfile
#1 transferring dockerfile: 145B done
#1 DONE 0.0s

#2 [internal] load metadata for docker.io/library/python:3.11
#2 DONE 0.0s

#3 [internal] load .dockerignore
#3 transferring context: 2B done
#3 DONE 0.0s

#4 [internal] load build context
#4 transferring context: 748B 0.0s done
#4 DONE 0.1s

#5 [1/2] FROM docker.io/library/python:3.11
#5 DONE 0.2s

#6 [2/2] COPY hard-gists/ed991fb8cdcac3dfadf7/snippet.py /snippet.py
#6 DONE 1.2s

#7 exporting to image
#7 exporting layers 0.1s done
#7 writing image sha256:1e08b9f219d78a13d4a81ecd78ceca4b4355dd67c8d2d72d6284146007ed3df2 done
#7 naming to docker.io/library/test-image-ed991fb8cdcac3dfadf7 0.0s done
#7 DONE 0.1s

View build details: docker-desktop://dashboard/build/default/default/00s75u0yjenzwnljlcg531hzn
[2025-10-29 21:02:39] SUCCESS: Build completed for ed991fb8cdcac3dfadf7
