=== Docker Build Log for f15921b2257af1db953f ===
Started at: Mi 29. Okt 21:23:02 CET 2025

[2025-10-29 21:23:02] START: Building image for f15921b2257af1db953f
#0 building with "default" instance using docker driver

#1 [internal] load build definition from Dockerfile
#1 transferring dockerfile: 145B done
#1 DONE 0.0s

#2 [internal] load metadata for docker.io/library/python:3.11
#2 DONE 0.0s

#3 [internal] load .dockerignore
#3 transferring context: 2B done
#3 DONE 0.0s

#4 [internal] load build context
#4 transferring context: 1.79kB 0.0s done
#4 DONE 0.0s

#5 [1/2] FROM docker.io/library/python:3.11
#5 CACHED

#6 [2/2] COPY hard-gists/f15921b2257af1db953f/snippet.py /snippet.py
#6 DONE 0.1s

#7 exporting to image
#7 exporting layers 0.0s done
#7 writing image sha256:8cd5ee3ef7a980e4d5c53b8dd4f98e98de1250d500236339f964607b6ecc0c4c done
#7 naming to docker.io/library/test-image-f15921b2257af1db953f done
#7 DONE 0.1s

View build details: docker-desktop://dashboard/build/default/default/iwuahxcd9qpe8rf6opgqhipav
[2025-10-29 21:23:02] SUCCESS: Build completed for f15921b2257af1db953f
