=== Docker Build Log for 2901479 ===
Started at: Mi 29. Okt 13:20:40 CET 2025

[2025-10-29 13:20:40] START: Building image for 2901479
#0 building with "default" instance using docker driver

#1 [internal] load build definition from Dockerfile
#1 transferring dockerfile: 301B done
#1 DONE 0.0s

#2 [internal] load metadata for docker.io/library/python:3.11
#2 DONE 0.0s

#3 [internal] load .dockerignore
#3 transferring context: 2B done
#3 DONE 0.0s

#4 [internal] load build context
#4 transferring context: 780B 0.0s done
#4 DONE 0.0s

#5 [1/7] FROM docker.io/library/python:3.11
#5 CACHED

#6 [2/7] COPY hard-gists/2901479/snippet.py /snippet.py
#6 DONE 0.1s

#7 [3/7] RUN ["pip","install","Flask"]
#7 1.947 Collecting Flask
#7 1.980   Downloading flask-3.1.2-py3-none-any.whl.metadata (3.2 kB)
#7 2.020 Collecting blinker>=1.9.0 (from Flask)
#7 2.036   Downloading blinker-1.9.0-py3-none-any.whl.metadata (1.6 kB)
#7 2.081 Collecting click>=8.1.3 (from Flask)
#7 2.089   Downloading click-8.3.0-py3-none-any.whl.metadata (2.6 kB)
#7 2.124 Collecting itsdangerous>=2.2.0 (from Flask)
#7 2.133   Downloading itsdangerous-2.2.0-py3-none-any.whl.metadata (1.9 kB)
#7 2.171 Collecting jinja2>=3.1.2 (from Flask)
#7 2.179   Downloading jinja2-3.1.6-py3-none-any.whl.metadata (2.9 kB)
#7 2.257 Collecting markupsafe>=2.1.1 (from Flask)
#7 2.265   Downloading markupsafe-3.0.3-cp311-cp311-manylinux2014_x86_64.manylinux_2_17_x86_64.manylinux_2_28_x86_64.whl.metadata (2.7 kB)
#7 2.312 Collecting werkzeug>=3.1.0 (from Flask)
#7 2.320   Downloading werkzeug-3.1.3-py3-none-any.whl.metadata (3.7 kB)
#7 2.349 Downloading flask-3.1.2-py3-none-any.whl (103 kB)
#7 2.376    ━━━━━━━━━━━━━━━━━━━━━━━━━━━━━━━━━━━━━━━━ 103.3/103.3 kB 3.7 MB/s eta 0:00:00
#7 2.384 Downloading blinker-1.9.0-py3-none-any.whl (8.5 kB)
#7 2.402 Downloading click-8.3.0-py3-none-any.whl (107 kB)
#7 2.417    ━━━━━━━━━━━━━━━━━━━━━━━━━━━━━━━━━━━━━━━━ 107.3/107.3 kB 7.3 MB/s eta 0:00:00
#7 2.424 Downloading itsdangerous-2.2.0-py3-none-any.whl (16 kB)
#7 2.439 Downloading jinja2-3.1.6-py3-none-any.whl (134 kB)
#7 2.453    ━━━━━━━━━━━━━━━━━━━━━━━━━━━━━━━━━━━━━━━━ 134.9/134.9 kB 10.1 MB/s eta 0:00:00
#7 2.461 Downloading markupsafe-3.0.3-cp311-cp311-manylinux2014_x86_64.manylinux_2_17_x86_64.manylinux_2_28_x86_64.whl (22 kB)
#7 2.477 Downloading werkzeug-3.1.3-py3-none-any.whl (224 kB)
#7 2.494    ━━━━━━━━━━━━━━━━━━━━━━━━━━━━━━━━━━━━━━━━ 224.5/224.5 kB 13.8 MB/s eta 0:00:00
#7 2.540 Installing collected packages: markupsafe, itsdangerous, click, blinker, werkzeug, jinja2, Flask
#7 2.852 Successfully installed Flask-3.1.2 blinker-1.9.0 click-8.3.0 itsdangerous-2.2.0 jinja2-3.1.6 markupsafe-3.0.3 werkzeug-3.1.3
#7 2.853 WARNING: Running pip as the 'root' user can result in broken permissions and conflicting behaviour with the system package manager. It is recommended to use a virtual environment instead: https://pip.pypa.io/warnings/venv
#7 2.945 
#7 2.945 [notice] A new release of pip is available: 24.0 -> 25.3
#7 2.945 [notice] To update, run: pip install --upgrade pip
#7 DONE 3.2s

#8 [4/7] RUN ["pip","install","requests"]
#8 0.529 Collecting requests
#8 0.562   Downloading requests-2.32.5-py3-none-any.whl.metadata (4.9 kB)
#8 0.692 Collecting charset_normalizer<4,>=2 (from requests)
#8 0.701   Downloading charset_normalizer-3.4.4-cp311-cp311-manylinux2014_x86_64.manylinux_2_17_x86_64.manylinux_2_28_x86_64.whl.metadata (37 kB)
#8 0.748 Collecting idna<4,>=2.5 (from requests)
#8 0.756   Downloading idna-3.11-py3-none-any.whl.metadata (8.4 kB)
#8 0.820 Collecting urllib3<3,>=1.21.1 (from requests)
#8 0.828   Downloading urllib3-2.5.0-py3-none-any.whl.metadata (6.5 kB)
#8 0.875 Collecting certifi>=2017.4.17 (from requests)
#8 0.884   Downloading certifi-2025.10.5-py3-none-any.whl.metadata (2.5 kB)
#8 0.912 Downloading requests-2.32.5-py3-none-any.whl (64 kB)
#8 0.934    ━━━━━━━━━━━━━━━━━━━━━━━━━━━━━━━━━━━━━━━━ 64.7/64.7 kB 2.7 MB/s eta 0:00:00
#8 0.943 Downloading certifi-2025.10.5-py3-none-any.whl (163 kB)
#8 0.961    ━━━━━━━━━━━━━━━━━━━━━━━━━━━━━━━━━━━━━━━━ 163.3/163.3 kB 9.2 MB/s eta 0:00:00
#8 0.970 Downloading charset_normalizer-3.4.4-cp311-cp311-manylinux2014_x86_64.manylinux_2_17_x86_64.manylinux_2_28_x86_64.whl (151 kB)
#8 0.984    ━━━━━━━━━━━━━━━━━━━━━━━━━━━━━━━━━━━━━━━━ 151.6/151.6 kB 10.8 MB/s eta 0:00:00
#8 0.994 Downloading idna-3.11-py3-none-any.whl (71 kB)
#8 1.012    ━━━━━━━━━━━━━━━━━━━━━━━━━━━━━━━━━━━━━━━━ 71.0/71.0 kB 3.6 MB/s eta 0:00:00
#8 1.021 Downloading urllib3-2.5.0-py3-none-any.whl (129 kB)
#8 1.034    ━━━━━━━━━━━━━━━━━━━━━━━━━━━━━━━━━━━━━━━━ 129.8/129.8 kB 11.1 MB/s eta 0:00:00
#8 1.087 Installing collected packages: urllib3, idna, charset_normalizer, certifi, requests
#8 1.322 Successfully installed certifi-2025.10.5 charset_normalizer-3.4.4 idna-3.11 requests-2.32.5 urllib3-2.5.0
#8 1.322 WARNING: Running pip as the 'root' user can result in broken permissions and conflicting behaviour with the system package manager. It is recommended to use a virtual environment instead: https://pip.pypa.io/warnings/venv
#8 1.327 
#8 1.327 [notice] A new release of pip is available: 24.0 -> 25.3
#8 1.327 [notice] To update, run: pip install --upgrade pip
#8 DONE 1.4s

#9 [5/7] RUN ["pip","install","raven"]
#9 0.646 Collecting raven
#9 0.679   Downloading raven-6.10.0-py2.py3-none-any.whl.metadata (2.9 kB)
#9 0.725 Downloading raven-6.10.0-py2.py3-none-any.whl (284 kB)
#9 0.771    ━━━━━━━━━━━━━━━━━━━━━━━━━━━━━━━━━━━━━━━━ 284.3/284.3 kB 6.2 MB/s eta 0:00:00
#9 0.832 Installing collected packages: raven
#9 0.931 Successfully installed raven-6.10.0
#9 0.931 WARNING: Running pip as the 'root' user can result in broken permissions and conflicting behaviour with the system package manager. It is recommended to use a virtual environment instead: https://pip.pypa.io/warnings/venv
#9 0.937 
#9 0.937 [notice] A new release of pip is available: 24.0 -> 25.3
#9 0.937 [notice] To update, run: pip install --upgrade pip
#9 DONE 1.1s

#10 [6/7] RUN ["pip","install","Flask-SSLify"]
#10 0.682 Collecting Flask-SSLify
#10 0.717   Downloading Flask-SSLify-0.1.5.tar.gz (3.0 kB)
#10 0.730   Preparing metadata (setup.py): started
#10 1.153   Preparing metadata (setup.py): finished with status 'done'
#10 1.155 Requirement already satisfied: Flask in /usr/local/lib/python3.11/site-packages (from Flask-SSLify) (3.1.2)
#10 1.160 Requirement already satisfied: blinker>=1.9.0 in /usr/local/lib/python3.11/site-packages (from Flask->Flask-SSLify) (1.9.0)
#10 1.161 Requirement already satisfied: click>=8.1.3 in /usr/local/lib/python3.11/site-packages (from Flask->Flask-SSLify) (8.3.0)
#10 1.162 Requirement already satisfied: itsdangerous>=2.2.0 in /usr/local/lib/python3.11/site-packages (from Flask->Flask-SSLify) (2.2.0)
#10 1.163 Requirement already satisfied: jinja2>=3.1.2 in /usr/local/lib/python3.11/site-packages (from Flask->Flask-SSLify) (3.1.6)
#10 1.164 Requirement already satisfied: markupsafe>=2.1.1 in /usr/local/lib/python3.11/site-packages (from Flask->Flask-SSLify) (3.0.3)
#10 1.164 Requirement already satisfied: werkzeug>=3.1.0 in /usr/local/lib/python3.11/site-packages (from Flask->Flask-SSLify) (3.1.3)
#10 1.171 Building wheels for collected packages: Flask-SSLify
#10 1.172   Building wheel for Flask-SSLify (setup.py): started
#10 1.348   Building wheel for Flask-SSLify (setup.py): finished with status 'done'
#10 1.348   Created wheel for Flask-SSLify: filename=flask_sslify-0.1.5-py3-none-any.whl size=2487 sha256=1c470a3510a4efae49a792febd48062617ebd1d34904cc6aedd7a4e8fc6b7a86
#10 1.349   Stored in directory: /root/.cache/pip/wheels/0b/16/e6/3015c7b4bbfc207473bc831a959ffcffd3a699e5e1fd9d92dc
#10 1.350 Successfully built Flask-SSLify
#10 1.409 Installing collected packages: Flask-SSLify
#10 1.422 Successfully installed Flask-SSLify-0.1.5
#10 1.422 WARNING: Running pip as the 'root' user can result in broken permissions and conflicting behaviour with the system package manager. It is recommended to use a virtual environment instead: https://pip.pypa.io/warnings/venv
#10 1.427 
#10 1.427 [notice] A new release of pip is available: 24.0 -> 25.3
#10 1.427 [notice] To update, run: pip install --upgrade pip
#10 DONE 1.5s

#11 [7/7] RUN ["pip","install","flask-heroku"]
#11 0.613 Collecting flask-heroku
#11 0.744   Downloading flask-heroku-0.1.9.tar.gz (2.5 kB)
#11 0.767   Preparing metadata (setup.py): started
#11 0.886   Preparing metadata (setup.py): finished with status 'done'
#11 0.889 Requirement already satisfied: Flask in /usr/local/lib/python3.11/site-packages (from flask-heroku) (3.1.2)
#11 0.894 Requirement already satisfied: blinker>=1.9.0 in /usr/local/lib/python3.11/site-packages (from Flask->flask-heroku) (1.9.0)
#11 0.895 Requirement already satisfied: click>=8.1.3 in /usr/local/lib/python3.11/site-packages (from Flask->flask-heroku) (8.3.0)
#11 0.896 Requirement already satisfied: itsdangerous>=2.2.0 in /usr/local/lib/python3.11/site-packages (from Flask->flask-heroku) (2.2.0)
#11 0.897 Requirement already satisfied: jinja2>=3.1.2 in /usr/local/lib/python3.11/site-packages (from Flask->flask-heroku) (3.1.6)
#11 0.897 Requirement already satisfied: markupsafe>=2.1.1 in /usr/local/lib/python3.11/site-packages (from Flask->flask-heroku) (3.0.3)
#11 0.898 Requirement already satisfied: werkzeug>=3.1.0 in /usr/local/lib/python3.11/site-packages (from Flask->flask-heroku) (3.1.3)
#11 0.905 Building wheels for collected packages: flask-heroku
#11 0.909   Building wheel for flask-heroku (setup.py): started
#11 1.047   Building wheel for flask-heroku (setup.py): finished with status 'done'
#11 1.048   Created wheel for flask-heroku: filename=flask_heroku-0.1.9-py3-none-any.whl size=2541 sha256=fb9fe5c75ec4323093bf33bae3f7ee0a4c4ae01cede8e6371c1bb98ed4183f11
#11 1.048   Stored in directory: /root/.cache/pip/wheels/2b/3b/0f/289de46513623427d3144fc944047770d2627f08ecc0e17348
#11 1.050 Successfully built flask-heroku
#11 1.109 Installing collected packages: flask-heroku
#11 1.147 Successfully installed flask-heroku-0.1.9
#11 1.147 WARNING: Running pip as the 'root' user can result in broken permissions and conflicting behaviour with the system package manager. It is recommended to use a virtual environment instead: https://pip.pypa.io/warnings/venv
#11 1.152 
#11 1.152 [notice] A new release of pip is available: 24.0 -> 25.3
#11 1.152 [notice] To update, run: pip install --upgrade pip
#11 DONE 1.2s

#12 exporting to image
#12 exporting layers
#12 exporting layers 0.3s done
#12 writing image sha256:2d287e7381f50bd98980981106d73dcc955f43d14dfd87c8266343d4fb8b359e done
#12 naming to docker.io/library/test-image-2901479 0.0s done
#12 DONE 0.3s

View build details: docker-desktop://dashboard/build/default/default/opqo86g9y3yxg2svkzfh9gslb
[2025-10-29 13:20:50] SUCCESS: Build completed for 2901479
