=== Docker Build Log for 7680498 ===
Started at: Mi 29. Okt 17:14:27 CET 2025

[2025-10-29 17:14:27] START: Building image for 7680498
#0 building with "default" instance using docker driver

#1 [internal] load build definition from Dockerfile
#1 transferring dockerfile: 1.09kB done
#1 DONE 0.0s

#2 [internal] load metadata for docker.io/library/python:3.11
#2 DONE 0.0s

#3 [internal] load .dockerignore
#3 transferring context: 2B done
#3 DONE 0.0s

#4 [internal] load build context
#4 transferring context: 1.78kB 0.0s done
#4 DONE 0.0s

#5 [ 1/25] FROM docker.io/library/python:3.11
#5 CACHED

#6 [ 2/25] COPY hard-gists/7680498/snippet.py /snippet.py
#6 DONE 0.1s

#7 [ 3/25] RUN ["pip","install","zope.testing"]
#7 1.937 Collecting zope.testing
#7 1.985   Downloading zope_testing-6.0-py3-none-any.whl.metadata (19 kB)
#7 2.001 Requirement already satisfied: setuptools in /usr/local/lib/python3.11/site-packages (from zope.testing) (79.0.1)
#7 2.040 Downloading zope_testing-6.0-py3-none-any.whl (36 kB)
#7 2.092 Installing collected packages: zope.testing
#7 2.112 Successfully installed zope.testing-6.0
#7 2.112 WARNING: Running pip as the 'root' user can result in broken permissions and conflicting behaviour with the system package manager. It is recommended to use a virtual environment instead: https://pip.pypa.io/warnings/venv
#7 2.203 
#7 2.203 [notice] A new release of pip is available: 24.0 -> 25.3
#7 2.203 [notice] To update, run: pip install --upgrade pip
#7 DONE 2.4s

#8 [ 4/25] RUN ["pip","install","zope.container"]
#8 0.571 Collecting zope.container
#8 0.604   Downloading zope_container-7.0-cp311-cp311-manylinux1_x86_64.manylinux2014_x86_64.manylinux_2_17_x86_64.manylinux_2_5_x86_64.whl.metadata (15 kB)
#8 0.704 Collecting BTrees (from zope.container)
#8 0.713   Downloading btrees-6.2-cp311-cp311-manylinux2014_x86_64.manylinux_2_17_x86_64.whl.metadata (21 kB)
#8 0.800 Collecting persistent>=4.1.0 (from zope.container)
#8 0.810   Downloading persistent-6.3-cp311-cp311-manylinux1_x86_64.manylinux2014_x86_64.manylinux_2_17_x86_64.manylinux_2_5_x86_64.whl.metadata (22 kB)
#8 0.852 Collecting zope.cachedescriptors (from zope.container)
#8 0.863   Downloading zope_cachedescriptors-6.0-py3-none-any.whl.metadata (17 kB)
#8 0.904 Collecting zope.component (from zope.container)
#8 0.914   Downloading zope_component-7.0-py3-none-any.whl.metadata (18 kB)
#8 0.952 Collecting zope.deferredimport (from zope.container)
#8 0.962   Downloading zope_deferredimport-6.0-py3-none-any.whl.metadata (5.5 kB)
#8 0.998 Collecting zope.dottedname (from zope.container)
#8 1.008   Downloading zope_dottedname-7.0-py3-none-any.whl.metadata (3.9 kB)
#8 1.040 Collecting zope.event (from zope.container)
#8 1.050   Downloading zope_event-6.0-py3-none-any.whl.metadata (5.1 kB)
#8 1.089 Collecting zope.filerepresentation (from zope.container)
#8 1.099   Downloading zope_filerepresentation-7.0-py3-none-any.whl.metadata (5.1 kB)
#8 1.158 Collecting zope.i18nmessageid (from zope.container)
#8 1.167   Downloading zope_i18nmessageid-8.1-cp311-cp311-manylinux1_x86_64.manylinux2014_x86_64.manylinux_2_17_x86_64.manylinux_2_5_x86_64.whl.metadata (9.9 kB)
#8 1.294 Collecting zope.interface (from zope.container)
#8 1.303   Downloading zope_interface-8.0.1-cp311-cp311-manylinux1_x86_64.manylinux2014_x86_64.manylinux_2_17_x86_64.manylinux_2_5_x86_64.whl.metadata (44 kB)
#8 1.322      ━━━━━━━━━━━━━━━━━━━━━━━━━━━━━━━━━━━━━━━━ 44.9/44.9 kB 2.3 MB/s eta 0:00:00
#8 1.351 Collecting zope.lifecycleevent>=3.5.2 (from zope.container)
#8 1.360   Downloading zope_lifecycleevent-6.0-py3-none-any.whl.metadata (6.4 kB)
#8 1.396 Collecting zope.location>=3.5.4 (from zope.container)
#8 1.405   Downloading zope_location-6.0-py3-none-any.whl.metadata (10 kB)
#8 1.495 Collecting zope.proxy>=4.1.5 (from zope.container)
#8 1.504   Downloading zope_proxy-7.0-cp311-cp311-manylinux1_x86_64.manylinux2014_x86_64.manylinux_2_17_x86_64.manylinux_2_5_x86_64.whl.metadata (12 kB)
#8 1.545 Collecting zope.publisher (from zope.container)
#8 1.555   Downloading zope_publisher-8.0-py3-none-any.whl.metadata (23 kB)
#8 1.596 Collecting zope.schema (from zope.container)
#8 1.610   Downloading zope_schema-8.1-py3-none-any.whl.metadata (25 kB)
#8 1.703 Collecting zope.security (from zope.container)
#8 1.713   Downloading zope_security-8.2-cp311-cp311-manylinux1_x86_64.manylinux2014_x86_64.manylinux_2_17_x86_64.manylinux_2_5_x86_64.whl.metadata (25 kB)
#8 1.747 Collecting zope.size (from zope.container)
#8 1.759   Downloading zope_size-6.0-py3-none-any.whl.metadata (5.0 kB)
#8 1.798 Collecting zope.traversing>=4.0.0a1 (from zope.container)
#8 1.806   Downloading zope_traversing-6.0-py3-none-any.whl.metadata (12 kB)
#8 1.819 Requirement already satisfied: setuptools in /usr/local/lib/python3.11/site-packages (from zope.container) (79.0.1)
#8 1.936 Collecting cffi (from persistent>=4.1.0->zope.container)
#8 1.944   Downloading cffi-2.0.0-cp311-cp311-manylinux2014_x86_64.manylinux_2_17_x86_64.whl.metadata (2.6 kB)
#8 2.028 Collecting transaction (from zope.traversing>=4.0.0a1->zope.container)
#8 2.037   Downloading transaction-5.0-py3-none-any.whl.metadata (14 kB)
#8 2.076 Collecting zope.i18n (from zope.traversing>=4.0.0a1->zope.container)
#8 2.085   Downloading zope_i18n-6.0-py3-none-any.whl.metadata (14 kB)
#8 2.215 Collecting zope.hookable>=4.2.0 (from zope.component->zope.container)
#8 2.224   Downloading zope_hookable-8.1-cp311-cp311-manylinux1_x86_64.manylinux2014_x86_64.manylinux_2_17_x86_64.manylinux_2_5_x86_64.whl.metadata (6.7 kB)
#8 2.294 Collecting multipart>=1.1.0 (from zope.publisher->zope.container)
#8 2.304   Downloading multipart-1.3.0-py3-none-any.whl.metadata (4.9 kB)
#8 2.340 Collecting zope.browser (from zope.publisher->zope.container)
#8 2.349   Downloading zope_browser-4.0-py3-none-any.whl.metadata (4.9 kB)
#8 2.385 Collecting zope.configuration (from zope.publisher->zope.container)
#8 2.394   Downloading zope_configuration-7.0-py3-none-any.whl.metadata (11 kB)
#8 2.432 Collecting zope.contenttype>=4.0.0 (from zope.publisher->zope.container)
#8 2.441   Downloading zope_contenttype-6.0-py3-none-any.whl.metadata (6.0 kB)
#8 2.479 Collecting zope.exceptions (from zope.publisher->zope.container)
#8 2.488   Downloading zope_exceptions-6.0-py3-none-any.whl.metadata (9.0 kB)
#8 2.587 Collecting python-gettext (from zope.i18n->zope.traversing>=4.0.0a1->zope.container)
#8 2.600   Downloading python_gettext-5.0-py3-none-any.whl.metadata (4.6 kB)
#8 2.667 Collecting pytz (from zope.i18n->zope.traversing>=4.0.0a1->zope.container)
#8 2.676   Downloading pytz-2025.2-py2.py3-none-any.whl.metadata (22 kB)
#8 2.713 Collecting zope.deprecation (from zope.i18n->zope.traversing>=4.0.0a1->zope.container)
#8 2.722   Downloading zope_deprecation-6.0-py3-none-any.whl.metadata (5.5 kB)
#8 2.763 Collecting pycparser (from cffi->persistent>=4.1.0->zope.container)
#8 2.776   Downloading pycparser-2.23-py3-none-any.whl.metadata (993 bytes)
#8 2.844 Downloading zope_container-7.0-cp311-cp311-manylinux1_x86_64.manylinux2014_x86_64.manylinux_2_17_x86_64.manylinux_2_5_x86_64.whl (114 kB)
#8 2.869    ━━━━━━━━━━━━━━━━━━━━━━━━━━━━━━━━━━━━━━━━ 114.4/114.4 kB 4.7 MB/s eta 0:00:00
#8 2.878 Downloading persistent-6.3-cp311-cp311-manylinux1_x86_64.manylinux2014_x86_64.manylinux_2_17_x86_64.manylinux_2_5_x86_64.whl (233 kB)
#8 2.901    ━━━━━━━━━━━━━━━━━━━━━━━━━━━━━━━━━━━━━━━━ 233.7/233.7 kB 10.3 MB/s eta 0:00:00
#8 2.911 Downloading zope_lifecycleevent-6.0-py3-none-any.whl (17 kB)
#8 2.929 Downloading zope_location-6.0-py3-none-any.whl (19 kB)
#8 2.949 Downloading zope_interface-8.0.1-cp311-cp311-manylinux1_x86_64.manylinux2014_x86_64.manylinux_2_17_x86_64.manylinux_2_5_x86_64.whl (259 kB)
#8 2.974    ━━━━━━━━━━━━━━━━━━━━━━━━━━━━━━━━━━━━━━━━ 259.8/259.8 kB 10.9 MB/s eta 0:00:00
#8 2.984 Downloading zope_proxy-7.0-cp311-cp311-manylinux1_x86_64.manylinux2014_x86_64.manylinux_2_17_x86_64.manylinux_2_5_x86_64.whl (71 kB)
#8 2.998    ━━━━━━━━━━━━━━━━━━━━━━━━━━━━━━━━━━━━━━━━ 71.5/71.5 kB 4.9 MB/s eta 0:00:00
#8 3.008 Downloading zope_schema-8.1-py3-none-any.whl (85 kB)
#8 3.028    ━━━━━━━━━━━━━━━━━━━━━━━━━━━━━━━━━━━━━━━━ 85.0/85.0 kB 4.2 MB/s eta 0:00:00
#8 3.037 Downloading zope_traversing-6.0-py3-none-any.whl (46 kB)
#8 3.049    ━━━━━━━━━━━━━━━━━━━━━━━━━━━━━━━━━━━━━━━━ 47.0/47.0 kB 3.8 MB/s eta 0:00:00
#8 3.060 Downloading btrees-6.2-cp311-cp311-manylinux2014_x86_64.manylinux_2_17_x86_64.whl (1.3 MB)
#8 3.139    ━━━━━━━━━━━━━━━━━━━━━━━━━━━━━━━━━━━━━━━━ 1.3/1.3 MB 16.4 MB/s eta 0:00:00
#8 3.148 Downloading zope_cachedescriptors-6.0-py3-none-any.whl (12 kB)
#8 3.167 Downloading zope_component-7.0-py3-none-any.whl (68 kB)
#8 3.183    ━━━━━━━━━━━━━━━━━━━━━━━━━━━━━━━━━━━━━━━━ 68.3/68.3 kB 4.6 MB/s eta 0:00:00
#8 3.192 Downloading zope_deferredimport-6.0-py3-none-any.whl (9.4 kB)
#8 3.211 Downloading zope_dottedname-7.0-py3-none-any.whl (5.9 kB)
#8 3.232 Downloading zope_event-6.0-py3-none-any.whl (6.4 kB)
#8 3.254 Downloading zope_filerepresentation-7.0-py3-none-any.whl (7.7 kB)
#8 3.272 Downloading zope_i18nmessageid-8.1-cp311-cp311-manylinux1_x86_64.manylinux2014_x86_64.manylinux_2_17_x86_64.manylinux_2_5_x86_64.whl (31 kB)
#8 3.295 Downloading zope_publisher-8.0-py3-none-any.whl (119 kB)
#8 3.310    ━━━━━━━━━━━━━━━━━━━━━━━━━━━━━━━━━━━━━━━━ 119.3/119.3 kB 8.2 MB/s eta 0:00:00
#8 3.321 Downloading zope_security-8.2-cp311-cp311-manylinux1_x86_64.manylinux2014_x86_64.manylinux_2_17_x86_64.manylinux_2_5_x86_64.whl (182 kB)
#8 3.342    ━━━━━━━━━━━━━━━━━━━━━━━━━━━━━━━━━━━━━━━━ 182.6/182.6 kB 9.2 MB/s eta 0:00:00
#8 3.351 Downloading zope_size-6.0-py3-none-any.whl (7.4 kB)
#8 3.369 Downloading multipart-1.3.0-py3-none-any.whl (14 kB)
#8 3.388 Downloading zope_contenttype-6.0-py3-none-any.whl (13 kB)
#8 3.407 Downloading zope_hookable-8.1-cp311-cp311-manylinux1_x86_64.manylinux2014_x86_64.manylinux_2_17_x86_64.manylinux_2_5_x86_64.whl (24 kB)
#8 3.426 Downloading zope_i18n-6.0-py3-none-any.whl (798 kB)
#8 3.480    ━━━━━━━━━━━━━━━━━━━━━━━━━━━━━━━━━━━━━━━━ 798.7/798.7 kB 15.4 MB/s eta 0:00:00
#8 3.489 Downloading cffi-2.0.0-cp311-cp311-manylinux2014_x86_64.manylinux_2_17_x86_64.whl (215 kB)
#8 3.510    ━━━━━━━━━━━━━━━━━━━━━━━━━━━━━━━━━━━━━━━━ 215.6/215.6 kB 10.8 MB/s eta 0:00:00
#8 3.520 Downloading transaction-5.0-py3-none-any.whl (46 kB)
#8 3.531    ━━━━━━━━━━━━━━━━━━━━━━━━━━━━━━━━━━━━━━━━ 46.3/46.3 kB 3.8 MB/s eta 0:00:00
#8 3.540 Downloading zope_browser-4.0-py3-none-any.whl (7.1 kB)
#8 3.559 Downloading zope_configuration-7.0-py3-none-any.whl (78 kB)
#8 3.573    ━━━━━━━━━━━━━━━━━━━━━━━━━━━━━━━━━━━━━━━━ 78.5/78.5 kB 5.8 MB/s eta 0:00:00
#8 3.582 Downloading zope_exceptions-6.0-py3-none-any.whl (19 kB)
#8 3.600 Downloading pycparser-2.23-py3-none-any.whl (118 kB)
#8 3.615    ━━━━━━━━━━━━━━━━━━━━━━━━━━━━━━━━━━━━━━━━ 118.1/118.1 kB 8.4 MB/s eta 0:00:00
#8 3.624 Downloading python_gettext-5.0-py3-none-any.whl (13 kB)
#8 3.641 Downloading pytz-2025.2-py2.py3-none-any.whl (509 kB)
#8 3.682    ━━━━━━━━━━━━━━━━━━━━━━━━━━━━━━━━━━━━━━━━ 509.2/509.2 kB 12.9 MB/s eta 0:00:00
#8 3.691 Downloading zope_deprecation-6.0-py3-none-any.whl (9.5 kB)
#8 3.912 Installing collected packages: pytz, zope.interface, zope.i18nmessageid, zope.hookable, zope.event, zope.dottedname, zope.deprecation, zope.contenttype, zope.cachedescriptors, python-gettext, pycparser, multipart, zope.size, zope.schema, zope.proxy, zope.lifecycleevent, zope.exceptions, zope.component, zope.browser, transaction, cffi, zope.location, zope.i18n, zope.filerepresentation, zope.deferredimport, zope.configuration, zope.security, persistent, zope.publisher, BTrees, zope.traversing, zope.container
#8 5.502 Successfully installed BTrees-6.2 cffi-2.0.0 multipart-1.3.0 persistent-6.3 pycparser-2.23 python-gettext-5.0 pytz-2025.2 transaction-5.0 zope.browser-4.0 zope.cachedescriptors-6.0 zope.component-7.0 zope.configuration-7.0 zope.container-7.0 zope.contenttype-6.0 zope.deferredimport-6.0 zope.deprecation-6.0 zope.dottedname-7.0 zope.event-6.0 zope.exceptions-6.0 zope.filerepresentation-7.0 zope.hookable-8.1 zope.i18n-6.0 zope.i18nmessageid-8.1 zope.interface-8.0.1 zope.lifecycleevent-6.0 zope.location-6.0 zope.proxy-7.0 zope.publisher-8.0 zope.schema-8.1 zope.security-8.2 zope.size-6.0 zope.traversing-6.0
#8 5.502 WARNING: Running pip as the 'root' user can result in broken permissions and conflicting behaviour with the system package manager. It is recommended to use a virtual environment instead: https://pip.pypa.io/warnings/venv
#8 5.508 
#8 5.508 [notice] A new release of pip is available: 24.0 -> 25.3
#8 5.508 [notice] To update, run: pip install --upgrade pip
#8 DONE 5.9s

#9 [ 5/25] RUN ["pip","install","zope.applicationcontrol"]
#9 0.542 Collecting zope.applicationcontrol
#9 0.576   Downloading zope_applicationcontrol-6.0-py3-none-any.whl.metadata (3.6 kB)
#9 0.595 Requirement already satisfied: setuptools in /usr/local/lib/python3.11/site-packages (from zope.applicationcontrol) (79.0.1)
#9 0.597 Requirement already satisfied: zope.interface in /usr/local/lib/python3.11/site-packages (from zope.applicationcontrol) (8.0.1)
#9 0.598 Requirement already satisfied: zope.component in /usr/local/lib/python3.11/site-packages (from zope.applicationcontrol) (7.0)
#9 0.599 Requirement already satisfied: zope.location in /usr/local/lib/python3.11/site-packages (from zope.applicationcontrol) (6.0)
#9 0.601 Requirement already satisfied: zope.security in /usr/local/lib/python3.11/site-packages (from zope.applicationcontrol) (8.2)
#9 0.602 Requirement already satisfied: zope.traversing>=3.7.0 in /usr/local/lib/python3.11/site-packages (from zope.applicationcontrol) (6.0)
#9 0.611 Requirement already satisfied: transaction in /usr/local/lib/python3.11/site-packages (from zope.traversing>=3.7.0->zope.applicationcontrol) (5.0)
#9 0.613 Requirement already satisfied: zope.i18n in /usr/local/lib/python3.11/site-packages (from zope.traversing>=3.7.0->zope.applicationcontrol) (6.0)
#9 0.614 Requirement already satisfied: zope.i18nmessageid in /usr/local/lib/python3.11/site-packages (from zope.traversing>=3.7.0->zope.applicationcontrol) (8.1)
#9 0.616 Requirement already satisfied: zope.proxy in /usr/local/lib/python3.11/site-packages (from zope.traversing>=3.7.0->zope.applicationcontrol) (7.0)
#9 0.617 Requirement already satisfied: zope.publisher in /usr/local/lib/python3.11/site-packages (from zope.traversing>=3.7.0->zope.applicationcontrol) (8.0)
#9 0.635 Requirement already satisfied: zope.schema>=4.2.2 in /usr/local/lib/python3.11/site-packages (from zope.location->zope.applicationcontrol) (8.1)
#9 0.677 Requirement already satisfied: zope.event in /usr/local/lib/python3.11/site-packages (from zope.component->zope.applicationcontrol) (6.0)
#9 0.678 Requirement already satisfied: zope.hookable>=4.2.0 in /usr/local/lib/python3.11/site-packages (from zope.component->zope.applicationcontrol) (8.1)
#9 0.721 Requirement already satisfied: python-gettext in /usr/local/lib/python3.11/site-packages (from zope.i18n->zope.traversing>=3.7.0->zope.applicationcontrol) (5.0)
#9 0.722 Requirement already satisfied: pytz in /usr/local/lib/python3.11/site-packages (from zope.i18n->zope.traversing>=3.7.0->zope.applicationcontrol) (2025.2)
#9 0.723 Requirement already satisfied: zope.deprecation in /usr/local/lib/python3.11/site-packages (from zope.i18n->zope.traversing>=3.7.0->zope.applicationcontrol) (6.0)
#9 0.738 Requirement already satisfied: multipart>=1.1.0 in /usr/local/lib/python3.11/site-packages (from zope.publisher->zope.traversing>=3.7.0->zope.applicationcontrol) (1.3.0)
#9 0.739 Requirement already satisfied: zope.browser in /usr/local/lib/python3.11/site-packages (from zope.publisher->zope.traversing>=3.7.0->zope.applicationcontrol) (4.0)
#9 0.740 Requirement already satisfied: zope.configuration in /usr/local/lib/python3.11/site-packages (from zope.publisher->zope.traversing>=3.7.0->zope.applicationcontrol) (7.0)
#9 0.741 Requirement already satisfied: zope.contenttype>=4.0.0 in /usr/local/lib/python3.11/site-packages (from zope.publisher->zope.traversing>=3.7.0->zope.applicationcontrol) (6.0)
#9 0.742 Requirement already satisfied: zope.exceptions in /usr/local/lib/python3.11/site-packages (from zope.publisher->zope.traversing>=3.7.0->zope.applicationcontrol) (6.0)
#9 0.790 Downloading zope_applicationcontrol-6.0-py3-none-any.whl (11 kB)
#9 1.015 Installing collected packages: zope.applicationcontrol
#9 1.067 Successfully installed zope.applicationcontrol-6.0
#9 1.067 WARNING: Running pip as the 'root' user can result in broken permissions and conflicting behaviour with the system package manager. It is recommended to use a virtual environment instead: https://pip.pypa.io/warnings/venv
#9 1.073 
#9 1.073 [notice] A new release of pip is available: 24.0 -> 25.3
#9 1.073 [notice] To update, run: pip install --upgrade pip
#9 DONE 1.1s

#10 [ 6/25] RUN ["pip","install","zope.app.http"]
#10 0.566 Collecting zope.app.http
#10 0.605   Downloading zope_app_http-6.0-py3-none-any.whl.metadata (6.1 kB)
#10 0.623 Requirement already satisfied: setuptools in /usr/local/lib/python3.11/site-packages (from zope.app.http) (79.0.1)
#10 0.624 Requirement already satisfied: zope.interface in /usr/local/lib/python3.11/site-packages (from zope.app.http) (8.0.1)
#10 0.626 Requirement already satisfied: zope.publisher>=4.0.0a2 in /usr/local/lib/python3.11/site-packages (from zope.app.http) (8.0)
#10 0.627 Requirement already satisfied: zope.container>=4.0.0a2 in /usr/local/lib/python3.11/site-packages (from zope.app.http) (7.0)
#10 0.628 Requirement already satisfied: zope.filerepresentation in /usr/local/lib/python3.11/site-packages (from zope.app.http) (7.0)
#10 0.643 Requirement already satisfied: BTrees in /usr/local/lib/python3.11/site-packages (from zope.container>=4.0.0a2->zope.app.http) (6.2)
#10 0.644 Requirement already satisfied: persistent>=4.1.0 in /usr/local/lib/python3.11/site-packages (from zope.container>=4.0.0a2->zope.app.http) (6.3)
#10 0.645 Requirement already satisfied: zope.cachedescriptors in /usr/local/lib/python3.11/site-packages (from zope.container>=4.0.0a2->zope.app.http) (6.0)
#10 0.647 Requirement already satisfied: zope.component in /usr/local/lib/python3.11/site-packages (from zope.container>=4.0.0a2->zope.app.http) (7.0)
#10 0.647 Requirement already satisfied: zope.deferredimport in /usr/local/lib/python3.11/site-packages (from zope.container>=4.0.0a2->zope.app.http) (6.0)
#10 0.648 Requirement already satisfied: zope.dottedname in /usr/local/lib/python3.11/site-packages (from zope.container>=4.0.0a2->zope.app.http) (7.0)
#10 0.649 Requirement already satisfied: zope.event in /usr/local/lib/python3.11/site-packages (from zope.container>=4.0.0a2->zope.app.http) (6.0)
#10 0.651 Requirement already satisfied: zope.i18nmessageid in /usr/local/lib/python3.11/site-packages (from zope.container>=4.0.0a2->zope.app.http) (8.1)
#10 0.652 Requirement already satisfied: zope.lifecycleevent>=3.5.2 in /usr/local/lib/python3.11/site-packages (from zope.container>=4.0.0a2->zope.app.http) (6.0)
#10 0.653 Requirement already satisfied: zope.location>=3.5.4 in /usr/local/lib/python3.11/site-packages (from zope.container>=4.0.0a2->zope.app.http) (6.0)
#10 0.655 Requirement already satisfied: zope.proxy>=4.1.5 in /usr/local/lib/python3.11/site-packages (from zope.container>=4.0.0a2->zope.app.http) (7.0)
#10 0.656 Requirement already satisfied: zope.schema in /usr/local/lib/python3.11/site-packages (from zope.container>=4.0.0a2->zope.app.http) (8.1)
#10 0.658 Requirement already satisfied: zope.security in /usr/local/lib/python3.11/site-packages (from zope.container>=4.0.0a2->zope.app.http) (8.2)
#10 0.659 Requirement already satisfied: zope.size in /usr/local/lib/python3.11/site-packages (from zope.container>=4.0.0a2->zope.app.http) (6.0)
#10 0.660 Requirement already satisfied: zope.traversing>=4.0.0a1 in /usr/local/lib/python3.11/site-packages (from zope.container>=4.0.0a2->zope.app.http) (6.0)
#10 0.670 Requirement already satisfied: multipart>=1.1.0 in /usr/local/lib/python3.11/site-packages (from zope.publisher>=4.0.0a2->zope.app.http) (1.3.0)
#10 0.671 Requirement already satisfied: zope.browser in /usr/local/lib/python3.11/site-packages (from zope.publisher>=4.0.0a2->zope.app.http) (4.0)
#10 0.673 Requirement already satisfied: zope.configuration in /usr/local/lib/python3.11/site-packages (from zope.publisher>=4.0.0a2->zope.app.http) (7.0)
#10 0.674 Requirement already satisfied: zope.contenttype>=4.0.0 in /usr/local/lib/python3.11/site-packages (from zope.publisher>=4.0.0a2->zope.app.http) (6.0)
#10 0.675 Requirement already satisfied: zope.exceptions in /usr/local/lib/python3.11/site-packages (from zope.publisher>=4.0.0a2->zope.app.http) (6.0)
#10 0.676 Requirement already satisfied: zope.i18n>=4.0.0 in /usr/local/lib/python3.11/site-packages (from zope.publisher>=4.0.0a2->zope.app.http) (6.0)
#10 0.732 Requirement already satisfied: cffi in /usr/local/lib/python3.11/site-packages (from persistent>=4.1.0->zope.container>=4.0.0a2->zope.app.http) (2.0.0)
#10 0.746 Requirement already satisfied: python-gettext in /usr/local/lib/python3.11/site-packages (from zope.i18n>=4.0.0->zope.publisher>=4.0.0a2->zope.app.http) (5.0)
#10 0.747 Requirement already satisfied: pytz in /usr/local/lib/python3.11/site-packages (from zope.i18n>=4.0.0->zope.publisher>=4.0.0a2->zope.app.http) (2025.2)
#10 0.748 Requirement already satisfied: zope.deprecation in /usr/local/lib/python3.11/site-packages (from zope.i18n>=4.0.0->zope.publisher>=4.0.0a2->zope.app.http) (6.0)
#10 0.810 Requirement already satisfied: transaction in /usr/local/lib/python3.11/site-packages (from zope.traversing>=4.0.0a1->zope.container>=4.0.0a2->zope.app.http) (5.0)
#10 0.846 Requirement already satisfied: zope.hookable>=4.2.0 in /usr/local/lib/python3.11/site-packages (from zope.component->zope.container>=4.0.0a2->zope.app.http) (8.1)
#10 0.891 Requirement already satisfied: pycparser in /usr/local/lib/python3.11/site-packages (from cffi->persistent>=4.1.0->zope.container>=4.0.0a2->zope.app.http) (2.23)
#10 0.922 Downloading zope_app_http-6.0-py3-none-any.whl (23 kB)
#10 1.139 Installing collected packages: zope.app.http
#10 1.193 Successfully installed zope.app.http-6.0
#10 1.194 WARNING: Running pip as the 'root' user can result in broken permissions and conflicting behaviour with the system package manager. It is recommended to use a virtual environment instead: https://pip.pypa.io/warnings/venv
#10 1.199 
#10 1.199 [notice] A new release of pip is available: 24.0 -> 25.3
#10 1.199 [notice] To update, run: pip install --upgrade pip
#10 DONE 1.3s

#11 [ 7/25] RUN ["pip","install","zope.i18n"]
#11 0.469 Requirement already satisfied: zope.i18n in /usr/local/lib/python3.11/site-packages (6.0)
#11 0.478 Requirement already satisfied: setuptools in /usr/local/lib/python3.11/site-packages (from zope.i18n) (79.0.1)
#11 0.478 Requirement already satisfied: python-gettext in /usr/local/lib/python3.11/site-packages (from zope.i18n) (5.0)
#11 0.479 Requirement already satisfied: pytz in /usr/local/lib/python3.11/site-packages (from zope.i18n) (2025.2)
#11 0.480 Requirement already satisfied: zope.deprecation in /usr/local/lib/python3.11/site-packages (from zope.i18n) (6.0)
#11 0.481 Requirement already satisfied: zope.schema in /usr/local/lib/python3.11/site-packages (from zope.i18n) (8.1)
#11 0.483 Requirement already satisfied: zope.i18nmessageid>=4.3 in /usr/local/lib/python3.11/site-packages (from zope.i18n) (8.1)
#11 0.484 Requirement already satisfied: zope.component in /usr/local/lib/python3.11/site-packages (from zope.i18n) (7.0)
#11 0.529 Requirement already satisfied: zope.event in /usr/local/lib/python3.11/site-packages (from zope.component->zope.i18n) (6.0)
#11 0.530 Requirement already satisfied: zope.hookable>=4.2.0 in /usr/local/lib/python3.11/site-packages (from zope.component->zope.i18n) (8.1)
#11 0.531 Requirement already satisfied: zope.interface>=5.3 in /usr/local/lib/python3.11/site-packages (from zope.component->zope.i18n) (8.0.1)
#11 0.721 WARNING: Running pip as the 'root' user can result in broken permissions and conflicting behaviour with the system package manager. It is recommended to use a virtual environment instead: https://pip.pypa.io/warnings/venv
#11 0.726 
#11 0.726 [notice] A new release of pip is available: 24.0 -> 25.3
#11 0.726 [notice] To update, run: pip install --upgrade pip
#11 DONE 0.8s

#12 [ 8/25] RUN ["pip","install","zope.app.component"]
#12 0.568 Collecting zope.app.component
#12 0.605   Downloading zope_app_component-6.0-py3-none-any.whl.metadata (9.3 kB)
#12 0.642 Requirement already satisfied: setuptools in /usr/local/lib/python3.11/site-packages (from zope.app.component) (79.0.1)
#12 0.677 Collecting zope.site (from zope.app.component)
#12 0.687   Downloading zope_site-6.0-py3-none-any.whl.metadata (21 kB)
#12 0.740 Collecting zope.app.container>=4.0 (from zope.app.component)
#12 0.749   Downloading zope_app_container-6.0-py3-none-any.whl.metadata (8.5 kB)
#12 0.803 Collecting zope.app.pagetemplate>=4.0 (from zope.app.component)
#12 0.813   Downloading zope_app_pagetemplate-6.0-py3-none-any.whl.metadata (5.6 kB)
#12 0.829 Requirement already satisfied: zope.component>=4.3.0 in /usr/local/lib/python3.11/site-packages (from zope.component[hook,zcml]>=4.3.0->zope.app.component) (7.0)
#12 0.831 Requirement already satisfied: zope.deprecation in /usr/local/lib/python3.11/site-packages (from zope.app.component) (6.0)
#12 0.832 Requirement already satisfied: zope.exceptions in /usr/local/lib/python3.11/site-packages (from zope.app.component) (6.0)
#12 0.861 Collecting zope.formlib (from zope.app.component)
#12 0.872   Downloading zope_formlib-7.0-py3-none-any.whl.metadata (10 kB)
#12 0.884 Requirement already satisfied: zope.i18nmessageid in /usr/local/lib/python3.11/site-packages (from zope.app.component) (8.1)
#12 0.886 Requirement already satisfied: zope.interface in /usr/local/lib/python3.11/site-packages (from zope.app.component) (8.0.1)
#12 0.889 Requirement already satisfied: zope.publisher>=4.3.1 in /usr/local/lib/python3.11/site-packages (from zope.app.component) (8.0)
#12 0.891 Requirement already satisfied: zope.schema in /usr/local/lib/python3.11/site-packages (from zope.app.component) (8.1)
#12 0.893 Requirement already satisfied: zope.security in /usr/local/lib/python3.11/site-packages (from zope.app.component) (8.2)
#12 0.895 Requirement already satisfied: zope.traversing in /usr/local/lib/python3.11/site-packages (from zope.app.component) (6.0)
#12 0.928 Collecting zope.componentvocabulary (from zope.app.component)
#12 0.937   Downloading zope.componentvocabulary-4.0-py3-none-any.whl.metadata (4.1 kB)
#12 0.971 Requirement already satisfied: zope.browser in /usr/local/lib/python3.11/site-packages (from zope.app.container>=4.0->zope.app.component) (4.0)
#12 0.996 Collecting zope.browsermenu (from zope.app.container>=4.0->zope.app.component)
#12 1.006   Downloading zope_browsermenu-6.0-py3-none-any.whl.metadata (4.6 kB)
#12 1.052 Collecting zope.browserpage (from zope.app.container>=4.0->zope.app.component)
#12 1.062   Downloading zope_browserpage-6.0-py3-none-any.whl.metadata (5.8 kB)
#12 1.078 Requirement already satisfied: zope.container in /usr/local/lib/python3.11/site-packages (from zope.app.container>=4.0->zope.app.component) (7.0)
#12 1.103 Collecting zope.copypastemove (from zope.app.container>=4.0->zope.app.component)
#12 1.113   Downloading zope_copypastemove-6.0-py3-none-any.whl.metadata (6.8 kB)
#12 1.153 Collecting zope.dublincore>=3.7 (from zope.app.container>=4.0->zope.app.component)
#12 1.163   Downloading zope_dublincore-6.0-py3-none-any.whl.metadata (8.6 kB)
#12 1.178 Requirement already satisfied: zope.event in /usr/local/lib/python3.11/site-packages (from zope.app.container>=4.0->zope.app.component) (6.0)
#12 1.180 Requirement already satisfied: zope.i18n in /usr/local/lib/python3.11/site-packages (from zope.app.container>=4.0->zope.app.component) (6.0)
#12 1.182 Requirement already satisfied: zope.lifecycleevent in /usr/local/lib/python3.11/site-packages (from zope.app.container>=4.0->zope.app.component) (6.0)
#12 1.183 Requirement already satisfied: zope.location in /usr/local/lib/python3.11/site-packages (from zope.app.container>=4.0->zope.app.component) (6.0)
#12 1.184 Requirement already satisfied: zope.size in /usr/local/lib/python3.11/site-packages (from zope.app.container>=4.0->zope.app.component) (6.0)
#12 1.193 Requirement already satisfied: zope.configuration in /usr/local/lib/python3.11/site-packages (from zope.app.pagetemplate>=4.0->zope.app.component) (7.0)
#12 1.226 Collecting zope.pagetemplate>=3.5.1 (from zope.app.pagetemplate>=4.0->zope.app.component)
#12 1.235   Downloading zope_pagetemplate-6.0-py3-none-any.whl.metadata (10 kB)
#12 1.274 Collecting zope.tales (from zope.app.pagetemplate>=4.0->zope.app.component)
#12 1.283   Downloading zope_tales-7.0-py3-none-any.whl.metadata (7.2 kB)
#12 1.316 Requirement already satisfied: zope.hookable>=4.2.0 in /usr/local/lib/python3.11/site-packages (from zope.component>=4.3.0->zope.component[hook,zcml]>=4.3.0->zope.app.component) (8.1)
#12 1.344 Requirement already satisfied: multipart>=1.1.0 in /usr/local/lib/python3.11/site-packages (from zope.publisher>=4.3.1->zope.app.component) (1.3.0)
#12 1.346 Requirement already satisfied: zope.contenttype>=4.0.0 in /usr/local/lib/python3.11/site-packages (from zope.publisher>=4.3.1->zope.app.component) (6.0)
#12 1.349 Requirement already satisfied: zope.proxy in /usr/local/lib/python3.11/site-packages (from zope.publisher>=4.3.1->zope.app.component) (7.0)
#12 1.425 Requirement already satisfied: pytz in /usr/local/lib/python3.11/site-packages (from zope.formlib->zope.app.component) (2025.2)
#12 1.471 Collecting zope.browserresource (from zope.formlib->zope.app.component)
#12 1.480   Downloading zope_browserresource-6.0-py3-none-any.whl.metadata (9.7 kB)
#12 1.532 Collecting zope.datetime (from zope.formlib->zope.app.component)
#12 1.542   Downloading zope_datetime-6.0-py3-none-any.whl.metadata (4.8 kB)
#12 1.602 Collecting zope.annotation (from zope.site->zope.app.component)
#12 1.611   Downloading zope_annotation-6.0-py3-none-any.whl.metadata (7.1 kB)
#12 1.634 Requirement already satisfied: transaction in /usr/local/lib/python3.11/site-packages (from zope.traversing->zope.app.component) (5.0)
#12 1.683 Collecting zope.tal>=4.2.0 (from zope.browserpage->zope.app.container>=4.0->zope.app.component)
#12 1.692   Downloading zope_tal-6.0-py3-none-any.whl.metadata (8.0 kB)
#12 1.725 Requirement already satisfied: persistent in /usr/local/lib/python3.11/site-packages (from zope.dublincore>=3.7->zope.app.container>=4.0->zope.app.component) (6.3)
#12 1.744 Requirement already satisfied: python-gettext in /usr/local/lib/python3.11/site-packages (from zope.i18n->zope.app.container>=4.0->zope.app.component) (5.0)
#12 1.873 Requirement already satisfied: BTrees in /usr/local/lib/python3.11/site-packages (from zope.container->zope.app.container>=4.0->zope.app.component) (6.2)
#12 1.875 Requirement already satisfied: zope.cachedescriptors in /usr/local/lib/python3.11/site-packages (from zope.container->zope.app.container>=4.0->zope.app.component) (6.0)
#12 1.876 Requirement already satisfied: zope.deferredimport in /usr/local/lib/python3.11/site-packages (from zope.container->zope.app.container>=4.0->zope.app.component) (6.0)
#12 1.877 Requirement already satisfied: zope.dottedname in /usr/local/lib/python3.11/site-packages (from zope.container->zope.app.container>=4.0->zope.app.component) (7.0)
#12 1.878 Requirement already satisfied: zope.filerepresentation in /usr/local/lib/python3.11/site-packages (from zope.container->zope.app.container>=4.0->zope.app.component) (7.0)
#12 1.937 Collecting zope.copy (from zope.copypastemove->zope.app.container>=4.0->zope.app.component)
#12 1.946   Downloading zope_copy-6.0-py3-none-any.whl.metadata (4.8 kB)
#12 2.003 Requirement already satisfied: cffi in /usr/local/lib/python3.11/site-packages (from persistent->zope.dublincore>=3.7->zope.app.container>=4.0->zope.app.component) (2.0.0)
#12 2.142 Collecting zodbpickle (from zope.copy->zope.copypastemove->zope.app.container>=4.0->zope.app.component)
#12 2.152   Downloading zodbpickle-4.2-cp311-cp311-manylinux_2_17_x86_64.manylinux2014_x86_64.whl.metadata (13 kB)
#12 2.192 Requirement already satisfied: pycparser in /usr/local/lib/python3.11/site-packages (from cffi->persistent->zope.dublincore>=3.7->zope.app.container>=4.0->zope.app.component) (2.23)
#12 2.218 Downloading zope_app_component-6.0-py3-none-any.whl (30 kB)
#12 2.237 Downloading zope_app_container-6.0-py3-none-any.whl (45 kB)
#12 2.254    ━━━━━━━━━━━━━━━━━━━━━━━━━━━━━━━━━━━━━━━━ 45.7/45.7 kB 2.5 MB/s eta 0:00:00
#12 2.264 Downloading zope_app_pagetemplate-6.0-py3-none-any.whl (21 kB)
#12 2.284 Downloading zope.componentvocabulary-4.0-py3-none-any.whl (11 kB)
#12 2.304 Downloading zope_formlib-7.0-py3-none-any.whl (165 kB)
#12 2.322    ━━━━━━━━━━━━━━━━━━━━━━━━━━━━━━━━━━━━━━━━ 165.0/165.0 kB 9.7 MB/s eta 0:00:00
#12 2.332 Downloading zope_site-6.0-py3-none-any.whl (29 kB)
#12 2.354 Downloading zope_browserpage-6.0-py3-none-any.whl (31 kB)
#12 2.374 Downloading zope_dublincore-6.0-py3-none-any.whl (39 kB)
#12 2.396 Downloading zope_pagetemplate-6.0-py3-none-any.whl (44 kB)
#12 2.411    ━━━━━━━━━━━━━━━━━━━━━━━━━━━━━━━━━━━━━━━━ 44.5/44.5 kB 2.5 MB/s eta 0:00:00
#12 2.421 Downloading zope_annotation-6.0-py3-none-any.whl (13 kB)
#12 2.445 Downloading zope_browsermenu-6.0-py3-none-any.whl (30 kB)
#12 2.476 Downloading zope_browserresource-6.0-py3-none-any.whl (40 kB)
#12 2.486    ━━━━━━━━━━━━━━━━━━━━━━━━━━━━━━━━━━━━━━━━ 40.0/40.0 kB 3.3 MB/s eta 0:00:00
#12 2.496 Downloading zope_copypastemove-6.0-py3-none-any.whl (19 kB)
#12 2.523 Downloading zope_datetime-6.0-py3-none-any.whl (42 kB)
#12 2.548    ━━━━━━━━━━━━━━━━━━━━━━━━━━━━━━━━━━━━━━━━ 42.8/42.8 kB 1.4 MB/s eta 0:00:00
#12 2.558 Downloading zope_tales-7.0-py3-none-any.whl (29 kB)
#12 2.578 Downloading zope_tal-6.0-py3-none-any.whl (135 kB)
#12 2.596    ━━━━━━━━━━━━━━━━━━━━━━━━━━━━━━━━━━━━━━━━ 135.3/135.3 kB 7.9 MB/s eta 0:00:00
#12 2.605 Downloading zope_copy-6.0-py3-none-any.whl (9.6 kB)
#12 2.624 Downloading zodbpickle-4.2-cp311-cp311-manylinux_2_17_x86_64.manylinux2014_x86_64.whl (299 kB)
#12 2.643    ━━━━━━━━━━━━━━━━━━━━━━━━━━━━━━━━━━━━━━━━ 299.1/299.1 kB 16.7 MB/s eta 0:00:00
#12 2.972 Installing collected packages: zope.tales, zope.tal, zope.datetime, zodbpickle, zope.copy, zope.annotation, zope.componentvocabulary, zope.dublincore, zope.pagetemplate, zope.browserresource, zope.site, zope.copypastemove, zope.browserpage, zope.browsermenu, zope.formlib, zope.app.pagetemplate, zope.app.container, zope.app.component
#12 3.562 Successfully installed zodbpickle-4.2 zope.annotation-6.0 zope.app.component-6.0 zope.app.container-6.0 zope.app.pagetemplate-6.0 zope.browsermenu-6.0 zope.browserpage-6.0 zope.browserresource-6.0 zope.componentvocabulary-4.0 zope.copy-6.0 zope.copypastemove-6.0 zope.datetime-6.0 zope.dublincore-6.0 zope.formlib-7.0 zope.pagetemplate-6.0 zope.site-6.0 zope.tal-6.0 zope.tales-7.0
#12 3.562 WARNING: Running pip as the 'root' user can result in broken permissions and conflicting behaviour with the system package manager. It is recommended to use a virtual environment instead: https://pip.pypa.io/warnings/venv
#12 3.568 
#12 3.568 [notice] A new release of pip is available: 24.0 -> 25.3
#12 3.568 [notice] To update, run: pip install --upgrade pip
#12 DONE 3.8s

#13 [ 9/25] RUN ["pip","install","zope.app.principalannotation"]
#13 0.551 Collecting zope.app.principalannotation
#13 0.586   Downloading zope.app.principalannotation-5.0-py3-none-any.whl.metadata (3.6 kB)
#13 0.605 Requirement already satisfied: setuptools in /usr/local/lib/python3.11/site-packages (from zope.app.principalannotation) (79.0.1)
#13 0.606 Requirement already satisfied: transaction in /usr/local/lib/python3.11/site-packages (from zope.app.principalannotation) (5.0)
#13 0.636 Collecting zope.app.appsetup>=4.0.0 (from zope.app.principalannotation)
#13 0.646   Downloading zope_app_appsetup-6.0-py3-none-any.whl.metadata (19 kB)
#13 0.694 Collecting zope.processlifetime>=2.1.0 (from zope.app.principalannotation)
#13 0.703   Downloading zope_processlifetime-4.0-py3-none-any.whl.metadata (4.4 kB)
#13 0.750 Collecting zope.principalannotation>=4.0.0 (from zope.app.principalannotation)
#13 0.759   Downloading zope_principalannotation-6.0-py3-none-any.whl.metadata (5.7 kB)
#13 0.815 Collecting ZODB (from zope.app.appsetup>=4.0.0->zope.app.principalannotation)
#13 0.825   Downloading zodb-6.1-py3-none-any.whl.metadata (25 kB)
#13 0.873 Collecting zdaemon (from zope.app.appsetup>=4.0.0->zope.app.principalannotation)
#13 0.888   Downloading zdaemon-5.2.1-py3-none-any.whl.metadata (26 kB)
#13 0.939 Collecting zope.app.publication>=4.0 (from zope.app.appsetup>=4.0.0->zope.app.principalannotation)
#13 0.949   Downloading zope_app_publication-6.0-py3-none-any.whl.metadata (9.5 kB)
#13 0.966 Requirement already satisfied: zope.component>=3.8.0 in /usr/local/lib/python3.11/site-packages (from zope.app.appsetup>=4.0.0->zope.app.principalannotation) (7.0)
#13 0.967 Requirement already satisfied: zope.configuration in /usr/local/lib/python3.11/site-packages (from zope.app.appsetup>=4.0.0->zope.app.principalannotation) (7.0)
#13 0.968 Requirement already satisfied: zope.container>=4.0.0a2 in /usr/local/lib/python3.11/site-packages (from zope.app.appsetup>=4.0.0->zope.app.principalannotation) (7.0)
#13 1.000 Collecting zope.error (from zope.app.appsetup>=4.0.0->zope.app.principalannotation)
#13 1.010   Downloading zope_error-6.0-py3-none-any.whl.metadata (6.1 kB)
#13 1.035 Requirement already satisfied: zope.event in /usr/local/lib/python3.11/site-packages (from zope.app.appsetup>=4.0.0->zope.app.principalannotation) (6.0)
#13 1.037 Requirement already satisfied: zope.interface in /usr/local/lib/python3.11/site-packages (from zope.app.appsetup>=4.0.0->zope.app.principalannotation) (8.0.1)
#13 1.038 Requirement already satisfied: zope.security>=4.0.0a2 in /usr/local/lib/python3.11/site-packages (from zope.app.appsetup>=4.0.0->zope.app.principalannotation) (8.2)
#13 1.070 Collecting zope.session>=4.0.0a1 (from zope.app.appsetup>=4.0.0->zope.app.principalannotation)
#13 1.080   Downloading zope_session-6.0-py3-none-any.whl.metadata (9.5 kB)
#13 1.095 Requirement already satisfied: zope.site>=4.0.0a1 in /usr/local/lib/python3.11/site-packages (from zope.app.appsetup>=4.0.0->zope.app.principalannotation) (6.0)
#13 1.096 Requirement already satisfied: zope.traversing>=4.0.0a2 in /usr/local/lib/python3.11/site-packages (from zope.app.appsetup>=4.0.0->zope.app.principalannotation) (6.0)
#13 1.103 Requirement already satisfied: persistent>=4.4.2 in /usr/local/lib/python3.11/site-packages (from zope.principalannotation>=4.0.0->zope.app.principalannotation) (6.3)
#13 1.105 Requirement already satisfied: zope.annotation in /usr/local/lib/python3.11/site-packages (from zope.principalannotation>=4.0.0->zope.app.principalannotation) (6.0)
#13 1.107 Requirement already satisfied: zope.location in /usr/local/lib/python3.11/site-packages (from zope.principalannotation>=4.0.0->zope.app.principalannotation) (6.0)
#13 1.148 Requirement already satisfied: zope.deferredimport in /usr/local/lib/python3.11/site-packages (from persistent>=4.4.2->zope.principalannotation>=4.0.0->zope.app.principalannotation) (6.0)
#13 1.149 Requirement already satisfied: cffi in /usr/local/lib/python3.11/site-packages (from persistent>=4.4.2->zope.principalannotation>=4.0.0->zope.app.principalannotation) (2.0.0)
#13 1.194 Collecting zope.authentication (from zope.app.publication>=4.0->zope.app.appsetup>=4.0.0->zope.app.principalannotation)
#13 1.205   Downloading zope_authentication-6.0-py3-none-any.whl.metadata (5.3 kB)
#13 1.217 Requirement already satisfied: zope.browser>=1.2 in /usr/local/lib/python3.11/site-packages (from zope.app.publication>=4.0->zope.app.appsetup>=4.0.0->zope.app.principalannotation) (4.0)
#13 1.219 Requirement already satisfied: zope.publisher>=4.0.0a2 in /usr/local/lib/python3.11/site-packages (from zope.app.publication>=4.0->zope.app.appsetup>=4.0.0->zope.app.principalannotation) (8.0)
#13 1.221 Requirement already satisfied: zope.i18n>=4.0.0a3 in /usr/local/lib/python3.11/site-packages (from zope.app.publication>=4.0->zope.app.appsetup>=4.0.0->zope.app.principalannotation) (6.0)
#13 1.234 Requirement already satisfied: zope.hookable>=4.2.0 in /usr/local/lib/python3.11/site-packages (from zope.component>=3.8.0->zope.app.appsetup>=4.0.0->zope.app.principalannotation) (8.1)
#13 1.249 Requirement already satisfied: BTrees in /usr/local/lib/python3.11/site-packages (from zope.container>=4.0.0a2->zope.app.appsetup>=4.0.0->zope.app.principalannotation) (6.2)
#13 1.251 Requirement already satisfied: zope.cachedescriptors in /usr/local/lib/python3.11/site-packages (from zope.container>=4.0.0a2->zope.app.appsetup>=4.0.0->zope.app.principalannotation) (6.0)
#13 1.253 Requirement already satisfied: zope.dottedname in /usr/local/lib/python3.11/site-packages (from zope.container>=4.0.0a2->zope.app.appsetup>=4.0.0->zope.app.principalannotation) (7.0)
#13 1.254 Requirement already satisfied: zope.filerepresentation in /usr/local/lib/python3.11/site-packages (from zope.container>=4.0.0a2->zope.app.appsetup>=4.0.0->zope.app.principalannotation) (7.0)
#13 1.255 Requirement already satisfied: zope.i18nmessageid in /usr/local/lib/python3.11/site-packages (from zope.container>=4.0.0a2->zope.app.appsetup>=4.0.0->zope.app.principalannotation) (8.1)
#13 1.257 Requirement already satisfied: zope.lifecycleevent>=3.5.2 in /usr/local/lib/python3.11/site-packages (from zope.container>=4.0.0a2->zope.app.appsetup>=4.0.0->zope.app.principalannotation) (6.0)
#13 1.259 Requirement already satisfied: zope.proxy>=4.1.5 in /usr/local/lib/python3.11/site-packages (from zope.container>=4.0.0a2->zope.app.appsetup>=4.0.0->zope.app.principalannotation) (7.0)
#13 1.261 Requirement already satisfied: zope.schema in /usr/local/lib/python3.11/site-packages (from zope.container>=4.0.0a2->zope.app.appsetup>=4.0.0->zope.app.principalannotation) (8.1)
#13 1.262 Requirement already satisfied: zope.size in /usr/local/lib/python3.11/site-packages (from zope.container>=4.0.0a2->zope.app.appsetup>=4.0.0->zope.app.principalannotation) (6.0)
#13 1.334 Collecting zope.minmax (from zope.session>=4.0.0a1->zope.app.appsetup>=4.0.0->zope.app.principalannotation)
#13 1.342   Downloading zope_minmax-4.0-py3-none-any.whl.metadata (4.6 kB)
#13 1.395 Collecting ZConfig (from ZODB->zope.app.appsetup>=4.0.0->zope.app.principalannotation)
#13 1.404   Downloading ZConfig-4.2-py3-none-any.whl.metadata (17 kB)
#13 1.447 Collecting zc.lockfile (from ZODB->zope.app.appsetup>=4.0.0->zope.app.principalannotation)
#13 1.455   Downloading zc_lockfile-4.0-py3-none-any.whl.metadata (6.6 kB)
#13 1.468 Requirement already satisfied: zodbpickle>=1.0.1 in /usr/local/lib/python3.11/site-packages (from ZODB->zope.app.appsetup>=4.0.0->zope.app.principalannotation) (4.2)
#13 1.478 Requirement already satisfied: zope.deprecation in /usr/local/lib/python3.11/site-packages (from zope.site>=4.0.0a1->zope.app.appsetup>=4.0.0->zope.app.principalannotation) (6.0)
#13 1.537 Requirement already satisfied: zope.exceptions in /usr/local/lib/python3.11/site-packages (from zope.error->zope.app.appsetup>=4.0.0->zope.app.principalannotation) (6.0)
#13 1.577 Requirement already satisfied: python-gettext in /usr/local/lib/python3.11/site-packages (from zope.i18n>=4.0.0a3->zope.app.publication>=4.0->zope.app.appsetup>=4.0.0->zope.app.principalannotation) (5.0)
#13 1.578 Requirement already satisfied: pytz in /usr/local/lib/python3.11/site-packages (from zope.i18n>=4.0.0a3->zope.app.publication>=4.0->zope.app.appsetup>=4.0.0->zope.app.principalannotation) (2025.2)
#13 1.610 Requirement already satisfied: multipart>=1.1.0 in /usr/local/lib/python3.11/site-packages (from zope.publisher>=4.0.0a2->zope.app.publication>=4.0->zope.app.appsetup>=4.0.0->zope.app.principalannotation) (1.3.0)
#13 1.613 Requirement already satisfied: zope.contenttype>=4.0.0 in /usr/local/lib/python3.11/site-packages (from zope.publisher>=4.0.0a2->zope.app.publication>=4.0->zope.app.appsetup>=4.0.0->zope.app.principalannotation) (6.0)
#13 1.630 Requirement already satisfied: pycparser in /usr/local/lib/python3.11/site-packages (from cffi->persistent>=4.4.2->zope.principalannotation>=4.0.0->zope.app.principalannotation) (2.23)
#13 1.747 Downloading zope.app.principalannotation-5.0-py3-none-any.whl (9.1 kB)
#13 1.771 Downloading zope_app_appsetup-6.0-py3-none-any.whl (34 kB)
#13 1.795 Downloading zope_principalannotation-6.0-py3-none-any.whl (10 kB)
#13 1.813 Downloading zope_processlifetime-4.0-py3-none-any.whl (5.3 kB)
#13 1.833 Downloading zope_app_publication-6.0-py3-none-any.whl (52 kB)
#13 1.845    ━━━━━━━━━━━━━━━━━━━━━━━━━━━━━━━━━━━━━━━━ 52.6/52.6 kB 4.0 MB/s eta 0:00:00
#13 1.855 Downloading zope_session-6.0-py3-none-any.whl (24 kB)
#13 1.875 Downloading zodb-6.1-py3-none-any.whl (418 kB)
#13 1.903    ━━━━━━━━━━━━━━━━━━━━━━━━━━━━━━━━━━━━━━━━ 418.5/418.5 kB 16.0 MB/s eta 0:00:00
#13 1.914 Downloading zdaemon-5.2.1-py3-none-any.whl (57 kB)
#13 1.933    ━━━━━━━━━━━━━━━━━━━━━━━━━━━━━━━━━━━━━━━━ 57.2/57.2 kB 2.9 MB/s eta 0:00:00
#13 1.943 Downloading zope_error-6.0-py3-none-any.whl (12 kB)
#13 1.960 Downloading zc_lockfile-4.0-py3-none-any.whl (9.1 kB)
#13 1.977 Downloading ZConfig-4.2-py3-none-any.whl (131 kB)
#13 1.995    ━━━━━━━━━━━━━━━━━━━━━━━━━━━━━━━━━━━━━━━━ 131.4/131.4 kB 7.4 MB/s eta 0:00:00
#13 2.004 Downloading zope_authentication-6.0-py3-none-any.whl (14 kB)
#13 2.023 Downloading zope_minmax-4.0-py3-none-any.whl (5.7 kB)
#13 2.406 Installing collected packages: zope.processlifetime, ZConfig, zc.lockfile, zdaemon, zope.minmax, zope.error, zope.authentication, ZODB, zope.session, zope.app.publication, zope.principalannotation, zope.app.appsetup, zope.app.principalannotation
#13 2.893 Successfully installed ZConfig-4.2 ZODB-6.1 zc.lockfile-4.0 zdaemon-5.2.1 zope.app.appsetup-6.0 zope.app.principalannotation-5.0 zope.app.publication-6.0 zope.authentication-6.0 zope.error-6.0 zope.minmax-4.0 zope.principalannotation-6.0 zope.processlifetime-4.0 zope.session-6.0
#13 2.893 WARNING: Running pip as the 'root' user can result in broken permissions and conflicting behaviour with the system package manager. It is recommended to use a virtual environment instead: https://pip.pypa.io/warnings/venv
#13 2.899 
#13 2.899 [notice] A new release of pip is available: 24.0 -> 25.3
#13 2.899 [notice] To update, run: pip install --upgrade pip
#13 DONE 3.1s

#14 [10/25] RUN ["pip","install","zope.app.securitypolicy"]
#14 0.573 Collecting zope.app.securitypolicy
#14 0.617   Downloading zope.app.securitypolicy-3.6.1.tar.gz (9.1 kB)
#14 0.636   Preparing metadata (setup.py): started
#14 1.078   Preparing metadata (setup.py): finished with status 'done'
#14 1.088 Requirement already satisfied: setuptools in /usr/local/lib/python3.11/site-packages (from zope.app.securitypolicy) (79.0.1)
#14 1.089 Requirement already satisfied: zope.annotation in /usr/local/lib/python3.11/site-packages (from zope.app.securitypolicy) (6.0)
#14 1.119 Collecting zope.app.authentication>=3.8 (from zope.app.securitypolicy)
#14 1.130   Downloading zope_app_authentication-6.0-py3-none-any.whl.metadata (47 kB)
#14 1.160      ━━━━━━━━━━━━━━━━━━━━━━━━━━━━━━━━━━━━━━━━ 47.7/47.7 kB 1.4 MB/s eta 0:00:00
#14 1.193 Collecting zope.app.form (from zope.app.securitypolicy)
#14 1.203   Downloading zope_app_form-7.0-py3-none-any.whl.metadata (8.5 kB)
#14 1.238 Collecting zope.app.security (from zope.app.securitypolicy)
#14 1.247   Downloading zope_app_security-8.0-py3-none-any.whl.metadata (16 kB)
#14 1.259 Requirement already satisfied: zope.browser in /usr/local/lib/python3.11/site-packages (from zope.app.securitypolicy) (4.0)
#14 1.261 Requirement already satisfied: zope.component[hook] in /usr/local/lib/python3.11/site-packages (from zope.app.securitypolicy) (7.0)
#14 1.262 Requirement already satisfied: zope.configuration in /usr/local/lib/python3.11/site-packages (from zope.app.securitypolicy) (7.0)
#14 1.263 Requirement already satisfied: zope.exceptions in /usr/local/lib/python3.11/site-packages (from zope.app.securitypolicy) (6.0)
#14 1.264 Requirement already satisfied: zope.i18n in /usr/local/lib/python3.11/site-packages (from zope.app.securitypolicy) (6.0)
#14 1.265 Requirement already satisfied: zope.i18nmessageid>=3.4.2 in /usr/local/lib/python3.11/site-packages (from zope.app.securitypolicy) (8.1)
#14 1.267 Requirement already satisfied: zope.interface in /usr/local/lib/python3.11/site-packages (from zope.app.securitypolicy) (8.0.1)
#14 1.268 Requirement already satisfied: zope.location in /usr/local/lib/python3.11/site-packages (from zope.app.securitypolicy) (6.0)
#14 1.269 Requirement already satisfied: zope.schema in /usr/local/lib/python3.11/site-packages (from zope.app.securitypolicy) (8.1)
#14 1.271 Requirement already satisfied: zope.security in /usr/local/lib/python3.11/site-packages (from zope.app.securitypolicy) (8.2)
#14 1.303 Collecting zope.securitypolicy (from zope.app.securitypolicy)
#14 1.313   Downloading zope_securitypolicy-6.0-py3-none-any.whl.metadata (26 kB)
#14 1.343 Requirement already satisfied: zope.authentication in /usr/local/lib/python3.11/site-packages (from zope.app.authentication>=3.8->zope.app.securitypolicy) (6.0)
#14 1.345 Requirement already satisfied: zope.container in /usr/local/lib/python3.11/site-packages (from zope.app.authentication>=3.8->zope.app.securitypolicy) (7.0)
#14 1.346 Requirement already satisfied: zope.dublincore in /usr/local/lib/python3.11/site-packages (from zope.app.authentication>=3.8->zope.app.securitypolicy) (6.0)
#14 1.346 Requirement already satisfied: zope.event in /usr/local/lib/python3.11/site-packages (from zope.app.authentication>=3.8->zope.app.securitypolicy) (6.0)
#14 1.348 Requirement already satisfied: zope.formlib>=4.0.2 in /usr/local/lib/python3.11/site-packages (from zope.app.authentication>=3.8->zope.app.securitypolicy) (7.0)
#14 1.377 Collecting zope.password>=3.5.1 (from zope.app.authentication>=3.8->zope.app.securitypolicy)
#14 1.387   Downloading zope_password-6.1-py3-none-any.whl.metadata (8.8 kB)
#14 1.434 Collecting zope.pluggableauth>=2.2.0 (from zope.app.authentication>=3.8->zope.app.securitypolicy)
#14 1.444   Downloading zope_pluggableauth-5.0-py3-none-any.whl.metadata (43 kB)
#14 1.461      ━━━━━━━━━━━━━━━━━━━━━━━━━━━━━━━━━━━━━━━━ 43.7/43.7 kB 2.1 MB/s eta 0:00:00
#14 1.467 Requirement already satisfied: zope.traversing in /usr/local/lib/python3.11/site-packages (from zope.app.authentication>=3.8->zope.app.securitypolicy) (6.0)
#14 1.468 Requirement already satisfied: zope.app.container>=4.0.0 in /usr/local/lib/python3.11/site-packages (from zope.app.authentication>=3.8->zope.app.securitypolicy) (6.0)
#14 1.469 Requirement already satisfied: zope.app.component>=4.0.0 in /usr/local/lib/python3.11/site-packages (from zope.app.authentication>=3.8->zope.app.securitypolicy) (6.0)
#14 1.512 Requirement already satisfied: zope.proxy in /usr/local/lib/python3.11/site-packages (from zope.annotation->zope.app.securitypolicy) (7.0)
#14 1.523 Requirement already satisfied: transaction in /usr/local/lib/python3.11/site-packages (from zope.app.form->zope.app.securitypolicy) (5.0)
#14 1.524 Requirement already satisfied: zope.browserpage>=3.10.1 in /usr/local/lib/python3.11/site-packages (from zope.app.form->zope.app.securitypolicy) (6.0)
#14 1.525 Requirement already satisfied: zope.browsermenu in /usr/local/lib/python3.11/site-packages (from zope.app.form->zope.app.securitypolicy) (6.0)
#14 1.527 Requirement already satisfied: zope.datetime in /usr/local/lib/python3.11/site-packages (from zope.app.form->zope.app.securitypolicy) (6.0)
#14 1.530 Requirement already satisfied: zope.publisher>=4.3.1 in /usr/local/lib/python3.11/site-packages (from zope.app.form->zope.app.securitypolicy) (8.0)
#14 1.587 Collecting zope.app.localpermission (from zope.app.security->zope.app.securitypolicy)
#14 1.597   Downloading zope.app.localpermission-5.0-py3-none-any.whl.metadata (2.7 kB)
#14 1.607 Requirement already satisfied: zope.app.pagetemplate in /usr/local/lib/python3.11/site-packages (from zope.app.security->zope.app.securitypolicy) (6.0)
#14 1.634 Collecting zope.app.publisher (from zope.app.security->zope.app.securitypolicy)
#14 1.644   Downloading zope_app_publisher-6.0-py3-none-any.whl.metadata (11 kB)
#14 1.688 Collecting zope.principalregistry (from zope.app.security->zope.app.securitypolicy)
#14 1.697   Downloading zope_principalregistry-6.0-py3-none-any.whl.metadata (5.8 kB)
#14 1.744 Collecting zope.login (from zope.app.security->zope.app.securitypolicy)
#14 1.753   Downloading zope_login-4.0-py3-none-any.whl.metadata (4.1 kB)
#14 1.779 Requirement already satisfied: zope.hookable>=4.2.0 in /usr/local/lib/python3.11/site-packages (from zope.component[hook]->zope.app.securitypolicy) (8.1)
#14 1.792 Requirement already satisfied: python-gettext in /usr/local/lib/python3.11/site-packages (from zope.i18n->zope.app.securitypolicy) (5.0)
#14 1.793 Requirement already satisfied: pytz in /usr/local/lib/python3.11/site-packages (from zope.i18n->zope.app.securitypolicy) (2025.2)
#14 1.794 Requirement already satisfied: zope.deprecation in /usr/local/lib/python3.11/site-packages (from zope.i18n->zope.app.securitypolicy) (6.0)
#14 1.825 Requirement already satisfied: persistent in /usr/local/lib/python3.11/site-packages (from zope.securitypolicy->zope.app.securitypolicy) (6.3)
#14 1.849 Requirement already satisfied: zope.site in /usr/local/lib/python3.11/site-packages (from zope.app.component>=4.0.0->zope.app.authentication>=3.8->zope.app.securitypolicy) (6.0)
#14 1.855 Requirement already satisfied: zope.componentvocabulary in /usr/local/lib/python3.11/site-packages (from zope.app.component>=4.0.0->zope.app.authentication>=3.8->zope.app.securitypolicy) (4.0)
#14 1.884 Requirement already satisfied: zope.copypastemove in /usr/local/lib/python3.11/site-packages (from zope.app.container>=4.0.0->zope.app.authentication>=3.8->zope.app.securitypolicy) (6.0)
#14 1.890 Requirement already satisfied: zope.lifecycleevent in /usr/local/lib/python3.11/site-packages (from zope.app.container>=4.0.0->zope.app.authentication>=3.8->zope.app.securitypolicy) (6.0)
#14 1.894 Requirement already satisfied: zope.size in /usr/local/lib/python3.11/site-packages (from zope.app.container>=4.0.0->zope.app.authentication>=3.8->zope.app.securitypolicy) (6.0)
#14 1.927 Requirement already satisfied: zope.pagetemplate>=3.5.1 in /usr/local/lib/python3.11/site-packages (from zope.app.pagetemplate->zope.app.security->zope.app.securitypolicy) (6.0)
#14 1.930 Requirement already satisfied: zope.tales in /usr/local/lib/python3.11/site-packages (from zope.app.pagetemplate->zope.app.security->zope.app.securitypolicy) (7.0)
#14 1.940 Requirement already satisfied: zope.tal>=4.2.0 in /usr/local/lib/python3.11/site-packages (from zope.browserpage>=3.10.1->zope.app.form->zope.app.securitypolicy) (6.0)
#14 1.990 Requirement already satisfied: zope.browserresource in /usr/local/lib/python3.11/site-packages (from zope.formlib>=4.0.2->zope.app.authentication>=3.8->zope.app.securitypolicy) (6.0)
#14 2.025 Requirement already satisfied: zope.session in /usr/local/lib/python3.11/site-packages (from zope.pluggableauth>=2.2.0->zope.app.authentication>=3.8->zope.app.securitypolicy) (6.0)
#14 2.044 Requirement already satisfied: multipart>=1.1.0 in /usr/local/lib/python3.11/site-packages (from zope.publisher>=4.3.1->zope.app.form->zope.app.securitypolicy) (1.3.0)
#14 2.046 Requirement already satisfied: zope.contenttype>=4.0.0 in /usr/local/lib/python3.11/site-packages (from zope.publisher>=4.3.1->zope.app.form->zope.app.securitypolicy) (6.0)
#14 2.057 Requirement already satisfied: zope.deferredimport in /usr/local/lib/python3.11/site-packages (from persistent->zope.securitypolicy->zope.app.securitypolicy) (6.0)
#14 2.059 Requirement already satisfied: cffi in /usr/local/lib/python3.11/site-packages (from persistent->zope.securitypolicy->zope.app.securitypolicy) (2.0.0)
#14 2.134 Collecting zope.ptresource (from zope.app.publisher->zope.app.security->zope.app.securitypolicy)
#14 2.143   Downloading zope_ptresource-6.0-py3-none-any.whl.metadata (4.9 kB)
#14 2.217 Requirement already satisfied: BTrees in /usr/local/lib/python3.11/site-packages (from zope.container->zope.app.authentication>=3.8->zope.app.securitypolicy) (6.2)
#14 2.218 Requirement already satisfied: zope.cachedescriptors in /usr/local/lib/python3.11/site-packages (from zope.container->zope.app.authentication>=3.8->zope.app.securitypolicy) (6.0)
#14 2.220 Requirement already satisfied: zope.dottedname in /usr/local/lib/python3.11/site-packages (from zope.container->zope.app.authentication>=3.8->zope.app.securitypolicy) (7.0)
#14 2.221 Requirement already satisfied: zope.filerepresentation in /usr/local/lib/python3.11/site-packages (from zope.container->zope.app.authentication>=3.8->zope.app.securitypolicy) (7.0)
#14 2.376 Requirement already satisfied: pycparser in /usr/local/lib/python3.11/site-packages (from cffi->persistent->zope.securitypolicy->zope.app.securitypolicy) (2.23)
#14 2.447 Requirement already satisfied: zope.copy in /usr/local/lib/python3.11/site-packages (from zope.copypastemove->zope.app.container>=4.0.0->zope.app.authentication>=3.8->zope.app.securitypolicy) (6.0)
#14 2.502 Requirement already satisfied: ZODB>=4.2.0.b1 in /usr/local/lib/python3.11/site-packages (from zope.session->zope.pluggableauth>=2.2.0->zope.app.authentication>=3.8->zope.app.securitypolicy) (6.1)
#14 2.506 Requirement already satisfied: zope.minmax in /usr/local/lib/python3.11/site-packages (from zope.session->zope.pluggableauth>=2.2.0->zope.app.authentication>=3.8->zope.app.securitypolicy) (4.0)
#14 2.564 Requirement already satisfied: ZConfig in /usr/local/lib/python3.11/site-packages (from ZODB>=4.2.0.b1->zope.session->zope.pluggableauth>=2.2.0->zope.app.authentication>=3.8->zope.app.securitypolicy) (4.2)
#14 2.565 Requirement already satisfied: zc.lockfile in /usr/local/lib/python3.11/site-packages (from ZODB>=4.2.0.b1->zope.session->zope.pluggableauth>=2.2.0->zope.app.authentication>=3.8->zope.app.securitypolicy) (4.0)
#14 2.567 Requirement already satisfied: zodbpickle>=1.0.1 in /usr/local/lib/python3.11/site-packages (from ZODB>=4.2.0.b1->zope.session->zope.pluggableauth>=2.2.0->zope.app.authentication>=3.8->zope.app.securitypolicy) (4.2)
#14 2.646 Downloading zope_app_authentication-6.0-py3-none-any.whl (87 kB)
#14 2.677    ━━━━━━━━━━━━━━━━━━━━━━━━━━━━━━━━━━━━━━━━ 87.9/87.9 kB 2.7 MB/s eta 0:00:00
#14 2.687 Downloading zope_app_form-7.0-py3-none-any.whl (75 kB)
#14 2.700    ━━━━━━━━━━━━━━━━━━━━━━━━━━━━━━━━━━━━━━━━ 75.3/75.3 kB 5.6 MB/s eta 0:00:00
#14 2.710 Downloading zope_app_security-8.0-py3-none-any.whl (43 kB)
#14 2.724    ━━━━━━━━━━━━━━━━━━━━━━━━━━━━━━━━━━━━━━━━ 43.8/43.8 kB 2.7 MB/s eta 0:00:00
#14 2.734 Downloading zope_securitypolicy-6.0-py3-none-any.whl (54 kB)
#14 2.748    ━━━━━━━━━━━━━━━━━━━━━━━━━━━━━━━━━━━━━━━━ 54.6/54.6 kB 3.5 MB/s eta 0:00:00
#14 2.759 Downloading zope_password-6.1-py3-none-any.whl (24 kB)
#14 2.781 Downloading zope_pluggableauth-5.0-py3-none-any.whl (52 kB)
#14 2.796    ━━━━━━━━━━━━━━━━━━━━━━━━━━━━━━━━━━━━━━━━ 52.9/52.9 kB 3.2 MB/s eta 0:00:00
#14 2.805 Downloading zope.app.localpermission-5.0-py3-none-any.whl (7.5 kB)
#14 2.827 Downloading zope_app_publisher-6.0-py3-none-any.whl (47 kB)
#14 2.838    ━━━━━━━━━━━━━━━━━━━━━━━━━━━━━━━━━━━━━━━━ 47.6/47.6 kB 4.0 MB/s eta 0:00:00
#14 2.847 Downloading zope_login-4.0-py3-none-any.whl (7.9 kB)
#14 2.869 Downloading zope_principalregistry-6.0-py3-none-any.whl (15 kB)
#14 2.893 Downloading zope_ptresource-6.0-py3-none-any.whl (7.1 kB)
#14 2.912 Building wheels for collected packages: zope.app.securitypolicy
#14 2.912   Building wheel for zope.app.securitypolicy (setup.py): started
#14 3.125   Building wheel for zope.app.securitypolicy (setup.py): finished with status 'done'
#14 3.125   Created wheel for zope.app.securitypolicy: filename=zope_app_securitypolicy-3.6.1-py3-none-any.whl size=14547 sha256=dd8c6061862735b49cde920acab936dcd59736a1770837c4a66905e24c6f3622
#14 3.126   Stored in directory: /root/.cache/pip/wheels/6a/8a/62/36d6369ff4c1f034b755b4829c18b26123297f381621d47a22
#14 3.127 Successfully built zope.app.securitypolicy
#14 3.576 Installing collected packages: zope.password, zope.app.localpermission, zope.securitypolicy, zope.principalregistry, zope.login, zope.ptresource, zope.pluggableauth, zope.app.publisher, zope.app.security, zope.app.form, zope.app.authentication, zope.app.securitypolicy
#14 3.890 Successfully installed zope.app.authentication-6.0 zope.app.form-7.0 zope.app.localpermission-5.0 zope.app.publisher-6.0 zope.app.security-8.0 zope.app.securitypolicy-3.6.1 zope.login-4.0 zope.password-6.1 zope.pluggableauth-5.0 zope.principalregistry-6.0 zope.ptresource-6.0 zope.securitypolicy-6.0
#14 3.890 WARNING: Running pip as the 'root' user can result in broken permissions and conflicting behaviour with the system package manager. It is recommended to use a virtual environment instead: https://pip.pypa.io/warnings/venv
#14 3.897 
#14 3.897 [notice] A new release of pip is available: 24.0 -> 25.3
#14 3.897 [notice] To update, run: pip install --upgrade pip
#14 DONE 4.0s

#15 [11/25] RUN ["pip","install","zope.testbrowser"]
#15 0.629 Collecting zope.testbrowser
#15 0.671   Downloading zope_testbrowser-8.0-py3-none-any.whl.metadata (20 kB)
#15 0.696 Requirement already satisfied: setuptools in /usr/local/lib/python3.11/site-packages (from zope.testbrowser) (79.0.1)
#15 0.698 Requirement already satisfied: zope.interface in /usr/local/lib/python3.11/site-packages (from zope.testbrowser) (8.0.1)
#15 0.699 Requirement already satisfied: zope.schema in /usr/local/lib/python3.11/site-packages (from zope.testbrowser) (8.1)
#15 0.701 Requirement already satisfied: zope.cachedescriptors in /usr/local/lib/python3.11/site-packages (from zope.testbrowser) (6.0)
#15 0.702 Requirement already satisfied: pytz in /usr/local/lib/python3.11/site-packages (from zope.testbrowser) (2025.2)
#15 0.749 Collecting WebTest>=2.0.30 (from zope.testbrowser)
#15 0.760   Downloading webtest-3.0.7-py3-none-any.whl.metadata (2.0 kB)
#15 0.825 Collecting BeautifulSoup4 (from zope.testbrowser)
#15 0.833   Downloading beautifulsoup4-4.14.2-py3-none-any.whl.metadata (3.8 kB)
#15 0.905 Collecting SoupSieve>=1.9.0 (from zope.testbrowser)
#15 0.914   Downloading soupsieve-2.8-py3-none-any.whl.metadata (4.6 kB)
#15 0.969 Collecting WSGIProxy2 (from zope.testbrowser)
#15 0.979   Downloading WSGIProxy2-0.5.1-py3-none-any.whl.metadata (2.7 kB)
#15 1.050 Collecting WebOb>=1.2 (from WebTest>=2.0.30->zope.testbrowser)
#15 1.061   Downloading WebOb-1.8.9-py2.py3-none-any.whl.metadata (11 kB)
#15 1.109 Collecting waitress>=3.0.2 (from WebTest>=2.0.30->zope.testbrowser)
#15 1.124   Downloading waitress-3.0.2-py3-none-any.whl.metadata (5.8 kB)
#15 1.189 Collecting typing-extensions>=4.0.0 (from BeautifulSoup4->zope.testbrowser)
#15 1.197   Downloading typing_extensions-4.15.0-py3-none-any.whl.metadata (3.3 kB)
#15 1.255 Requirement already satisfied: zope.event in /usr/local/lib/python3.11/site-packages (from zope.schema->zope.testbrowser) (6.0)
#15 1.279 Downloading zope_testbrowser-8.0-py3-none-any.whl (62 kB)
#15 1.313    ━━━━━━━━━━━━━━━━━━━━━━━━━━━━━━━━━━━━━━━━ 63.0/63.0 kB 1.7 MB/s eta 0:00:00
#15 1.321 Downloading soupsieve-2.8-py3-none-any.whl (36 kB)
#15 1.349 Downloading webtest-3.0.7-py3-none-any.whl (32 kB)
#15 1.366 Downloading beautifulsoup4-4.14.2-py3-none-any.whl (106 kB)
#15 1.391    ━━━━━━━━━━━━━━━━━━━━━━━━━━━━━━━━━━━━━━━━ 106.4/106.4 kB 4.1 MB/s eta 0:00:00
#15 1.402 Downloading WSGIProxy2-0.5.1-py3-none-any.whl (9.2 kB)
#15 1.428 Downloading typing_extensions-4.15.0-py3-none-any.whl (44 kB)
#15 1.440    ━━━━━━━━━━━━━━━━━━━━━━━━━━━━━━━━━━━━━━━━ 44.6/44.6 kB 3.6 MB/s eta 0:00:00
#15 1.449 Downloading waitress-3.0.2-py3-none-any.whl (56 kB)
#15 1.461    ━━━━━━━━━━━━━━━━━━━━━━━━━━━━━━━━━━━━━━━━ 56.2/56.2 kB 4.6 MB/s eta 0:00:00
#15 1.469 Downloading WebOb-1.8.9-py2.py3-none-any.whl (115 kB)
#15 1.483    ━━━━━━━━━━━━━━━━━━━━━━━━━━━━━━━━━━━━━━━━ 115.4/115.4 kB 8.3 MB/s eta 0:00:00
#15 1.952 Installing collected packages: WebOb, waitress, typing-extensions, SoupSieve, WSGIProxy2, BeautifulSoup4, WebTest, zope.testbrowser
#15 2.264 Successfully installed BeautifulSoup4-4.14.2 SoupSieve-2.8 WSGIProxy2-0.5.1 WebOb-1.8.9 WebTest-3.0.7 typing-extensions-4.15.0 waitress-3.0.2 zope.testbrowser-8.0
#15 2.264 WARNING: Running pip as the 'root' user can result in broken permissions and conflicting behaviour with the system package manager. It is recommended to use a virtual environment instead: https://pip.pypa.io/warnings/venv
#15 2.270 
#15 2.270 [notice] A new release of pip is available: 24.0 -> 25.3
#15 2.270 [notice] To update, run: pip install --upgrade pip
#15 DONE 2.4s

#16 [12/25] RUN ["pip","install","zope.globalrequest"]
#16 0.589 Collecting zope.globalrequest
#16 0.623   Downloading zope_globalrequest-3.0-py3-none-any.whl.metadata (3.7 kB)
#16 0.641 Requirement already satisfied: setuptools in /usr/local/lib/python3.11/site-packages (from zope.globalrequest) (79.0.1)
#16 0.643 Requirement already satisfied: zope.interface in /usr/local/lib/python3.11/site-packages (from zope.globalrequest) (8.0.1)
#16 0.644 Requirement already satisfied: zope.publisher in /usr/local/lib/python3.11/site-packages (from zope.globalrequest) (8.0)
#16 0.645 Requirement already satisfied: zope.traversing in /usr/local/lib/python3.11/site-packages (from zope.globalrequest) (6.0)
#16 0.687 Requirement already satisfied: multipart>=1.1.0 in /usr/local/lib/python3.11/site-packages (from zope.publisher->zope.globalrequest) (1.3.0)
#16 0.689 Requirement already satisfied: zope.browser in /usr/local/lib/python3.11/site-packages (from zope.publisher->zope.globalrequest) (4.0)
#16 0.690 Requirement already satisfied: zope.component in /usr/local/lib/python3.11/site-packages (from zope.publisher->zope.globalrequest) (7.0)
#16 0.691 Requirement already satisfied: zope.configuration in /usr/local/lib/python3.11/site-packages (from zope.publisher->zope.globalrequest) (7.0)
#16 0.692 Requirement already satisfied: zope.contenttype>=4.0.0 in /usr/local/lib/python3.11/site-packages (from zope.publisher->zope.globalrequest) (6.0)
#16 0.693 Requirement already satisfied: zope.event in /usr/local/lib/python3.11/site-packages (from zope.publisher->zope.globalrequest) (6.0)
#16 0.694 Requirement already satisfied: zope.exceptions in /usr/local/lib/python3.11/site-packages (from zope.publisher->zope.globalrequest) (6.0)
#16 0.695 Requirement already satisfied: zope.i18n>=4.0.0 in /usr/local/lib/python3.11/site-packages (from zope.publisher->zope.globalrequest) (6.0)
#16 0.697 Requirement already satisfied: zope.location in /usr/local/lib/python3.11/site-packages (from zope.publisher->zope.globalrequest) (6.0)
#16 0.699 Requirement already satisfied: zope.proxy in /usr/local/lib/python3.11/site-packages (from zope.publisher->zope.globalrequest) (7.0)
#16 0.700 Requirement already satisfied: zope.security>=4.0.0 in /usr/local/lib/python3.11/site-packages (from zope.publisher->zope.globalrequest) (8.2)
#16 0.711 Requirement already satisfied: transaction in /usr/local/lib/python3.11/site-packages (from zope.traversing->zope.globalrequest) (5.0)
#16 0.712 Requirement already satisfied: zope.i18nmessageid in /usr/local/lib/python3.11/site-packages (from zope.traversing->zope.globalrequest) (8.1)
#16 0.732 Requirement already satisfied: python-gettext in /usr/local/lib/python3.11/site-packages (from zope.i18n>=4.0.0->zope.publisher->zope.globalrequest) (5.0)
#16 0.733 Requirement already satisfied: pytz in /usr/local/lib/python3.11/site-packages (from zope.i18n>=4.0.0->zope.publisher->zope.globalrequest) (2025.2)
#16 0.734 Requirement already satisfied: zope.deprecation in /usr/local/lib/python3.11/site-packages (from zope.i18n>=4.0.0->zope.publisher->zope.globalrequest) (6.0)
#16 0.736 Requirement already satisfied: zope.schema in /usr/local/lib/python3.11/site-packages (from zope.i18n>=4.0.0->zope.publisher->zope.globalrequest) (8.1)
#16 0.794 Requirement already satisfied: zope.hookable>=4.2.0 in /usr/local/lib/python3.11/site-packages (from zope.component->zope.publisher->zope.globalrequest) (8.1)
#16 0.842 Downloading zope_globalrequest-3.0-py3-none-any.whl (5.1 kB)
#16 1.359 Installing collected packages: zope.globalrequest
#16 1.418 Successfully installed zope.globalrequest-3.0
#16 1.418 WARNING: Running pip as the 'root' user can result in broken permissions and conflicting behaviour with the system package manager. It is recommended to use a virtual environment instead: https://pip.pypa.io/warnings/venv
#16 1.424 
#16 1.424 [notice] A new release of pip is available: 24.0 -> 25.3
#16 1.424 [notice] To update, run: pip install --upgrade pip
#16 DONE 1.5s

#17 [13/25] RUN ["pip","install","zope.annotation"]
#17 0.497 Requirement already satisfied: zope.annotation in /usr/local/lib/python3.11/site-packages (6.0)
#17 0.510 Requirement already satisfied: setuptools in /usr/local/lib/python3.11/site-packages (from zope.annotation) (79.0.1)
#17 0.511 Requirement already satisfied: zope.interface in /usr/local/lib/python3.11/site-packages (from zope.annotation) (8.0.1)
#17 0.513 Requirement already satisfied: zope.component in /usr/local/lib/python3.11/site-packages (from zope.annotation) (7.0)
#17 0.514 Requirement already satisfied: zope.location in /usr/local/lib/python3.11/site-packages (from zope.annotation) (6.0)
#17 0.515 Requirement already satisfied: zope.proxy in /usr/local/lib/python3.11/site-packages (from zope.annotation) (7.0)
#17 0.558 Requirement already satisfied: zope.event in /usr/local/lib/python3.11/site-packages (from zope.component->zope.annotation) (6.0)
#17 0.559 Requirement already satisfied: zope.hookable>=4.2.0 in /usr/local/lib/python3.11/site-packages (from zope.component->zope.annotation) (8.1)
#17 0.578 Requirement already satisfied: zope.schema>=4.2.2 in /usr/local/lib/python3.11/site-packages (from zope.location->zope.annotation) (8.1)
#17 1.071 WARNING: Running pip as the 'root' user can result in broken permissions and conflicting behaviour with the system package manager. It is recommended to use a virtual environment instead: https://pip.pypa.io/warnings/venv
#17 1.077 
#17 1.077 [notice] A new release of pip is available: 24.0 -> 25.3
#17 1.077 [notice] To update, run: pip install --upgrade pip
#17 DONE 1.2s

#18 [14/25] RUN ["pip","install","zope.browserresource"]
#18 0.503 Requirement already satisfied: zope.browserresource in /usr/local/lib/python3.11/site-packages (6.0)
#18 0.512 Requirement already satisfied: setuptools in /usr/local/lib/python3.11/site-packages (from zope.browserresource) (79.0.1)
#18 0.514 Requirement already satisfied: zope.component>=3.8.0 in /usr/local/lib/python3.11/site-packages (from zope.browserresource) (7.0)
#18 0.515 Requirement already satisfied: zope.configuration in /usr/local/lib/python3.11/site-packages (from zope.browserresource) (7.0)
#18 0.516 Requirement already satisfied: zope.contenttype>=4.0.1 in /usr/local/lib/python3.11/site-packages (from zope.browserresource) (6.0)
#18 0.517 Requirement already satisfied: zope.i18n in /usr/local/lib/python3.11/site-packages (from zope.browserresource) (6.0)
#18 0.519 Requirement already satisfied: zope.interface in /usr/local/lib/python3.11/site-packages (from zope.browserresource) (8.0.1)
#18 0.520 Requirement already satisfied: zope.location in /usr/local/lib/python3.11/site-packages (from zope.browserresource) (6.0)
#18 0.521 Requirement already satisfied: zope.publisher>=3.8 in /usr/local/lib/python3.11/site-packages (from zope.browserresource) (8.0)
#18 0.523 Requirement already satisfied: zope.schema in /usr/local/lib/python3.11/site-packages (from zope.browserresource) (8.1)
#18 0.524 Requirement already satisfied: zope.traversing>3.7 in /usr/local/lib/python3.11/site-packages (from zope.browserresource) (6.0)
#18 0.537 Requirement already satisfied: zope.event in /usr/local/lib/python3.11/site-packages (from zope.component>=3.8.0->zope.browserresource) (6.0)
#18 0.538 Requirement already satisfied: zope.hookable>=4.2.0 in /usr/local/lib/python3.11/site-packages (from zope.component>=3.8.0->zope.browserresource) (8.1)
#18 0.559 Requirement already satisfied: multipart>=1.1.0 in /usr/local/lib/python3.11/site-packages (from zope.publisher>=3.8->zope.browserresource) (1.3.0)
#18 0.560 Requirement already satisfied: zope.browser in /usr/local/lib/python3.11/site-packages (from zope.publisher>=3.8->zope.browserresource) (4.0)
#18 0.563 Requirement already satisfied: zope.exceptions in /usr/local/lib/python3.11/site-packages (from zope.publisher>=3.8->zope.browserresource) (6.0)
#18 0.565 Requirement already satisfied: zope.proxy in /usr/local/lib/python3.11/site-packages (from zope.publisher>=3.8->zope.browserresource) (7.0)
#18 0.567 Requirement already satisfied: zope.security>=4.0.0 in /usr/local/lib/python3.11/site-packages (from zope.publisher>=3.8->zope.browserresource) (8.2)
#18 0.576 Requirement already satisfied: python-gettext in /usr/local/lib/python3.11/site-packages (from zope.i18n->zope.browserresource) (5.0)
#18 0.577 Requirement already satisfied: pytz in /usr/local/lib/python3.11/site-packages (from zope.i18n->zope.browserresource) (2025.2)
#18 0.578 Requirement already satisfied: zope.deprecation in /usr/local/lib/python3.11/site-packages (from zope.i18n->zope.browserresource) (6.0)
#18 0.580 Requirement already satisfied: zope.i18nmessageid>=4.3 in /usr/local/lib/python3.11/site-packages (from zope.i18n->zope.browserresource) (8.1)
#18 0.591 Requirement already satisfied: transaction in /usr/local/lib/python3.11/site-packages (from zope.traversing>3.7->zope.browserresource) (5.0)
#18 1.178 WARNING: Running pip as the 'root' user can result in broken permissions and conflicting behaviour with the system package manager. It is recommended to use a virtual environment instead: https://pip.pypa.io/warnings/venv
#18 1.184 
#18 1.184 [notice] A new release of pip is available: 24.0 -> 25.3
#18 1.184 [notice] To update, run: pip install --upgrade pip
#18 DONE 1.3s

#19 [15/25] RUN ["pip","install","zope.component"]
#19 0.501 Requirement already satisfied: zope.component in /usr/local/lib/python3.11/site-packages (7.0)
#19 0.514 Requirement already satisfied: setuptools in /usr/local/lib/python3.11/site-packages (from zope.component) (79.0.1)
#19 0.515 Requirement already satisfied: zope.event in /usr/local/lib/python3.11/site-packages (from zope.component) (6.0)
#19 0.516 Requirement already satisfied: zope.hookable>=4.2.0 in /usr/local/lib/python3.11/site-packages (from zope.component) (8.1)
#19 0.518 Requirement already satisfied: zope.interface>=5.3 in /usr/local/lib/python3.11/site-packages (from zope.component) (8.0.1)
#19 1.014 WARNING: Running pip as the 'root' user can result in broken permissions and conflicting behaviour with the system package manager. It is recommended to use a virtual environment instead: https://pip.pypa.io/warnings/venv
#19 1.020 
#19 1.020 [notice] A new release of pip is available: 24.0 -> 25.3
#19 1.020 [notice] To update, run: pip install --upgrade pip
#19 DONE 1.1s

#20 [16/25] RUN ["pip","install","six"]
#20 0.606 Collecting six
#20 0.638   Downloading six-1.17.0-py2.py3-none-any.whl.metadata (1.7 kB)
#20 0.667 Downloading six-1.17.0-py2.py3-none-any.whl (11 kB)
#20 1.169 Installing collected packages: six
#20 1.226 Successfully installed six-1.17.0
#20 1.226 WARNING: Running pip as the 'root' user can result in broken permissions and conflicting behaviour with the system package manager. It is recommended to use a virtual environment instead: https://pip.pypa.io/warnings/venv
#20 1.232 
#20 1.232 [notice] A new release of pip is available: 24.0 -> 25.3
#20 1.232 [notice] To update, run: pip install --upgrade pip
#20 DONE 1.3s

#21 [17/25] RUN ["pip","install","zope.interface"]
#21 0.537 Requirement already satisfied: zope.interface in /usr/local/lib/python3.11/site-packages (8.0.1)
#21 1.040 WARNING: Running pip as the 'root' user can result in broken permissions and conflicting behaviour with the system package manager. It is recommended to use a virtual environment instead: https://pip.pypa.io/warnings/venv
#21 1.047 
#21 1.047 [notice] A new release of pip is available: 24.0 -> 25.3
#21 1.047 [notice] To update, run: pip install --upgrade pip
#21 DONE 1.1s

#22 [18/25] RUN ["pip","install","zope.index"]
#22 0.707 Collecting zope.index
#22 0.742   Downloading zope_index-8.0-cp311-cp311-manylinux1_x86_64.manylinux2014_x86_64.manylinux_2_17_x86_64.manylinux_2_5_x86_64.whl.metadata (11 kB)
#22 0.768 Requirement already satisfied: persistent in /usr/local/lib/python3.11/site-packages (from zope.index) (6.3)
#22 0.770 Requirement already satisfied: BTrees>=4.4.1 in /usr/local/lib/python3.11/site-packages (from zope.index) (6.2)
#22 0.771 Requirement already satisfied: setuptools in /usr/local/lib/python3.11/site-packages (from zope.index) (79.0.1)
#22 0.773 Requirement already satisfied: zope.interface in /usr/local/lib/python3.11/site-packages (from zope.index) (8.0.1)
#22 0.786 Requirement already satisfied: zope.deferredimport in /usr/local/lib/python3.11/site-packages (from persistent->zope.index) (6.0)
#22 0.788 Requirement already satisfied: cffi in /usr/local/lib/python3.11/site-packages (from persistent->zope.index) (2.0.0)
#22 0.828 Requirement already satisfied: pycparser in /usr/local/lib/python3.11/site-packages (from cffi->persistent->zope.index) (2.23)
#22 0.832 Requirement already satisfied: zope.proxy in /usr/local/lib/python3.11/site-packages (from zope.deferredimport->persistent->zope.index) (7.0)
#22 0.854 Downloading zope_index-8.0-cp311-cp311-manylinux1_x86_64.manylinux2014_x86_64.manylinux_2_17_x86_64.manylinux_2_5_x86_64.whl (99 kB)
#22 0.904    ━━━━━━━━━━━━━━━━━━━━━━━━━━━━━━━━━━━━━━━━ 99.9/99.9 kB 1.9 MB/s eta 0:00:00
#22 1.459 Installing collected packages: zope.index
#22 1.560 Successfully installed zope.index-8.0
#22 1.560 WARNING: Running pip as the 'root' user can result in broken permissions and conflicting behaviour with the system package manager. It is recommended to use a virtual environment instead: https://pip.pypa.io/warnings/venv
#22 1.566 
#22 1.566 [notice] A new release of pip is available: 24.0 -> 25.3
#22 1.566 [notice] To update, run: pip install --upgrade pip
#22 DONE 1.7s

#23 [19/25] RUN ["pip","install","zope.deprecation"]
#23 0.585 Requirement already satisfied: zope.deprecation in /usr/local/lib/python3.11/site-packages (6.0)
#23 0.588 Requirement already satisfied: setuptools in /usr/local/lib/python3.11/site-packages (from zope.deprecation) (79.0.1)
#23 1.131 WARNING: Running pip as the 'root' user can result in broken permissions and conflicting behaviour with the system package manager. It is recommended to use a virtual environment instead: https://pip.pypa.io/warnings/venv
#23 1.138 
#23 1.138 [notice] A new release of pip is available: 24.0 -> 25.3
#23 1.138 [notice] To update, run: pip install --upgrade pip
#23 DONE 1.2s

#24 [20/25] RUN ["pip","install","Products.CMFBibliographyAT"]
#24 0.661 Collecting Products.CMFBibliographyAT
#24 0.709   Downloading Products.CMFBibliographyAT-1.2.1.tar.gz (279 kB)
#24 0.754      ━━━━━━━━━━━━━━━━━━━━━━━━━━━━━━━━━━━━━━━ 279.7/279.7 kB 6.3 MB/s eta 0:00:00
#24 0.801   Preparing metadata (setup.py): started
#24 0.969   Preparing metadata (setup.py): finished with status 'done'
#24 0.975 Requirement already satisfied: setuptools in /usr/local/lib/python3.11/site-packages (from Products.CMFBibliographyAT) (79.0.1)
#24 1.012 Collecting bibliograph.core (from Products.CMFBibliographyAT)
#24 1.033   Downloading bibliograph.core-1.0.3.tar.gz (28 kB)
#24 1.057   Preparing metadata (setup.py): started
#24 1.214   Preparing metadata (setup.py): finished with status 'done'
#24 1.251 Collecting bibliograph.parsing (from Products.CMFBibliographyAT)
#24 1.261   Downloading bibliograph.parsing-1.0.1.tar.gz (64 kB)
#24 1.277      ━━━━━━━━━━━━━━━━━━━━━━━━━━━━━━━━━━━━━━━━ 64.1/64.1 kB 4.0 MB/s eta 0:00:00
#24 1.286   Preparing metadata (setup.py): started
#24 1.446   Preparing metadata (setup.py): finished with status 'done'
#24 1.486 Collecting bibliograph.rendering (from Products.CMFBibliographyAT)
#24 1.497   Downloading bibliograph.rendering-1.0.2.tar.gz (20 kB)
#24 1.522   Preparing metadata (setup.py): started
#24 1.676   Preparing metadata (setup.py): finished with status 'done'
#24 1.727 Collecting Products.ATExtensions (from Products.CMFBibliographyAT)
#24 1.739   Downloading Products.ATExtensions-1.1.tar.gz (49 kB)
#24 1.758      ━━━━━━━━━━━━━━━━━━━━━━━━━━━━━━━━━━━━━━━━ 49.6/49.6 kB 2.4 MB/s eta 0:00:00
#24 1.773   Preparing metadata (setup.py): started
#24 1.922   Preparing metadata (setup.py): finished with status 'done'
#24 1.958 Collecting zope.app.schema (from Products.CMFBibliographyAT)
#24 1.967   Downloading zope.app.schema-5.0-py3-none-any.whl.metadata (4.4 kB)
#24 2.017 Collecting pyisbn (from Products.CMFBibliographyAT)
#24 2.026   Downloading pyisbn-1.3.1-py3-none-any.whl.metadata (5.2 kB)
#24 2.104 Collecting zope.vocabularyregistry>=1.0.0 (from zope.app.schema->Products.CMFBibliographyAT)
#24 2.114   Downloading zope_vocabularyregistry-3.0-py3-none-any.whl.metadata (8.3 kB)
#24 2.133 Requirement already satisfied: zope.component in /usr/local/lib/python3.11/site-packages (from zope.vocabularyregistry>=1.0.0->zope.app.schema->Products.CMFBibliographyAT) (7.0)
#24 2.135 Requirement already satisfied: zope.interface in /usr/local/lib/python3.11/site-packages (from zope.vocabularyregistry>=1.0.0->zope.app.schema->Products.CMFBibliographyAT) (8.0.1)
#24 2.137 Requirement already satisfied: zope.schema in /usr/local/lib/python3.11/site-packages (from zope.vocabularyregistry>=1.0.0->zope.app.schema->Products.CMFBibliographyAT) (8.1)
#24 2.151 Requirement already satisfied: zope.event in /usr/local/lib/python3.11/site-packages (from zope.component->zope.vocabularyregistry>=1.0.0->zope.app.schema->Products.CMFBibliographyAT) (6.0)
#24 2.152 Requirement already satisfied: zope.hookable>=4.2.0 in /usr/local/lib/python3.11/site-packages (from zope.component->zope.vocabularyregistry>=1.0.0->zope.app.schema->Products.CMFBibliographyAT) (8.1)
#24 2.184 Downloading pyisbn-1.3.1-py3-none-any.whl (19 kB)
#24 2.207 Downloading zope.app.schema-5.0-py3-none-any.whl (8.5 kB)
#24 2.225 Downloading zope_vocabularyregistry-3.0-py3-none-any.whl (9.5 kB)
#24 2.246 Building wheels for collected packages: Products.CMFBibliographyAT, bibliograph.core, bibliograph.parsing, bibliograph.rendering, Products.ATExtensions
#24 2.251   Building wheel for Products.CMFBibliographyAT (setup.py): started
#24 2.635   Building wheel for Products.CMFBibliographyAT (setup.py): finished with status 'done'
#24 2.636   Created wheel for Products.CMFBibliographyAT: filename=products_cmfbibliographyat-1.2.1-py3-none-any.whl size=404444 sha256=60f9aad5a49cef2ba01a55e3d46a8617de32811acc4f730c9ece8800160f60fa
#24 2.636   Stored in directory: /root/.cache/pip/wheels/b5/f7/94/d38f42a85474e304bd4bc04a47345b3e6a7907ce84022cd7a3
#24 2.640   Building wheel for bibliograph.core (setup.py): started
#24 2.897   Building wheel for bibliograph.core (setup.py): finished with status 'done'
#24 2.898   Created wheel for bibliograph.core: filename=bibliograph_core-1.0.3-py3-none-any.whl size=30183 sha256=9f45c1a3d4fe8dc4885a65de4f47bcaa06fefce83bbd4baa86f44a096d5625a8
#24 2.898   Stored in directory: /root/.cache/pip/wheels/cc/e9/28/45c5a53e4b175d1f16aa9554cea3e12628bde176294389ea14
#24 2.900   Building wheel for bibliograph.parsing (setup.py): started
#24 3.191   Building wheel for bibliograph.parsing (setup.py): finished with status 'done'
#24 3.192   Created wheel for bibliograph.parsing: filename=bibliograph_parsing-1.0.1-py3-none-any.whl size=91223 sha256=06cfdac6d3ef79c569f788c51b39f2e70129885cf463a25f1a65f494b2c451b0
#24 3.192   Stored in directory: /root/.cache/pip/wheels/36/16/a5/67443f1d6709d8d93b5f0a2ab7877ab2fd8a3ee0d345ba8fa6
#24 3.195   Building wheel for bibliograph.rendering (setup.py): started
#24 3.477   Building wheel for bibliograph.rendering (setup.py): finished with status 'done'
#24 3.477   Created wheel for bibliograph.rendering: filename=bibliograph_rendering-1.0.2-py3-none-any.whl size=29234 sha256=7601adaaa8547e1914f88915f3d73282e9765a91efab15e98612f0c6661dc540
#24 3.477   Stored in directory: /root/.cache/pip/wheels/d1/ab/08/914d1ebec6a6368372f26c919b7468c6647c80582840c13500
#24 3.480   Building wheel for Products.ATExtensions (setup.py): started
#24 3.793   Building wheel for Products.ATExtensions (setup.py): finished with status 'done'
#24 3.793   Created wheel for Products.ATExtensions: filename=products_atextensions-1.1-py3-none-any.whl size=78823 sha256=b363f4d1a8d54d998d5ef522e0d33e9b953c1ba916ba18304d2ee6618a51b163
#24 3.794   Stored in directory: /root/.cache/pip/wheels/05/11/f9/ddd17d45d2b23f262792c820453dbe52e25c48f47f87fbedb2
#24 3.796 Successfully built Products.CMFBibliographyAT bibliograph.core bibliograph.parsing bibliograph.rendering Products.ATExtensions
#24 4.386 Installing collected packages: pyisbn, Products.ATExtensions, bibliograph.core, bibliograph.rendering, bibliograph.parsing, zope.vocabularyregistry, zope.app.schema, Products.CMFBibliographyAT
#24 4.737 Successfully installed Products.ATExtensions-1.1 Products.CMFBibliographyAT-1.2.1 bibliograph.core-1.0.3 bibliograph.parsing-1.0.1 bibliograph.rendering-1.0.2 pyisbn-1.3.1 zope.app.schema-5.0 zope.vocabularyregistry-3.0
#24 4.737 WARNING: Running pip as the 'root' user can result in broken permissions and conflicting behaviour with the system package manager. It is recommended to use a virtual environment instead: https://pip.pypa.io/warnings/venv
#24 4.744 
#24 4.744 [notice] A new release of pip is available: 24.0 -> 25.3
#24 4.744 [notice] To update, run: pip install --upgrade pip
#24 DONE 4.9s

#25 [21/25] RUN ["pip","install","Products.SecureMailHost"]
#25 0.641 Collecting Products.SecureMailHost
#25 0.677   Downloading Products.SecureMailHost-1.1.2.zip (29 kB)
#25 0.699   Preparing metadata (setup.py): started
#25 0.858   Preparing metadata (setup.py): finished with status 'done'
#25 0.861 Requirement already satisfied: setuptools in /usr/local/lib/python3.11/site-packages (from Products.SecureMailHost) (79.0.1)
#25 0.892 Building wheels for collected packages: Products.SecureMailHost
#25 0.896   Building wheel for Products.SecureMailHost (setup.py): started
#25 1.113   Building wheel for Products.SecureMailHost (setup.py): finished with status 'done'
#25 1.113   Created wheel for Products.SecureMailHost: filename=products_securemailhost-1.1.2-py3-none-any.whl size=25211 sha256=0a795782222a1fdb3fa87499d1d71a60229f2babcdf3aa0a7906b8f20941ed19
#25 1.114   Stored in directory: /root/.cache/pip/wheels/9f/06/4f/e6bb8666653c6330bf6bc31bfe3383df4447b951a6cef835ac
#25 1.115 Successfully built Products.SecureMailHost
#25 1.637 Installing collected packages: Products.SecureMailHost
#25 1.701 Successfully installed Products.SecureMailHost-1.1.2
#25 1.702 WARNING: Running pip as the 'root' user can result in broken permissions and conflicting behaviour with the system package manager. It is recommended to use a virtual environment instead: https://pip.pypa.io/warnings/venv
#25 1.708 
#25 1.708 [notice] A new release of pip is available: 24.0 -> 25.3
#25 1.708 [notice] To update, run: pip install --upgrade pip
#25 DONE 1.8s

#26 [22/25] RUN ["pip","install","Products.PloneGlossary"]
#26 0.667 Collecting Products.PloneGlossary
#26 0.708   Downloading Products.PloneGlossary-1.7.3.tar.gz (126 kB)
#26 0.742      ━━━━━━━━━━━━━━━━━━━━━━━━━━━━━━━━━━━━━━━ 126.9/126.9 kB 3.8 MB/s eta 0:00:00
#26 0.763   Preparing metadata (setup.py): started
#26 0.881   Preparing metadata (setup.py): finished with status 'error'
#26 0.885   error: subprocess-exited-with-error
#26 0.885   
#26 0.885   × python setup.py egg_info did not run successfully.
#26 0.885   │ exit code: 1
#26 0.885   ╰─> [7 lines of output]
#26 0.885       Traceback (most recent call last):
#26 0.885         File "<string>", line 2, in <module>
#26 0.885         File "<pip-setuptools-caller>", line 34, in <module>
#26 0.885         File "/tmp/pip-install-cfqe056a/products-ploneglossary_8e1c931cc524492b860ad77de4be1f36/setup.py", line 6, in <module>
#26 0.885           long_description = long_description.decode('utf8')
#26 0.885                              ^^^^^^^^^^^^^^^^^^^^^^^
#26 0.885       AttributeError: 'str' object has no attribute 'decode'. Did you mean: 'encode'?
#26 0.885       [end of output]
#26 0.885   
#26 0.885   note: This error originates from a subprocess, and is likely not a problem with pip.
#26 0.886 error: metadata-generation-failed
#26 0.886 
#26 0.886 × Encountered error while generating package metadata.
#26 0.886 ╰─> See above for output.
#26 0.886 
#26 0.886 note: This is an issue with the package mentioned above, not pip.
#26 0.886 hint: See above for details.
#26 0.892 
#26 0.892 [notice] A new release of pip is available: 24.0 -> 25.3
#26 0.892 [notice] To update, run: pip install --upgrade pip
#26 ERROR: process "pip install Products.PloneGlossary" did not complete successfully: exit code: 1
------
 > [22/25] RUN ["pip","install","Products.PloneGlossary"]:
0.886 error: metadata-generation-failed
0.886 
0.886 × Encountered error while generating package metadata.
0.886 ╰─> See above for output.
0.886 
0.886 note: This is an issue with the package mentioned above, not pip.
0.886 hint: See above for details.
0.892 
0.892 [notice] A new release of pip is available: 24.0 -> 25.3
0.892 [notice] To update, run: pip install --upgrade pip
------
Dockerfile:22
--------------------
  20 |     RUN ["pip","install","Products.CMFBibliographyAT"]
  21 |     RUN ["pip","install","Products.SecureMailHost"]
  22 | >>> RUN ["pip","install","Products.PloneGlossary"]
  23 |     RUN ["pip","install","Products.feedfeeder"]
  24 |     RUN ["pip","install","Products.OpenXml"]
--------------------
ERROR: failed to build: failed to solve: process "pip install Products.PloneGlossary" did not complete successfully: exit code: 1

View build details: docker-desktop://dashboard/build/default/default/h25r47svykmvackyge8x5fm6a
[2025-10-29 17:15:10] ERROR: Build failed for 7680498
