=== Docker Build Log for f85e89bef4b6e9b83f2a ===
Started at: Mi 29. Okt 21:29:34 CET 2025

[2025-10-29 21:29:34] START: Building image for f85e89bef4b6e9b83f2a
#0 building with "default" instance using docker driver

#1 [internal] load build definition from Dockerfile
#1 transferring dockerfile: 145B done
#1 DONE 0.0s

#2 [internal] load metadata for docker.io/library/python:3.11
#2 DONE 0.0s

#3 [internal] load .dockerignore
#3 transferring context: 2B done
#3 DONE 0.0s

#4 [internal] load build context
#4 transferring context: 3.82kB 0.0s done
#4 DONE 0.0s

#5 [1/2] FROM docker.io/library/python:3.11
#5 CACHED

#6 [2/2] COPY hard-gists/f85e89bef4b6e9b83f2a/snippet.py /snippet.py
#6 DONE 0.1s

#7 exporting to image
#7 exporting layers 0.0s done
#7 writing image sha256:199018d670c095cce40f300e66d30491f8723858897056f03b47dbaba5bbb0a9 done
#7 naming to docker.io/library/test-image-f85e89bef4b6e9b83f2a done
#7 DONE 0.1s

View build details: docker-desktop://dashboard/build/default/default/f1qyk97i1m240ozzdz16ow0rc
[2025-10-29 21:29:34] SUCCESS: Build completed for f85e89bef4b6e9b83f2a
