=== Docker Build Log for 660303 ===
Started at: Mi 29. Okt 16:39:15 CET 2025

[2025-10-29 16:39:15] START: Building image for 660303
#0 building with "default" instance using docker driver

#1 [internal] load build definition from Dockerfile
#1 transferring dockerfile: 199B done
#1 DONE 0.0s

#2 [internal] load metadata for docker.io/library/python:3.11
#2 DONE 0.0s

#3 [internal] load .dockerignore
#3 transferring context: 2B done
#3 DONE 0.0s

#4 [internal] load build context
#4 transferring context: 1.79kB 0.0s done
#4 DONE 0.0s

#5 [1/4] FROM docker.io/library/python:3.11
#5 CACHED

#6 [2/4] COPY hard-gists/660303/snippet.py /snippet.py
#6 DONE 0.1s

#7 [3/4] RUN ["pip","install","dj.choices"]
#7 1.930 Collecting dj.choices
#7 1.965   Downloading dj.choices-0.11.0.tar.gz (28 kB)
#7 1.984   Preparing metadata (setup.py): started
#7 2.377   Preparing metadata (setup.py): finished with status 'done'
#7 2.497 Collecting django (from dj.choices)
#7 2.506   Downloading django-5.2.7-py3-none-any.whl.metadata (4.1 kB)
#7 2.544 Collecting six (from dj.choices)
#7 2.552   Downloading six-1.17.0-py2.py3-none-any.whl.metadata (1.7 kB)
#7 2.603 Collecting asgiref>=3.8.1 (from django->dj.choices)
#7 2.613   Downloading asgiref-3.10.0-py3-none-any.whl.metadata (9.3 kB)
#7 2.654 Collecting sqlparse>=0.3.1 (from django->dj.choices)
#7 2.662   Downloading sqlparse-0.5.3-py3-none-any.whl.metadata (3.9 kB)
#7 2.690 Downloading django-5.2.7-py3-none-any.whl (8.3 MB)
#7 3.039    ━━━━━━━━━━━━━━━━━━━━━━━━━━━━━━━━━━━━━━━━ 8.3/8.3 MB 23.9 MB/s eta 0:00:00
#7 3.047 Downloading six-1.17.0-py2.py3-none-any.whl (11 kB)
#7 3.070 Downloading asgiref-3.10.0-py3-none-any.whl (24 kB)
#7 3.096 Downloading sqlparse-0.5.3-py3-none-any.whl (44 kB)
#7 3.110    ━━━━━━━━━━━━━━━━━━━━━━━━━━━━━━━━━━━━━━━━ 44.4/44.4 kB 2.7 MB/s eta 0:00:00
#7 3.149 Building wheels for collected packages: dj.choices
#7 3.150   Building wheel for dj.choices (setup.py): started
#7 3.333   Building wheel for dj.choices (setup.py): finished with status 'done'
#7 3.333   Created wheel for dj.choices: filename=dj_choices-0.11.0-py3-none-any.whl size=28716 sha256=d863c2a7fddd0e54d0538cc3e1f62015e308e219aa7533a0507a1ade5aa5fd31
#7 3.333   Stored in directory: /root/.cache/pip/wheels/97/38/bd/4ca089ff8ffdead6a07e7af033d36d74a01ab7a37e70797942
#7 3.335 Successfully built dj.choices
#7 3.385 Installing collected packages: sqlparse, six, asgiref, django, dj.choices
#7 4.893 Successfully installed asgiref-3.10.0 dj.choices-0.11.0 django-5.2.7 six-1.17.0 sqlparse-0.5.3
#7 4.893 WARNING: Running pip as the 'root' user can result in broken permissions and conflicting behaviour with the system package manager. It is recommended to use a virtual environment instead: https://pip.pypa.io/warnings/venv
#7 4.990 
#7 4.990 [notice] A new release of pip is available: 24.0 -> 25.3
#7 4.990 [notice] To update, run: pip install --upgrade pip
#7 DONE 5.5s

#8 [4/4] RUN ["pip","install","Django"]
#8 0.465 Requirement already satisfied: Django in /usr/local/lib/python3.11/site-packages (5.2.7)
#8 0.468 Requirement already satisfied: asgiref>=3.8.1 in /usr/local/lib/python3.11/site-packages (from Django) (3.10.0)
#8 0.469 Requirement already satisfied: sqlparse>=0.3.1 in /usr/local/lib/python3.11/site-packages (from Django) (0.5.3)
#8 0.514 WARNING: Running pip as the 'root' user can result in broken permissions and conflicting behaviour with the system package manager. It is recommended to use a virtual environment instead: https://pip.pypa.io/warnings/venv
#8 0.519 
#8 0.519 [notice] A new release of pip is available: 24.0 -> 25.3
#8 0.519 [notice] To update, run: pip install --upgrade pip
#8 DONE 0.6s

#9 exporting to image
#9 exporting layers
#9 exporting layers 0.6s done
#9 writing image sha256:6b89f024458131f60bcb25f86b03889f39e2a0f4fe4961de6dd97d6a23c44e7a done
#9 naming to docker.io/library/test-image-660303 0.0s done
#9 DONE 0.6s

View build details: docker-desktop://dashboard/build/default/default/0xl7m37ko4om0yvgs466rofve
[2025-10-29 16:39:22] SUCCESS: Build completed for 660303
