=== Docker Build Log for 5574345 ===
Started at: Mi 29. Okt 15:45:34 CET 2025

[2025-10-29 15:45:34] START: Building image for 5574345
#0 building with "default" instance using docker driver

#1 [internal] load build definition from Dockerfile
#1 transferring dockerfile: 132B done
#1 DONE 0.0s

#2 [internal] load metadata for docker.io/library/python:3.11
#2 DONE 0.0s

#3 [internal] load .dockerignore
#3 transferring context: 2B done
#3 DONE 0.0s

#4 [internal] load build context
#4 transferring context: 1.75kB 0.0s done
#4 DONE 0.0s

#5 [1/2] FROM docker.io/library/python:3.11
#5 CACHED

#6 [2/2] COPY hard-gists/5574345/snippet.py /snippet.py
#6 DONE 0.1s

#7 exporting to image
#7 exporting layers 0.0s done
#7 writing image sha256:77852f07965d4485f70c3dee56951e8ce47f31a90b4f51c5c8fa340b8f8e1227 done
#7 naming to docker.io/library/test-image-5574345 done
#7 DONE 0.1s

View build details: docker-desktop://dashboard/build/default/default/99tazndzav0dahuebahgfgpqo
[2025-10-29 15:45:34] SUCCESS: Build completed for 5574345
