=== Docker Build Log for 5996074 ===
Started at: Mi 29. Okt 16:11:09 CET 2025

[2025-10-29 16:11:09] START: Building image for 5996074
#0 building with "default" instance using docker driver

#1 [internal] load build definition from Dockerfile
#1 transferring dockerfile: 201B done
#1 DONE 0.0s

#2 [internal] load metadata for docker.io/library/python:3.11
#2 DONE 0.0s

#3 [internal] load .dockerignore
#3 transferring context: 2B done
#3 DONE 0.0s

#4 [internal] load build context
#4 transferring context: 497B 0.0s done
#4 DONE 0.0s

#5 [1/4] FROM docker.io/library/python:3.11
#5 CACHED

#6 [2/4] COPY hard-gists/5996074/snippet.py /snippet.py
#6 DONE 0.1s

#7 [3/4] RUN ["pip","install","numpy"]
#7 2.174 Collecting numpy
#7 2.216   Downloading numpy-2.3.4-cp311-cp311-manylinux_2_27_x86_64.manylinux_2_28_x86_64.whl.metadata (62 kB)
#7 2.249      ━━━━━━━━━━━━━━━━━━━━━━━━━━━━━━━━━━━━━━━━ 62.1/62.1 kB 1.7 MB/s eta 0:00:00
#7 2.269 Downloading numpy-2.3.4-cp311-cp311-manylinux_2_27_x86_64.manylinux_2_28_x86_64.whl (16.9 MB)
#7 2.970    ━━━━━━━━━━━━━━━━━━━━━━━━━━━━━━━━━━━━━━━━ 16.9/16.9 MB 22.8 MB/s eta 0:00:00
#7 3.059 Installing collected packages: numpy
#7 4.590 Successfully installed numpy-2.3.4
#7 4.590 WARNING: Running pip as the 'root' user can result in broken permissions and conflicting behaviour with the system package manager. It is recommended to use a virtual environment instead: https://pip.pypa.io/warnings/venv
#7 4.684 
#7 4.684 [notice] A new release of pip is available: 24.0 -> 25.3
#7 4.684 [notice] To update, run: pip install --upgrade pip
#7 DONE 5.2s

#8 [4/4] RUN ["pip","install","scikit-learn"]
#8 0.632 Collecting scikit-learn
#8 0.665   Downloading scikit_learn-1.7.2-cp311-cp311-manylinux2014_x86_64.manylinux_2_17_x86_64.whl.metadata (11 kB)
#8 0.721 Requirement already satisfied: numpy>=1.22.0 in /usr/local/lib/python3.11/site-packages (from scikit-learn) (2.3.4)
#8 0.864 Collecting scipy>=1.8.0 (from scikit-learn)
#8 0.875   Downloading scipy-1.16.3-cp311-cp311-manylinux2014_x86_64.manylinux_2_17_x86_64.whl.metadata (62 kB)
#8 0.905      ━━━━━━━━━━━━━━━━━━━━━━━━━━━━━━━━━━━━━━━━ 62.0/62.0 kB 1.8 MB/s eta 0:00:00
#8 0.947 Collecting joblib>=1.2.0 (from scikit-learn)
#8 0.956   Downloading joblib-1.5.2-py3-none-any.whl.metadata (5.6 kB)
#8 0.992 Collecting threadpoolctl>=3.1.0 (from scikit-learn)
#8 1.001   Downloading threadpoolctl-3.6.0-py3-none-any.whl.metadata (13 kB)
#8 1.049 Downloading scikit_learn-1.7.2-cp311-cp311-manylinux2014_x86_64.manylinux_2_17_x86_64.whl (9.7 MB)
#8 1.655    ━━━━━━━━━━━━━━━━━━━━━━━━━━━━━━━━━━━━━━━━ 9.7/9.7 MB 16.1 MB/s eta 0:00:00
#8 1.663 Downloading joblib-1.5.2-py3-none-any.whl (308 kB)
#8 1.682    ━━━━━━━━━━━━━━━━━━━━━━━━━━━━━━━━━━━━━━━━ 308.4/308.4 kB 17.2 MB/s eta 0:00:00
#8 1.696 Downloading scipy-1.16.3-cp311-cp311-manylinux2014_x86_64.manylinux_2_17_x86_64.whl (35.9 MB)
#8 3.197    ━━━━━━━━━━━━━━━━━━━━━━━━━━━━━━━━━━━━━━━━ 35.9/35.9 MB 14.9 MB/s eta 0:00:00
#8 3.206 Downloading threadpoolctl-3.6.0-py3-none-any.whl (18 kB)
#8 3.442 Installing collected packages: threadpoolctl, scipy, joblib, scikit-learn
#8 8.072 Successfully installed joblib-1.5.2 scikit-learn-1.7.2 scipy-1.16.3 threadpoolctl-3.6.0
#8 8.072 WARNING: Running pip as the 'root' user can result in broken permissions and conflicting behaviour with the system package manager. It is recommended to use a virtual environment instead: https://pip.pypa.io/warnings/venv
#8 8.078 
#8 8.078 [notice] A new release of pip is available: 24.0 -> 25.3
#8 8.078 [notice] To update, run: pip install --upgrade pip
#8 DONE 9.2s

#9 exporting to image
#9 exporting layers
#9 exporting layers 1.0s done
#9 writing image sha256:17c2b312d91648294034935daee34a14f07bc13fea91edc12c2da5023c641ed2 done
#9 naming to docker.io/library/test-image-5996074 0.0s done
#9 DONE 1.0s

View build details: docker-desktop://dashboard/build/default/default/0k6336wc7g3oljbdw0y1ldm12
[2025-10-29 16:11:24] SUCCESS: Build completed for 5996074
