=== Docker Build Log for 4490410 ===
Started at: Mi 29. Okt 14:40:31 CET 2025

[2025-10-29 14:40:31] START: Building image for 4490410
#0 building with "default" instance using docker driver

#1 [internal] load build definition from Dockerfile
#1 transferring dockerfile: 240B done
#1 DONE 0.0s

#2 [internal] load metadata for docker.io/library/python:3.11
#2 DONE 0.0s

#3 [internal] load .dockerignore
#3 transferring context: 2B done
#3 DONE 0.0s

#4 [internal] load build context
#4 transferring context: 273B 0.0s done
#4 DONE 0.0s

#5 [1/5] FROM docker.io/library/python:3.11
#5 CACHED

#6 [2/5] COPY hard-gists/4490410/snippet.py /snippet.py
#6 DONE 0.1s

#7 [3/5] RUN ["pip","install","dj.choices"]
#7 1.981 Collecting dj.choices
#7 2.014   Downloading dj.choices-0.11.0.tar.gz (28 kB)
#7 2.031   Preparing metadata (setup.py): started
#7 2.420   Preparing metadata (setup.py): finished with status 'done'
#7 2.528 Collecting django (from dj.choices)
#7 2.538   Downloading django-5.2.7-py3-none-any.whl.metadata (4.1 kB)
#7 2.624 Collecting six (from dj.choices)
#7 2.632   Downloading six-1.17.0-py2.py3-none-any.whl.metadata (1.7 kB)
#7 2.681 Collecting asgiref>=3.8.1 (from django->dj.choices)
#7 2.690   Downloading asgiref-3.10.0-py3-none-any.whl.metadata (9.3 kB)
#7 2.730 Collecting sqlparse>=0.3.1 (from django->dj.choices)
#7 2.739   Downloading sqlparse-0.5.3-py3-none-any.whl.metadata (3.9 kB)
#7 2.765 Downloading django-5.2.7-py3-none-any.whl (8.3 MB)
#7 3.091    ━━━━━━━━━━━━━━━━━━━━━━━━━━━━━━━━━━━━━━━━ 8.3/8.3 MB 25.6 MB/s eta 0:00:00
#7 3.101 Downloading six-1.17.0-py2.py3-none-any.whl (11 kB)
#7 3.119 Downloading asgiref-3.10.0-py3-none-any.whl (24 kB)
#7 3.138 Downloading sqlparse-0.5.3-py3-none-any.whl (44 kB)
#7 3.153    ━━━━━━━━━━━━━━━━━━━━━━━━━━━━━━━━━━━━━━━━ 44.4/44.4 kB 2.9 MB/s eta 0:00:00
#7 3.192 Building wheels for collected packages: dj.choices
#7 3.193   Building wheel for dj.choices (setup.py): started
#7 3.379   Building wheel for dj.choices (setup.py): finished with status 'done'
#7 3.380   Created wheel for dj.choices: filename=dj_choices-0.11.0-py3-none-any.whl size=28716 sha256=c6e8a0a3fb53486a59a18d475a577592ba281a8e73026b777dcd0af45d59027c
#7 3.380   Stored in directory: /root/.cache/pip/wheels/97/38/bd/4ca089ff8ffdead6a07e7af033d36d74a01ab7a37e70797942
#7 3.382 Successfully built dj.choices
#7 3.428 Installing collected packages: sqlparse, six, asgiref, django, dj.choices
#7 4.912 Successfully installed asgiref-3.10.0 dj.choices-0.11.0 django-5.2.7 six-1.17.0 sqlparse-0.5.3
#7 4.912 WARNING: Running pip as the 'root' user can result in broken permissions and conflicting behaviour with the system package manager. It is recommended to use a virtual environment instead: https://pip.pypa.io/warnings/venv
#7 5.012 
#7 5.012 [notice] A new release of pip is available: 24.0 -> 25.3
#7 5.012 [notice] To update, run: pip install --upgrade pip
#7 DONE 5.5s

#8 [4/5] RUN ["pip","install","Django"]
#8 0.469 Requirement already satisfied: Django in /usr/local/lib/python3.11/site-packages (5.2.7)
#8 0.473 Requirement already satisfied: asgiref>=3.8.1 in /usr/local/lib/python3.11/site-packages (from Django) (3.10.0)
#8 0.474 Requirement already satisfied: sqlparse>=0.3.1 in /usr/local/lib/python3.11/site-packages (from Django) (0.5.3)
#8 0.514 WARNING: Running pip as the 'root' user can result in broken permissions and conflicting behaviour with the system package manager. It is recommended to use a virtual environment instead: https://pip.pypa.io/warnings/venv
#8 0.519 
#8 0.519 [notice] A new release of pip is available: 24.0 -> 25.3
#8 0.519 [notice] To update, run: pip install --upgrade pip
#8 DONE 0.6s

#9 [5/5] RUN ["pip","install","django-tastypie"]
#9 0.650 Collecting django-tastypie
#9 0.705   Downloading django_tastypie-0.15.1.tar.gz (156 kB)
#9 0.739      ━━━━━━━━━━━━━━━━━━━━━━━━━━━━━━━━━━━━━━━ 156.6/156.6 kB 4.6 MB/s eta 0:00:00
#9 0.765   Preparing metadata (setup.py): started
#9 0.931   Preparing metadata (setup.py): finished with status 'done'
#9 1.079 Collecting python-mimeparse!=1.5,>=0.1.4 (from django-tastypie)
#9 1.089   Downloading python_mimeparse-2.0.0-py3-none-any.whl.metadata (3.1 kB)
#9 1.137 Collecting python-dateutil>=2.1 (from django-tastypie)
#9 1.146   Downloading python_dateutil-2.9.0.post0-py2.py3-none-any.whl.metadata (8.4 kB)
#9 1.158 Requirement already satisfied: six>=1.5 in /usr/local/lib/python3.11/site-packages (from python-dateutil>=2.1->django-tastypie) (1.17.0)
#9 1.170 Downloading python_dateutil-2.9.0.post0-py2.py3-none-any.whl (229 kB)
#9 1.191    ━━━━━━━━━━━━━━━━━━━━━━━━━━━━━━━━━━━━━━━━ 229.9/229.9 kB 12.3 MB/s eta 0:00:00
#9 1.201 Downloading python_mimeparse-2.0.0-py3-none-any.whl (5.6 kB)
#9 1.220 Building wheels for collected packages: django-tastypie
#9 1.225   Building wheel for django-tastypie (setup.py): started
#9 1.393   Building wheel for django-tastypie (setup.py): finished with status 'done'
#9 1.394   Created wheel for django-tastypie: filename=django_tastypie-0.15.1-py2.py3-none-any.whl size=79676 sha256=07e3267099a1f2a554ed5dad494e3dee85042650c8599f045e74688919ebba7a
#9 1.394   Stored in directory: /root/.cache/pip/wheels/3c/1f/44/eb4cf3a12ae17b4b6dd6d6f90d5a0b76be52f951aad86aa27a
#9 1.396 Successfully built django-tastypie
#9 1.435 Installing collected packages: python-mimeparse, python-dateutil, django-tastypie
#9 1.544 Successfully installed django-tastypie-0.15.1 python-dateutil-2.9.0.post0 python-mimeparse-2.0.0
#9 1.545 WARNING: Running pip as the 'root' user can result in broken permissions and conflicting behaviour with the system package manager. It is recommended to use a virtual environment instead: https://pip.pypa.io/warnings/venv
#9 1.550 
#9 1.550 [notice] A new release of pip is available: 24.0 -> 25.3
#9 1.550 [notice] To update, run: pip install --upgrade pip
#9 DONE 1.7s

#10 exporting to image
#10 exporting layers
#10 exporting layers 0.7s done
#10 writing image sha256:43f839e3bf77a119b2fd9386c692fcd7b91d223b01a49dd329bab1b4cf5e2474 done
#10 naming to docker.io/library/test-image-4490410 done
#10 DONE 0.7s

View build details: docker-desktop://dashboard/build/default/default/vh5yrg7yr5s0s4uhrl3nge2u4
[2025-10-29 14:40:40] SUCCESS: Build completed for 4490410
