=== Docker Build Log for 4996449 ===
Started at: Mi 29. Okt 15:05:43 CET 2025

[2025-10-29 15:05:43] START: Building image for 4996449
#0 building with "default" instance using docker driver

#1 [internal] load build definition from Dockerfile
#1 transferring dockerfile: 132B done
#1 DONE 0.0s

#2 [internal] load metadata for docker.io/library/python:3.11
#2 DONE 0.0s

#3 [internal] load .dockerignore
#3 transferring context: 2B done
#3 DONE 0.0s

#4 [internal] load build context
#4 transferring context: 2.16kB 0.0s done
#4 DONE 0.0s

#5 [1/2] FROM docker.io/library/python:3.11
#5 CACHED

#6 [2/2] COPY hard-gists/4996449/snippet.py /snippet.py
#6 DONE 0.1s

#7 exporting to image
#7 exporting layers 0.0s done
#7 writing image sha256:d790149ad2e4a02d0ec0219572020fd7da4a20892399fee44b37d4001420fcfa done
#7 naming to docker.io/library/test-image-4996449 done
#7 DONE 0.1s

View build details: docker-desktop://dashboard/build/default/default/xnozdyew1jtrgcerlacsto04z
[2025-10-29 15:05:44] SUCCESS: Build completed for 4996449
