=== Docker Build Log for a67517621c2a9d4c2f14 ===
Started at: Mi 29. Okt 19:05:43 CET 2025

[2025-10-29 19:05:43] START: Building image for a67517621c2a9d4c2f14
#0 building with "default" instance using docker driver

#1 [internal] load build definition from Dockerfile
#1 transferring dockerfile: 177B done
#1 DONE 0.0s

#2 [internal] load metadata for docker.io/library/python:3.11
#2 DONE 0.0s

#3 [internal] load .dockerignore
#3 transferring context: 2B done
#3 DONE 0.0s

#4 [internal] load build context
#4 transferring context: 2.64kB 0.0s done
#4 DONE 0.0s

#5 [1/3] FROM docker.io/library/python:3.11
#5 CACHED

#6 [2/3] COPY hard-gists/a67517621c2a9d4c2f14/snippet.py /snippet.py
#6 DONE 0.1s

#7 [3/3] RUN ["pip","install","geopy"]
#7 1.915 Collecting geopy
#7 1.951   Downloading geopy-2.4.1-py3-none-any.whl.metadata (6.8 kB)
#7 2.004 Collecting geographiclib<3,>=1.52 (from geopy)
#7 2.012   Downloading geographiclib-2.1-py3-none-any.whl.metadata (1.6 kB)
#7 2.033 Downloading geopy-2.4.1-py3-none-any.whl (125 kB)
#7 2.065    ━━━━━━━━━━━━━━━━━━━━━━━━━━━━━━━━━━━━━━━━ 125.4/125.4 kB 4.0 MB/s eta 0:00:00
#7 2.074 Downloading geographiclib-2.1-py3-none-any.whl (40 kB)
#7 2.086    ━━━━━━━━━━━━━━━━━━━━━━━━━━━━━━━━━━━━━━━━ 40.7/40.7 kB 3.1 MB/s eta 0:00:00
#7 2.133 Installing collected packages: geographiclib, geopy
#7 2.217 Successfully installed geographiclib-2.1 geopy-2.4.1
#7 2.217 WARNING: Running pip as the 'root' user can result in broken permissions and conflicting behaviour with the system package manager. It is recommended to use a virtual environment instead: https://pip.pypa.io/warnings/venv
#7 2.321 
#7 2.321 [notice] A new release of pip is available: 24.0 -> 25.3
#7 2.321 [notice] To update, run: pip install --upgrade pip
#7 DONE 2.5s

#8 exporting to image
#8 exporting layers 0.1s done
#8 writing image sha256:149e80f593292dc2dd012516181d6ce0571b116391519de271a5cf16f8f4a565 done
#8 naming to docker.io/library/test-image-a67517621c2a9d4c2f14 done
#8 DONE 0.2s

View build details: docker-desktop://dashboard/build/default/default/k2wqukxscfdof9ehfhmnqtusu
[2025-10-29 19:05:46] SUCCESS: Build completed for a67517621c2a9d4c2f14
