=== Docker Build Log for eba2bf1a0ecd3e541146e98f35d49739 ===
Started at: Mi 29. Okt 20:52:44 CET 2025

[2025-10-29 20:52:44] START: Building image for eba2bf1a0ecd3e541146e98f35d49739
#0 building with "default" instance using docker driver

#1 [internal] load build definition from Dockerfile
#1 transferring dockerfile: 337B done
#1 DONE 0.0s

#2 [internal] load metadata for docker.io/library/python:3.11
#2 DONE 0.0s

#3 [internal] load .dockerignore
#3 transferring context: 2B done
#3 DONE 0.0s

#4 [internal] load build context
#4 transferring context: 1.83kB 0.0s done
#4 DONE 0.0s

#5 [1/7] FROM docker.io/library/python:3.11
#5 CACHED

#6 [2/7] COPY hard-gists/eba2bf1a0ecd3e541146e98f35d49739/snippet.py /snippet.py
#6 DONE 0.1s

#7 [3/7] RUN ["pip","install","keras"]
#7 1.938 Collecting keras
#7 1.985   Downloading keras-3.12.0-py3-none-any.whl.metadata (5.9 kB)
#7 2.031 Collecting absl-py (from keras)
#7 2.040   Downloading absl_py-2.3.1-py3-none-any.whl.metadata (3.3 kB)
#7 2.248 Collecting numpy (from keras)
#7 2.259   Downloading numpy-2.3.4-cp311-cp311-manylinux_2_27_x86_64.manylinux_2_28_x86_64.whl.metadata (62 kB)
#7 2.290      ━━━━━━━━━━━━━━━━━━━━━━━━━━━━━━━━━━━━━━━━ 62.1/62.1 kB 1.9 MB/s eta 0:00:00
#7 2.367 Collecting rich (from keras)
#7 2.377   Downloading rich-14.2.0-py3-none-any.whl.metadata (18 kB)
#7 2.411 Collecting namex (from keras)
#7 2.421   Downloading namex-0.1.0-py3-none-any.whl.metadata (322 bytes)
#7 2.489 Collecting h5py (from keras)
#7 2.499   Downloading h5py-3.15.1-cp311-cp311-manylinux_2_27_x86_64.manylinux_2_28_x86_64.whl.metadata (3.0 kB)
#7 2.595 Collecting optree (from keras)
#7 2.605   Downloading optree-0.17.0-cp311-cp311-manylinux_2_27_x86_64.manylinux_2_28_x86_64.whl.metadata (33 kB)
#7 2.657 Collecting ml-dtypes (from keras)
#7 2.668   Downloading ml_dtypes-0.5.3-cp311-cp311-manylinux_2_27_x86_64.manylinux_2_28_x86_64.whl.metadata (8.9 kB)
#7 2.738 Collecting packaging (from keras)
#7 2.752   Downloading packaging-25.0-py3-none-any.whl.metadata (3.3 kB)
#7 2.834 Collecting typing-extensions>=4.6.0 (from optree->keras)
#7 2.843   Downloading typing_extensions-4.15.0-py3-none-any.whl.metadata (3.3 kB)
#7 2.891 Collecting markdown-it-py>=2.2.0 (from rich->keras)
#7 2.900   Downloading markdown_it_py-4.0.0-py3-none-any.whl.metadata (7.3 kB)
#7 2.948 Collecting pygments<3.0.0,>=2.13.0 (from rich->keras)
#7 2.957   Downloading pygments-2.19.2-py3-none-any.whl.metadata (2.5 kB)
#7 3.004 Collecting mdurl~=0.1 (from markdown-it-py>=2.2.0->rich->keras)
#7 3.014   Downloading mdurl-0.1.2-py3-none-any.whl.metadata (1.6 kB)
#7 3.042 Downloading keras-3.12.0-py3-none-any.whl (1.5 MB)
#7 3.158    ━━━━━━━━━━━━━━━━━━━━━━━━━━━━━━━━━━━━━━━━ 1.5/1.5 MB 13.2 MB/s eta 0:00:00
#7 3.168 Downloading absl_py-2.3.1-py3-none-any.whl (135 kB)
#7 3.183    ━━━━━━━━━━━━━━━━━━━━━━━━━━━━━━━━━━━━━━━━ 135.8/135.8 kB 11.3 MB/s eta 0:00:00
#7 3.197 Downloading h5py-3.15.1-cp311-cp311-manylinux_2_27_x86_64.manylinux_2_28_x86_64.whl (4.7 MB)
#7 3.499    ━━━━━━━━━━━━━━━━━━━━━━━━━━━━━━━━━━━━━━━━ 4.7/4.7 MB 15.6 MB/s eta 0:00:00
#7 3.514 Downloading numpy-2.3.4-cp311-cp311-manylinux_2_27_x86_64.manylinux_2_28_x86_64.whl (16.9 MB)
#7 4.541    ━━━━━━━━━━━━━━━━━━━━━━━━━━━━━━━━━━━━━━━━ 16.9/16.9 MB 15.0 MB/s eta 0:00:00
#7 4.560 Downloading ml_dtypes-0.5.3-cp311-cp311-manylinux_2_27_x86_64.manylinux_2_28_x86_64.whl (4.9 MB)
#7 4.892    ━━━━━━━━━━━━━━━━━━━━━━━━━━━━━━━━━━━━━━━━ 4.9/4.9 MB 14.9 MB/s eta 0:00:00
#7 4.901 Downloading namex-0.1.0-py3-none-any.whl (5.9 kB)
#7 4.924 Downloading optree-0.17.0-cp311-cp311-manylinux_2_27_x86_64.manylinux_2_28_x86_64.whl (402 kB)
#7 4.966    ━━━━━━━━━━━━━━━━━━━━━━━━━━━━━━━━━━━━━━━━ 402.0/402.0 kB 10.1 MB/s eta 0:00:00
#7 4.974 Downloading packaging-25.0-py3-none-any.whl (66 kB)
#7 4.991    ━━━━━━━━━━━━━━━━━━━━━━━━━━━━━━━━━━━━━━━━ 66.5/66.5 kB 4.0 MB/s eta 0:00:00
#7 5.000 Downloading rich-14.2.0-py3-none-any.whl (243 kB)
#7 5.028    ━━━━━━━━━━━━━━━━━━━━━━━━━━━━━━━━━━━━━━━━ 243.4/243.4 kB 9.3 MB/s eta 0:00:00
#7 5.037 Downloading markdown_it_py-4.0.0-py3-none-any.whl (87 kB)
#7 5.055    ━━━━━━━━━━━━━━━━━━━━━━━━━━━━━━━━━━━━━━━━ 87.3/87.3 kB 4.7 MB/s eta 0:00:00
#7 5.062 Downloading pygments-2.19.2-py3-none-any.whl (1.2 MB)
#7 5.137    ━━━━━━━━━━━━━━━━━━━━━━━━━━━━━━━━━━━━━━━━ 1.2/1.2 MB 16.9 MB/s eta 0:00:00
#7 5.147 Downloading typing_extensions-4.15.0-py3-none-any.whl (44 kB)
#7 5.165    ━━━━━━━━━━━━━━━━━━━━━━━━━━━━━━━━━━━━━━━━ 44.6/44.6 kB 2.2 MB/s eta 0:00:00
#7 5.175 Downloading mdurl-0.1.2-py3-none-any.whl (10.0 kB)
#7 5.340 Installing collected packages: namex, typing-extensions, pygments, packaging, numpy, mdurl, absl-py, optree, ml-dtypes, markdown-it-py, h5py, rich, keras
#7 8.448 Successfully installed absl-py-2.3.1 h5py-3.15.1 keras-3.12.0 markdown-it-py-4.0.0 mdurl-0.1.2 ml-dtypes-0.5.3 namex-0.1.0 numpy-2.3.4 optree-0.17.0 packaging-25.0 pygments-2.19.2 rich-14.2.0 typing-extensions-4.15.0
#7 8.448 WARNING: Running pip as the 'root' user can result in broken permissions and conflicting behaviour with the system package manager. It is recommended to use a virtual environment instead: https://pip.pypa.io/warnings/venv
#7 8.566 
#7 8.566 [notice] A new release of pip is available: 24.0 -> 25.3
#7 8.566 [notice] To update, run: pip install --upgrade pip
#7 DONE 9.8s

#8 [4/7] RUN ["pip","install","numpy"]
#8 0.436 Requirement already satisfied: numpy in /usr/local/lib/python3.11/site-packages (2.3.4)
#8 0.508 WARNING: Running pip as the 'root' user can result in broken permissions and conflicting behaviour with the system package manager. It is recommended to use a virtual environment instead: https://pip.pypa.io/warnings/venv
#8 0.513 
#8 0.513 [notice] A new release of pip is available: 24.0 -> 25.3
#8 0.513 [notice] To update, run: pip install --upgrade pip
#8 DONE 0.6s

#9 [5/7] RUN ["pip","install","scikit-learn"]
#9 0.603 Collecting scikit-learn
#9 0.646   Downloading scikit_learn-1.7.2-cp311-cp311-manylinux2014_x86_64.manylinux_2_17_x86_64.whl.metadata (11 kB)
#9 0.694 Requirement already satisfied: numpy>=1.22.0 in /usr/local/lib/python3.11/site-packages (from scikit-learn) (2.3.4)
#9 0.837 Collecting scipy>=1.8.0 (from scikit-learn)
#9 0.848   Downloading scipy-1.16.3-cp311-cp311-manylinux2014_x86_64.manylinux_2_17_x86_64.whl.metadata (62 kB)
#9 0.882      ━━━━━━━━━━━━━━━━━━━━━━━━━━━━━━━━━━━━━━━━ 62.0/62.0 kB 1.6 MB/s eta 0:00:00
#9 0.942 Collecting joblib>=1.2.0 (from scikit-learn)
#9 0.951   Downloading joblib-1.5.2-py3-none-any.whl.metadata (5.6 kB)
#9 0.996 Collecting threadpoolctl>=3.1.0 (from scikit-learn)
#9 1.006   Downloading threadpoolctl-3.6.0-py3-none-any.whl.metadata (13 kB)
#9 1.056 Downloading scikit_learn-1.7.2-cp311-cp311-manylinux2014_x86_64.manylinux_2_17_x86_64.whl (9.7 MB)
#9 1.761    ━━━━━━━━━━━━━━━━━━━━━━━━━━━━━━━━━━━━━━━━ 9.7/9.7 MB 13.8 MB/s eta 0:00:00
#9 1.770 Downloading joblib-1.5.2-py3-none-any.whl (308 kB)
#9 1.799    ━━━━━━━━━━━━━━━━━━━━━━━━━━━━━━━━━━━━━━━━ 308.4/308.4 kB 11.0 MB/s eta 0:00:00
#9 1.809 Downloading scipy-1.16.3-cp311-cp311-manylinux2014_x86_64.manylinux_2_17_x86_64.whl (35.9 MB)
#9 4.285    ━━━━━━━━━━━━━━━━━━━━━━━━━━━━━━━━━━━━━━━━ 35.9/35.9 MB 11.2 MB/s eta 0:00:00
#9 4.295 Downloading threadpoolctl-3.6.0-py3-none-any.whl (18 kB)
#9 4.547 Installing collected packages: threadpoolctl, scipy, joblib, scikit-learn
#9 8.608 Successfully installed joblib-1.5.2 scikit-learn-1.7.2 scipy-1.16.3 threadpoolctl-3.6.0
#9 8.608 WARNING: Running pip as the 'root' user can result in broken permissions and conflicting behaviour with the system package manager. It is recommended to use a virtual environment instead: https://pip.pypa.io/warnings/venv
#9 8.613 
#9 8.613 [notice] A new release of pip is available: 24.0 -> 25.3
#9 8.613 [notice] To update, run: pip install --upgrade pip
#9 DONE 10.5s

#10 [6/7] RUN ["pip","install","keras-models"]
#10 0.535 Collecting keras-models
#10 0.576   Downloading keras_models-0.0.7-py3-none-any.whl.metadata (3.4 kB)
#10 0.598 Requirement already satisfied: keras in /usr/local/lib/python3.11/site-packages (from keras-models) (3.12.0)
#10 0.602 Requirement already satisfied: numpy in /usr/local/lib/python3.11/site-packages (from keras-models) (2.3.4)
#10 0.750 Collecting spacy (from keras-models)
#10 0.761   Downloading spacy-3.8.7-cp311-cp311-manylinux_2_17_x86_64.manylinux2014_x86_64.whl.metadata (27 kB)
#10 1.003 Collecting Pillow (from keras-models)
#10 1.013   Downloading pillow-12.0.0-cp311-cp311-manylinux_2_27_x86_64.manylinux_2_28_x86_64.whl.metadata (8.8 kB)
#10 1.119 Collecting opencv-python (from keras-models)
#10 1.130   Downloading opencv_python-4.12.0.88-cp37-abi3-manylinux2014_x86_64.manylinux_2_17_x86_64.whl.metadata (19 kB)
#10 1.173 Collecting pathlib (from keras-models)
#10 1.182   Downloading pathlib-1.0.1-py3-none-any.whl.metadata (5.1 kB)
#10 1.195 Requirement already satisfied: absl-py in /usr/local/lib/python3.11/site-packages (from keras->keras-models) (2.3.1)
#10 1.197 Requirement already satisfied: rich in /usr/local/lib/python3.11/site-packages (from keras->keras-models) (14.2.0)
#10 1.198 Requirement already satisfied: namex in /usr/local/lib/python3.11/site-packages (from keras->keras-models) (0.1.0)
#10 1.199 Requirement already satisfied: h5py in /usr/local/lib/python3.11/site-packages (from keras->keras-models) (3.15.1)
#10 1.200 Requirement already satisfied: optree in /usr/local/lib/python3.11/site-packages (from keras->keras-models) (0.17.0)
#10 1.200 Requirement already satisfied: ml-dtypes in /usr/local/lib/python3.11/site-packages (from keras->keras-models) (0.5.3)
#10 1.201 Requirement already satisfied: packaging in /usr/local/lib/python3.11/site-packages (from keras->keras-models) (25.0)
#10 1.428 Collecting numpy (from keras-models)
#10 1.441   Downloading numpy-2.2.6-cp311-cp311-manylinux_2_17_x86_64.manylinux2014_x86_64.whl.metadata (62 kB)
#10 1.469      ━━━━━━━━━━━━━━━━━━━━━━━━━━━━━━━━━━━━━━━━ 62.0/62.0 kB 2.1 MB/s eta 0:00:00
#10 1.541 Collecting spacy-legacy<3.1.0,>=3.0.11 (from spacy->keras-models)
#10 1.552   Downloading spacy_legacy-3.0.12-py2.py3-none-any.whl.metadata (2.8 kB)
#10 1.592 Collecting spacy-loggers<2.0.0,>=1.0.0 (from spacy->keras-models)
#10 1.602   Downloading spacy_loggers-1.0.5-py3-none-any.whl.metadata (23 kB)
#10 1.660 Collecting murmurhash<1.1.0,>=0.28.0 (from spacy->keras-models)
#10 1.669   Downloading murmurhash-1.0.13-cp311-cp311-manylinux_2_5_x86_64.manylinux1_x86_64.manylinux_2_17_x86_64.manylinux2014_x86_64.whl.metadata (2.2 kB)
#10 1.725 Collecting cymem<2.1.0,>=2.0.2 (from spacy->keras-models)
#10 1.734   Downloading cymem-2.0.11-cp311-cp311-manylinux_2_17_x86_64.manylinux2014_x86_64.whl.metadata (8.5 kB)
#10 1.790 Collecting preshed<3.1.0,>=3.0.2 (from spacy->keras-models)
#10 1.802   Downloading preshed-3.0.10-cp311-cp311-manylinux_2_5_x86_64.manylinux1_x86_64.manylinux_2_17_x86_64.manylinux2014_x86_64.whl.metadata (2.4 kB)
#10 1.989 Collecting thinc<8.4.0,>=8.3.4 (from spacy->keras-models)
#10 2.007   Downloading thinc-8.3.6-cp311-cp311-manylinux_2_17_x86_64.manylinux2014_x86_64.whl.metadata (15 kB)
#10 2.058 Collecting wasabi<1.2.0,>=0.9.1 (from spacy->keras-models)
#10 2.070   Downloading wasabi-1.1.3-py3-none-any.whl.metadata (28 kB)
#10 2.152 Collecting srsly<3.0.0,>=2.4.3 (from spacy->keras-models)
#10 2.162   Downloading srsly-2.5.1-cp311-cp311-manylinux_2_17_x86_64.manylinux2014_x86_64.whl.metadata (19 kB)
#10 2.206 Collecting catalogue<2.1.0,>=2.0.6 (from spacy->keras-models)
#10 2.216   Downloading catalogue-2.0.10-py3-none-any.whl.metadata (14 kB)
#10 2.264 Collecting weasel<0.5.0,>=0.1.0 (from spacy->keras-models)
#10 2.277   Downloading weasel-0.4.1-py3-none-any.whl.metadata (4.6 kB)
#10 2.342 Collecting typer<1.0.0,>=0.3.0 (from spacy->keras-models)
#10 2.351   Downloading typer-0.20.0-py3-none-any.whl.metadata (16 kB)
#10 2.430 Collecting tqdm<5.0.0,>=4.38.0 (from spacy->keras-models)
#10 2.441   Downloading tqdm-4.67.1-py3-none-any.whl.metadata (57 kB)
#10 2.461      ━━━━━━━━━━━━━━━━━━━━━━━━━━━━━━━━━━━━━━━━ 57.7/57.7 kB 2.6 MB/s eta 0:00:00
#10 2.528 Collecting requests<3.0.0,>=2.13.0 (from spacy->keras-models)
#10 2.536   Downloading requests-2.32.5-py3-none-any.whl.metadata (4.9 kB)
#10 2.702 Collecting pydantic!=1.8,!=1.8.1,<3.0.0,>=1.7.4 (from spacy->keras-models)
#10 2.717   Downloading pydantic-2.12.3-py3-none-any.whl.metadata (87 kB)
#10 2.750      ━━━━━━━━━━━━━━━━━━━━━━━━━━━━━━━━━━━━━━━━ 87.7/87.7 kB 3.2 MB/s eta 0:00:00
#10 2.784 Collecting jinja2 (from spacy->keras-models)
#10 2.793   Downloading jinja2-3.1.6-py3-none-any.whl.metadata (2.9 kB)
#10 2.806 Requirement already satisfied: setuptools in /usr/local/lib/python3.11/site-packages (from spacy->keras-models) (79.0.1)
#10 2.840 Collecting langcodes<4.0.0,>=3.2.0 (from spacy->keras-models)
#10 2.854   Downloading langcodes-3.5.0-py3-none-any.whl.metadata (29 kB)
#10 2.907 Collecting language-data>=1.2 (from langcodes<4.0.0,>=3.2.0->spacy->keras-models)
#10 2.926   Downloading language_data-1.3.0-py3-none-any.whl.metadata (4.3 kB)
#10 2.970 Collecting annotated-types>=0.6.0 (from pydantic!=1.8,!=1.8.1,<3.0.0,>=1.7.4->spacy->keras-models)
#10 2.981   Downloading annotated_types-0.7.0-py3-none-any.whl.metadata (15 kB)
#10 3.713 Collecting pydantic-core==2.41.4 (from pydantic!=1.8,!=1.8.1,<3.0.0,>=1.7.4->spacy->keras-models)
#10 3.724   Downloading pydantic_core-2.41.4-cp311-cp311-manylinux_2_17_x86_64.manylinux2014_x86_64.whl.metadata (7.3 kB)
#10 3.741 Requirement already satisfied: typing-extensions>=4.14.1 in /usr/local/lib/python3.11/site-packages (from pydantic!=1.8,!=1.8.1,<3.0.0,>=1.7.4->spacy->keras-models) (4.15.0)
#10 3.767 Collecting typing-inspection>=0.4.2 (from pydantic!=1.8,!=1.8.1,<3.0.0,>=1.7.4->spacy->keras-models)
#10 3.775   Downloading typing_inspection-0.4.2-py3-none-any.whl.metadata (2.6 kB)
#10 3.894 Collecting charset_normalizer<4,>=2 (from requests<3.0.0,>=2.13.0->spacy->keras-models)
#10 3.916   Downloading charset_normalizer-3.4.4-cp311-cp311-manylinux2014_x86_64.manylinux_2_17_x86_64.manylinux_2_28_x86_64.whl.metadata (37 kB)
#10 3.962 Collecting idna<4,>=2.5 (from requests<3.0.0,>=2.13.0->spacy->keras-models)
#10 3.970   Downloading idna-3.11-py3-none-any.whl.metadata (8.4 kB)
#10 4.033 Collecting urllib3<3,>=1.21.1 (from requests<3.0.0,>=2.13.0->spacy->keras-models)
#10 4.041   Downloading urllib3-2.5.0-py3-none-any.whl.metadata (6.5 kB)
#10 4.086 Collecting certifi>=2017.4.17 (from requests<3.0.0,>=2.13.0->spacy->keras-models)
#10 4.096   Downloading certifi-2025.10.5-py3-none-any.whl.metadata (2.5 kB)
#10 4.196 Collecting blis<1.4.0,>=1.3.0 (from thinc<8.4.0,>=8.3.4->spacy->keras-models)
#10 4.206   Downloading blis-1.3.0-cp311-cp311-manylinux_2_17_x86_64.manylinux2014_x86_64.whl.metadata (7.4 kB)
#10 4.250 Collecting confection<1.0.0,>=0.0.1 (from thinc<8.4.0,>=8.3.4->spacy->keras-models)
#10 4.261   Downloading confection-0.1.5-py3-none-any.whl.metadata (19 kB)
#10 4.361 Collecting click>=8.0.0 (from typer<1.0.0,>=0.3.0->spacy->keras-models)
#10 4.369   Downloading click-8.3.0-py3-none-any.whl.metadata (2.6 kB)
#10 4.434 Collecting shellingham>=1.3.0 (from typer<1.0.0,>=0.3.0->spacy->keras-models)
#10 4.447   Downloading shellingham-1.5.4-py2.py3-none-any.whl.metadata (3.5 kB)
#10 4.469 Requirement already satisfied: markdown-it-py>=2.2.0 in /usr/local/lib/python3.11/site-packages (from rich->keras->keras-models) (4.0.0)
#10 4.469 Requirement already satisfied: pygments<3.0.0,>=2.13.0 in /usr/local/lib/python3.11/site-packages (from rich->keras->keras-models) (2.19.2)
#10 4.512 Collecting cloudpathlib<1.0.0,>=0.7.0 (from weasel<0.5.0,>=0.1.0->spacy->keras-models)
#10 4.525   Downloading cloudpathlib-0.23.0-py3-none-any.whl.metadata (16 kB)
#10 4.569 Collecting smart-open<8.0.0,>=5.2.1 (from weasel<0.5.0,>=0.1.0->spacy->keras-models)
#10 4.580   Downloading smart_open-7.4.1-py3-none-any.whl.metadata (24 kB)
#10 4.683 Collecting MarkupSafe>=2.0 (from jinja2->spacy->keras-models)
#10 4.692   Downloading markupsafe-3.0.3-cp311-cp311-manylinux2014_x86_64.manylinux_2_17_x86_64.manylinux_2_28_x86_64.whl.metadata (2.7 kB)
#10 4.972 Collecting marisa-trie>=1.1.0 (from language-data>=1.2->langcodes<4.0.0,>=3.2.0->spacy->keras-models)
#10 4.981   Downloading marisa_trie-1.3.1-cp311-cp311-manylinux_2_24_x86_64.manylinux_2_28_x86_64.whl.metadata (10 kB)
#10 5.008 Requirement already satisfied: mdurl~=0.1 in /usr/local/lib/python3.11/site-packages (from markdown-it-py>=2.2.0->rich->keras->keras-models) (0.1.2)
#10 5.165 Collecting wrapt (from smart-open<8.0.0,>=5.2.1->weasel<0.5.0,>=0.1.0->spacy->keras-models)
#10 5.220   Downloading wrapt-2.0.0-cp311-cp311-manylinux1_x86_64.manylinux_2_28_x86_64.manylinux_2_5_x86_64.whl.metadata (8.8 kB)
#10 5.310 Downloading keras_models-0.0.7-py3-none-any.whl (18 kB)
#10 5.338 Downloading opencv_python-4.12.0.88-cp37-abi3-manylinux2014_x86_64.manylinux_2_17_x86_64.whl (67.0 MB)
#10 11.25    ━━━━━━━━━━━━━━━━━━━━━━━━━━━━━━━━━━━━━━━━ 67.0/67.0 MB 8.4 MB/s eta 0:00:00
#10 11.27 Downloading numpy-2.2.6-cp311-cp311-manylinux_2_17_x86_64.manylinux2014_x86_64.whl (16.8 MB)
#10 12.57    ━━━━━━━━━━━━━━━━━━━━━━━━━━━━━━━━━━━━━━━━ 16.8/16.8 MB 12.3 MB/s eta 0:00:00
#10 12.58 Downloading pathlib-1.0.1-py3-none-any.whl (14 kB)
#10 12.61 Downloading pillow-12.0.0-cp311-cp311-manylinux_2_27_x86_64.manylinux_2_28_x86_64.whl (7.0 MB)
#10 13.10    ━━━━━━━━━━━━━━━━━━━━━━━━━━━━━━━━━━━━━━━━ 7.0/7.0 MB 14.2 MB/s eta 0:00:00
#10 13.12 Downloading spacy-3.8.7-cp311-cp311-manylinux_2_17_x86_64.manylinux2014_x86_64.whl (33.0 MB)
#10 16.02    ━━━━━━━━━━━━━━━━━━━━━━━━━━━━━━━━━━━━━━━━ 33.0/33.0 MB 7.4 MB/s eta 0:00:00
#10 16.03 Downloading catalogue-2.0.10-py3-none-any.whl (17 kB)
#10 16.09 Downloading cymem-2.0.11-cp311-cp311-manylinux_2_17_x86_64.manylinux2014_x86_64.whl (218 kB)
#10 16.12    ━━━━━━━━━━━━━━━━━━━━━━━━━━━━━━━━━━━━━━━━ 218.9/218.9 kB 8.4 MB/s eta 0:00:00
#10 16.13 Downloading langcodes-3.5.0-py3-none-any.whl (182 kB)
#10 16.15    ━━━━━━━━━━━━━━━━━━━━━━━━━━━━━━━━━━━━━━━━ 183.0/183.0 kB 10.0 MB/s eta 0:00:00
#10 16.16 Downloading murmurhash-1.0.13-cp311-cp311-manylinux_2_5_x86_64.manylinux1_x86_64.manylinux_2_17_x86_64.manylinux2014_x86_64.whl (123 kB)
#10 16.18    ━━━━━━━━━━━━━━━━━━━━━━━━━━━━━━━━━━━━━━━━ 123.4/123.4 kB 7.4 MB/s eta 0:00:00
#10 16.19 Downloading preshed-3.0.10-cp311-cp311-manylinux_2_5_x86_64.manylinux1_x86_64.manylinux_2_17_x86_64.manylinux2014_x86_64.whl (842 kB)
#10 16.26    ━━━━━━━━━━━━━━━━━━━━━━━━━━━━━━━━━━━━━━━━ 842.9/842.9 kB 11.7 MB/s eta 0:00:00
#10 16.27 Downloading pydantic-2.12.3-py3-none-any.whl (462 kB)
#10 16.32    ━━━━━━━━━━━━━━━━━━━━━━━━━━━━━━━━━━━━━━━━ 462.4/462.4 kB 9.4 MB/s eta 0:00:00
#10 16.34 Downloading pydantic_core-2.41.4-cp311-cp311-manylinux_2_17_x86_64.manylinux2014_x86_64.whl (2.1 MB)
#10 16.46    ━━━━━━━━━━━━━━━━━━━━━━━━━━━━━━━━━━━━━━━━ 2.1/2.1 MB 16.8 MB/s eta 0:00:00
#10 16.47 Downloading requests-2.32.5-py3-none-any.whl (64 kB)
#10 16.49    ━━━━━━━━━━━━━━━━━━━━━━━━━━━━━━━━━━━━━━━━ 64.7/64.7 kB 4.7 MB/s eta 0:00:00
#10 16.50 Downloading spacy_legacy-3.0.12-py2.py3-none-any.whl (29 kB)
#10 16.52 Downloading spacy_loggers-1.0.5-py3-none-any.whl (22 kB)
#10 16.54 Downloading srsly-2.5.1-cp311-cp311-manylinux_2_17_x86_64.manylinux2014_x86_64.whl (1.1 MB)
#10 16.63    ━━━━━━━━━━━━━━━━━━━━━━━━━━━━━━━━━━━━━━━━ 1.1/1.1 MB 12.1 MB/s eta 0:00:00
#10 16.65 Downloading thinc-8.3.6-cp311-cp311-manylinux_2_17_x86_64.manylinux2014_x86_64.whl (4.5 MB)
#10 17.09    ━━━━━━━━━━━━━━━━━━━━━━━━━━━━━━━━━━━━━━━━ 4.5/4.5 MB 10.1 MB/s eta 0:00:00
#10 17.10 Downloading tqdm-4.67.1-py3-none-any.whl (78 kB)
#10 17.11    ━━━━━━━━━━━━━━━━━━━━━━━━━━━━━━━━━━━━━━━━ 78.5/78.5 kB 5.4 MB/s eta 0:00:00
#10 17.12 Downloading typer-0.20.0-py3-none-any.whl (47 kB)
#10 17.13    ━━━━━━━━━━━━━━━━━━━━━━━━━━━━━━━━━━━━━━━━ 47.0/47.0 kB 3.5 MB/s eta 0:00:00
#10 17.15 Downloading wasabi-1.1.3-py3-none-any.whl (27 kB)
#10 17.16 Downloading weasel-0.4.1-py3-none-any.whl (50 kB)
#10 17.18    ━━━━━━━━━━━━━━━━━━━━━━━━━━━━━━━━━━━━━━━━ 50.3/50.3 kB 3.2 MB/s eta 0:00:00
#10 17.19 Downloading jinja2-3.1.6-py3-none-any.whl (134 kB)
#10 17.21    ━━━━━━━━━━━━━━━━━━━━━━━━━━━━━━━━━━━━━━━━ 134.9/134.9 kB 10.2 MB/s eta 0:00:00
#10 17.22 Downloading annotated_types-0.7.0-py3-none-any.whl (13 kB)
#10 17.24 Downloading blis-1.3.0-cp311-cp311-manylinux_2_17_x86_64.manylinux2014_x86_64.whl (11.7 MB)
#10 18.15    ━━━━━━━━━━━━━━━━━━━━━━━━━━━━━━━━━━━━━━━━ 11.7/11.7 MB 12.6 MB/s eta 0:00:00
#10 18.16 Downloading certifi-2025.10.5-py3-none-any.whl (163 kB)
#10 18.18    ━━━━━━━━━━━━━━━━━━━━━━━━━━━━━━━━━━━━━━━━ 163.3/163.3 kB 9.7 MB/s eta 0:00:00
#10 18.19 Downloading charset_normalizer-3.4.4-cp311-cp311-manylinux2014_x86_64.manylinux_2_17_x86_64.manylinux_2_28_x86_64.whl (151 kB)
#10 18.21    ━━━━━━━━━━━━━━━━━━━━━━━━━━━━━━━━━━━━━━━━ 151.6/151.6 kB 9.1 MB/s eta 0:00:00
#10 18.21 Downloading click-8.3.0-py3-none-any.whl (107 kB)
#10 18.24    ━━━━━━━━━━━━━━━━━━━━━━━━━━━━━━━━━━━━━━━━ 107.3/107.3 kB 3.8 MB/s eta 0:00:00
#10 18.25 Downloading cloudpathlib-0.23.0-py3-none-any.whl (62 kB)
#10 18.27    ━━━━━━━━━━━━━━━━━━━━━━━━━━━━━━━━━━━━━━━━ 62.8/62.8 kB 4.7 MB/s eta 0:00:00
#10 18.28 Downloading confection-0.1.5-py3-none-any.whl (35 kB)
#10 18.30 Downloading idna-3.11-py3-none-any.whl (71 kB)
#10 18.31    ━━━━━━━━━━━━━━━━━━━━━━━━━━━━━━━━━━━━━━━━ 71.0/71.0 kB 5.4 MB/s eta 0:00:00
#10 18.32 Downloading language_data-1.3.0-py3-none-any.whl (5.4 MB)
#10 18.71    ━━━━━━━━━━━━━━━━━━━━━━━━━━━━━━━━━━━━━━━━ 5.4/5.4 MB 13.8 MB/s eta 0:00:00
#10 18.72 Downloading markupsafe-3.0.3-cp311-cp311-manylinux2014_x86_64.manylinux_2_17_x86_64.manylinux_2_28_x86_64.whl (22 kB)
#10 18.74 Downloading shellingham-1.5.4-py2.py3-none-any.whl (9.8 kB)
#10 18.77 Downloading smart_open-7.4.1-py3-none-any.whl (63 kB)
#10 18.78    ━━━━━━━━━━━━━━━━━━━━━━━━━━━━━━━━━━━━━━━━ 63.2/63.2 kB 4.0 MB/s eta 0:00:00
#10 18.79 Downloading typing_inspection-0.4.2-py3-none-any.whl (14 kB)
#10 18.81 Downloading urllib3-2.5.0-py3-none-any.whl (129 kB)
#10 18.83    ━━━━━━━━━━━━━━━━━━━━━━━━━━━━━━━━━━━━━━━━ 129.8/129.8 kB 8.2 MB/s eta 0:00:00
#10 18.84 Downloading marisa_trie-1.3.1-cp311-cp311-manylinux_2_24_x86_64.manylinux_2_28_x86_64.whl (1.3 MB)
#10 18.92    ━━━━━━━━━━━━━━━━━━━━━━━━━━━━━━━━━━━━━━━━ 1.3/1.3 MB 15.4 MB/s eta 0:00:00
#10 18.93 Downloading wrapt-2.0.0-cp311-cp311-manylinux1_x86_64.manylinux_2_28_x86_64.manylinux_2_5_x86_64.whl (114 kB)
#10 18.95    ━━━━━━━━━━━━━━━━━━━━━━━━━━━━━━━━━━━━━━━━ 114.1/114.1 kB 6.6 MB/s eta 0:00:00
#10 19.52 Installing collected packages: pathlib, cymem, wrapt, wasabi, urllib3, typing-inspection, tqdm, spacy-loggers, spacy-legacy, shellingham, pydantic-core, Pillow, numpy, murmurhash, MarkupSafe, marisa-trie, idna, cloudpathlib, click, charset_normalizer, certifi, catalogue, annotated-types, srsly, smart-open, requests, pydantic, preshed, opencv-python, language-data, jinja2, blis, typer, langcodes, confection, weasel, thinc, spacy, keras-models
#10 20.05   Attempting uninstall: numpy
#10 20.07     Found existing installation: numpy 2.3.4
#10 20.11     Uninstalling numpy-2.3.4:
#10 21.09       Successfully uninstalled numpy-2.3.4
#10 26.40 Successfully installed MarkupSafe-3.0.3 Pillow-12.0.0 annotated-types-0.7.0 blis-1.3.0 catalogue-2.0.10 certifi-2025.10.5 charset_normalizer-3.4.4 click-8.3.0 cloudpathlib-0.23.0 confection-0.1.5 cymem-2.0.11 idna-3.11 jinja2-3.1.6 keras-models-0.0.7 langcodes-3.5.0 language-data-1.3.0 marisa-trie-1.3.1 murmurhash-1.0.13 numpy-2.2.6 opencv-python-4.12.0.88 pathlib-1.0.1 preshed-3.0.10 pydantic-2.12.3 pydantic-core-2.41.4 requests-2.32.5 shellingham-1.5.4 smart-open-7.4.1 spacy-3.8.7 spacy-legacy-3.0.12 spacy-loggers-1.0.5 srsly-2.5.1 thinc-8.3.6 tqdm-4.67.1 typer-0.20.0 typing-inspection-0.4.2 urllib3-2.5.0 wasabi-1.1.3 weasel-0.4.1 wrapt-2.0.0
#10 26.40 WARNING: Running pip as the 'root' user can result in broken permissions and conflicting behaviour with the system package manager. It is recommended to use a virtual environment instead: https://pip.pypa.io/warnings/venv
#10 26.41 
#10 26.41 [notice] A new release of pip is available: 24.0 -> 25.3
#10 26.41 [notice] To update, run: pip install --upgrade pip
#10 DONE 30.1s

#11 [7/7] RUN ["pip","install","Keras-Preprocessing"]
#11 0.529 Collecting Keras-Preprocessing
#11 0.576   Downloading Keras_Preprocessing-1.1.2-py2.py3-none-any.whl.metadata (1.9 kB)
#11 0.600 Requirement already satisfied: numpy>=1.9.1 in /usr/local/lib/python3.11/site-packages (from Keras-Preprocessing) (2.2.6)
#11 0.637 Collecting six>=1.9.0 (from Keras-Preprocessing)
#11 0.646   Downloading six-1.17.0-py2.py3-none-any.whl.metadata (1.7 kB)
#11 0.679 Downloading Keras_Preprocessing-1.1.2-py2.py3-none-any.whl (42 kB)
#11 0.699    ━━━━━━━━━━━━━━━━━━━━━━━━━━━━━━━━━━━━━━━━ 42.6/42.6 kB 1.8 MB/s eta 0:00:00
#11 0.709 Downloading six-1.17.0-py2.py3-none-any.whl (11 kB)
#11 0.976 Installing collected packages: six, Keras-Preprocessing
#11 1.040 Successfully installed Keras-Preprocessing-1.1.2 six-1.17.0
#11 1.041 WARNING: Running pip as the 'root' user can result in broken permissions and conflicting behaviour with the system package manager. It is recommended to use a virtual environment instead: https://pip.pypa.io/warnings/venv
#11 1.045 
#11 1.045 [notice] A new release of pip is available: 24.0 -> 25.3
#11 1.045 [notice] To update, run: pip install --upgrade pip
#11 DONE 1.1s

#12 exporting to image
#12 exporting layers
#12 exporting layers 2.3s done
#12 writing image sha256:b0d12e661302ae221f5f1a886fbf76b5a5a67adee9aaf9029a7977be712275a1 done
#12 naming to docker.io/library/test-image-eba2bf1a0ecd3e541146e98f35d49739 done
#12 DONE 2.4s

View build details: docker-desktop://dashboard/build/default/default/j6mm648ik3vrultg9b6oj9dd8
[2025-10-29 20:53:39] SUCCESS: Build completed for eba2bf1a0ecd3e541146e98f35d49739
