=== Docker Build Log for 026a4d6400b1efac9a13a3296f16e655 ===
Started at: Mi 29. Okt 11:21:09 CET 2025

[2025-10-29 11:21:09] START: Building image for 026a4d6400b1efac9a13a3296f16e655
#0 building with "default" instance using docker driver

#1 [internal] load build definition from Dockerfile
#1 transferring dockerfile: 302B done
#1 DONE 0.0s

#2 [internal] load metadata for docker.io/library/python:3.11
#2 DONE 0.0s

#3 [internal] load .dockerignore
#3 transferring context: 2B done
#3 DONE 0.0s

#4 [internal] load build context
#4 transferring context: 1.56kB 0.0s done
#4 DONE 0.0s

#5 [1/5] FROM docker.io/library/python:3.11
#5 CACHED

#6 [2/5] COPY hard-gists/026a4d6400b1efac9a13a3296f16e655/snippet.py /snippet.py
#6 DONE 0.1s

#7 [3/5] RUN ["pip","install","tensorflow"]
#7 1.997 Collecting tensorflow
#7 2.031   Downloading tensorflow-2.20.0-cp311-cp311-manylinux_2_17_x86_64.manylinux2014_x86_64.whl.metadata (4.5 kB)
#7 2.091 Collecting absl-py>=1.0.0 (from tensorflow)
#7 2.100   Downloading absl_py-2.3.1-py3-none-any.whl.metadata (3.3 kB)
#7 2.135 Collecting astunparse>=1.6.0 (from tensorflow)
#7 2.144   Downloading astunparse-1.6.3-py2.py3-none-any.whl.metadata (4.4 kB)
#7 2.180 Collecting flatbuffers>=24.3.25 (from tensorflow)
#7 2.188   Downloading flatbuffers-25.9.23-py2.py3-none-any.whl.metadata (875 bytes)
#7 2.228 Collecting gast!=0.5.0,!=0.5.1,!=0.5.2,>=0.2.1 (from tensorflow)
#7 2.237   Downloading gast-0.6.0-py3-none-any.whl.metadata (1.3 kB)
#7 2.273 Collecting google_pasta>=0.1.1 (from tensorflow)
#7 2.282   Downloading google_pasta-0.2.0-py3-none-any.whl.metadata (814 bytes)
#7 2.321 Collecting libclang>=13.0.0 (from tensorflow)
#7 2.331   Downloading libclang-18.1.1-py2.py3-none-manylinux2010_x86_64.whl.metadata (5.2 kB)
#7 2.366 Collecting opt_einsum>=2.3.2 (from tensorflow)
#7 2.374   Downloading opt_einsum-3.4.0-py3-none-any.whl.metadata (6.3 kB)
#7 2.418 Collecting packaging (from tensorflow)
#7 2.427   Downloading packaging-25.0-py3-none-any.whl.metadata (3.3 kB)
#7 2.617 Collecting protobuf>=5.28.0 (from tensorflow)
#7 2.627   Downloading protobuf-6.33.0-cp39-abi3-manylinux2014_x86_64.whl.metadata (593 bytes)
#7 2.687 Collecting requests<3,>=2.21.0 (from tensorflow)
#7 2.696   Downloading requests-2.32.5-py3-none-any.whl.metadata (4.9 kB)
#7 2.708 Requirement already satisfied: setuptools in /usr/local/lib/python3.11/site-packages (from tensorflow) (79.0.1)
#7 2.735 Collecting six>=1.12.0 (from tensorflow)
#7 2.744   Downloading six-1.17.0-py2.py3-none-any.whl.metadata (1.7 kB)
#7 2.781 Collecting termcolor>=1.1.0 (from tensorflow)
#7 2.789   Downloading termcolor-3.2.0-py3-none-any.whl.metadata (6.4 kB)
#7 2.830 Collecting typing_extensions>=3.6.6 (from tensorflow)
#7 2.838   Downloading typing_extensions-4.15.0-py3-none-any.whl.metadata (3.3 kB)
#7 2.982 Collecting wrapt>=1.11.0 (from tensorflow)
#7 2.991   Downloading wrapt-2.0.0-cp311-cp311-manylinux1_x86_64.manylinux_2_28_x86_64.manylinux_2_5_x86_64.whl.metadata (8.8 kB)
#7 3.495 Collecting grpcio<2.0,>=1.24.3 (from tensorflow)
#7 3.504   Downloading grpcio-1.76.0-cp311-cp311-manylinux2014_x86_64.manylinux_2_17_x86_64.whl.metadata (3.7 kB)
#7 3.551 Collecting tensorboard~=2.20.0 (from tensorflow)
#7 3.561   Downloading tensorboard-2.20.0-py3-none-any.whl.metadata (1.8 kB)
#7 3.608 Collecting keras>=3.10.0 (from tensorflow)
#7 3.618   Downloading keras-3.12.0-py3-none-any.whl.metadata (5.9 kB)
#7 3.839 Collecting numpy>=1.26.0 (from tensorflow)
#7 3.850   Downloading numpy-2.3.4-cp311-cp311-manylinux_2_27_x86_64.manylinux_2_28_x86_64.whl.metadata (62 kB)
#7 3.869      ━━━━━━━━━━━━━━━━━━━━━━━━━━━━━━━━━━━━━━━━ 62.1/62.1 kB 3.0 MB/s eta 0:00:00
#7 3.935 Collecting h5py>=3.11.0 (from tensorflow)
#7 3.943   Downloading h5py-3.15.1-cp311-cp311-manylinux_2_27_x86_64.manylinux_2_28_x86_64.whl.metadata (3.0 kB)
#7 3.994 Collecting ml_dtypes<1.0.0,>=0.5.1 (from tensorflow)
#7 4.003   Downloading ml_dtypes-0.5.3-cp311-cp311-manylinux_2_27_x86_64.manylinux_2_28_x86_64.whl.metadata (8.9 kB)
#7 4.016 Requirement already satisfied: wheel<1.0,>=0.23.0 in /usr/local/lib/python3.11/site-packages (from astunparse>=1.6.0->tensorflow) (0.45.1)
#7 4.106 Collecting rich (from keras>=3.10.0->tensorflow)
#7 4.114   Downloading rich-14.2.0-py3-none-any.whl.metadata (18 kB)
#7 4.148 Collecting namex (from keras>=3.10.0->tensorflow)
#7 4.157   Downloading namex-0.1.0-py3-none-any.whl.metadata (322 bytes)
#7 4.250 Collecting optree (from keras>=3.10.0->tensorflow)
#7 4.259   Downloading optree-0.17.0-cp311-cp311-manylinux_2_27_x86_64.manylinux_2_28_x86_64.whl.metadata (33 kB)
#7 4.400 Collecting charset_normalizer<4,>=2 (from requests<3,>=2.21.0->tensorflow)
#7 4.409   Downloading charset_normalizer-3.4.4-cp311-cp311-manylinux2014_x86_64.manylinux_2_17_x86_64.manylinux_2_28_x86_64.whl.metadata (37 kB)
#7 4.448 Collecting idna<4,>=2.5 (from requests<3,>=2.21.0->tensorflow)
#7 4.457   Downloading idna-3.11-py3-none-any.whl.metadata (8.4 kB)
#7 4.534 Collecting urllib3<3,>=1.21.1 (from requests<3,>=2.21.0->tensorflow)
#7 4.542   Downloading urllib3-2.5.0-py3-none-any.whl.metadata (6.5 kB)
#7 4.585 Collecting certifi>=2017.4.17 (from requests<3,>=2.21.0->tensorflow)
#7 4.593   Downloading certifi-2025.10.5-py3-none-any.whl.metadata (2.5 kB)
#7 4.661 Collecting markdown>=2.6.8 (from tensorboard~=2.20.0->tensorflow)
#7 4.670   Downloading markdown-3.9-py3-none-any.whl.metadata (5.1 kB)
#7 4.919 Collecting pillow (from tensorboard~=2.20.0->tensorflow)
#7 4.931   Downloading pillow-12.0.0-cp311-cp311-manylinux_2_27_x86_64.manylinux_2_28_x86_64.whl.metadata (8.8 kB)
#7 4.990 Collecting tensorboard-data-server<0.8.0,>=0.7.0 (from tensorboard~=2.20.0->tensorflow)
#7 4.999   Downloading tensorboard_data_server-0.7.2-py3-none-manylinux_2_31_x86_64.whl.metadata (1.1 kB)
#7 5.052 Collecting werkzeug>=1.0.1 (from tensorboard~=2.20.0->tensorflow)
#7 5.060   Downloading werkzeug-3.1.3-py3-none-any.whl.metadata (3.7 kB)
#7 5.205 Collecting MarkupSafe>=2.1.1 (from werkzeug>=1.0.1->tensorboard~=2.20.0->tensorflow)
#7 5.213   Downloading markupsafe-3.0.3-cp311-cp311-manylinux2014_x86_64.manylinux_2_17_x86_64.manylinux_2_28_x86_64.whl.metadata (2.7 kB)
#7 5.303 Collecting markdown-it-py>=2.2.0 (from rich->keras>=3.10.0->tensorflow)
#7 5.311   Downloading markdown_it_py-4.0.0-py3-none-any.whl.metadata (7.3 kB)
#7 5.364 Collecting pygments<3.0.0,>=2.13.0 (from rich->keras>=3.10.0->tensorflow)
#7 5.372   Downloading pygments-2.19.2-py3-none-any.whl.metadata (2.5 kB)
#7 5.420 Collecting mdurl~=0.1 (from markdown-it-py>=2.2.0->rich->keras>=3.10.0->tensorflow)
#7 5.428   Downloading mdurl-0.1.2-py3-none-any.whl.metadata (1.6 kB)
#7 5.465 Downloading tensorflow-2.20.0-cp311-cp311-manylinux_2_17_x86_64.manylinux2014_x86_64.whl (620.6 MB)
#7 28.63    ━━━━━━━━━━━━━━━━━━━━━━━━━━━━━━━━━━━━━━━━ 620.6/620.6 MB 3.0 MB/s eta 0:00:00
#7 28.64 Downloading absl_py-2.3.1-py3-none-any.whl (135 kB)
#7 28.65    ━━━━━━━━━━━━━━━━━━━━━━━━━━━━━━━━━━━━━━━━ 135.8/135.8 kB 11.0 MB/s eta 0:00:00
#7 28.66 Downloading astunparse-1.6.3-py2.py3-none-any.whl (12 kB)
#7 28.68 Downloading flatbuffers-25.9.23-py2.py3-none-any.whl (30 kB)
#7 28.70 Downloading gast-0.6.0-py3-none-any.whl (21 kB)
#7 28.72 Downloading google_pasta-0.2.0-py3-none-any.whl (57 kB)
#7 28.73    ━━━━━━━━━━━━━━━━━━━━━━━━━━━━━━━━━━━━━━━━ 57.5/57.5 kB 4.7 MB/s eta 0:00:00
#7 28.74 Downloading grpcio-1.76.0-cp311-cp311-manylinux2014_x86_64.manylinux_2_17_x86_64.whl (6.6 MB)
#7 28.99    ━━━━━━━━━━━━━━━━━━━━━━━━━━━━━━━━━━━━━━━━ 6.6/6.6 MB 26.1 MB/s eta 0:00:00
#7 29.00 Downloading h5py-3.15.1-cp311-cp311-manylinux_2_27_x86_64.manylinux_2_28_x86_64.whl (4.7 MB)
#7 29.18    ━━━━━━━━━━━━━━━━━━━━━━━━━━━━━━━━━━━━━━━━ 4.7/4.7 MB 27.0 MB/s eta 0:00:00
#7 29.19 Downloading keras-3.12.0-py3-none-any.whl (1.5 MB)
#7 29.25    ━━━━━━━━━━━━━━━━━━━━━━━━━━━━━━━━━━━━━━━━ 1.5/1.5 MB 26.8 MB/s eta 0:00:00
#7 29.25 Downloading libclang-18.1.1-py2.py3-none-manylinux2010_x86_64.whl (24.5 MB)
#7 30.15    ━━━━━━━━━━━━━━━━━━━━━━━━━━━━━━━━━━━━━━━━ 24.5/24.5 MB 22.9 MB/s eta 0:00:00
#7 30.17 Downloading ml_dtypes-0.5.3-cp311-cp311-manylinux_2_27_x86_64.manylinux_2_28_x86_64.whl (4.9 MB)
#7 30.36    ━━━━━━━━━━━━━━━━━━━━━━━━━━━━━━━━━━━━━━━━ 4.9/4.9 MB 26.7 MB/s eta 0:00:00
#7 30.37 Downloading numpy-2.3.4-cp311-cp311-manylinux_2_27_x86_64.manylinux_2_28_x86_64.whl (16.9 MB)
#7 30.97    ━━━━━━━━━━━━━━━━━━━━━━━━━━━━━━━━━━━━━━━━ 16.9/16.9 MB 25.8 MB/s eta 0:00:00
#7 30.98 Downloading opt_einsum-3.4.0-py3-none-any.whl (71 kB)
#7 31.00    ━━━━━━━━━━━━━━━━━━━━━━━━━━━━━━━━━━━━━━━━ 71.9/71.9 kB 6.0 MB/s eta 0:00:00
#7 31.02 Downloading protobuf-6.33.0-cp39-abi3-manylinux2014_x86_64.whl (323 kB)
#7 31.04    ━━━━━━━━━━━━━━━━━━━━━━━━━━━━━━━━━━━━━━━━ 323.2/323.2 kB 16.9 MB/s eta 0:00:00
#7 31.05 Downloading requests-2.32.5-py3-none-any.whl (64 kB)
#7 31.06    ━━━━━━━━━━━━━━━━━━━━━━━━━━━━━━━━━━━━━━━━ 64.7/64.7 kB 5.7 MB/s eta 0:00:00
#7 31.07 Downloading six-1.17.0-py2.py3-none-any.whl (11 kB)
#7 31.09 Downloading tensorboard-2.20.0-py3-none-any.whl (5.5 MB)
#7 31.37    ━━━━━━━━━━━━━━━━━━━━━━━━━━━━━━━━━━━━━━━━ 5.5/5.5 MB 19.8 MB/s eta 0:00:00
#7 31.38 Downloading termcolor-3.2.0-py3-none-any.whl (7.7 kB)
#7 31.40 Downloading typing_extensions-4.15.0-py3-none-any.whl (44 kB)
#7 31.41    ━━━━━━━━━━━━━━━━━━━━━━━━━━━━━━━━━━━━━━━━ 44.6/44.6 kB 3.8 MB/s eta 0:00:00
#7 31.42 Downloading wrapt-2.0.0-cp311-cp311-manylinux1_x86_64.manylinux_2_28_x86_64.manylinux_2_5_x86_64.whl (114 kB)
#7 31.43    ━━━━━━━━━━━━━━━━━━━━━━━━━━━━━━━━━━━━━━━━ 114.1/114.1 kB 8.6 MB/s eta 0:00:00
#7 31.44 Downloading packaging-25.0-py3-none-any.whl (66 kB)
#7 31.45    ━━━━━━━━━━━━━━━━━━━━━━━━━━━━━━━━━━━━━━━━ 66.5/66.5 kB 5.9 MB/s eta 0:00:00
#7 31.46 Downloading certifi-2025.10.5-py3-none-any.whl (163 kB)
#7 31.47    ━━━━━━━━━━━━━━━━━━━━━━━━━━━━━━━━━━━━━━━━ 163.3/163.3 kB 11.6 MB/s eta 0:00:00
#7 31.48 Downloading charset_normalizer-3.4.4-cp311-cp311-manylinux2014_x86_64.manylinux_2_17_x86_64.manylinux_2_28_x86_64.whl (151 kB)
#7 31.49    ━━━━━━━━━━━━━━━━━━━━━━━━━━━━━━━━━━━━━━━━ 151.6/151.6 kB 10.8 MB/s eta 0:00:00
#7 31.50 Downloading idna-3.11-py3-none-any.whl (71 kB)
#7 31.51    ━━━━━━━━━━━━━━━━━━━━━━━━━━━━━━━━━━━━━━━━ 71.0/71.0 kB 6.4 MB/s eta 0:00:00
#7 31.52 Downloading markdown-3.9-py3-none-any.whl (107 kB)
#7 31.54    ━━━━━━━━━━━━━━━━━━━━━━━━━━━━━━━━━━━━━━━━ 107.4/107.4 kB 8.5 MB/s eta 0:00:00
#7 31.54 Downloading tensorboard_data_server-0.7.2-py3-none-manylinux_2_31_x86_64.whl (6.6 MB)
#7 31.79    ━━━━━━━━━━━━━━━━━━━━━━━━━━━━━━━━━━━━━━━━ 6.6/6.6 MB 27.4 MB/s eta 0:00:00
#7 31.80 Downloading urllib3-2.5.0-py3-none-any.whl (129 kB)
#7 31.81    ━━━━━━━━━━━━━━━━━━━━━━━━━━━━━━━━━━━━━━━━ 129.8/129.8 kB 9.3 MB/s eta 0:00:00
#7 31.82 Downloading werkzeug-3.1.3-py3-none-any.whl (224 kB)
#7 31.84    ━━━━━━━━━━━━━━━━━━━━━━━━━━━━━━━━━━━━━━━━ 224.5/224.5 kB 13.5 MB/s eta 0:00:00
#7 31.85 Downloading namex-0.1.0-py3-none-any.whl (5.9 kB)
#7 31.87 Downloading optree-0.17.0-cp311-cp311-manylinux_2_27_x86_64.manylinux_2_28_x86_64.whl (402 kB)
#7 31.89    ━━━━━━━━━━━━━━━━━━━━━━━━━━━━━━━━━━━━━━━━ 402.0/402.0 kB 15.8 MB/s eta 0:00:00
#7 31.90 Downloading pillow-12.0.0-cp311-cp311-manylinux_2_27_x86_64.manylinux_2_28_x86_64.whl (7.0 MB)
#7 32.16    ━━━━━━━━━━━━━━━━━━━━━━━━━━━━━━━━━━━━━━━━ 7.0/7.0 MB 27.0 MB/s eta 0:00:00
#7 32.17 Downloading rich-14.2.0-py3-none-any.whl (243 kB)
#7 32.19    ━━━━━━━━━━━━━━━━━━━━━━━━━━━━━━━━━━━━━━━━ 243.4/243.4 kB 13.6 MB/s eta 0:00:00
#7 32.20 Downloading markdown_it_py-4.0.0-py3-none-any.whl (87 kB)
#7 32.21    ━━━━━━━━━━━━━━━━━━━━━━━━━━━━━━━━━━━━━━━━ 87.3/87.3 kB 8.2 MB/s eta 0:00:00
#7 32.22 Downloading markupsafe-3.0.3-cp311-cp311-manylinux2014_x86_64.manylinux_2_17_x86_64.manylinux_2_28_x86_64.whl (22 kB)
#7 32.24 Downloading pygments-2.19.2-py3-none-any.whl (1.2 MB)
#7 32.29    ━━━━━━━━━━━━━━━━━━━━━━━━━━━━━━━━━━━━━━━━ 1.2/1.2 MB 25.3 MB/s eta 0:00:00
#7 32.29 Downloading mdurl-0.1.2-py3-none-any.whl (10.0 kB)
#7 34.07 Installing collected packages: namex, libclang, flatbuffers, wrapt, urllib3, typing_extensions, termcolor, tensorboard-data-server, six, pygments, protobuf, pillow, packaging, opt_einsum, numpy, mdurl, MarkupSafe, markdown, idna, gast, charset_normalizer, certifi, absl-py, werkzeug, requests, optree, ml_dtypes, markdown-it-py, h5py, grpcio, google_pasta, astunparse, tensorboard, rich, keras, tensorflow
#7 49.45 Successfully installed MarkupSafe-3.0.3 absl-py-2.3.1 astunparse-1.6.3 certifi-2025.10.5 charset_normalizer-3.4.4 flatbuffers-25.9.23 gast-0.6.0 google_pasta-0.2.0 grpcio-1.76.0 h5py-3.15.1 idna-3.11 keras-3.12.0 libclang-18.1.1 markdown-3.9 markdown-it-py-4.0.0 mdurl-0.1.2 ml_dtypes-0.5.3 namex-0.1.0 numpy-2.3.4 opt_einsum-3.4.0 optree-0.17.0 packaging-25.0 pillow-12.0.0 protobuf-6.33.0 pygments-2.19.2 requests-2.32.5 rich-14.2.0 six-1.17.0 tensorboard-2.20.0 tensorboard-data-server-0.7.2 tensorflow-2.20.0 termcolor-3.2.0 typing_extensions-4.15.0 urllib3-2.5.0 werkzeug-3.1.3 wrapt-2.0.0
#7 49.45 WARNING: Running pip as the 'root' user can result in broken permissions and conflicting behaviour with the system package manager. It is recommended to use a virtual environment instead: https://pip.pypa.io/warnings/venv
#7 49.55 
#7 49.55 [notice] A new release of pip is available: 24.0 -> 25.3
#7 49.55 [notice] To update, run: pip install --upgrade pip
#7 DONE 60.7s

#8 [4/5] RUN ["pip","install","twitter.common.service-thrift"]
#8 0.527 Collecting twitter.common.service-thrift
#8 0.566   Downloading twitter.common.service-thrift-0.3.9.tar.gz (3.1 kB)
#8 0.585   Preparing metadata (setup.py): started
#8 0.978   Preparing metadata (setup.py): finished with status 'done'
#8 0.979 Building wheels for collected packages: twitter.common.service-thrift
#8 0.979   Building wheel for twitter.common.service-thrift (setup.py): started
#8 1.166   Building wheel for twitter.common.service-thrift (setup.py): finished with status 'done'
#8 1.166   Created wheel for twitter.common.service-thrift: filename=twitter_common_service_thrift-0.3.9-py3-none-any.whl size=4889 sha256=e55fe2c930cdc43ce6977d12235d7a1805e56fac4bdf96fb4d4d54e665ad1b59
#8 1.166   Stored in directory: /root/.cache/pip/wheels/7e/55/e4/b1fdba8c145d46bda2b228724a92959c8edfd83bc83455d8c3
#8 1.168 Successfully built twitter.common.service-thrift
#8 1.285 Installing collected packages: twitter.common.service-thrift
#8 1.315 Successfully installed twitter.common.service-thrift-0.3.9
#8 1.315 WARNING: Running pip as the 'root' user can result in broken permissions and conflicting behaviour with the system package manager. It is recommended to use a virtual environment instead: https://pip.pypa.io/warnings/venv
#8 1.320 
#8 1.320 [notice] A new release of pip is available: 24.0 -> 25.3
#8 1.320 [notice] To update, run: pip install --upgrade pip
#8 DONE 1.6s

#9 [5/5] RUN ["pip","install","twitter.common.finagle-thrift"]
#9 0.508 Collecting twitter.common.finagle-thrift
#9 0.546   Downloading twitter.common.finagle-thrift-0.3.9.tar.gz (6.3 kB)
#9 0.565   Preparing metadata (setup.py): started
#9 0.683   Preparing metadata (setup.py): finished with status 'done'
#9 0.684 Building wheels for collected packages: twitter.common.finagle-thrift
#9 0.689   Building wheel for twitter.common.finagle-thrift (setup.py): started
#9 0.838   Building wheel for twitter.common.finagle-thrift (setup.py): finished with status 'done'
#9 0.838   Created wheel for twitter.common.finagle-thrift: filename=twitter_common_finagle_thrift-0.3.9-py3-none-any.whl size=7837 sha256=2388329e883865f403997e2f35764283c2357ed0943117f7e27b54d0ae52862a
#9 0.839   Stored in directory: /root/.cache/pip/wheels/8c/a4/9c/b5c9b4d11348ea1265e2a8c840662ed50edbc4f9d94fd18d46
#9 0.840 Successfully built twitter.common.finagle-thrift
#9 0.957 Installing collected packages: twitter.common.finagle-thrift
#9 1.010 Successfully installed twitter.common.finagle-thrift-0.3.9
#9 1.010 WARNING: Running pip as the 'root' user can result in broken permissions and conflicting behaviour with the system package manager. It is recommended to use a virtual environment instead: https://pip.pypa.io/warnings/venv
#9 1.015 
#9 1.015 [notice] A new release of pip is available: 24.0 -> 25.3
#9 1.015 [notice] To update, run: pip install --upgrade pip
#9 DONE 1.1s

#10 exporting to image
#10 exporting layers
#10 exporting layers 9.0s done
#10 writing image sha256:ce5e03e5f785184c0bf255c9684de89ed00da7a7203685bf60490f8969f64b75 done
#10 naming to docker.io/library/test-image-026a4d6400b1efac9a13a3296f16e655 0.0s done
#10 DONE 9.0s

View build details: docker-desktop://dashboard/build/default/default/lsvjb2zjtiqcabguc72a7uipj
[2025-10-29 11:22:22] SUCCESS: Build completed for 026a4d6400b1efac9a13a3296f16e655
