=== Docker Build Log for 5650237 ===
Started at: Mi 29. Okt 15:50:47 CET 2025

[2025-10-29 15:50:47] START: Building image for 5650237
#0 building with "default" instance using docker driver

#1 [internal] load build definition from Dockerfile
#1 transferring dockerfile: 250B done
#1 DONE 0.0s

#2 [internal] load metadata for docker.io/library/python:3.11
#2 DONE 0.0s

#3 [internal] load .dockerignore
#3 transferring context: 2B done
#3 DONE 0.0s

#4 [internal] load build context
#4 transferring context: 4.29kB 0.0s done
#4 DONE 0.0s

#5 [1/6] FROM docker.io/library/python:3.11
#5 CACHED

#6 [2/6] COPY hard-gists/5650237/snippet.py /snippet.py
#6 DONE 0.1s

#7 [3/6] RUN ["pip","install","six"]
#7 2.096 Collecting six
#7 2.131   Downloading six-1.17.0-py2.py3-none-any.whl.metadata (1.7 kB)
#7 2.150 Downloading six-1.17.0-py2.py3-none-any.whl (11 kB)
#7 2.201 Installing collected packages: six
#7 2.219 Successfully installed six-1.17.0
#7 2.219 WARNING: Running pip as the 'root' user can result in broken permissions and conflicting behaviour with the system package manager. It is recommended to use a virtual environment instead: https://pip.pypa.io/warnings/venv
#7 2.319 
#7 2.319 [notice] A new release of pip is available: 24.0 -> 25.3
#7 2.319 [notice] To update, run: pip install --upgrade pip
#7 DONE 2.6s

#8 [4/6] RUN ["pip","install","pytest"]
#8 0.638 Collecting pytest
#8 0.672   Downloading pytest-8.4.2-py3-none-any.whl.metadata (7.7 kB)
#8 0.719 Collecting iniconfig>=1 (from pytest)
#8 0.727   Downloading iniconfig-2.3.0-py3-none-any.whl.metadata (2.5 kB)
#8 0.778 Collecting packaging>=20 (from pytest)
#8 0.788   Downloading packaging-25.0-py3-none-any.whl.metadata (3.3 kB)
#8 0.828 Collecting pluggy<2,>=1.5 (from pytest)
#8 0.836   Downloading pluggy-1.6.0-py3-none-any.whl.metadata (4.8 kB)
#8 0.883 Collecting pygments>=2.7.2 (from pytest)
#8 0.893   Downloading pygments-2.19.2-py3-none-any.whl.metadata (2.5 kB)
#8 0.923 Downloading pytest-8.4.2-py3-none-any.whl (365 kB)
#8 0.966    ━━━━━━━━━━━━━━━━━━━━━━━━━━━━━━━━━━━━━━━━ 365.8/365.8 kB 8.8 MB/s eta 0:00:00
#8 0.974 Downloading iniconfig-2.3.0-py3-none-any.whl (7.5 kB)
#8 0.995 Downloading packaging-25.0-py3-none-any.whl (66 kB)
#8 1.007    ━━━━━━━━━━━━━━━━━━━━━━━━━━━━━━━━━━━━━━━━ 66.5/66.5 kB 5.7 MB/s eta 0:00:00
#8 1.017 Downloading pluggy-1.6.0-py3-none-any.whl (20 kB)
#8 1.037 Downloading pygments-2.19.2-py3-none-any.whl (1.2 MB)
#8 1.087    ━━━━━━━━━━━━━━━━━━━━━━━━━━━━━━━━━━━━━━━━ 1.2/1.2 MB 25.3 MB/s eta 0:00:00
#8 1.145 Installing collected packages: pygments, pluggy, packaging, iniconfig, pytest
#8 1.999 Successfully installed iniconfig-2.3.0 packaging-25.0 pluggy-1.6.0 pygments-2.19.2 pytest-8.4.2
#8 1.999 WARNING: Running pip as the 'root' user can result in broken permissions and conflicting behaviour with the system package manager. It is recommended to use a virtual environment instead: https://pip.pypa.io/warnings/venv
#8 2.005 
#8 2.005 [notice] A new release of pip is available: 24.0 -> 25.3
#8 2.005 [notice] To update, run: pip install --upgrade pip
#8 DONE 2.2s

#9 [5/6] RUN ["pip","install","py"]
#9 0.586 Collecting py
#9 0.622   Downloading py-1.11.0-py2.py3-none-any.whl.metadata (2.8 kB)
#9 0.649 Downloading py-1.11.0-py2.py3-none-any.whl (98 kB)
#9 0.697    ━━━━━━━━━━━━━━━━━━━━━━━━━━━━━━━━━━━━━━━━ 98.7/98.7 kB 2.0 MB/s eta 0:00:00
#9 0.752 Installing collected packages: py
#9 0.839 Successfully installed py-1.11.0
#9 0.840 WARNING: Running pip as the 'root' user can result in broken permissions and conflicting behaviour with the system package manager. It is recommended to use a virtual environment instead: https://pip.pypa.io/warnings/venv
#9 0.846 
#9 0.846 [notice] A new release of pip is available: 24.0 -> 25.3
#9 0.846 [notice] To update, run: pip install --upgrade pip
#9 DONE 0.9s

#10 [6/6] RUN ["pip","install","PyGTK"]
#10 0.556 Collecting PyGTK
#10 0.596   Downloading pygtk-2.24.0.tar.bz2 (2.4 MB)
#10 0.705      ━━━━━━━━━━━━━━━━━━━━━━━━━━━━━━━━━━━━━━━━ 2.4/2.4 MB 22.1 MB/s eta 0:00:00
#10 1.739   Preparing metadata (setup.py): started
#10 2.085   Preparing metadata (setup.py): finished with status 'error'
#10 2.088   error: subprocess-exited-with-error
#10 2.088   
#10 2.088   × python setup.py egg_info did not run successfully.
#10 2.088   │ exit code: 1
#10 2.088   ╰─> [4 lines of output]
#10 2.088       ********************************************************************
#10 2.088       * Building PyGTK using distutils is only supported on windows. *
#10 2.088       * To build PyGTK in a supported way, read the INSTALL file.    *
#10 2.088       ********************************************************************
#10 2.088       [end of output]
#10 2.088   
#10 2.088   note: This error originates from a subprocess, and is likely not a problem with pip.
#10 2.090 error: metadata-generation-failed
#10 2.090 
#10 2.090 × Encountered error while generating package metadata.
#10 2.090 ╰─> See above for output.
#10 2.090 
#10 2.090 note: This is an issue with the package mentioned above, not pip.
#10 2.090 hint: See above for details.
#10 2.095 
#10 2.095 [notice] A new release of pip is available: 24.0 -> 25.3
#10 2.095 [notice] To update, run: pip install --upgrade pip
#10 ERROR: process "pip install PyGTK" did not complete successfully: exit code: 1
------
 > [6/6] RUN ["pip","install","PyGTK"]:
2.090 error: metadata-generation-failed
2.090 
2.090 × Encountered error while generating package metadata.
2.090 ╰─> See above for output.
2.090 
2.090 note: This is an issue with the package mentioned above, not pip.
2.090 hint: See above for details.
2.095 
2.095 [notice] A new release of pip is available: 24.0 -> 25.3
2.095 [notice] To update, run: pip install --upgrade pip
------
Dockerfile:6
--------------------
   4 |     RUN ["pip","install","pytest"]
   5 |     RUN ["pip","install","py"]
   6 | >>> RUN ["pip","install","PyGTK"]
   7 |     CMD ["python3","/snippet.py"]
   8 |     
--------------------
ERROR: failed to build: failed to solve: process "pip install PyGTK" did not complete successfully: exit code: 1

View build details: docker-desktop://dashboard/build/default/default/2cryaqx6f2uyqc6a0n0xph0kr
[2025-10-29 15:50:55] ERROR: Build failed for 5650237
