=== Docker Build Log for 8cebde204781b7d27c90 ===
Started at: Mi 29. Okt 18:11:23 CET 2025

[2025-10-29 18:11:23] START: Building image for 8cebde204781b7d27c90
#0 building with "default" instance using docker driver

#1 [internal] load build definition from Dockerfile
#1 transferring dockerfile: 145B done
#1 DONE 0.0s

#2 [internal] load metadata for docker.io/library/python:3.11
#2 DONE 0.0s

#3 [internal] load .dockerignore
#3 transferring context: 2B done
#3 DONE 0.0s

#4 [internal] load build context
#4 transferring context: 661B 0.0s done
#4 DONE 0.0s

#5 [1/2] FROM docker.io/library/python:3.11
#5 CACHED

#6 [2/2] COPY hard-gists/8cebde204781b7d27c90/snippet.py /snippet.py
#6 DONE 0.1s

#7 exporting to image
#7 exporting layers 0.0s done
#7 writing image sha256:c7a34f580284535a7da2e38109e46762d98dee5c5f39ffac2f266734c756b93b done
#7 naming to docker.io/library/test-image-8cebde204781b7d27c90 done
#7 DONE 0.1s

View build details: docker-desktop://dashboard/build/default/default/oi2y2jhpks44y6udo5kt3tiwa
[2025-10-29 18:11:24] SUCCESS: Build completed for 8cebde204781b7d27c90
