=== Docker Build Log for 9646279d220994222845 ===
Started at: Mi 29. Okt 18:28:58 CET 2025

[2025-10-29 18:28:58] START: Building image for 9646279d220994222845
#0 building with "default" instance using docker driver

#1 [internal] load build definition from Dockerfile
#1 transferring dockerfile: 145B done
#1 DONE 0.0s

#2 [internal] load metadata for docker.io/library/python:3.11
#2 DONE 0.0s

#3 [internal] load .dockerignore
#3 transferring context: 2B done
#3 DONE 0.0s

#4 [internal] load build context
#4 transferring context: 3.97kB 0.0s done
#4 DONE 0.0s

#5 [1/2] FROM docker.io/library/python:3.11
#5 CACHED

#6 [2/2] COPY hard-gists/9646279d220994222845/snippet.py /snippet.py
#6 DONE 0.1s

#7 exporting to image
#7 exporting layers 0.0s done
#7 writing image sha256:496a332eeaf7eb37d491b83a34f40638060eb7dd5202391a0831b0dc2793cc21 done
#7 naming to docker.io/library/test-image-9646279d220994222845 done
#7 DONE 0.1s

View build details: docker-desktop://dashboard/build/default/default/zc9v0tq00pjy8cyk8quti9zmz
[2025-10-29 18:28:58] SUCCESS: Build completed for 9646279d220994222845
