=== Docker Build Log for 6206626 ===
Started at: Mi 29. Okt 16:27:05 CET 2025

[2025-10-29 16:27:05] START: Building image for 6206626
#0 building with "default" instance using docker driver

#1 [internal] load build definition from Dockerfile
#1 transferring dockerfile: 132B done
#1 DONE 0.0s

#2 [internal] load metadata for docker.io/library/python:3.11
#2 DONE 0.0s

#3 [internal] load .dockerignore
#3 transferring context: 2B done
#3 DONE 0.0s

#4 [internal] load build context
#4 transferring context: 2.66kB 0.0s done
#4 DONE 0.0s

#5 [1/2] FROM docker.io/library/python:3.11
#5 CACHED

#6 [2/2] COPY hard-gists/6206626/snippet.py /snippet.py
#6 DONE 0.1s

#7 exporting to image
#7 exporting layers 0.0s done
#7 writing image sha256:fbba34a6a3e30006371751a5b6c218eb4849724c757b1fe44e891ecadad4b978 done
#7 naming to docker.io/library/test-image-6206626 done
#7 DONE 0.1s

View build details: docker-desktop://dashboard/build/default/default/rrpbvix5lcmq93zm9gu9hn5jg
[2025-10-29 16:27:05] SUCCESS: Build completed for 6206626
