=== Docker Build Log for 27bbd6895c0afb314879 ===
Started at: Mi 29. Okt 13:16:55 CET 2025

[2025-10-29 13:16:55] START: Building image for 27bbd6895c0afb314879
#0 building with "default" instance using docker driver

#1 [internal] load build definition from Dockerfile
#1 transferring dockerfile: 176B done
#1 DONE 0.0s

#2 [internal] load metadata for docker.io/library/python:3.11
#2 DONE 0.0s

#3 [internal] load .dockerignore
#3 transferring context: 2B done
#3 DONE 0.0s

#4 [internal] load build context
#4 transferring context: 1.24kB 0.0s done
#4 DONE 0.0s

#5 [1/3] FROM docker.io/library/python:3.11
#5 CACHED

#6 [2/3] COPY hard-gists/27bbd6895c0afb314879/snippet.py /snippet.py
#6 DONE 0.1s

#7 [3/3] RUN ["pip","install","praw"]
#7 1.971 Collecting praw
#7 2.015   Downloading praw-7.8.1-py3-none-any.whl.metadata (9.4 kB)
#7 2.068 Collecting prawcore<3,>=2.4 (from praw)
#7 2.077   Downloading prawcore-2.4.0-py3-none-any.whl.metadata (5.0 kB)
#7 2.119 Collecting update_checker>=0.18 (from praw)
#7 2.127   Downloading update_checker-0.18.0-py3-none-any.whl.metadata (2.3 kB)
#7 2.179 Collecting websocket-client>=0.54.0 (from praw)
#7 2.187   Downloading websocket_client-1.9.0-py3-none-any.whl.metadata (8.3 kB)
#7 2.252 Collecting requests<3.0,>=2.6.0 (from prawcore<3,>=2.4->praw)
#7 2.260   Downloading requests-2.32.5-py3-none-any.whl.metadata (4.9 kB)
#7 2.389 Collecting charset_normalizer<4,>=2 (from requests<3.0,>=2.6.0->prawcore<3,>=2.4->praw)
#7 2.397   Downloading charset_normalizer-3.4.4-cp311-cp311-manylinux2014_x86_64.manylinux_2_17_x86_64.manylinux_2_28_x86_64.whl.metadata (37 kB)
#7 2.449 Collecting idna<4,>=2.5 (from requests<3.0,>=2.6.0->prawcore<3,>=2.4->praw)
#7 2.458   Downloading idna-3.11-py3-none-any.whl.metadata (8.4 kB)
#7 2.522 Collecting urllib3<3,>=1.21.1 (from requests<3.0,>=2.6.0->prawcore<3,>=2.4->praw)
#7 2.530   Downloading urllib3-2.5.0-py3-none-any.whl.metadata (6.5 kB)
#7 2.577 Collecting certifi>=2017.4.17 (from requests<3.0,>=2.6.0->prawcore<3,>=2.4->praw)
#7 2.585   Downloading certifi-2025.10.5-py3-none-any.whl.metadata (2.5 kB)
#7 2.622 Downloading praw-7.8.1-py3-none-any.whl (189 kB)
#7 2.645    ━━━━━━━━━━━━━━━━━━━━━━━━━━━━━━━━━━━━━━━━ 189.3/189.3 kB 8.7 MB/s eta 0:00:00
#7 2.654 Downloading prawcore-2.4.0-py3-none-any.whl (17 kB)
#7 2.675 Downloading update_checker-0.18.0-py3-none-any.whl (7.0 kB)
#7 2.705 Downloading websocket_client-1.9.0-py3-none-any.whl (82 kB)
#7 2.720    ━━━━━━━━━━━━━━━━━━━━━━━━━━━━━━━━━━━━━━━━ 82.6/82.6 kB 5.4 MB/s eta 0:00:00
#7 2.728 Downloading requests-2.32.5-py3-none-any.whl (64 kB)
#7 2.742    ━━━━━━━━━━━━━━━━━━━━━━━━━━━━━━━━━━━━━━━━ 64.7/64.7 kB 4.6 MB/s eta 0:00:00
#7 2.750 Downloading certifi-2025.10.5-py3-none-any.whl (163 kB)
#7 2.767    ━━━━━━━━━━━━━━━━━━━━━━━━━━━━━━━━━━━━━━━━ 163.3/163.3 kB 10.1 MB/s eta 0:00:00
#7 2.777 Downloading charset_normalizer-3.4.4-cp311-cp311-manylinux2014_x86_64.manylinux_2_17_x86_64.manylinux_2_28_x86_64.whl (151 kB)
#7 2.793    ━━━━━━━━━━━━━━━━━━━━━━━━━━━━━━━━━━━━━━━━ 151.6/151.6 kB 10.2 MB/s eta 0:00:00
#7 2.800 Downloading idna-3.11-py3-none-any.whl (71 kB)
#7 2.819    ━━━━━━━━━━━━━━━━━━━━━━━━━━━━━━━━━━━━━━━━ 71.0/71.0 kB 3.5 MB/s eta 0:00:00
#7 2.827 Downloading urllib3-2.5.0-py3-none-any.whl (129 kB)
#7 2.844    ━━━━━━━━━━━━━━━━━━━━━━━━━━━━━━━━━━━━━━━━ 129.8/129.8 kB 7.3 MB/s eta 0:00:00
#7 2.924 Installing collected packages: websocket-client, urllib3, idna, charset_normalizer, certifi, requests, update_checker, prawcore, praw
#7 3.296 Successfully installed certifi-2025.10.5 charset_normalizer-3.4.4 idna-3.11 praw-7.8.1 prawcore-2.4.0 requests-2.32.5 update_checker-0.18.0 urllib3-2.5.0 websocket-client-1.9.0
#7 3.296 WARNING: Running pip as the 'root' user can result in broken permissions and conflicting behaviour with the system package manager. It is recommended to use a virtual environment instead: https://pip.pypa.io/warnings/venv
#7 3.387 
#7 3.387 [notice] A new release of pip is available: 24.0 -> 25.3
#7 3.387 [notice] To update, run: pip install --upgrade pip
#7 DONE 3.6s

#8 exporting to image
#8 exporting layers 0.1s done
#8 writing image sha256:1e57cd6514e133217871bf61e926f5d353cd4618f55ff73639a29a9567c904ae done
#8 naming to docker.io/library/test-image-27bbd6895c0afb314879 done
#8 DONE 0.2s

View build details: docker-desktop://dashboard/build/default/default/xpmk02lisuozoasqcra7qs8f3
[2025-10-29 13:16:59] SUCCESS: Build completed for 27bbd6895c0afb314879
