=== Docker Build Log for c648d753e7d0176ff172 ===
Started at: Mi 29. Okt 19:53:59 CET 2025

[2025-10-29 19:53:59] START: Building image for c648d753e7d0176ff172
#0 building with "default" instance using docker driver

#1 [internal] load build definition from Dockerfile
#1 transferring dockerfile: 145B done
#1 DONE 0.0s

#2 [internal] load metadata for docker.io/library/python:3.11
#2 DONE 0.0s

#3 [internal] load .dockerignore
#3 transferring context: 2B done
#3 DONE 0.0s

#4 [internal] load build context
#4 transferring context: 907B 0.0s done
#4 DONE 0.0s

#5 [1/2] FROM docker.io/library/python:3.11
#5 CACHED

#6 [2/2] COPY hard-gists/c648d753e7d0176ff172/snippet.py /snippet.py
#6 DONE 0.1s

#7 exporting to image
#7 exporting layers 0.0s done
#7 writing image sha256:e45b0b980700a818b06ca0eadc91e888916c73b00fbe2bbdb947c34e6b4b4c17 done
#7 naming to docker.io/library/test-image-c648d753e7d0176ff172 done
#7 DONE 0.1s

View build details: docker-desktop://dashboard/build/default/default/uystb8uuokee0jdf8qc98h99z
[2025-10-29 19:53:59] SUCCESS: Build completed for c648d753e7d0176ff172
