=== Docker Build Log for 881cd3e0f8836121226a04efb9e2ae18 ===
Started at: Mi 29. Okt 17:58:06 CET 2025

[2025-10-29 17:58:06] START: Building image for 881cd3e0f8836121226a04efb9e2ae18
#0 building with "default" instance using docker driver

#1 [internal] load build definition from Dockerfile
#1 transferring dockerfile: 189B done
#1 DONE 0.0s

#2 [internal] load metadata for docker.io/library/python:3.11
#2 DONE 0.0s

#3 [internal] load .dockerignore
#3 transferring context: 2B done
#3 DONE 0.0s

#4 [internal] load build context
#4 transferring context: 4.00kB 0.0s done
#4 DONE 0.0s

#5 [1/3] FROM docker.io/library/python:3.11
#5 CACHED

#6 [2/3] COPY hard-gists/881cd3e0f8836121226a04efb9e2ae18/snippet.py /snippet.py
#6 DONE 0.1s

#7 [3/3] RUN ["pip","install","torch"]
#7 1.941 Collecting torch
#7 1.988   Downloading torch-2.9.0-cp311-cp311-manylinux_2_28_x86_64.whl.metadata (30 kB)
#7 2.080 Collecting filelock (from torch)
#7 2.089   Downloading filelock-3.20.0-py3-none-any.whl.metadata (2.1 kB)
#7 2.132 Collecting typing-extensions>=4.10.0 (from torch)
#7 2.141   Downloading typing_extensions-4.15.0-py3-none-any.whl.metadata (3.3 kB)
#7 2.184 Collecting sympy>=1.13.3 (from torch)
#7 2.193   Downloading sympy-1.14.0-py3-none-any.whl.metadata (12 kB)
#7 2.243 Collecting networkx>=2.5.1 (from torch)
#7 2.255   Downloading networkx-3.5-py3-none-any.whl.metadata (6.3 kB)
#7 2.294 Collecting jinja2 (from torch)
#7 2.303   Downloading jinja2-3.1.6-py3-none-any.whl.metadata (2.9 kB)
#7 2.357 Collecting fsspec>=0.8.5 (from torch)
#7 2.366   Downloading fsspec-2025.9.0-py3-none-any.whl.metadata (10 kB)
#7 2.404 Collecting nvidia-cuda-nvrtc-cu12==12.8.93 (from torch)
#7 2.414   Downloading nvidia_cuda_nvrtc_cu12-12.8.93-py3-none-manylinux2010_x86_64.manylinux_2_12_x86_64.whl.metadata (1.7 kB)
#7 2.451 Collecting nvidia-cuda-runtime-cu12==12.8.90 (from torch)
#7 2.461   Downloading nvidia_cuda_runtime_cu12-12.8.90-py3-none-manylinux2014_x86_64.manylinux_2_17_x86_64.whl.metadata (1.7 kB)
#7 2.498 Collecting nvidia-cuda-cupti-cu12==12.8.90 (from torch)
#7 2.508   Downloading nvidia_cuda_cupti_cu12-12.8.90-py3-none-manylinux2014_x86_64.manylinux_2_17_x86_64.whl.metadata (1.7 kB)
#7 2.547 Collecting nvidia-cudnn-cu12==9.10.2.21 (from torch)
#7 2.558   Downloading nvidia_cudnn_cu12-9.10.2.21-py3-none-manylinux_2_27_x86_64.whl.metadata (1.8 kB)
#7 2.595 Collecting nvidia-cublas-cu12==12.8.4.1 (from torch)
#7 2.606   Downloading nvidia_cublas_cu12-12.8.4.1-py3-none-manylinux_2_27_x86_64.whl.metadata (1.7 kB)
#7 2.644 Collecting nvidia-cufft-cu12==11.3.3.83 (from torch)
#7 2.656   Downloading nvidia_cufft_cu12-11.3.3.83-py3-none-manylinux2014_x86_64.manylinux_2_17_x86_64.whl.metadata (1.7 kB)
#7 2.694 Collecting nvidia-curand-cu12==10.3.9.90 (from torch)
#7 2.703   Downloading nvidia_curand_cu12-10.3.9.90-py3-none-manylinux_2_27_x86_64.whl.metadata (1.7 kB)
#7 2.739 Collecting nvidia-cusolver-cu12==11.7.3.90 (from torch)
#7 2.750   Downloading nvidia_cusolver_cu12-11.7.3.90-py3-none-manylinux_2_27_x86_64.whl.metadata (1.8 kB)
#7 2.788 Collecting nvidia-cusparse-cu12==12.5.8.93 (from torch)
#7 2.798   Downloading nvidia_cusparse_cu12-12.5.8.93-py3-none-manylinux2014_x86_64.manylinux_2_17_x86_64.whl.metadata (1.8 kB)
#7 2.832 Collecting nvidia-cusparselt-cu12==0.7.1 (from torch)
#7 2.843   Downloading nvidia_cusparselt_cu12-0.7.1-py3-none-manylinux2014_x86_64.whl.metadata (7.0 kB)
#7 2.881 Collecting nvidia-nccl-cu12==2.27.5 (from torch)
#7 2.891   Downloading nvidia_nccl_cu12-2.27.5-py3-none-manylinux2014_x86_64.manylinux_2_17_x86_64.whl.metadata (2.0 kB)
#7 2.929 Collecting nvidia-nvshmem-cu12==3.3.20 (from torch)
#7 2.937   Downloading nvidia_nvshmem_cu12-3.3.20-py3-none-manylinux2014_x86_64.manylinux_2_17_x86_64.whl.metadata (2.1 kB)
#7 2.973 Collecting nvidia-nvtx-cu12==12.8.90 (from torch)
#7 2.981   Downloading nvidia_nvtx_cu12-12.8.90-py3-none-manylinux2014_x86_64.manylinux_2_17_x86_64.whl.metadata (1.8 kB)
#7 3.019 Collecting nvidia-nvjitlink-cu12==12.8.93 (from torch)
#7 3.028   Downloading nvidia_nvjitlink_cu12-12.8.93-py3-none-manylinux2010_x86_64.manylinux_2_12_x86_64.whl.metadata (1.7 kB)
#7 3.077 Collecting nvidia-cufile-cu12==1.13.1.3 (from torch)
#7 3.087   Downloading nvidia_cufile_cu12-1.13.1.3-py3-none-manylinux2014_x86_64.manylinux_2_17_x86_64.whl.metadata (1.7 kB)
#7 3.125 Collecting triton==3.5.0 (from torch)
#7 3.134   Downloading triton-3.5.0-cp311-cp311-manylinux_2_27_x86_64.manylinux_2_28_x86_64.whl.metadata (1.7 kB)
#7 3.257 Collecting mpmath<1.4,>=1.1.0 (from sympy>=1.13.3->torch)
#7 3.266   Downloading mpmath-1.3.0-py3-none-any.whl.metadata (8.6 kB)
#7 3.348 Collecting MarkupSafe>=2.0 (from jinja2->torch)
#7 3.359   Downloading markupsafe-3.0.3-cp311-cp311-manylinux2014_x86_64.manylinux_2_17_x86_64.manylinux_2_28_x86_64.whl.metadata (2.7 kB)
#7 3.388 Downloading torch-2.9.0-cp311-cp311-manylinux_2_28_x86_64.whl (899.8 MB)
#7 40.70    ━━━━━━━━━━━━━━━━━━━━━━━━━━━━━━━━━━━━━━━━ 899.8/899.8 MB 1.3 MB/s eta 0:00:00
#7 40.71 Downloading nvidia_cublas_cu12-12.8.4.1-py3-none-manylinux_2_27_x86_64.whl (594.3 MB)
#7 65.34    ━━━━━━━━━━━━━━━━━━━━━━━━━━━━━━━━━━━━━━━━ 594.3/594.3 MB 1.8 MB/s eta 0:00:00
#7 65.36 Downloading nvidia_cuda_cupti_cu12-12.8.90-py3-none-manylinux2014_x86_64.manylinux_2_17_x86_64.whl (10.2 MB)
#7 65.84    ━━━━━━━━━━━━━━━━━━━━━━━━━━━━━━━━━━━━━━━━ 10.2/10.2 MB 21.2 MB/s eta 0:00:00
#7 65.85 Downloading nvidia_cuda_nvrtc_cu12-12.8.93-py3-none-manylinux2010_x86_64.manylinux_2_12_x86_64.whl (88.0 MB)
#7 71.35    ━━━━━━━━━━━━━━━━━━━━━━━━━━━━━━━━━━━━━━━━ 88.0/88.0 MB 3.6 MB/s eta 0:00:00
#7 71.36 Downloading nvidia_cuda_runtime_cu12-12.8.90-py3-none-manylinux2014_x86_64.manylinux_2_17_x86_64.whl (954 kB)
#7 71.40    ━━━━━━━━━━━━━━━━━━━━━━━━━━━━━━━━━━━━━━━━ 954.8/954.8 kB 24.5 MB/s eta 0:00:00
#7 71.42 Downloading nvidia_cudnn_cu12-9.10.2.21-py3-none-manylinux_2_27_x86_64.whl (706.8 MB)
#7 100.5    ━━━━━━━━━━━━━━━━━━━━━━━━━━━━━━━━━━━━━━━━ 706.8/706.8 MB 1.5 MB/s eta 0:00:00
#7 100.5 Downloading nvidia_cufft_cu12-11.3.3.83-py3-none-manylinux2014_x86_64.manylinux_2_17_x86_64.whl (193.1 MB)
#7 110.7    ━━━━━━━━━━━━━━━━━━━━━━━━━━━━━━━━━━━━━━━━ 193.1/193.1 MB 2.4 MB/s eta 0:00:00
#7 110.7 Downloading nvidia_cufile_cu12-1.13.1.3-py3-none-manylinux2014_x86_64.manylinux_2_17_x86_64.whl (1.2 MB)
#7 110.8    ━━━━━━━━━━━━━━━━━━━━━━━━━━━━━━━━━━━━━━━━ 1.2/1.2 MB 20.2 MB/s eta 0:00:00
#7 110.8 Downloading nvidia_curand_cu12-10.3.9.90-py3-none-manylinux_2_27_x86_64.whl (63.6 MB)
#7 113.4    ━━━━━━━━━━━━━━━━━━━━━━━━━━━━━━━━━━━━━━━━ 63.6/63.6 MB 12.8 MB/s eta 0:00:00
#7 113.4 Downloading nvidia_cusolver_cu12-11.7.3.90-py3-none-manylinux_2_27_x86_64.whl (267.5 MB)
#7 123.3    ━━━━━━━━━━━━━━━━━━━━━━━━━━━━━━━━━━━━━━━━ 267.5/267.5 MB 5.9 MB/s eta 0:00:00
#7 123.3 Downloading nvidia_cusparse_cu12-12.5.8.93-py3-none-manylinux2014_x86_64.manylinux_2_17_x86_64.whl (288.2 MB)
#7 134.2    ━━━━━━━━━━━━━━━━━━━━━━━━━━━━━━━━━━━━━━━━ 288.2/288.2 MB 5.1 MB/s eta 0:00:00
#7 134.2 Downloading nvidia_cusparselt_cu12-0.7.1-py3-none-manylinux2014_x86_64.whl (287.2 MB)
#7 145.4    ━━━━━━━━━━━━━━━━━━━━━━━━━━━━━━━━━━━━━━━━ 287.2/287.2 MB 4.2 MB/s eta 0:00:00
#7 145.4 Downloading nvidia_nccl_cu12-2.27.5-py3-none-manylinux2014_x86_64.manylinux_2_17_x86_64.whl (322.3 MB)
#7 159.0    ━━━━━━━━━━━━━━━━━━━━━━━━━━━━━━━━━━━━━━━━ 322.3/322.3 MB 3.3 MB/s eta 0:00:00
#7 159.0 Downloading nvidia_nvjitlink_cu12-12.8.93-py3-none-manylinux2010_x86_64.manylinux_2_12_x86_64.whl (39.3 MB)
#7 160.5    ━━━━━━━━━━━━━━━━━━━━━━━━━━━━━━━━━━━━━━━━ 39.3/39.3 MB 16.5 MB/s eta 0:00:00
#7 160.5 Downloading nvidia_nvshmem_cu12-3.3.20-py3-none-manylinux2014_x86_64.manylinux_2_17_x86_64.whl (124.7 MB)
#7 165.3    ━━━━━━━━━━━━━━━━━━━━━━━━━━━━━━━━━━━━━━━━ 124.7/124.7 MB 8.4 MB/s eta 0:00:00
#7 165.3 Downloading nvidia_nvtx_cu12-12.8.90-py3-none-manylinux2014_x86_64.manylinux_2_17_x86_64.whl (89 kB)
#7 165.3    ━━━━━━━━━━━━━━━━━━━━━━━━━━━━━━━━━━━━━━━━ 90.0/90.0 kB 8.0 MB/s eta 0:00:00
#7 165.4 Downloading triton-3.5.0-cp311-cp311-manylinux_2_27_x86_64.manylinux_2_28_x86_64.whl (170.4 MB)
#7 171.9    ━━━━━━━━━━━━━━━━━━━━━━━━━━━━━━━━━━━━━━━━ 170.4/170.4 MB 8.1 MB/s eta 0:00:00
#7 172.0 Downloading fsspec-2025.9.0-py3-none-any.whl (199 kB)
#7 172.0    ━━━━━━━━━━━━━━━━━━━━━━━━━━━━━━━━━━━━━━━━ 199.3/199.3 kB 9.4 MB/s eta 0:00:00
#7 172.0 Downloading networkx-3.5-py3-none-any.whl (2.0 MB)
#7 172.2    ━━━━━━━━━━━━━━━━━━━━━━━━━━━━━━━━━━━━━━━━ 2.0/2.0 MB 13.4 MB/s eta 0:00:00
#7 172.2 Downloading sympy-1.14.0-py3-none-any.whl (6.3 MB)
#7 172.5    ━━━━━━━━━━━━━━━━━━━━━━━━━━━━━━━━━━━━━━━━ 6.3/6.3 MB 25.2 MB/s eta 0:00:00
#7 172.5 Downloading typing_extensions-4.15.0-py3-none-any.whl (44 kB)
#7 172.5    ━━━━━━━━━━━━━━━━━━━━━━━━━━━━━━━━━━━━━━━━ 44.6/44.6 kB 3.8 MB/s eta 0:00:00
#7 172.5 Downloading filelock-3.20.0-py3-none-any.whl (16 kB)
#7 172.5 Downloading jinja2-3.1.6-py3-none-any.whl (134 kB)
#7 172.6    ━━━━━━━━━━━━━━━━━━━━━━━━━━━━━━━━━━━━━━━━ 134.9/134.9 kB 10.4 MB/s eta 0:00:00
#7 172.6 Downloading markupsafe-3.0.3-cp311-cp311-manylinux2014_x86_64.manylinux_2_17_x86_64.manylinux_2_28_x86_64.whl (22 kB)
#7 172.6 Downloading mpmath-1.3.0-py3-none-any.whl (536 kB)
#7 172.6    ━━━━━━━━━━━━━━━━━━━━━━━━━━━━━━━━━━━━━━━━ 536.2/536.2 kB 19.6 MB/s eta 0:00:00
#7 181.0 Installing collected packages: nvidia-cusparselt-cu12, mpmath, typing-extensions, triton, sympy, nvidia-nvtx-cu12, nvidia-nvshmem-cu12, nvidia-nvjitlink-cu12, nvidia-nccl-cu12, nvidia-curand-cu12, nvidia-cufile-cu12, nvidia-cuda-runtime-cu12, nvidia-cuda-nvrtc-cu12, nvidia-cuda-cupti-cu12, nvidia-cublas-cu12, networkx, MarkupSafe, fsspec, filelock, nvidia-cusparse-cu12, nvidia-cufft-cu12, nvidia-cudnn-cu12, jinja2, nvidia-cusolver-cu12, torch
#7 240.7 Successfully installed MarkupSafe-3.0.3 filelock-3.20.0 fsspec-2025.9.0 jinja2-3.1.6 mpmath-1.3.0 networkx-3.5 nvidia-cublas-cu12-12.8.4.1 nvidia-cuda-cupti-cu12-12.8.90 nvidia-cuda-nvrtc-cu12-12.8.93 nvidia-cuda-runtime-cu12-12.8.90 nvidia-cudnn-cu12-9.10.2.21 nvidia-cufft-cu12-11.3.3.83 nvidia-cufile-cu12-1.13.1.3 nvidia-curand-cu12-10.3.9.90 nvidia-cusolver-cu12-11.7.3.90 nvidia-cusparse-cu12-12.5.8.93 nvidia-cusparselt-cu12-0.7.1 nvidia-nccl-cu12-2.27.5 nvidia-nvjitlink-cu12-12.8.93 nvidia-nvshmem-cu12-3.3.20 nvidia-nvtx-cu12-12.8.90 sympy-1.14.0 torch-2.9.0 triton-3.5.0 typing-extensions-4.15.0
#7 240.7 WARNING: Running pip as the 'root' user can result in broken permissions and conflicting behaviour with the system package manager. It is recommended to use a virtual environment instead: https://pip.pypa.io/warnings/venv
#7 240.8 
#7 240.8 [notice] A new release of pip is available: 24.0 -> 25.3
#7 240.8 [notice] To update, run: pip install --upgrade pip
#7 DONE 250.6s

#8 exporting to image
#8 exporting layers
#8 exporting layers 31.1s done
#8 writing image sha256:c17c4562a8d5081d57fbece216977f252c713e5952c8d60a88b6d328997327a8 done
#8 naming to docker.io/library/test-image-881cd3e0f8836121226a04efb9e2ae18 done
#8 DONE 31.2s

View build details: docker-desktop://dashboard/build/default/default/tktroys111r1409i0c06f2l5r
[2025-10-29 18:02:48] SUCCESS: Build completed for 881cd3e0f8836121226a04efb9e2ae18
