=== Docker Build Log for a62b5cf5262fc7179dee ===
Started at: Mi 29. Okt 19:05:26 CET 2025

[2025-10-29 19:05:26] START: Building image for a62b5cf5262fc7179dee
#0 building with "default" instance using docker driver

#1 [internal] load build definition from Dockerfile
#1 transferring dockerfile: 145B done
#1 DONE 0.0s

#2 [internal] load metadata for docker.io/library/python:3.11
#2 DONE 0.0s

#3 [internal] load .dockerignore
#3 transferring context: 2B done
#3 DONE 0.0s

#4 [internal] load build context
#4 transferring context: 1.28kB 0.0s done
#4 DONE 0.0s

#5 [1/2] FROM docker.io/library/python:3.11
#5 CACHED

#6 [2/2] COPY hard-gists/a62b5cf5262fc7179dee/snippet.py /snippet.py
#6 DONE 0.1s

#7 exporting to image
#7 exporting layers 0.0s done
#7 writing image sha256:7fed63ac40494473d4abc5137fdaf53284588c98d69ffc0e68209b8526b85b71 done
#7 naming to docker.io/library/test-image-a62b5cf5262fc7179dee done
#7 DONE 0.1s

View build details: docker-desktop://dashboard/build/default/default/nilwfk5zgd4dc7d39y05phkyy
[2025-10-29 19:05:27] SUCCESS: Build completed for a62b5cf5262fc7179dee
