=== Docker Build Log for 4110897 ===
Started at: Mi 29. Okt 14:21:42 CET 2025

[2025-10-29 14:21:42] START: Building image for 4110897
#0 building with "default" instance using docker driver

#1 [internal] load build definition from Dockerfile
#1 transferring dockerfile: 132B done
#1 DONE 0.0s

#2 [internal] load metadata for docker.io/library/python:3.11
#2 DONE 0.0s

#3 [internal] load .dockerignore
#3 transferring context: 2B done
#3 DONE 0.0s

#4 [internal] load build context
#4 transferring context: 3.49kB 0.0s done
#4 DONE 0.0s

#5 [1/2] FROM docker.io/library/python:3.11
#5 CACHED

#6 [2/2] COPY hard-gists/4110897/snippet.py /snippet.py
#6 DONE 0.1s

#7 exporting to image
#7 exporting layers 0.1s done
#7 writing image sha256:ff0a290243cd6d9eaaafaab11bd7bb52724d7be32ef3690054ec91a13997356d done
#7 naming to docker.io/library/test-image-4110897 done
#7 DONE 0.1s

View build details: docker-desktop://dashboard/build/default/default/yfnjo9ssewrj8f2pko87v9zp4
[2025-10-29 14:21:42] SUCCESS: Build completed for 4110897
