=== Docker Build Log for d29d079100f8d81b905e ===
Started at: Mi 29. Okt 20:22:50 CET 2025

[2025-10-29 20:22:50] START: Building image for d29d079100f8d81b905e
#0 building with "default" instance using docker driver

#1 [internal] load build definition from Dockerfile
#1 transferring dockerfile: 244B done
#1 DONE 0.0s

#2 [internal] load metadata for docker.io/library/python:3.11
#2 DONE 0.0s

#3 [internal] load .dockerignore
#3 transferring context: 2B done
#3 DONE 0.0s

#4 [internal] load build context
#4 transferring context: 1.31kB 0.0s done
#4 DONE 0.0s

#5 [1/5] FROM docker.io/library/python:3.11
#5 CACHED

#6 [2/5] COPY hard-gists/d29d079100f8d81b905e/snippet.py /snippet.py
#6 DONE 0.1s

#7 [3/5] RUN ["pip","install","keras"]
#7 1.925 Collecting keras
#7 1.961   Downloading keras-3.12.0-py3-none-any.whl.metadata (5.9 kB)
#7 2.002 Collecting absl-py (from keras)
#7 2.011   Downloading absl_py-2.3.1-py3-none-any.whl.metadata (3.3 kB)
#7 2.213 Collecting numpy (from keras)
#7 2.225   Downloading numpy-2.3.4-cp311-cp311-manylinux_2_27_x86_64.manylinux_2_28_x86_64.whl.metadata (62 kB)
#7 2.247      ━━━━━━━━━━━━━━━━━━━━━━━━━━━━━━━━━━━━━━━━ 62.1/62.1 kB 2.7 MB/s eta 0:00:00
#7 2.328 Collecting rich (from keras)
#7 2.337   Downloading rich-14.2.0-py3-none-any.whl.metadata (18 kB)
#7 2.373 Collecting namex (from keras)
#7 2.382   Downloading namex-0.1.0-py3-none-any.whl.metadata (322 bytes)
#7 2.462 Collecting h5py (from keras)
#7 2.474   Downloading h5py-3.15.1-cp311-cp311-manylinux_2_27_x86_64.manylinux_2_28_x86_64.whl.metadata (3.0 kB)
#7 2.571 Collecting optree (from keras)
#7 2.580   Downloading optree-0.17.0-cp311-cp311-manylinux_2_27_x86_64.manylinux_2_28_x86_64.whl.metadata (33 kB)
#7 2.637 Collecting ml-dtypes (from keras)
#7 2.647   Downloading ml_dtypes-0.5.3-cp311-cp311-manylinux_2_27_x86_64.manylinux_2_28_x86_64.whl.metadata (8.9 kB)
#7 2.707 Collecting packaging (from keras)
#7 2.716   Downloading packaging-25.0-py3-none-any.whl.metadata (3.3 kB)
#7 2.802 Collecting typing-extensions>=4.6.0 (from optree->keras)
#7 2.815   Downloading typing_extensions-4.15.0-py3-none-any.whl.metadata (3.3 kB)
#7 2.859 Collecting markdown-it-py>=2.2.0 (from rich->keras)
#7 2.867   Downloading markdown_it_py-4.0.0-py3-none-any.whl.metadata (7.3 kB)
#7 2.912 Collecting pygments<3.0.0,>=2.13.0 (from rich->keras)
#7 2.920   Downloading pygments-2.19.2-py3-none-any.whl.metadata (2.5 kB)
#7 2.965 Collecting mdurl~=0.1 (from markdown-it-py>=2.2.0->rich->keras)
#7 2.974   Downloading mdurl-0.1.2-py3-none-any.whl.metadata (1.6 kB)
#7 3.008 Downloading keras-3.12.0-py3-none-any.whl (1.5 MB)
#7 3.073    ━━━━━━━━━━━━━━━━━━━━━━━━━━━━━━━━━━━━━━━━ 1.5/1.5 MB 23.1 MB/s eta 0:00:00
#7 3.083 Downloading absl_py-2.3.1-py3-none-any.whl (135 kB)
#7 3.098    ━━━━━━━━━━━━━━━━━━━━━━━━━━━━━━━━━━━━━━━━ 135.8/135.8 kB 9.1 MB/s eta 0:00:00
#7 3.115 Downloading h5py-3.15.1-cp311-cp311-manylinux_2_27_x86_64.manylinux_2_28_x86_64.whl (4.7 MB)
#7 3.299    ━━━━━━━━━━━━━━━━━━━━━━━━━━━━━━━━━━━━━━━━ 4.7/4.7 MB 25.7 MB/s eta 0:00:00
#7 3.314 Downloading numpy-2.3.4-cp311-cp311-manylinux_2_27_x86_64.manylinux_2_28_x86_64.whl (16.9 MB)
#7 4.014    ━━━━━━━━━━━━━━━━━━━━━━━━━━━━━━━━━━━━━━━━ 16.9/16.9 MB 20.8 MB/s eta 0:00:00
#7 4.025 Downloading ml_dtypes-0.5.3-cp311-cp311-manylinux_2_27_x86_64.manylinux_2_28_x86_64.whl (4.9 MB)
#7 4.219    ━━━━━━━━━━━━━━━━━━━━━━━━━━━━━━━━━━━━━━━━ 4.9/4.9 MB 25.6 MB/s eta 0:00:00
#7 4.227 Downloading namex-0.1.0-py3-none-any.whl (5.9 kB)
#7 4.249 Downloading optree-0.17.0-cp311-cp311-manylinux_2_27_x86_64.manylinux_2_28_x86_64.whl (402 kB)
#7 4.270    ━━━━━━━━━━━━━━━━━━━━━━━━━━━━━━━━━━━━━━━━ 402.0/402.0 kB 20.2 MB/s eta 0:00:00
#7 4.279 Downloading packaging-25.0-py3-none-any.whl (66 kB)
#7 4.293    ━━━━━━━━━━━━━━━━━━━━━━━━━━━━━━━━━━━━━━━━ 66.5/66.5 kB 4.5 MB/s eta 0:00:00
#7 4.302 Downloading rich-14.2.0-py3-none-any.whl (243 kB)
#7 4.318    ━━━━━━━━━━━━━━━━━━━━━━━━━━━━━━━━━━━━━━━━ 243.4/243.4 kB 15.5 MB/s eta 0:00:00
#7 4.326 Downloading markdown_it_py-4.0.0-py3-none-any.whl (87 kB)
#7 4.339    ━━━━━━━━━━━━━━━━━━━━━━━━━━━━━━━━━━━━━━━━ 87.3/87.3 kB 6.8 MB/s eta 0:00:00
#7 4.347 Downloading pygments-2.19.2-py3-none-any.whl (1.2 MB)
#7 4.395    ━━━━━━━━━━━━━━━━━━━━━━━━━━━━━━━━━━━━━━━━ 1.2/1.2 MB 25.7 MB/s eta 0:00:00
#7 4.403 Downloading typing_extensions-4.15.0-py3-none-any.whl (44 kB)
#7 4.420    ━━━━━━━━━━━━━━━━━━━━━━━━━━━━━━━━━━━━━━━━ 44.6/44.6 kB 2.5 MB/s eta 0:00:00
#7 4.430 Downloading mdurl-0.1.2-py3-none-any.whl (10.0 kB)
#7 4.591 Installing collected packages: namex, typing-extensions, pygments, packaging, numpy, mdurl, absl-py, optree, ml-dtypes, markdown-it-py, h5py, rich, keras
#7 7.779 Successfully installed absl-py-2.3.1 h5py-3.15.1 keras-3.12.0 markdown-it-py-4.0.0 mdurl-0.1.2 ml-dtypes-0.5.3 namex-0.1.0 numpy-2.3.4 optree-0.17.0 packaging-25.0 pygments-2.19.2 rich-14.2.0 typing-extensions-4.15.0
#7 7.779 WARNING: Running pip as the 'root' user can result in broken permissions and conflicting behaviour with the system package manager. It is recommended to use a virtual environment instead: https://pip.pypa.io/warnings/venv
#7 7.867 
#7 7.867 [notice] A new release of pip is available: 24.0 -> 25.3
#7 7.867 [notice] To update, run: pip install --upgrade pip
#7 DONE 9.6s

#8 [4/5] RUN ["pip","install","numpy"]
#8 0.474 Requirement already satisfied: numpy in /usr/local/lib/python3.11/site-packages (2.3.4)
#8 0.548 WARNING: Running pip as the 'root' user can result in broken permissions and conflicting behaviour with the system package manager. It is recommended to use a virtual environment instead: https://pip.pypa.io/warnings/venv
#8 0.553 
#8 0.553 [notice] A new release of pip is available: 24.0 -> 25.3
#8 0.553 [notice] To update, run: pip install --upgrade pip
#8 DONE 0.6s

#9 [5/5] RUN ["pip","install","scikit-learn"]
#9 0.654 Collecting scikit-learn
#9 0.686   Downloading scikit_learn-1.7.2-cp311-cp311-manylinux2014_x86_64.manylinux_2_17_x86_64.whl.metadata (11 kB)
#9 0.732 Requirement already satisfied: numpy>=1.22.0 in /usr/local/lib/python3.11/site-packages (from scikit-learn) (2.3.4)
#9 0.866 Collecting scipy>=1.8.0 (from scikit-learn)
#9 0.876   Downloading scipy-1.16.3-cp311-cp311-manylinux2014_x86_64.manylinux_2_17_x86_64.whl.metadata (62 kB)
#9 0.907      ━━━━━━━━━━━━━━━━━━━━━━━━━━━━━━━━━━━━━━━━ 62.0/62.0 kB 1.9 MB/s eta 0:00:00
#9 0.957 Collecting joblib>=1.2.0 (from scikit-learn)
#9 0.965   Downloading joblib-1.5.2-py3-none-any.whl.metadata (5.6 kB)
#9 1.021 Collecting threadpoolctl>=3.1.0 (from scikit-learn)
#9 1.030   Downloading threadpoolctl-3.6.0-py3-none-any.whl.metadata (13 kB)
#9 1.083 Downloading scikit_learn-1.7.2-cp311-cp311-manylinux2014_x86_64.manylinux_2_17_x86_64.whl (9.7 MB)
#9 1.514    ━━━━━━━━━━━━━━━━━━━━━━━━━━━━━━━━━━━━━━━━ 9.7/9.7 MB 22.6 MB/s eta 0:00:00
#9 1.526 Downloading joblib-1.5.2-py3-none-any.whl (308 kB)
#9 1.552    ━━━━━━━━━━━━━━━━━━━━━━━━━━━━━━━━━━━━━━━━ 308.4/308.4 kB 12.1 MB/s eta 0:00:00
#9 1.562 Downloading scipy-1.16.3-cp311-cp311-manylinux2014_x86_64.manylinux_2_17_x86_64.whl (35.9 MB)
#9 3.019    ━━━━━━━━━━━━━━━━━━━━━━━━━━━━━━━━━━━━━━━━ 35.9/35.9 MB 16.3 MB/s eta 0:00:00
#9 3.029 Downloading threadpoolctl-3.6.0-py3-none-any.whl (18 kB)
#9 3.279 Installing collected packages: threadpoolctl, scipy, joblib, scikit-learn
#9 7.412 Successfully installed joblib-1.5.2 scikit-learn-1.7.2 scipy-1.16.3 threadpoolctl-3.6.0
#9 7.412 WARNING: Running pip as the 'root' user can result in broken permissions and conflicting behaviour with the system package manager. It is recommended to use a virtual environment instead: https://pip.pypa.io/warnings/venv
#9 7.417 
#9 7.417 [notice] A new release of pip is available: 24.0 -> 25.3
#9 7.417 [notice] To update, run: pip install --upgrade pip
#9 DONE 9.3s

#10 exporting to image
#10 exporting layers
#10 exporting layers 1.0s done
#10 writing image sha256:00cda30fcc91036822a023f6042c3020fa7522b1b09399fc15e4e1b4ee71c8b8 done
#10 naming to docker.io/library/test-image-d29d079100f8d81b905e done
#10 DONE 1.0s

View build details: docker-desktop://dashboard/build/default/default/dgld62us7xccoai2jegm9m4lt
[2025-10-29 20:23:11] SUCCESS: Build completed for d29d079100f8d81b905e
