=== Docker Build Log for 8036995 ===
Started at: Mi 29. Okt 17:36:22 CET 2025

[2025-10-29 17:36:22] START: Building image for 8036995
#0 building with "default" instance using docker driver

#1 [internal] load build definition from Dockerfile
#1 transferring dockerfile: 132B done
#1 DONE 0.0s

#2 [internal] load metadata for docker.io/library/python:3.11
#2 DONE 0.0s

#3 [internal] load .dockerignore
#3 transferring context: 2B done
#3 DONE 0.0s

#4 [internal] load build context
#4 transferring context: 3.32kB 0.0s done
#4 DONE 0.0s

#5 [1/2] FROM docker.io/library/python:3.11
#5 CACHED

#6 [2/2] COPY hard-gists/8036995/snippet.py /snippet.py
#6 DONE 0.1s

#7 exporting to image
#7 exporting layers 0.0s done
#7 writing image sha256:7b612796aa846e1348b1bbb652450031b7848cb198d5af9b73d2e5dba52d2338 done
#7 naming to docker.io/library/test-image-8036995 done
#7 DONE 0.1s

View build details: docker-desktop://dashboard/build/default/default/avth1m3ahr25ctaj86tuwf1mk
[2025-10-29 17:36:23] SUCCESS: Build completed for 8036995
