=== Docker Build Log for 3167821 ===
Started at: Mi 29. Okt 13:43:10 CET 2025

[2025-10-29 13:43:10] START: Building image for 3167821
#0 building with "default" instance using docker driver

#1 [internal] load build definition from Dockerfile
#1 transferring dockerfile: 132B done
#1 DONE 0.0s

#2 [internal] load metadata for docker.io/library/python:3.11
#2 DONE 0.0s

#3 [internal] load .dockerignore
#3 transferring context: 2B done
#3 DONE 0.0s

#4 [internal] load build context
#4 transferring context: 706B 0.0s done
#4 DONE 0.0s

#5 [1/2] FROM docker.io/library/python:3.11
#5 CACHED

#6 [2/2] COPY hard-gists/3167821/snippet.py /snippet.py
#6 DONE 0.1s

#7 exporting to image
#7 exporting layers 0.0s done
#7 writing image sha256:73fef7ec9dff384eb1cb47a0bebce57b92670dd28fd92d761249f7accf18ab80 done
#7 naming to docker.io/library/test-image-3167821 done
#7 DONE 0.1s

View build details: docker-desktop://dashboard/build/default/default/x7ej6573almux9c8exy5szqam
[2025-10-29 13:43:11] SUCCESS: Build completed for 3167821
