=== Docker Build Log for 2729506 ===
Started at: Mi 29. Okt 13:12:44 CET 2025

[2025-10-29 13:12:44] START: Building image for 2729506
#0 building with "default" instance using docker driver

#1 [internal] load build definition from Dockerfile
#1 transferring dockerfile: 132B done
#1 DONE 0.0s

#2 [internal] load metadata for docker.io/library/python:3.11
#2 DONE 0.0s

#3 [internal] load .dockerignore
#3 transferring context: 2B done
#3 DONE 0.0s

#4 [internal] load build context
#4 transferring context: 1.55kB 0.0s done
#4 DONE 0.0s

#5 [1/2] FROM docker.io/library/python:3.11
#5 CACHED

#6 [2/2] COPY hard-gists/2729506/snippet.py /snippet.py
#6 DONE 0.1s

#7 exporting to image
#7 exporting layers 0.0s done
#7 writing image sha256:67ab4290cb9ac4714630462752a3b40b6f52b39af4b4c101d652c00712e80eae done
#7 naming to docker.io/library/test-image-2729506 done
#7 DONE 0.1s

View build details: docker-desktop://dashboard/build/default/default/o4vpte5o2q1tvcta2ndn8wyzb
[2025-10-29 13:12:44] SUCCESS: Build completed for 2729506
