=== Docker Build Log for 5553364 ===
Started at: Mi 29. Okt 15:45:19 CET 2025

[2025-10-29 15:45:19] START: Building image for 5553364
#0 building with "default" instance using docker driver

#1 [internal] load build definition from Dockerfile
#1 transferring dockerfile: 132B done
#1 DONE 0.0s

#2 [internal] load metadata for docker.io/library/python:3.11
#2 DONE 0.0s

#3 [internal] load .dockerignore
#3 transferring context: 2B done
#3 DONE 0.0s

#4 [internal] load build context
#4 transferring context: 7.63kB 0.0s done
#4 DONE 0.0s

#5 [1/2] FROM docker.io/library/python:3.11
#5 CACHED

#6 [2/2] COPY hard-gists/5553364/snippet.py /snippet.py
#6 DONE 0.1s

#7 exporting to image
#7 exporting layers 0.0s done
#7 writing image sha256:c2e5945c64c1c6cf83c768445f5bab0cc61a90ac2b60a556cdc93acfb8d6074d done
#7 naming to docker.io/library/test-image-5553364 done
#7 DONE 0.1s

View build details: docker-desktop://dashboard/build/default/default/nfjx5kgf8iw1s34gi7m02nijb
[2025-10-29 15:45:19] SUCCESS: Build completed for 5553364
