=== Docker Build Log for 1321575 ===
Started at: Mi 29. Okt 12:07:04 CET 2025

[2025-10-29 12:07:04] START: Building image for 1321575
#0 building with "default" instance using docker driver

#1 [internal] load build definition from Dockerfile
#1 transferring dockerfile: 132B done
#1 DONE 0.0s

#2 [internal] load metadata for docker.io/library/python:3.11
#2 DONE 0.0s

#3 [internal] load .dockerignore
#3 transferring context: 2B done
#3 DONE 0.0s

#4 [internal] load build context
#4 transferring context: 3.00kB 0.0s done
#4 DONE 0.0s

#5 [1/2] FROM docker.io/library/python:3.11
#5 CACHED

#6 [2/2] COPY hard-gists/1321575/snippet.py /snippet.py
#6 DONE 0.1s

#7 exporting to image
#7 exporting layers 0.0s done
#7 writing image sha256:1717cc0e28c4ed5ab5042d00146c0cc6714d26f8457d1c86fc527252fba45af2 done
#7 naming to docker.io/library/test-image-1321575 done
#7 DONE 0.1s

View build details: docker-desktop://dashboard/build/default/default/soc2qp0x27x6cn01y75dz4qm7
[2025-10-29 12:07:04] SUCCESS: Build completed for 1321575
