=== Docker Build Log for 1453629 ===
Started at: Mi 29. Okt 12:15:00 CET 2025

[2025-10-29 12:15:00] START: Building image for 1453629
#0 building with "default" instance using docker driver

#1 [internal] load build definition from Dockerfile
#1 transferring dockerfile: 200B done
#1 DONE 0.0s

#2 [internal] load metadata for docker.io/library/python:3.11
#2 DONE 0.0s

#3 [internal] load .dockerignore
#3 transferring context: 2B done
#3 DONE 0.0s

#4 [internal] load build context
#4 transferring context: 950B 0.0s done
#4 DONE 0.0s

#5 [1/4] FROM docker.io/library/python:3.11
#5 CACHED

#6 [2/4] COPY hard-gists/1453629/snippet.py /snippet.py
#6 DONE 0.1s

#7 [3/4] RUN ["pip","install","dj.choices"]
#7 1.938 Collecting dj.choices
#7 1.982   Downloading dj.choices-0.11.0.tar.gz (28 kB)
#7 1.999   Preparing metadata (setup.py): started
#7 2.371   Preparing metadata (setup.py): finished with status 'done'
#7 2.491 Collecting django (from dj.choices)
#7 2.500   Downloading django-5.2.7-py3-none-any.whl.metadata (4.1 kB)
#7 2.539 Collecting six (from dj.choices)
#7 2.548   Downloading six-1.17.0-py2.py3-none-any.whl.metadata (1.7 kB)
#7 2.601 Collecting asgiref>=3.8.1 (from django->dj.choices)
#7 2.613   Downloading asgiref-3.10.0-py3-none-any.whl.metadata (9.3 kB)
#7 2.671 Collecting sqlparse>=0.3.1 (from django->dj.choices)
#7 2.680   Downloading sqlparse-0.5.3-py3-none-any.whl.metadata (3.9 kB)
#7 2.714 Downloading django-5.2.7-py3-none-any.whl (8.3 MB)
#7 3.038    ━━━━━━━━━━━━━━━━━━━━━━━━━━━━━━━━━━━━━━━━ 8.3/8.3 MB 25.8 MB/s eta 0:00:00
#7 3.047 Downloading six-1.17.0-py2.py3-none-any.whl (11 kB)
#7 3.065 Downloading asgiref-3.10.0-py3-none-any.whl (24 kB)
#7 3.085 Downloading sqlparse-0.5.3-py3-none-any.whl (44 kB)
#7 3.098    ━━━━━━━━━━━━━━━━━━━━━━━━━━━━━━━━━━━━━━━━ 44.4/44.4 kB 3.1 MB/s eta 0:00:00
#7 3.151 Building wheels for collected packages: dj.choices
#7 3.152   Building wheel for dj.choices (setup.py): started
#7 3.356   Building wheel for dj.choices (setup.py): finished with status 'done'
#7 3.356   Created wheel for dj.choices: filename=dj_choices-0.11.0-py3-none-any.whl size=28716 sha256=3551b397f73774ab35002ad097e554cd1609ccdb7bf91c81730fb673c7790817
#7 3.356   Stored in directory: /root/.cache/pip/wheels/97/38/bd/4ca089ff8ffdead6a07e7af033d36d74a01ab7a37e70797942
#7 3.359 Successfully built dj.choices
#7 3.418 Installing collected packages: sqlparse, six, asgiref, django, dj.choices
#7 4.965 Successfully installed asgiref-3.10.0 dj.choices-0.11.0 django-5.2.7 six-1.17.0 sqlparse-0.5.3
#7 4.965 WARNING: Running pip as the 'root' user can result in broken permissions and conflicting behaviour with the system package manager. It is recommended to use a virtual environment instead: https://pip.pypa.io/warnings/venv
#7 5.054 
#7 5.054 [notice] A new release of pip is available: 24.0 -> 25.3
#7 5.054 [notice] To update, run: pip install --upgrade pip
#7 DONE 5.4s

#8 [4/4] RUN ["pip","install","Django"]
#8 0.478 Requirement already satisfied: Django in /usr/local/lib/python3.11/site-packages (5.2.7)
#8 0.482 Requirement already satisfied: asgiref>=3.8.1 in /usr/local/lib/python3.11/site-packages (from Django) (3.10.0)
#8 0.483 Requirement already satisfied: sqlparse>=0.3.1 in /usr/local/lib/python3.11/site-packages (from Django) (0.5.3)
#8 0.527 WARNING: Running pip as the 'root' user can result in broken permissions and conflicting behaviour with the system package manager. It is recommended to use a virtual environment instead: https://pip.pypa.io/warnings/venv
#8 0.533 
#8 0.533 [notice] A new release of pip is available: 24.0 -> 25.3
#8 0.533 [notice] To update, run: pip install --upgrade pip
#8 DONE 0.6s

#9 exporting to image
#9 exporting layers
#9 exporting layers 0.6s done
#9 writing image sha256:bcd75009bc45755dc5782e2e27e482678e1c84905f403d6285c85f8544b95a83 done
#9 naming to docker.io/library/test-image-1453629 done
#9 DONE 0.6s

View build details: docker-desktop://dashboard/build/default/default/otdk7npeinr9son52bv9b8p4z
[2025-10-29 12:15:07] SUCCESS: Build completed for 1453629
