=== Docker Build Log for 7b64238424175742a8a1 ===
Started at: Mi 29. Okt 17:27:05 CET 2025

[2025-10-29 17:27:05] START: Building image for 7b64238424175742a8a1
#0 building with "default" instance using docker driver

#1 [internal] load build definition from Dockerfile
#1 transferring dockerfile: 211B done
#1 DONE 0.0s

#2 [internal] load metadata for docker.io/library/python:3.11
#2 DONE 0.0s

#3 [internal] load .dockerignore
#3 transferring context: 2B done
#3 DONE 0.0s

#4 [internal] load build context
#4 transferring context: 2.12kB 0.0s done
#4 DONE 0.0s

#5 [1/4] FROM docker.io/library/python:3.11
#5 CACHED

#6 [2/4] COPY hard-gists/7b64238424175742a8a1/snippet.py /snippet.py
#6 DONE 0.1s

#7 [3/4] RUN ["pip","install","pycrypto"]
#7 2.000 Collecting pycrypto
#7 2.033   Downloading pycrypto-2.6.1.tar.gz (446 kB)
#7 2.078      ━━━━━━━━━━━━━━━━━━━━━━━━━━━━━━━━━━━━━━ 446.2/446.2 kB 10.1 MB/s eta 0:00:00
#7 2.111   Preparing metadata (setup.py): started
#7 2.512   Preparing metadata (setup.py): finished with status 'done'
#7 2.514 Building wheels for collected packages: pycrypto
#7 2.514   Building wheel for pycrypto (setup.py): started
#7 3.871   Building wheel for pycrypto (setup.py): finished with status 'error'
#7 3.878   error: subprocess-exited-with-error
#7 3.878   
#7 3.878   × python setup.py bdist_wheel did not run successfully.
#7 3.878   │ exit code: 1
#7 3.878   ╰─> [84 lines of output]
#7 3.878       /usr/local/lib/python3.11/site-packages/setuptools/dist.py:759: SetuptoolsDeprecationWarning: License classifiers are deprecated.
#7 3.878       !!
#7 3.878       
#7 3.878               ********************************************************************************
#7 3.878               Please consider removing the following classifiers in favor of a SPDX license expression:
#7 3.878       
#7 3.878               License :: Public Domain
#7 3.878       
#7 3.878               See https://packaging.python.org/en/latest/guides/writing-pyproject-toml/#license for details.
#7 3.878               ********************************************************************************
#7 3.878       
#7 3.878       !!
#7 3.878         self._finalize_license_expression()
#7 3.878       checking for gcc... gcc
#7 3.878       checking whether the C compiler works... yes
#7 3.878       checking for C compiler default output file name... a.out
#7 3.878       checking for suffix of executables...
#7 3.878       checking whether we are cross compiling... no
#7 3.878       checking for suffix of object files... o
#7 3.878       checking whether we are using the GNU C compiler... yes
#7 3.878       checking whether gcc accepts -g... yes
#7 3.878       checking for gcc option to accept ISO C89... none needed
#7 3.878       checking for __gmpz_init in -lgmp... yes
#7 3.878       checking for __gmpz_init in -lmpir... no
#7 3.878       checking whether mpz_powm is declared... yes
#7 3.878       checking whether mpz_powm_sec is declared... yes
#7 3.878       checking how to run the C preprocessor... gcc -E
#7 3.878       checking for grep that handles long lines and -e... /usr/bin/grep
#7 3.878       checking for egrep... /usr/bin/grep -E
#7 3.878       checking for ANSI C header files... yes
#7 3.878       checking for sys/types.h... yes
#7 3.878       checking for sys/stat.h... yes
#7 3.878       checking for stdlib.h... yes
#7 3.878       checking for string.h... yes
#7 3.878       checking for memory.h... yes
#7 3.878       checking for strings.h... yes
#7 3.878       checking for inttypes.h... yes
#7 3.878       checking for stdint.h... yes
#7 3.878       checking for unistd.h... yes
#7 3.878       checking for inttypes.h... (cached) yes
#7 3.878       checking limits.h usability... yes
#7 3.878       checking limits.h presence... yes
#7 3.878       checking for limits.h... yes
#7 3.878       checking stddef.h usability... yes
#7 3.878       checking stddef.h presence... yes
#7 3.878       checking for stddef.h... yes
#7 3.878       checking for stdint.h... (cached) yes
#7 3.878       checking for stdlib.h... (cached) yes
#7 3.878       checking for string.h... (cached) yes
#7 3.878       checking wchar.h usability... yes
#7 3.878       checking wchar.h presence... yes
#7 3.878       checking for wchar.h... yes
#7 3.878       checking for inline... inline
#7 3.878       checking for int16_t... yes
#7 3.878       checking for int32_t... yes
#7 3.878       checking for int64_t... yes
#7 3.878       checking for int8_t... yes
#7 3.878       checking for size_t... yes
#7 3.878       checking for uint16_t... yes
#7 3.878       checking for uint32_t... yes
#7 3.878       checking for uint64_t... yes
#7 3.878       checking for uint8_t... yes
#7 3.878       checking for stdlib.h... (cached) yes
#7 3.878       checking for GNU libc compatible malloc... yes
#7 3.878       checking for memmove... yes
#7 3.878       checking for memset... yes
#7 3.878       configure: creating ./config.status
#7 3.878       config.status: creating src/config.h
#7 3.878       In file included from /usr/local/include/python3.11/Python.h:87,
#7 3.878                        from src/_fastmath.c:31:
#7 3.878       /usr/local/include/python3.11/cpython/pytime.h:208:60: warning: ‘struct timespec’ declared inside parameter list will not be visible outside of this definition or declaration
#7 3.878         208 | PyAPI_FUNC(int) _PyTime_FromTimespec(_PyTime_t *tp, struct timespec *ts);
#7 3.878             |                                                            ^~~~~~~~
#7 3.878       /usr/local/include/python3.11/cpython/pytime.h:213:56: warning: ‘struct timespec’ declared inside parameter list will not be visible outside of this definition or declaration
#7 3.878         213 | PyAPI_FUNC(int) _PyTime_AsTimespec(_PyTime_t t, struct timespec *ts);
#7 3.878             |                                                        ^~~~~~~~
#7 3.878       /usr/local/include/python3.11/cpython/pytime.h:217:63: warning: ‘struct timespec’ declared inside parameter list will not be visible outside of this definition or declaration
#7 3.878         217 | PyAPI_FUNC(void) _PyTime_AsTimespec_clamp(_PyTime_t t, struct timespec *ts);
#7 3.878             |                                                               ^~~~~~~~
#7 3.878       src/_fastmath.c:33:10: fatal error: longintrepr.h: No such file or directory
#7 3.878          33 | #include <longintrepr.h>                                /* for conversions */
#7 3.878             |          ^~~~~~~~~~~~~~~
#7 3.878       compilation terminated.
#7 3.878       error: command '/usr/bin/gcc' failed with exit code 1
#7 3.878       [end of output]
#7 3.878   
#7 3.878   note: This error originates from a subprocess, and is likely not a problem with pip.
#7 3.878   ERROR: Failed building wheel for pycrypto
#7 3.879   Running setup.py clean for pycrypto
#7 3.992 Failed to build pycrypto
#7 3.993 ERROR: Could not build wheels for pycrypto, which is required to install pyproject.toml-based projects
#7 4.095 
#7 4.095 [notice] A new release of pip is available: 24.0 -> 25.3
#7 4.095 [notice] To update, run: pip install --upgrade pip
#7 ERROR: process "pip install pycrypto" did not complete successfully: exit code: 1
------
 > [3/4] RUN ["pip","install","pycrypto"]:
3.878       [end of output]
3.878   
3.878   note: This error originates from a subprocess, and is likely not a problem with pip.
3.878   ERROR: Failed building wheel for pycrypto
3.879   Running setup.py clean for pycrypto
3.992 Failed to build pycrypto
3.993 ERROR: Could not build wheels for pycrypto, which is required to install pyproject.toml-based projects
4.095 
4.095 [notice] A new release of pip is available: 24.0 -> 25.3
4.095 [notice] To update, run: pip install --upgrade pip
------
Dockerfile:3
--------------------
   1 |     FROM python:3.11
   2 |     COPY hard-gists/7b64238424175742a8a1/snippet.py /snippet.py
   3 | >>> RUN ["pip","install","pycrypto"]
   4 |     RUN ["pip","install","crypto"]
   5 |     CMD ["python3","/snippet.py"]
--------------------
ERROR: failed to build: failed to solve: process "pip install pycrypto" did not complete successfully: exit code: 1

View build details: docker-desktop://dashboard/build/default/default/xybf23kaembah4ax3u0e9jdns
[2025-10-29 17:27:10] ERROR: Build failed for 7b64238424175742a8a1
