=== Docker Build Log for d14e424540faedb3ea88 ===
Started at: Mi 29. Okt 20:21:52 CET 2025

[2025-10-29 20:21:52] START: Building image for d14e424540faedb3ea88
#0 building with "default" instance using docker driver

#1 [internal] load build definition from Dockerfile
#1 transferring dockerfile: 145B done
#1 DONE 0.0s

#2 [internal] load metadata for docker.io/library/python:3.11
#2 DONE 0.0s

#3 [internal] load .dockerignore
#3 transferring context: 2B done
#3 DONE 0.0s

#4 [internal] load build context
#4 transferring context: 897B 0.0s done
#4 DONE 0.0s

#5 [1/2] FROM docker.io/library/python:3.11
#5 CACHED

#6 [2/2] COPY hard-gists/d14e424540faedb3ea88/snippet.py /snippet.py
#6 DONE 0.1s

#7 exporting to image
#7 exporting layers 0.0s done
#7 writing image sha256:f12a069b6d5509be15efbd3c4421d4ab89f31c24e5098f76c242b5007135cb7f done
#7 naming to docker.io/library/test-image-d14e424540faedb3ea88 done
#7 DONE 0.1s

View build details: docker-desktop://dashboard/build/default/default/o1139vbcxn6e33l2nc0om93jc
[2025-10-29 20:21:53] SUCCESS: Build completed for d14e424540faedb3ea88
