=== Docker Build Log for cd19a20d2e712f61d2ea ===
Started at: Mi 29. Okt 20:18:31 CET 2025

[2025-10-29 20:18:31] START: Building image for cd19a20d2e712f61d2ea
#0 building with "default" instance using docker driver

#1 [internal] load build definition from Dockerfile
#1 transferring dockerfile: 179B done
#1 DONE 0.0s

#2 [internal] load metadata for docker.io/library/python:3.11
#2 DONE 0.0s

#3 [internal] load .dockerignore
#3 transferring context: 2B done
#3 DONE 0.0s

#4 [internal] load build context
#4 transferring context: 875B 0.0s done
#4 DONE 0.0s

#5 [1/3] FROM docker.io/library/python:3.11
#5 CACHED

#6 [2/3] COPY hard-gists/cd19a20d2e712f61d2ea/snippet.py /snippet.py
#6 DONE 0.1s

#7 [3/3] RUN ["pip","install","portage"]
#7 1.898 Collecting portage
#7 2.041   Downloading portage-3.0.69.1-py3-none-any.whl.metadata (24 kB)
#7 2.215 Downloading portage-3.0.69.1-py3-none-any.whl (1.8 MB)
#7 2.464    ━━━━━━━━━━━━━━━━━━━━━━━━━━━━━━━━━━━━━━━━ 1.8/1.8 MB 7.1 MB/s eta 0:00:00
#7 2.510 Installing collected packages: portage
#7 3.286 Successfully installed portage-3.0.69.1
#7 3.286 WARNING: Running pip as the 'root' user can result in broken permissions and conflicting behaviour with the system package manager. It is recommended to use a virtual environment instead: https://pip.pypa.io/warnings/venv
#7 3.383 
#7 3.383 [notice] A new release of pip is available: 24.0 -> 25.3
#7 3.383 [notice] To update, run: pip install --upgrade pip
#7 DONE 3.7s

#8 exporting to image
#8 exporting layers
#8 exporting layers 0.2s done
#8 writing image sha256:79e0e6a039e10a9457cdede194e45c2db0ca405548e064d31ecc5cda80e49cff done
#8 naming to docker.io/library/test-image-cd19a20d2e712f61d2ea done
#8 DONE 0.3s

View build details: docker-desktop://dashboard/build/default/default/9j3g9zi8oaohj97vwy1mjbedm
[2025-10-29 20:18:35] SUCCESS: Build completed for cd19a20d2e712f61d2ea
