=== Docker Build Log for 2986210 ===
Started at: Mi 29. Okt 13:23:10 CET 2025

[2025-10-29 13:23:10] START: Building image for 2986210
#0 building with "default" instance using docker driver

#1 [internal] load build definition from Dockerfile
#1 transferring dockerfile: 132B done
#1 DONE 0.0s

#2 [internal] load metadata for docker.io/library/python:3.11
#2 DONE 0.0s

#3 [internal] load .dockerignore
#3 transferring context: 2B done
#3 DONE 0.0s

#4 [internal] load build context
#4 transferring context: 889B 0.0s done
#4 DONE 0.0s

#5 [1/2] FROM docker.io/library/python:3.11
#5 CACHED

#6 [2/2] COPY hard-gists/2986210/snippet.py /snippet.py
#6 DONE 0.1s

#7 exporting to image
#7 exporting layers 0.0s done
#7 writing image sha256:5e7b5121063a5392d72bcdfa9190c7f11e923796ac51c0903857d2b63821c938 done
#7 naming to docker.io/library/test-image-2986210 done
#7 DONE 0.1s

View build details: docker-desktop://dashboard/build/default/default/m8qjsk3w4nx3496cvr4p301kf
[2025-10-29 13:23:11] SUCCESS: Build completed for 2986210
