=== Docker Build Log for 922973 ===
Started at: Mi 29. Okt 18:22:05 CET 2025

[2025-10-29 18:22:05] START: Building image for 922973
#0 building with "default" instance using docker driver

#1 [internal] load build definition from Dockerfile
#1 transferring dockerfile: 131B done
#1 DONE 0.0s

#2 [internal] load metadata for docker.io/library/python:3.11
#2 DONE 0.0s

#3 [internal] load .dockerignore
#3 transferring context: 2B done
#3 DONE 0.0s

#4 [internal] load build context
#4 transferring context: 3.62kB 0.0s done
#4 DONE 0.0s

#5 [1/2] FROM docker.io/library/python:3.11
#5 CACHED

#6 [2/2] COPY hard-gists/922973/snippet.py /snippet.py
#6 DONE 0.1s

#7 exporting to image
#7 exporting layers 0.0s done
#7 writing image sha256:80d21eacae84bdad68e4ed8a1b44db978de971da6c8b0f79c3edad2ae9372436 done
#7 naming to docker.io/library/test-image-922973 done
#7 DONE 0.1s

View build details: docker-desktop://dashboard/build/default/default/8sjqp9zluy0l3pp3rfdfe894m
[2025-10-29 18:22:06] SUCCESS: Build completed for 922973
