=== Docker Build Log for 4d0f862d981d9bfc6b4f ===
Started at: Mi 29. Okt 15:12:05 CET 2025

[2025-10-29 15:12:05] START: Building image for 4d0f862d981d9bfc6b4f
#0 building with "default" instance using docker driver

#1 [internal] load build definition from Dockerfile
#1 transferring dockerfile: 145B done
#1 DONE 0.0s

#2 [internal] load metadata for docker.io/library/python:3.11
#2 DONE 0.0s

#3 [internal] load .dockerignore
#3 transferring context: 2B done
#3 DONE 0.0s

#4 [internal] load build context
#4 transferring context: 2.32kB 0.0s done
#4 DONE 0.0s

#5 [1/2] FROM docker.io/library/python:3.11
#5 CACHED

#6 [2/2] COPY hard-gists/4d0f862d981d9bfc6b4f/snippet.py /snippet.py
#6 DONE 0.1s

#7 exporting to image
#7 exporting layers 0.1s done
#7 writing image sha256:3c71f0faab39dd16308fc922d9ee2a15f7d8db87eb93136f0ebbae267362aa86 done
#7 naming to docker.io/library/test-image-4d0f862d981d9bfc6b4f done
#7 DONE 0.1s

View build details: docker-desktop://dashboard/build/default/default/n0ziu8j1jroyngxkohizk6iin
[2025-10-29 15:12:05] SUCCESS: Build completed for 4d0f862d981d9bfc6b4f
