=== Docker Build Log for 4524784 ===
Started at: Mi 29. Okt 14:42:45 CET 2025

[2025-10-29 14:42:45] START: Building image for 4524784
#0 building with "default" instance using docker driver

#1 [internal] load build definition from Dockerfile
#1 transferring dockerfile: 200B done
#1 DONE 0.0s

#2 [internal] load metadata for docker.io/library/python:3.11
#2 DONE 0.0s

#3 [internal] load .dockerignore
#3 transferring context: 2B done
#3 DONE 0.0s

#4 [internal] load build context
#4 transferring context: 3.76kB 0.0s done
#4 DONE 0.0s

#5 [1/4] FROM docker.io/library/python:3.11
#5 CACHED

#6 [2/4] COPY hard-gists/4524784/snippet.py /snippet.py
#6 DONE 0.1s

#7 [3/4] RUN ["pip","install","dj.choices"]
#7 1.964 Collecting dj.choices
#7 2.000   Downloading dj.choices-0.11.0.tar.gz (28 kB)
#7 2.018   Preparing metadata (setup.py): started
#7 2.413   Preparing metadata (setup.py): finished with status 'done'
#7 2.519 Collecting django (from dj.choices)
#7 2.528   Downloading django-5.2.7-py3-none-any.whl.metadata (4.1 kB)
#7 2.565 Collecting six (from dj.choices)
#7 2.574   Downloading six-1.17.0-py2.py3-none-any.whl.metadata (1.7 kB)
#7 2.622 Collecting asgiref>=3.8.1 (from django->dj.choices)
#7 2.632   Downloading asgiref-3.10.0-py3-none-any.whl.metadata (9.3 kB)
#7 2.672 Collecting sqlparse>=0.3.1 (from django->dj.choices)
#7 2.681   Downloading sqlparse-0.5.3-py3-none-any.whl.metadata (3.9 kB)
#7 2.713 Downloading django-5.2.7-py3-none-any.whl (8.3 MB)
#7 3.051    ━━━━━━━━━━━━━━━━━━━━━━━━━━━━━━━━━━━━━━━━ 8.3/8.3 MB 24.7 MB/s eta 0:00:00
#7 3.059 Downloading six-1.17.0-py2.py3-none-any.whl (11 kB)
#7 3.078 Downloading asgiref-3.10.0-py3-none-any.whl (24 kB)
#7 3.095 Downloading sqlparse-0.5.3-py3-none-any.whl (44 kB)
#7 3.105    ━━━━━━━━━━━━━━━━━━━━━━━━━━━━━━━━━━━━━━━━ 44.4/44.4 kB 4.0 MB/s eta 0:00:00
#7 3.142 Building wheels for collected packages: dj.choices
#7 3.143   Building wheel for dj.choices (setup.py): started
#7 3.315   Building wheel for dj.choices (setup.py): finished with status 'done'
#7 3.315   Created wheel for dj.choices: filename=dj_choices-0.11.0-py3-none-any.whl size=28716 sha256=761612d384bfb1eeb7f680a5f6932891aa01297e9545f68bb10adcaa7a30743a
#7 3.316   Stored in directory: /root/.cache/pip/wheels/97/38/bd/4ca089ff8ffdead6a07e7af033d36d74a01ab7a37e70797942
#7 3.318 Successfully built dj.choices
#7 3.365 Installing collected packages: sqlparse, six, asgiref, django, dj.choices
#7 4.837 Successfully installed asgiref-3.10.0 dj.choices-0.11.0 django-5.2.7 six-1.17.0 sqlparse-0.5.3
#7 4.838 WARNING: Running pip as the 'root' user can result in broken permissions and conflicting behaviour with the system package manager. It is recommended to use a virtual environment instead: https://pip.pypa.io/warnings/venv
#7 4.933 
#7 4.933 [notice] A new release of pip is available: 24.0 -> 25.3
#7 4.933 [notice] To update, run: pip install --upgrade pip
#7 DONE 5.4s

#8 [4/4] RUN ["pip","install","Django"]
#8 0.531 Requirement already satisfied: Django in /usr/local/lib/python3.11/site-packages (5.2.7)
#8 0.536 Requirement already satisfied: asgiref>=3.8.1 in /usr/local/lib/python3.11/site-packages (from Django) (3.10.0)
#8 0.537 Requirement already satisfied: sqlparse>=0.3.1 in /usr/local/lib/python3.11/site-packages (from Django) (0.5.3)
#8 0.579 WARNING: Running pip as the 'root' user can result in broken permissions and conflicting behaviour with the system package manager. It is recommended to use a virtual environment instead: https://pip.pypa.io/warnings/venv
#8 0.585 
#8 0.585 [notice] A new release of pip is available: 24.0 -> 25.3
#8 0.585 [notice] To update, run: pip install --upgrade pip
#8 DONE 0.7s

#9 exporting to image
#9 exporting layers
#9 exporting layers 0.7s done
#9 writing image sha256:d0cdb13d657f2ea17dbfe5d48fb18e3727c30de50cb9bd1e2aa1c2e3d21d0537 done
#9 naming to docker.io/library/test-image-4524784 0.0s done
#9 DONE 0.7s

View build details: docker-desktop://dashboard/build/default/default/ltu29jj0vuvljh5n3ywo0zd71
[2025-10-29 14:42:53] SUCCESS: Build completed for 4524784
