=== Docker Build Log for 273bef4c5b4490c687b2f92ee721b546 ===
Started at: Mi 29. Okt 13:12:47 CET 2025

[2025-10-29 13:12:47] START: Building image for 273bef4c5b4490c687b2f92ee721b546
#0 building with "default" instance using docker driver

#1 [internal] load build definition from Dockerfile
#1 transferring dockerfile: 157B done
#1 DONE 0.0s

#2 [internal] load metadata for docker.io/library/python:3.11
#2 DONE 0.0s

#3 [internal] load .dockerignore
#3 transferring context: 2B done
#3 DONE 0.0s

#4 [internal] load build context
#4 transferring context: 1.37kB 0.0s done
#4 DONE 0.0s

#5 [1/2] FROM docker.io/library/python:3.11
#5 CACHED

#6 [2/2] COPY hard-gists/273bef4c5b4490c687b2f92ee721b546/snippet.py /snippet.py
#6 DONE 0.1s

#7 exporting to image
#7 exporting layers 0.0s done
#7 writing image sha256:72da5925f86293e6a79fc7681218409c40d27d2b1ac7b255eae9c3f0a74acb5c done
#7 naming to docker.io/library/test-image-273bef4c5b4490c687b2f92ee721b546 done
#7 DONE 0.1s

View build details: docker-desktop://dashboard/build/default/default/5cx8rq6ukaqysbqi96pwn4xbw
[2025-10-29 13:12:47] SUCCESS: Build completed for 273bef4c5b4490c687b2f92ee721b546
