=== Docker Build Log for 5882966 ===
Started at: Mi 29. Okt 16:09:07 CET 2025

[2025-10-29 16:09:07] START: Building image for 5882966
#0 building with "default" instance using docker driver

#1 [internal] load build definition from Dockerfile
#1 transferring dockerfile: 132B done
#1 DONE 0.0s

#2 [internal] load metadata for docker.io/library/python:3.11
#2 DONE 0.0s

#3 [internal] load .dockerignore
#3 transferring context: 2B done
#3 DONE 0.0s

#4 [internal] load build context
#4 transferring context: 2.67kB 0.0s done
#4 DONE 0.0s

#5 [1/2] FROM docker.io/library/python:3.11
#5 CACHED

#6 [2/2] COPY hard-gists/5882966/snippet.py /snippet.py
#6 DONE 0.1s

#7 exporting to image
#7 exporting layers 0.0s done
#7 writing image sha256:e83e37648dbd3b618435c94e9cc53ad26db0a876e43c5ab291615775c47e7472 done
#7 naming to docker.io/library/test-image-5882966 done
#7 DONE 0.1s

View build details: docker-desktop://dashboard/build/default/default/wyuextmzwsqjvv9h4kacgchiv
[2025-10-29 16:09:07] SUCCESS: Build completed for 5882966
