=== Docker Build Log for 5722696 ===
Started at: Mi 29. Okt 15:56:10 CET 2025

[2025-10-29 15:56:10] START: Building image for 5722696
#0 building with "default" instance using docker driver

#1 [internal] load build definition from Dockerfile
#1 transferring dockerfile: 207B done
#1 DONE 0.0s

#2 [internal] load metadata for docker.io/library/python:3.11
#2 DONE 0.0s

#3 [internal] load .dockerignore
#3 transferring context: 2B done
#3 DONE 0.0s

#4 [internal] load build context
#4 transferring context: 3.03kB 0.0s done
#4 DONE 0.0s

#5 [1/4] FROM docker.io/library/python:3.11
#5 CACHED

#6 [2/4] COPY hard-gists/5722696/snippet.py /snippet.py
#6 DONE 0.1s

#7 [3/4] RUN ["pip","install","python-dateutil"]
#7 2.065 Collecting python-dateutil
#7 2.112   Downloading python_dateutil-2.9.0.post0-py2.py3-none-any.whl.metadata (8.4 kB)
#7 2.156 Collecting six>=1.5 (from python-dateutil)
#7 2.165   Downloading six-1.17.0-py2.py3-none-any.whl.metadata (1.7 kB)
#7 2.186 Downloading python_dateutil-2.9.0.post0-py2.py3-none-any.whl (229 kB)
#7 2.225    ━━━━━━━━━━━━━━━━━━━━━━━━━━━━━━━━━━━━━━━━ 229.9/229.9 kB 6.1 MB/s eta 0:00:00
#7 2.234 Downloading six-1.17.0-py2.py3-none-any.whl (11 kB)
#7 2.285 Installing collected packages: six, python-dateutil
#7 2.345 Successfully installed python-dateutil-2.9.0.post0 six-1.17.0
#7 2.346 WARNING: Running pip as the 'root' user can result in broken permissions and conflicting behaviour with the system package manager. It is recommended to use a virtual environment instead: https://pip.pypa.io/warnings/venv
#7 2.445 
#7 2.445 [notice] A new release of pip is available: 24.0 -> 25.3
#7 2.445 [notice] To update, run: pip install --upgrade pip
#7 DONE 2.6s

#8 [4/4] RUN ["pip","install","requests"]
#8 0.561 Collecting requests
#8 0.597   Downloading requests-2.32.5-py3-none-any.whl.metadata (4.9 kB)
#8 0.723 Collecting charset_normalizer<4,>=2 (from requests)
#8 0.734   Downloading charset_normalizer-3.4.4-cp311-cp311-manylinux2014_x86_64.manylinux_2_17_x86_64.manylinux_2_28_x86_64.whl.metadata (37 kB)
#8 0.788 Collecting idna<4,>=2.5 (from requests)
#8 0.796   Downloading idna-3.11-py3-none-any.whl.metadata (8.4 kB)
#8 0.862 Collecting urllib3<3,>=1.21.1 (from requests)
#8 0.872   Downloading urllib3-2.5.0-py3-none-any.whl.metadata (6.5 kB)
#8 0.928 Collecting certifi>=2017.4.17 (from requests)
#8 0.938   Downloading certifi-2025.10.5-py3-none-any.whl.metadata (2.5 kB)
#8 0.965 Downloading requests-2.32.5-py3-none-any.whl (64 kB)
#8 0.984    ━━━━━━━━━━━━━━━━━━━━━━━━━━━━━━━━━━━━━━━━ 64.7/64.7 kB 3.3 MB/s eta 0:00:00
#8 0.993 Downloading certifi-2025.10.5-py3-none-any.whl (163 kB)
#8 1.013    ━━━━━━━━━━━━━━━━━━━━━━━━━━━━━━━━━━━━━━━━ 163.3/163.3 kB 8.2 MB/s eta 0:00:00
#8 1.022 Downloading charset_normalizer-3.4.4-cp311-cp311-manylinux2014_x86_64.manylinux_2_17_x86_64.manylinux_2_28_x86_64.whl (151 kB)
#8 1.040    ━━━━━━━━━━━━━━━━━━━━━━━━━━━━━━━━━━━━━━━━ 151.6/151.6 kB 9.0 MB/s eta 0:00:00
#8 1.048 Downloading idna-3.11-py3-none-any.whl (71 kB)
#8 1.061    ━━━━━━━━━━━━━━━━━━━━━━━━━━━━━━━━━━━━━━━━ 71.0/71.0 kB 5.4 MB/s eta 0:00:00
#8 1.071 Downloading urllib3-2.5.0-py3-none-any.whl (129 kB)
#8 1.084    ━━━━━━━━━━━━━━━━━━━━━━━━━━━━━━━━━━━━━━━━ 129.8/129.8 kB 11.4 MB/s eta 0:00:00
#8 1.134 Installing collected packages: urllib3, idna, charset_normalizer, certifi, requests
#8 1.383 Successfully installed certifi-2025.10.5 charset_normalizer-3.4.4 idna-3.11 requests-2.32.5 urllib3-2.5.0
#8 1.383 WARNING: Running pip as the 'root' user can result in broken permissions and conflicting behaviour with the system package manager. It is recommended to use a virtual environment instead: https://pip.pypa.io/warnings/venv
#8 1.390 
#8 1.390 [notice] A new release of pip is available: 24.0 -> 25.3
#8 1.390 [notice] To update, run: pip install --upgrade pip
#8 DONE 1.5s

#9 exporting to image
#9 exporting layers
#9 exporting layers 0.2s done
#9 writing image sha256:077e767f74570fd6ea36663a6487eae43f394950e10da4c38443262376234f6c done
#9 naming to docker.io/library/test-image-5722696 0.0s done
#9 DONE 0.2s

View build details: docker-desktop://dashboard/build/default/default/jc2ij69828nq0l95zl8ozxdnv
[2025-10-29 15:56:15] SUCCESS: Build completed for 5722696
