=== Docker Build Log for d9ef555fb7ef5498c709 ===
Started at: Mi 29. Okt 20:28:55 CET 2025

[2025-10-29 20:28:55] START: Building image for d9ef555fb7ef5498c709
#0 building with "default" instance using docker driver

#1 [internal] load build definition from Dockerfile
#1 transferring dockerfile: 145B done
#1 DONE 0.0s

#2 [internal] load metadata for docker.io/library/python:3.11
#2 DONE 0.0s

#3 [internal] load .dockerignore
#3 transferring context: 2B done
#3 DONE 0.0s

#4 [internal] load build context
#4 transferring context: 2.78kB 0.0s done
#4 DONE 0.0s

#5 [1/2] FROM docker.io/library/python:3.11
#5 CACHED

#6 [2/2] COPY hard-gists/d9ef555fb7ef5498c709/snippet.py /snippet.py
#6 DONE 0.1s

#7 exporting to image
#7 exporting layers 0.0s done
#7 writing image sha256:bd5ea8fa6096042f2411ca97798b27bce0b89bf2435e27c972114f38f99d110c done
#7 naming to docker.io/library/test-image-d9ef555fb7ef5498c709 done
#7 DONE 0.1s

View build details: docker-desktop://dashboard/build/default/default/2pmjjjv8s4uje5taw7ttsptg8
[2025-10-29 20:28:56] SUCCESS: Build completed for d9ef555fb7ef5498c709
