=== Docker Build Log for 1761714 ===
Started at: Mi 29. Okt 12:27:12 CET 2025

[2025-10-29 12:27:12] START: Building image for 1761714
#0 building with "default" instance using docker driver

#1 [internal] load build definition from Dockerfile
#1 transferring dockerfile: 132B done
#1 DONE 0.0s

#2 [internal] load metadata for docker.io/library/python:3.11
#2 DONE 0.0s

#3 [internal] load .dockerignore
#3 transferring context: 2B done
#3 DONE 0.0s

#4 [internal] load build context
#4 transferring context: 2.78kB 0.0s done
#4 DONE 0.0s

#5 [1/2] FROM docker.io/library/python:3.11
#5 CACHED

#6 [2/2] COPY hard-gists/1761714/snippet.py /snippet.py
#6 DONE 0.1s

#7 exporting to image
#7 exporting layers 0.0s done
#7 writing image sha256:b2b51ead2c82c42c2668860f50268640e2f246d83baf25204d5de4b9cfdc1199 done
#7 naming to docker.io/library/test-image-1761714 done
#7 DONE 0.1s

View build details: docker-desktop://dashboard/build/default/default/zolhr2cf9vxvqxu7cb14c97fo
[2025-10-29 12:27:13] SUCCESS: Build completed for 1761714
