=== Docker Run Log for 97cffbea574a5890f0d7 ===
Started at: Mi 29. Okt 18:32:42 CET 2025

[2025-10-29 18:33:14] START: Running container for 97cffbea574a5890f0d7
[2025-10-29 18:33:14] SUCCESS: Container 7a459aa1bf8c2075ade1df7ce7022e1e27dc47e0eda11a1d0587cb89e96b1291 started for 97cffbea574a5890f0d7
=== Container logs for 97cffbea574a5890f0d7 ===
iter 1 violation 1.0
iter 2 violation 0.9275458043179818
iter 3 violation 0.8160522950492526
iter 4 violation 0.6990455291229618
iter 5 violation 0.6393618992982688
iter 6 violation 0.5957671717992999
iter 7 violation 0.5362919287445385
iter 8 violation 0.47177217115298603
iter 9 violation 0.44812761767941456
iter 10 violation 0.3834613038353731
iter 11 violation 0.32486115892212175
iter 12 violation 0.31971195362827926
iter 13 violation 0.28406640322176
iter 14 violation 0.25196678183156795
iter 15 violation 0.236953733052649
iter 16 violation 0.2157370636672199
iter 17 violation 0.22122019071889124
iter 18 violation 0.20305075101443315
iter 19 violation 0.1967079226325849
iter 20 violation 0.1774139759714598
iter 21 violation 0.1751472239072898
iter 22 violation 0.15452526951042694
iter 23 violation 0.14501985500763426
iter 24 violation 0.1421364656257728
iter 25 violation 0.1313307055780298
iter 26 violation 0.1321486093905079
iter 27 violation 0.12575333900818267
iter 28 violation 0.12272584579773298
iter 29 violation 0.11078064851164816
iter 30 violation 0.09804190466173542
iter 31 violation 0.09598956353268118
iter 32 violation 0.09569266649509313
iter 33 violation 0.09948815155805549
iter 34 violation 0.09714350284688372
iter 35 violation 0.10447545339852876
iter 36 violation 0.10582556792884064
iter 37 violation 0.09654683528822045
iter 38 violation 0.09696061722863163
iter 39 violation 0.09511257885453565
iter 40 violation 0.09521379712247831
iter 41 violation 0.0933050000479744
iter 42 violation 0.08863722797896395
iter 43 violation 0.08718933778088857
iter 44 violation 0.08675949539052172
iter 45 violation 0.08588712068866398
iter 46 violation 0.08420572508458399
iter 47 violation 0.08583804451071056
iter 48 violation 0.08539849599729397
iter 49 violation 0.08509580813456383
iter 50 violation 0.08265175370511525
iter 51 violation 0.08152119024564959
iter 52 violation 0.07779853857027036
iter 53 violation 0.07571185825367992
iter 54 violation 0.07721003154788786
iter 55 violation 0.07530364326138692
iter 56 violation 0.07550507572309109
iter 57 violation 0.07569406708810875
iter 58 violation 0.07764097022237193
iter 59 violation 0.07376628645669372
iter 60 violation 0.0703457326443188
iter 61 violation 0.06449109724257733
iter 62 violation 0.06489692947668596
iter 63 violation 0.061544054897245314
iter 64 violation 0.059290140621880115
iter 65 violation 0.05944928587602499
iter 66 violation 0.055229833712815174
iter 67 violation 0.05112135320835303
iter 68 violation 0.05442701870034624
iter 69 violation 0.04782826149931229
iter 70 violation 0.04775452030772391
iter 71 violation 0.047451693203528336
iter 72 violation 0.04779741324239024
iter 73 violation 0.04766141810012234
iter 74 violation 0.047554370839808346
iter 75 violation 0.047444814957529995
iter 76 violation 0.04733444501762504
iter 77 violation 0.048159866816453116
iter 78 violation 0.052007061094482276
iter 79 violation 0.0477718022543027
iter 80 violation 0.0447054398934025
iter 81 violation 0.03917482715772992
iter 82 violation 0.037452734534681516
iter 83 violation 0.03909922633824365
iter 84 violation 0.03498805019006031
iter 85 violation 0.03279631396069567
iter 86 violation 0.03275974824926974
iter 87 violation 0.03272570926490888
iter 88 violation 0.03269375327627676
iter 89 violation 0.034195629045484364
iter 90 violation 0.033428571582979544
iter 91 violation 0.032187247156117725
iter 92 violation 0.03074445347123633
iter 93 violation 0.030770708870298667
iter 94 violation 0.030987747398943773
iter 95 violation 0.03095264258026178
iter 96 violation 0.030953394527997415
iter 97 violation 0.03095717885462751
iter 98 violation 0.03367332285774248
iter 99 violation 0.03181614625625049
iter 100 violation 0.031811787440274096
0.9733333333333334
=== End of logs for 97cffbea574a5890f0d7 ===
[2025-10-29 18:33:16] INFO: Container 7a459aa1bf8c2075ade1df7ce7022e1e27dc47e0eda11a1d0587cb89e96b1291 has stopped
