=== Docker Build Log for 48d92d4153754aea4504 ===
Started at: Mi 29. Okt 15:03:26 CET 2025

[2025-10-29 15:03:26] START: Building image for 48d92d4153754aea4504
#0 building with "default" instance using docker driver

#1 [internal] load build definition from Dockerfile
#1 transferring dockerfile: 213B done
#1 DONE 0.0s

#2 [internal] load metadata for docker.io/library/python:3.11
#2 DONE 0.0s

#3 [internal] load .dockerignore
#3 transferring context: 2B done
#3 DONE 0.0s

#4 [internal] load build context
#4 transferring context: 466B 0.0s done
#4 DONE 0.0s

#5 [1/4] FROM docker.io/library/python:3.11
#5 CACHED

#6 [2/4] COPY hard-gists/48d92d4153754aea4504/snippet.py /snippet.py
#6 DONE 0.1s

#7 [3/4] RUN ["pip","install","dj.choices"]
#7 2.045 Collecting dj.choices
#7 2.086   Downloading dj.choices-0.11.0.tar.gz (28 kB)
#7 2.103   Preparing metadata (setup.py): started
#7 2.514   Preparing metadata (setup.py): finished with status 'done'
#7 2.630 Collecting django (from dj.choices)
#7 2.645   Downloading django-5.2.7-py3-none-any.whl.metadata (4.1 kB)
#7 2.684 Collecting six (from dj.choices)
#7 2.693   Downloading six-1.17.0-py2.py3-none-any.whl.metadata (1.7 kB)
#7 2.746 Collecting asgiref>=3.8.1 (from django->dj.choices)
#7 2.755   Downloading asgiref-3.10.0-py3-none-any.whl.metadata (9.3 kB)
#7 2.794 Collecting sqlparse>=0.3.1 (from django->dj.choices)
#7 2.804   Downloading sqlparse-0.5.3-py3-none-any.whl.metadata (3.9 kB)
#7 2.830 Downloading django-5.2.7-py3-none-any.whl (8.3 MB)
#7 3.163    ━━━━━━━━━━━━━━━━━━━━━━━━━━━━━━━━━━━━━━━━ 8.3/8.3 MB 25.1 MB/s eta 0:00:00
#7 3.172 Downloading six-1.17.0-py2.py3-none-any.whl (11 kB)
#7 3.192 Downloading asgiref-3.10.0-py3-none-any.whl (24 kB)
#7 3.212 Downloading sqlparse-0.5.3-py3-none-any.whl (44 kB)
#7 3.223    ━━━━━━━━━━━━━━━━━━━━━━━━━━━━━━━━━━━━━━━━ 44.4/44.4 kB 3.8 MB/s eta 0:00:00
#7 3.264 Building wheels for collected packages: dj.choices
#7 3.265   Building wheel for dj.choices (setup.py): started
#7 3.450   Building wheel for dj.choices (setup.py): finished with status 'done'
#7 3.451   Created wheel for dj.choices: filename=dj_choices-0.11.0-py3-none-any.whl size=28716 sha256=1e5a7ef829b54fa143c037bc76f3c86165b3b48e47f8a82f281944fb3541f13d
#7 3.451   Stored in directory: /root/.cache/pip/wheels/97/38/bd/4ca089ff8ffdead6a07e7af033d36d74a01ab7a37e70797942
#7 3.454 Successfully built dj.choices
#7 3.504 Installing collected packages: sqlparse, six, asgiref, django, dj.choices
#7 5.219 Successfully installed asgiref-3.10.0 dj.choices-0.11.0 django-5.2.7 six-1.17.0 sqlparse-0.5.3
#7 5.219 WARNING: Running pip as the 'root' user can result in broken permissions and conflicting behaviour with the system package manager. It is recommended to use a virtual environment instead: https://pip.pypa.io/warnings/venv
#7 5.309 
#7 5.309 [notice] A new release of pip is available: 24.0 -> 25.3
#7 5.309 [notice] To update, run: pip install --upgrade pip
#7 DONE 5.8s

#8 [4/4] RUN ["pip","install","Django"]
#8 0.466 Requirement already satisfied: Django in /usr/local/lib/python3.11/site-packages (5.2.7)
#8 0.470 Requirement already satisfied: asgiref>=3.8.1 in /usr/local/lib/python3.11/site-packages (from Django) (3.10.0)
#8 0.471 Requirement already satisfied: sqlparse>=0.3.1 in /usr/local/lib/python3.11/site-packages (from Django) (0.5.3)
#8 0.513 WARNING: Running pip as the 'root' user can result in broken permissions and conflicting behaviour with the system package manager. It is recommended to use a virtual environment instead: https://pip.pypa.io/warnings/venv
#8 0.518 
#8 0.518 [notice] A new release of pip is available: 24.0 -> 25.3
#8 0.518 [notice] To update, run: pip install --upgrade pip
#8 DONE 0.6s

#9 exporting to image
#9 exporting layers
#9 exporting layers 0.7s done
#9 writing image sha256:3136fd23750ea3a0be4c6a6b8393d7bbbca01eec3fc10a03b2e362fe24ba0531 done
#9 naming to docker.io/library/test-image-48d92d4153754aea4504 0.0s done
#9 DONE 0.7s

View build details: docker-desktop://dashboard/build/default/default/jw14jb7cuwlinrxycuq6y02lb
[2025-10-29 15:03:33] SUCCESS: Build completed for 48d92d4153754aea4504
