=== Docker Build Log for 130583 ===
Started at: Mi 29. Okt 12:05:46 CET 2025

[2025-10-29 12:05:46] START: Building image for 130583
#0 building with "default" instance using docker driver

#1 [internal] load build definition from Dockerfile
#1 transferring dockerfile: 199B done
#1 DONE 0.0s

#2 [internal] load metadata for docker.io/library/python:3.11
#2 DONE 0.0s

#3 [internal] load .dockerignore
#3 transferring context: 2B done
#3 DONE 0.0s

#4 [internal] load build context
#4 transferring context: 1.47kB 0.0s done
#4 DONE 0.0s

#5 [1/4] FROM docker.io/library/python:3.11
#5 CACHED

#6 [2/4] COPY hard-gists/130583/snippet.py /snippet.py
#6 DONE 0.1s

#7 [3/4] RUN ["pip","install","dj.choices"]
#7 1.877 Collecting dj.choices
#7 1.916   Downloading dj.choices-0.11.0.tar.gz (28 kB)
#7 1.933   Preparing metadata (setup.py): started
#7 2.300   Preparing metadata (setup.py): finished with status 'done'
#7 2.405 Collecting django (from dj.choices)
#7 2.415   Downloading django-5.2.7-py3-none-any.whl.metadata (4.1 kB)
#7 2.451 Collecting six (from dj.choices)
#7 2.460   Downloading six-1.17.0-py2.py3-none-any.whl.metadata (1.7 kB)
#7 2.506 Collecting asgiref>=3.8.1 (from django->dj.choices)
#7 2.515   Downloading asgiref-3.10.0-py3-none-any.whl.metadata (9.3 kB)
#7 2.554 Collecting sqlparse>=0.3.1 (from django->dj.choices)
#7 2.562   Downloading sqlparse-0.5.3-py3-none-any.whl.metadata (3.9 kB)
#7 2.587 Downloading django-5.2.7-py3-none-any.whl (8.3 MB)
#7 2.905    ━━━━━━━━━━━━━━━━━━━━━━━━━━━━━━━━━━━━━━━━ 8.3/8.3 MB 26.3 MB/s eta 0:00:00
#7 2.913 Downloading six-1.17.0-py2.py3-none-any.whl (11 kB)
#7 2.931 Downloading asgiref-3.10.0-py3-none-any.whl (24 kB)
#7 2.949 Downloading sqlparse-0.5.3-py3-none-any.whl (44 kB)
#7 2.960    ━━━━━━━━━━━━━━━━━━━━━━━━━━━━━━━━━━━━━━━━ 44.4/44.4 kB 3.9 MB/s eta 0:00:00
#7 2.999 Building wheels for collected packages: dj.choices
#7 3.000   Building wheel for dj.choices (setup.py): started
#7 3.172   Building wheel for dj.choices (setup.py): finished with status 'done'
#7 3.173   Created wheel for dj.choices: filename=dj_choices-0.11.0-py3-none-any.whl size=28716 sha256=70db3b7ac3442f0bd9503d21f9124960b2200c21b3a93ea469078790a2a3cd86
#7 3.173   Stored in directory: /root/.cache/pip/wheels/97/38/bd/4ca089ff8ffdead6a07e7af033d36d74a01ab7a37e70797942
#7 3.175 Successfully built dj.choices
#7 3.222 Installing collected packages: sqlparse, six, asgiref, django, dj.choices
#7 4.591 Successfully installed asgiref-3.10.0 dj.choices-0.11.0 django-5.2.7 six-1.17.0 sqlparse-0.5.3
#7 4.591 WARNING: Running pip as the 'root' user can result in broken permissions and conflicting behaviour with the system package manager. It is recommended to use a virtual environment instead: https://pip.pypa.io/warnings/venv
#7 4.681 
#7 4.681 [notice] A new release of pip is available: 24.0 -> 25.3
#7 4.681 [notice] To update, run: pip install --upgrade pip
#7 DONE 5.0s

#8 [4/4] RUN ["pip","install","Django"]
#8 0.431 Requirement already satisfied: Django in /usr/local/lib/python3.11/site-packages (5.2.7)
#8 0.435 Requirement already satisfied: asgiref>=3.8.1 in /usr/local/lib/python3.11/site-packages (from Django) (3.10.0)
#8 0.436 Requirement already satisfied: sqlparse>=0.3.1 in /usr/local/lib/python3.11/site-packages (from Django) (0.5.3)
#8 0.473 WARNING: Running pip as the 'root' user can result in broken permissions and conflicting behaviour with the system package manager. It is recommended to use a virtual environment instead: https://pip.pypa.io/warnings/venv
#8 0.478 
#8 0.478 [notice] A new release of pip is available: 24.0 -> 25.3
#8 0.478 [notice] To update, run: pip install --upgrade pip
#8 DONE 0.6s

#9 exporting to image
#9 exporting layers
#9 exporting layers 0.6s done
#9 writing image sha256:71cf347e2c2d643fc6fecc11fb01ac3b3ac227b0d68b016f3d11662181f480a7 done
#9 naming to docker.io/library/test-image-130583 done
#9 DONE 0.6s

View build details: docker-desktop://dashboard/build/default/default/pjny46t1eyjr0c6lqc1e119vv
[2025-10-29 12:05:53] SUCCESS: Build completed for 130583
