=== Docker Build Log for 5459536 ===
Started at: Mi 29. Okt 15:42:12 CET 2025

[2025-10-29 15:42:12] START: Building image for 5459536
#0 building with "default" instance using docker driver

#1 [internal] load build definition from Dockerfile
#1 transferring dockerfile: 200B done
#1 DONE 0.0s

#2 [internal] load metadata for docker.io/library/python:3.11
#2 DONE 0.0s

#3 [internal] load .dockerignore
#3 transferring context: 2B done
#3 DONE 0.0s

#4 [internal] load build context
#4 transferring context: 1.86kB 0.0s done
#4 DONE 0.0s

#5 [1/4] FROM docker.io/library/python:3.11
#5 CACHED

#6 [2/4] COPY hard-gists/5459536/snippet.py /snippet.py
#6 DONE 0.1s

#7 [3/4] RUN ["pip","install","dj.choices"]
#7 2.007 Collecting dj.choices
#7 2.056   Downloading dj.choices-0.11.0.tar.gz (28 kB)
#7 2.075   Preparing metadata (setup.py): started
#7 2.500   Preparing metadata (setup.py): finished with status 'done'
#7 2.611 Collecting django (from dj.choices)
#7 2.619   Downloading django-5.2.7-py3-none-any.whl.metadata (4.1 kB)
#7 2.656 Collecting six (from dj.choices)
#7 2.664   Downloading six-1.17.0-py2.py3-none-any.whl.metadata (1.7 kB)
#7 2.712 Collecting asgiref>=3.8.1 (from django->dj.choices)
#7 2.722   Downloading asgiref-3.10.0-py3-none-any.whl.metadata (9.3 kB)
#7 2.773 Collecting sqlparse>=0.3.1 (from django->dj.choices)
#7 2.783   Downloading sqlparse-0.5.3-py3-none-any.whl.metadata (3.9 kB)
#7 2.818 Downloading django-5.2.7-py3-none-any.whl (8.3 MB)
#7 3.210    ━━━━━━━━━━━━━━━━━━━━━━━━━━━━━━━━━━━━━━━━ 8.3/8.3 MB 21.3 MB/s eta 0:00:00
#7 3.220 Downloading six-1.17.0-py2.py3-none-any.whl (11 kB)
#7 3.241 Downloading asgiref-3.10.0-py3-none-any.whl (24 kB)
#7 3.267 Downloading sqlparse-0.5.3-py3-none-any.whl (44 kB)
#7 3.282    ━━━━━━━━━━━━━━━━━━━━━━━━━━━━━━━━━━━━━━━━ 44.4/44.4 kB 2.7 MB/s eta 0:00:00
#7 3.320 Building wheels for collected packages: dj.choices
#7 3.321   Building wheel for dj.choices (setup.py): started
#7 3.509   Building wheel for dj.choices (setup.py): finished with status 'done'
#7 3.510   Created wheel for dj.choices: filename=dj_choices-0.11.0-py3-none-any.whl size=28716 sha256=9e8d3f5b177d90a0e1313d48dec5c1314cfc9d181149e907d0890c50129c0f88
#7 3.510   Stored in directory: /root/.cache/pip/wheels/97/38/bd/4ca089ff8ffdead6a07e7af033d36d74a01ab7a37e70797942
#7 3.512 Successfully built dj.choices
#7 3.561 Installing collected packages: sqlparse, six, asgiref, django, dj.choices
#7 5.030 Successfully installed asgiref-3.10.0 dj.choices-0.11.0 django-5.2.7 six-1.17.0 sqlparse-0.5.3
#7 5.031 WARNING: Running pip as the 'root' user can result in broken permissions and conflicting behaviour with the system package manager. It is recommended to use a virtual environment instead: https://pip.pypa.io/warnings/venv
#7 5.122 
#7 5.122 [notice] A new release of pip is available: 24.0 -> 25.3
#7 5.122 [notice] To update, run: pip install --upgrade pip
#7 DONE 5.6s

#8 [4/4] RUN ["pip","install","Django"]
#8 0.469 Requirement already satisfied: Django in /usr/local/lib/python3.11/site-packages (5.2.7)
#8 0.473 Requirement already satisfied: asgiref>=3.8.1 in /usr/local/lib/python3.11/site-packages (from Django) (3.10.0)
#8 0.474 Requirement already satisfied: sqlparse>=0.3.1 in /usr/local/lib/python3.11/site-packages (from Django) (0.5.3)
#8 0.516 WARNING: Running pip as the 'root' user can result in broken permissions and conflicting behaviour with the system package manager. It is recommended to use a virtual environment instead: https://pip.pypa.io/warnings/venv
#8 0.521 
#8 0.521 [notice] A new release of pip is available: 24.0 -> 25.3
#8 0.521 [notice] To update, run: pip install --upgrade pip
#8 DONE 0.6s

#9 exporting to image
#9 exporting layers
#9 exporting layers 0.7s done
#9 writing image sha256:369d9b91ba29d992f9fa70aec6a5d2af678c1f8ea6dd6a2d47d7d16f88817cb1 done
#9 naming to docker.io/library/test-image-5459536 0.0s done
#9 DONE 0.7s

View build details: docker-desktop://dashboard/build/default/default/82lyxfag4pgt3zidwauj9pc2c
[2025-10-29 15:42:19] SUCCESS: Build completed for 5459536
