=== Docker Build Log for 7fd4c975883074a99864 ===
Started at: Mi 29. Okt 17:36:01 CET 2025

[2025-10-29 17:36:01] START: Building image for 7fd4c975883074a99864
#0 building with "default" instance using docker driver

#1 [internal] load build definition from Dockerfile
#1 transferring dockerfile: 145B done
#1 DONE 0.0s

#2 [internal] load metadata for docker.io/library/python:3.11
#2 DONE 0.0s

#3 [internal] load .dockerignore
#3 transferring context: 2B done
#3 DONE 0.0s

#4 [internal] load build context
#4 transferring context: 1.11kB 0.0s done
#4 DONE 0.0s

#5 [1/2] FROM docker.io/library/python:3.11
#5 CACHED

#6 [2/2] COPY hard-gists/7fd4c975883074a99864/snippet.py /snippet.py
#6 DONE 0.1s

#7 exporting to image
#7 exporting layers 0.0s done
#7 writing image sha256:59099a7c40f77ebba5a056ccb6ab3969b33182f97514389c93e33cc287cbbe9d done
#7 naming to docker.io/library/test-image-7fd4c975883074a99864 done
#7 DONE 0.1s

View build details: docker-desktop://dashboard/build/default/default/dxbzm3mcar4ilzjq6f52oq6e5
[2025-10-29 17:36:02] SUCCESS: Build completed for 7fd4c975883074a99864
