=== Docker Build Log for 422bb33419df91b253d8728fe794f8b4 ===
Started at: Mi 29. Okt 14:27:21 CET 2025

[2025-10-29 14:27:21] START: Building image for 422bb33419df91b253d8728fe794f8b4
#0 building with "default" instance using docker driver

#1 [internal] load build definition from Dockerfile
#1 transferring dockerfile: 157B done
#1 DONE 0.0s

#2 [internal] load metadata for docker.io/library/python:3.11
#2 DONE 0.0s

#3 [internal] load .dockerignore
#3 transferring context: 2B done
#3 DONE 0.0s

#4 [internal] load build context
#4 transferring context: 6.33kB 0.0s done
#4 DONE 0.0s

#5 [1/2] FROM docker.io/library/python:3.11
#5 CACHED

#6 [2/2] COPY hard-gists/422bb33419df91b253d8728fe794f8b4/snippet.py /snippet.py
#6 DONE 0.1s

#7 exporting to image
#7 exporting layers 0.0s done
#7 writing image sha256:0e72e00bb185285a3a04fca603ccfdb9a1bb0d55c53ed0298dd87a67d2385688 done
#7 naming to docker.io/library/test-image-422bb33419df91b253d8728fe794f8b4 done
#7 DONE 0.1s

View build details: docker-desktop://dashboard/build/default/default/vkb23za45fo8ptcan2cr70muc
[2025-10-29 14:27:22] SUCCESS: Build completed for 422bb33419df91b253d8728fe794f8b4
