=== Docker Build Log for 5763651 ===
Started at: Mi 29. Okt 15:57:01 CET 2025

[2025-10-29 15:57:01] START: Building image for 5763651
#0 building with "default" instance using docker driver

#1 [internal] load build definition from Dockerfile
#1 transferring dockerfile: 315B done
#1 DONE 0.0s

#2 [internal] load metadata for docker.io/library/python:3.11
#2 DONE 0.0s

#3 [internal] load .dockerignore
#3 transferring context: 2B done
#3 DONE 0.0s

#4 [internal] load build context
#4 transferring context: 856B 0.0s done
#4 DONE 0.0s

#5 [1/8] FROM docker.io/library/python:3.11
#5 CACHED

#6 [2/8] COPY hard-gists/5763651/snippet.py /snippet.py
#6 DONE 0.1s

#7 [3/8] RUN ["pip","install","myapp"]
#7 1.993 Collecting myapp
#7 2.039   Downloading myapp-0.1dev.tar.gz (1.0 kB)
#7 2.052   Preparing metadata (setup.py): started
#7 2.441   Preparing metadata (setup.py): finished with status 'done'
#7 2.443 Building wheels for collected packages: myapp
#7 2.443   Building wheel for myapp (setup.py): started
#7 2.613   Building wheel for myapp (setup.py): finished with status 'done'
#7 2.614   Created wheel for myapp: filename=myapp-0.1.dev0-py3-none-any.whl size=1205 sha256=8ffdc5fe4abed9ddfcdc938ce52830757c3d9962ce44fc2ca58219f9fd64fb4f
#7 2.614   Stored in directory: /root/.cache/pip/wheels/8c/4a/f7/5734cb866b10b96eff12070dac03343f571493a7a982b9ca82
#7 2.617 Successfully built myapp
#7 2.646 Installing collected packages: myapp
#7 2.659 Successfully installed myapp-0.1.dev0
#7 2.659 WARNING: Running pip as the 'root' user can result in broken permissions and conflicting behaviour with the system package manager. It is recommended to use a virtual environment instead: https://pip.pypa.io/warnings/venv
#7 2.762 
#7 2.762 [notice] A new release of pip is available: 24.0 -> 25.3
#7 2.762 [notice] To update, run: pip install --upgrade pip
#7 DONE 2.9s

#8 [4/8] RUN ["pip","install","six"]
#8 0.522 Collecting six
#8 0.560   Downloading six-1.17.0-py2.py3-none-any.whl.metadata (1.7 kB)
#8 0.597 Downloading six-1.17.0-py2.py3-none-any.whl (11 kB)
#8 0.680 Installing collected packages: six
#8 0.735 Successfully installed six-1.17.0
#8 0.735 WARNING: Running pip as the 'root' user can result in broken permissions and conflicting behaviour with the system package manager. It is recommended to use a virtual environment instead: https://pip.pypa.io/warnings/venv
#8 0.752 
#8 0.752 [notice] A new release of pip is available: 24.0 -> 25.3
#8 0.752 [notice] To update, run: pip install --upgrade pip
#8 DONE 1.0s

#9 [5/8] RUN ["pip","install","pytest"]
#9 0.977 Collecting pytest
#9 1.015   Downloading pytest-8.4.2-py3-none-any.whl.metadata (7.7 kB)
#9 1.070 Collecting iniconfig>=1 (from pytest)
#9 1.081   Downloading iniconfig-2.3.0-py3-none-any.whl.metadata (2.5 kB)
#9 1.159 Collecting packaging>=20 (from pytest)
#9 1.170   Downloading packaging-25.0-py3-none-any.whl.metadata (3.3 kB)
#9 1.225 Collecting pluggy<2,>=1.5 (from pytest)
#9 1.234   Downloading pluggy-1.6.0-py3-none-any.whl.metadata (4.8 kB)
#9 1.296 Collecting pygments>=2.7.2 (from pytest)
#9 1.307   Downloading pygments-2.19.2-py3-none-any.whl.metadata (2.5 kB)
#9 1.341 Downloading pytest-8.4.2-py3-none-any.whl (365 kB)
#9 1.384    ━━━━━━━━━━━━━━━━━━━━━━━━━━━━━━━━━━━━━━━━ 365.8/365.8 kB 8.8 MB/s eta 0:00:00
#9 1.392 Downloading iniconfig-2.3.0-py3-none-any.whl (7.5 kB)
#9 1.412 Downloading packaging-25.0-py3-none-any.whl (66 kB)
#9 1.429    ━━━━━━━━━━━━━━━━━━━━━━━━━━━━━━━━━━━━━━━━ 66.5/66.5 kB 3.7 MB/s eta 0:00:00
#9 1.439 Downloading pluggy-1.6.0-py3-none-any.whl (20 kB)
#9 1.457 Downloading pygments-2.19.2-py3-none-any.whl (1.2 MB)
#9 1.507    ━━━━━━━━━━━━━━━━━━━━━━━━━━━━━━━━━━━━━━━━ 1.2/1.2 MB 25.4 MB/s eta 0:00:00
#9 1.581 Installing collected packages: pygments, pluggy, packaging, iniconfig, pytest
#9 2.551 Successfully installed iniconfig-2.3.0 packaging-25.0 pluggy-1.6.0 pygments-2.19.2 pytest-8.4.2
#9 2.551 WARNING: Running pip as the 'root' user can result in broken permissions and conflicting behaviour with the system package manager. It is recommended to use a virtual environment instead: https://pip.pypa.io/warnings/venv
#9 2.560 
#9 2.560 [notice] A new release of pip is available: 24.0 -> 25.3
#9 2.560 [notice] To update, run: pip install --upgrade pip
#9 DONE 2.8s

#10 [6/8] RUN ["pip","install","py"]
#10 0.523 Collecting py
#10 0.558   Downloading py-1.11.0-py2.py3-none-any.whl.metadata (2.8 kB)
#10 0.582 Downloading py-1.11.0-py2.py3-none-any.whl (98 kB)
#10 0.625    ━━━━━━━━━━━━━━━━━━━━━━━━━━━━━━━━━━━━━━━━ 98.7/98.7 kB 2.3 MB/s eta 0:00:00
#10 0.670 Installing collected packages: py
#10 0.750 Successfully installed py-1.11.0
#10 0.750 WARNING: Running pip as the 'root' user can result in broken permissions and conflicting behaviour with the system package manager. It is recommended to use a virtual environment instead: https://pip.pypa.io/warnings/venv
#10 0.755 
#10 0.755 [notice] A new release of pip is available: 24.0 -> 25.3
#10 0.755 [notice] To update, run: pip install --upgrade pip
#10 DONE 0.8s

#11 [7/8] RUN ["pip","install","requests"]
#11 0.544 Collecting requests
#11 0.578   Downloading requests-2.32.5-py3-none-any.whl.metadata (4.9 kB)
#11 0.708 Collecting charset_normalizer<4,>=2 (from requests)
#11 0.717   Downloading charset_normalizer-3.4.4-cp311-cp311-manylinux2014_x86_64.manylinux_2_17_x86_64.manylinux_2_28_x86_64.whl.metadata (37 kB)
#11 0.766 Collecting idna<4,>=2.5 (from requests)
#11 0.774   Downloading idna-3.11-py3-none-any.whl.metadata (8.4 kB)
#11 0.834 Collecting urllib3<3,>=1.21.1 (from requests)
#11 0.843   Downloading urllib3-2.5.0-py3-none-any.whl.metadata (6.5 kB)
#11 0.892 Collecting certifi>=2017.4.17 (from requests)
#11 0.901   Downloading certifi-2025.10.5-py3-none-any.whl.metadata (2.5 kB)
#11 0.926 Downloading requests-2.32.5-py3-none-any.whl (64 kB)
#11 0.957    ━━━━━━━━━━━━━━━━━━━━━━━━━━━━━━━━━━━━━━━━ 64.7/64.7 kB 1.9 MB/s eta 0:00:00
#11 0.967 Downloading certifi-2025.10.5-py3-none-any.whl (163 kB)
#11 0.988    ━━━━━━━━━━━━━━━━━━━━━━━━━━━━━━━━━━━━━━━━ 163.3/163.3 kB 8.2 MB/s eta 0:00:00
#11 0.997 Downloading charset_normalizer-3.4.4-cp311-cp311-manylinux2014_x86_64.manylinux_2_17_x86_64.manylinux_2_28_x86_64.whl (151 kB)
#11 1.012    ━━━━━━━━━━━━━━━━━━━━━━━━━━━━━━━━━━━━━━━━ 151.6/151.6 kB 10.4 MB/s eta 0:00:00
#11 1.020 Downloading idna-3.11-py3-none-any.whl (71 kB)
#11 1.043    ━━━━━━━━━━━━━━━━━━━━━━━━━━━━━━━━━━━━━━━━ 71.0/71.0 kB 2.9 MB/s eta 0:00:00
#11 1.051 Downloading urllib3-2.5.0-py3-none-any.whl (129 kB)
#11 1.065    ━━━━━━━━━━━━━━━━━━━━━━━━━━━━━━━━━━━━━━━━ 129.8/129.8 kB 9.5 MB/s eta 0:00:00
#11 1.123 Installing collected packages: urllib3, idna, charset_normalizer, certifi, requests
#11 1.381 Successfully installed certifi-2025.10.5 charset_normalizer-3.4.4 idna-3.11 requests-2.32.5 urllib3-2.5.0
#11 1.384 WARNING: Running pip as the 'root' user can result in broken permissions and conflicting behaviour with the system package manager. It is recommended to use a virtual environment instead: https://pip.pypa.io/warnings/venv
#11 1.390 
#11 1.390 [notice] A new release of pip is available: 24.0 -> 25.3
#11 1.390 [notice] To update, run: pip install --upgrade pip
#11 DONE 1.5s

#12 [8/8] RUN ["pip","install","pyramid"]
#12 0.623 Collecting pyramid
#12 0.658   Downloading pyramid-2.0.2-py3-none-any.whl.metadata (20 kB)
#12 0.726 Collecting hupper>=1.5 (from pyramid)
#12 0.737   Downloading hupper-1.12.1-py3-none-any.whl.metadata (3.7 kB)
#12 0.782 Collecting plaster (from pyramid)
#12 0.790   Downloading plaster-1.1.2-py2.py3-none-any.whl.metadata (6.4 kB)
#12 0.840 Collecting plaster-pastedeploy (from pyramid)
#12 0.850   Downloading plaster_pastedeploy-1.0.1-py2.py3-none-any.whl.metadata (8.1 kB)
#12 0.862 Requirement already satisfied: setuptools in /usr/local/lib/python3.11/site-packages (from pyramid) (79.0.1)
#12 0.894 Collecting translationstring>=0.4 (from pyramid)
#12 0.903   Downloading translationstring-1.4-py2.py3-none-any.whl.metadata (4.1 kB)
#12 0.945 Collecting venusian>=1.0 (from pyramid)
#12 0.954   Downloading venusian-3.1.1-py3-none-any.whl.metadata (10 kB)
#12 1.005 Collecting webob>=1.8.3 (from pyramid)
#12 1.014   Downloading WebOb-1.8.9-py2.py3-none-any.whl.metadata (11 kB)
#12 1.066 Collecting zope.deprecation>=3.5.0 (from pyramid)
#12 1.075   Downloading zope_deprecation-6.0-py3-none-any.whl.metadata (5.5 kB)
#12 1.217 Collecting zope.interface>=3.8.0 (from pyramid)
#12 1.227   Downloading zope_interface-8.0.1-cp311-cp311-manylinux1_x86_64.manylinux2014_x86_64.manylinux_2_17_x86_64.manylinux_2_5_x86_64.whl.metadata (44 kB)
#12 1.244      ━━━━━━━━━━━━━━━━━━━━━━━━━━━━━━━━━━━━━━━━ 44.9/44.9 kB 2.4 MB/s eta 0:00:00
#12 1.300 Collecting PasteDeploy>=2.0 (from plaster-pastedeploy->pyramid)
#12 1.308   Downloading PasteDeploy-3.1.0-py3-none-any.whl.metadata (2.7 kB)
#12 1.361 Downloading pyramid-2.0.2-py3-none-any.whl (247 kB)
#12 1.395    ━━━━━━━━━━━━━━━━━━━━━━━━━━━━━━━━━━━━━━━━ 247.3/247.3 kB 7.6 MB/s eta 0:00:00
#12 1.404 Downloading hupper-1.12.1-py3-none-any.whl (22 kB)
#12 1.423 Downloading translationstring-1.4-py2.py3-none-any.whl (15 kB)
#12 1.441 Downloading venusian-3.1.1-py3-none-any.whl (14 kB)
#12 1.463 Downloading WebOb-1.8.9-py2.py3-none-any.whl (115 kB)
#12 1.481    ━━━━━━━━━━━━━━━━━━━━━━━━━━━━━━━━━━━━━━━━ 115.4/115.4 kB 6.2 MB/s eta 0:00:00
#12 1.492 Downloading zope_deprecation-6.0-py3-none-any.whl (9.5 kB)
#12 1.514 Downloading zope_interface-8.0.1-cp311-cp311-manylinux1_x86_64.manylinux2014_x86_64.manylinux_2_17_x86_64.manylinux_2_5_x86_64.whl (259 kB)
#12 1.536    ━━━━━━━━━━━━━━━━━━━━━━━━━━━━━━━━━━━━━━━━ 259.8/259.8 kB 12.5 MB/s eta 0:00:00
#12 1.545 Downloading plaster-1.1.2-py2.py3-none-any.whl (11 kB)
#12 1.582 Downloading plaster_pastedeploy-1.0.1-py2.py3-none-any.whl (7.8 kB)
#12 1.601 Downloading PasteDeploy-3.1.0-py3-none-any.whl (16 kB)
#12 1.723 Installing collected packages: translationstring, zope.interface, zope.deprecation, webob, venusian, plaster, PasteDeploy, hupper, plaster-pastedeploy, pyramid
#12 2.150 Successfully installed PasteDeploy-3.1.0 hupper-1.12.1 plaster-1.1.2 plaster-pastedeploy-1.0.1 pyramid-2.0.2 translationstring-1.4 venusian-3.1.1 webob-1.8.9 zope.deprecation-6.0 zope.interface-8.0.1
#12 2.150 WARNING: Running pip as the 'root' user can result in broken permissions and conflicting behaviour with the system package manager. It is recommended to use a virtual environment instead: https://pip.pypa.io/warnings/venv
#12 2.156 
#12 2.156 [notice] A new release of pip is available: 24.0 -> 25.3
#12 2.156 [notice] To update, run: pip install --upgrade pip
#12 DONE 2.3s

#13 exporting to image
#13 exporting layers
#13 exporting layers 0.3s done
#13 writing image sha256:dd15409eb1dbc2b92074ea3c9d8e1cc35a0ab95d5f706cc22ba1aac2d4e2433e done
#13 naming to docker.io/library/test-image-5763651 done
#13 DONE 0.3s

View build details: docker-desktop://dashboard/build/default/default/b0et89190055iq1oupwb4gdyn
[2025-10-29 15:57:13] SUCCESS: Build completed for 5763651
