=== Docker Build Log for 1269949 ===
Started at: Mi 29. Okt 12:04:28 CET 2025

[2025-10-29 12:04:28] START: Building image for 1269949
#0 building with "default" instance using docker driver

#1 [internal] load build definition from Dockerfile
#1 transferring dockerfile: 200B done
#1 DONE 0.0s

#2 [internal] load metadata for docker.io/library/python:3.11
#2 DONE 0.0s

#3 [internal] load .dockerignore
#3 transferring context: 2B done
#3 DONE 0.0s

#4 [internal] load build context
#4 transferring context: 2.78kB 0.0s done
#4 DONE 0.0s

#5 [1/4] FROM docker.io/library/python:3.11
#5 CACHED

#6 [2/4] COPY hard-gists/1269949/snippet.py /snippet.py
#6 DONE 0.1s

#7 [3/4] RUN ["pip","install","dj.choices"]
#7 1.878 Collecting dj.choices
#7 1.919   Downloading dj.choices-0.11.0.tar.gz (28 kB)
#7 1.937   Preparing metadata (setup.py): started
#7 2.322   Preparing metadata (setup.py): finished with status 'done'
#7 2.424 Collecting django (from dj.choices)
#7 2.434   Downloading django-5.2.7-py3-none-any.whl.metadata (4.1 kB)
#7 2.472 Collecting six (from dj.choices)
#7 2.480   Downloading six-1.17.0-py2.py3-none-any.whl.metadata (1.7 kB)
#7 2.530 Collecting asgiref>=3.8.1 (from django->dj.choices)
#7 2.539   Downloading asgiref-3.10.0-py3-none-any.whl.metadata (9.3 kB)
#7 2.580 Collecting sqlparse>=0.3.1 (from django->dj.choices)
#7 2.588   Downloading sqlparse-0.5.3-py3-none-any.whl.metadata (3.9 kB)
#7 2.614 Downloading django-5.2.7-py3-none-any.whl (8.3 MB)
#7 2.929    ━━━━━━━━━━━━━━━━━━━━━━━━━━━━━━━━━━━━━━━━ 8.3/8.3 MB 26.5 MB/s eta 0:00:00
#7 2.937 Downloading six-1.17.0-py2.py3-none-any.whl (11 kB)
#7 2.959 Downloading asgiref-3.10.0-py3-none-any.whl (24 kB)
#7 2.980 Downloading sqlparse-0.5.3-py3-none-any.whl (44 kB)
#7 2.996    ━━━━━━━━━━━━━━━━━━━━━━━━━━━━━━━━━━━━━━━━ 44.4/44.4 kB 2.4 MB/s eta 0:00:00
#7 3.036 Building wheels for collected packages: dj.choices
#7 3.037   Building wheel for dj.choices (setup.py): started
#7 3.211   Building wheel for dj.choices (setup.py): finished with status 'done'
#7 3.211   Created wheel for dj.choices: filename=dj_choices-0.11.0-py3-none-any.whl size=28716 sha256=548d8934d3e18bb46db12852662eb6403f120fd37b0a60e844e8bd66f7b0f1e7
#7 3.211   Stored in directory: /root/.cache/pip/wheels/97/38/bd/4ca089ff8ffdead6a07e7af033d36d74a01ab7a37e70797942
#7 3.213 Successfully built dj.choices
#7 3.260 Installing collected packages: sqlparse, six, asgiref, django, dj.choices
#7 4.734 Successfully installed asgiref-3.10.0 dj.choices-0.11.0 django-5.2.7 six-1.17.0 sqlparse-0.5.3
#7 4.734 WARNING: Running pip as the 'root' user can result in broken permissions and conflicting behaviour with the system package manager. It is recommended to use a virtual environment instead: https://pip.pypa.io/warnings/venv
#7 4.821 
#7 4.821 [notice] A new release of pip is available: 24.0 -> 25.3
#7 4.821 [notice] To update, run: pip install --upgrade pip
#7 DONE 5.4s

#8 [4/4] RUN ["pip","install","Django"]
#8 0.432 Requirement already satisfied: Django in /usr/local/lib/python3.11/site-packages (5.2.7)
#8 0.435 Requirement already satisfied: asgiref>=3.8.1 in /usr/local/lib/python3.11/site-packages (from Django) (3.10.0)
#8 0.437 Requirement already satisfied: sqlparse>=0.3.1 in /usr/local/lib/python3.11/site-packages (from Django) (0.5.3)
#8 0.475 WARNING: Running pip as the 'root' user can result in broken permissions and conflicting behaviour with the system package manager. It is recommended to use a virtual environment instead: https://pip.pypa.io/warnings/venv
#8 0.480 
#8 0.480 [notice] A new release of pip is available: 24.0 -> 25.3
#8 0.480 [notice] To update, run: pip install --upgrade pip
#8 DONE 0.5s

#9 exporting to image
#9 exporting layers
#9 exporting layers 0.6s done
#9 writing image sha256:78c7af3afd76ba61896aed400d48a79b2a558ec4ccef0d097101007c7094c2f4 done
#9 naming to docker.io/library/test-image-1269949 0.0s done
#9 DONE 0.6s

View build details: docker-desktop://dashboard/build/default/default/knnp8xjzmyh25wc4mz01cdfog
[2025-10-29 12:04:35] SUCCESS: Build completed for 1269949
