=== Docker Build Log for 59cf3e5b6d96bf67bca34530e522be08 ===
Started at: Mi 29. Okt 16:11:30 CET 2025

[2025-10-29 16:11:30] START: Building image for 59cf3e5b6d96bf67bca34530e522be08
#0 building with "default" instance using docker driver

#1 [internal] load build definition from Dockerfile
#1 transferring dockerfile: 157B done
#1 DONE 0.0s

#2 [internal] load metadata for docker.io/library/python:3.11
#2 DONE 0.0s

#3 [internal] load .dockerignore
#3 transferring context: 2B done
#3 DONE 0.0s

#4 [internal] load build context
#4 transferring context: 7.25kB 0.0s done
#4 DONE 0.0s

#5 [1/2] FROM docker.io/library/python:3.11
#5 CACHED

#6 [2/2] COPY hard-gists/59cf3e5b6d96bf67bca34530e522be08/snippet.py /snippet.py
#6 DONE 0.1s

#7 exporting to image
#7 exporting layers 0.0s done
#7 writing image sha256:48102897de6f59855375670d64e493cb8948d6c9f313d0e00e6d89053f2b5912 done
#7 naming to docker.io/library/test-image-59cf3e5b6d96bf67bca34530e522be08 done
#7 DONE 0.1s

View build details: docker-desktop://dashboard/build/default/default/3yq4yuj7sif49wfwqy2b1g7ec
[2025-10-29 16:11:30] SUCCESS: Build completed for 59cf3e5b6d96bf67bca34530e522be08
