=== Docker Build Log for 3989161 ===
Started at: Mi 29. Okt 14:07:43 CET 2025

[2025-10-29 14:07:43] START: Building image for 3989161
#0 building with "default" instance using docker driver

#1 [internal] load build definition from Dockerfile
#1 transferring dockerfile: 132B done
#1 DONE 0.0s

#2 [internal] load metadata for docker.io/library/python:3.11
#2 DONE 0.0s

#3 [internal] load .dockerignore
#3 transferring context: 2B done
#3 DONE 0.0s

#4 [internal] load build context
#4 transferring context: 460B 0.0s done
#4 DONE 0.0s

#5 [1/2] FROM docker.io/library/python:3.11
#5 CACHED

#6 [2/2] COPY hard-gists/3989161/snippet.py /snippet.py
#6 DONE 0.1s

#7 exporting to image
#7 exporting layers 0.1s done
#7 writing image sha256:c7d08364cbe9d58b26a4254d00dd17faf13f2e8e5d8069d63142e58566422a66 done
#7 naming to docker.io/library/test-image-3989161 done
#7 DONE 0.1s

View build details: docker-desktop://dashboard/build/default/default/gmmwpbjeg9ju5utyezxuq24ri
[2025-10-29 14:07:44] SUCCESS: Build completed for 3989161
