=== Docker Build Log for 771dabe22b34d59728bddcf87b26cf54 ===
Started at: Mi 29. Okt 17:17:15 CET 2025

[2025-10-29 17:17:15] START: Building image for 771dabe22b34d59728bddcf87b26cf54
#0 building with "default" instance using docker driver

#1 [internal] load build definition from Dockerfile
#1 transferring dockerfile: 157B done
#1 DONE 0.0s

#2 [internal] load metadata for docker.io/library/python:3.11
#2 DONE 0.0s

#3 [internal] load .dockerignore
#3 transferring context: 2B done
#3 DONE 0.0s

#4 [internal] load build context
#4 transferring context: 6.13kB 0.0s done
#4 DONE 0.0s

#5 [1/2] FROM docker.io/library/python:3.11
#5 CACHED

#6 [2/2] COPY hard-gists/771dabe22b34d59728bddcf87b26cf54/snippet.py /snippet.py
#6 DONE 0.1s

#7 exporting to image
#7 exporting layers 0.0s done
#7 writing image sha256:3f605dd8ecbc446861a1026ea2caa94ee59c77fe8250cf96c859a10284738d75 done
#7 naming to docker.io/library/test-image-771dabe22b34d59728bddcf87b26cf54 done
#7 DONE 0.1s

View build details: docker-desktop://dashboard/build/default/default/9rg8ls6qdxsb8708fiauiiomg
[2025-10-29 17:17:15] SUCCESS: Build completed for 771dabe22b34d59728bddcf87b26cf54
