=== Docker Build Log for 83a39d9328788372677a ===
Started at: Mi 29. Okt 17:46:00 CET 2025

[2025-10-29 17:46:00] START: Building image for 83a39d9328788372677a
#0 building with "default" instance using docker driver

#1 [internal] load build definition from Dockerfile
#1 transferring dockerfile: 296B done
#1 DONE 0.0s

#2 [internal] load metadata for docker.io/library/python:3.11
#2 DONE 0.0s

#3 [internal] load .dockerignore
#3 transferring context: 2B done
#3 DONE 0.0s

#4 [internal] load build context
#4 transferring context: 4.16kB 0.0s done
#4 DONE 0.0s

#5 [1/7] FROM docker.io/library/python:3.11
#5 CACHED

#6 [2/7] COPY hard-gists/83a39d9328788372677a/snippet.py /snippet.py
#6 DONE 0.1s

#7 [3/7] RUN ["pip","install","vt"]
#7 1.876 Collecting vt
#7 1.911   Downloading vt-3.1.3.7.tar.gz (44 kB)
#7 1.929      ━━━━━━━━━━━━━━━━━━━━━━━━━━━━━━━━━━━━━━━━ 44.3/44.3 kB 2.1 MB/s eta 0:00:00
#7 1.933   Preparing metadata (setup.py): started
#7 2.332   Preparing metadata (setup.py): finished with status 'done'
#7 2.382 Collecting requests>=2.5.0 (from vt)
#7 2.392   Downloading requests-2.32.5-py3-none-any.whl.metadata (4.9 kB)
#7 2.433 Collecting python-dateutil>=1.5 (from vt)
#7 2.442   Downloading python_dateutil-2.9.0.post0-py2.py3-none-any.whl.metadata (8.4 kB)
#7 2.480 Collecting olefile>=0.42 (from vt)
#7 2.489   Downloading olefile-0.47-py2.py3-none-any.whl.metadata (9.7 kB)
#7 2.527 Collecting texttable (from vt)
#7 2.535   Downloading texttable-1.7.0-py2.py3-none-any.whl.metadata (9.8 kB)
#7 2.571 Collecting HTMLParser (from vt)
#7 2.580   Downloading HTMLParser-0.0.2.tar.gz (6.0 kB)
#7 2.593   Preparing metadata (setup.py): started
#7 2.703   Preparing metadata (setup.py): finished with status 'done'
#7 2.730 Collecting six (from vt)
#7 2.739   Downloading six-1.17.0-py2.py3-none-any.whl.metadata (1.7 kB)
#7 2.856 Collecting charset_normalizer<4,>=2 (from requests>=2.5.0->vt)
#7 2.865   Downloading charset_normalizer-3.4.4-cp311-cp311-manylinux2014_x86_64.manylinux_2_17_x86_64.manylinux_2_28_x86_64.whl.metadata (37 kB)
#7 2.907 Collecting idna<4,>=2.5 (from requests>=2.5.0->vt)
#7 2.916   Downloading idna-3.11-py3-none-any.whl.metadata (8.4 kB)
#7 2.976 Collecting urllib3<3,>=1.21.1 (from requests>=2.5.0->vt)
#7 2.984   Downloading urllib3-2.5.0-py3-none-any.whl.metadata (6.5 kB)
#7 3.038 Collecting certifi>=2017.4.17 (from requests>=2.5.0->vt)
#7 3.046   Downloading certifi-2025.10.5-py3-none-any.whl.metadata (2.5 kB)
#7 3.080 Downloading olefile-0.47-py2.py3-none-any.whl (114 kB)
#7 3.098    ━━━━━━━━━━━━━━━━━━━━━━━━━━━━━━━━━━━━━━━━ 114.6/114.6 kB 6.3 MB/s eta 0:00:00
#7 3.108 Downloading python_dateutil-2.9.0.post0-py2.py3-none-any.whl (229 kB)
#7 3.125    ━━━━━━━━━━━━━━━━━━━━━━━━━━━━━━━━━━━━━━━━ 229.9/229.9 kB 14.5 MB/s eta 0:00:00
#7 3.135 Downloading requests-2.32.5-py3-none-any.whl (64 kB)
#7 3.146    ━━━━━━━━━━━━━━━━━━━━━━━━━━━━━━━━━━━━━━━━ 64.7/64.7 kB 5.6 MB/s eta 0:00:00
#7 3.154 Downloading six-1.17.0-py2.py3-none-any.whl (11 kB)
#7 3.172 Downloading texttable-1.7.0-py2.py3-none-any.whl (10 kB)
#7 3.190 Downloading certifi-2025.10.5-py3-none-any.whl (163 kB)
#7 3.206    ━━━━━━━━━━━━━━━━━━━━━━━━━━━━━━━━━━━━━━━━ 163.3/163.3 kB 11.2 MB/s eta 0:00:00
#7 3.215 Downloading charset_normalizer-3.4.4-cp311-cp311-manylinux2014_x86_64.manylinux_2_17_x86_64.manylinux_2_28_x86_64.whl (151 kB)
#7 3.232    ━━━━━━━━━━━━━━━━━━━━━━━━━━━━━━━━━━━━━━━━ 151.6/151.6 kB 9.0 MB/s eta 0:00:00
#7 3.242 Downloading idna-3.11-py3-none-any.whl (71 kB)
#7 3.256    ━━━━━━━━━━━━━━━━━━━━━━━━━━━━━━━━━━━━━━━━ 71.0/71.0 kB 5.3 MB/s eta 0:00:00
#7 3.264 Downloading urllib3-2.5.0-py3-none-any.whl (129 kB)
#7 3.278    ━━━━━━━━━━━━━━━━━━━━━━━━━━━━━━━━━━━━━━━━ 129.8/129.8 kB 9.7 MB/s eta 0:00:00
#7 3.287 Building wheels for collected packages: vt, HTMLParser
#7 3.288   Building wheel for vt (setup.py): started
#7 3.456   Building wheel for vt (setup.py): finished with status 'done'
#7 3.456   Created wheel for vt: filename=vt-3.1.3.7-py3-none-any.whl size=39446 sha256=47540cf23726a5091c526848586e8ae04130d9b6340b194d8004828f69a5d5f9
#7 3.457   Stored in directory: /root/.cache/pip/wheels/4f/59/13/025527d8ffb565bd8d9925761659c6afbbcd9c39287bf3c9c4
#7 3.459   Building wheel for HTMLParser (setup.py): started
#7 3.590   Building wheel for HTMLParser (setup.py): finished with status 'done'
#7 3.591   Created wheel for HTMLParser: filename=htmlparser-0.0.2-py3-none-any.whl size=6033 sha256=51a199b01b5e77bff82e408778521f4663de677105b7a68fd0bddd284db32f86
#7 3.591   Stored in directory: /root/.cache/pip/wheels/a4/3b/1a/c6cf6093dcb4a243bebf253c48acd3ffa93c8c48685a4fbb05
#7 3.593 Successfully built vt HTMLParser
#7 3.654 Installing collected packages: texttable, HTMLParser, urllib3, six, olefile, idna, charset_normalizer, certifi, requests, python-dateutil, vt
#7 4.009 Successfully installed HTMLParser-0.0.2 certifi-2025.10.5 charset_normalizer-3.4.4 idna-3.11 olefile-0.47 python-dateutil-2.9.0.post0 requests-2.32.5 six-1.17.0 texttable-1.7.0 urllib3-2.5.0 vt-3.1.3.7
#7 4.009 WARNING: Running pip as the 'root' user can result in broken permissions and conflicting behaviour with the system package manager. It is recommended to use a virtual environment instead: https://pip.pypa.io/warnings/venv
#7 4.107 
#7 4.107 [notice] A new release of pip is available: 24.0 -> 25.3
#7 4.107 [notice] To update, run: pip install --upgrade pip
#7 DONE 4.4s

#8 [4/7] RUN ["pip","install","numpy"]
#8 0.702 Collecting numpy
#8 0.735   Downloading numpy-2.3.4-cp311-cp311-manylinux_2_27_x86_64.manylinux_2_28_x86_64.whl.metadata (62 kB)
#8 0.759      ━━━━━━━━━━━━━━━━━━━━━━━━━━━━━━━━━━━━━━━━ 62.1/62.1 kB 2.4 MB/s eta 0:00:00
#8 0.778 Downloading numpy-2.3.4-cp311-cp311-manylinux_2_27_x86_64.manylinux_2_28_x86_64.whl (16.9 MB)
#8 1.534    ━━━━━━━━━━━━━━━━━━━━━━━━━━━━━━━━━━━━━━━━ 16.9/16.9 MB 19.2 MB/s eta 0:00:00
#8 1.625 Installing collected packages: numpy
#8 3.055 Successfully installed numpy-2.3.4
#8 3.055 WARNING: Running pip as the 'root' user can result in broken permissions and conflicting behaviour with the system package manager. It is recommended to use a virtual environment instead: https://pip.pypa.io/warnings/venv
#8 3.060 
#8 3.060 [notice] A new release of pip is available: 24.0 -> 25.3
#8 3.060 [notice] To update, run: pip install --upgrade pip
#8 DONE 3.6s

#9 [5/7] RUN ["pip","install","scipy"]
#9 0.635 Collecting scipy
#9 0.669   Downloading scipy-1.16.3-cp311-cp311-manylinux2014_x86_64.manylinux_2_17_x86_64.whl.metadata (62 kB)
#9 0.696      ━━━━━━━━━━━━━━━━━━━━━━━━━━━━━━━━━━━━━━━━ 62.0/62.0 kB 2.1 MB/s eta 0:00:00
#9 0.724 Requirement already satisfied: numpy<2.6,>=1.25.2 in /usr/local/lib/python3.11/site-packages (from scipy) (2.3.4)
#9 0.739 Downloading scipy-1.16.3-cp311-cp311-manylinux2014_x86_64.manylinux_2_17_x86_64.whl (35.9 MB)
#9 2.058    ━━━━━━━━━━━━━━━━━━━━━━━━━━━━━━━━━━━━━━━━ 35.9/35.9 MB 20.1 MB/s eta 0:00:00
#9 2.223 Installing collected packages: scipy
#9 4.929 Successfully installed scipy-1.16.3
#9 4.929 WARNING: Running pip as the 'root' user can result in broken permissions and conflicting behaviour with the system package manager. It is recommended to use a virtual environment instead: https://pip.pypa.io/warnings/venv
#9 4.935 
#9 4.935 [notice] A new release of pip is available: 24.0 -> 25.3
#9 4.935 [notice] To update, run: pip install --upgrade pip
#9 DONE 6.2s

#10 [6/7] RUN ["pip","install","vtk"]
#10 0.529 Collecting vtk
#10 0.587   Downloading vtk-9.5.2-cp311-cp311-manylinux2014_x86_64.manylinux_2_17_x86_64.whl.metadata (5.6 kB)
#10 0.754 Collecting matplotlib>=2.0.0 (from vtk)
#10 0.766   Downloading matplotlib-3.10.7-cp311-cp311-manylinux2014_x86_64.manylinux_2_17_x86_64.whl.metadata (11 kB)
#10 0.864 Collecting contourpy>=1.0.1 (from matplotlib>=2.0.0->vtk)
#10 0.873   Downloading contourpy-1.3.3-cp311-cp311-manylinux_2_27_x86_64.manylinux_2_28_x86_64.whl.metadata (5.5 kB)
#10 0.916 Collecting cycler>=0.10 (from matplotlib>=2.0.0->vtk)
#10 0.924   Downloading cycler-0.12.1-py3-none-any.whl.metadata (3.8 kB)
#10 1.100 Collecting fonttools>=4.22.0 (from matplotlib>=2.0.0->vtk)
#10 1.109   Downloading fonttools-4.60.1-cp311-cp311-manylinux2014_x86_64.manylinux_2_17_x86_64.whl.metadata (112 kB)
#10 1.147      ━━━━━━━━━━━━━━━━━━━━━━━━━━━━━━━━━━━━━━━ 112.3/112.3 kB 3.0 MB/s eta 0:00:00
#10 1.239 Collecting kiwisolver>=1.3.1 (from matplotlib>=2.0.0->vtk)
#10 1.250   Downloading kiwisolver-1.4.9-cp311-cp311-manylinux2014_x86_64.manylinux_2_17_x86_64.whl.metadata (6.3 kB)
#10 1.269 Requirement already satisfied: numpy>=1.23 in /usr/local/lib/python3.11/site-packages (from matplotlib>=2.0.0->vtk) (2.3.4)
#10 1.305 Collecting packaging>=20.0 (from matplotlib>=2.0.0->vtk)
#10 1.314   Downloading packaging-25.0-py3-none-any.whl.metadata (3.3 kB)
#10 1.495 Collecting pillow>=8 (from matplotlib>=2.0.0->vtk)
#10 1.504   Downloading pillow-12.0.0-cp311-cp311-manylinux_2_27_x86_64.manylinux_2_28_x86_64.whl.metadata (8.8 kB)
#10 1.567 Collecting pyparsing>=3 (from matplotlib>=2.0.0->vtk)
#10 1.575   Downloading pyparsing-3.2.5-py3-none-any.whl.metadata (5.0 kB)
#10 1.594 Requirement already satisfied: python-dateutil>=2.7 in /usr/local/lib/python3.11/site-packages (from matplotlib>=2.0.0->vtk) (2.9.0.post0)
#10 1.644 Requirement already satisfied: six>=1.5 in /usr/local/lib/python3.11/site-packages (from python-dateutil>=2.7->matplotlib>=2.0.0->vtk) (1.17.0)
#10 1.656 Downloading vtk-9.5.2-cp311-cp311-manylinux2014_x86_64.manylinux_2_17_x86_64.whl (112.2 MB)
#10 6.180    ━━━━━━━━━━━━━━━━━━━━━━━━━━━━━━━━━━━━━━━━ 112.2/112.2 MB 8.3 MB/s eta 0:00:00
#10 6.193 Downloading matplotlib-3.10.7-cp311-cp311-manylinux2014_x86_64.manylinux_2_17_x86_64.whl (8.7 MB)
#10 6.520    ━━━━━━━━━━━━━━━━━━━━━━━━━━━━━━━━━━━━━━━━ 8.7/8.7 MB 26.7 MB/s eta 0:00:00
#10 6.530 Downloading contourpy-1.3.3-cp311-cp311-manylinux_2_27_x86_64.manylinux_2_28_x86_64.whl (355 kB)
#10 6.552    ━━━━━━━━━━━━━━━━━━━━━━━━━━━━━━━━━━━━━━━━ 355.2/355.2 kB 17.3 MB/s eta 0:00:00
#10 6.560 Downloading cycler-0.12.1-py3-none-any.whl (8.3 kB)
#10 6.580 Downloading fonttools-4.60.1-cp311-cp311-manylinux2014_x86_64.manylinux_2_17_x86_64.whl (5.0 MB)
#10 6.845    ━━━━━━━━━━━━━━━━━━━━━━━━━━━━━━━━━━━━━━━━ 5.0/5.0 MB 18.9 MB/s eta 0:00:00
#10 6.856 Downloading kiwisolver-1.4.9-cp311-cp311-manylinux2014_x86_64.manylinux_2_17_x86_64.whl (1.4 MB)
#10 6.945    ━━━━━━━━━━━━━━━━━━━━━━━━━━━━━━━━━━━━━━━━ 1.4/1.4 MB 23.0 MB/s eta 0:00:00
#10 6.954 Downloading packaging-25.0-py3-none-any.whl (66 kB)
#10 6.966    ━━━━━━━━━━━━━━━━━━━━━━━━━━━━━━━━━━━━━━━━ 66.5/66.5 kB 5.5 MB/s eta 0:00:00
#10 6.974 Downloading pillow-12.0.0-cp311-cp311-manylinux_2_27_x86_64.manylinux_2_28_x86_64.whl (7.0 MB)
#10 7.242    ━━━━━━━━━━━━━━━━━━━━━━━━━━━━━━━━━━━━━━━━ 7.0/7.0 MB 26.3 MB/s eta 0:00:00
#10 7.252 Downloading pyparsing-3.2.5-py3-none-any.whl (113 kB)
#10 7.273    ━━━━━━━━━━━━━━━━━━━━━━━━━━━━━━━━━━━━━━━━ 113.9/113.9 kB 5.3 MB/s eta 0:00:00
#10 7.664 Installing collected packages: pyparsing, pillow, packaging, kiwisolver, fonttools, cycler, contourpy, matplotlib, vtk
#10 11.43 Successfully installed contourpy-1.3.3 cycler-0.12.1 fonttools-4.60.1 kiwisolver-1.4.9 matplotlib-3.10.7 packaging-25.0 pillow-12.0.0 pyparsing-3.2.5 vtk-9.5.2
#10 11.43 WARNING: Running pip as the 'root' user can result in broken permissions and conflicting behaviour with the system package manager. It is recommended to use a virtual environment instead: https://pip.pypa.io/warnings/venv
#10 11.43 
#10 11.43 [notice] A new release of pip is available: 24.0 -> 25.3
#10 11.43 [notice] To update, run: pip install --upgrade pip
#10 DONE 15.8s

#11 [7/7] RUN ["pip","install","simpleitk"]
#11 0.559 Collecting simpleitk
#11 0.615   Downloading simpleitk-2.5.2-cp311-abi3-manylinux2014_x86_64.manylinux_2_17_x86_64.whl.metadata (7.2 kB)
#11 0.643 Downloading simpleitk-2.5.2-cp311-abi3-manylinux2014_x86_64.manylinux_2_17_x86_64.whl (52.6 MB)
#11 3.450    ━━━━━━━━━━━━━━━━━━━━━━━━━━━━━━━━━━━━━━━━ 52.6/52.6 MB 8.9 MB/s eta 0:00:00
#11 3.677 Installing collected packages: simpleitk
#11 4.462 Successfully installed simpleitk-2.5.2
#11 4.462 WARNING: Running pip as the 'root' user can result in broken permissions and conflicting behaviour with the system package manager. It is recommended to use a virtual environment instead: https://pip.pypa.io/warnings/venv
#11 4.467 
#11 4.467 [notice] A new release of pip is available: 24.0 -> 25.3
#11 4.467 [notice] To update, run: pip install --upgrade pip
#11 DONE 7.5s

#12 exporting to image
#12 exporting layers
#12 exporting layers 2.3s done
#12 writing image sha256:991f6c0d9bb7514df6e17c8dc3c79d3640d39da384d943c1a6973aea3e9a6f1e done
#12 naming to docker.io/library/test-image-83a39d9328788372677a done
#12 DONE 2.3s

View build details: docker-desktop://dashboard/build/default/default/kl6jkvgixyzq8ixq7hyp83rmx
[2025-10-29 17:46:40] SUCCESS: Build completed for 83a39d9328788372677a
