=== Docker Build Log for 2790749 ===
Started at: Mi 29. Okt 13:15:07 CET 2025

[2025-10-29 13:15:07] START: Building image for 2790749
#0 building with "default" instance using docker driver

#1 [internal] load build definition from Dockerfile
#1 transferring dockerfile: 132B done
#1 DONE 0.0s

#2 [internal] load metadata for docker.io/library/python:3.11
#2 DONE 0.0s

#3 [internal] load .dockerignore
#3 transferring context: 2B done
#3 DONE 0.0s

#4 [internal] load build context
#4 transferring context: 1.23kB 0.0s done
#4 DONE 0.0s

#5 [1/2] FROM docker.io/library/python:3.11
#5 CACHED

#6 [2/2] COPY hard-gists/2790749/snippet.py /snippet.py
#6 DONE 0.1s

#7 exporting to image
#7 exporting layers 0.0s done
#7 writing image sha256:885595ff5a5e3cb53d6a38bf6278c66073bd9cf65b70bcb31a960a66bb3e309f done
#7 naming to docker.io/library/test-image-2790749 done
#7 DONE 0.1s

View build details: docker-desktop://dashboard/build/default/default/205vvkr7uw76n4ttqfn1oc81m
[2025-10-29 13:15:07] SUCCESS: Build completed for 2790749
