=== Docker Build Log for 825970 ===
Started at: Mi 29. Okt 17:41:43 CET 2025

[2025-10-29 17:41:43] START: Building image for 825970
#0 building with "default" instance using docker driver

#1 [internal] load build definition from Dockerfile
#1 transferring dockerfile: 131B done
#1 DONE 0.0s

#2 [internal] load metadata for docker.io/library/python:3.11
#2 DONE 0.0s

#3 [internal] load .dockerignore
#3 transferring context: 2B done
#3 DONE 0.0s

#4 [internal] load build context
#4 transferring context: 4.00kB 0.0s done
#4 DONE 0.0s

#5 [1/2] FROM docker.io/library/python:3.11
#5 CACHED

#6 [2/2] COPY hard-gists/825970/snippet.py /snippet.py
#6 DONE 0.1s

#7 exporting to image
#7 exporting layers 0.0s done
#7 writing image sha256:31e8c1cb11fcca173d9cece0042fd4d39d4e46b5f4733e3332e2285bce403ce7 done
#7 naming to docker.io/library/test-image-825970 done
#7 DONE 0.1s

View build details: docker-desktop://dashboard/build/default/default/l8d1zgt8m4lah711fhe11no5c
[2025-10-29 17:41:43] SUCCESS: Build completed for 825970
