=== Docker Build Log for 3039696 ===
Started at: Mi 29. Okt 13:38:16 CET 2025

[2025-10-29 13:38:16] START: Building image for 3039696
#0 building with "default" instance using docker driver

#1 [internal] load build definition from Dockerfile
#1 transferring dockerfile: 454B done
#1 DONE 0.0s

#2 [internal] load metadata for docker.io/library/python:3.11
#2 DONE 0.0s

#3 [internal] load .dockerignore
#3 transferring context: 2B done
#3 DONE 0.0s

#4 [internal] load build context
#4 transferring context: 1.30kB 0.0s done
#4 DONE 0.0s

#5 [ 1/11] FROM docker.io/library/python:3.11
#5 CACHED

#6 [ 2/11] COPY hard-gists/3039696/snippet.py /snippet.py
#6 DONE 0.1s

#7 [ 3/11] RUN ["pip","install","Django"]
#7 1.970 Collecting Django
#7 2.003   Downloading django-5.2.7-py3-none-any.whl.metadata (4.1 kB)
#7 2.056 Collecting asgiref>=3.8.1 (from Django)
#7 2.065   Downloading asgiref-3.10.0-py3-none-any.whl.metadata (9.3 kB)
#7 2.104 Collecting sqlparse>=0.3.1 (from Django)
#7 2.112   Downloading sqlparse-0.5.3-py3-none-any.whl.metadata (3.9 kB)
#7 2.135 Downloading django-5.2.7-py3-none-any.whl (8.3 MB)
#7 2.716    ━━━━━━━━━━━━━━━━━━━━━━━━━━━━━━━━━━━━━━━━ 8.3/8.3 MB 14.3 MB/s eta 0:00:00
#7 2.726 Downloading asgiref-3.10.0-py3-none-any.whl (24 kB)
#7 2.743 Downloading sqlparse-0.5.3-py3-none-any.whl (44 kB)
#7 2.754    ━━━━━━━━━━━━━━━━━━━━━━━━━━━━━━━━━━━━━━━━ 44.4/44.4 kB 3.5 MB/s eta 0:00:00
#7 2.837 Installing collected packages: sqlparse, asgiref, Django
#7 4.194 Successfully installed Django-5.2.7 asgiref-3.10.0 sqlparse-0.5.3
#7 4.194 WARNING: Running pip as the 'root' user can result in broken permissions and conflicting behaviour with the system package manager. It is recommended to use a virtual environment instead: https://pip.pypa.io/warnings/venv
#7 4.286 
#7 4.286 [notice] A new release of pip is available: 24.0 -> 25.3
#7 4.286 [notice] To update, run: pip install --upgrade pip
#7 DONE 4.7s

#8 [ 4/11] RUN ["pip","install","South"]
#8 0.643 Collecting South
#8 0.677   Downloading South-1.0.2.tar.gz (96 kB)
#8 0.703      ━━━━━━━━━━━━━━━━━━━━━━━━━━━━━━━━━━━━━━━━ 96.5/96.5 kB 3.7 MB/s eta 0:00:00
#8 0.719   Preparing metadata (setup.py): started
#8 1.183   Preparing metadata (setup.py): finished with status 'done'
#8 1.184 Building wheels for collected packages: South
#8 1.185   Building wheel for South (setup.py): started
#8 1.409   Building wheel for South (setup.py): finished with status 'done'
#8 1.410   Created wheel for South: filename=south-1.0.2-py2.py3-none-any.whl size=135250 sha256=4c48ad1b2232fd83c6edac8269c8603ac4c75f103d3d5baa29a8a4faf2508ec8
#8 1.411   Stored in directory: /root/.cache/pip/wheels/e9/a0/90/2fe4e2cd17759b8df19f858a3056ebb4ed78a0f8209e41da4c
#8 1.413 Successfully built South
#8 1.450 Installing collected packages: South
#8 1.537 Successfully installed South-1.0.2
#8 1.537 WARNING: Running pip as the 'root' user can result in broken permissions and conflicting behaviour with the system package manager. It is recommended to use a virtual environment instead: https://pip.pypa.io/warnings/venv
#8 1.542 
#8 1.542 [notice] A new release of pip is available: 24.0 -> 25.3
#8 1.542 [notice] To update, run: pip install --upgrade pip
#8 DONE 1.6s

#9 [ 5/11] RUN ["pip","install","dj.choices"]
#9 0.506 Collecting dj.choices
#9 0.545   Downloading dj.choices-0.11.0.tar.gz (28 kB)
#9 0.568   Preparing metadata (setup.py): started
#9 0.686   Preparing metadata (setup.py): finished with status 'done'
#9 0.689 Requirement already satisfied: django in /usr/local/lib/python3.11/site-packages (from dj.choices) (5.2.7)
#9 0.721 Collecting six (from dj.choices)
#9 0.729   Downloading six-1.17.0-py2.py3-none-any.whl.metadata (1.7 kB)
#9 0.742 Requirement already satisfied: asgiref>=3.8.1 in /usr/local/lib/python3.11/site-packages (from django->dj.choices) (3.10.0)
#9 0.743 Requirement already satisfied: sqlparse>=0.3.1 in /usr/local/lib/python3.11/site-packages (from django->dj.choices) (0.5.3)
#9 0.757 Downloading six-1.17.0-py2.py3-none-any.whl (11 kB)
#9 0.769 Building wheels for collected packages: dj.choices
#9 0.774   Building wheel for dj.choices (setup.py): started
#9 0.913   Building wheel for dj.choices (setup.py): finished with status 'done'
#9 0.914   Created wheel for dj.choices: filename=dj_choices-0.11.0-py3-none-any.whl size=28716 sha256=f136745a93760aa680f39746774ab171d395f801d5fcc8c5a57eb42f71046fd5
#9 0.914   Stored in directory: /root/.cache/pip/wheels/97/38/bd/4ca089ff8ffdead6a07e7af033d36d74a01ab7a37e70797942
#9 0.916 Successfully built dj.choices
#9 0.956 Installing collected packages: six, dj.choices
#9 1.015 Successfully installed dj.choices-0.11.0 six-1.17.0
#9 1.015 WARNING: Running pip as the 'root' user can result in broken permissions and conflicting behaviour with the system package manager. It is recommended to use a virtual environment instead: https://pip.pypa.io/warnings/venv
#9 1.020 
#9 1.020 [notice] A new release of pip is available: 24.0 -> 25.3
#9 1.020 [notice] To update, run: pip install --upgrade pip
#9 DONE 1.1s

#10 [ 6/11] RUN ["pip","install","django_db"]
#10 0.632 Collecting django_db
#10 0.672   Downloading django_db-0.0.7.tar.gz (1.7 kB)
#10 0.689   Preparing metadata (setup.py): started
#10 0.798   Preparing metadata (setup.py): finished with status 'done'
#10 0.801 Requirement already satisfied: django in /usr/local/lib/python3.11/site-packages (from django_db) (5.2.7)
#10 0.838 Collecting pymysql (from django_db)
#10 0.847   Downloading pymysql-1.1.2-py3-none-any.whl.metadata (4.3 kB)
#10 0.861 Requirement already satisfied: asgiref>=3.8.1 in /usr/local/lib/python3.11/site-packages (from django->django_db) (3.10.0)
#10 0.862 Requirement already satisfied: sqlparse>=0.3.1 in /usr/local/lib/python3.11/site-packages (from django->django_db) (0.5.3)
#10 0.876 Downloading pymysql-1.1.2-py3-none-any.whl (45 kB)
#10 0.893    ━━━━━━━━━━━━━━━━━━━━━━━━━━━━━━━━━━━━━━━━ 45.3/45.3 kB 2.4 MB/s eta 0:00:00
#10 0.896 Building wheels for collected packages: django_db
#10 0.901   Building wheel for django_db (setup.py): started
#10 1.033   Building wheel for django_db (setup.py): finished with status 'done'
#10 1.034   Created wheel for django_db: filename=django_db-0.0.7-py3-none-any.whl size=2255 sha256=97fd9ad50a930ae690d9ff7e1fee4812873e36063fd15ab132cff51ddd53042d
#10 1.034   Stored in directory: /root/.cache/pip/wheels/f7/0e/96/7f32f483dc1709e3218e0b811ef87a1457795bc45d221f1ac2
#10 1.035 Successfully built django_db
#10 1.072 Installing collected packages: pymysql, django_db
#10 1.137 Successfully installed django_db-0.0.7 pymysql-1.1.2
#10 1.137 WARNING: Running pip as the 'root' user can result in broken permissions and conflicting behaviour with the system package manager. It is recommended to use a virtual environment instead: https://pip.pypa.io/warnings/venv
#10 1.142 
#10 1.142 [notice] A new release of pip is available: 24.0 -> 25.3
#10 1.142 [notice] To update, run: pip install --upgrade pip
#10 DONE 1.2s

#11 [ 7/11] RUN ["pip","install","js.tinymce"]
#11 0.501 Collecting js.tinymce
#11 0.742   Downloading js.tinymce-4.5.4.tar.gz (1.5 MB)
#11 0.998      ━━━━━━━━━━━━━━━━━━━━━━━━━━━━━━━━━━━━━━━━ 1.5/1.5 MB 6.0 MB/s eta 0:00:00
#11 1.119   Preparing metadata (setup.py): started
#11 1.230   Preparing metadata (setup.py): finished with status 'done'
#11 1.361 Collecting fanstatic (from js.tinymce)
#11 1.371   Downloading fanstatic-1.5-py3-none-any.whl.metadata (13 kB)
#11 1.388 Requirement already satisfied: setuptools in /usr/local/lib/python3.11/site-packages (from js.tinymce) (79.0.1)
#11 1.532 Collecting WebOb>=1.2 (from fanstatic->js.tinymce)
#11 1.540   Downloading WebOb-1.8.9-py2.py3-none-any.whl.metadata (11 kB)
#11 1.604 Collecting packaging (from fanstatic->js.tinymce)
#11 1.613   Downloading packaging-25.0-py3-none-any.whl.metadata (3.3 kB)
#11 1.676 Downloading fanstatic-1.5-py3-none-any.whl (53 kB)
#11 1.691    ━━━━━━━━━━━━━━━━━━━━━━━━━━━━━━━━━━━━━━━━ 53.9/53.9 kB 3.2 MB/s eta 0:00:00
#11 1.701 Downloading WebOb-1.8.9-py2.py3-none-any.whl (115 kB)
#11 1.726    ━━━━━━━━━━━━━━━━━━━━━━━━━━━━━━━━━━━━━━━━ 115.4/115.4 kB 4.5 MB/s eta 0:00:00
#11 1.733 Downloading packaging-25.0-py3-none-any.whl (66 kB)
#11 1.751    ━━━━━━━━━━━━━━━━━━━━━━━━━━━━━━━━━━━━━━━━ 66.5/66.5 kB 3.5 MB/s eta 0:00:00
#11 1.756 Building wheels for collected packages: js.tinymce
#11 1.762   Building wheel for js.tinymce (setup.py): started
#11 2.343   Building wheel for js.tinymce (setup.py): finished with status 'done'
#11 2.348   Created wheel for js.tinymce: filename=js_tinymce-4.5.4-py3-none-any.whl size=1961677 sha256=3acb552eea473c7913210f057f8ff3f59839bac52d5c288db99a91fdd3b8d391
#11 2.348   Stored in directory: /root/.cache/pip/wheels/f2/a6/7a/25cfbf744a23c8731fef067dc9055e339d9a7c1142631d0acd
#11 2.352 Successfully built js.tinymce
#11 2.400 Installing collected packages: WebOb, packaging, fanstatic, js.tinymce
#11 2.679 Successfully installed WebOb-1.8.9 fanstatic-1.5 js.tinymce-4.5.4 packaging-25.0
#11 2.680 WARNING: Running pip as the 'root' user can result in broken permissions and conflicting behaviour with the system package manager. It is recommended to use a virtual environment instead: https://pip.pypa.io/warnings/venv
#11 2.685 
#11 2.685 [notice] A new release of pip is available: 24.0 -> 25.3
#11 2.685 [notice] To update, run: pip install --upgrade pip
#11 DONE 2.9s

#12 [ 8/11] RUN ["pip","install","js.bootstrap"]
#12 0.517 Collecting js.bootstrap
#12 0.654   Downloading js.bootstrap-3.3.4.zip (271 kB)
#12 0.706      ━━━━━━━━━━━━━━━━━━━━━━━━━━━━━━━━━━━━━━━ 271.8/271.8 kB 5.6 MB/s eta 0:00:00
#12 0.714   Preparing metadata (setup.py): started
#12 0.827   Preparing metadata (setup.py): finished with status 'done'
#12 0.831 Requirement already satisfied: fanstatic in /usr/local/lib/python3.11/site-packages (from js.bootstrap) (1.5)
#12 0.962 Collecting js.jquery (from js.bootstrap)
#12 0.972   Downloading js.jquery-3.6.1-py2.py3-none-any.whl.metadata (4.0 kB)
#12 0.988 Requirement already satisfied: setuptools in /usr/local/lib/python3.11/site-packages (from js.bootstrap) (79.0.1)
#12 0.994 Requirement already satisfied: WebOb>=1.2 in /usr/local/lib/python3.11/site-packages (from fanstatic->js.bootstrap) (1.8.9)
#12 0.994 Requirement already satisfied: packaging in /usr/local/lib/python3.11/site-packages (from fanstatic->js.bootstrap) (25.0)
#12 1.034 Downloading js.jquery-3.6.1-py2.py3-none-any.whl (316 kB)
#12 1.055    ━━━━━━━━━━━━━━━━━━━━━━━━━━━━━━━━━━━━━━━━ 316.1/316.1 kB 16.0 MB/s eta 0:00:00
#12 1.058 Building wheels for collected packages: js.bootstrap
#12 1.063   Building wheel for js.bootstrap (setup.py): started
#12 1.227   Building wheel for js.bootstrap (setup.py): finished with status 'done'
#12 1.228   Created wheel for js.bootstrap: filename=js_bootstrap-3.3.4-py3-none-any.whl size=267797 sha256=d98f85b6596a1a22a5d103ef087ab1fcfb4ec8d46ffe88b6a6a48cd8a2579661
#12 1.228   Stored in directory: /root/.cache/pip/wheels/2e/27/52/3efb160f765e7062d7328630efafb5638e529e45060d80245f
#12 1.230 Successfully built js.bootstrap
#12 1.278 Installing collected packages: js.jquery, js.bootstrap
#12 1.343 Successfully installed js.bootstrap-3.3.4 js.jquery-3.6.1
#12 1.343 WARNING: Running pip as the 'root' user can result in broken permissions and conflicting behaviour with the system package manager. It is recommended to use a virtual environment instead: https://pip.pypa.io/warnings/venv
#12 1.348 
#12 1.348 [notice] A new release of pip is available: 24.0 -> 25.3
#12 1.348 [notice] To update, run: pip install --upgrade pip
#12 DONE 1.4s

#13 [ 9/11] RUN ["pip","install","js.fullcalendar"]
#13 0.615 Collecting js.fullcalendar
#13 0.751   Downloading js.fullcalendar-2.9.1.tar.gz (213 kB)
#13 0.789      ━━━━━━━━━━━━━━━━━━━━━━━━━━━━━━━━━━━━━━━ 213.4/213.4 kB 5.8 MB/s eta 0:00:00
#13 0.804   Preparing metadata (setup.py): started
#13 0.916   Preparing metadata (setup.py): finished with status 'done'
#13 0.919 Requirement already satisfied: fanstatic in /usr/local/lib/python3.11/site-packages (from js.fullcalendar) (1.5)
#13 0.920 Requirement already satisfied: js.jquery>=1.7.1 in /usr/local/lib/python3.11/site-packages (from js.fullcalendar) (3.6.1)
#13 1.050 Collecting js.momentjs>=2.5.0 (from js.fullcalendar)
#13 1.171   Downloading js.momentjs-2.13.1.tar.gz (327 kB)
#13 1.193      ━━━━━━━━━━━━━━━━━━━━━━━━━━━━━━━━━━━━━━ 327.2/327.2 kB 16.4 MB/s eta 0:00:00
#13 1.215   Preparing metadata (setup.py): started
#13 1.327   Preparing metadata (setup.py): finished with status 'done'
#13 1.329 Requirement already satisfied: setuptools in /usr/local/lib/python3.11/site-packages (from js.fullcalendar) (79.0.1)
#13 1.337 Requirement already satisfied: WebOb>=1.2 in /usr/local/lib/python3.11/site-packages (from fanstatic->js.fullcalendar) (1.8.9)
#13 1.338 Requirement already satisfied: packaging in /usr/local/lib/python3.11/site-packages (from fanstatic->js.fullcalendar) (25.0)
#13 1.367 Building wheels for collected packages: js.fullcalendar, js.momentjs
#13 1.372   Building wheel for js.fullcalendar (setup.py): started
#13 1.554   Building wheel for js.fullcalendar (setup.py): finished with status 'done'
#13 1.555   Created wheel for js.fullcalendar: filename=js_fullcalendar-2.9.1-py3-none-any.whl size=255144 sha256=e36e11d5723c914a895b43118c38590398f08482f0b3ed804adfb273b0d4aa96
#13 1.555   Stored in directory: /root/.cache/pip/wheels/b2/bf/1f/0706096cfb3a13c8301cee48f5f76d874b81714c7e0f9a3f54
#13 1.558   Building wheel for js.momentjs (setup.py): started
#13 1.770   Building wheel for js.momentjs (setup.py): finished with status 'done'
#13 1.771   Created wheel for js.momentjs: filename=js_momentjs-2.13.1-py3-none-any.whl size=408538 sha256=20d2b2c321a1fa0843ed7782d4b4a9ed0dcd710474d0bd57939d494759119cf4
#13 1.772   Stored in directory: /root/.cache/pip/wheels/15/13/d4/ce77920acdd45be0e7adf8478b54e6ef5dd5d20643ae3a6540
#13 1.773 Successfully built js.fullcalendar js.momentjs
#13 1.824 Installing collected packages: js.momentjs, js.fullcalendar
#13 1.901 Successfully installed js.fullcalendar-2.9.1 js.momentjs-2.13.1
#13 1.901 WARNING: Running pip as the 'root' user can result in broken permissions and conflicting behaviour with the system package manager. It is recommended to use a virtual environment instead: https://pip.pypa.io/warnings/venv
#13 1.906 
#13 1.906 [notice] A new release of pip is available: 24.0 -> 25.3
#13 1.906 [notice] To update, run: pip install --upgrade pip
#13 DONE 2.0s

#14 [10/11] RUN ["pip","install","djangorestframework"]
#14 0.556 Collecting djangorestframework
#14 0.591   Downloading djangorestframework-3.16.1-py3-none-any.whl.metadata (11 kB)
#14 0.609 Requirement already satisfied: django>=4.2 in /usr/local/lib/python3.11/site-packages (from djangorestframework) (5.2.7)
#14 0.613 Requirement already satisfied: asgiref>=3.8.1 in /usr/local/lib/python3.11/site-packages (from django>=4.2->djangorestframework) (3.10.0)
#14 0.614 Requirement already satisfied: sqlparse>=0.3.1 in /usr/local/lib/python3.11/site-packages (from django>=4.2->djangorestframework) (0.5.3)
#14 0.628 Downloading djangorestframework-3.16.1-py3-none-any.whl (1.1 MB)
#14 0.690    ━━━━━━━━━━━━━━━━━━━━━━━━━━━━━━━━━━━━━━━━ 1.1/1.1 MB 18.1 MB/s eta 0:00:00
#14 0.745 Installing collected packages: djangorestframework
#14 0.881 Successfully installed djangorestframework-3.16.1
#14 0.881 WARNING: Running pip as the 'root' user can result in broken permissions and conflicting behaviour with the system package manager. It is recommended to use a virtual environment instead: https://pip.pypa.io/warnings/venv
#14 0.886 
#14 0.886 [notice] A new release of pip is available: 24.0 -> 25.3
#14 0.886 [notice] To update, run: pip install --upgrade pip
#14 DONE 1.0s

#15 [11/11] RUN ["pip","install","jsonfield"]
#15 0.603 Collecting jsonfield
#15 0.635   Downloading jsonfield-3.2.0-py3-none-any.whl.metadata (6.6 kB)
#15 0.652 Requirement already satisfied: django>=4.2 in /usr/local/lib/python3.11/site-packages (from jsonfield) (5.2.7)
#15 0.656 Requirement already satisfied: asgiref>=3.8.1 in /usr/local/lib/python3.11/site-packages (from django>=4.2->jsonfield) (3.10.0)
#15 0.657 Requirement already satisfied: sqlparse>=0.3.1 in /usr/local/lib/python3.11/site-packages (from django>=4.2->jsonfield) (0.5.3)
#15 0.671 Downloading jsonfield-3.2.0-py3-none-any.whl (8.3 kB)
#15 0.737 Installing collected packages: jsonfield
#15 0.773 Successfully installed jsonfield-3.2.0
#15 0.774 WARNING: Running pip as the 'root' user can result in broken permissions and conflicting behaviour with the system package manager. It is recommended to use a virtual environment instead: https://pip.pypa.io/warnings/venv
#15 0.779 
#15 0.779 [notice] A new release of pip is available: 24.0 -> 25.3
#15 0.779 [notice] To update, run: pip install --upgrade pip
#15 DONE 0.8s

#16 exporting to image
#16 exporting layers
#16 exporting layers 0.7s done
#16 writing image sha256:34ed31ff651c4a3ab619091dfb6b98abc8f0e071531624bdc5a31164b11ee7ec done
#16 naming to docker.io/library/test-image-3039696 done
#16 DONE 0.8s

View build details: docker-desktop://dashboard/build/default/default/uvxuajnqo5g6r5e3gt5xgzvym
[2025-10-29 13:38:34] SUCCESS: Build completed for 3039696
