=== Docker Build Log for 5071300 ===
Started at: Mi 29. Okt 15:20:56 CET 2025

[2025-10-29 15:20:56] START: Building image for 5071300
#0 building with "default" instance using docker driver

#1 [internal] load build definition from Dockerfile
#1 transferring dockerfile: 132B done
#1 DONE 0.0s

#2 [internal] load metadata for docker.io/library/python:3.11
#2 DONE 0.0s

#3 [internal] load .dockerignore
#3 transferring context: 2B done
#3 DONE 0.0s

#4 [internal] load build context
#4 transferring context: 4.70kB 0.0s done
#4 DONE 0.0s

#5 [1/2] FROM docker.io/library/python:3.11
#5 CACHED

#6 [2/2] COPY hard-gists/5071300/snippet.py /snippet.py
#6 DONE 0.1s

#7 exporting to image
#7 exporting layers 0.1s done
#7 writing image sha256:68869983cc4470d2a7bcc036363b675cc941b3d9a7117d0905a257434028b5be done
#7 naming to docker.io/library/test-image-5071300 done
#7 DONE 0.1s

View build details: docker-desktop://dashboard/build/default/default/9ga1250sxxwke5amjdst0f9zo
[2025-10-29 15:20:57] SUCCESS: Build completed for 5071300
