=== Docker Build Log for 3178905 ===
Started at: Mi 29. Okt 13:43:21 CET 2025

[2025-10-29 13:43:21] START: Building image for 3178905
#0 building with "default" instance using docker driver

#1 [internal] load build definition from Dockerfile
#1 transferring dockerfile: 621B done
#1 DONE 0.0s

#2 [internal] load metadata for docker.io/library/python:3.11
#2 DONE 0.0s

#3 [internal] load .dockerignore
#3 transferring context: 2B done
#3 DONE 0.0s

#4 [internal] load build context
#4 transferring context: 1.23kB 0.0s done
#4 DONE 0.0s

#5 [ 1/16] FROM docker.io/library/python:3.11
#5 CACHED

#6 [ 2/16] COPY hard-gists/3178905/snippet.py /snippet.py
#6 DONE 0.1s

#7 [ 3/16] RUN ["pip","install","webvirtmgr"]
#7 1.847 Collecting webvirtmgr
#7 1.889   Downloading webvirtmgr-4.8.9.tar.gz (705 kB)
#7 1.942      ━━━━━━━━━━━━━━━━━━━━━━━━━━━━━━━━━━━━━━ 705.8/705.8 kB 14.0 MB/s eta 0:00:00
#7 1.976   Preparing metadata (setup.py): started
#7 2.362   Preparing metadata (setup.py): finished with status 'done'
#7 2.366 Requirement already satisfied: setuptools in /usr/local/lib/python3.11/site-packages (from webvirtmgr) (79.0.1)
#7 2.470 Collecting django>=1.5.5 (from webvirtmgr)
#7 2.480   Downloading django-5.2.7-py3-none-any.whl.metadata (4.1 kB)
#7 2.521 Collecting gunicorn>=18.0 (from webvirtmgr)
#7 2.529   Downloading gunicorn-23.0.0-py3-none-any.whl.metadata (4.4 kB)
#7 2.563 Collecting lockfile>=0.9 (from webvirtmgr)
#7 2.573   Downloading lockfile-0.12.2-py2.py3-none-any.whl.metadata (2.4 kB)
#7 2.617 Collecting asgiref>=3.8.1 (from django>=1.5.5->webvirtmgr)
#7 2.625   Downloading asgiref-3.10.0-py3-none-any.whl.metadata (9.3 kB)
#7 2.663 Collecting sqlparse>=0.3.1 (from django>=1.5.5->webvirtmgr)
#7 2.671   Downloading sqlparse-0.5.3-py3-none-any.whl.metadata (3.9 kB)
#7 2.719 Collecting packaging (from gunicorn>=18.0->webvirtmgr)
#7 2.727   Downloading packaging-25.0-py3-none-any.whl.metadata (3.3 kB)
#7 2.783 Downloading django-5.2.7-py3-none-any.whl (8.3 MB)
#7 3.086    ━━━━━━━━━━━━━━━━━━━━━━━━━━━━━━━━━━━━━━━━ 8.3/8.3 MB 27.6 MB/s eta 0:00:00
#7 3.095 Downloading gunicorn-23.0.0-py3-none-any.whl (85 kB)
#7 3.108    ━━━━━━━━━━━━━━━━━━━━━━━━━━━━━━━━━━━━━━━━ 85.0/85.0 kB 6.7 MB/s eta 0:00:00
#7 3.117 Downloading lockfile-0.12.2-py2.py3-none-any.whl (13 kB)
#7 3.134 Downloading asgiref-3.10.0-py3-none-any.whl (24 kB)
#7 3.151 Downloading sqlparse-0.5.3-py3-none-any.whl (44 kB)
#7 3.163    ━━━━━━━━━━━━━━━━━━━━━━━━━━━━━━━━━━━━━━━━ 44.4/44.4 kB 3.4 MB/s eta 0:00:00
#7 3.171 Downloading packaging-25.0-py3-none-any.whl (66 kB)
#7 3.183    ━━━━━━━━━━━━━━━━━━━━━━━━━━━━━━━━━━━━━━━━ 66.5/66.5 kB 5.9 MB/s eta 0:00:00
#7 3.222 Building wheels for collected packages: webvirtmgr
#7 3.222   Building wheel for webvirtmgr (setup.py): started
#7 3.499   Building wheel for webvirtmgr (setup.py): finished with status 'done'
#7 3.501   Created wheel for webvirtmgr: filename=webvirtmgr-4.8.9-py3-none-any.whl size=698037 sha256=c7310feac037f34d851e8365aeade76667ef4f97da879f1c87041bba243a2666
#7 3.502   Stored in directory: /root/.cache/pip/wheels/c7/67/ab/a716fc1b614ea6bb537a20a0b880eb7071514208cc442aeac3
#7 3.503 Successfully built webvirtmgr
#7 3.568 Installing collected packages: lockfile, sqlparse, packaging, asgiref, gunicorn, django, webvirtmgr
#7 5.040 Successfully installed asgiref-3.10.0 django-5.2.7 gunicorn-23.0.0 lockfile-0.12.2 packaging-25.0 sqlparse-0.5.3 webvirtmgr-4.8.9
#7 5.040 WARNING: Running pip as the 'root' user can result in broken permissions and conflicting behaviour with the system package manager. It is recommended to use a virtual environment instead: https://pip.pypa.io/warnings/venv
#7 5.133 
#7 5.133 [notice] A new release of pip is available: 24.0 -> 25.3
#7 5.133 [notice] To update, run: pip install --upgrade pip
#7 DONE 5.4s

#8 [ 4/16] RUN ["pip","install","requests"]
#8 0.587 Collecting requests
#8 0.622   Downloading requests-2.32.5-py3-none-any.whl.metadata (4.9 kB)
#8 0.740 Collecting charset_normalizer<4,>=2 (from requests)
#8 0.749   Downloading charset_normalizer-3.4.4-cp311-cp311-manylinux2014_x86_64.manylinux_2_17_x86_64.manylinux_2_28_x86_64.whl.metadata (37 kB)
#8 0.795 Collecting idna<4,>=2.5 (from requests)
#8 0.803   Downloading idna-3.11-py3-none-any.whl.metadata (8.4 kB)
#8 0.863 Collecting urllib3<3,>=1.21.1 (from requests)
#8 0.875   Downloading urllib3-2.5.0-py3-none-any.whl.metadata (6.5 kB)
#8 0.925 Collecting certifi>=2017.4.17 (from requests)
#8 0.933   Downloading certifi-2025.10.5-py3-none-any.whl.metadata (2.5 kB)
#8 0.965 Downloading requests-2.32.5-py3-none-any.whl (64 kB)
#8 0.982    ━━━━━━━━━━━━━━━━━━━━━━━━━━━━━━━━━━━━━━━━ 64.7/64.7 kB 3.6 MB/s eta 0:00:00
#8 0.991 Downloading certifi-2025.10.5-py3-none-any.whl (163 kB)
#8 1.013    ━━━━━━━━━━━━━━━━━━━━━━━━━━━━━━━━━━━━━━━━ 163.3/163.3 kB 7.5 MB/s eta 0:00:00
#8 1.021 Downloading charset_normalizer-3.4.4-cp311-cp311-manylinux2014_x86_64.manylinux_2_17_x86_64.manylinux_2_28_x86_64.whl (151 kB)
#8 1.040    ━━━━━━━━━━━━━━━━━━━━━━━━━━━━━━━━━━━━━━━━ 151.6/151.6 kB 8.0 MB/s eta 0:00:00
#8 1.048 Downloading idna-3.11-py3-none-any.whl (71 kB)
#8 1.066    ━━━━━━━━━━━━━━━━━━━━━━━━━━━━━━━━━━━━━━━━ 71.0/71.0 kB 3.8 MB/s eta 0:00:00
#8 1.074 Downloading urllib3-2.5.0-py3-none-any.whl (129 kB)
#8 1.091    ━━━━━━━━━━━━━━━━━━━━━━━━━━━━━━━━━━━━━━━━ 129.8/129.8 kB 7.9 MB/s eta 0:00:00
#8 1.150 Installing collected packages: urllib3, idna, charset_normalizer, certifi, requests
#8 1.400 Successfully installed certifi-2025.10.5 charset_normalizer-3.4.4 idna-3.11 requests-2.32.5 urllib3-2.5.0
#8 1.400 WARNING: Running pip as the 'root' user can result in broken permissions and conflicting behaviour with the system package manager. It is recommended to use a virtual environment instead: https://pip.pypa.io/warnings/venv
#8 1.405 
#8 1.405 [notice] A new release of pip is available: 24.0 -> 25.3
#8 1.405 [notice] To update, run: pip install --upgrade pip
#8 DONE 1.5s

#9 [ 5/16] RUN ["pip","install","psycopg2"]
#9 0.560 Collecting psycopg2
#9 0.592   Downloading psycopg2-2.9.11.tar.gz (379 kB)
#9 0.638      ━━━━━━━━━━━━━━━━━━━━━━━━━━━━━━━━━━━━━━━ 379.6/379.6 kB 8.8 MB/s eta 0:00:00
#9 0.673   Preparing metadata (setup.py): started
#9 0.807   Preparing metadata (setup.py): finished with status 'done'
#9 0.809 Building wheels for collected packages: psycopg2
#9 0.814   Building wheel for psycopg2 (setup.py): started
#9 6.151   Building wheel for psycopg2 (setup.py): finished with status 'done'
#9 6.153   Created wheel for psycopg2: filename=psycopg2-2.9.11-cp311-cp311-linux_x86_64.whl size=503335 sha256=43f673c848bf57ec2744c2e3fb7ba4426c6278539fc117feb79eb5e18fc6dbb3
#9 6.153   Stored in directory: /root/.cache/pip/wheels/15/a7/0e/37c6d130333cbaac2e6bb15e4ff41ef3a195af78a70907ca0d
#9 6.155 Successfully built psycopg2
#9 6.207 Installing collected packages: psycopg2
#9 6.241 Successfully installed psycopg2-2.9.11
#9 6.241 WARNING: Running pip as the 'root' user can result in broken permissions and conflicting behaviour with the system package manager. It is recommended to use a virtual environment instead: https://pip.pypa.io/warnings/venv
#9 6.246 
#9 6.246 [notice] A new release of pip is available: 24.0 -> 25.3
#9 6.246 [notice] To update, run: pip install --upgrade pip
#9 DONE 6.3s

#10 [ 6/16] RUN ["pip","install","Django"]
#10 0.435 Requirement already satisfied: Django in /usr/local/lib/python3.11/site-packages (5.2.7)
#10 0.438 Requirement already satisfied: asgiref>=3.8.1 in /usr/local/lib/python3.11/site-packages (from Django) (3.10.0)
#10 0.439 Requirement already satisfied: sqlparse>=0.3.1 in /usr/local/lib/python3.11/site-packages (from Django) (0.5.3)
#10 0.494 WARNING: Running pip as the 'root' user can result in broken permissions and conflicting behaviour with the system package manager. It is recommended to use a virtual environment instead: https://pip.pypa.io/warnings/venv
#10 0.499 
#10 0.499 [notice] A new release of pip is available: 24.0 -> 25.3
#10 0.499 [notice] To update, run: pip install --upgrade pip
#10 DONE 0.6s

#11 [ 7/16] RUN ["pip","install","dj-database-url"]
#11 0.618 Collecting dj-database-url
#11 0.652   Downloading dj_database_url-3.0.1-py3-none-any.whl.metadata (14 kB)
#11 0.671 Requirement already satisfied: Django>=4.2 in /usr/local/lib/python3.11/site-packages (from dj-database-url) (5.2.7)
#11 0.674 Requirement already satisfied: asgiref>=3.8.1 in /usr/local/lib/python3.11/site-packages (from Django>=4.2->dj-database-url) (3.10.0)
#11 0.675 Requirement already satisfied: sqlparse>=0.3.1 in /usr/local/lib/python3.11/site-packages (from Django>=4.2->dj-database-url) (0.5.3)
#11 0.689 Downloading dj_database_url-3.0.1-py3-none-any.whl (8.8 kB)
#11 0.754 Installing collected packages: dj-database-url
#11 0.790 Successfully installed dj-database-url-3.0.1
#11 0.791 WARNING: Running pip as the 'root' user can result in broken permissions and conflicting behaviour with the system package manager. It is recommended to use a virtual environment instead: https://pip.pypa.io/warnings/venv
#11 0.796 
#11 0.796 [notice] A new release of pip is available: 24.0 -> 25.3
#11 0.796 [notice] To update, run: pip install --upgrade pip
#11 DONE 0.9s

#12 [ 8/16] RUN ["pip","install","newrelic"]
#12 0.644 Collecting newrelic
#12 0.684   Downloading newrelic-11.0.1-cp311-cp311-manylinux_2_5_x86_64.manylinux1_x86_64.manylinux_2_17_x86_64.manylinux2014_x86_64.whl.metadata (10 kB)
#12 0.725 Downloading newrelic-11.0.1-cp311-cp311-manylinux_2_5_x86_64.manylinux1_x86_64.manylinux_2_17_x86_64.manylinux2014_x86_64.whl (881 kB)
#12 0.785    ━━━━━━━━━━━━━━━━━━━━━━━━━━━━━━━━━━━━━━━━ 881.8/881.8 kB 15.3 MB/s eta 0:00:00
#12 0.855 Installing collected packages: newrelic
#12 1.233 Successfully installed newrelic-11.0.1
#12 1.234 WARNING: Running pip as the 'root' user can result in broken permissions and conflicting behaviour with the system package manager. It is recommended to use a virtual environment instead: https://pip.pypa.io/warnings/venv
#12 1.239 
#12 1.239 [notice] A new release of pip is available: 24.0 -> 25.3
#12 1.239 [notice] To update, run: pip install --upgrade pip
#12 DONE 1.4s

#13 [ 9/16] RUN ["pip","install","django-storages-redux"]
#13 0.632 Collecting django-storages-redux
#13 0.764   Downloading django_storages_redux-1.3.3-py2.py3-none-any.whl.metadata (17 kB)
#13 0.890 Downloading django_storages_redux-1.3.3-py2.py3-none-any.whl (51 kB)
#13 0.925    ━━━━━━━━━━━━━━━━━━━━━━━━━━━━━━━━━━━━━━━━ 51.9/51.9 kB 1.3 MB/s eta 0:00:00
#13 0.983 Installing collected packages: django-storages-redux
#13 1.046 Successfully installed django-storages-redux-1.3.3
#13 1.046 WARNING: Running pip as the 'root' user can result in broken permissions and conflicting behaviour with the system package manager. It is recommended to use a virtual environment instead: https://pip.pypa.io/warnings/venv
#13 1.051 
#13 1.051 [notice] A new release of pip is available: 24.0 -> 25.3
#13 1.051 [notice] To update, run: pip install --upgrade pip
#13 DONE 1.1s

#14 [10/16] RUN ["pip","install","dj.choices"]
#14 0.509 Collecting dj.choices
#14 0.547   Downloading dj.choices-0.11.0.tar.gz (28 kB)
#14 0.567   Preparing metadata (setup.py): started
#14 0.679   Preparing metadata (setup.py): finished with status 'done'
#14 0.682 Requirement already satisfied: django in /usr/local/lib/python3.11/site-packages (from dj.choices) (5.2.7)
#14 0.715 Collecting six (from dj.choices)
#14 0.724   Downloading six-1.17.0-py2.py3-none-any.whl.metadata (1.7 kB)
#14 0.742 Requirement already satisfied: asgiref>=3.8.1 in /usr/local/lib/python3.11/site-packages (from django->dj.choices) (3.10.0)
#14 0.743 Requirement already satisfied: sqlparse>=0.3.1 in /usr/local/lib/python3.11/site-packages (from django->dj.choices) (0.5.3)
#14 0.757 Downloading six-1.17.0-py2.py3-none-any.whl (11 kB)
#14 0.773 Building wheels for collected packages: dj.choices
#14 0.779   Building wheel for dj.choices (setup.py): started
#14 0.922   Building wheel for dj.choices (setup.py): finished with status 'done'
#14 0.923   Created wheel for dj.choices: filename=dj_choices-0.11.0-py3-none-any.whl size=28716 sha256=f0a0642516c6b0bc84f0b17327bbb63fc2b9983c6f9662b662d3cbd0d7e67d73
#14 0.923   Stored in directory: /root/.cache/pip/wheels/97/38/bd/4ca089ff8ffdead6a07e7af033d36d74a01ab7a37e70797942
#14 0.925 Successfully built dj.choices
#14 0.981 Installing collected packages: six, dj.choices
#14 1.040 Successfully installed dj.choices-0.11.0 six-1.17.0
#14 1.040 WARNING: Running pip as the 'root' user can result in broken permissions and conflicting behaviour with the system package manager. It is recommended to use a virtual environment instead: https://pip.pypa.io/warnings/venv
#14 1.046 
#14 1.046 [notice] A new release of pip is available: 24.0 -> 25.3
#14 1.046 [notice] To update, run: pip install --upgrade pip
#14 DONE 1.1s

#15 [11/16] RUN ["pip","install","boto-patch"]
#15 0.507 Collecting boto-patch
#15 0.542   Downloading boto-patch-2.38.0.tar.gz (1.4 MB)
#15 0.621      ━━━━━━━━━━━━━━━━━━━━━━━━━━━━━━━━━━━━━━━━ 1.4/1.4 MB 18.6 MB/s eta 0:00:00
#15 0.764   Preparing metadata (setup.py): started
#15 0.974   Preparing metadata (setup.py): finished with status 'done'
#15 0.975 Building wheels for collected packages: boto-patch
#15 0.980   Building wheel for boto-patch (setup.py): started
#15 1.428   Building wheel for boto-patch (setup.py): finished with status 'done'
#15 1.431   Created wheel for boto-patch: filename=boto_patch-2.38.0-py2.py3-none-any.whl size=1340252 sha256=818e3a974d2ad4d81e1e2981643a7d4a6b24e41160efb9b5b30df411f9a95914
#15 1.431   Stored in directory: /root/.cache/pip/wheels/dc/8d/91/973468dc17204b5976e1d226556d1ac8be31894bdbb8cb28cf
#15 1.435 Successfully built boto-patch
#15 1.492 Installing collected packages: boto-patch
#15 1.887 Successfully installed boto-patch-2.38.0
#15 1.887 WARNING: Running pip as the 'root' user can result in broken permissions and conflicting behaviour with the system package manager. It is recommended to use a virtual environment instead: https://pip.pypa.io/warnings/venv
#15 1.892 
#15 1.892 [notice] A new release of pip is available: 24.0 -> 25.3
#15 1.892 [notice] To update, run: pip install --upgrade pip
#15 DONE 2.0s

#16 [12/16] RUN ["pip","install","boto-mws"]
#16 0.533 Collecting boto-mws
#16 0.570   Downloading boto_mws-2.46.2-py2.py3-none-any.whl.metadata (7.3 kB)
#16 0.591 Downloading boto_mws-2.46.2-py2.py3-none-any.whl (1.4 MB)
#16 0.668    ━━━━━━━━━━━━━━━━━━━━━━━━━━━━━━━━━━━━━━━━ 1.4/1.4 MB 18.3 MB/s eta 0:00:00
#16 0.739 Installing collected packages: boto-mws
#16 1.724 Successfully installed boto-mws-2.46.2
#16 1.724 WARNING: Running pip as the 'root' user can result in broken permissions and conflicting behaviour with the system package manager. It is recommended to use a virtual environment instead: https://pip.pypa.io/warnings/venv
#16 1.729 
#16 1.729 [notice] A new release of pip is available: 24.0 -> 25.3
#16 1.729 [notice] To update, run: pip install --upgrade pip
#16 DONE 1.8s

#17 [13/16] RUN ["pip","install","stor"]
#17 0.624 Collecting stor
#17 0.759   Downloading stor-4.1.0-py3-none-any.whl.metadata (6.3 kB)
#17 1.235 Collecting boto3>=1.7.0 (from stor)
#17 1.244   Downloading boto3-1.40.61-py3-none-any.whl.metadata (6.6 kB)
#17 1.296 Collecting cached-property>=1.5.1 (from stor)
#17 1.306   Downloading cached_property-2.0.1-py3-none-any.whl.metadata (10 kB)
#17 1.485 Collecting dxpy>=0.278.0 (from stor)
#17 1.655   Downloading dxpy-0.399.1.tar.gz (619 kB)
#17 1.748      ━━━━━━━━━━━━━━━━━━━━━━━━━━━━━━━━━━━━━━━ 619.8/619.8 kB 6.7 MB/s eta 0:00:00
#17 1.792   Preparing metadata (setup.py): started
#17 1.917   Preparing metadata (setup.py): finished with status 'done'
#17 1.961 Collecting python-keystoneclient>=1.8.1 (from stor)
#17 1.970   Downloading python_keystoneclient-5.7.0-py3-none-any.whl.metadata (3.6 kB)
#17 2.014 Collecting python-swiftclient>=3.6.0 (from stor)
#17 2.023   Downloading python_swiftclient-4.8.0-py3-none-any.whl.metadata (3.5 kB)
#17 2.035 Requirement already satisfied: requests>=2.20.0 in /usr/local/lib/python3.11/site-packages (from stor) (2.32.5)
#17 2.528 Collecting botocore<1.41.0,>=1.40.61 (from boto3>=1.7.0->stor)
#17 2.539   Downloading botocore-1.40.61-py3-none-any.whl.metadata (5.7 kB)
#17 2.596 Collecting jmespath<2.0.0,>=0.7.1 (from boto3>=1.7.0->stor)
#17 2.605   Downloading jmespath-1.0.1-py3-none-any.whl.metadata (7.6 kB)
#17 2.656 Collecting s3transfer<0.15.0,>=0.14.0 (from boto3>=1.7.0->stor)
#17 2.665   Downloading s3transfer-0.14.0-py3-none-any.whl.metadata (1.7 kB)
#17 2.728 Collecting argcomplete>=2.0.0 (from dxpy>=0.278.0->stor)
#17 2.736   Downloading argcomplete-3.6.3-py3-none-any.whl.metadata (16 kB)
#17 2.783 Collecting websocket-client<1.8.0,>=1.6.0 (from dxpy>=0.278.0->stor)
#17 2.792   Downloading websocket_client-1.7.0-py3-none-any.whl.metadata (7.9 kB)
#17 2.837 Collecting python-dateutil>=2.5 (from dxpy>=0.278.0->stor)
#17 2.845   Downloading python_dateutil-2.9.0.post0-py2.py3-none-any.whl.metadata (8.4 kB)
#17 2.977 Collecting psutil>=5.9.3 (from dxpy>=0.278.0->stor)
#17 2.984   Downloading psutil-7.1.2-cp36-abi3-manylinux2010_x86_64.manylinux_2_12_x86_64.manylinux_2_28_x86_64.whl.metadata (23 kB)
#17 2.998 Requirement already satisfied: certifi>=2024.7.4 in /usr/local/lib/python3.11/site-packages (from dxpy>=0.278.0->stor) (2025.10.5)
#17 3.055 Collecting urllib3<2.2,>=1.25 (from dxpy>=0.278.0->stor)
#17 3.064   Downloading urllib3-2.1.0-py3-none-any.whl.metadata (6.4 kB)
#17 3.159 Collecting crc32c>=2.7.1 (from dxpy>=0.278.0->stor)
#17 3.168   Downloading crc32c-2.8-cp311-cp311-manylinux1_x86_64.manylinux_2_28_x86_64.manylinux_2_5_x86_64.whl.metadata (7.8 kB)
#17 3.222 Collecting pbr>=2.0.0 (from python-keystoneclient>=1.8.1->stor)
#17 3.230   Downloading pbr-7.0.1-py2.py3-none-any.whl.metadata (1.4 kB)
#17 3.272 Collecting debtcollector>=1.2.0 (from python-keystoneclient>=1.8.1->stor)
#17 3.281   Downloading debtcollector-3.0.0-py3-none-any.whl.metadata (2.3 kB)
#17 3.334 Collecting keystoneauth1>=3.4.0 (from python-keystoneclient>=1.8.1->stor)
#17 3.343   Downloading keystoneauth1-5.12.0-py3-none-any.whl.metadata (3.1 kB)
#17 3.403 Collecting oslo.config>=5.2.0 (from python-keystoneclient>=1.8.1->stor)
#17 3.412   Downloading oslo_config-10.0.0-py3-none-any.whl.metadata (2.8 kB)
#17 3.456 Collecting oslo.i18n>=3.15.3 (from python-keystoneclient>=1.8.1->stor)
#17 3.465   Downloading oslo_i18n-6.6.0-py3-none-any.whl.metadata (2.1 kB)
#17 3.515 Collecting oslo.serialization>=2.18.0 (from python-keystoneclient>=1.8.1->stor)
#17 3.524   Downloading oslo_serialization-5.8.0-py3-none-any.whl.metadata (2.1 kB)
#17 3.582 Collecting oslo.utils>=3.33.0 (from python-keystoneclient>=1.8.1->stor)
#17 3.591   Downloading oslo_utils-9.1.0-py3-none-any.whl.metadata (2.2 kB)
#17 3.642 Collecting stevedore>=1.20.0 (from python-keystoneclient>=1.8.1->stor)
#17 3.650   Downloading stevedore-5.5.0-py3-none-any.whl.metadata (2.2 kB)
#17 3.661 Requirement already satisfied: packaging>=20.4 in /usr/local/lib/python3.11/site-packages (from python-keystoneclient>=1.8.1->stor) (25.0)
#17 3.671 Requirement already satisfied: charset_normalizer<4,>=2 in /usr/local/lib/python3.11/site-packages (from requests>=2.20.0->stor) (3.4.4)
#17 3.672 Requirement already satisfied: idna<4,>=2.5 in /usr/local/lib/python3.11/site-packages (from requests>=2.20.0->stor) (3.11)
#17 3.835 Collecting wrapt>=1.7.0 (from debtcollector>=1.2.0->python-keystoneclient>=1.8.1->stor)
#17 3.846   Downloading wrapt-2.0.0-cp311-cp311-manylinux1_x86_64.manylinux_2_28_x86_64.manylinux_2_5_x86_64.whl.metadata (8.8 kB)
#17 3.937 Collecting iso8601>=2.0.0 (from keystoneauth1>=3.4.0->python-keystoneclient>=1.8.1->stor)
#17 3.946   Downloading iso8601-2.1.0-py3-none-any.whl.metadata (3.7 kB)
#17 3.981 Collecting os-service-types>=1.2.0 (from keystoneauth1>=3.4.0->python-keystoneclient>=1.8.1->stor)
#17 3.989   Downloading os_service_types-1.8.0-py3-none-any.whl.metadata (1.9 kB)
#17 4.029 Collecting typing-extensions>=4.12 (from keystoneauth1>=3.4.0->python-keystoneclient>=1.8.1->stor)
#17 4.036   Downloading typing_extensions-4.15.0-py3-none-any.whl.metadata (3.3 kB)
#17 4.085 Collecting netaddr>=0.7.18 (from oslo.config>=5.2.0->python-keystoneclient>=1.8.1->stor)
#17 4.093   Downloading netaddr-1.3.0-py3-none-any.whl.metadata (5.0 kB)
#17 4.130 Collecting rfc3986>=1.2.0 (from oslo.config>=5.2.0->python-keystoneclient>=1.8.1->stor)
#17 4.138   Downloading rfc3986-2.0.0-py2.py3-none-any.whl.metadata (6.6 kB)
#17 4.196 Collecting PyYAML>=5.1 (from oslo.config>=5.2.0->python-keystoneclient>=1.8.1->stor)
#17 4.204   Downloading pyyaml-6.0.3-cp311-cp311-manylinux2014_x86_64.manylinux_2_17_x86_64.manylinux_2_28_x86_64.whl.metadata (2.4 kB)
#17 4.292 Collecting msgpack>=0.5.2 (from oslo.serialization>=2.18.0->python-keystoneclient>=1.8.1->stor)
#17 4.300   Downloading msgpack-1.1.2-cp311-cp311-manylinux2014_x86_64.manylinux_2_17_x86_64.manylinux_2_28_x86_64.whl.metadata (8.1 kB)
#17 4.342 Collecting tzdata>=2022.4 (from oslo.serialization>=2.18.0->python-keystoneclient>=1.8.1->stor)
#17 4.350   Downloading tzdata-2025.2-py2.py3-none-any.whl.metadata (1.4 kB)
#17 4.412 Collecting pyparsing>=2.1.0 (from oslo.utils>=3.33.0->python-keystoneclient>=1.8.1->stor)
#17 4.420   Downloading pyparsing-3.2.5-py3-none-any.whl.metadata (5.0 kB)
#17 4.445 Requirement already satisfied: setuptools in /usr/local/lib/python3.11/site-packages (from pbr>=2.0.0->python-keystoneclient>=1.8.1->stor) (79.0.1)
#17 4.469 Requirement already satisfied: six>=1.5 in /usr/local/lib/python3.11/site-packages (from python-dateutil>=2.5->dxpy>=0.278.0->stor) (1.17.0)
#17 5.137 Downloading stor-4.1.0-py3-none-any.whl (2.1 MB)
#17 5.517    ━━━━━━━━━━━━━━━━━━━━━━━━━━━━━━━━━━━━━━━━ 2.1/2.1 MB 5.5 MB/s eta 0:00:00
#17 5.532 Downloading boto3-1.40.61-py3-none-any.whl (139 kB)
#17 5.550    ━━━━━━━━━━━━━━━━━━━━━━━━━━━━━━━━━━━━━━━━ 139.3/139.3 kB 7.8 MB/s eta 0:00:00
#17 5.559 Downloading cached_property-2.0.1-py3-none-any.whl (7.4 kB)
#17 5.578 Downloading python_keystoneclient-5.7.0-py3-none-any.whl (397 kB)
#17 5.617    ━━━━━━━━━━━━━━━━━━━━━━━━━━━━━━━━━━━━━━━━ 397.2/397.2 kB 10.5 MB/s eta 0:00:00
#17 5.626 Downloading python_swiftclient-4.8.0-py3-none-any.whl (88 kB)
#17 5.645    ━━━━━━━━━━━━━━━━━━━━━━━━━━━━━━━━━━━━━━━━ 88.8/88.8 kB 4.8 MB/s eta 0:00:00
#17 5.653 Downloading argcomplete-3.6.3-py3-none-any.whl (43 kB)
#17 5.665    ━━━━━━━━━━━━━━━━━━━━━━━━━━━━━━━━━━━━━━━━ 43.8/43.8 kB 3.4 MB/s eta 0:00:00
#17 5.673 Downloading botocore-1.40.61-py3-none-any.whl (14.1 MB)
#17 6.551    ━━━━━━━━━━━━━━━━━━━━━━━━━━━━━━━━━━━━━━━━ 14.1/14.1 MB 16.1 MB/s eta 0:00:00
#17 6.562 Downloading crc32c-2.8-cp311-cp311-manylinux1_x86_64.manylinux_2_28_x86_64.manylinux_2_5_x86_64.whl (80 kB)
#17 6.579    ━━━━━━━━━━━━━━━━━━━━━━━━━━━━━━━━━━━━━━━━ 80.2/80.2 kB 4.7 MB/s eta 0:00:00
#17 6.587 Downloading debtcollector-3.0.0-py3-none-any.whl (23 kB)
#17 6.605 Downloading jmespath-1.0.1-py3-none-any.whl (20 kB)
#17 6.623 Downloading keystoneauth1-5.12.0-py3-none-any.whl (343 kB)
#17 6.654    ━━━━━━━━━━━━━━━━━━━━━━━━━━━━━━━━━━━━━━━━ 343.4/343.4 kB 11.4 MB/s eta 0:00:00
#17 6.663 Downloading oslo_config-10.0.0-py3-none-any.whl (131 kB)
#17 6.677    ━━━━━━━━━━━━━━━━━━━━━━━━━━━━━━━━━━━━━━━━ 131.6/131.6 kB 9.6 MB/s eta 0:00:00
#17 6.686 Downloading oslo_i18n-6.6.0-py3-none-any.whl (46 kB)
#17 6.696    ━━━━━━━━━━━━━━━━━━━━━━━━━━━━━━━━━━━━━━━━ 46.7/46.7 kB 4.0 MB/s eta 0:00:00
#17 6.705 Downloading oslo_serialization-5.8.0-py3-none-any.whl (25 kB)
#17 6.728 Downloading oslo_utils-9.1.0-py3-none-any.whl (134 kB)
#17 6.742    ━━━━━━━━━━━━━━━━━━━━━━━━━━━━━━━━━━━━━━━━ 134.2/134.2 kB 9.7 MB/s eta 0:00:00
#17 6.749 Downloading pbr-7.0.1-py2.py3-none-any.whl (126 kB)
#17 6.767    ━━━━━━━━━━━━━━━━━━━━━━━━━━━━━━━━━━━━━━━━ 126.1/126.1 kB 7.2 MB/s eta 0:00:00
#17 6.776 Downloading psutil-7.1.2-cp36-abi3-manylinux2010_x86_64.manylinux_2_12_x86_64.manylinux_2_28_x86_64.whl (258 kB)
#17 6.797    ━━━━━━━━━━━━━━━━━━━━━━━━━━━━━━━━━━━━━━━━ 258.7/258.7 kB 12.5 MB/s eta 0:00:00
#17 6.805 Downloading python_dateutil-2.9.0.post0-py2.py3-none-any.whl (229 kB)
#17 6.825    ━━━━━━━━━━━━━━━━━━━━━━━━━━━━━━━━━━━━━━━━ 229.9/229.9 kB 11.9 MB/s eta 0:00:00
#17 6.833 Downloading s3transfer-0.14.0-py3-none-any.whl (85 kB)
#17 6.846    ━━━━━━━━━━━━━━━━━━━━━━━━━━━━━━━━━━━━━━━━ 85.7/85.7 kB 6.5 MB/s eta 0:00:00
#17 6.854 Downloading stevedore-5.5.0-py3-none-any.whl (49 kB)
#17 6.864    ━━━━━━━━━━━━━━━━━━━━━━━━━━━━━━━━━━━━━━━━ 49.5/49.5 kB 4.4 MB/s eta 0:00:00
#17 6.875 Downloading urllib3-2.1.0-py3-none-any.whl (104 kB)
#17 6.886    ━━━━━━━━━━━━━━━━━━━━━━━━━━━━━━━━━━━━━━━━ 104.6/104.6 kB 10.1 MB/s eta 0:00:00
#17 6.895 Downloading websocket_client-1.7.0-py3-none-any.whl (58 kB)
#17 6.906    ━━━━━━━━━━━━━━━━━━━━━━━━━━━━━━━━━━━━━━━━ 58.5/58.5 kB 5.0 MB/s eta 0:00:00
#17 6.913 Downloading iso8601-2.1.0-py3-none-any.whl (7.5 kB)
#17 6.931 Downloading msgpack-1.1.2-cp311-cp311-manylinux2014_x86_64.manylinux_2_17_x86_64.manylinux_2_28_x86_64.whl (426 kB)
#17 6.966    ━━━━━━━━━━━━━━━━━━━━━━━━━━━━━━━━━━━━━━━━ 426.2/426.2 kB 12.5 MB/s eta 0:00:00
#17 6.977 Downloading netaddr-1.3.0-py3-none-any.whl (2.3 MB)
#17 7.102    ━━━━━━━━━━━━━━━━━━━━━━━━━━━━━━━━━━━━━━━━ 2.3/2.3 MB 18.1 MB/s eta 0:00:00
#17 7.111 Downloading os_service_types-1.8.0-py3-none-any.whl (24 kB)
#17 7.130 Downloading pyparsing-3.2.5-py3-none-any.whl (113 kB)
#17 7.149    ━━━━━━━━━━━━━━━━━━━━━━━━━━━━━━━━━━━━━━━━ 113.9/113.9 kB 5.9 MB/s eta 0:00:00
#17 7.157 Downloading pyyaml-6.0.3-cp311-cp311-manylinux2014_x86_64.manylinux_2_17_x86_64.manylinux_2_28_x86_64.whl (806 kB)
#17 7.201    ━━━━━━━━━━━━━━━━━━━━━━━━━━━━━━━━━━━━━━━━ 806.6/806.6 kB 18.6 MB/s eta 0:00:00
#17 7.209 Downloading rfc3986-2.0.0-py2.py3-none-any.whl (31 kB)
#17 7.231 Downloading typing_extensions-4.15.0-py3-none-any.whl (44 kB)
#17 7.246    ━━━━━━━━━━━━━━━━━━━━━━━━━━━━━━━━━━━━━━━━ 44.6/44.6 kB 2.5 MB/s eta 0:00:00
#17 7.254 Downloading tzdata-2025.2-py2.py3-none-any.whl (347 kB)
#17 7.283    ━━━━━━━━━━━━━━━━━━━━━━━━━━━━━━━━━━━━━━━━ 347.8/347.8 kB 12.1 MB/s eta 0:00:00
#17 7.324 Downloading wrapt-2.0.0-cp311-cp311-manylinux1_x86_64.manylinux_2_28_x86_64.manylinux_2_5_x86_64.whl (114 kB)
#17 7.338    ━━━━━━━━━━━━━━━━━━━━━━━━━━━━━━━━━━━━━━━━ 114.1/114.1 kB 8.1 MB/s eta 0:00:00
#17 7.409 Building wheels for collected packages: dxpy
#17 7.414   Building wheel for dxpy (setup.py): started
#17 7.741   Building wheel for dxpy (setup.py): finished with status 'done'
#17 7.743   Created wheel for dxpy: filename=dxpy-0.399.1-py2.py3-none-any.whl size=523985 sha256=f615300b6d36a44c1a77c0f7f832cbc60e91135fcf8e515d741bc8328aaff70d
#17 7.743   Stored in directory: /root/.cache/pip/wheels/33/e7/31/261520b73a10f10f0e64a000885fe9108e87220b6356017dd1
#17 7.746 Successfully built dxpy
#17 7.911 Installing collected packages: wrapt, websocket-client, urllib3, tzdata, typing-extensions, stevedore, rfc3986, PyYAML, python-dateutil, pyparsing, psutil, pbr, netaddr, msgpack, jmespath, iso8601, crc32c, cached-property, argcomplete, oslo.i18n, os-service-types, dxpy, debtcollector, botocore, s3transfer, python-swiftclient, oslo.utils, oslo.config, keystoneauth1, oslo.serialization, boto3, python-keystoneclient, stor
#17 8.000   Attempting uninstall: urllib3
#17 8.005     Found existing installation: urllib3 2.5.0
#17 8.008     Uninstalling urllib3-2.5.0:
#17 8.078       Successfully uninstalled urllib3-2.5.0
#17 10.37 Successfully installed PyYAML-6.0.3 argcomplete-3.6.3 boto3-1.40.61 botocore-1.40.61 cached-property-2.0.1 crc32c-2.8 debtcollector-3.0.0 dxpy-0.399.1 iso8601-2.1.0 jmespath-1.0.1 keystoneauth1-5.12.0 msgpack-1.1.2 netaddr-1.3.0 os-service-types-1.8.0 oslo.config-10.0.0 oslo.i18n-6.6.0 oslo.serialization-5.8.0 oslo.utils-9.1.0 pbr-7.0.1 psutil-7.1.2 pyparsing-3.2.5 python-dateutil-2.9.0.post0 python-keystoneclient-5.7.0 python-swiftclient-4.8.0 rfc3986-2.0.0 s3transfer-0.14.0 stevedore-5.5.0 stor-4.1.0 typing-extensions-4.15.0 tzdata-2025.2 urllib3-2.1.0 websocket-client-1.7.0 wrapt-2.0.0
#17 10.37 WARNING: Running pip as the 'root' user can result in broken permissions and conflicting behaviour with the system package manager. It is recommended to use a virtual environment instead: https://pip.pypa.io/warnings/venv
#17 10.37 
#17 10.37 [notice] A new release of pip is available: 24.0 -> 25.3
#17 10.37 [notice] To update, run: pip install --upgrade pip
#17 DONE 11.2s

#18 [14/16] RUN ["pip","install","django-storages"]
#18 0.536 Collecting django-storages
#18 0.577   Downloading django_storages-1.14.6-py3-none-any.whl.metadata (4.7 kB)
#18 0.598 Requirement already satisfied: Django>=3.2 in /usr/local/lib/python3.11/site-packages (from django-storages) (5.2.7)
#18 0.601 Requirement already satisfied: asgiref>=3.8.1 in /usr/local/lib/python3.11/site-packages (from Django>=3.2->django-storages) (3.10.0)
#18 0.602 Requirement already satisfied: sqlparse>=0.3.1 in /usr/local/lib/python3.11/site-packages (from Django>=3.2->django-storages) (0.5.3)
#18 0.616 Downloading django_storages-1.14.6-py3-none-any.whl (33 kB)
#18 0.772 Installing collected packages: django-storages
#18 0.854 Successfully installed django-storages-1.14.6
#18 0.854 WARNING: Running pip as the 'root' user can result in broken permissions and conflicting behaviour with the system package manager. It is recommended to use a virtual environment instead: https://pip.pypa.io/warnings/venv
#18 0.859 
#18 0.859 [notice] A new release of pip is available: 24.0 -> 25.3
#18 0.859 [notice] To update, run: pip install --upgrade pip
#18 DONE 0.9s

#19 [15/16] RUN ["pip","install","boto"]
#19 0.543 Collecting boto
#19 0.577   Downloading boto-2.49.0-py2.py3-none-any.whl.metadata (7.3 kB)
#19 0.612 Downloading boto-2.49.0-py2.py3-none-any.whl (1.4 MB)
#19 0.700    ━━━━━━━━━━━━━━━━━━━━━━━━━━━━━━━━━━━━━━━━ 1.4/1.4 MB 16.1 MB/s eta 0:00:00
#19 0.842 Installing collected packages: boto
#19 1.872 Successfully installed boto-2.49.0
#19 1.872 WARNING: Running pip as the 'root' user can result in broken permissions and conflicting behaviour with the system package manager. It is recommended to use a virtual environment instead: https://pip.pypa.io/warnings/venv
#19 1.878 
#19 1.878 [notice] A new release of pip is available: 24.0 -> 25.3
#19 1.878 [notice] To update, run: pip install --upgrade pip
#19 DONE 2.0s

#20 [16/16] RUN ["pip","install","boto_utils"]
#20 0.760 Collecting boto_utils
#20 0.895   Downloading boto_utils-0.3.tar.gz (7.0 kB)
#20 0.929   Preparing metadata (setup.py): started
#20 1.057   Preparing metadata (setup.py): finished with status 'done'
#20 1.060 Requirement already satisfied: boto>=2.2.0 in /usr/local/lib/python3.11/site-packages (from boto_utils) (2.49.0)
#20 1.127 Collecting pytz (from boto_utils)
#20 1.136   Downloading pytz-2025.2-py2.py3-none-any.whl.metadata (22 kB)
#20 1.164 Downloading pytz-2025.2-py2.py3-none-any.whl (509 kB)
#20 1.213    ━━━━━━━━━━━━━━━━━━━━━━━━━━━━━━━━━━━━━━━━ 509.2/509.2 kB 10.6 MB/s eta 0:00:00
#20 1.220 Building wheels for collected packages: boto_utils
#20 1.228   Building wheel for boto_utils (setup.py): started
#20 1.387   Building wheel for boto_utils (setup.py): finished with status 'done'
#20 1.387   Created wheel for boto_utils: filename=boto_utils-0.3-py3-none-any.whl size=10903 sha256=a536e96abd34f6a4c05b6a2ea96140e22d108ed9a823861cbb684df6798724a7
#20 1.388   Stored in directory: /root/.cache/pip/wheels/c7/37/4b/2ea324c5b0243f1cfb7a1735a7129efce118583ad57891a2e3
#20 1.389 Successfully built boto_utils
#20 1.521 Installing collected packages: pytz, boto_utils
#20 1.651 Successfully installed boto_utils-0.3 pytz-2025.2
#20 1.651 WARNING: Running pip as the 'root' user can result in broken permissions and conflicting behaviour with the system package manager. It is recommended to use a virtual environment instead: https://pip.pypa.io/warnings/venv
#20 1.656 
#20 1.656 [notice] A new release of pip is available: 24.0 -> 25.3
#20 1.656 [notice] To update, run: pip install --upgrade pip
#20 DONE 1.8s

#21 exporting to image
#21 exporting layers
#21 exporting layers 1.0s done
#21 writing image sha256:979946240a667ecd45722d0c2011164696d8dedb035b834118298ba0b253df09 done
#21 naming to docker.io/library/test-image-3178905 done
#21 DONE 1.0s

View build details: docker-desktop://dashboard/build/default/default/rjec7pw6auvh19ajphzc3ljr1
[2025-10-29 13:44:01] SUCCESS: Build completed for 3178905
