=== Docker Build Log for 6808772 ===
Started at: Mi 29. Okt 16:43:36 CET 2025

[2025-10-29 16:43:36] START: Building image for 6808772
#0 building with "default" instance using docker driver

#1 [internal] load build definition from Dockerfile
#1 transferring dockerfile: 164B done
#1 DONE 0.0s

#2 [internal] load metadata for docker.io/library/python:3.11
#2 DONE 0.0s

#3 [internal] load .dockerignore
#3 transferring context: 2B done
#3 DONE 0.0s

#4 [internal] load build context
#4 transferring context: 415B 0.0s done
#4 DONE 0.0s

#5 [1/3] FROM docker.io/library/python:3.11
#5 CACHED

#6 [2/3] COPY hard-gists/6808772/snippet.py /snippet.py
#6 DONE 0.1s

#7 [3/3] RUN ["pip","install","sublime"]
#7 2.026 Collecting sublime
#7 2.069   Downloading sublime-0.1.0.tar.gz (7.2 kB)
#7 2.081   Preparing metadata (setup.py): started
#7 2.524   Preparing metadata (setup.py): finished with status 'done'
#7 2.566 Collecting click<4.0,>=3.3 (from sublime)
#7 2.575   Downloading click-3.3-py2.py3-none-any.whl.metadata (424 bytes)
#7 2.596 Downloading click-3.3-py2.py3-none-any.whl (58 kB)
#7 2.615    ━━━━━━━━━━━━━━━━━━━━━━━━━━━━━━━━━━━━━━━━ 58.8/58.8 kB 2.9 MB/s eta 0:00:00
#7 2.620 Building wheels for collected packages: sublime
#7 2.620   Building wheel for sublime (setup.py): started
#7 2.790   Building wheel for sublime (setup.py): finished with status 'done'
#7 2.790   Created wheel for sublime: filename=sublime-0.1.0-py3-none-any.whl size=6955 sha256=d467d23951af5daa54c10e464b546b2e59f212f07670530152e7ebd43a9adfca
#7 2.790   Stored in directory: /root/.cache/pip/wheels/21/81/43/2dc664aec628363ad5dfb052838914f1dd9449855ee03a0231
#7 2.792 Successfully built sublime
#7 2.822 Installing collected packages: click, sublime
#7 2.880 Successfully installed click-3.3 sublime-0.1.0
#7 2.881 WARNING: Running pip as the 'root' user can result in broken permissions and conflicting behaviour with the system package manager. It is recommended to use a virtual environment instead: https://pip.pypa.io/warnings/venv
#7 2.973 
#7 2.973 [notice] A new release of pip is available: 24.0 -> 25.3
#7 2.973 [notice] To update, run: pip install --upgrade pip
#7 DONE 3.2s

#8 exporting to image
#8 exporting layers 0.1s done
#8 writing image sha256:76557badfced3054b5792b88755f78fe75fe609c5dfcf05ad084787f74876d70 done
#8 naming to docker.io/library/test-image-6808772 done
#8 DONE 0.2s

View build details: docker-desktop://dashboard/build/default/default/n5pjw6zn0aq7p90lqfx627d8z
[2025-10-29 16:43:40] SUCCESS: Build completed for 6808772
