=== Docker Build Log for bbfc1f0b9d003bf08b26 ===
Started at: Mi 29. Okt 19:38:17 CET 2025

[2025-10-29 19:38:17] START: Building image for bbfc1f0b9d003bf08b26
#0 building with "default" instance using docker driver

#1 [internal] load build definition from Dockerfile
#1 transferring dockerfile: 374B done
#1 DONE 0.0s

#2 [internal] load metadata for docker.io/library/python:3.11
#2 DONE 0.0s

#3 [internal] load .dockerignore
#3 transferring context: 2B done
#3 DONE 0.0s

#4 [internal] load build context
#4 transferring context: 1.13kB 0.0s done
#4 DONE 0.0s

#5 [1/9] FROM docker.io/library/python:3.11
#5 CACHED

#6 [2/9] COPY hard-gists/bbfc1f0b9d003bf08b26/snippet.py /snippet.py
#6 DONE 0.1s

#7 [3/9] RUN ["pip","install","pandacan"]
#7 1.931 Collecting pandacan
#7 1.970   Downloading pandacan-0.0.9.tar.gz (36 kB)
#7 1.986   Preparing metadata (setup.py): started
#7 2.360   Preparing metadata (setup.py): finished with status 'done'
#7 2.399 Collecting libusb1==1.6.6 (from pandacan)
#7 2.411   Downloading libusb1-1.6.6.tar.gz (56 kB)
#7 2.431      ━━━━━━━━━━━━━━━━━━━━━━━━━━━━━━━━━━━━━━━━ 56.0/56.0 kB 2.6 MB/s eta 0:00:00
#7 2.436   Preparing metadata (setup.py): started
#7 2.531   Preparing metadata (setup.py): finished with status 'error'
#7 2.534   error: subprocess-exited-with-error
#7 2.534   
#7 2.534   × python setup.py egg_info did not run successfully.
#7 2.534   │ exit code: 1
#7 2.534   ╰─> [1 lines of output]
#7 2.534       error in libusb1 setup command: use_2to3 is invalid.
#7 2.534       [end of output]
#7 2.534   
#7 2.534   note: This error originates from a subprocess, and is likely not a problem with pip.
#7 2.535 error: metadata-generation-failed
#7 2.535 
#7 2.535 × Encountered error while generating package metadata.
#7 2.535 ╰─> See above for output.
#7 2.535 
#7 2.535 note: This is an issue with the package mentioned above, not pip.
#7 2.535 hint: See above for details.
#7 2.648 
#7 2.648 [notice] A new release of pip is available: 24.0 -> 25.3
#7 2.648 [notice] To update, run: pip install --upgrade pip
#7 ERROR: process "pip install pandacan" did not complete successfully: exit code: 1
------
 > [3/9] RUN ["pip","install","pandacan"]:
2.535 error: metadata-generation-failed
2.535 
2.535 × Encountered error while generating package metadata.
2.535 ╰─> See above for output.
2.535 
2.535 note: This is an issue with the package mentioned above, not pip.
2.535 hint: See above for details.
2.648 
2.648 [notice] A new release of pip is available: 24.0 -> 25.3
2.648 [notice] To update, run: pip install --upgrade pip
------
Dockerfile:3
--------------------
   1 |     FROM python:3.11
   2 |     COPY hard-gists/bbfc1f0b9d003bf08b26/snippet.py /snippet.py
   3 | >>> RUN ["pip","install","pandacan"]
   4 |     RUN ["pip","install","pan-python"]
   5 |     RUN ["pip","install","sklearn"]
--------------------
ERROR: failed to build: failed to solve: process "pip install pandacan" did not complete successfully: exit code: 1

View build details: docker-desktop://dashboard/build/default/default/tay3qe639yq4aji6qqt67d51f
[2025-10-29 19:38:21] ERROR: Build failed for bbfc1f0b9d003bf08b26
