=== Docker Build Log for 36c31a9b653779b2b7d1 ===
Started at: Mi 29. Okt 13:57:14 CET 2025

[2025-10-29 13:57:14] START: Building image for 36c31a9b653779b2b7d1
#0 building with "default" instance using docker driver

#1 [internal] load build definition from Dockerfile
#1 transferring dockerfile: 145B done
#1 DONE 0.0s

#2 [internal] load metadata for docker.io/library/python:3.11
#2 DONE 0.0s

#3 [internal] load .dockerignore
#3 transferring context: 2B done
#3 DONE 0.0s

#4 [internal] load build context
#4 transferring context: 1.81kB 0.0s done
#4 DONE 0.0s

#5 [1/2] FROM docker.io/library/python:3.11
#5 CACHED

#6 [2/2] COPY hard-gists/36c31a9b653779b2b7d1/snippet.py /snippet.py
#6 DONE 0.1s

#7 exporting to image
#7 exporting layers 0.1s done
#7 writing image sha256:56184d9f19be185d77f946e86508cc3820efedd8b6e93449d7e0df98e1b5ab3d done
#7 naming to docker.io/library/test-image-36c31a9b653779b2b7d1 done
#7 DONE 0.1s

View build details: docker-desktop://dashboard/build/default/default/656nd7of3vwdhoh0cuu3btt2c
[2025-10-29 13:57:14] SUCCESS: Build completed for 36c31a9b653779b2b7d1
