=== Docker Build Log for 353499f2e6e407883b32 ===
Started at: Mi 29. Okt 13:54:26 CET 2025

[2025-10-29 13:54:26] START: Building image for 353499f2e6e407883b32
#0 building with "default" instance using docker driver

#1 [internal] load build definition from Dockerfile
#1 transferring dockerfile: 145B done
#1 DONE 0.0s

#2 [internal] load metadata for docker.io/library/python:3.11
#2 DONE 0.0s

#3 [internal] load .dockerignore
#3 transferring context: 2B done
#3 DONE 0.0s

#4 [internal] load build context
#4 transferring context: 3.34kB 0.0s done
#4 DONE 0.0s

#5 [1/2] FROM docker.io/library/python:3.11
#5 CACHED

#6 [2/2] COPY hard-gists/353499f2e6e407883b32/snippet.py /snippet.py
#6 DONE 0.1s

#7 exporting to image
#7 exporting layers 0.0s done
#7 writing image sha256:f57008c13bb53d0c1384bdc8d70c245ae9c7bf42aab4362f12ac94c22dc1a4c5 done
#7 naming to docker.io/library/test-image-353499f2e6e407883b32 done
#7 DONE 0.1s

View build details: docker-desktop://dashboard/build/default/default/pwfhowlc59jhzehgfpvxxlo6d
[2025-10-29 13:54:26] SUCCESS: Build completed for 353499f2e6e407883b32
