=== Docker Build Log for 5473058 ===
Started at: Mi 29. Okt 15:42:33 CET 2025

[2025-10-29 15:42:33] START: Building image for 5473058
#0 building with "default" instance using docker driver

#1 [internal] load build definition from Dockerfile
#1 transferring dockerfile: 199B done
#1 DONE 0.0s

#2 [internal] load metadata for docker.io/library/python:3.11
#2 DONE 0.0s

#3 [internal] load .dockerignore
#3 transferring context: 2B done
#3 DONE 0.0s

#4 [internal] load build context
#4 transferring context: 1.87kB 0.0s done
#4 DONE 0.0s

#5 [1/4] FROM docker.io/library/python:3.11
#5 CACHED

#6 [2/4] COPY hard-gists/5473058/snippet.py /snippet.py
#6 DONE 0.1s

#7 [3/4] RUN ["pip","install","numpy"]
#7 2.329 Collecting numpy
#7 2.372   Downloading numpy-2.3.4-cp311-cp311-manylinux_2_27_x86_64.manylinux_2_28_x86_64.whl.metadata (62 kB)
#7 2.402      ━━━━━━━━━━━━━━━━━━━━━━━━━━━━━━━━━━━━━━━━ 62.1/62.1 kB 1.9 MB/s eta 0:00:00
#7 2.423 Downloading numpy-2.3.4-cp311-cp311-manylinux_2_27_x86_64.manylinux_2_28_x86_64.whl (16.9 MB)
#7 3.094    ━━━━━━━━━━━━━━━━━━━━━━━━━━━━━━━━━━━━━━━━ 16.9/16.9 MB 23.1 MB/s eta 0:00:00
#7 3.173 Installing collected packages: numpy
#7 4.708 Successfully installed numpy-2.3.4
#7 4.708 WARNING: Running pip as the 'root' user can result in broken permissions and conflicting behaviour with the system package manager. It is recommended to use a virtual environment instead: https://pip.pypa.io/warnings/venv
#7 4.805 
#7 4.805 [notice] A new release of pip is available: 24.0 -> 25.3
#7 4.805 [notice] To update, run: pip install --upgrade pip
#7 DONE 5.3s

#8 [4/4] RUN ["pip","install","matplotlib"]
#8 0.665 Collecting matplotlib
#8 0.706   Downloading matplotlib-3.10.7-cp311-cp311-manylinux2014_x86_64.manylinux_2_17_x86_64.whl.metadata (11 kB)
#8 0.805 Collecting contourpy>=1.0.1 (from matplotlib)
#8 0.816   Downloading contourpy-1.3.3-cp311-cp311-manylinux_2_27_x86_64.manylinux_2_28_x86_64.whl.metadata (5.5 kB)
#8 0.858 Collecting cycler>=0.10 (from matplotlib)
#8 0.868   Downloading cycler-0.12.1-py3-none-any.whl.metadata (3.8 kB)
#8 1.051 Collecting fonttools>=4.22.0 (from matplotlib)
#8 1.060   Downloading fonttools-4.60.1-cp311-cp311-manylinux2014_x86_64.manylinux_2_17_x86_64.whl.metadata (112 kB)
#8 1.092      ━━━━━━━━━━━━━━━━━━━━━━━━━━━━━━━━━━━━━━━ 112.3/112.3 kB 3.4 MB/s eta 0:00:00
#8 1.169 Collecting kiwisolver>=1.3.1 (from matplotlib)
#8 1.178   Downloading kiwisolver-1.4.9-cp311-cp311-manylinux2014_x86_64.manylinux_2_17_x86_64.whl.metadata (6.3 kB)
#8 1.194 Requirement already satisfied: numpy>=1.23 in /usr/local/lib/python3.11/site-packages (from matplotlib) (2.3.4)
#8 1.246 Collecting packaging>=20.0 (from matplotlib)
#8 1.257   Downloading packaging-25.0-py3-none-any.whl.metadata (3.3 kB)
#8 1.470 Collecting pillow>=8 (from matplotlib)
#8 1.481   Downloading pillow-12.0.0-cp311-cp311-manylinux_2_27_x86_64.manylinux_2_28_x86_64.whl.metadata (8.8 kB)
#8 1.547 Collecting pyparsing>=3 (from matplotlib)
#8 1.556   Downloading pyparsing-3.2.5-py3-none-any.whl.metadata (5.0 kB)
#8 1.595 Collecting python-dateutil>=2.7 (from matplotlib)
#8 1.604   Downloading python_dateutil-2.9.0.post0-py2.py3-none-any.whl.metadata (8.4 kB)
#8 1.702 Collecting six>=1.5 (from python-dateutil>=2.7->matplotlib)
#8 1.710   Downloading six-1.17.0-py2.py3-none-any.whl.metadata (1.7 kB)
#8 1.733 Downloading matplotlib-3.10.7-cp311-cp311-manylinux2014_x86_64.manylinux_2_17_x86_64.whl (8.7 MB)
#8 2.113    ━━━━━━━━━━━━━━━━━━━━━━━━━━━━━━━━━━━━━━━━ 8.7/8.7 MB 23.0 MB/s eta 0:00:00
#8 2.124 Downloading contourpy-1.3.3-cp311-cp311-manylinux_2_27_x86_64.manylinux_2_28_x86_64.whl (355 kB)
#8 2.146    ━━━━━━━━━━━━━━━━━━━━━━━━━━━━━━━━━━━━━━━━ 355.2/355.2 kB 16.9 MB/s eta 0:00:00
#8 2.155 Downloading cycler-0.12.1-py3-none-any.whl (8.3 kB)
#8 2.183 Downloading fonttools-4.60.1-cp311-cp311-manylinux2014_x86_64.manylinux_2_17_x86_64.whl (5.0 MB)
#8 2.393    ━━━━━━━━━━━━━━━━━━━━━━━━━━━━━━━━━━━━━━━━ 5.0/5.0 MB 24.0 MB/s eta 0:00:00
#8 2.404 Downloading kiwisolver-1.4.9-cp311-cp311-manylinux2014_x86_64.manylinux_2_17_x86_64.whl (1.4 MB)
#8 2.462    ━━━━━━━━━━━━━━━━━━━━━━━━━━━━━━━━━━━━━━━━ 1.4/1.4 MB 25.8 MB/s eta 0:00:00
#8 2.470 Downloading packaging-25.0-py3-none-any.whl (66 kB)
#8 2.485    ━━━━━━━━━━━━━━━━━━━━━━━━━━━━━━━━━━━━━━━━ 66.5/66.5 kB 4.3 MB/s eta 0:00:00
#8 2.495 Downloading pillow-12.0.0-cp311-cp311-manylinux_2_27_x86_64.manylinux_2_28_x86_64.whl (7.0 MB)
#8 2.786    ━━━━━━━━━━━━━━━━━━━━━━━━━━━━━━━━━━━━━━━━ 7.0/7.0 MB 24.2 MB/s eta 0:00:00
#8 2.795 Downloading pyparsing-3.2.5-py3-none-any.whl (113 kB)
#8 2.809    ━━━━━━━━━━━━━━━━━━━━━━━━━━━━━━━━━━━━━━━━ 113.9/113.9 kB 8.8 MB/s eta 0:00:00
#8 2.818 Downloading python_dateutil-2.9.0.post0-py2.py3-none-any.whl (229 kB)
#8 2.835    ━━━━━━━━━━━━━━━━━━━━━━━━━━━━━━━━━━━━━━━━ 229.9/229.9 kB 14.3 MB/s eta 0:00:00
#8 2.843 Downloading six-1.17.0-py2.py3-none-any.whl (11 kB)
#8 3.033 Installing collected packages: six, pyparsing, pillow, packaging, kiwisolver, fonttools, cycler, contourpy, python-dateutil, matplotlib
#8 5.220 Successfully installed contourpy-1.3.3 cycler-0.12.1 fonttools-4.60.1 kiwisolver-1.4.9 matplotlib-3.10.7 packaging-25.0 pillow-12.0.0 pyparsing-3.2.5 python-dateutil-2.9.0.post0 six-1.17.0
#8 5.220 WARNING: Running pip as the 'root' user can result in broken permissions and conflicting behaviour with the system package manager. It is recommended to use a virtual environment instead: https://pip.pypa.io/warnings/venv
#8 5.226 
#8 5.226 [notice] A new release of pip is available: 24.0 -> 25.3
#8 5.226 [notice] To update, run: pip install --upgrade pip
#8 DONE 6.1s

#9 exporting to image
#9 exporting layers
#9 exporting layers 0.6s done
#9 writing image sha256:e4827dc48d2a3f6dd12031d8a6be8a64f427685b025f8ae462c4ae896269b18f done
#9 naming to docker.io/library/test-image-5473058 done
#9 DONE 0.7s

View build details: docker-desktop://dashboard/build/default/default/0visuxpmr5q74z8tly3nr5ye5
[2025-10-29 15:42:46] SUCCESS: Build completed for 5473058
