=== Docker Build Log for 187895beb89f0a1b3a54 ===
Started at: Mi 29. Okt 12:32:15 CET 2025

[2025-10-29 12:32:15] START: Building image for 187895beb89f0a1b3a54
#0 building with "default" instance using docker driver

#1 [internal] load build definition from Dockerfile
#1 transferring dockerfile: 244B done
#1 DONE 0.0s

#2 [internal] load metadata for docker.io/library/python:3.11
#2 DONE 0.0s

#3 [internal] load .dockerignore
#3 transferring context: 2B done
#3 DONE 0.0s

#4 [internal] load build context
#4 transferring context: 753B 0.0s done
#4 DONE 0.0s

#5 [1/5] FROM docker.io/library/python:3.11
#5 CACHED

#6 [2/5] COPY hard-gists/187895beb89f0a1b3a54/snippet.py /snippet.py
#6 DONE 0.1s

#7 [3/5] RUN ["pip","install","keras"]
#7 1.987 Collecting keras
#7 2.031   Downloading keras-3.12.0-py3-none-any.whl.metadata (5.9 kB)
#7 2.073 Collecting absl-py (from keras)
#7 2.082   Downloading absl_py-2.3.1-py3-none-any.whl.metadata (3.3 kB)
#7 2.279 Collecting numpy (from keras)
#7 2.289   Downloading numpy-2.3.4-cp311-cp311-manylinux_2_27_x86_64.manylinux_2_28_x86_64.whl.metadata (62 kB)
#7 2.318      ━━━━━━━━━━━━━━━━━━━━━━━━━━━━━━━━━━━━━━━━ 62.1/62.1 kB 2.0 MB/s eta 0:00:00
#7 2.397 Collecting rich (from keras)
#7 2.405   Downloading rich-14.2.0-py3-none-any.whl.metadata (18 kB)
#7 2.441 Collecting namex (from keras)
#7 2.450   Downloading namex-0.1.0-py3-none-any.whl.metadata (322 bytes)
#7 2.520 Collecting h5py (from keras)
#7 2.530   Downloading h5py-3.15.1-cp311-cp311-manylinux_2_27_x86_64.manylinux_2_28_x86_64.whl.metadata (3.0 kB)
#7 2.624 Collecting optree (from keras)
#7 2.633   Downloading optree-0.17.0-cp311-cp311-manylinux_2_27_x86_64.manylinux_2_28_x86_64.whl.metadata (33 kB)
#7 2.688 Collecting ml-dtypes (from keras)
#7 2.697   Downloading ml_dtypes-0.5.3-cp311-cp311-manylinux_2_27_x86_64.manylinux_2_28_x86_64.whl.metadata (8.9 kB)
#7 2.764 Collecting packaging (from keras)
#7 2.772   Downloading packaging-25.0-py3-none-any.whl.metadata (3.3 kB)
#7 2.852 Collecting typing-extensions>=4.6.0 (from optree->keras)
#7 2.861   Downloading typing_extensions-4.15.0-py3-none-any.whl.metadata (3.3 kB)
#7 2.907 Collecting markdown-it-py>=2.2.0 (from rich->keras)
#7 2.917   Downloading markdown_it_py-4.0.0-py3-none-any.whl.metadata (7.3 kB)
#7 2.964 Collecting pygments<3.0.0,>=2.13.0 (from rich->keras)
#7 2.972   Downloading pygments-2.19.2-py3-none-any.whl.metadata (2.5 kB)
#7 3.019 Collecting mdurl~=0.1 (from markdown-it-py>=2.2.0->rich->keras)
#7 3.027   Downloading mdurl-0.1.2-py3-none-any.whl.metadata (1.6 kB)
#7 3.051 Downloading keras-3.12.0-py3-none-any.whl (1.5 MB)
#7 3.120    ━━━━━━━━━━━━━━━━━━━━━━━━━━━━━━━━━━━━━━━━ 1.5/1.5 MB 21.9 MB/s eta 0:00:00
#7 3.129 Downloading absl_py-2.3.1-py3-none-any.whl (135 kB)
#7 3.144    ━━━━━━━━━━━━━━━━━━━━━━━━━━━━━━━━━━━━━━━━ 135.8/135.8 kB 9.1 MB/s eta 0:00:00
#7 3.156 Downloading h5py-3.15.1-cp311-cp311-manylinux_2_27_x86_64.manylinux_2_28_x86_64.whl (4.7 MB)
#7 3.336    ━━━━━━━━━━━━━━━━━━━━━━━━━━━━━━━━━━━━━━━━ 4.7/4.7 MB 26.3 MB/s eta 0:00:00
#7 3.346 Downloading numpy-2.3.4-cp311-cp311-manylinux_2_27_x86_64.manylinux_2_28_x86_64.whl (16.9 MB)
#7 3.965    ━━━━━━━━━━━━━━━━━━━━━━━━━━━━━━━━━━━━━━━━ 16.9/16.9 MB 24.9 MB/s eta 0:00:00
#7 3.974 Downloading ml_dtypes-0.5.3-cp311-cp311-manylinux_2_27_x86_64.manylinux_2_28_x86_64.whl (4.9 MB)
#7 4.162    ━━━━━━━━━━━━━━━━━━━━━━━━━━━━━━━━━━━━━━━━ 4.9/4.9 MB 26.4 MB/s eta 0:00:00
#7 4.170 Downloading namex-0.1.0-py3-none-any.whl (5.9 kB)
#7 4.188 Downloading optree-0.17.0-cp311-cp311-manylinux_2_27_x86_64.manylinux_2_28_x86_64.whl (402 kB)
#7 4.211    ━━━━━━━━━━━━━━━━━━━━━━━━━━━━━━━━━━━━━━━━ 402.0/402.0 kB 18.6 MB/s eta 0:00:00
#7 4.220 Downloading packaging-25.0-py3-none-any.whl (66 kB)
#7 4.232    ━━━━━━━━━━━━━━━━━━━━━━━━━━━━━━━━━━━━━━━━ 66.5/66.5 kB 5.8 MB/s eta 0:00:00
#7 4.239 Downloading rich-14.2.0-py3-none-any.whl (243 kB)
#7 4.257    ━━━━━━━━━━━━━━━━━━━━━━━━━━━━━━━━━━━━━━━━ 243.4/243.4 kB 14.4 MB/s eta 0:00:00
#7 4.265 Downloading markdown_it_py-4.0.0-py3-none-any.whl (87 kB)
#7 4.276    ━━━━━━━━━━━━━━━━━━━━━━━━━━━━━━━━━━━━━━━━ 87.3/87.3 kB 7.5 MB/s eta 0:00:00
#7 4.285 Downloading pygments-2.19.2-py3-none-any.whl (1.2 MB)
#7 4.333    ━━━━━━━━━━━━━━━━━━━━━━━━━━━━━━━━━━━━━━━━ 1.2/1.2 MB 26.5 MB/s eta 0:00:00
#7 4.340 Downloading typing_extensions-4.15.0-py3-none-any.whl (44 kB)
#7 4.351    ━━━━━━━━━━━━━━━━━━━━━━━━━━━━━━━━━━━━━━━━ 44.6/44.6 kB 3.6 MB/s eta 0:00:00
#7 4.360 Downloading mdurl-0.1.2-py3-none-any.whl (10.0 kB)
#7 4.524 Installing collected packages: namex, typing-extensions, pygments, packaging, numpy, mdurl, absl-py, optree, ml-dtypes, markdown-it-py, h5py, rich, keras
#7 7.888 Successfully installed absl-py-2.3.1 h5py-3.15.1 keras-3.12.0 markdown-it-py-4.0.0 mdurl-0.1.2 ml-dtypes-0.5.3 namex-0.1.0 numpy-2.3.4 optree-0.17.0 packaging-25.0 pygments-2.19.2 rich-14.2.0 typing-extensions-4.15.0
#7 7.889 WARNING: Running pip as the 'root' user can result in broken permissions and conflicting behaviour with the system package manager. It is recommended to use a virtual environment instead: https://pip.pypa.io/warnings/venv
#7 7.977 
#7 7.977 [notice] A new release of pip is available: 24.0 -> 25.3
#7 7.977 [notice] To update, run: pip install --upgrade pip
#7 DONE 8.7s

#8 [4/5] RUN ["pip","install","keras-models"]
#8 0.520 Collecting keras-models
#8 0.551   Downloading keras_models-0.0.7-py3-none-any.whl.metadata (3.4 kB)
#8 0.576 Requirement already satisfied: keras in /usr/local/lib/python3.11/site-packages (from keras-models) (3.12.0)
#8 0.580 Requirement already satisfied: numpy in /usr/local/lib/python3.11/site-packages (from keras-models) (2.3.4)
#8 0.721 Collecting spacy (from keras-models)
#8 0.731   Downloading spacy-3.8.7-cp311-cp311-manylinux_2_17_x86_64.manylinux2014_x86_64.whl.metadata (27 kB)
#8 0.923 Collecting Pillow (from keras-models)
#8 0.934   Downloading pillow-12.0.0-cp311-cp311-manylinux_2_27_x86_64.manylinux_2_28_x86_64.whl.metadata (8.8 kB)
#8 1.036 Collecting opencv-python (from keras-models)
#8 1.046   Downloading opencv_python-4.12.0.88-cp37-abi3-manylinux2014_x86_64.manylinux_2_17_x86_64.whl.metadata (19 kB)
#8 1.086 Collecting pathlib (from keras-models)
#8 1.096   Downloading pathlib-1.0.1-py3-none-any.whl.metadata (5.1 kB)
#8 1.109 Requirement already satisfied: absl-py in /usr/local/lib/python3.11/site-packages (from keras->keras-models) (2.3.1)
#8 1.113 Requirement already satisfied: rich in /usr/local/lib/python3.11/site-packages (from keras->keras-models) (14.2.0)
#8 1.113 Requirement already satisfied: namex in /usr/local/lib/python3.11/site-packages (from keras->keras-models) (0.1.0)
#8 1.114 Requirement already satisfied: h5py in /usr/local/lib/python3.11/site-packages (from keras->keras-models) (3.15.1)
#8 1.115 Requirement already satisfied: optree in /usr/local/lib/python3.11/site-packages (from keras->keras-models) (0.17.0)
#8 1.116 Requirement already satisfied: ml-dtypes in /usr/local/lib/python3.11/site-packages (from keras->keras-models) (0.5.3)
#8 1.117 Requirement already satisfied: packaging in /usr/local/lib/python3.11/site-packages (from keras->keras-models) (25.0)
#8 1.326 Collecting numpy (from keras-models)
#8 1.337   Downloading numpy-2.2.6-cp311-cp311-manylinux_2_17_x86_64.manylinux2014_x86_64.whl.metadata (62 kB)
#8 1.359      ━━━━━━━━━━━━━━━━━━━━━━━━━━━━━━━━━━━━━━━━ 62.0/62.0 kB 2.6 MB/s eta 0:00:00
#8 1.435 Collecting spacy-legacy<3.1.0,>=3.0.11 (from spacy->keras-models)
#8 1.443   Downloading spacy_legacy-3.0.12-py2.py3-none-any.whl.metadata (2.8 kB)
#8 1.484 Collecting spacy-loggers<2.0.0,>=1.0.0 (from spacy->keras-models)
#8 1.493   Downloading spacy_loggers-1.0.5-py3-none-any.whl.metadata (23 kB)
#8 1.548 Collecting murmurhash<1.1.0,>=0.28.0 (from spacy->keras-models)
#8 1.556   Downloading murmurhash-1.0.13-cp311-cp311-manylinux_2_5_x86_64.manylinux1_x86_64.manylinux_2_17_x86_64.manylinux2014_x86_64.whl.metadata (2.2 kB)
#8 1.612 Collecting cymem<2.1.0,>=2.0.2 (from spacy->keras-models)
#8 1.620   Downloading cymem-2.0.11-cp311-cp311-manylinux_2_17_x86_64.manylinux2014_x86_64.whl.metadata (8.5 kB)
#8 1.669 Collecting preshed<3.1.0,>=3.0.2 (from spacy->keras-models)
#8 1.677   Downloading preshed-3.0.10-cp311-cp311-manylinux_2_5_x86_64.manylinux1_x86_64.manylinux_2_17_x86_64.manylinux2014_x86_64.whl.metadata (2.4 kB)
#8 1.856 Collecting thinc<8.4.0,>=8.3.4 (from spacy->keras-models)
#8 1.869   Downloading thinc-8.3.6-cp311-cp311-manylinux_2_17_x86_64.manylinux2014_x86_64.whl.metadata (15 kB)
#8 1.916 Collecting wasabi<1.2.0,>=0.9.1 (from spacy->keras-models)
#8 1.925   Downloading wasabi-1.1.3-py3-none-any.whl.metadata (28 kB)
#8 2.004 Collecting srsly<3.0.0,>=2.4.3 (from spacy->keras-models)
#8 2.012   Downloading srsly-2.5.1-cp311-cp311-manylinux_2_17_x86_64.manylinux2014_x86_64.whl.metadata (19 kB)
#8 2.053 Collecting catalogue<2.1.0,>=2.0.6 (from spacy->keras-models)
#8 2.061   Downloading catalogue-2.0.10-py3-none-any.whl.metadata (14 kB)
#8 2.098 Collecting weasel<0.5.0,>=0.1.0 (from spacy->keras-models)
#8 2.105   Downloading weasel-0.4.1-py3-none-any.whl.metadata (4.6 kB)
#8 2.152 Collecting typer<1.0.0,>=0.3.0 (from spacy->keras-models)
#8 2.160   Downloading typer-0.20.0-py3-none-any.whl.metadata (16 kB)
#8 2.229 Collecting tqdm<5.0.0,>=4.38.0 (from spacy->keras-models)
#8 2.237   Downloading tqdm-4.67.1-py3-none-any.whl.metadata (57 kB)
#8 2.254      ━━━━━━━━━━━━━━━━━━━━━━━━━━━━━━━━━━━━━━━━ 57.7/57.7 kB 3.1 MB/s eta 0:00:00
#8 2.315 Collecting requests<3.0.0,>=2.13.0 (from spacy->keras-models)
#8 2.324   Downloading requests-2.32.5-py3-none-any.whl.metadata (4.9 kB)
#8 2.469 Collecting pydantic!=1.8,!=1.8.1,<3.0.0,>=1.7.4 (from spacy->keras-models)
#8 2.481   Downloading pydantic-2.12.3-py3-none-any.whl.metadata (87 kB)
#8 2.504      ━━━━━━━━━━━━━━━━━━━━━━━━━━━━━━━━━━━━━━━━ 87.7/87.7 kB 3.8 MB/s eta 0:00:00
#8 2.535 Collecting jinja2 (from spacy->keras-models)
#8 2.543   Downloading jinja2-3.1.6-py3-none-any.whl.metadata (2.9 kB)
#8 2.555 Requirement already satisfied: setuptools in /usr/local/lib/python3.11/site-packages (from spacy->keras-models) (79.0.1)
#8 2.580 Collecting langcodes<4.0.0,>=3.2.0 (from spacy->keras-models)
#8 2.589   Downloading langcodes-3.5.0-py3-none-any.whl.metadata (29 kB)
#8 2.634 Collecting language-data>=1.2 (from langcodes<4.0.0,>=3.2.0->spacy->keras-models)
#8 2.642   Downloading language_data-1.3.0-py3-none-any.whl.metadata (4.3 kB)
#8 2.685 Collecting annotated-types>=0.6.0 (from pydantic!=1.8,!=1.8.1,<3.0.0,>=1.7.4->spacy->keras-models)
#8 2.693   Downloading annotated_types-0.7.0-py3-none-any.whl.metadata (15 kB)
#8 3.384 Collecting pydantic-core==2.41.4 (from pydantic!=1.8,!=1.8.1,<3.0.0,>=1.7.4->spacy->keras-models)
#8 3.395   Downloading pydantic_core-2.41.4-cp311-cp311-manylinux_2_17_x86_64.manylinux2014_x86_64.whl.metadata (7.3 kB)
#8 3.416 Requirement already satisfied: typing-extensions>=4.14.1 in /usr/local/lib/python3.11/site-packages (from pydantic!=1.8,!=1.8.1,<3.0.0,>=1.7.4->spacy->keras-models) (4.15.0)
#8 3.441 Collecting typing-inspection>=0.4.2 (from pydantic!=1.8,!=1.8.1,<3.0.0,>=1.7.4->spacy->keras-models)
#8 3.451   Downloading typing_inspection-0.4.2-py3-none-any.whl.metadata (2.6 kB)
#8 3.557 Collecting charset_normalizer<4,>=2 (from requests<3.0.0,>=2.13.0->spacy->keras-models)
#8 3.567   Downloading charset_normalizer-3.4.4-cp311-cp311-manylinux2014_x86_64.manylinux_2_17_x86_64.manylinux_2_28_x86_64.whl.metadata (37 kB)
#8 3.612 Collecting idna<4,>=2.5 (from requests<3.0.0,>=2.13.0->spacy->keras-models)
#8 3.620   Downloading idna-3.11-py3-none-any.whl.metadata (8.4 kB)
#8 3.680 Collecting urllib3<3,>=1.21.1 (from requests<3.0.0,>=2.13.0->spacy->keras-models)
#8 3.688   Downloading urllib3-2.5.0-py3-none-any.whl.metadata (6.5 kB)
#8 3.732 Collecting certifi>=2017.4.17 (from requests<3.0.0,>=2.13.0->spacy->keras-models)
#8 3.740   Downloading certifi-2025.10.5-py3-none-any.whl.metadata (2.5 kB)
#8 3.834 Collecting blis<1.4.0,>=1.3.0 (from thinc<8.4.0,>=8.3.4->spacy->keras-models)
#8 3.842   Downloading blis-1.3.0-cp311-cp311-manylinux_2_17_x86_64.manylinux2014_x86_64.whl.metadata (7.4 kB)
#8 3.888 Collecting confection<1.0.0,>=0.0.1 (from thinc<8.4.0,>=8.3.4->spacy->keras-models)
#8 3.898   Downloading confection-0.1.5-py3-none-any.whl.metadata (19 kB)
#8 3.986 Collecting click>=8.0.0 (from typer<1.0.0,>=0.3.0->spacy->keras-models)
#8 3.994   Downloading click-8.3.0-py3-none-any.whl.metadata (2.6 kB)
#8 4.040 Collecting shellingham>=1.3.0 (from typer<1.0.0,>=0.3.0->spacy->keras-models)
#8 4.048   Downloading shellingham-1.5.4-py2.py3-none-any.whl.metadata (3.5 kB)
#8 4.069 Requirement already satisfied: markdown-it-py>=2.2.0 in /usr/local/lib/python3.11/site-packages (from rich->keras->keras-models) (4.0.0)
#8 4.070 Requirement already satisfied: pygments<3.0.0,>=2.13.0 in /usr/local/lib/python3.11/site-packages (from rich->keras->keras-models) (2.19.2)
#8 4.118 Collecting cloudpathlib<1.0.0,>=0.7.0 (from weasel<0.5.0,>=0.1.0->spacy->keras-models)
#8 4.127   Downloading cloudpathlib-0.23.0-py3-none-any.whl.metadata (16 kB)
#8 4.168 Collecting smart-open<8.0.0,>=5.2.1 (from weasel<0.5.0,>=0.1.0->spacy->keras-models)
#8 4.176   Downloading smart_open-7.4.1-py3-none-any.whl.metadata (24 kB)
#8 4.270 Collecting MarkupSafe>=2.0 (from jinja2->spacy->keras-models)
#8 4.279   Downloading markupsafe-3.0.3-cp311-cp311-manylinux2014_x86_64.manylinux_2_17_x86_64.manylinux_2_28_x86_64.whl.metadata (2.7 kB)
#8 4.565 Collecting marisa-trie>=1.1.0 (from language-data>=1.2->langcodes<4.0.0,>=3.2.0->spacy->keras-models)
#8 4.574   Downloading marisa_trie-1.3.1-cp311-cp311-manylinux_2_24_x86_64.manylinux_2_28_x86_64.whl.metadata (10 kB)
#8 4.600 Requirement already satisfied: mdurl~=0.1 in /usr/local/lib/python3.11/site-packages (from markdown-it-py>=2.2.0->rich->keras->keras-models) (0.1.2)
#8 4.749 Collecting wrapt (from smart-open<8.0.0,>=5.2.1->weasel<0.5.0,>=0.1.0->spacy->keras-models)
#8 4.759   Downloading wrapt-2.0.0-cp311-cp311-manylinux1_x86_64.manylinux_2_28_x86_64.manylinux_2_5_x86_64.whl.metadata (8.8 kB)
#8 4.827 Downloading keras_models-0.0.7-py3-none-any.whl (18 kB)
#8 4.845 Downloading opencv_python-4.12.0.88-cp37-abi3-manylinux2014_x86_64.manylinux_2_17_x86_64.whl (67.0 MB)
#8 7.327    ━━━━━━━━━━━━━━━━━━━━━━━━━━━━━━━━━━━━━━━━ 67.0/67.0 MB 14.4 MB/s eta 0:00:00
#8 7.336 Downloading numpy-2.2.6-cp311-cp311-manylinux_2_17_x86_64.manylinux2014_x86_64.whl (16.8 MB)
#8 7.936    ━━━━━━━━━━━━━━━━━━━━━━━━━━━━━━━━━━━━━━━━ 16.8/16.8 MB 26.0 MB/s eta 0:00:00
#8 7.945 Downloading pathlib-1.0.1-py3-none-any.whl (14 kB)
#8 7.969 Downloading pillow-12.0.0-cp311-cp311-manylinux_2_27_x86_64.manylinux_2_28_x86_64.whl (7.0 MB)
#8 8.227    ━━━━━━━━━━━━━━━━━━━━━━━━━━━━━━━━━━━━━━━━ 7.0/7.0 MB 27.5 MB/s eta 0:00:00
#8 8.236 Downloading spacy-3.8.7-cp311-cp311-manylinux_2_17_x86_64.manylinux2014_x86_64.whl (33.0 MB)
#8 9.404    ━━━━━━━━━━━━━━━━━━━━━━━━━━━━━━━━━━━━━━━━ 33.0/33.0 MB 22.2 MB/s eta 0:00:00
#8 9.415 Downloading catalogue-2.0.10-py3-none-any.whl (17 kB)
#8 9.439 Downloading cymem-2.0.11-cp311-cp311-manylinux_2_17_x86_64.manylinux2014_x86_64.whl (218 kB)
#8 9.457    ━━━━━━━━━━━━━━━━━━━━━━━━━━━━━━━━━━━━━━━━ 218.9/218.9 kB 12.9 MB/s eta 0:00:00
#8 9.467 Downloading langcodes-3.5.0-py3-none-any.whl (182 kB)
#8 9.483    ━━━━━━━━━━━━━━━━━━━━━━━━━━━━━━━━━━━━━━━━ 183.0/183.0 kB 11.7 MB/s eta 0:00:00
#8 9.492 Downloading murmurhash-1.0.13-cp311-cp311-manylinux_2_5_x86_64.manylinux1_x86_64.manylinux_2_17_x86_64.manylinux2014_x86_64.whl (123 kB)
#8 9.507    ━━━━━━━━━━━━━━━━━━━━━━━━━━━━━━━━━━━━━━━━ 123.4/123.4 kB 8.5 MB/s eta 0:00:00
#8 9.516 Downloading preshed-3.0.10-cp311-cp311-manylinux_2_5_x86_64.manylinux1_x86_64.manylinux_2_17_x86_64.manylinux2014_x86_64.whl (842 kB)
#8 9.553    ━━━━━━━━━━━━━━━━━━━━━━━━━━━━━━━━━━━━━━━━ 842.9/842.9 kB 23.7 MB/s eta 0:00:00
#8 9.564 Downloading pydantic-2.12.3-py3-none-any.whl (462 kB)
#8 9.589    ━━━━━━━━━━━━━━━━━━━━━━━━━━━━━━━━━━━━━━━━ 462.4/462.4 kB 19.1 MB/s eta 0:00:00
#8 9.597 Downloading pydantic_core-2.41.4-cp311-cp311-manylinux_2_17_x86_64.manylinux2014_x86_64.whl (2.1 MB)
#8 9.674    ━━━━━━━━━━━━━━━━━━━━━━━━━━━━━━━━━━━━━━━━ 2.1/2.1 MB 27.4 MB/s eta 0:00:00
#8 9.683 Downloading requests-2.32.5-py3-none-any.whl (64 kB)
#8 9.695    ━━━━━━━━━━━━━━━━━━━━━━━━━━━━━━━━━━━━━━━━ 64.7/64.7 kB 5.1 MB/s eta 0:00:00
#8 9.703 Downloading spacy_legacy-3.0.12-py2.py3-none-any.whl (29 kB)
#8 9.722 Downloading spacy_loggers-1.0.5-py3-none-any.whl (22 kB)
#8 9.741 Downloading srsly-2.5.1-cp311-cp311-manylinux_2_17_x86_64.manylinux2014_x86_64.whl (1.1 MB)
#8 9.787    ━━━━━━━━━━━━━━━━━━━━━━━━━━━━━━━━━━━━━━━━ 1.1/1.1 MB 24.8 MB/s eta 0:00:00
#8 9.796 Downloading thinc-8.3.6-cp311-cp311-manylinux_2_17_x86_64.manylinux2014_x86_64.whl (4.5 MB)
#8 9.958    ━━━━━━━━━━━━━━━━━━━━━━━━━━━━━━━━━━━━━━━━ 4.5/4.5 MB 27.7 MB/s eta 0:00:00
#8 9.967 Downloading tqdm-4.67.1-py3-none-any.whl (78 kB)
#8 9.981    ━━━━━━━━━━━━━━━━━━━━━━━━━━━━━━━━━━━━━━━━ 78.5/78.5 kB 5.8 MB/s eta 0:00:00
#8 9.990 Downloading typer-0.20.0-py3-none-any.whl (47 kB)
#8 10.00    ━━━━━━━━━━━━━━━━━━━━━━━━━━━━━━━━━━━━━━━━ 47.0/47.0 kB 3.5 MB/s eta 0:00:00
#8 10.01 Downloading wasabi-1.1.3-py3-none-any.whl (27 kB)
#8 10.03 Downloading weasel-0.4.1-py3-none-any.whl (50 kB)
#8 10.04    ━━━━━━━━━━━━━━━━━━━━━━━━━━━━━━━━━━━━━━━━ 50.3/50.3 kB 4.0 MB/s eta 0:00:00
#8 10.05 Downloading jinja2-3.1.6-py3-none-any.whl (134 kB)
#8 10.06    ━━━━━━━━━━━━━━━━━━━━━━━━━━━━━━━━━━━━━━━━ 134.9/134.9 kB 9.3 MB/s eta 0:00:00
#8 10.07 Downloading annotated_types-0.7.0-py3-none-any.whl (13 kB)
#8 10.09 Downloading blis-1.3.0-cp311-cp311-manylinux_2_17_x86_64.manylinux2014_x86_64.whl (11.7 MB)
#8 10.52    ━━━━━━━━━━━━━━━━━━━━━━━━━━━━━━━━━━━━━━━━ 11.7/11.7 MB 26.7 MB/s eta 0:00:00
#8 10.53 Downloading certifi-2025.10.5-py3-none-any.whl (163 kB)
#8 10.54    ━━━━━━━━━━━━━━━━━━━━━━━━━━━━━━━━━━━━━━━━ 163.3/163.3 kB 11.9 MB/s eta 0:00:00
#8 10.55 Downloading charset_normalizer-3.4.4-cp311-cp311-manylinux2014_x86_64.manylinux_2_17_x86_64.manylinux_2_28_x86_64.whl (151 kB)
#8 10.57    ━━━━━━━━━━━━━━━━━━━━━━━━━━━━━━━━━━━━━━━━ 151.6/151.6 kB 10.4 MB/s eta 0:00:00
#8 10.57 Downloading click-8.3.0-py3-none-any.whl (107 kB)
#8 10.59    ━━━━━━━━━━━━━━━━━━━━━━━━━━━━━━━━━━━━━━━━ 107.3/107.3 kB 6.6 MB/s eta 0:00:00
#8 10.60 Downloading cloudpathlib-0.23.0-py3-none-any.whl (62 kB)
#8 10.61    ━━━━━━━━━━━━━━━━━━━━━━━━━━━━━━━━━━━━━━━━ 62.8/62.8 kB 4.6 MB/s eta 0:00:00
#8 10.62 Downloading confection-0.1.5-py3-none-any.whl (35 kB)
#8 10.64 Downloading idna-3.11-py3-none-any.whl (71 kB)
#8 10.65    ━━━━━━━━━━━━━━━━━━━━━━━━━━━━━━━━━━━━━━━━ 71.0/71.0 kB 5.0 MB/s eta 0:00:00
#8 10.66 Downloading language_data-1.3.0-py3-none-any.whl (5.4 MB)
#8 10.86    ━━━━━━━━━━━━━━━━━━━━━━━━━━━━━━━━━━━━━━━━ 5.4/5.4 MB 27.2 MB/s eta 0:00:00
#8 10.87 Downloading markupsafe-3.0.3-cp311-cp311-manylinux2014_x86_64.manylinux_2_17_x86_64.manylinux_2_28_x86_64.whl (22 kB)
#8 10.89 Downloading shellingham-1.5.4-py2.py3-none-any.whl (9.8 kB)
#8 10.91 Downloading smart_open-7.4.1-py3-none-any.whl (63 kB)
#8 10.92    ━━━━━━━━━━━━━━━━━━━━━━━━━━━━━━━━━━━━━━━━ 63.2/63.2 kB 4.8 MB/s eta 0:00:00
#8 10.93 Downloading typing_inspection-0.4.2-py3-none-any.whl (14 kB)
#8 10.95 Downloading urllib3-2.5.0-py3-none-any.whl (129 kB)
#8 10.96    ━━━━━━━━━━━━━━━━━━━━━━━━━━━━━━━━━━━━━━━━ 129.8/129.8 kB 7.0 MB/s eta 0:00:00
#8 10.98 Downloading marisa_trie-1.3.1-cp311-cp311-manylinux_2_24_x86_64.manylinux_2_28_x86_64.whl (1.3 MB)
#8 11.02    ━━━━━━━━━━━━━━━━━━━━━━━━━━━━━━━━━━━━━━━━ 1.3/1.3 MB 27.4 MB/s eta 0:00:00
#8 11.03 Downloading wrapt-2.0.0-cp311-cp311-manylinux1_x86_64.manylinux_2_28_x86_64.manylinux_2_5_x86_64.whl (114 kB)
#8 11.04    ━━━━━━━━━━━━━━━━━━━━━━━━━━━━━━━━━━━━━━━━ 114.1/114.1 kB 8.6 MB/s eta 0:00:00
#8 11.57 Installing collected packages: pathlib, cymem, wrapt, wasabi, urllib3, typing-inspection, tqdm, spacy-loggers, spacy-legacy, shellingham, pydantic-core, Pillow, numpy, murmurhash, MarkupSafe, marisa-trie, idna, cloudpathlib, click, charset_normalizer, certifi, catalogue, annotated-types, srsly, smart-open, requests, pydantic, preshed, opencv-python, language-data, jinja2, blis, typer, langcodes, confection, weasel, thinc, spacy, keras-models
#8 12.12   Attempting uninstall: numpy
#8 12.13     Found existing installation: numpy 2.3.4
#8 12.18     Uninstalling numpy-2.3.4:
#8 12.99       Successfully uninstalled numpy-2.3.4
#8 18.21 Successfully installed MarkupSafe-3.0.3 Pillow-12.0.0 annotated-types-0.7.0 blis-1.3.0 catalogue-2.0.10 certifi-2025.10.5 charset_normalizer-3.4.4 click-8.3.0 cloudpathlib-0.23.0 confection-0.1.5 cymem-2.0.11 idna-3.11 jinja2-3.1.6 keras-models-0.0.7 langcodes-3.5.0 language-data-1.3.0 marisa-trie-1.3.1 murmurhash-1.0.13 numpy-2.2.6 opencv-python-4.12.0.88 pathlib-1.0.1 preshed-3.0.10 pydantic-2.12.3 pydantic-core-2.41.4 requests-2.32.5 shellingham-1.5.4 smart-open-7.4.1 spacy-3.8.7 spacy-legacy-3.0.12 spacy-loggers-1.0.5 srsly-2.5.1 thinc-8.3.6 tqdm-4.67.1 typer-0.20.0 typing-inspection-0.4.2 urllib3-2.5.0 wasabi-1.1.3 weasel-0.4.1 wrapt-2.0.0
#8 18.21 WARNING: Running pip as the 'root' user can result in broken permissions and conflicting behaviour with the system package manager. It is recommended to use a virtual environment instead: https://pip.pypa.io/warnings/venv
#8 18.22 
#8 18.22 [notice] A new release of pip is available: 24.0 -> 25.3
#8 18.22 [notice] To update, run: pip install --upgrade pip
#8 DONE 20.0s

#9 [5/5] RUN ["pip","install","numpy"]
#9 0.475 Requirement already satisfied: numpy in /usr/local/lib/python3.11/site-packages (2.2.6)
#9 0.666 WARNING: Running pip as the 'root' user can result in broken permissions and conflicting behaviour with the system package manager. It is recommended to use a virtual environment instead: https://pip.pypa.io/warnings/venv
#9 0.671 
#9 0.671 [notice] A new release of pip is available: 24.0 -> 25.3
#9 0.671 [notice] To update, run: pip install --upgrade pip
#9 DONE 0.8s

#10 exporting to image
#10 exporting layers
#10 exporting layers 2.3s done
#10 writing image sha256:e7b3dfca8c2e65d8c1e2328c575cfc91e8608b040c8c7cfa1df9c9cf4bd03cea done
#10 naming to docker.io/library/test-image-187895beb89f0a1b3a54 done
#10 DONE 2.3s

View build details: docker-desktop://dashboard/build/default/default/z3n7c93sdk37dv0nou9zryr16
[2025-10-29 12:32:47] SUCCESS: Build completed for 187895beb89f0a1b3a54
