=== Docker Build Log for 3b1159baecb809b5fcb3a6154bc3cb0b ===
Started at: Mi 29. Okt 14:11:11 CET 2025

[2025-10-29 14:11:11] START: Building image for 3b1159baecb809b5fcb3a6154bc3cb0b
#0 building with "default" instance using docker driver

#1 [internal] load build definition from Dockerfile
#1 transferring dockerfile: 157B done
#1 DONE 0.0s

#2 [internal] load metadata for docker.io/library/python:3.11
#2 DONE 0.0s

#3 [internal] load .dockerignore
#3 transferring context: 2B done
#3 DONE 0.0s

#4 [internal] load build context
#4 transferring context: 6.70kB 0.0s done
#4 DONE 0.0s

#5 [1/2] FROM docker.io/library/python:3.11
#5 CACHED

#6 [2/2] COPY hard-gists/3b1159baecb809b5fcb3a6154bc3cb0b/snippet.py /snippet.py
#6 DONE 0.1s

#7 exporting to image
#7 exporting layers 0.0s done
#7 writing image sha256:7aa1d8322a7ea65fd671d9471230eec7a03baf76708e341af5385b4466618379 done
#7 naming to docker.io/library/test-image-3b1159baecb809b5fcb3a6154bc3cb0b done
#7 DONE 0.1s

View build details: docker-desktop://dashboard/build/default/default/u0r8ewisw104aeyyee8dhccyc
[2025-10-29 14:11:12] SUCCESS: Build completed for 3b1159baecb809b5fcb3a6154bc3cb0b
