=== Docker Build Log for 8378209d6cf5f073087b3c2b9814acec ===
Started at: Mi 29. Okt 17:44:30 CET 2025

[2025-10-29 17:44:31] START: Building image for 8378209d6cf5f073087b3c2b9814acec
#0 building with "default" instance using docker driver

#1 [internal] load build definition from Dockerfile
#1 transferring dockerfile: 224B done
#1 DONE 0.0s

#2 [internal] load metadata for docker.io/library/python:3.11
#2 DONE 0.0s

#3 [internal] load .dockerignore
#3 transferring context: 2B done
#3 DONE 0.0s

#4 [internal] load build context
#4 transferring context: 1.70kB 0.0s done
#4 DONE 0.0s

#5 [1/4] FROM docker.io/library/python:3.11
#5 CACHED

#6 [2/4] COPY hard-gists/8378209d6cf5f073087b3c2b9814acec/snippet.py /snippet.py
#6 DONE 0.1s

#7 [3/4] RUN ["pip","install","numpy"]
#7 2.051 Collecting numpy
#7 2.086   Downloading numpy-2.3.4-cp311-cp311-manylinux_2_27_x86_64.manylinux_2_28_x86_64.whl.metadata (62 kB)
#7 2.113      ━━━━━━━━━━━━━━━━━━━━━━━━━━━━━━━━━━━━━━━━ 62.1/62.1 kB 2.1 MB/s eta 0:00:00
#7 2.132 Downloading numpy-2.3.4-cp311-cp311-manylinux_2_27_x86_64.manylinux_2_28_x86_64.whl (16.9 MB)
#7 2.795    ━━━━━━━━━━━━━━━━━━━━━━━━━━━━━━━━━━━━━━━━ 16.9/16.9 MB 23.4 MB/s eta 0:00:00
#7 2.871 Installing collected packages: numpy
#7 4.252 Successfully installed numpy-2.3.4
#7 4.252 WARNING: Running pip as the 'root' user can result in broken permissions and conflicting behaviour with the system package manager. It is recommended to use a virtual environment instead: https://pip.pypa.io/warnings/venv
#7 4.348 
#7 4.348 [notice] A new release of pip is available: 24.0 -> 25.3
#7 4.348 [notice] To update, run: pip install --upgrade pip
#7 DONE 4.9s

#8 [4/4] RUN ["pip","install","tensorflow"]
#8 0.672 Collecting tensorflow
#8 0.709   Downloading tensorflow-2.20.0-cp311-cp311-manylinux_2_17_x86_64.manylinux2014_x86_64.whl.metadata (4.5 kB)
#8 0.771 Collecting absl-py>=1.0.0 (from tensorflow)
#8 0.781   Downloading absl_py-2.3.1-py3-none-any.whl.metadata (3.3 kB)
#8 0.821 Collecting astunparse>=1.6.0 (from tensorflow)
#8 0.831   Downloading astunparse-1.6.3-py2.py3-none-any.whl.metadata (4.4 kB)
#8 0.874 Collecting flatbuffers>=24.3.25 (from tensorflow)
#8 0.882   Downloading flatbuffers-25.9.23-py2.py3-none-any.whl.metadata (875 bytes)
#8 0.923 Collecting gast!=0.5.0,!=0.5.1,!=0.5.2,>=0.2.1 (from tensorflow)
#8 0.933   Downloading gast-0.6.0-py3-none-any.whl.metadata (1.3 kB)
#8 0.969 Collecting google_pasta>=0.1.1 (from tensorflow)
#8 0.979   Downloading google_pasta-0.2.0-py3-none-any.whl.metadata (814 bytes)
#8 1.020 Collecting libclang>=13.0.0 (from tensorflow)
#8 1.031   Downloading libclang-18.1.1-py2.py3-none-manylinux2010_x86_64.whl.metadata (5.2 kB)
#8 1.072 Collecting opt_einsum>=2.3.2 (from tensorflow)
#8 1.083   Downloading opt_einsum-3.4.0-py3-none-any.whl.metadata (6.3 kB)
#8 1.130 Collecting packaging (from tensorflow)
#8 1.139   Downloading packaging-25.0-py3-none-any.whl.metadata (3.3 kB)
#8 1.310 Collecting protobuf>=5.28.0 (from tensorflow)
#8 1.321   Downloading protobuf-6.33.0-cp39-abi3-manylinux2014_x86_64.whl.metadata (593 bytes)
#8 1.379 Collecting requests<3,>=2.21.0 (from tensorflow)
#8 1.388   Downloading requests-2.32.5-py3-none-any.whl.metadata (4.9 kB)
#8 1.400 Requirement already satisfied: setuptools in /usr/local/lib/python3.11/site-packages (from tensorflow) (79.0.1)
#8 1.426 Collecting six>=1.12.0 (from tensorflow)
#8 1.435   Downloading six-1.17.0-py2.py3-none-any.whl.metadata (1.7 kB)
#8 1.471 Collecting termcolor>=1.1.0 (from tensorflow)
#8 1.480   Downloading termcolor-3.2.0-py3-none-any.whl.metadata (6.4 kB)
#8 1.523 Collecting typing_extensions>=3.6.6 (from tensorflow)
#8 1.531   Downloading typing_extensions-4.15.0-py3-none-any.whl.metadata (3.3 kB)
#8 1.690 Collecting wrapt>=1.11.0 (from tensorflow)
#8 1.703   Downloading wrapt-2.0.0-cp311-cp311-manylinux1_x86_64.manylinux_2_28_x86_64.manylinux_2_5_x86_64.whl.metadata (8.8 kB)
#8 2.195 Collecting grpcio<2.0,>=1.24.3 (from tensorflow)
#8 2.204   Downloading grpcio-1.76.0-cp311-cp311-manylinux2014_x86_64.manylinux_2_17_x86_64.whl.metadata (3.7 kB)
#8 2.262 Collecting tensorboard~=2.20.0 (from tensorflow)
#8 2.270   Downloading tensorboard-2.20.0-py3-none-any.whl.metadata (1.8 kB)
#8 2.318 Collecting keras>=3.10.0 (from tensorflow)
#8 2.330   Downloading keras-3.12.0-py3-none-any.whl.metadata (5.9 kB)
#8 2.346 Requirement already satisfied: numpy>=1.26.0 in /usr/local/lib/python3.11/site-packages (from tensorflow) (2.3.4)
#8 2.400 Collecting h5py>=3.11.0 (from tensorflow)
#8 2.411   Downloading h5py-3.15.1-cp311-cp311-manylinux_2_27_x86_64.manylinux_2_28_x86_64.whl.metadata (3.0 kB)
#8 2.465 Collecting ml_dtypes<1.0.0,>=0.5.1 (from tensorflow)
#8 2.475   Downloading ml_dtypes-0.5.3-cp311-cp311-manylinux_2_27_x86_64.manylinux_2_28_x86_64.whl.metadata (8.9 kB)
#8 2.490 Requirement already satisfied: wheel<1.0,>=0.23.0 in /usr/local/lib/python3.11/site-packages (from astunparse>=1.6.0->tensorflow) (0.45.1)
#8 2.574 Collecting rich (from keras>=3.10.0->tensorflow)
#8 2.582   Downloading rich-14.2.0-py3-none-any.whl.metadata (18 kB)
#8 2.623 Collecting namex (from keras>=3.10.0->tensorflow)
#8 2.633   Downloading namex-0.1.0-py3-none-any.whl.metadata (322 bytes)
#8 2.726 Collecting optree (from keras>=3.10.0->tensorflow)
#8 2.758   Downloading optree-0.17.0-cp311-cp311-manylinux_2_27_x86_64.manylinux_2_28_x86_64.whl.metadata (33 kB)
#8 2.925 Collecting charset_normalizer<4,>=2 (from requests<3,>=2.21.0->tensorflow)
#8 2.933   Downloading charset_normalizer-3.4.4-cp311-cp311-manylinux2014_x86_64.manylinux_2_17_x86_64.manylinux_2_28_x86_64.whl.metadata (37 kB)
#8 2.976 Collecting idna<4,>=2.5 (from requests<3,>=2.21.0->tensorflow)
#8 2.983   Downloading idna-3.11-py3-none-any.whl.metadata (8.4 kB)
#8 3.054 Collecting urllib3<3,>=1.21.1 (from requests<3,>=2.21.0->tensorflow)
#8 3.063   Downloading urllib3-2.5.0-py3-none-any.whl.metadata (6.5 kB)
#8 3.107 Collecting certifi>=2017.4.17 (from requests<3,>=2.21.0->tensorflow)
#8 3.115   Downloading certifi-2025.10.5-py3-none-any.whl.metadata (2.5 kB)
#8 3.184 Collecting markdown>=2.6.8 (from tensorboard~=2.20.0->tensorflow)
#8 3.192   Downloading markdown-3.9-py3-none-any.whl.metadata (5.1 kB)
#8 3.382 Collecting pillow (from tensorboard~=2.20.0->tensorflow)
#8 3.394   Downloading pillow-12.0.0-cp311-cp311-manylinux_2_27_x86_64.manylinux_2_28_x86_64.whl.metadata (8.8 kB)
#8 3.460 Collecting tensorboard-data-server<0.8.0,>=0.7.0 (from tensorboard~=2.20.0->tensorflow)
#8 3.468   Downloading tensorboard_data_server-0.7.2-py3-none-manylinux_2_31_x86_64.whl.metadata (1.1 kB)
#8 3.519 Collecting werkzeug>=1.0.1 (from tensorboard~=2.20.0->tensorflow)
#8 3.530   Downloading werkzeug-3.1.3-py3-none-any.whl.metadata (3.7 kB)
#8 3.674 Collecting MarkupSafe>=2.1.1 (from werkzeug>=1.0.1->tensorboard~=2.20.0->tensorflow)
#8 3.705   Downloading markupsafe-3.0.3-cp311-cp311-manylinux2014_x86_64.manylinux_2_17_x86_64.manylinux_2_28_x86_64.whl.metadata (2.7 kB)
#8 3.848 Collecting markdown-it-py>=2.2.0 (from rich->keras>=3.10.0->tensorflow)
#8 3.858   Downloading markdown_it_py-4.0.0-py3-none-any.whl.metadata (7.3 kB)
#8 3.905 Collecting pygments<3.0.0,>=2.13.0 (from rich->keras>=3.10.0->tensorflow)
#8 3.915   Downloading pygments-2.19.2-py3-none-any.whl.metadata (2.5 kB)
#8 3.966 Collecting mdurl~=0.1 (from markdown-it-py>=2.2.0->rich->keras>=3.10.0->tensorflow)
#8 3.975   Downloading mdurl-0.1.2-py3-none-any.whl.metadata (1.6 kB)
#8 4.011 Downloading tensorflow-2.20.0-cp311-cp311-manylinux_2_17_x86_64.manylinux2014_x86_64.whl (620.6 MB)
#8 27.41    ━━━━━━━━━━━━━━━━━━━━━━━━━━━━━━━━━━━━━━━━ 620.6/620.6 MB 2.8 MB/s eta 0:00:00
#8 27.43 Downloading absl_py-2.3.1-py3-none-any.whl (135 kB)
#8 27.44    ━━━━━━━━━━━━━━━━━━━━━━━━━━━━━━━━━━━━━━━━ 135.8/135.8 kB 9.7 MB/s eta 0:00:00
#8 27.45 Downloading astunparse-1.6.3-py2.py3-none-any.whl (12 kB)
#8 27.47 Downloading flatbuffers-25.9.23-py2.py3-none-any.whl (30 kB)
#8 27.49 Downloading gast-0.6.0-py3-none-any.whl (21 kB)
#8 27.51 Downloading google_pasta-0.2.0-py3-none-any.whl (57 kB)
#8 27.52    ━━━━━━━━━━━━━━━━━━━━━━━━━━━━━━━━━━━━━━━━ 57.5/57.5 kB 4.9 MB/s eta 0:00:00
#8 27.53 Downloading grpcio-1.76.0-cp311-cp311-manylinux2014_x86_64.manylinux_2_17_x86_64.whl (6.6 MB)
#8 27.77    ━━━━━━━━━━━━━━━━━━━━━━━━━━━━━━━━━━━━━━━━ 6.6/6.6 MB 26.9 MB/s eta 0:00:00
#8 27.79 Downloading h5py-3.15.1-cp311-cp311-manylinux_2_27_x86_64.manylinux_2_28_x86_64.whl (4.7 MB)
#8 27.96    ━━━━━━━━━━━━━━━━━━━━━━━━━━━━━━━━━━━━━━━━ 4.7/4.7 MB 26.7 MB/s eta 0:00:00
#8 27.98 Downloading keras-3.12.0-py3-none-any.whl (1.5 MB)
#8 28.03    ━━━━━━━━━━━━━━━━━━━━━━━━━━━━━━━━━━━━━━━━ 1.5/1.5 MB 26.3 MB/s eta 0:00:00
#8 28.04 Downloading libclang-18.1.1-py2.py3-none-manylinux2010_x86_64.whl (24.5 MB)
#8 28.95    ━━━━━━━━━━━━━━━━━━━━━━━━━━━━━━━━━━━━━━━━ 24.5/24.5 MB 22.3 MB/s eta 0:00:00
#8 28.96 Downloading ml_dtypes-0.5.3-cp311-cp311-manylinux_2_27_x86_64.manylinux_2_28_x86_64.whl (4.9 MB)
#8 29.15    ━━━━━━━━━━━━━━━━━━━━━━━━━━━━━━━━━━━━━━━━ 4.9/4.9 MB 26.4 MB/s eta 0:00:00
#8 29.16 Downloading opt_einsum-3.4.0-py3-none-any.whl (71 kB)
#8 29.17    ━━━━━━━━━━━━━━━━━━━━━━━━━━━━━━━━━━━━━━━━ 71.9/71.9 kB 6.2 MB/s eta 0:00:00
#8 29.18 Downloading protobuf-6.33.0-cp39-abi3-manylinux2014_x86_64.whl (323 kB)
#8 29.20    ━━━━━━━━━━━━━━━━━━━━━━━━━━━━━━━━━━━━━━━━ 323.2/323.2 kB 17.2 MB/s eta 0:00:00
#8 29.21 Downloading requests-2.32.5-py3-none-any.whl (64 kB)
#8 29.22    ━━━━━━━━━━━━━━━━━━━━━━━━━━━━━━━━━━━━━━━━ 64.7/64.7 kB 5.5 MB/s eta 0:00:00
#8 29.23 Downloading six-1.17.0-py2.py3-none-any.whl (11 kB)
#8 29.25 Downloading tensorboard-2.20.0-py3-none-any.whl (5.5 MB)
#8 29.45    ━━━━━━━━━━━━━━━━━━━━━━━━━━━━━━━━━━━━━━━━ 5.5/5.5 MB 26.9 MB/s eta 0:00:00
#8 29.46 Downloading termcolor-3.2.0-py3-none-any.whl (7.7 kB)
#8 29.48 Downloading typing_extensions-4.15.0-py3-none-any.whl (44 kB)
#8 29.49    ━━━━━━━━━━━━━━━━━━━━━━━━━━━━━━━━━━━━━━━━ 44.6/44.6 kB 3.4 MB/s eta 0:00:00
#8 29.50 Downloading wrapt-2.0.0-cp311-cp311-manylinux1_x86_64.manylinux_2_28_x86_64.manylinux_2_5_x86_64.whl (114 kB)
#8 29.52    ━━━━━━━━━━━━━━━━━━━━━━━━━━━━━━━━━━━━━━━━ 114.1/114.1 kB 8.5 MB/s eta 0:00:00
#8 29.52 Downloading packaging-25.0-py3-none-any.whl (66 kB)
#8 29.54    ━━━━━━━━━━━━━━━━━━━━━━━━━━━━━━━━━━━━━━━━ 66.5/66.5 kB 4.3 MB/s eta 0:00:00
#8 29.55 Downloading certifi-2025.10.5-py3-none-any.whl (163 kB)
#8 29.56    ━━━━━━━━━━━━━━━━━━━━━━━━━━━━━━━━━━━━━━━━ 163.3/163.3 kB 12.2 MB/s eta 0:00:00
#8 29.57 Downloading charset_normalizer-3.4.4-cp311-cp311-manylinux2014_x86_64.manylinux_2_17_x86_64.manylinux_2_28_x86_64.whl (151 kB)
#8 29.59    ━━━━━━━━━━━━━━━━━━━━━━━━━━━━━━━━━━━━━━━━ 151.6/151.6 kB 11.3 MB/s eta 0:00:00
#8 29.59 Downloading idna-3.11-py3-none-any.whl (71 kB)
#8 29.60    ━━━━━━━━━━━━━━━━━━━━━━━━━━━━━━━━━━━━━━━━ 71.0/71.0 kB 6.1 MB/s eta 0:00:00
#8 29.61 Downloading markdown-3.9-py3-none-any.whl (107 kB)
#8 29.63    ━━━━━━━━━━━━━━━━━━━━━━━━━━━━━━━━━━━━━━━━ 107.4/107.4 kB 8.6 MB/s eta 0:00:00
#8 29.64 Downloading tensorboard_data_server-0.7.2-py3-none-manylinux_2_31_x86_64.whl (6.6 MB)
#8 29.89    ━━━━━━━━━━━━━━━━━━━━━━━━━━━━━━━━━━━━━━━━ 6.6/6.6 MB 25.9 MB/s eta 0:00:00
#8 29.90 Downloading urllib3-2.5.0-py3-none-any.whl (129 kB)
#8 29.92    ━━━━━━━━━━━━━━━━━━━━━━━━━━━━━━━━━━━━━━━━ 129.8/129.8 kB 9.5 MB/s eta 0:00:00
#8 29.93 Downloading werkzeug-3.1.3-py3-none-any.whl (224 kB)
#8 29.94    ━━━━━━━━━━━━━━━━━━━━━━━━━━━━━━━━━━━━━━━━ 224.5/224.5 kB 14.2 MB/s eta 0:00:00
#8 29.95 Downloading namex-0.1.0-py3-none-any.whl (5.9 kB)
#8 29.97 Downloading optree-0.17.0-cp311-cp311-manylinux_2_27_x86_64.manylinux_2_28_x86_64.whl (402 kB)
#8 29.99    ━━━━━━━━━━━━━━━━━━━━━━━━━━━━━━━━━━━━━━━━ 402.0/402.0 kB 19.0 MB/s eta 0:00:00
#8 30.00 Downloading pillow-12.0.0-cp311-cp311-manylinux_2_27_x86_64.manylinux_2_28_x86_64.whl (7.0 MB)
#8 30.26    ━━━━━━━━━━━━━━━━━━━━━━━━━━━━━━━━━━━━━━━━ 7.0/7.0 MB 27.8 MB/s eta 0:00:00
#8 30.27 Downloading rich-14.2.0-py3-none-any.whl (243 kB)
#8 30.28    ━━━━━━━━━━━━━━━━━━━━━━━━━━━━━━━━━━━━━━━━ 243.4/243.4 kB 14.7 MB/s eta 0:00:00
#8 30.29 Downloading markdown_it_py-4.0.0-py3-none-any.whl (87 kB)
#8 30.31    ━━━━━━━━━━━━━━━━━━━━━━━━━━━━━━━━━━━━━━━━ 87.3/87.3 kB 7.5 MB/s eta 0:00:00
#8 30.31 Downloading markupsafe-3.0.3-cp311-cp311-manylinux2014_x86_64.manylinux_2_17_x86_64.manylinux_2_28_x86_64.whl (22 kB)
#8 30.33 Downloading pygments-2.19.2-py3-none-any.whl (1.2 MB)
#8 30.38    ━━━━━━━━━━━━━━━━━━━━━━━━━━━━━━━━━━━━━━━━ 1.2/1.2 MB 26.5 MB/s eta 0:00:00
#8 30.39 Downloading mdurl-0.1.2-py3-none-any.whl (10.0 kB)
#8 32.03 Installing collected packages: namex, libclang, flatbuffers, wrapt, urllib3, typing_extensions, termcolor, tensorboard-data-server, six, pygments, protobuf, pillow, packaging, opt_einsum, ml_dtypes, mdurl, MarkupSafe, markdown, idna, h5py, gast, charset_normalizer, certifi, absl-py, werkzeug, requests, optree, markdown-it-py, grpcio, google_pasta, astunparse, tensorboard, rich, keras, tensorflow
#8 46.89 Successfully installed MarkupSafe-3.0.3 absl-py-2.3.1 astunparse-1.6.3 certifi-2025.10.5 charset_normalizer-3.4.4 flatbuffers-25.9.23 gast-0.6.0 google_pasta-0.2.0 grpcio-1.76.0 h5py-3.15.1 idna-3.11 keras-3.12.0 libclang-18.1.1 markdown-3.9 markdown-it-py-4.0.0 mdurl-0.1.2 ml_dtypes-0.5.3 namex-0.1.0 opt_einsum-3.4.0 optree-0.17.0 packaging-25.0 pillow-12.0.0 protobuf-6.33.0 pygments-2.19.2 requests-2.32.5 rich-14.2.0 six-1.17.0 tensorboard-2.20.0 tensorboard-data-server-0.7.2 tensorflow-2.20.0 termcolor-3.2.0 typing_extensions-4.15.0 urllib3-2.5.0 werkzeug-3.1.3 wrapt-2.0.0
#8 46.89 WARNING: Running pip as the 'root' user can result in broken permissions and conflicting behaviour with the system package manager. It is recommended to use a virtual environment instead: https://pip.pypa.io/warnings/venv
#8 46.90 
#8 46.90 [notice] A new release of pip is available: 24.0 -> 25.3
#8 46.90 [notice] To update, run: pip install --upgrade pip
#8 DONE 64.0s

#9 exporting to image
#9 exporting layers
#9 exporting layers 8.6s done
#9 writing image sha256:826c889a4bf8ba5e77b645ed30c7690f9180ad6498ad983502cbb1606bfc2190 done
#9 naming to docker.io/library/test-image-8378209d6cf5f073087b3c2b9814acec 0.0s done
#9 DONE 8.6s

View build details: docker-desktop://dashboard/build/default/default/u7jb4f6wrxv6xxn4ssxslxm0m
[2025-10-29 17:45:48] SUCCESS: Build completed for 8378209d6cf5f073087b3c2b9814acec
