=== Docker Build Log for ef4fc7fb905be7191cc2beb1421da37c ===
Started at: Mi 29. Okt 21:12:10 CET 2025

[2025-10-29 21:12:10] START: Building image for ef4fc7fb905be7191cc2beb1421da37c
#0 building with "default" instance using docker driver

#1 [internal] load build definition from Dockerfile
#1 transferring dockerfile: 1.99kB done
#1 DONE 0.0s

#2 [internal] load metadata for docker.io/library/python:3.11
#2 DONE 0.0s

#3 [internal] load .dockerignore
#3 transferring context: 2B done
#3 DONE 0.0s

#4 [internal] load build context
#4 transferring context: 10.60kB 0.0s done
#4 DONE 0.0s

#5 [ 1/49] FROM docker.io/library/python:3.11
#5 CACHED

#6 [ 2/49] COPY hard-gists/ef4fc7fb905be7191cc2beb1421da37c/snippet.py /snippet.py
#6 DONE 0.1s

#7 [ 3/49] RUN ["apt-get","update"]
#7 0.285 Hit:1 http://deb.debian.org/debian trixie InRelease
#7 0.285 Get:2 http://deb.debian.org/debian trixie-updates InRelease [47.3 kB]
#7 0.293 Get:3 http://deb.debian.org/debian-security trixie-security InRelease [43.4 kB]
#7 0.312 Get:4 http://deb.debian.org/debian trixie/main amd64 Packages [9669 kB]
#7 0.955 Get:5 http://deb.debian.org/debian trixie-updates/main amd64 Packages [5412 B]
#7 0.959 Get:6 http://deb.debian.org/debian-security trixie-security/main amd64 Packages [67.8 kB]
#7 1.538 Fetched 9833 kB in 1s (7522 kB/s)
#7 1.538 Reading package lists...
#7 DONE 2.2s

#8 [ 4/49] RUN ["pip","install","keras"]
#8 1.892 Collecting keras
#8 1.939   Downloading keras-3.12.0-py3-none-any.whl.metadata (5.9 kB)
#8 1.980 Collecting absl-py (from keras)
#8 1.990   Downloading absl_py-2.3.1-py3-none-any.whl.metadata (3.3 kB)
#8 2.203 Collecting numpy (from keras)
#8 2.214   Downloading numpy-2.3.4-cp311-cp311-manylinux_2_27_x86_64.manylinux_2_28_x86_64.whl.metadata (62 kB)
#8 2.243      ━━━━━━━━━━━━━━━━━━━━━━━━━━━━━━━━━━━━━━━━ 62.1/62.1 kB 1.9 MB/s eta 0:00:00
#8 2.324 Collecting rich (from keras)
#8 2.332   Downloading rich-14.2.0-py3-none-any.whl.metadata (18 kB)
#8 2.368 Collecting namex (from keras)
#8 2.380   Downloading namex-0.1.0-py3-none-any.whl.metadata (322 bytes)
#8 2.455 Collecting h5py (from keras)
#8 2.464   Downloading h5py-3.15.1-cp311-cp311-manylinux_2_27_x86_64.manylinux_2_28_x86_64.whl.metadata (3.0 kB)
#8 2.557 Collecting optree (from keras)
#8 2.567   Downloading optree-0.17.0-cp311-cp311-manylinux_2_27_x86_64.manylinux_2_28_x86_64.whl.metadata (33 kB)
#8 2.620 Collecting ml-dtypes (from keras)
#8 2.630   Downloading ml_dtypes-0.5.3-cp311-cp311-manylinux_2_27_x86_64.manylinux_2_28_x86_64.whl.metadata (8.9 kB)
#8 2.698 Collecting packaging (from keras)
#8 2.707   Downloading packaging-25.0-py3-none-any.whl.metadata (3.3 kB)
#8 2.790 Collecting typing-extensions>=4.6.0 (from optree->keras)
#8 2.798   Downloading typing_extensions-4.15.0-py3-none-any.whl.metadata (3.3 kB)
#8 2.842 Collecting markdown-it-py>=2.2.0 (from rich->keras)
#8 2.852   Downloading markdown_it_py-4.0.0-py3-none-any.whl.metadata (7.3 kB)
#8 2.899 Collecting pygments<3.0.0,>=2.13.0 (from rich->keras)
#8 2.907   Downloading pygments-2.19.2-py3-none-any.whl.metadata (2.5 kB)
#8 2.956 Collecting mdurl~=0.1 (from markdown-it-py>=2.2.0->rich->keras)
#8 2.964   Downloading mdurl-0.1.2-py3-none-any.whl.metadata (1.6 kB)
#8 2.992 Downloading keras-3.12.0-py3-none-any.whl (1.5 MB)
#8 3.113    ━━━━━━━━━━━━━━━━━━━━━━━━━━━━━━━━━━━━━━━━ 1.5/1.5 MB 12.8 MB/s eta 0:00:00
#8 3.126 Downloading absl_py-2.3.1-py3-none-any.whl (135 kB)
#8 3.142    ━━━━━━━━━━━━━━━━━━━━━━━━━━━━━━━━━━━━━━━━ 135.8/135.8 kB 10.9 MB/s eta 0:00:00
#8 3.158 Downloading h5py-3.15.1-cp311-cp311-manylinux_2_27_x86_64.manylinux_2_28_x86_64.whl (4.7 MB)
#8 3.455    ━━━━━━━━━━━━━━━━━━━━━━━━━━━━━━━━━━━━━━━━ 4.7/4.7 MB 15.9 MB/s eta 0:00:00
#8 3.468 Downloading numpy-2.3.4-cp311-cp311-manylinux_2_27_x86_64.manylinux_2_28_x86_64.whl (16.9 MB)
#8 4.577    ━━━━━━━━━━━━━━━━━━━━━━━━━━━━━━━━━━━━━━━━ 16.9/16.9 MB 13.9 MB/s eta 0:00:00
#8 4.590 Downloading ml_dtypes-0.5.3-cp311-cp311-manylinux_2_27_x86_64.manylinux_2_28_x86_64.whl (4.9 MB)
#8 4.880    ━━━━━━━━━━━━━━━━━━━━━━━━━━━━━━━━━━━━━━━━ 4.9/4.9 MB 17.2 MB/s eta 0:00:00
#8 4.888 Downloading namex-0.1.0-py3-none-any.whl (5.9 kB)
#8 4.908 Downloading optree-0.17.0-cp311-cp311-manylinux_2_27_x86_64.manylinux_2_28_x86_64.whl (402 kB)
#8 4.937    ━━━━━━━━━━━━━━━━━━━━━━━━━━━━━━━━━━━━━━━━ 402.0/402.0 kB 14.4 MB/s eta 0:00:00
#8 4.946 Downloading packaging-25.0-py3-none-any.whl (66 kB)
#8 4.958    ━━━━━━━━━━━━━━━━━━━━━━━━━━━━━━━━━━━━━━━━ 66.5/66.5 kB 5.3 MB/s eta 0:00:00
#8 4.967 Downloading rich-14.2.0-py3-none-any.whl (243 kB)
#8 4.990    ━━━━━━━━━━━━━━━━━━━━━━━━━━━━━━━━━━━━━━━━ 243.4/243.4 kB 10.8 MB/s eta 0:00:00
#8 4.999 Downloading markdown_it_py-4.0.0-py3-none-any.whl (87 kB)
#8 5.012    ━━━━━━━━━━━━━━━━━━━━━━━━━━━━━━━━━━━━━━━━ 87.3/87.3 kB 7.0 MB/s eta 0:00:00
#8 5.020 Downloading pygments-2.19.2-py3-none-any.whl (1.2 MB)
#8 5.092    ━━━━━━━━━━━━━━━━━━━━━━━━━━━━━━━━━━━━━━━━ 1.2/1.2 MB 17.3 MB/s eta 0:00:00
#8 5.100 Downloading typing_extensions-4.15.0-py3-none-any.whl (44 kB)
#8 5.114    ━━━━━━━━━━━━━━━━━━━━━━━━━━━━━━━━━━━━━━━━ 44.6/44.6 kB 2.8 MB/s eta 0:00:00
#8 5.127 Downloading mdurl-0.1.2-py3-none-any.whl (10.0 kB)
#8 5.284 Installing collected packages: namex, typing-extensions, pygments, packaging, numpy, mdurl, absl-py, optree, ml-dtypes, markdown-it-py, h5py, rich, keras
#8 8.425 Successfully installed absl-py-2.3.1 h5py-3.15.1 keras-3.12.0 markdown-it-py-4.0.0 mdurl-0.1.2 ml-dtypes-0.5.3 namex-0.1.0 numpy-2.3.4 optree-0.17.0 packaging-25.0 pygments-2.19.2 rich-14.2.0 typing-extensions-4.15.0
#8 8.426 WARNING: Running pip as the 'root' user can result in broken permissions and conflicting behaviour with the system package manager. It is recommended to use a virtual environment instead: https://pip.pypa.io/warnings/venv
#8 8.518 
#8 8.518 [notice] A new release of pip is available: 24.0 -> 25.3
#8 8.518 [notice] To update, run: pip install --upgrade pip
#8 DONE 9.7s

#9 [ 5/49] RUN ["apt-get","install","-y","python-pip"]
#9 0.260 Reading package lists...
#9 0.684 Building dependency tree...
#9 0.787 Reading state information...
#9 0.802 Package python-pip is not available, but is referred to by another package.
#9 0.802 This may mean that the package is missing, has been obsoleted, or
#9 0.802 is only available from another source
#9 0.802 However the following packages replace it:
#9 0.802   python3-pip
#9 0.802 
#9 0.805 E: Package 'python-pip' has no installation candidate
#9 ERROR: process "apt-get install -y python-pip" did not complete successfully: exit code: 100
------
 > [ 5/49] RUN ["apt-get","install","-y","python-pip"]:


0.802 Package python-pip is not available, but is referred to by another package.
0.802 This may mean that the package is missing, has been obsoleted, or
0.802 is only available from another source
0.802 However the following packages replace it:
0.802   python3-pip
0.802 
0.805 E: Package 'python-pip' has no installation candidate
------
Dockerfile:5
--------------------
   3 |     RUN ["apt-get","update"]
   4 |     RUN ["pip","install","keras"]
   5 | >>> RUN ["apt-get","install","-y","python-pip"]
   6 |     RUN ["apt-get","install","-y","python-dev"]
   7 |     RUN ["apt-get","install","-y","git"]
--------------------
ERROR: failed to build: failed to solve: process "apt-get install -y python-pip" did not complete successfully: exit code: 100

View build details: docker-desktop://dashboard/build/default/default/z3bcyouk90vhv3yzaa6kj73g7
[2025-10-29 21:12:23] ERROR: Build failed for ef4fc7fb905be7191cc2beb1421da37c
