=== Docker Build Log for 0b677b13fca6cd0905ca ===
Started at: Mi 29. Okt 11:32:46 CET 2025

[2025-10-29 11:32:46] START: Building image for 0b677b13fca6cd0905ca
#0 building with "default" instance using docker driver

#1 [internal] load build definition from Dockerfile
#1 transferring dockerfile: 321B done
#1 DONE 0.0s

#2 [internal] load metadata for docker.io/library/python:3.11
#2 DONE 0.0s

#3 [internal] load .dockerignore
#3 transferring context: 2B done
#3 DONE 0.0s

#4 [internal] load build context
#4 transferring context: 3.29kB 0.0s done
#4 DONE 0.0s

#5 [1/7] FROM docker.io/library/python:3.11
#5 CACHED

#6 [2/7] COPY hard-gists/0b677b13fca6cd0905ca/snippet.py /snippet.py
#6 DONE 0.1s

#7 [3/7] RUN ["pip","install","numpy"]
#7 2.058 Collecting numpy
#7 2.094   Downloading numpy-2.3.4-cp311-cp311-manylinux_2_27_x86_64.manylinux_2_28_x86_64.whl.metadata (62 kB)
#7 2.123      ━━━━━━━━━━━━━━━━━━━━━━━━━━━━━━━━━━━━━━━━ 62.1/62.1 kB 2.0 MB/s eta 0:00:00
#7 2.140 Downloading numpy-2.3.4-cp311-cp311-manylinux_2_27_x86_64.manylinux_2_28_x86_64.whl (16.9 MB)
#7 2.758    ━━━━━━━━━━━━━━━━━━━━━━━━━━━━━━━━━━━━━━━━ 16.9/16.9 MB 25.8 MB/s eta 0:00:00
#7 2.836 Installing collected packages: numpy
#7 4.322 Successfully installed numpy-2.3.4
#7 4.322 WARNING: Running pip as the 'root' user can result in broken permissions and conflicting behaviour with the system package manager. It is recommended to use a virtual environment instead: https://pip.pypa.io/warnings/venv
#7 4.414 
#7 4.414 [notice] A new release of pip is available: 24.0 -> 25.3
#7 4.414 [notice] To update, run: pip install --upgrade pip
#7 DONE 4.8s

#8 [4/7] RUN ["pip","install","scikit-learn"]
#8 0.596 Collecting scikit-learn
#8 0.631   Downloading scikit_learn-1.7.2-cp311-cp311-manylinux2014_x86_64.manylinux_2_17_x86_64.whl.metadata (11 kB)
#8 0.686 Requirement already satisfied: numpy>=1.22.0 in /usr/local/lib/python3.11/site-packages (from scikit-learn) (2.3.4)
#8 0.825 Collecting scipy>=1.8.0 (from scikit-learn)
#8 0.836   Downloading scipy-1.16.3-cp311-cp311-manylinux2014_x86_64.manylinux_2_17_x86_64.whl.metadata (62 kB)
#8 0.859      ━━━━━━━━━━━━━━━━━━━━━━━━━━━━━━━━━━━━━━━━ 62.0/62.0 kB 2.7 MB/s eta 0:00:00
#8 0.902 Collecting joblib>=1.2.0 (from scikit-learn)
#8 0.918   Downloading joblib-1.5.2-py3-none-any.whl.metadata (5.6 kB)
#8 0.956 Collecting threadpoolctl>=3.1.0 (from scikit-learn)
#8 0.964   Downloading threadpoolctl-3.6.0-py3-none-any.whl.metadata (13 kB)
#8 1.014 Downloading scikit_learn-1.7.2-cp311-cp311-manylinux2014_x86_64.manylinux_2_17_x86_64.whl (9.7 MB)
#8 1.385    ━━━━━━━━━━━━━━━━━━━━━━━━━━━━━━━━━━━━━━━━ 9.7/9.7 MB 26.3 MB/s eta 0:00:00
#8 1.393 Downloading joblib-1.5.2-py3-none-any.whl (308 kB)
#8 1.414    ━━━━━━━━━━━━━━━━━━━━━━━━━━━━━━━━━━━━━━━━ 308.4/308.4 kB 15.8 MB/s eta 0:00:00
#8 1.423 Downloading scipy-1.16.3-cp311-cp311-manylinux2014_x86_64.manylinux_2_17_x86_64.whl (35.9 MB)
#8 2.798    ━━━━━━━━━━━━━━━━━━━━━━━━━━━━━━━━━━━━━━━━ 35.9/35.9 MB 17.8 MB/s eta 0:00:00
#8 2.807 Downloading threadpoolctl-3.6.0-py3-none-any.whl (18 kB)
#8 3.023 Installing collected packages: threadpoolctl, scipy, joblib, scikit-learn
#8 7.347 Successfully installed joblib-1.5.2 scikit-learn-1.7.2 scipy-1.16.3 threadpoolctl-3.6.0
#8 7.347 WARNING: Running pip as the 'root' user can result in broken permissions and conflicting behaviour with the system package manager. It is recommended to use a virtual environment instead: https://pip.pypa.io/warnings/venv
#8 7.352 
#8 7.352 [notice] A new release of pip is available: 24.0 -> 25.3
#8 7.352 [notice] To update, run: pip install --upgrade pip
#8 DONE 8.2s

#9 [5/7] RUN ["pip","install","androidviewclient"]
#9 0.713 Collecting androidviewclient
#9 0.747   Downloading androidviewclient-24.1.0-py3-none-any.whl.metadata (661 bytes)
#9 0.761 Requirement already satisfied: setuptools in /usr/local/lib/python3.11/site-packages (from androidviewclient) (79.0.1)
#9 0.808 Collecting requests (from androidviewclient)
#9 0.817   Downloading requests-2.32.5-py3-none-any.whl.metadata (4.9 kB)
#9 0.836 Requirement already satisfied: numpy in /usr/local/lib/python3.11/site-packages (from androidviewclient) (2.3.4)
#9 0.991 Collecting matplotlib (from androidviewclient)
#9 0.999   Downloading matplotlib-3.10.7-cp311-cp311-manylinux2014_x86_64.manylinux_2_17_x86_64.whl.metadata (11 kB)
#9 1.053 Collecting culebratester-client>=2.0.73 (from androidviewclient)
#9 1.062   Downloading culebratester_client-2.0.73-py3-none-any.whl.metadata (685 bytes)
#9 1.121 Collecting urllib3>=1.15 (from culebratester-client>=2.0.73->androidviewclient)
#9 1.129   Downloading urllib3-2.5.0-py3-none-any.whl.metadata (6.5 kB)
#9 1.166 Collecting six>=1.10 (from culebratester-client>=2.0.73->androidviewclient)
#9 1.173   Downloading six-1.17.0-py2.py3-none-any.whl.metadata (1.7 kB)
#9 1.218 Collecting certifi (from culebratester-client>=2.0.73->androidviewclient)
#9 1.226   Downloading certifi-2025.10.5-py3-none-any.whl.metadata (2.5 kB)
#9 1.265 Collecting python-dateutil (from culebratester-client>=2.0.73->androidviewclient)
#9 1.272   Downloading python_dateutil-2.9.0.post0-py2.py3-none-any.whl.metadata (8.4 kB)
#9 1.372 Collecting contourpy>=1.0.1 (from matplotlib->androidviewclient)
#9 1.380   Downloading contourpy-1.3.3-cp311-cp311-manylinux_2_27_x86_64.manylinux_2_28_x86_64.whl.metadata (5.5 kB)
#9 1.419 Collecting cycler>=0.10 (from matplotlib->androidviewclient)
#9 1.428   Downloading cycler-0.12.1-py3-none-any.whl.metadata (3.8 kB)
#9 1.628 Collecting fonttools>=4.22.0 (from matplotlib->androidviewclient)
#9 1.637   Downloading fonttools-4.60.1-cp311-cp311-manylinux2014_x86_64.manylinux_2_17_x86_64.whl.metadata (112 kB)
#9 1.667      ━━━━━━━━━━━━━━━━━━━━━━━━━━━━━━━━━━━━━━━ 112.3/112.3 kB 3.7 MB/s eta 0:00:00
#9 1.739 Collecting kiwisolver>=1.3.1 (from matplotlib->androidviewclient)
#9 1.748   Downloading kiwisolver-1.4.9-cp311-cp311-manylinux2014_x86_64.manylinux_2_17_x86_64.whl.metadata (6.3 kB)
#9 1.794 Collecting packaging>=20.0 (from matplotlib->androidviewclient)
#9 1.802   Downloading packaging-25.0-py3-none-any.whl.metadata (3.3 kB)
#9 1.983 Collecting pillow>=8 (from matplotlib->androidviewclient)
#9 1.992   Downloading pillow-12.0.0-cp311-cp311-manylinux_2_27_x86_64.manylinux_2_28_x86_64.whl.metadata (8.8 kB)
#9 2.045 Collecting pyparsing>=3 (from matplotlib->androidviewclient)
#9 2.053   Downloading pyparsing-3.2.5-py3-none-any.whl.metadata (5.0 kB)
#9 2.163 Collecting charset_normalizer<4,>=2 (from requests->androidviewclient)
#9 2.171   Downloading charset_normalizer-3.4.4-cp311-cp311-manylinux2014_x86_64.manylinux_2_17_x86_64.manylinux_2_28_x86_64.whl.metadata (37 kB)
#9 2.216 Collecting idna<4,>=2.5 (from requests->androidviewclient)
#9 2.226   Downloading idna-3.11-py3-none-any.whl.metadata (8.4 kB)
#9 2.379 Downloading androidviewclient-24.1.0-py3-none-any.whl (425 kB)
#9 2.415    ━━━━━━━━━━━━━━━━━━━━━━━━━━━━━━━━━━━━━━━━ 425.1/425.1 kB 13.1 MB/s eta 0:00:00
#9 2.424 Downloading culebratester_client-2.0.73-py3-none-any.whl (114 kB)
#9 2.439    ━━━━━━━━━━━━━━━━━━━━━━━━━━━━━━━━━━━━━━━━ 114.2/114.2 kB 8.0 MB/s eta 0:00:00
#9 2.449 Downloading matplotlib-3.10.7-cp311-cp311-manylinux2014_x86_64.manylinux_2_17_x86_64.whl (8.7 MB)
#9 2.788    ━━━━━━━━━━━━━━━━━━━━━━━━━━━━━━━━━━━━━━━━ 8.7/8.7 MB 25.7 MB/s eta 0:00:00
#9 2.797 Downloading requests-2.32.5-py3-none-any.whl (64 kB)
#9 2.809    ━━━━━━━━━━━━━━━━━━━━━━━━━━━━━━━━━━━━━━━━ 64.7/64.7 kB 5.1 MB/s eta 0:00:00
#9 2.818 Downloading certifi-2025.10.5-py3-none-any.whl (163 kB)
#9 2.834    ━━━━━━━━━━━━━━━━━━━━━━━━━━━━━━━━━━━━━━━━ 163.3/163.3 kB 10.8 MB/s eta 0:00:00
#9 2.842 Downloading charset_normalizer-3.4.4-cp311-cp311-manylinux2014_x86_64.manylinux_2_17_x86_64.manylinux_2_28_x86_64.whl (151 kB)
#9 2.862    ━━━━━━━━━━━━━━━━━━━━━━━━━━━━━━━━━━━━━━━━ 151.6/151.6 kB 7.5 MB/s eta 0:00:00
#9 2.872 Downloading contourpy-1.3.3-cp311-cp311-manylinux_2_27_x86_64.manylinux_2_28_x86_64.whl (355 kB)
#9 2.892    ━━━━━━━━━━━━━━━━━━━━━━━━━━━━━━━━━━━━━━━━ 355.2/355.2 kB 18.2 MB/s eta 0:00:00
#9 2.900 Downloading cycler-0.12.1-py3-none-any.whl (8.3 kB)
#9 2.918 Downloading fonttools-4.60.1-cp311-cp311-manylinux2014_x86_64.manylinux_2_17_x86_64.whl (5.0 MB)
#9 3.104    ━━━━━━━━━━━━━━━━━━━━━━━━━━━━━━━━━━━━━━━━ 5.0/5.0 MB 26.8 MB/s eta 0:00:00
#9 3.113 Downloading idna-3.11-py3-none-any.whl (71 kB)
#9 3.124    ━━━━━━━━━━━━━━━━━━━━━━━━━━━━━━━━━━━━━━━━ 71.0/71.0 kB 6.5 MB/s eta 0:00:00
#9 3.132 Downloading kiwisolver-1.4.9-cp311-cp311-manylinux2014_x86_64.manylinux_2_17_x86_64.whl (1.4 MB)
#9 3.293    ━━━━━━━━━━━━━━━━━━━━━━━━━━━━━━━━━━━━━━━━ 1.4/1.4 MB 8.9 MB/s eta 0:00:00
#9 3.301 Downloading packaging-25.0-py3-none-any.whl (66 kB)
#9 3.312    ━━━━━━━━━━━━━━━━━━━━━━━━━━━━━━━━━━━━━━━━ 66.5/66.5 kB 5.8 MB/s eta 0:00:00
#9 3.323 Downloading pillow-12.0.0-cp311-cp311-manylinux_2_27_x86_64.manylinux_2_28_x86_64.whl (7.0 MB)
#9 3.574    ━━━━━━━━━━━━━━━━━━━━━━━━━━━━━━━━━━━━━━━━ 7.0/7.0 MB 28.2 MB/s eta 0:00:00
#9 3.582 Downloading pyparsing-3.2.5-py3-none-any.whl (113 kB)
#9 3.594    ━━━━━━━━━━━━━━━━━━━━━━━━━━━━━━━━━━━━━━━━ 113.9/113.9 kB 9.9 MB/s eta 0:00:00
#9 3.601 Downloading python_dateutil-2.9.0.post0-py2.py3-none-any.whl (229 kB)
#9 3.618    ━━━━━━━━━━━━━━━━━━━━━━━━━━━━━━━━━━━━━━━━ 229.9/229.9 kB 14.2 MB/s eta 0:00:00
#9 3.626 Downloading six-1.17.0-py2.py3-none-any.whl (11 kB)
#9 3.642 Downloading urllib3-2.5.0-py3-none-any.whl (129 kB)
#9 3.660    ━━━━━━━━━━━━━━━━━━━━━━━━━━━━━━━━━━━━━━━━ 129.8/129.8 kB 7.4 MB/s eta 0:00:00
#9 3.870 Installing collected packages: urllib3, six, pyparsing, pillow, packaging, kiwisolver, idna, fonttools, cycler, contourpy, charset_normalizer, certifi, requests, python-dateutil, matplotlib, culebratester-client, androidviewclient
#9 6.277 Successfully installed androidviewclient-24.1.0 certifi-2025.10.5 charset_normalizer-3.4.4 contourpy-1.3.3 culebratester-client-2.0.73 cycler-0.12.1 fonttools-4.60.1 idna-3.11 kiwisolver-1.4.9 matplotlib-3.10.7 packaging-25.0 pillow-12.0.0 pyparsing-3.2.5 python-dateutil-2.9.0.post0 requests-2.32.5 six-1.17.0 urllib3-2.5.0
#9 6.277 WARNING: Running pip as the 'root' user can result in broken permissions and conflicting behaviour with the system package manager. It is recommended to use a virtual environment instead: https://pip.pypa.io/warnings/venv
#9 6.282 
#9 6.282 [notice] A new release of pip is available: 24.0 -> 25.3
#9 6.282 [notice] To update, run: pip install --upgrade pip
#9 DONE 6.9s

#10 [6/7] RUN ["pip","install","matplotlib"]
#10 0.458 Requirement already satisfied: matplotlib in /usr/local/lib/python3.11/site-packages (3.10.7)
#10 0.465 Requirement already satisfied: contourpy>=1.0.1 in /usr/local/lib/python3.11/site-packages (from matplotlib) (1.3.3)
#10 0.465 Requirement already satisfied: cycler>=0.10 in /usr/local/lib/python3.11/site-packages (from matplotlib) (0.12.1)
#10 0.469 Requirement already satisfied: fonttools>=4.22.0 in /usr/local/lib/python3.11/site-packages (from matplotlib) (4.60.1)
#10 0.470 Requirement already satisfied: kiwisolver>=1.3.1 in /usr/local/lib/python3.11/site-packages (from matplotlib) (1.4.9)
#10 0.474 Requirement already satisfied: numpy>=1.23 in /usr/local/lib/python3.11/site-packages (from matplotlib) (2.3.4)
#10 0.475 Requirement already satisfied: packaging>=20.0 in /usr/local/lib/python3.11/site-packages (from matplotlib) (25.0)
#10 0.476 Requirement already satisfied: pillow>=8 in /usr/local/lib/python3.11/site-packages (from matplotlib) (12.0.0)
#10 0.477 Requirement already satisfied: pyparsing>=3 in /usr/local/lib/python3.11/site-packages (from matplotlib) (3.2.5)
#10 0.477 Requirement already satisfied: python-dateutil>=2.7 in /usr/local/lib/python3.11/site-packages (from matplotlib) (2.9.0.post0)
#10 0.529 Requirement already satisfied: six>=1.5 in /usr/local/lib/python3.11/site-packages (from python-dateutil>=2.7->matplotlib) (1.17.0)
#10 0.679 WARNING: Running pip as the 'root' user can result in broken permissions and conflicting behaviour with the system package manager. It is recommended to use a virtual environment instead: https://pip.pypa.io/warnings/venv
#10 0.684 
#10 0.684 [notice] A new release of pip is available: 24.0 -> 25.3
#10 0.684 [notice] To update, run: pip install --upgrade pip
#10 DONE 0.8s

#11 [7/7] RUN ["pip","install","scipy"]
#11 0.450 Requirement already satisfied: scipy in /usr/local/lib/python3.11/site-packages (1.16.3)
#11 0.473 Requirement already satisfied: numpy<2.6,>=1.25.2 in /usr/local/lib/python3.11/site-packages (from scipy) (2.3.4)
#11 0.626 WARNING: Running pip as the 'root' user can result in broken permissions and conflicting behaviour with the system package manager. It is recommended to use a virtual environment instead: https://pip.pypa.io/warnings/venv
#11 0.631 
#11 0.631 [notice] A new release of pip is available: 24.0 -> 25.3
#11 0.631 [notice] To update, run: pip install --upgrade pip
#11 DONE 0.7s

#12 exporting to image
#12 exporting layers
#12 exporting layers 1.0s done
#12 writing image sha256:9ee8b232480fdd9ed1ed70554b5db4ffafc917add2378bfc9dbee4c85f461c7b done
#12 naming to docker.io/library/test-image-0b677b13fca6cd0905ca done
#12 DONE 1.1s

View build details: docker-desktop://dashboard/build/default/default/o94g45y73bbfk4jvbv32zc4u5
[2025-10-29 11:33:09] SUCCESS: Build completed for 0b677b13fca6cd0905ca
