=== Docker Build Log for 2aa18ba3b821b2f580a2 ===
Started at: Mi 29. Okt 13:24:26 CET 2025

[2025-10-29 13:24:26] START: Building image for 2aa18ba3b821b2f580a2
#0 building with "default" instance using docker driver

#1 [internal] load build definition from Dockerfile
#1 transferring dockerfile: 145B done
#1 DONE 0.0s

#2 [internal] load metadata for docker.io/library/python:3.11
#2 DONE 0.0s

#3 [internal] load .dockerignore
#3 transferring context: 2B done
#3 DONE 0.0s

#4 [internal] load build context
#4 transferring context: 15.84kB 0.0s done
#4 DONE 0.0s

#5 [1/2] FROM docker.io/library/python:3.11
#5 CACHED

#6 [2/2] COPY hard-gists/2aa18ba3b821b2f580a2/snippet.py /snippet.py
#6 DONE 0.1s

#7 exporting to image
#7 exporting layers 0.1s done
#7 writing image sha256:78c3c43e3a38e713549dceb4a4ebbbbcca789a13c210f3b3a9b79ac9dd184b81 done
#7 naming to docker.io/library/test-image-2aa18ba3b821b2f580a2 done
#7 DONE 0.1s

View build details: docker-desktop://dashboard/build/default/default/zycjbv8sdwy0rcsshjdpe6arj
[2025-10-29 13:24:26] SUCCESS: Build completed for 2aa18ba3b821b2f580a2
