=== Docker Build Log for 4020619 ===
Started at: Mi 29. Okt 14:17:31 CET 2025

[2025-10-29 14:17:31] START: Building image for 4020619
#0 building with "default" instance using docker driver

#1 [internal] load build definition from Dockerfile
#1 transferring dockerfile: 200B done
#1 DONE 0.0s

#2 [internal] load metadata for docker.io/library/python:3.11
#2 DONE 0.0s

#3 [internal] load .dockerignore
#3 transferring context: 2B done
#3 DONE 0.0s

#4 [internal] load build context
#4 transferring context: 1.03kB 0.0s done
#4 DONE 0.0s

#5 [1/4] FROM docker.io/library/python:3.11
#5 CACHED

#6 [2/4] COPY hard-gists/4020619/snippet.py /snippet.py
#6 DONE 0.1s

#7 [3/4] RUN ["pip","install","AppKit"]
#7 1.896 Collecting AppKit
#7 1.937   Downloading AppKit-0.2.8.tar.gz (7.6 kB)
#7 1.951   Preparing metadata (setup.py): started
#7 2.333   Preparing metadata (setup.py): finished with status 'done'
#7 2.374 Collecting flask (from AppKit)
#7 2.383   Downloading flask-3.1.2-py3-none-any.whl.metadata (3.2 kB)
#7 2.423 Collecting pygobject (from AppKit)
#7 2.434   Downloading pygobject-3.54.5.tar.gz (1.3 MB)
#7 2.501      ━━━━━━━━━━━━━━━━━━━━━━━━━━━━━━━━━━━━━━━━ 1.3/1.3 MB 19.5 MB/s eta 0:00:00
#7 2.584   Installing build dependencies: started
#7 7.593   Installing build dependencies: finished with status 'done'
#7 7.593   Getting requirements to build wheel: started
#7 7.671   Getting requirements to build wheel: finished with status 'done'
#7 7.674   Installing backend dependencies: started
#7 8.126   Installing backend dependencies: finished with status 'done'
#7 8.127   Preparing metadata (pyproject.toml): started
#7 8.706   Preparing metadata (pyproject.toml): finished with status 'error'
#7 8.709   error: subprocess-exited-with-error
#7 8.709   
#7 8.709   × Preparing metadata (pyproject.toml) did not run successfully.
#7 8.709   │ exit code: 1
#7 8.709   ╰─> [24 lines of output]
#7 8.709       + meson setup /tmp/pip-install-o8p_qfuo/pygobject_945c5ee9be2249aaa5f0ab29c8c47eac /tmp/pip-install-o8p_qfuo/pygobject_945c5ee9be2249aaa5f0ab29c8c47eac/.mesonpy-y_rbvv3p -Dbuildtype=release -Db_ndebug=if-release -Db_vscrt=md -Dtests=false -Dwheel=true --wrap-mode=nofallback --native-file=/tmp/pip-install-o8p_qfuo/pygobject_945c5ee9be2249aaa5f0ab29c8c47eac/.mesonpy-y_rbvv3p/meson-python-native-file.ini
#7 8.709       The Meson build system
#7 8.709       Version: 1.9.1
#7 8.709       Source dir: /tmp/pip-install-o8p_qfuo/pygobject_945c5ee9be2249aaa5f0ab29c8c47eac
#7 8.709       Build dir: /tmp/pip-install-o8p_qfuo/pygobject_945c5ee9be2249aaa5f0ab29c8c47eac/.mesonpy-y_rbvv3p
#7 8.709       Build type: native build
#7 8.709       Project name: pygobject
#7 8.709       Project version: 3.54.5
#7 8.709       C compiler for the host machine: cc (gcc 14.2.0 "cc (Debian 14.2.0-19) 14.2.0")
#7 8.709       C linker for the host machine: cc ld.bfd 2.44
#7 8.709       Host machine cpu family: x86_64
#7 8.709       Host machine cpu: x86_64
#7 8.709       Program python3 found: YES (/usr/local/bin/python3.11)
#7 8.709       Found pkg-config: YES (/usr/bin/pkg-config) 1.8.1
#7 8.709       Run-time dependency python found: YES 3.11
#7 8.709       Did not find CMake 'cmake'
#7 8.709       Found CMake: NO
#7 8.709       Run-time dependency girepository-2.0 found: NO (tried pkgconfig and cmake)
#7 8.709       Not looking for a fallback subproject for the dependency girepository-2.0 because:
#7 8.709       Use of fallback dependencies is disabled.
#7 8.709       
#7 8.709       ../meson.build:31:9: ERROR: Dependency 'girepository-2.0' is required but not found.
#7 8.709       
#7 8.709       A full log can be found at /tmp/pip-install-o8p_qfuo/pygobject_945c5ee9be2249aaa5f0ab29c8c47eac/.mesonpy-y_rbvv3p/meson-logs/meson-log.txt
#7 8.709       [end of output]
#7 8.709   
#7 8.709   note: This error originates from a subprocess, and is likely not a problem with pip.
#7 8.710 error: metadata-generation-failed
#7 8.710 
#7 8.710 × Encountered error while generating package metadata.
#7 8.710 ╰─> See above for output.
#7 8.710 
#7 8.710 note: This is an issue with the package mentioned above, not pip.
#7 8.710 hint: See above for details.
#7 8.715 
#7 8.715 [notice] A new release of pip is available: 24.0 -> 25.3
#7 8.715 [notice] To update, run: pip install --upgrade pip
#7 ERROR: process "pip install AppKit" did not complete successfully: exit code: 1
------
 > [3/4] RUN ["pip","install","AppKit"]:
8.710 error: metadata-generation-failed
8.710 
8.710 × Encountered error while generating package metadata.
8.710 ╰─> See above for output.
8.710 
8.710 note: This is an issue with the package mentioned above, not pip.
8.710 hint: See above for details.
8.715 
8.715 [notice] A new release of pip is available: 24.0 -> 25.3
8.715 [notice] To update, run: pip install --upgrade pip
------
Dockerfile:3
--------------------
   1 |     FROM python:3.11
   2 |     COPY hard-gists/4020619/snippet.py /snippet.py
   3 | >>> RUN ["pip","install","AppKit"]
   4 |     RUN ["pip","install","foundation"]
   5 |     CMD ["python3","/snippet.py"]
--------------------
ERROR: failed to build: failed to solve: process "pip install AppKit" did not complete successfully: exit code: 1

View build details: docker-desktop://dashboard/build/default/default/tkj2k1bkdmkhd9xwfnsk9tqni
[2025-10-29 14:17:41] ERROR: Build failed for 4020619
