=== Docker Build Log for 1326477 ===
Started at: Mi 29. Okt 12:07:12 CET 2025

[2025-10-29 12:07:12] START: Building image for 1326477
#0 building with "default" instance using docker driver

#1 [internal] load build definition from Dockerfile
#1 transferring dockerfile: 302B done
#1 DONE 0.0s

#2 [internal] load metadata for docker.io/library/python:3.11
#2 DONE 0.0s

#3 [internal] load .dockerignore
#3 transferring context: 2B done
#3 DONE 0.0s

#4 [internal] load build context
#4 transferring context: 1.85kB 0.0s done
#4 DONE 0.0s

#5 [1/7] FROM docker.io/library/python:3.11
#5 CACHED

#6 [2/7] COPY hard-gists/1326477/snippet.py /snippet.py
#6 DONE 0.1s

#7 [3/7] RUN ["pip","install","Flask"]
#7 1.937 Collecting Flask
#7 1.979   Downloading flask-3.1.2-py3-none-any.whl.metadata (3.2 kB)
#7 2.018 Collecting blinker>=1.9.0 (from Flask)
#7 2.027   Downloading blinker-1.9.0-py3-none-any.whl.metadata (1.6 kB)
#7 2.071 Collecting click>=8.1.3 (from Flask)
#7 2.080   Downloading click-8.3.0-py3-none-any.whl.metadata (2.6 kB)
#7 2.117 Collecting itsdangerous>=2.2.0 (from Flask)
#7 2.126   Downloading itsdangerous-2.2.0-py3-none-any.whl.metadata (1.9 kB)
#7 2.166 Collecting jinja2>=3.1.2 (from Flask)
#7 2.174   Downloading jinja2-3.1.6-py3-none-any.whl.metadata (2.9 kB)
#7 2.251 Collecting markupsafe>=2.1.1 (from Flask)
#7 2.259   Downloading markupsafe-3.0.3-cp311-cp311-manylinux2014_x86_64.manylinux_2_17_x86_64.manylinux_2_28_x86_64.whl.metadata (2.7 kB)
#7 2.309 Collecting werkzeug>=3.1.0 (from Flask)
#7 2.318   Downloading werkzeug-3.1.3-py3-none-any.whl.metadata (3.7 kB)
#7 2.343 Downloading flask-3.1.2-py3-none-any.whl (103 kB)
#7 2.369    ━━━━━━━━━━━━━━━━━━━━━━━━━━━━━━━━━━━━━━━━ 103.3/103.3 kB 4.0 MB/s eta 0:00:00
#7 2.377 Downloading blinker-1.9.0-py3-none-any.whl (8.5 kB)
#7 2.395 Downloading click-8.3.0-py3-none-any.whl (107 kB)
#7 2.415    ━━━━━━━━━━━━━━━━━━━━━━━━━━━━━━━━━━━━━━━━ 107.3/107.3 kB 5.7 MB/s eta 0:00:00
#7 2.422 Downloading itsdangerous-2.2.0-py3-none-any.whl (16 kB)
#7 2.444 Downloading jinja2-3.1.6-py3-none-any.whl (134 kB)
#7 2.459    ━━━━━━━━━━━━━━━━━━━━━━━━━━━━━━━━━━━━━━━━ 134.9/134.9 kB 9.6 MB/s eta 0:00:00
#7 2.467 Downloading markupsafe-3.0.3-cp311-cp311-manylinux2014_x86_64.manylinux_2_17_x86_64.manylinux_2_28_x86_64.whl (22 kB)
#7 2.485 Downloading werkzeug-3.1.3-py3-none-any.whl (224 kB)
#7 2.501    ━━━━━━━━━━━━━━━━━━━━━━━━━━━━━━━━━━━━━━━━ 224.5/224.5 kB 14.6 MB/s eta 0:00:00
#7 2.548 Installing collected packages: markupsafe, itsdangerous, click, blinker, werkzeug, jinja2, Flask
#7 2.843 Successfully installed Flask-3.1.2 blinker-1.9.0 click-8.3.0 itsdangerous-2.2.0 jinja2-3.1.6 markupsafe-3.0.3 werkzeug-3.1.3
#7 2.843 WARNING: Running pip as the 'root' user can result in broken permissions and conflicting behaviour with the system package manager. It is recommended to use a virtual environment instead: https://pip.pypa.io/warnings/venv
#7 2.930 
#7 2.930 [notice] A new release of pip is available: 24.0 -> 25.3
#7 2.930 [notice] To update, run: pip install --upgrade pip
#7 DONE 3.1s

#8 [4/7] RUN ["pip","install","celery"]
#8 0.516 Collecting celery
#8 0.548   Downloading celery-5.5.3-py3-none-any.whl.metadata (22 kB)
#8 0.624 Collecting billiard<5.0,>=4.2.1 (from celery)
#8 0.632   Downloading billiard-4.2.2-py3-none-any.whl.metadata (4.8 kB)
#8 0.695 Collecting kombu<5.6,>=5.5.2 (from celery)
#8 0.703   Downloading kombu-5.5.4-py3-none-any.whl.metadata (3.5 kB)
#8 0.740 Collecting vine<6.0,>=5.1.0 (from celery)
#8 0.750   Downloading vine-5.1.0-py3-none-any.whl.metadata (2.7 kB)
#8 0.760 Requirement already satisfied: click<9.0,>=8.1.2 in /usr/local/lib/python3.11/site-packages (from celery) (8.3.0)
#8 0.782 Collecting click-didyoumean>=0.3.0 (from celery)
#8 0.790   Downloading click_didyoumean-0.3.1-py3-none-any.whl.metadata (3.9 kB)
#8 0.830 Collecting click-repl>=0.2.0 (from celery)
#8 0.839   Downloading click_repl-0.3.0-py3-none-any.whl.metadata (3.6 kB)
#8 0.879 Collecting click-plugins>=1.1.1 (from celery)
#8 0.889   Downloading click_plugins-1.1.1.2-py2.py3-none-any.whl.metadata (6.5 kB)
#8 0.926 Collecting python-dateutil>=2.8.2 (from celery)
#8 0.934   Downloading python_dateutil-2.9.0.post0-py2.py3-none-any.whl.metadata (8.4 kB)
#8 0.996 Collecting prompt-toolkit>=3.0.36 (from click-repl>=0.2.0->celery)
#8 1.005   Downloading prompt_toolkit-3.0.52-py3-none-any.whl.metadata (6.4 kB)
#8 1.069 Collecting amqp<6.0.0,>=5.1.1 (from kombu<5.6,>=5.5.2->celery)
#8 1.077   Downloading amqp-5.3.1-py3-none-any.whl.metadata (8.9 kB)
#8 1.120 Collecting tzdata>=2025.2 (from kombu<5.6,>=5.5.2->celery)
#8 1.126   Downloading tzdata-2025.2-py2.py3-none-any.whl.metadata (1.4 kB)
#8 1.176 Collecting packaging (from kombu<5.6,>=5.5.2->celery)
#8 1.183   Downloading packaging-25.0-py3-none-any.whl.metadata (3.3 kB)
#8 1.223 Collecting six>=1.5 (from python-dateutil>=2.8.2->celery)
#8 1.230   Downloading six-1.17.0-py2.py3-none-any.whl.metadata (1.7 kB)
#8 1.270 Collecting wcwidth (from prompt-toolkit>=3.0.36->click-repl>=0.2.0->celery)
#8 1.278   Downloading wcwidth-0.2.14-py2.py3-none-any.whl.metadata (15 kB)
#8 1.307 Downloading celery-5.5.3-py3-none-any.whl (438 kB)
#8 1.346    ━━━━━━━━━━━━━━━━━━━━━━━━━━━━━━━━━━━━━━━━ 438.8/438.8 kB 11.7 MB/s eta 0:00:00
#8 1.354 Downloading billiard-4.2.2-py3-none-any.whl (86 kB)
#8 1.366    ━━━━━━━━━━━━━━━━━━━━━━━━━━━━━━━━━━━━━━━━ 86.9/86.9 kB 7.7 MB/s eta 0:00:00
#8 1.374 Downloading click_didyoumean-0.3.1-py3-none-any.whl (3.6 kB)
#8 1.391 Downloading click_plugins-1.1.1.2-py2.py3-none-any.whl (11 kB)
#8 1.420 Downloading click_repl-0.3.0-py3-none-any.whl (10 kB)
#8 1.443 Downloading kombu-5.5.4-py3-none-any.whl (210 kB)
#8 1.464    ━━━━━━━━━━━━━━━━━━━━━━━━━━━━━━━━━━━━━━━━ 210.0/210.0 kB 10.8 MB/s eta 0:00:00
#8 1.471 Downloading vine-5.1.0-py3-none-any.whl (9.6 kB)
#8 1.487 Downloading python_dateutil-2.9.0.post0-py2.py3-none-any.whl (229 kB)
#8 1.504    ━━━━━━━━━━━━━━━━━━━━━━━━━━━━━━━━━━━━━━━━ 229.9/229.9 kB 14.6 MB/s eta 0:00:00
#8 1.513 Downloading amqp-5.3.1-py3-none-any.whl (50 kB)
#8 1.523    ━━━━━━━━━━━━━━━━━━━━━━━━━━━━━━━━━━━━━━━━ 50.9/50.9 kB 4.7 MB/s eta 0:00:00
#8 1.530 Downloading prompt_toolkit-3.0.52-py3-none-any.whl (391 kB)
#8 1.553    ━━━━━━━━━━━━━━━━━━━━━━━━━━━━━━━━━━━━━━━━ 391.4/391.4 kB 17.6 MB/s eta 0:00:00
#8 1.561 Downloading six-1.17.0-py2.py3-none-any.whl (11 kB)
#8 1.578 Downloading tzdata-2025.2-py2.py3-none-any.whl (347 kB)
#8 1.599    ━━━━━━━━━━━━━━━━━━━━━━━━━━━━━━━━━━━━━━━━ 347.8/347.8 kB 17.4 MB/s eta 0:00:00
#8 1.606 Downloading packaging-25.0-py3-none-any.whl (66 kB)
#8 1.620    ━━━━━━━━━━━━━━━━━━━━━━━━━━━━━━━━━━━━━━━━ 66.5/66.5 kB 4.7 MB/s eta 0:00:00
#8 1.628 Downloading wcwidth-0.2.14-py2.py3-none-any.whl (37 kB)
#8 1.749 Installing collected packages: wcwidth, vine, tzdata, six, packaging, click-plugins, click-didyoumean, billiard, python-dateutil, prompt-toolkit, amqp, kombu, click-repl, celery
#8 2.663 Successfully installed amqp-5.3.1 billiard-4.2.2 celery-5.5.3 click-didyoumean-0.3.1 click-plugins-1.1.1.2 click-repl-0.3.0 kombu-5.5.4 packaging-25.0 prompt-toolkit-3.0.52 python-dateutil-2.9.0.post0 six-1.17.0 tzdata-2025.2 vine-5.1.0 wcwidth-0.2.14
#8 2.663 WARNING: Running pip as the 'root' user can result in broken permissions and conflicting behaviour with the system package manager. It is recommended to use a virtual environment instead: https://pip.pypa.io/warnings/venv
#8 2.669 
#8 2.669 [notice] A new release of pip is available: 24.0 -> 25.3
#8 2.669 [notice] To update, run: pip install --upgrade pip
#8 DONE 2.9s

#9 [5/7] RUN ["pip","install","Flask-SQLAlchemy"]
#9 0.550 Collecting Flask-SQLAlchemy
#9 0.586   Downloading flask_sqlalchemy-3.1.1-py3-none-any.whl.metadata (3.4 kB)
#9 0.598 Requirement already satisfied: flask>=2.2.5 in /usr/local/lib/python3.11/site-packages (from Flask-SQLAlchemy) (3.1.2)
#9 0.891 Collecting sqlalchemy>=2.0.16 (from Flask-SQLAlchemy)
#9 0.902   Downloading sqlalchemy-2.0.44-cp311-cp311-manylinux_2_17_x86_64.manylinux2014_x86_64.whl.metadata (9.5 kB)
#9 0.933 Requirement already satisfied: blinker>=1.9.0 in /usr/local/lib/python3.11/site-packages (from flask>=2.2.5->Flask-SQLAlchemy) (1.9.0)
#9 0.934 Requirement already satisfied: click>=8.1.3 in /usr/local/lib/python3.11/site-packages (from flask>=2.2.5->Flask-SQLAlchemy) (8.3.0)
#9 0.935 Requirement already satisfied: itsdangerous>=2.2.0 in /usr/local/lib/python3.11/site-packages (from flask>=2.2.5->Flask-SQLAlchemy) (2.2.0)
#9 0.936 Requirement already satisfied: jinja2>=3.1.2 in /usr/local/lib/python3.11/site-packages (from flask>=2.2.5->Flask-SQLAlchemy) (3.1.6)
#9 0.937 Requirement already satisfied: markupsafe>=2.1.1 in /usr/local/lib/python3.11/site-packages (from flask>=2.2.5->Flask-SQLAlchemy) (3.0.3)
#9 0.937 Requirement already satisfied: werkzeug>=3.1.0 in /usr/local/lib/python3.11/site-packages (from flask>=2.2.5->Flask-SQLAlchemy) (3.1.3)
#9 1.108 Collecting greenlet>=1 (from sqlalchemy>=2.0.16->Flask-SQLAlchemy)
#9 1.117   Downloading greenlet-3.2.4-cp311-cp311-manylinux_2_24_x86_64.manylinux_2_28_x86_64.whl.metadata (4.1 kB)
#9 1.176 Collecting typing-extensions>=4.6.0 (from sqlalchemy>=2.0.16->Flask-SQLAlchemy)
#9 1.184   Downloading typing_extensions-4.15.0-py3-none-any.whl.metadata (3.3 kB)
#9 1.217 Downloading flask_sqlalchemy-3.1.1-py3-none-any.whl (25 kB)
#9 1.237 Downloading sqlalchemy-2.0.44-cp311-cp311-manylinux_2_17_x86_64.manylinux2014_x86_64.whl (3.3 MB)
#9 1.387    ━━━━━━━━━━━━━━━━━━━━━━━━━━━━━━━━━━━━━━━━ 3.3/3.3 MB 22.3 MB/s eta 0:00:00
#9 1.396 Downloading greenlet-3.2.4-cp311-cp311-manylinux_2_24_x86_64.manylinux_2_28_x86_64.whl (587 kB)
#9 1.424    ━━━━━━━━━━━━━━━━━━━━━━━━━━━━━━━━━━━━━━━━ 587.7/587.7 kB 21.4 MB/s eta 0:00:00
#9 1.432 Downloading typing_extensions-4.15.0-py3-none-any.whl (44 kB)
#9 1.445    ━━━━━━━━━━━━━━━━━━━━━━━━━━━━━━━━━━━━━━━━ 44.6/44.6 kB 3.1 MB/s eta 0:00:00
#9 1.562 Installing collected packages: typing-extensions, greenlet, sqlalchemy, Flask-SQLAlchemy
#9 2.425 Successfully installed Flask-SQLAlchemy-3.1.1 greenlet-3.2.4 sqlalchemy-2.0.44 typing-extensions-4.15.0
#9 2.425 WARNING: Running pip as the 'root' user can result in broken permissions and conflicting behaviour with the system package manager. It is recommended to use a virtual environment instead: https://pip.pypa.io/warnings/venv
#9 2.430 
#9 2.430 [notice] A new release of pip is available: 24.0 -> 25.3
#9 2.430 [notice] To update, run: pip install --upgrade pip
#9 DONE 2.7s

#10 [6/7] RUN ["pip","install","Flask-MySQL"]
#10 0.502 Collecting Flask-MySQL
#10 0.535   Downloading Flask_MySQL-1.6.0-py2.py3-none-any.whl.metadata (670 bytes)
#10 0.552 Requirement already satisfied: Flask in /usr/local/lib/python3.11/site-packages (from Flask-MySQL) (3.1.2)
#10 0.586 Collecting PyMySQL (from Flask-MySQL)
#10 0.595   Downloading pymysql-1.1.2-py3-none-any.whl.metadata (4.3 kB)
#10 0.620 Requirement already satisfied: blinker>=1.9.0 in /usr/local/lib/python3.11/site-packages (from Flask->Flask-MySQL) (1.9.0)
#10 0.620 Requirement already satisfied: click>=8.1.3 in /usr/local/lib/python3.11/site-packages (from Flask->Flask-MySQL) (8.3.0)
#10 0.621 Requirement already satisfied: itsdangerous>=2.2.0 in /usr/local/lib/python3.11/site-packages (from Flask->Flask-MySQL) (2.2.0)
#10 0.622 Requirement already satisfied: jinja2>=3.1.2 in /usr/local/lib/python3.11/site-packages (from Flask->Flask-MySQL) (3.1.6)
#10 0.623 Requirement already satisfied: markupsafe>=2.1.1 in /usr/local/lib/python3.11/site-packages (from Flask->Flask-MySQL) (3.0.3)
#10 0.624 Requirement already satisfied: werkzeug>=3.1.0 in /usr/local/lib/python3.11/site-packages (from Flask->Flask-MySQL) (3.1.3)
#10 0.641 Downloading Flask_MySQL-1.6.0-py2.py3-none-any.whl (3.8 kB)
#10 0.664 Downloading pymysql-1.1.2-py3-none-any.whl (45 kB)
#10 0.684    ━━━━━━━━━━━━━━━━━━━━━━━━━━━━━━━━━━━━━━━━ 45.3/45.3 kB 1.9 MB/s eta 0:00:00
#10 0.790 Installing collected packages: PyMySQL, Flask-MySQL
#10 0.863 Successfully installed Flask-MySQL-1.6.0 PyMySQL-1.1.2
#10 0.863 WARNING: Running pip as the 'root' user can result in broken permissions and conflicting behaviour with the system package manager. It is recommended to use a virtual environment instead: https://pip.pypa.io/warnings/venv
#10 0.868 
#10 0.868 [notice] A new release of pip is available: 24.0 -> 25.3
#10 0.868 [notice] To update, run: pip install --upgrade pip
#10 DONE 0.9s

#11 [7/7] RUN ["pip","install","myapp"]
#11 0.535 Collecting myapp
#11 0.568   Downloading myapp-0.1dev.tar.gz (1.0 kB)
#11 0.584   Preparing metadata (setup.py): started
#11 0.987   Preparing metadata (setup.py): finished with status 'done'
#11 0.989 Building wheels for collected packages: myapp
#11 0.990   Building wheel for myapp (setup.py): started
#11 1.158   Building wheel for myapp (setup.py): finished with status 'done'
#11 1.159   Created wheel for myapp: filename=myapp-0.1.dev0-py3-none-any.whl size=1205 sha256=acbff3e677f6db20c8659f6546a07fe4dbd196f75db15ef47bb5b6e0051b936b
#11 1.159   Stored in directory: /root/.cache/pip/wheels/8c/4a/f7/5734cb866b10b96eff12070dac03343f571493a7a982b9ca82
#11 1.161 Successfully built myapp
#11 1.262 Installing collected packages: myapp
#11 1.283 Successfully installed myapp-0.1.dev0
#11 1.283 WARNING: Running pip as the 'root' user can result in broken permissions and conflicting behaviour with the system package manager. It is recommended to use a virtual environment instead: https://pip.pypa.io/warnings/venv
#11 1.288 
#11 1.288 [notice] A new release of pip is available: 24.0 -> 25.3
#11 1.288 [notice] To update, run: pip install --upgrade pip
#11 DONE 1.4s

#12 exporting to image
#12 exporting layers
#12 exporting layers 0.3s done
#12 writing image sha256:c68f86c95f6fdc2ef613967d9d00972fb63a70b3f232375becb4bb436a185091 done
#12 naming to docker.io/library/test-image-1326477 done
#12 DONE 0.3s

View build details: docker-desktop://dashboard/build/default/default/h36dpr4lqe0gv1i5cer3gkhu8
[2025-10-29 12:07:24] SUCCESS: Build completed for 1326477
