=== Docker Build Log for 2054744 ===
Started at: Mi 29. Okt 12:58:08 CET 2025

[2025-10-29 12:58:08] START: Building image for 2054744
#0 building with "default" instance using docker driver

#1 [internal] load build definition from Dockerfile
#1 transferring dockerfile: 200B done
#1 DONE 0.0s

#2 [internal] load metadata for docker.io/library/python:3.11
#2 DONE 0.0s

#3 [internal] load .dockerignore
#3 transferring context: 2B done
#3 DONE 0.0s

#4 [internal] load build context
#4 transferring context: 1.15kB 0.0s done
#4 DONE 0.0s

#5 [1/4] FROM docker.io/library/python:3.11
#5 CACHED

#6 [2/4] COPY hard-gists/2054744/snippet.py /snippet.py
#6 DONE 0.1s

#7 [3/4] RUN ["pip","install","dj.choices"]
#7 1.918 Collecting dj.choices
#7 1.953   Downloading dj.choices-0.11.0.tar.gz (28 kB)
#7 1.970   Preparing metadata (setup.py): started
#7 2.349   Preparing metadata (setup.py): finished with status 'done'
#7 2.459 Collecting django (from dj.choices)
#7 2.472   Downloading django-5.2.7-py3-none-any.whl.metadata (4.1 kB)
#7 2.511 Collecting six (from dj.choices)
#7 2.520   Downloading six-1.17.0-py2.py3-none-any.whl.metadata (1.7 kB)
#7 2.566 Collecting asgiref>=3.8.1 (from django->dj.choices)
#7 2.574   Downloading asgiref-3.10.0-py3-none-any.whl.metadata (9.3 kB)
#7 2.613 Collecting sqlparse>=0.3.1 (from django->dj.choices)
#7 2.621   Downloading sqlparse-0.5.3-py3-none-any.whl.metadata (3.9 kB)
#7 2.647 Downloading django-5.2.7-py3-none-any.whl (8.3 MB)
#7 3.015    ━━━━━━━━━━━━━━━━━━━━━━━━━━━━━━━━━━━━━━━━ 8.3/8.3 MB 22.7 MB/s eta 0:00:00
#7 3.023 Downloading six-1.17.0-py2.py3-none-any.whl (11 kB)
#7 3.040 Downloading asgiref-3.10.0-py3-none-any.whl (24 kB)
#7 3.060 Downloading sqlparse-0.5.3-py3-none-any.whl (44 kB)
#7 3.071    ━━━━━━━━━━━━━━━━━━━━━━━━━━━━━━━━━━━━━━━━ 44.4/44.4 kB 3.5 MB/s eta 0:00:00
#7 3.109 Building wheels for collected packages: dj.choices
#7 3.110   Building wheel for dj.choices (setup.py): started
#7 3.286   Building wheel for dj.choices (setup.py): finished with status 'done'
#7 3.286   Created wheel for dj.choices: filename=dj_choices-0.11.0-py3-none-any.whl size=28716 sha256=7fed6ce89bc307921c467ef9dcbe018620ad1aaa92e59c04e49454c2d45ddee0
#7 3.287   Stored in directory: /root/.cache/pip/wheels/97/38/bd/4ca089ff8ffdead6a07e7af033d36d74a01ab7a37e70797942
#7 3.288 Successfully built dj.choices
#7 3.335 Installing collected packages: sqlparse, six, asgiref, django, dj.choices
#7 4.837 Successfully installed asgiref-3.10.0 dj.choices-0.11.0 django-5.2.7 six-1.17.0 sqlparse-0.5.3
#7 4.838 WARNING: Running pip as the 'root' user can result in broken permissions and conflicting behaviour with the system package manager. It is recommended to use a virtual environment instead: https://pip.pypa.io/warnings/venv
#7 4.947 
#7 4.947 [notice] A new release of pip is available: 24.0 -> 25.3
#7 4.947 [notice] To update, run: pip install --upgrade pip
#7 DONE 5.3s

#8 [4/4] RUN ["pip","install","Django"]
#8 0.426 Requirement already satisfied: Django in /usr/local/lib/python3.11/site-packages (5.2.7)
#8 0.429 Requirement already satisfied: asgiref>=3.8.1 in /usr/local/lib/python3.11/site-packages (from Django) (3.10.0)
#8 0.430 Requirement already satisfied: sqlparse>=0.3.1 in /usr/local/lib/python3.11/site-packages (from Django) (0.5.3)
#8 0.472 WARNING: Running pip as the 'root' user can result in broken permissions and conflicting behaviour with the system package manager. It is recommended to use a virtual environment instead: https://pip.pypa.io/warnings/venv
#8 0.477 
#8 0.477 [notice] A new release of pip is available: 24.0 -> 25.3
#8 0.477 [notice] To update, run: pip install --upgrade pip
#8 DONE 0.6s

#9 exporting to image
#9 exporting layers
#9 exporting layers 0.6s done
#9 writing image sha256:8c64ad55736572369078d0e1d9b860eef4fc1a91aa9cb54210591fb5c1f576f2 done
#9 naming to docker.io/library/test-image-2054744 done
#9 DONE 0.6s

View build details: docker-desktop://dashboard/build/default/default/fetvbov32w5hlh799mlndq8c6
[2025-10-29 12:58:15] SUCCESS: Build completed for 2054744
