=== Docker Build Log for eeea2093888e8d4004ec06b5a1dede1e ===
Started at: Mi 29. Okt 21:03:47 CET 2025

[2025-10-29 21:03:47] START: Building image for eeea2093888e8d4004ec06b5a1dede1e
#0 building with "default" instance using docker driver

#1 [internal] load build definition from Dockerfile
#1 transferring dockerfile: 187B done
#1 DONE 0.0s

#2 [internal] load metadata for docker.io/library/python:3.11
#2 DONE 0.0s

#3 [internal] load .dockerignore
#3 transferring context: 2B done
#3 DONE 0.0s

#4 [internal] load build context
#4 transferring context: 13.85kB 0.0s done
#4 DONE 0.0s

#5 [1/3] FROM docker.io/library/python:3.11
#5 CACHED

#6 [2/3] COPY hard-gists/eeea2093888e8d4004ec06b5a1dede1e/snippet.py /snippet.py
#6 DONE 0.1s

#7 [3/3] RUN ["pip","install","idc"]
#7 1.880 Collecting idc
#7 1.922   Downloading idc-0.6.0.tar.gz (850 kB)
#7 2.022      ━━━━━━━━━━━━━━━━━━━━━━━━━━━━━━━━━━━━━━━ 850.4/850.4 kB 8.6 MB/s eta 0:00:00
#7 2.060   Preparing metadata (setup.py): started
#7 3.051   Preparing metadata (setup.py): finished with status 'done'
#7 3.087 Collecting pyOSC==0.3.5b-5294 (from idc)
#7 3.103   Downloading pyOSC-0.3.5b-5294.tar.gz (33 kB)
#7 3.115   Preparing metadata (setup.py): started
#7 3.207   Preparing metadata (setup.py): finished with status 'error'
#7 3.211   error: subprocess-exited-with-error
#7 3.211   
#7 3.211   × python setup.py egg_info did not run successfully.
#7 3.211   │ exit code: 1
#7 3.211   ╰─> [9 lines of output]
#7 3.211       Traceback (most recent call last):
#7 3.211         File "<string>", line 2, in <module>
#7 3.211         File "<pip-setuptools-caller>", line 34, in <module>
#7 3.211         File "/tmp/pip-install-8zph9zdf/pyosc_c37dcaca1ed946f1adf212ae8670fdab/setup.py", line 5, in <module>
#7 3.211           import OSC
#7 3.211         File "/tmp/pip-install-8zph9zdf/pyosc_c37dcaca1ed946f1adf212ae8670fdab/OSC.py", line 735
#7 3.211           binary = struct.pack('>ll', 0L, 1L)
#7 3.211                                       ^
#7 3.211       SyntaxError: invalid decimal literal
#7 3.211       [end of output]
#7 3.211   
#7 3.211   note: This error originates from a subprocess, and is likely not a problem with pip.
#7 3.212 error: metadata-generation-failed
#7 3.212 
#7 3.212 × Encountered error while generating package metadata.
#7 3.212 ╰─> See above for output.
#7 3.212 
#7 3.212 note: This is an issue with the package mentioned above, not pip.
#7 3.212 hint: See above for details.
#7 3.311 
#7 3.311 [notice] A new release of pip is available: 24.0 -> 25.3
#7 3.311 [notice] To update, run: pip install --upgrade pip
#7 ERROR: process "pip install idc" did not complete successfully: exit code: 1
------
 > [3/3] RUN ["pip","install","idc"]:
3.212 error: metadata-generation-failed
3.212 
3.212 × Encountered error while generating package metadata.
3.212 ╰─> See above for output.
3.212 
3.212 note: This is an issue with the package mentioned above, not pip.
3.212 hint: See above for details.
3.311 
3.311 [notice] A new release of pip is available: 24.0 -> 25.3
3.311 [notice] To update, run: pip install --upgrade pip
------
Dockerfile:3
--------------------
   1 |     FROM python:3.11
   2 |     COPY hard-gists/eeea2093888e8d4004ec06b5a1dede1e/snippet.py /snippet.py
   3 | >>> RUN ["pip","install","idc"]
   4 |     CMD ["python3","/snippet.py"]
   5 |     
--------------------
ERROR: failed to build: failed to solve: process "pip install idc" did not complete successfully: exit code: 1

View build details: docker-desktop://dashboard/build/default/default/iysvlpekexetquzd4nqs0r5d6
[2025-10-29 21:03:51] ERROR: Build failed for eeea2093888e8d4004ec06b5a1dede1e
