=== Docker Build Log for 6e56d947ceaacdebb7fd3a88ed89cb6c ===
Started at: Mi 29. Okt 16:57:04 CET 2025

[2025-10-29 16:57:04] START: Building image for 6e56d947ceaacdebb7fd3a88ed89cb6c
#0 building with "default" instance using docker driver

#1 [internal] load build definition from Dockerfile
#1 transferring dockerfile: 157B done
#1 DONE 0.0s

#2 [internal] load metadata for docker.io/library/python:3.11
#2 DONE 0.0s

#3 [internal] load .dockerignore
#3 transferring context: 2B done
#3 DONE 0.0s

#4 [internal] load build context
#4 transferring context: 330B 0.0s done
#4 DONE 0.0s

#5 [1/2] FROM docker.io/library/python:3.11
#5 CACHED

#6 [2/2] COPY hard-gists/6e56d947ceaacdebb7fd3a88ed89cb6c/snippet.py /snippet.py
#6 DONE 0.1s

#7 exporting to image
#7 exporting layers 0.0s done
#7 writing image sha256:875a8476906343b4b2e99dc30062e8565a36a699cc219642dcaad3d01385ac97 done
#7 naming to docker.io/library/test-image-6e56d947ceaacdebb7fd3a88ed89cb6c done
#7 DONE 0.1s

View build details: docker-desktop://dashboard/build/default/default/ciebrg4qs2trlxd7nvq92wrmp
[2025-10-29 16:57:04] SUCCESS: Build completed for 6e56d947ceaacdebb7fd3a88ed89cb6c
