=== Docker Build Log for 5900563 ===
Started at: Mi 29. Okt 16:09:39 CET 2025

[2025-10-29 16:09:39] START: Building image for 5900563
#0 building with "default" instance using docker driver

#1 [internal] load build definition from Dockerfile
#1 transferring dockerfile: 132B done
#1 DONE 0.0s

#2 [internal] load metadata for docker.io/library/python:3.11
#2 DONE 0.0s

#3 [internal] load .dockerignore
#3 transferring context: 2B done
#3 DONE 0.0s

#4 [1/2] FROM docker.io/library/python:3.11
#4 DONE 0.0s

#5 [internal] load build context
#5 transferring context: 2.43kB 0.0s done
#5 DONE 0.0s

#4 [1/2] FROM docker.io/library/python:3.11
#4 CACHED

#6 [2/2] COPY hard-gists/5900563/snippet.py /snippet.py
#6 DONE 0.1s

#7 exporting to image
#7 exporting layers 0.0s done
#7 writing image sha256:09668a721edabba73e1dbab4c34f8670b6febd12720aef483532d69347ec2e8b done
#7 naming to docker.io/library/test-image-5900563 done
#7 DONE 0.1s

View build details: docker-desktop://dashboard/build/default/default/pkgpo1llpcgnc259ikm24ysh3
[2025-10-29 16:09:40] SUCCESS: Build completed for 5900563
