=== Docker Build Log for 6625609 ===
Started at: Mi 29. Okt 16:40:02 CET 2025

[2025-10-29 16:40:02] START: Building image for 6625609
#0 building with "default" instance using docker driver

#1 [internal] load build definition from Dockerfile
#1 transferring dockerfile: 162B done
#1 DONE 0.0s

#2 [internal] load metadata for docker.io/library/python:3.11
#2 DONE 0.0s

#3 [internal] load .dockerignore
#3 transferring context: 2B done
#3 DONE 0.0s

#4 [internal] load build context
#4 transferring context: 3.23kB 0.0s done
#4 DONE 0.0s

#5 [1/3] FROM docker.io/library/python:3.11
#5 CACHED

#6 [2/3] COPY hard-gists/6625609/snippet.py /snippet.py
#6 DONE 0.1s

#7 [3/3] RUN ["pip","install","Flask"]
#7 2.160 Collecting Flask
#7 2.196   Downloading flask-3.1.2-py3-none-any.whl.metadata (3.2 kB)
#7 2.242 Collecting blinker>=1.9.0 (from Flask)
#7 2.250   Downloading blinker-1.9.0-py3-none-any.whl.metadata (1.6 kB)
#7 2.309 Collecting click>=8.1.3 (from Flask)
#7 2.318   Downloading click-8.3.0-py3-none-any.whl.metadata (2.6 kB)
#7 2.357 Collecting itsdangerous>=2.2.0 (from Flask)
#7 2.365   Downloading itsdangerous-2.2.0-py3-none-any.whl.metadata (1.9 kB)
#7 2.409 Collecting jinja2>=3.1.2 (from Flask)
#7 2.417   Downloading jinja2-3.1.6-py3-none-any.whl.metadata (2.9 kB)
#7 2.505 Collecting markupsafe>=2.1.1 (from Flask)
#7 2.514   Downloading markupsafe-3.0.3-cp311-cp311-manylinux2014_x86_64.manylinux_2_17_x86_64.manylinux_2_28_x86_64.whl.metadata (2.7 kB)
#7 2.569 Collecting werkzeug>=3.1.0 (from Flask)
#7 2.577   Downloading werkzeug-3.1.3-py3-none-any.whl.metadata (3.7 kB)
#7 2.607 Downloading flask-3.1.2-py3-none-any.whl (103 kB)
#7 2.634    ━━━━━━━━━━━━━━━━━━━━━━━━━━━━━━━━━━━━━━━━ 103.3/103.3 kB 3.8 MB/s eta 0:00:00
#7 2.642 Downloading blinker-1.9.0-py3-none-any.whl (8.5 kB)
#7 2.659 Downloading click-8.3.0-py3-none-any.whl (107 kB)
#7 2.682    ━━━━━━━━━━━━━━━━━━━━━━━━━━━━━━━━━━━━━━━━ 107.3/107.3 kB 4.6 MB/s eta 0:00:00
#7 2.695 Downloading itsdangerous-2.2.0-py3-none-any.whl (16 kB)
#7 2.713 Downloading jinja2-3.1.6-py3-none-any.whl (134 kB)
#7 2.728    ━━━━━━━━━━━━━━━━━━━━━━━━━━━━━━━━━━━━━━━━ 134.9/134.9 kB 9.5 MB/s eta 0:00:00
#7 2.737 Downloading markupsafe-3.0.3-cp311-cp311-manylinux2014_x86_64.manylinux_2_17_x86_64.manylinux_2_28_x86_64.whl (22 kB)
#7 2.753 Downloading werkzeug-3.1.3-py3-none-any.whl (224 kB)
#7 2.774    ━━━━━━━━━━━━━━━━━━━━━━━━━━━━━━━━━━━━━━━━ 224.5/224.5 kB 11.4 MB/s eta 0:00:00
#7 2.825 Installing collected packages: markupsafe, itsdangerous, click, blinker, werkzeug, jinja2, Flask
#7 3.167 Successfully installed Flask-3.1.2 blinker-1.9.0 click-8.3.0 itsdangerous-2.2.0 jinja2-3.1.6 markupsafe-3.0.3 werkzeug-3.1.3
#7 3.168 WARNING: Running pip as the 'root' user can result in broken permissions and conflicting behaviour with the system package manager. It is recommended to use a virtual environment instead: https://pip.pypa.io/warnings/venv
#7 3.268 
#7 3.268 [notice] A new release of pip is available: 24.0 -> 25.3
#7 3.268 [notice] To update, run: pip install --upgrade pip
#7 DONE 3.5s

#8 exporting to image
#8 exporting layers
#8 exporting layers 0.2s done
#8 writing image sha256:3831af87851b35efa9d3ac7255625d63b3db50a12eb6ddf06920302bea40580a done
#8 naming to docker.io/library/test-image-6625609 done
#8 DONE 0.2s

View build details: docker-desktop://dashboard/build/default/default/mpfop4nu724cig478i0r3yrt0
[2025-10-29 16:40:06] SUCCESS: Build completed for 6625609
