=== Docker Build Log for 9951701907ed328218dd ===
Started at: Mi 29. Okt 18:35:39 CET 2025

[2025-10-29 18:35:39] START: Building image for 9951701907ed328218dd
#0 building with "default" instance using docker driver

#1 [internal] load build definition from Dockerfile
#1 transferring dockerfile: 145B done
#1 DONE 0.0s

#2 [internal] load metadata for docker.io/library/python:3.11
#2 DONE 0.0s

#3 [internal] load .dockerignore
#3 transferring context: 2B done
#3 DONE 0.0s

#4 [internal] load build context
#4 transferring context: 1.78kB 0.0s done
#4 DONE 0.0s

#5 [1/2] FROM docker.io/library/python:3.11
#5 CACHED

#6 [2/2] COPY hard-gists/9951701907ed328218dd/snippet.py /snippet.py
#6 DONE 0.1s

#7 exporting to image
#7 exporting layers 0.0s done
#7 writing image sha256:fe3f3789431095746e01234bd432502e7cb0e391a8e0e3aed54c073ef8ea4c9a done
#7 naming to docker.io/library/test-image-9951701907ed328218dd done
#7 DONE 0.1s

View build details: docker-desktop://dashboard/build/default/default/ru64n54bpe0vfd74i7ozd0as8
[2025-10-29 18:35:39] SUCCESS: Build completed for 9951701907ed328218dd
