=== Docker Build Log for 600fa8852b4741fb2bb1 ===
Started at: Mi 29. Okt 16:17:56 CET 2025

[2025-10-29 16:17:56] START: Building image for 600fa8852b4741fb2bb1
#0 building with "default" instance using docker driver

#1 [internal] load build definition from Dockerfile
#1 transferring dockerfile: 2.10kB done
#1 DONE 0.0s

#2 [internal] load metadata for docker.io/library/python:3.11
#2 DONE 0.0s

#3 [internal] load .dockerignore
#3 transferring context: 2B done
#3 DONE 0.0s

#4 [internal] load build context
#4 transferring context: 5.89kB 0.0s done
#4 DONE 0.0s

#5 [ 1/44] FROM docker.io/library/python:3.11
#5 CACHED

#6 [ 2/44] COPY hard-gists/600fa8852b4741fb2bb1/snippet.py /snippet.py
#6 DONE 0.1s

#7 [ 3/44] RUN ["pip","install","requests"]
#7 2.045 Collecting requests
#7 2.081   Downloading requests-2.32.5-py3-none-any.whl.metadata (4.9 kB)
#7 2.205 Collecting charset_normalizer<4,>=2 (from requests)
#7 2.215   Downloading charset_normalizer-3.4.4-cp311-cp311-manylinux2014_x86_64.manylinux_2_17_x86_64.manylinux_2_28_x86_64.whl.metadata (37 kB)
#7 2.259 Collecting idna<4,>=2.5 (from requests)
#7 2.268   Downloading idna-3.11-py3-none-any.whl.metadata (8.4 kB)
#7 2.332 Collecting urllib3<3,>=1.21.1 (from requests)
#7 2.340   Downloading urllib3-2.5.0-py3-none-any.whl.metadata (6.5 kB)
#7 2.385 Collecting certifi>=2017.4.17 (from requests)
#7 2.393   Downloading certifi-2025.10.5-py3-none-any.whl.metadata (2.5 kB)
#7 2.421 Downloading requests-2.32.5-py3-none-any.whl (64 kB)
#7 2.442    ━━━━━━━━━━━━━━━━━━━━━━━━━━━━━━━━━━━━━━━━ 64.7/64.7 kB 3.0 MB/s eta 0:00:00
#7 2.450 Downloading certifi-2025.10.5-py3-none-any.whl (163 kB)
#7 2.467    ━━━━━━━━━━━━━━━━━━━━━━━━━━━━━━━━━━━━━━━━ 163.3/163.3 kB 10.0 MB/s eta 0:00:00
#7 2.475 Downloading charset_normalizer-3.4.4-cp311-cp311-manylinux2014_x86_64.manylinux_2_17_x86_64.manylinux_2_28_x86_64.whl (151 kB)
#7 2.490    ━━━━━━━━━━━━━━━━━━━━━━━━━━━━━━━━━━━━━━━━ 151.6/151.6 kB 10.9 MB/s eta 0:00:00
#7 2.497 Downloading idna-3.11-py3-none-any.whl (71 kB)
#7 2.512    ━━━━━━━━━━━━━━━━━━━━━━━━━━━━━━━━━━━━━━━━ 71.0/71.0 kB 4.8 MB/s eta 0:00:00
#7 2.519 Downloading urllib3-2.5.0-py3-none-any.whl (129 kB)
#7 2.533    ━━━━━━━━━━━━━━━━━━━━━━━━━━━━━━━━━━━━━━━━ 129.8/129.8 kB 9.7 MB/s eta 0:00:00
#7 2.586 Installing collected packages: urllib3, idna, charset_normalizer, certifi, requests
#7 2.835 Successfully installed certifi-2025.10.5 charset_normalizer-3.4.4 idna-3.11 requests-2.32.5 urllib3-2.5.0
#7 2.836 WARNING: Running pip as the 'root' user can result in broken permissions and conflicting behaviour with the system package manager. It is recommended to use a virtual environment instead: https://pip.pypa.io/warnings/venv
#7 2.935 
#7 2.935 [notice] A new release of pip is available: 24.0 -> 25.3
#7 2.935 [notice] To update, run: pip install --upgrade pip
#7 DONE 3.1s

#8 [ 4/44] RUN ["pip","install","asyncio"]
#8 0.653 Collecting asyncio
#8 0.694   Downloading asyncio-4.0.0-py3-none-any.whl.metadata (994 bytes)
#8 0.718 Downloading asyncio-4.0.0-py3-none-any.whl (5.6 kB)
#8 0.792 Installing collected packages: asyncio
#8 0.826 Successfully installed asyncio-4.0.0
#8 0.826 WARNING: Running pip as the 'root' user can result in broken permissions and conflicting behaviour with the system package manager. It is recommended to use a virtual environment instead: https://pip.pypa.io/warnings/venv
#8 0.832 
#8 0.832 [notice] A new release of pip is available: 24.0 -> 25.3
#8 0.832 [notice] To update, run: pip install --upgrade pip
#8 DONE 0.9s

#9 [ 5/44] RUN ["pip","install","botchallenge"]
#9 0.622 Collecting botchallenge
#9 0.659   Downloading botchallenge-1.2.0.tar.gz (196 kB)
#9 0.701      ━━━━━━━━━━━━━━━━━━━━━━━━━━━━━━━━━━━━━━━ 196.2/196.2 kB 4.7 MB/s eta 0:00:00
#9 0.720   Preparing metadata (setup.py): started
#9 1.185   Preparing metadata (setup.py): finished with status 'done'
#9 1.351 Collecting greenlet (from botchallenge)
#9 1.361   Downloading greenlet-3.2.4-cp311-cp311-manylinux_2_24_x86_64.manylinux_2_28_x86_64.whl.metadata (4.1 kB)
#9 1.396 Downloading greenlet-3.2.4-cp311-cp311-manylinux_2_24_x86_64.manylinux_2_28_x86_64.whl (587 kB)
#9 1.425    ━━━━━━━━━━━━━━━━━━━━━━━━━━━━━━━━━━━━━━━━ 587.7/587.7 kB 21.1 MB/s eta 0:00:00
#9 1.431 Building wheels for collected packages: botchallenge
#9 1.432   Building wheel for botchallenge (setup.py): started
#9 1.686   Building wheel for botchallenge (setup.py): finished with status 'done'
#9 1.687   Created wheel for botchallenge: filename=botchallenge-1.2.0-py3-none-any.whl size=249493 sha256=bdebd38cebc2f05a3390cdc44fed65761b851f94b4372324efb019f8da8c70a2
#9 1.687   Stored in directory: /root/.cache/pip/wheels/22/16/85/d9f52fb75abd7f266b9fcec19ea21d83e2cb1f211c9d6f5053
#9 1.689 Successfully built botchallenge
#9 1.740 Installing collected packages: greenlet, botchallenge
#9 1.976 Successfully installed botchallenge-1.2.0 greenlet-3.2.4
#9 1.977 WARNING: Running pip as the 'root' user can result in broken permissions and conflicting behaviour with the system package manager. It is recommended to use a virtual environment instead: https://pip.pypa.io/warnings/venv
#9 1.982 
#9 1.982 [notice] A new release of pip is available: 24.0 -> 25.3
#9 1.982 [notice] To update, run: pip install --upgrade pip
#9 DONE 2.1s

#10 [ 6/44] RUN ["pip","install","proto-google-datastore-v1beta3"]
#10 0.601 Collecting proto-google-datastore-v1beta3
#10 0.636   Downloading proto-google-datastore-v1beta3-1.0.0-beta.2.tar.gz (22 kB)
#10 0.658   Preparing metadata (setup.py): started
#10 0.792   Preparing metadata (setup.py): finished with status 'done'
#10 1.001 Collecting protobuf==3.0.0b2.post2 (from proto-google-datastore-v1beta3)
#10 1.015   Downloading protobuf-3.0.0b2.post2.zip (155 kB)
#10 1.049      ━━━━━━━━━━━━━━━━━━━━━━━━━━━━━━━━━━━━━━━ 155.1/155.1 kB 4.5 MB/s eta 0:00:00
#10 1.059   Preparing metadata (setup.py): started
#10 1.203   Preparing metadata (setup.py): finished with status 'error'
#10 1.207   error: subprocess-exited-with-error
#10 1.207   
#10 1.207   × python setup.py egg_info did not run successfully.
#10 1.207   │ exit code: 1
#10 1.207   ╰─> [6 lines of output]
#10 1.207       Traceback (most recent call last):
#10 1.207         File "<string>", line 2, in <module>
#10 1.207         File "<pip-setuptools-caller>", line 34, in <module>
#10 1.207         File "/tmp/pip-install-2lc5sour/protobuf_1aea46ff1f444ad1a60b30c4ef03fd0e/setup.py", line 17, in <module>
#10 1.207           from distutils.command.build_py import build_py_2to3 as _build_py
#10 1.207       ImportError: cannot import name 'build_py_2to3' from 'distutils.command.build_py' (/usr/local/lib/python3.11/site-packages/setuptools/_distutils/command/build_py.py)
#10 1.207       [end of output]
#10 1.207   
#10 1.207   note: This error originates from a subprocess, and is likely not a problem with pip.
#10 1.208 error: metadata-generation-failed
#10 1.208 
#10 1.208 × Encountered error while generating package metadata.
#10 1.208 ╰─> See above for output.
#10 1.208 
#10 1.208 note: This is an issue with the package mentioned above, not pip.
#10 1.208 hint: See above for details.
#10 1.214 
#10 1.214 [notice] A new release of pip is available: 24.0 -> 25.3
#10 1.214 [notice] To update, run: pip install --upgrade pip
#10 ERROR: process "pip install proto-google-datastore-v1beta3" did not complete successfully: exit code: 1
------
 > [ 6/44] RUN ["pip","install","proto-google-datastore-v1beta3"]:
1.208 error: metadata-generation-failed
1.208 
1.208 × Encountered error while generating package metadata.
1.208 ╰─> See above for output.
1.208 
1.208 note: This is an issue with the package mentioned above, not pip.
1.208 hint: See above for details.
1.214 
1.214 [notice] A new release of pip is available: 24.0 -> 25.3
1.214 [notice] To update, run: pip install --upgrade pip
------
Dockerfile:6
--------------------
   4 |     RUN ["pip","install","asyncio"]
   5 |     RUN ["pip","install","botchallenge"]
   6 | >>> RUN ["pip","install","proto-google-datastore-v1beta3"]
   7 |     RUN ["pip","install","Google-Search-API"]
   8 |     RUN ["pip","install","gtfs-realtime-bindings"]
--------------------
ERROR: failed to build: failed to solve: process "pip install proto-google-datastore-v1beta3" did not complete successfully: exit code: 1

View build details: docker-desktop://dashboard/build/default/default/qob2r8vgpkump5tnwsmuapu49
[2025-10-29 16:18:04] ERROR: Build failed for 600fa8852b4741fb2bb1
