=== Docker Build Log for 33cc5534cb555a0b710b ===
Started at: Mi 29. Okt 13:50:29 CET 2025

[2025-10-29 13:50:29] START: Building image for 33cc5534cb555a0b710b
#0 building with "default" instance using docker driver

#1 [internal] load build definition from Dockerfile
#1 transferring dockerfile: 180B done
#1 DONE 0.0s

#2 [internal] load metadata for docker.io/library/python:3.11
#2 DONE 0.0s

#3 [internal] load .dockerignore
#3 transferring context: 2B done
#3 DONE 0.0s

#4 [internal] load build context
#4 transferring context: 7.69kB 0.0s done
#4 DONE 0.0s

#5 [1/3] FROM docker.io/library/python:3.11
#5 CACHED

#6 [2/3] COPY hard-gists/33cc5534cb555a0b710b/snippet.py /snippet.py
#6 DONE 0.1s

#7 [3/3] RUN ["pip","install","impacket"]
#7 1.933 Collecting impacket
#7 1.966   Downloading impacket-0.13.0.tar.gz (1.7 MB)
#7 2.058      ━━━━━━━━━━━━━━━━━━━━━━━━━━━━━━━━━━━━━━━━ 1.7/1.7 MB 18.6 MB/s eta 0:00:00
#7 2.153   Preparing metadata (setup.py): started
#7 2.599   Preparing metadata (setup.py): finished with status 'done'
#7 2.647 Collecting pyasn1>=0.2.3 (from impacket)
#7 2.657   Downloading pyasn1-0.6.1-py3-none-any.whl.metadata (8.4 kB)
#7 2.703 Collecting pyasn1_modules (from impacket)
#7 2.711   Downloading pyasn1_modules-0.4.2-py3-none-any.whl.metadata (3.5 kB)
#7 2.817 Collecting pycryptodomex (from impacket)
#7 2.826   Downloading pycryptodomex-3.23.0-cp37-abi3-manylinux_2_17_x86_64.manylinux2014_x86_64.whl.metadata (3.4 kB)
#7 2.866 Collecting pyOpenSSL (from impacket)
#7 2.874   Downloading pyopenssl-25.3.0-py3-none-any.whl.metadata (17 kB)
#7 2.911 Collecting six (from impacket)
#7 2.920   Downloading six-1.17.0-py2.py3-none-any.whl.metadata (1.7 kB)
#7 2.963 Collecting ldap3!=2.5.0,!=2.5.2,!=2.6,>=2.5 (from impacket)
#7 2.973   Downloading ldap3-2.9.1-py2.py3-none-any.whl.metadata (5.4 kB)
#7 3.011 Collecting ldapdomaindump>=0.9.0 (from impacket)
#7 3.026   Downloading ldapdomaindump-0.10.0-py3-none-any.whl.metadata (512 bytes)
#7 3.079 Collecting flask>=1.0 (from impacket)
#7 3.087   Downloading flask-3.1.2-py3-none-any.whl.metadata (3.2 kB)
#7 3.098 Requirement already satisfied: setuptools in /usr/local/lib/python3.11/site-packages (from impacket) (79.0.1)
#7 3.199 Collecting charset_normalizer (from impacket)
#7 3.207   Downloading charset_normalizer-3.4.4-cp311-cp311-manylinux2014_x86_64.manylinux_2_17_x86_64.manylinux_2_28_x86_64.whl.metadata (37 kB)
#7 3.253 Collecting blinker>=1.9.0 (from flask>=1.0->impacket)
#7 3.262   Downloading blinker-1.9.0-py3-none-any.whl.metadata (1.6 kB)
#7 3.307 Collecting click>=8.1.3 (from flask>=1.0->impacket)
#7 3.316   Downloading click-8.3.0-py3-none-any.whl.metadata (2.6 kB)
#7 3.353 Collecting itsdangerous>=2.2.0 (from flask>=1.0->impacket)
#7 3.367   Downloading itsdangerous-2.2.0-py3-none-any.whl.metadata (1.9 kB)
#7 3.407 Collecting jinja2>=3.1.2 (from flask>=1.0->impacket)
#7 3.415   Downloading jinja2-3.1.6-py3-none-any.whl.metadata (2.9 kB)
#7 3.487 Collecting markupsafe>=2.1.1 (from flask>=1.0->impacket)
#7 3.500   Downloading markupsafe-3.0.3-cp311-cp311-manylinux2014_x86_64.manylinux_2_17_x86_64.manylinux_2_28_x86_64.whl.metadata (2.7 kB)
#7 3.567 Collecting werkzeug>=3.1.0 (from flask>=1.0->impacket)
#7 3.575   Downloading werkzeug-3.1.3-py3-none-any.whl.metadata (3.7 kB)
#7 3.616 Collecting dnspython (from ldapdomaindump>=0.9.0->impacket)
#7 3.625   Downloading dnspython-2.8.0-py3-none-any.whl.metadata (5.7 kB)
#7 3.844 Collecting cryptography<47,>=45.0.7 (from pyOpenSSL->impacket)
#7 3.855   Downloading cryptography-46.0.3-cp311-abi3-manylinux_2_34_x86_64.whl.metadata (5.7 kB)
#7 3.909 Collecting typing-extensions>=4.9 (from pyOpenSSL->impacket)
#7 3.917   Downloading typing_extensions-4.15.0-py3-none-any.whl.metadata (3.3 kB)
#7 4.131 Collecting cffi>=2.0.0 (from cryptography<47,>=45.0.7->pyOpenSSL->impacket)
#7 4.143   Downloading cffi-2.0.0-cp311-cp311-manylinux2014_x86_64.manylinux_2_17_x86_64.whl.metadata (2.6 kB)
#7 4.227 Collecting pycparser (from cffi>=2.0.0->cryptography<47,>=45.0.7->pyOpenSSL->impacket)
#7 4.236   Downloading pycparser-2.23-py3-none-any.whl.metadata (993 bytes)
#7 4.260 Downloading flask-3.1.2-py3-none-any.whl (103 kB)
#7 4.274    ━━━━━━━━━━━━━━━━━━━━━━━━━━━━━━━━━━━━━━━━ 103.3/103.3 kB 7.7 MB/s eta 0:00:00
#7 4.285 Downloading ldap3-2.9.1-py2.py3-none-any.whl (432 kB)
#7 4.310    ━━━━━━━━━━━━━━━━━━━━━━━━━━━━━━━━━━━━━━━━ 432.2/432.2 kB 18.9 MB/s eta 0:00:00
#7 4.320 Downloading ldapdomaindump-0.10.0-py3-none-any.whl (19 kB)
#7 4.339 Downloading pyasn1-0.6.1-py3-none-any.whl (83 kB)
#7 4.350    ━━━━━━━━━━━━━━━━━━━━━━━━━━━━━━━━━━━━━━━━ 83.1/83.1 kB 7.1 MB/s eta 0:00:00
#7 4.359 Downloading charset_normalizer-3.4.4-cp311-cp311-manylinux2014_x86_64.manylinux_2_17_x86_64.manylinux_2_28_x86_64.whl (151 kB)
#7 4.373    ━━━━━━━━━━━━━━━━━━━━━━━━━━━━━━━━━━━━━━━━ 151.6/151.6 kB 11.2 MB/s eta 0:00:00
#7 4.383 Downloading pyasn1_modules-0.4.2-py3-none-any.whl (181 kB)
#7 4.398    ━━━━━━━━━━━━━━━━━━━━━━━━━━━━━━━━━━━━━━━━ 181.3/181.3 kB 12.3 MB/s eta 0:00:00
#7 4.409 Downloading pycryptodomex-3.23.0-cp37-abi3-manylinux_2_17_x86_64.manylinux2014_x86_64.whl (2.3 MB)
#7 4.497    ━━━━━━━━━━━━━━━━━━━━━━━━━━━━━━━━━━━━━━━━ 2.3/2.3 MB 26.1 MB/s eta 0:00:00
#7 4.506 Downloading pyopenssl-25.3.0-py3-none-any.whl (57 kB)
#7 4.517    ━━━━━━━━━━━━━━━━━━━━━━━━━━━━━━━━━━━━━━━━ 57.3/57.3 kB 4.9 MB/s eta 0:00:00
#7 4.526 Downloading six-1.17.0-py2.py3-none-any.whl (11 kB)
#7 4.543 Downloading blinker-1.9.0-py3-none-any.whl (8.5 kB)
#7 4.561 Downloading click-8.3.0-py3-none-any.whl (107 kB)
#7 4.574    ━━━━━━━━━━━━━━━━━━━━━━━━━━━━━━━━━━━━━━━━ 107.3/107.3 kB 8.2 MB/s eta 0:00:00
#7 4.583 Downloading cryptography-46.0.3-cp311-abi3-manylinux_2_34_x86_64.whl (4.5 MB)
#7 4.765    ━━━━━━━━━━━━━━━━━━━━━━━━━━━━━━━━━━━━━━━━ 4.5/4.5 MB 24.8 MB/s eta 0:00:00
#7 4.773 Downloading itsdangerous-2.2.0-py3-none-any.whl (16 kB)
#7 4.791 Downloading jinja2-3.1.6-py3-none-any.whl (134 kB)
#7 4.804    ━━━━━━━━━━━━━━━━━━━━━━━━━━━━━━━━━━━━━━━━ 134.9/134.9 kB 10.4 MB/s eta 0:00:00
#7 4.813 Downloading markupsafe-3.0.3-cp311-cp311-manylinux2014_x86_64.manylinux_2_17_x86_64.manylinux_2_28_x86_64.whl (22 kB)
#7 4.830 Downloading typing_extensions-4.15.0-py3-none-any.whl (44 kB)
#7 4.841    ━━━━━━━━━━━━━━━━━━━━━━━━━━━━━━━━━━━━━━━━ 44.6/44.6 kB 3.7 MB/s eta 0:00:00
#7 4.849 Downloading werkzeug-3.1.3-py3-none-any.whl (224 kB)
#7 4.866    ━━━━━━━━━━━━━━━━━━━━━━━━━━━━━━━━━━━━━━━━ 224.5/224.5 kB 14.7 MB/s eta 0:00:00
#7 4.875 Downloading dnspython-2.8.0-py3-none-any.whl (331 kB)
#7 4.895    ━━━━━━━━━━━━━━━━━━━━━━━━━━━━━━━━━━━━━━━━ 331.1/331.1 kB 17.4 MB/s eta 0:00:00
#7 4.903 Downloading cffi-2.0.0-cp311-cp311-manylinux2014_x86_64.manylinux_2_17_x86_64.whl (215 kB)
#7 4.923    ━━━━━━━━━━━━━━━━━━━━━━━━━━━━━━━━━━━━━━━━ 215.6/215.6 kB 11.3 MB/s eta 0:00:00
#7 4.932 Downloading pycparser-2.23-py3-none-any.whl (118 kB)
#7 4.945    ━━━━━━━━━━━━━━━━━━━━━━━━━━━━━━━━━━━━━━━━ 118.1/118.1 kB 9.1 MB/s eta 0:00:00
#7 4.977 Building wheels for collected packages: impacket
#7 4.978   Building wheel for impacket (setup.py): started
#7 5.369   Building wheel for impacket (setup.py): finished with status 'done'
#7 5.373   Created wheel for impacket: filename=impacket-0.13.0-py3-none-any.whl size=1694802 sha256=a64f6f9fcfbced6ddf4a4bb66490df81b17395c070283868fdf69d99f3783355
#7 5.373   Stored in directory: /root/.cache/pip/wheels/7b/73/ec/1be05f0c7b40bf866f81d397dce71dbafb8b1dfe75b0fddc18
#7 5.375 Successfully built impacket
#7 5.449 Installing collected packages: typing-extensions, six, pycryptodomex, pycparser, pyasn1, markupsafe, itsdangerous, dnspython, click, charset_normalizer, blinker, werkzeug, pyasn1_modules, ldap3, jinja2, cffi, ldapdomaindump, flask, cryptography, pyOpenSSL, impacket
#7 7.682 Successfully installed blinker-1.9.0 cffi-2.0.0 charset_normalizer-3.4.4 click-8.3.0 cryptography-46.0.3 dnspython-2.8.0 flask-3.1.2 impacket-0.13.0 itsdangerous-2.2.0 jinja2-3.1.6 ldap3-2.9.1 ldapdomaindump-0.10.0 markupsafe-3.0.3 pyOpenSSL-25.3.0 pyasn1-0.6.1 pyasn1_modules-0.4.2 pycparser-2.23 pycryptodomex-3.23.0 six-1.17.0 typing-extensions-4.15.0 werkzeug-3.1.3
#7 7.682 WARNING: Running pip as the 'root' user can result in broken permissions and conflicting behaviour with the system package manager. It is recommended to use a virtual environment instead: https://pip.pypa.io/warnings/venv
#7 7.775 
#7 7.775 [notice] A new release of pip is available: 24.0 -> 25.3
#7 7.775 [notice] To update, run: pip install --upgrade pip
#7 DONE 8.4s

#8 exporting to image
#8 exporting layers
#8 exporting layers 0.5s done
#8 writing image sha256:c7022fdd5f6ed746fdef5ed7db2caa57127b4f1900f8cb259608f08eb6ac2ead done
#8 naming to docker.io/library/test-image-33cc5534cb555a0b710b done
#8 DONE 0.5s

View build details: docker-desktop://dashboard/build/default/default/odb4qwopku5uu9c9eryq0miyn
[2025-10-29 13:50:38] SUCCESS: Build completed for 33cc5534cb555a0b710b
