=== Docker Build Log for 6673250 ===
Started at: Mi 29. Okt 16:40:55 CET 2025

[2025-10-29 16:40:55] START: Building image for 6673250
#0 building with "default" instance using docker driver

#1 [internal] load build definition from Dockerfile
#1 transferring dockerfile: 354B done
#1 DONE 0.0s

#2 [internal] load metadata for docker.io/library/python:3.11
#2 DONE 0.0s

#3 [internal] load .dockerignore
#3 transferring context: 2B done
#3 DONE 0.0s

#4 [internal] load build context
#4 transferring context: 2.59kB 0.0s done
#4 DONE 0.0s

#5 [1/9] FROM docker.io/library/python:3.11
#5 CACHED

#6 [2/9] COPY hard-gists/6673250/snippet.py /snippet.py
#6 DONE 0.1s

#7 [3/9] RUN ["pip","install","pyte"]
#7 2.331 Collecting pyte
#7 2.376   Downloading pyte-0.8.2-py3-none-any.whl.metadata (3.0 kB)
#7 2.429 Collecting wcwidth (from pyte)
#7 2.437   Downloading wcwidth-0.2.14-py2.py3-none-any.whl.metadata (15 kB)
#7 2.473 Downloading pyte-0.8.2-py3-none-any.whl (31 kB)
#7 2.497 Downloading wcwidth-0.2.14-py2.py3-none-any.whl (37 kB)
#7 2.574 Installing collected packages: wcwidth, pyte
#7 2.705 Successfully installed pyte-0.8.2 wcwidth-0.2.14
#7 2.705 WARNING: Running pip as the 'root' user can result in broken permissions and conflicting behaviour with the system package manager. It is recommended to use a virtual environment instead: https://pip.pypa.io/warnings/venv
#7 2.842 
#7 2.842 [notice] A new release of pip is available: 24.0 -> 25.3
#7 2.842 [notice] To update, run: pip install --upgrade pip
#7 DONE 3.1s

#8 [4/9] RUN ["pip","install","dj.choices"]
#8 0.644 Collecting dj.choices
#8 0.680   Downloading dj.choices-0.11.0.tar.gz (28 kB)
#8 0.702   Preparing metadata (setup.py): started
#8 1.189   Preparing metadata (setup.py): finished with status 'done'
#8 1.314 Collecting django (from dj.choices)
#8 1.323   Downloading django-5.2.7-py3-none-any.whl.metadata (4.1 kB)
#8 1.363 Collecting six (from dj.choices)
#8 1.371   Downloading six-1.17.0-py2.py3-none-any.whl.metadata (1.7 kB)
#8 1.422 Collecting asgiref>=3.8.1 (from django->dj.choices)
#8 1.431   Downloading asgiref-3.10.0-py3-none-any.whl.metadata (9.3 kB)
#8 1.472 Collecting sqlparse>=0.3.1 (from django->dj.choices)
#8 1.480   Downloading sqlparse-0.5.3-py3-none-any.whl.metadata (3.9 kB)
#8 1.507 Downloading django-5.2.7-py3-none-any.whl (8.3 MB)
#8 1.859    ━━━━━━━━━━━━━━━━━━━━━━━━━━━━━━━━━━━━━━━━ 8.3/8.3 MB 23.7 MB/s eta 0:00:00
#8 1.867 Downloading six-1.17.0-py2.py3-none-any.whl (11 kB)
#8 1.885 Downloading asgiref-3.10.0-py3-none-any.whl (24 kB)
#8 1.902 Downloading sqlparse-0.5.3-py3-none-any.whl (44 kB)
#8 1.913    ━━━━━━━━━━━━━━━━━━━━━━━━━━━━━━━━━━━━━━━━ 44.4/44.4 kB 3.7 MB/s eta 0:00:00
#8 1.953 Building wheels for collected packages: dj.choices
#8 1.953   Building wheel for dj.choices (setup.py): started
#8 2.151   Building wheel for dj.choices (setup.py): finished with status 'done'
#8 2.151   Created wheel for dj.choices: filename=dj_choices-0.11.0-py3-none-any.whl size=28716 sha256=bca5b029a5382d06e3047e1a50e6833b09ead81b005fa7963a5ab24eb611e821
#8 2.151   Stored in directory: /root/.cache/pip/wheels/97/38/bd/4ca089ff8ffdead6a07e7af033d36d74a01ab7a37e70797942
#8 2.153 Successfully built dj.choices
#8 2.210 Installing collected packages: sqlparse, six, asgiref, django, dj.choices
#8 3.907 Successfully installed asgiref-3.10.0 dj.choices-0.11.0 django-5.2.7 six-1.17.0 sqlparse-0.5.3
#8 3.907 WARNING: Running pip as the 'root' user can result in broken permissions and conflicting behaviour with the system package manager. It is recommended to use a virtual environment instead: https://pip.pypa.io/warnings/venv
#8 3.915 
#8 3.915 [notice] A new release of pip is available: 24.0 -> 25.3
#8 3.915 [notice] To update, run: pip install --upgrade pip
#8 DONE 4.4s

#9 [5/9] RUN ["pip","install","six"]
#9 0.603 Requirement already satisfied: six in /usr/local/lib/python3.11/site-packages (1.17.0)
#9 0.668 WARNING: Running pip as the 'root' user can result in broken permissions and conflicting behaviour with the system package manager. It is recommended to use a virtual environment instead: https://pip.pypa.io/warnings/venv
#9 0.677 
#9 0.677 [notice] A new release of pip is available: 24.0 -> 25.3
#9 0.677 [notice] To update, run: pip install --upgrade pip
#9 DONE 0.8s

#10 [6/9] RUN ["pip","install","pytest"]
#10 0.901 Collecting pytest
#10 0.947   Downloading pytest-8.4.2-py3-none-any.whl.metadata (7.7 kB)
#10 1.008 Collecting iniconfig>=1 (from pytest)
#10 1.018   Downloading iniconfig-2.3.0-py3-none-any.whl.metadata (2.5 kB)
#10 1.089 Collecting packaging>=20 (from pytest)
#10 1.099   Downloading packaging-25.0-py3-none-any.whl.metadata (3.3 kB)
#10 1.153 Collecting pluggy<2,>=1.5 (from pytest)
#10 1.166   Downloading pluggy-1.6.0-py3-none-any.whl.metadata (4.8 kB)
#10 1.244 Collecting pygments>=2.7.2 (from pytest)
#10 1.260   Downloading pygments-2.19.2-py3-none-any.whl.metadata (2.5 kB)
#10 1.296 Downloading pytest-8.4.2-py3-none-any.whl (365 kB)
#10 1.344    ━━━━━━━━━━━━━━━━━━━━━━━━━━━━━━━━━━━━━━━━ 365.8/365.8 kB 7.9 MB/s eta 0:00:00
#10 1.352 Downloading iniconfig-2.3.0-py3-none-any.whl (7.5 kB)
#10 1.370 Downloading packaging-25.0-py3-none-any.whl (66 kB)
#10 1.382    ━━━━━━━━━━━━━━━━━━━━━━━━━━━━━━━━━━━━━━━━ 66.5/66.5 kB 5.5 MB/s eta 0:00:00
#10 1.391 Downloading pluggy-1.6.0-py3-none-any.whl (20 kB)
#10 1.408 Downloading pygments-2.19.2-py3-none-any.whl (1.2 MB)
#10 1.457    ━━━━━━━━━━━━━━━━━━━━━━━━━━━━━━━━━━━━━━━━ 1.2/1.2 MB 25.4 MB/s eta 0:00:00
#10 1.552 Installing collected packages: pygments, pluggy, packaging, iniconfig, pytest
#10 2.535 Successfully installed iniconfig-2.3.0 packaging-25.0 pluggy-1.6.0 pygments-2.19.2 pytest-8.4.2
#10 2.535 WARNING: Running pip as the 'root' user can result in broken permissions and conflicting behaviour with the system package manager. It is recommended to use a virtual environment instead: https://pip.pypa.io/warnings/venv
#10 2.542 
#10 2.542 [notice] A new release of pip is available: 24.0 -> 25.3
#10 2.542 [notice] To update, run: pip install --upgrade pip
#10 DONE 2.7s

#11 [7/9] RUN ["pip","install","py"]
#11 0.643 Collecting py
#11 0.678   Downloading py-1.11.0-py2.py3-none-any.whl.metadata (2.8 kB)
#11 0.712 Downloading py-1.11.0-py2.py3-none-any.whl (98 kB)
#11 0.746    ━━━━━━━━━━━━━━━━━━━━━━━━━━━━━━━━━━━━━━━━ 98.7/98.7 kB 2.8 MB/s eta 0:00:00
#11 0.808 Installing collected packages: py
#11 0.915 Successfully installed py-1.11.0
#11 0.915 WARNING: Running pip as the 'root' user can result in broken permissions and conflicting behaviour with the system package manager. It is recommended to use a virtual environment instead: https://pip.pypa.io/warnings/venv
#11 0.923 
#11 0.923 [notice] A new release of pip is available: 24.0 -> 25.3
#11 0.923 [notice] To update, run: pip install --upgrade pip
#11 DONE 1.1s

#12 [8/9] RUN ["pip","install","Django"]
#12 0.697 Requirement already satisfied: Django in /usr/local/lib/python3.11/site-packages (5.2.7)
#12 0.702 Requirement already satisfied: asgiref>=3.8.1 in /usr/local/lib/python3.11/site-packages (from Django) (3.10.0)
#12 0.704 Requirement already satisfied: sqlparse>=0.3.1 in /usr/local/lib/python3.11/site-packages (from Django) (0.5.3)
#12 0.783 WARNING: Running pip as the 'root' user can result in broken permissions and conflicting behaviour with the system package manager. It is recommended to use a virtual environment instead: https://pip.pypa.io/warnings/venv
#12 0.793 
#12 0.793 [notice] A new release of pip is available: 24.0 -> 25.3
#12 0.793 [notice] To update, run: pip install --upgrade pip
#12 DONE 0.9s

#13 [9/9] RUN ["pip","install","django-webtest"]
#13 0.793 Collecting django-webtest
#13 0.935   Downloading django_webtest-1.9.14-py3-none-any.whl.metadata (17 kB)
#13 1.041 Collecting webtest>=1.3.3 (from django-webtest)
#13 1.053   Downloading webtest-3.0.7-py3-none-any.whl.metadata (2.0 kB)
#13 1.154 Collecting WebOb>=1.2 (from webtest>=1.3.3->django-webtest)
#13 1.164   Downloading WebOb-1.8.9-py2.py3-none-any.whl.metadata (11 kB)
#13 1.232 Collecting waitress>=3.0.2 (from webtest>=1.3.3->django-webtest)
#13 1.242   Downloading waitress-3.0.2-py3-none-any.whl.metadata (5.8 kB)
#13 1.301 Collecting beautifulsoup4 (from webtest>=1.3.3->django-webtest)
#13 1.310   Downloading beautifulsoup4-4.14.2-py3-none-any.whl.metadata (3.8 kB)
#13 1.394 Collecting soupsieve>1.2 (from beautifulsoup4->webtest>=1.3.3->django-webtest)
#13 1.403   Downloading soupsieve-2.8-py3-none-any.whl.metadata (4.6 kB)
#13 1.464 Collecting typing-extensions>=4.0.0 (from beautifulsoup4->webtest>=1.3.3->django-webtest)
#13 1.474   Downloading typing_extensions-4.15.0-py3-none-any.whl.metadata (3.3 kB)
#13 1.499 Downloading django_webtest-1.9.14-py3-none-any.whl (16 kB)
#13 1.522 Downloading webtest-3.0.7-py3-none-any.whl (32 kB)
#13 1.548 Downloading waitress-3.0.2-py3-none-any.whl (56 kB)
#13 1.565    ━━━━━━━━━━━━━━━━━━━━━━━━━━━━━━━━━━━━━━━━ 56.2/56.2 kB 3.2 MB/s eta 0:00:00
#13 1.576 Downloading WebOb-1.8.9-py2.py3-none-any.whl (115 kB)
#13 1.597    ━━━━━━━━━━━━━━━━━━━━━━━━━━━━━━━━━━━━━━━━ 115.4/115.4 kB 5.5 MB/s eta 0:00:00
#13 1.606 Downloading beautifulsoup4-4.14.2-py3-none-any.whl (106 kB)
#13 1.629    ━━━━━━━━━━━━━━━━━━━━━━━━━━━━━━━━━━━━━━━━ 106.4/106.4 kB 4.7 MB/s eta 0:00:00
#13 1.637 Downloading soupsieve-2.8-py3-none-any.whl (36 kB)
#13 1.660 Downloading typing_extensions-4.15.0-py3-none-any.whl (44 kB)
#13 1.671    ━━━━━━━━━━━━━━━━━━━━━━━━━━━━━━━━━━━━━━━━ 44.6/44.6 kB 3.7 MB/s eta 0:00:00
#13 1.804 Installing collected packages: WebOb, waitress, typing-extensions, soupsieve, beautifulsoup4, webtest, django-webtest
#13 2.179 Successfully installed WebOb-1.8.9 beautifulsoup4-4.14.2 django-webtest-1.9.14 soupsieve-2.8 typing-extensions-4.15.0 waitress-3.0.2 webtest-3.0.7
#13 2.180 WARNING: Running pip as the 'root' user can result in broken permissions and conflicting behaviour with the system package manager. It is recommended to use a virtual environment instead: https://pip.pypa.io/warnings/venv
#13 2.187 
#13 2.187 [notice] A new release of pip is available: 24.0 -> 25.3
#13 2.187 [notice] To update, run: pip install --upgrade pip
#13 DONE 2.3s

#14 exporting to image
#14 exporting layers
#14 exporting layers 0.9s done
#14 writing image sha256:4d199643066b046ca6a0a2cee4a415c107582f0d2bec746322112db4e1acf2e3 done
#14 naming to docker.io/library/test-image-6673250 done
#14 DONE 0.9s

View build details: docker-desktop://dashboard/build/default/default/3kpjvcio85nusftguh1p8umsv
[2025-10-29 16:41:12] SUCCESS: Build completed for 6673250
