=== Docker Build Log for 839f6a3534002a6a29d819666a28bf5e ===
Started at: Mi 29. Okt 17:45:57 CET 2025

[2025-10-29 17:45:57] START: Building image for 839f6a3534002a6a29d819666a28bf5e
#0 building with "default" instance using docker driver

#1 [internal] load build definition from Dockerfile
#1 transferring dockerfile: 157B done
#1 DONE 0.0s

#2 [internal] load metadata for docker.io/library/python:3.11
#2 DONE 0.0s

#3 [internal] load .dockerignore
#3 transferring context: 2B done
#3 DONE 0.0s

#4 [internal] load build context
#4 transferring context: 2.08kB 0.0s done
#4 DONE 0.0s

#5 [1/2] FROM docker.io/library/python:3.11
#5 CACHED

#6 [2/2] COPY hard-gists/839f6a3534002a6a29d819666a28bf5e/snippet.py /snippet.py
#6 DONE 0.1s

#7 exporting to image
#7 exporting layers 0.0s done
#7 writing image sha256:5229a6c4f35fbd4929d0042f54cfac92c37d3d208b56e9f3fd88af59bc9e8791 done
#7 naming to docker.io/library/test-image-839f6a3534002a6a29d819666a28bf5e done
#7 DONE 0.1s

View build details: docker-desktop://dashboard/build/default/default/yvnhry1wzjllaj6qnfuunj8gw
[2025-10-29 17:45:57] SUCCESS: Build completed for 839f6a3534002a6a29d819666a28bf5e
