=== Docker Build Log for d5da6f4b29a844a5865a ===
Started at: Mi 29. Okt 20:26:59 CET 2025

[2025-10-29 20:26:59] START: Building image for d5da6f4b29a844a5865a
#0 building with "default" instance using docker driver

#1 [internal] load build definition from Dockerfile
#1 transferring dockerfile: 516B done
#1 DONE 0.0s

#2 [internal] load metadata for docker.io/library/python:3.11
#2 DONE 0.0s

#3 [internal] load .dockerignore
#3 transferring context: 2B done
#3 DONE 0.0s

#4 [internal] load build context
#4 transferring context: 2.90kB 0.0s done
#4 DONE 0.0s

#5 [ 1/13] FROM docker.io/library/python:3.11
#5 CACHED

#6 [ 2/13] COPY hard-gists/d5da6f4b29a844a5865a/snippet.py /snippet.py
#6 DONE 0.1s

#7 [ 3/13] RUN ["pip","install","webvirtmgr"]
#7 1.901 Collecting webvirtmgr
#7 1.944   Downloading webvirtmgr-4.8.9.tar.gz (705 kB)
#7 1.996      ━━━━━━━━━━━━━━━━━━━━━━━━━━━━━━━━━━━━━━ 705.8/705.8 kB 14.2 MB/s eta 0:00:00
#7 2.030   Preparing metadata (setup.py): started
#7 2.427   Preparing metadata (setup.py): finished with status 'done'
#7 2.431 Requirement already satisfied: setuptools in /usr/local/lib/python3.11/site-packages (from webvirtmgr) (79.0.1)
#7 2.539 Collecting django>=1.5.5 (from webvirtmgr)
#7 2.548   Downloading django-5.2.7-py3-none-any.whl.metadata (4.1 kB)
#7 2.593 Collecting gunicorn>=18.0 (from webvirtmgr)
#7 2.601   Downloading gunicorn-23.0.0-py3-none-any.whl.metadata (4.4 kB)
#7 2.636 Collecting lockfile>=0.9 (from webvirtmgr)
#7 2.645   Downloading lockfile-0.12.2-py2.py3-none-any.whl.metadata (2.4 kB)
#7 2.690 Collecting asgiref>=3.8.1 (from django>=1.5.5->webvirtmgr)
#7 2.698   Downloading asgiref-3.10.0-py3-none-any.whl.metadata (9.3 kB)
#7 2.734 Collecting sqlparse>=0.3.1 (from django>=1.5.5->webvirtmgr)
#7 2.743   Downloading sqlparse-0.5.3-py3-none-any.whl.metadata (3.9 kB)
#7 2.797 Collecting packaging (from gunicorn>=18.0->webvirtmgr)
#7 2.805   Downloading packaging-25.0-py3-none-any.whl.metadata (3.3 kB)
#7 2.854 Downloading django-5.2.7-py3-none-any.whl (8.3 MB)
#7 3.175    ━━━━━━━━━━━━━━━━━━━━━━━━━━━━━━━━━━━━━━━━ 8.3/8.3 MB 26.0 MB/s eta 0:00:00
#7 3.183 Downloading gunicorn-23.0.0-py3-none-any.whl (85 kB)
#7 3.196    ━━━━━━━━━━━━━━━━━━━━━━━━━━━━━━━━━━━━━━━━ 85.0/85.0 kB 6.9 MB/s eta 0:00:00
#7 3.205 Downloading lockfile-0.12.2-py2.py3-none-any.whl (13 kB)
#7 3.223 Downloading asgiref-3.10.0-py3-none-any.whl (24 kB)
#7 3.240 Downloading sqlparse-0.5.3-py3-none-any.whl (44 kB)
#7 3.251    ━━━━━━━━━━━━━━━━━━━━━━━━━━━━━━━━━━━━━━━━ 44.4/44.4 kB 3.5 MB/s eta 0:00:00
#7 3.259 Downloading packaging-25.0-py3-none-any.whl (66 kB)
#7 3.271    ━━━━━━━━━━━━━━━━━━━━━━━━━━━━━━━━━━━━━━━━ 66.5/66.5 kB 5.5 MB/s eta 0:00:00
#7 3.311 Building wheels for collected packages: webvirtmgr
#7 3.312   Building wheel for webvirtmgr (setup.py): started
#7 3.594   Building wheel for webvirtmgr (setup.py): finished with status 'done'
#7 3.596   Created wheel for webvirtmgr: filename=webvirtmgr-4.8.9-py3-none-any.whl size=698037 sha256=d6c28ad5886474cda761248db8b13034cdd48f8005be9c95f5eca4c8c253248d
#7 3.596   Stored in directory: /root/.cache/pip/wheels/c7/67/ab/a716fc1b614ea6bb537a20a0b880eb7071514208cc442aeac3
#7 3.598 Successfully built webvirtmgr
#7 3.663 Installing collected packages: lockfile, sqlparse, packaging, asgiref, gunicorn, django, webvirtmgr
#7 5.198 Successfully installed asgiref-3.10.0 django-5.2.7 gunicorn-23.0.0 lockfile-0.12.2 packaging-25.0 sqlparse-0.5.3 webvirtmgr-4.8.9
#7 5.198 WARNING: Running pip as the 'root' user can result in broken permissions and conflicting behaviour with the system package manager. It is recommended to use a virtual environment instead: https://pip.pypa.io/warnings/venv
#7 5.292 
#7 5.292 [notice] A new release of pip is available: 24.0 -> 25.3
#7 5.292 [notice] To update, run: pip install --upgrade pip
#7 DONE 5.7s

#8 [ 4/13] RUN ["pip","install","zipnish"]
#8 0.623 Collecting zipnish
#8 0.659   Downloading zipnish-0.1.5.tar.gz (1.6 MB)
#8 0.742      ━━━━━━━━━━━━━━━━━━━━━━━━━━━━━━━━━━━━━━━━ 1.6/1.6 MB 19.9 MB/s eta 0:00:00
#8 0.846   Preparing metadata (setup.py): started
#8 0.969   Preparing metadata (setup.py): finished with status 'done'
#8 1.101 Collecting simplemysql (from zipnish)
#8 1.110   Downloading simplemysql-1.25.tar.gz (4.5 kB)
#8 1.128   Preparing metadata (setup.py): started
#8 1.238   Preparing metadata (setup.py): finished with status 'done'
#8 1.286 Collecting flask (from zipnish)
#8 1.295   Downloading flask-3.1.2-py3-none-any.whl.metadata (3.2 kB)
#8 1.597 Collecting sqlalchemy (from zipnish)
#8 1.607   Downloading sqlalchemy-2.0.44-cp311-cp311-manylinux_2_17_x86_64.manylinux2014_x86_64.whl.metadata (9.5 kB)
#8 1.658 Collecting flask_sqlalchemy (from zipnish)
#8 1.668   Downloading flask_sqlalchemy-3.1.1-py3-none-any.whl.metadata (3.4 kB)
#8 1.715 Collecting blinker>=1.9.0 (from flask->zipnish)
#8 1.724   Downloading blinker-1.9.0-py3-none-any.whl.metadata (1.6 kB)
#8 1.771 Collecting click>=8.1.3 (from flask->zipnish)
#8 1.779   Downloading click-8.3.0-py3-none-any.whl.metadata (2.6 kB)
#8 1.822 Collecting itsdangerous>=2.2.0 (from flask->zipnish)
#8 1.831   Downloading itsdangerous-2.2.0-py3-none-any.whl.metadata (1.9 kB)
#8 1.877 Collecting jinja2>=3.1.2 (from flask->zipnish)
#8 1.885   Downloading jinja2-3.1.6-py3-none-any.whl.metadata (2.9 kB)
#8 1.968 Collecting markupsafe>=2.1.1 (from flask->zipnish)
#8 1.975   Downloading markupsafe-3.0.3-cp311-cp311-manylinux2014_x86_64.manylinux_2_17_x86_64.manylinux_2_28_x86_64.whl.metadata (2.7 kB)
#8 2.045 Collecting werkzeug>=3.1.0 (from flask->zipnish)
#8 2.053   Downloading werkzeug-3.1.3-py3-none-any.whl.metadata (3.7 kB)
#8 2.232 Collecting greenlet>=1 (from sqlalchemy->zipnish)
#8 2.243   Downloading greenlet-3.2.4-cp311-cp311-manylinux_2_24_x86_64.manylinux_2_28_x86_64.whl.metadata (4.1 kB)
#8 2.293 Collecting typing-extensions>=4.6.0 (from sqlalchemy->zipnish)
#8 2.301   Downloading typing_extensions-4.15.0-py3-none-any.whl.metadata (3.3 kB)
#8 2.440 Collecting mysql-python (from simplemysql->zipnish)
#8 2.450   Downloading MySQL-python-1.2.5.zip (108 kB)
#8 2.464      ━━━━━━━━━━━━━━━━━━━━━━━━━━━━━━━━━━━━━━━ 108.9/108.9 kB 8.5 MB/s eta 0:00:00
#8 2.472   Preparing metadata (setup.py): started
#8 2.562   Preparing metadata (setup.py): finished with status 'error'
#8 2.565   error: subprocess-exited-with-error
#8 2.565   
#8 2.565   × python setup.py egg_info did not run successfully.
#8 2.565   │ exit code: 1
#8 2.565   ╰─> [8 lines of output]
#8 2.565       Traceback (most recent call last):
#8 2.565         File "<string>", line 2, in <module>
#8 2.565         File "<pip-setuptools-caller>", line 34, in <module>
#8 2.565         File "/tmp/pip-install-_8vjxhtm/mysql-python_92b3b852941e4b308fb4209726ffadb6/setup.py", line 13, in <module>
#8 2.565           from setup_posix import get_config
#8 2.565         File "/tmp/pip-install-_8vjxhtm/mysql-python_92b3b852941e4b308fb4209726ffadb6/setup_posix.py", line 2, in <module>
#8 2.565           from ConfigParser import SafeConfigParser
#8 2.565       ModuleNotFoundError: No module named 'ConfigParser'
#8 2.565       [end of output]
#8 2.565   
#8 2.565   note: This error originates from a subprocess, and is likely not a problem with pip.
#8 2.567 error: metadata-generation-failed
#8 2.567 
#8 2.567 × Encountered error while generating package metadata.
#8 2.567 ╰─> See above for output.
#8 2.567 
#8 2.567 note: This is an issue with the package mentioned above, not pip.
#8 2.567 hint: See above for details.
#8 2.572 
#8 2.572 [notice] A new release of pip is available: 24.0 -> 25.3
#8 2.572 [notice] To update, run: pip install --upgrade pip
#8 ERROR: process "pip install zipnish" did not complete successfully: exit code: 1
------
 > [ 4/13] RUN ["pip","install","zipnish"]:
2.567 error: metadata-generation-failed
2.567 
2.567 × Encountered error while generating package metadata.
2.567 ╰─> See above for output.
2.567 
2.567 note: This is an issue with the package mentioned above, not pip.
2.567 hint: See above for details.
2.572 
2.572 [notice] A new release of pip is available: 24.0 -> 25.3
2.572 [notice] To update, run: pip install --upgrade pip
------
Dockerfile:4
--------------------
   2 |     COPY hard-gists/d5da6f4b29a844a5865a/snippet.py /snippet.py
   3 |     RUN ["pip","install","webvirtmgr"]
   4 | >>> RUN ["pip","install","zipnish"]
   5 |     RUN ["pip","install","six"]
   6 |     RUN ["pip","install","Flask"]
--------------------
ERROR: failed to build: failed to solve: process "pip install zipnish" did not complete successfully: exit code: 1

View build details: docker-desktop://dashboard/build/default/default/i2nmyzggitkwokwg4djw0u1js
[2025-10-29 20:27:08] ERROR: Build failed for d5da6f4b29a844a5865a
