=== Docker Run Log for 794424 ===
Started at: Mi 29. Okt 17:22:37 CET 2025

[2025-10-29 17:22:44] START: Running container for 794424
[2025-10-29 17:22:44] SUCCESS: Container 868c0ac716028b7c46a058f2ce60f82b04ff9ab1f8e9b2f7bd8038527d47f109 started for 794424
=== Container logs for 794424 ===
Traceback (most recent call last):
  File "/snippet.py", line 1, in <module>
    from tastypie import fields
  File "/usr/local/lib/python3.11/site-packages/tastypie/fields.py", line 15, in <module>
    from tastypie.compat import datetime_safe
  File "/usr/local/lib/python3.11/site-packages/tastypie/compat.py", line 30, in <module>
    AUTH_USER_MODEL = settings.AUTH_USER_MODEL
                      ^^^^^^^^^^^^^^^^^^^^^^^^
  File "/usr/local/lib/python3.11/site-packages/django/conf/__init__.py", line 81, in __getattr__
    self._setup(name)
  File "/usr/local/lib/python3.11/site-packages/django/conf/__init__.py", line 61, in _setup
    raise ImproperlyConfigured(
django.core.exceptions.ImproperlyConfigured: Requested setting AUTH_USER_MODEL, but settings are not configured. You must either define the environment variable DJANGO_SETTINGS_MODULE or call settings.configure() before accessing settings.
=== End of logs for 794424 ===
[2025-10-29 17:22:46] INFO: Container 868c0ac716028b7c46a058f2ce60f82b04ff9ab1f8e9b2f7bd8038527d47f109 has stopped
