=== Docker Build Log for 1262332 ===
Started at: Mi 29. Okt 12:03:43 CET 2025

[2025-10-29 12:03:43] START: Building image for 1262332
#0 building with "default" instance using docker driver

#1 [internal] load build definition from Dockerfile
#1 transferring dockerfile: 132B done
#1 DONE 0.0s

#2 [internal] load metadata for docker.io/library/python:3.11
#2 DONE 0.0s

#3 [internal] load .dockerignore
#3 transferring context: 2B done
#3 DONE 0.0s

#4 [internal] load build context
#4 transferring context: 1.35kB 0.0s done
#4 DONE 0.0s

#5 [1/2] FROM docker.io/library/python:3.11
#5 CACHED

#6 [2/2] COPY hard-gists/1262332/snippet.py /snippet.py
#6 DONE 0.1s

#7 exporting to image
#7 exporting layers 0.0s done
#7 writing image sha256:20df0fd6b0f1c18e157d601ecda4d72d761e0caa935b1f542e3fb8c39ab030e4 done
#7 naming to docker.io/library/test-image-1262332 done
#7 DONE 0.1s

View build details: docker-desktop://dashboard/build/default/default/9zly9vtoqtbwv9e61bxpg6w7d
[2025-10-29 12:03:43] SUCCESS: Build completed for 1262332
