=== Docker Build Log for 65538 ===
Started at: Mi 29. Okt 16:37:06 CET 2025

[2025-10-29 16:37:06] START: Building image for 65538
#0 building with "default" instance using docker driver

#1 [internal] load build definition from Dockerfile
#1 transferring dockerfile: 1.76kB done
#1 DONE 0.0s

#2 [internal] load metadata for docker.io/library/python:3.11
#2 DONE 0.0s

#3 [internal] load .dockerignore
#3 transferring context: 2B done
#3 DONE 0.0s

#4 [internal] load build context
#4 transferring context: 3.29kB 0.0s done
#4 DONE 0.0s

#5 [ 1/48] FROM docker.io/library/python:3.11
#5 CACHED

#6 [ 2/48] COPY hard-gists/65538/snippet.py /snippet.py
#6 DONE 0.1s

#7 [ 3/48] RUN ["pip","install","swftp"]
#7 2.035 Collecting swftp
#7 2.073   Downloading swftp-1.0.7.tar.gz (40 kB)
#7 2.088      ━━━━━━━━━━━━━━━━━━━━━━━━━━━━━━━━━━━━━━━━ 40.9/40.9 kB 2.2 MB/s eta 0:00:00
#7 2.098   Preparing metadata (setup.py): started
#7 2.500   Preparing metadata (setup.py): finished with status 'done'
#7 2.552 Collecting twisted>=12.1 (from swftp)
#7 2.561   Downloading twisted-25.5.0-py3-none-any.whl.metadata (22 kB)
#7 2.606 Collecting pyopenssl (from swftp)
#7 2.614   Downloading pyopenssl-25.3.0-py3-none-any.whl.metadata (17 kB)
#7 2.649 Collecting pycrypto (from swftp)
#7 2.659   Downloading pycrypto-2.6.1.tar.gz (446 kB)
#7 2.691      ━━━━━━━━━━━━━━━━━━━━━━━━━━━━━━━━━━━━━━ 446.2/446.2 kB 14.2 MB/s eta 0:00:00
#7 2.727   Preparing metadata (setup.py): started
#7 2.857   Preparing metadata (setup.py): finished with status 'done'
#7 2.899 Collecting pyasn1 (from swftp)
#7 2.907   Downloading pyasn1-0.6.1-py3-none-any.whl.metadata (8.4 kB)
#7 3.012 Collecting psutil (from swftp)
#7 3.021   Downloading psutil-7.1.2-cp36-abi3-manylinux2010_x86_64.manylinux_2_12_x86_64.manylinux_2_28_x86_64.whl.metadata (23 kB)
#7 3.241 Collecting attrs>=22.2.0 (from twisted>=12.1->swftp)
#7 3.251   Downloading attrs-25.4.0-py3-none-any.whl.metadata (10 kB)
#7 3.289 Collecting automat>=24.8.0 (from twisted>=12.1->swftp)
#7 3.297   Downloading automat-25.4.16-py3-none-any.whl.metadata (8.4 kB)
#7 3.333 Collecting constantly>=15.1 (from twisted>=12.1->swftp)
#7 3.341   Downloading constantly-23.10.4-py3-none-any.whl.metadata (1.8 kB)
#7 3.378 Collecting hyperlink>=17.1.1 (from twisted>=12.1->swftp)
#7 3.385   Downloading hyperlink-21.0.0-py2.py3-none-any.whl.metadata (1.5 kB)
#7 3.423 Collecting incremental>=24.7.0 (from twisted>=12.1->swftp)
#7 3.431   Downloading incremental-24.7.2-py3-none-any.whl.metadata (8.1 kB)
#7 3.477 Collecting typing-extensions>=4.2.0 (from twisted>=12.1->swftp)
#7 3.486   Downloading typing_extensions-4.15.0-py3-none-any.whl.metadata (3.3 kB)
#7 3.622 Collecting zope-interface>=5 (from twisted>=12.1->swftp)
#7 3.633   Downloading zope_interface-8.0.1-cp311-cp311-manylinux1_x86_64.manylinux2014_x86_64.manylinux_2_17_x86_64.manylinux_2_5_x86_64.whl.metadata (44 kB)
#7 3.649      ━━━━━━━━━━━━━━━━━━━━━━━━━━━━━━━━━━━━━━━━ 44.9/44.9 kB 2.3 MB/s eta 0:00:00
#7 3.926 Collecting cryptography<47,>=45.0.7 (from pyopenssl->swftp)
#7 3.937   Downloading cryptography-46.0.3-cp311-abi3-manylinux_2_34_x86_64.whl.metadata (5.7 kB)
#7 4.099 Collecting cffi>=2.0.0 (from cryptography<47,>=45.0.7->pyopenssl->swftp)
#7 4.108   Downloading cffi-2.0.0-cp311-cp311-manylinux2014_x86_64.manylinux_2_17_x86_64.whl.metadata (2.6 kB)
#7 4.155 Collecting idna>=2.5 (from hyperlink>=17.1.1->twisted>=12.1->swftp)
#7 4.163   Downloading idna-3.11-py3-none-any.whl.metadata (8.4 kB)
#7 4.179 Requirement already satisfied: setuptools>=61.0 in /usr/local/lib/python3.11/site-packages (from incremental>=24.7.0->twisted>=12.1->swftp) (79.0.1)
#7 4.215 Collecting pycparser (from cffi>=2.0.0->cryptography<47,>=45.0.7->pyopenssl->swftp)
#7 4.223   Downloading pycparser-2.23-py3-none-any.whl.metadata (993 bytes)
#7 4.312 Downloading twisted-25.5.0-py3-none-any.whl (3.2 MB)
#7 4.449    ━━━━━━━━━━━━━━━━━━━━━━━━━━━━━━━━━━━━━━━━ 3.2/3.2 MB 23.6 MB/s eta 0:00:00
#7 4.459 Downloading psutil-7.1.2-cp36-abi3-manylinux2010_x86_64.manylinux_2_12_x86_64.manylinux_2_28_x86_64.whl (258 kB)
#7 4.477    ━━━━━━━━━━━━━━━━━━━━━━━━━━━━━━━━━━━━━━━━ 258.7/258.7 kB 15.4 MB/s eta 0:00:00
#7 4.485 Downloading pyasn1-0.6.1-py3-none-any.whl (83 kB)
#7 4.497    ━━━━━━━━━━━━━━━━━━━━━━━━━━━━━━━━━━━━━━━━ 83.1/83.1 kB 6.8 MB/s eta 0:00:00
#7 4.504 Downloading pyopenssl-25.3.0-py3-none-any.whl (57 kB)
#7 4.516    ━━━━━━━━━━━━━━━━━━━━━━━━━━━━━━━━━━━━━━━━ 57.3/57.3 kB 4.8 MB/s eta 0:00:00
#7 4.524 Downloading attrs-25.4.0-py3-none-any.whl (67 kB)
#7 4.535    ━━━━━━━━━━━━━━━━━━━━━━━━━━━━━━━━━━━━━━━━ 67.6/67.6 kB 6.0 MB/s eta 0:00:00
#7 4.543 Downloading automat-25.4.16-py3-none-any.whl (42 kB)
#7 4.554    ━━━━━━━━━━━━━━━━━━━━━━━━━━━━━━━━━━━━━━━━ 42.8/42.8 kB 3.5 MB/s eta 0:00:00
#7 4.562 Downloading constantly-23.10.4-py3-none-any.whl (13 kB)
#7 4.578 Downloading cryptography-46.0.3-cp311-abi3-manylinux_2_34_x86_64.whl (4.5 MB)
#7 4.750    ━━━━━━━━━━━━━━━━━━━━━━━━━━━━━━━━━━━━━━━━ 4.5/4.5 MB 26.3 MB/s eta 0:00:00
#7 4.759 Downloading hyperlink-21.0.0-py2.py3-none-any.whl (74 kB)
#7 4.770    ━━━━━━━━━━━━━━━━━━━━━━━━━━━━━━━━━━━━━━━━ 74.6/74.6 kB 6.8 MB/s eta 0:00:00
#7 4.779 Downloading incremental-24.7.2-py3-none-any.whl (20 kB)
#7 4.798 Downloading typing_extensions-4.15.0-py3-none-any.whl (44 kB)
#7 4.809    ━━━━━━━━━━━━━━━━━━━━━━━━━━━━━━━━━━━━━━━━ 44.6/44.6 kB 3.7 MB/s eta 0:00:00
#7 4.818 Downloading zope_interface-8.0.1-cp311-cp311-manylinux1_x86_64.manylinux2014_x86_64.manylinux_2_17_x86_64.manylinux_2_5_x86_64.whl (259 kB)
#7 4.835    ━━━━━━━━━━━━━━━━━━━━━━━━━━━━━━━━━━━━━━━━ 259.8/259.8 kB 15.5 MB/s eta 0:00:00
#7 4.844 Downloading cffi-2.0.0-cp311-cp311-manylinux2014_x86_64.manylinux_2_17_x86_64.whl (215 kB)
#7 4.860    ━━━━━━━━━━━━━━━━━━━━━━━━━━━━━━━━━━━━━━━━ 215.6/215.6 kB 14.1 MB/s eta 0:00:00
#7 4.868 Downloading idna-3.11-py3-none-any.whl (71 kB)
#7 4.879    ━━━━━━━━━━━━━━━━━━━━━━━━━━━━━━━━━━━━━━━━ 71.0/71.0 kB 6.3 MB/s eta 0:00:00
#7 4.887 Downloading pycparser-2.23-py3-none-any.whl (118 kB)
#7 4.901    ━━━━━━━━━━━━━━━━━━━━━━━━━━━━━━━━━━━━━━━━ 118.1/118.1 kB 8.7 MB/s eta 0:00:00
#7 4.936 Building wheels for collected packages: swftp, pycrypto
#7 4.936   Building wheel for swftp (setup.py): started
#7 5.130   Building wheel for swftp (setup.py): finished with status 'done'
#7 5.130   Created wheel for swftp: filename=swftp-1.0.7-py3-none-any.whl size=51397 sha256=0a184ce6780659cfe1afcc4df0caaba881763e5a2d0f8dd57c5c0419c3c6dac3
#7 5.130   Stored in directory: /root/.cache/pip/wheels/c2/30/2f/38897242ec15038d9602d75c585cea0041891fd9dd58f6ca37
#7 5.133   Building wheel for pycrypto (setup.py): started
#7 6.665   Building wheel for pycrypto (setup.py): finished with status 'error'
#7 6.672   error: subprocess-exited-with-error
#7 6.672   
#7 6.672   × python setup.py bdist_wheel did not run successfully.
#7 6.672   │ exit code: 1
#7 6.672   ╰─> [84 lines of output]
#7 6.672       /usr/local/lib/python3.11/site-packages/setuptools/dist.py:759: SetuptoolsDeprecationWarning: License classifiers are deprecated.
#7 6.672       !!
#7 6.672       
#7 6.672               ********************************************************************************
#7 6.672               Please consider removing the following classifiers in favor of a SPDX license expression:
#7 6.672       
#7 6.672               License :: Public Domain
#7 6.672       
#7 6.672               See https://packaging.python.org/en/latest/guides/writing-pyproject-toml/#license for details.
#7 6.672               ********************************************************************************
#7 6.672       
#7 6.672       !!
#7 6.672         self._finalize_license_expression()
#7 6.672       checking for gcc... gcc
#7 6.672       checking whether the C compiler works... yes
#7 6.672       checking for C compiler default output file name... a.out
#7 6.672       checking for suffix of executables...
#7 6.672       checking whether we are cross compiling... no
#7 6.672       checking for suffix of object files... o
#7 6.672       checking whether we are using the GNU C compiler... yes
#7 6.672       checking whether gcc accepts -g... yes
#7 6.672       checking for gcc option to accept ISO C89... none needed
#7 6.672       checking for __gmpz_init in -lgmp... yes
#7 6.672       checking for __gmpz_init in -lmpir... no
#7 6.672       checking whether mpz_powm is declared... yes
#7 6.672       checking whether mpz_powm_sec is declared... yes
#7 6.672       checking how to run the C preprocessor... gcc -E
#7 6.672       checking for grep that handles long lines and -e... /usr/bin/grep
#7 6.672       checking for egrep... /usr/bin/grep -E
#7 6.672       checking for ANSI C header files... yes
#7 6.672       checking for sys/types.h... yes
#7 6.672       checking for sys/stat.h... yes
#7 6.672       checking for stdlib.h... yes
#7 6.672       checking for string.h... yes
#7 6.672       checking for memory.h... yes
#7 6.672       checking for strings.h... yes
#7 6.672       checking for inttypes.h... yes
#7 6.672       checking for stdint.h... yes
#7 6.672       checking for unistd.h... yes
#7 6.672       checking for inttypes.h... (cached) yes
#7 6.672       checking limits.h usability... yes
#7 6.672       checking limits.h presence... yes
#7 6.672       checking for limits.h... yes
#7 6.672       checking stddef.h usability... yes
#7 6.672       checking stddef.h presence... yes
#7 6.672       checking for stddef.h... yes
#7 6.672       checking for stdint.h... (cached) yes
#7 6.672       checking for stdlib.h... (cached) yes
#7 6.672       checking for string.h... (cached) yes
#7 6.672       checking wchar.h usability... yes
#7 6.672       checking wchar.h presence... yes
#7 6.672       checking for wchar.h... yes
#7 6.672       checking for inline... inline
#7 6.672       checking for int16_t... yes
#7 6.672       checking for int32_t... yes
#7 6.672       checking for int64_t... yes
#7 6.672       checking for int8_t... yes
#7 6.672       checking for size_t... yes
#7 6.672       checking for uint16_t... yes
#7 6.672       checking for uint32_t... yes
#7 6.672       checking for uint64_t... yes
#7 6.672       checking for uint8_t... yes
#7 6.672       checking for stdlib.h... (cached) yes
#7 6.672       checking for GNU libc compatible malloc... yes
#7 6.672       checking for memmove... yes
#7 6.672       checking for memset... yes
#7 6.672       configure: creating ./config.status
#7 6.672       config.status: creating src/config.h
#7 6.672       In file included from /usr/local/include/python3.11/Python.h:87,
#7 6.672                        from src/_fastmath.c:31:
#7 6.672       /usr/local/include/python3.11/cpython/pytime.h:208:60: warning: ‘struct timespec’ declared inside parameter list will not be visible outside of this definition or declaration
#7 6.672         208 | PyAPI_FUNC(int) _PyTime_FromTimespec(_PyTime_t *tp, struct timespec *ts);
#7 6.672             |                                                            ^~~~~~~~
#7 6.672       /usr/local/include/python3.11/cpython/pytime.h:213:56: warning: ‘struct timespec’ declared inside parameter list will not be visible outside of this definition or declaration
#7 6.672         213 | PyAPI_FUNC(int) _PyTime_AsTimespec(_PyTime_t t, struct timespec *ts);
#7 6.672             |                                                        ^~~~~~~~
#7 6.672       /usr/local/include/python3.11/cpython/pytime.h:217:63: warning: ‘struct timespec’ declared inside parameter list will not be visible outside of this definition or declaration
#7 6.672         217 | PyAPI_FUNC(void) _PyTime_AsTimespec_clamp(_PyTime_t t, struct timespec *ts);
#7 6.672             |                                                               ^~~~~~~~
#7 6.672       src/_fastmath.c:33:10: fatal error: longintrepr.h: No such file or directory
#7 6.672          33 | #include <longintrepr.h>                                /* for conversions */
#7 6.672             |          ^~~~~~~~~~~~~~~
#7 6.672       compilation terminated.
#7 6.672       error: command '/usr/bin/gcc' failed with exit code 1
#7 6.672       [end of output]
#7 6.672   
#7 6.672   note: This error originates from a subprocess, and is likely not a problem with pip.
#7 6.672   ERROR: Failed building wheel for pycrypto
#7 6.673   Running setup.py clean for pycrypto
#7 6.810 Successfully built swftp
#7 6.810 Failed to build pycrypto
#7 6.810 ERROR: Could not build wheels for pycrypto, which is required to install pyproject.toml-based projects
#7 6.922 
#7 6.922 [notice] A new release of pip is available: 24.0 -> 25.3
#7 6.922 [notice] To update, run: pip install --upgrade pip
#7 ERROR: process "pip install swftp" did not complete successfully: exit code: 1
------
 > [ 3/48] RUN ["pip","install","swftp"]:
6.672   
6.672   note: This error originates from a subprocess, and is likely not a problem with pip.
6.672   ERROR: Failed building wheel for pycrypto
6.673   Running setup.py clean for pycrypto
6.810 Successfully built swftp
6.810 Failed to build pycrypto
6.810 ERROR: Could not build wheels for pycrypto, which is required to install pyproject.toml-based projects
6.922 
6.922 [notice] A new release of pip is available: 24.0 -> 25.3
6.922 [notice] To update, run: pip install --upgrade pip
------
Dockerfile:3
--------------------
   1 |     FROM python:3.11
   2 |     COPY hard-gists/65538/snippet.py /snippet.py
   3 | >>> RUN ["pip","install","swftp"]
   4 |     RUN ["pip","install","trigger"]
   5 |     RUN ["pip","install","ncolony"]
--------------------
ERROR: failed to build: failed to solve: process "pip install swftp" did not complete successfully: exit code: 1

View build details: docker-desktop://dashboard/build/default/default/69wtjdtntn6dcagubzg2tzp3u
[2025-10-29 16:37:14] ERROR: Build failed for 65538
