=== Docker Build Log for 5a1aaa2effe3825368db4c1925924bba ===
Started at: Mi 29. Okt 16:11:56 CET 2025

[2025-10-29 16:11:56] START: Building image for 5a1aaa2effe3825368db4c1925924bba
#0 building with "default" instance using docker driver

#1 [internal] load build definition from Dockerfile
#1 transferring dockerfile: 194B done
#1 DONE 0.0s

#2 [internal] load metadata for docker.io/library/python:3.11
#2 DONE 0.0s

#3 [internal] load .dockerignore
#3 transferring context: 2B done
#3 DONE 0.0s

#4 [internal] load build context
#4 transferring context: 952B 0.0s done
#4 DONE 0.0s

#5 [1/3] FROM docker.io/library/python:3.11
#5 CACHED

#6 [2/3] COPY hard-gists/5a1aaa2effe3825368db4c1925924bba/snippet.py /snippet.py
#6 DONE 0.1s

#7 [3/3] RUN ["pip","install","foundation"]
#7 2.141 Collecting foundation
#7 2.183   Downloading foundation-0.1.0a0.dev1.tar.gz (50 kB)
#7 2.200      ━━━━━━━━━━━━━━━━━━━━━━━━━━━━━━━━━━━━━━━━ 50.8/50.8 kB 2.7 MB/s eta 0:00:00
#7 2.215   Preparing metadata (setup.py): started
#7 2.649   Preparing metadata (setup.py): finished with status 'done'
#7 2.772 Collecting Django<1.11,>=1.10 (from foundation)
#7 2.782   Downloading Django-1.10.8-py2.py3-none-any.whl.metadata (1.3 kB)
#7 2.821 Collecting django-sekizai>=0.10 (from foundation)
#7 2.833   Downloading django_sekizai-4.1.0-py3-none-any.whl.metadata (4.6 kB)
#7 2.862 INFO: pip is looking at multiple versions of django-sekizai to determine which version is compatible with other requirements. This could take a while.
#7 2.878   Downloading django_sekizai-4.0.0-py3-none-any.whl.metadata (4.6 kB)
#7 2.904   Downloading django_sekizai-3.0.1-py3-none-any.whl.metadata (4.6 kB)
#7 2.943   Downloading django_sekizai-3.0.0-py3-none-any.whl.metadata (4.6 kB)
#7 2.969   Downloading django_sekizai-2.0.0-py3-none-any.whl.metadata (3.7 kB)
#7 2.994   Downloading django-sekizai-1.1.0.tar.gz (7.0 kB)
#7 3.008   Preparing metadata (setup.py): started
#7 3.136   Preparing metadata (setup.py): finished with status 'done'
#7 3.168   Downloading django-sekizai-1.0.0.tar.gz (18 kB)
#7 3.186   Preparing metadata (setup.py): started
#7 3.324   Preparing metadata (setup.py): finished with status 'done'
#7 3.340   Downloading django_sekizai-0.10.0-py2.py3-none-any.whl.metadata (793 bytes)
#7 3.382 Collecting django-classy-tags>=0.3.1 (from django-sekizai>=0.10->foundation)
#7 3.391   Downloading django_classy_tags-4.1.0-py3-none-any.whl.metadata (5.3 kB)
#7 3.404 INFO: pip is looking at multiple versions of django-classy-tags to determine which version is compatible with other requirements. This could take a while.
#7 3.424   Downloading django_classy_tags-4.0.0-py3-none-any.whl.metadata (5.2 kB)
#7 3.450   Downloading django_classy_tags-3.0.1-py3-none-any.whl.metadata (5.3 kB)
#7 3.475   Downloading django_classy_tags-3.0.0-py3-none-any.whl.metadata (5.2 kB)
#7 3.500   Downloading django_classy_tags-2.0.0-py3-none-any.whl.metadata (4.5 kB)
#7 3.526   Downloading django-classy-tags-1.0.0.tar.gz (13 kB)
#7 3.540   Preparing metadata (setup.py): started
#7 3.677   Preparing metadata (setup.py): finished with status 'done'
#7 3.694   Downloading django-classy-tags-0.9.0.tar.gz (17 kB)
#7 3.707   Preparing metadata (setup.py): started
#7 3.846   Preparing metadata (setup.py): finished with status 'done'
#7 3.865   Downloading django_classy_tags-0.8.0-py2.py3-none-any.whl.metadata (981 bytes)
#7 3.902 Downloading Django-1.10.8-py2.py3-none-any.whl (6.8 MB)
#7 4.178    ━━━━━━━━━━━━━━━━━━━━━━━━━━━━━━━━━━━━━━━━ 6.8/6.8 MB 24.9 MB/s eta 0:00:00
#7 4.188 Downloading django_sekizai-0.10.0-py2.py3-none-any.whl (19 kB)
#7 4.207 Downloading django_classy_tags-0.8.0-py2.py3-none-any.whl (22 kB)
#7 4.252 Building wheels for collected packages: foundation
#7 4.253   Building wheel for foundation (setup.py): started
#7 4.483   Building wheel for foundation (setup.py): finished with status 'done'
#7 4.483   Created wheel for foundation: filename=foundation-0.1.0a0.dev1-py3-none-any.whl size=73614 sha256=2cacda7dfeb15a0f82b8807ec9a0e05cc3567a7f18015c5be3333db270df93fe
#7 4.483   Stored in directory: /root/.cache/pip/wheels/ad/c3/ad/3307fd133207420fb4bf8fa4844260b0dcd4de9deec2857abd
#7 4.485 Successfully built foundation
#7 4.535 Installing collected packages: Django, django-classy-tags, django-sekizai, foundation
#7 5.990 Successfully installed Django-1.10.8 django-classy-tags-0.8.0 django-sekizai-0.10.0 foundation-0.1.0a0.dev1
#7 5.991 WARNING: Running pip as the 'root' user can result in broken permissions and conflicting behaviour with the system package manager. It is recommended to use a virtual environment instead: https://pip.pypa.io/warnings/venv
#7 6.091 
#7 6.091 [notice] A new release of pip is available: 24.0 -> 25.3
#7 6.091 [notice] To update, run: pip install --upgrade pip
#7 DONE 6.4s

#8 exporting to image
#8 exporting layers
#8 exporting layers 0.6s done
#8 writing image sha256:acc0ad5a5607af3396390c3cf3fc08ee94ef6a8b82563a39130506aa7a33e4cd done
#8 naming to docker.io/library/test-image-5a1aaa2effe3825368db4c1925924bba done
#8 DONE 0.6s

View build details: docker-desktop://dashboard/build/default/default/rwt1rer62oeycdwnrf89wwmiy
[2025-10-29 16:12:03] SUCCESS: Build completed for 5a1aaa2effe3825368db4c1925924bba
