=== Docker Build Log for 070c805d947bd17c7a19 ===
Started at: Mi 29. Okt 11:29:21 CET 2025

[2025-10-29 11:29:21] START: Building image for 070c805d947bd17c7a19
#0 building with "default" instance using docker driver

#1 [internal] load build definition from Dockerfile
#1 transferring dockerfile: 145B done
#1 DONE 0.0s

#2 [internal] load metadata for docker.io/library/python:3.11
#2 DONE 0.0s

#3 [internal] load .dockerignore
#3 transferring context: 2B done
#3 DONE 0.0s

#4 [internal] load build context
#4 transferring context: 2.68kB 0.0s done
#4 DONE 0.0s

#5 [1/2] FROM docker.io/library/python:3.11
#5 CACHED

#6 [2/2] COPY hard-gists/070c805d947bd17c7a19/snippet.py /snippet.py
#6 DONE 0.1s

#7 exporting to image
#7 exporting layers 0.0s done
#7 writing image sha256:aa952f2aa278509b3df564309ee9400437431e8747fe928bdce9fc94646a33fc done
#7 naming to docker.io/library/test-image-070c805d947bd17c7a19 done
#7 DONE 0.1s

View build details: docker-desktop://dashboard/build/default/default/unqhfikzik8tu47w31o9c7byz
[2025-10-29 11:29:22] SUCCESS: Build completed for 070c805d947bd17c7a19
