=== Docker Build Log for f5b0d13b0bb3e4ac0572 ===
Started at: Mi 29. Okt 21:27:32 CET 2025

[2025-10-29 21:27:33] START: Building image for f5b0d13b0bb3e4ac0572
#0 building with "default" instance using docker driver

#1 [internal] load build definition from Dockerfile
#1 transferring dockerfile: 145B done
#1 DONE 0.0s

#2 [internal] load metadata for docker.io/library/python:3.11
#2 DONE 0.0s

#3 [internal] load .dockerignore
#3 transferring context: 2B done
#3 DONE 0.0s

#4 [internal] load build context
#4 transferring context: 2.99kB 0.0s done
#4 DONE 0.0s

#5 [1/2] FROM docker.io/library/python:3.11
#5 CACHED

#6 [2/2] COPY hard-gists/f5b0d13b0bb3e4ac0572/snippet.py /snippet.py
#6 DONE 0.1s

#7 exporting to image
#7 exporting layers 0.0s done
#7 writing image sha256:a3ea2891de109e87e9017804c5f92da5be046d8a7f9633b89904c1320535c5ed done
#7 naming to docker.io/library/test-image-f5b0d13b0bb3e4ac0572 done
#7 DONE 0.1s

View build details: docker-desktop://dashboard/build/default/default/fnzc5nxpo7k8ano4zsdjkdk8p
[2025-10-29 21:27:33] SUCCESS: Build completed for f5b0d13b0bb3e4ac0572
