=== Docker Build Log for cfaad5763fb7471aed85 ===
Started at: Mi 29. Okt 20:19:26 CET 2025

[2025-10-29 20:19:26] START: Building image for cfaad5763fb7471aed85
#0 building with "default" instance using docker driver

#1 [internal] load build definition from Dockerfile
#1 transferring dockerfile: 145B done
#1 DONE 0.0s

#2 [internal] load metadata for docker.io/library/python:3.11
#2 DONE 0.0s

#3 [internal] load .dockerignore
#3 transferring context: 2B done
#3 DONE 0.0s

#4 [internal] load build context
#4 transferring context: 1.09kB 0.0s done
#4 DONE 0.0s

#5 [1/2] FROM docker.io/library/python:3.11
#5 CACHED

#6 [2/2] COPY hard-gists/cfaad5763fb7471aed85/snippet.py /snippet.py
#6 DONE 0.1s

#7 exporting to image
#7 exporting layers 0.0s done
#7 writing image sha256:5a1f10d0b4536c312d986ab48f848bb8b914e749a10ef80d72dee952363eb0d7 done
#7 naming to docker.io/library/test-image-cfaad5763fb7471aed85 done
#7 DONE 0.1s

View build details: docker-desktop://dashboard/build/default/default/o18tto20xfvp5hz86g50vyvk0
[2025-10-29 20:19:27] SUCCESS: Build completed for cfaad5763fb7471aed85
