=== Docker Build Log for 5036f784eec2036252e1990da21eda18 ===
Started at: Mi 29. Okt 15:19:47 CET 2025

[2025-10-29 15:19:47] START: Building image for 5036f784eec2036252e1990da21eda18
#0 building with "default" instance using docker driver

#1 [internal] load build definition from Dockerfile
#1 transferring dockerfile: 157B done
#1 DONE 0.0s

#2 [internal] load metadata for docker.io/library/python:3.11
#2 DONE 0.0s

#3 [internal] load .dockerignore
#3 transferring context: 2B done
#3 DONE 0.0s

#4 [internal] load build context
#4 transferring context: 5.47kB 0.0s done
#4 DONE 0.0s

#5 [1/2] FROM docker.io/library/python:3.11
#5 CACHED

#6 [2/2] COPY hard-gists/5036f784eec2036252e1990da21eda18/snippet.py /snippet.py
#6 DONE 0.1s

#7 exporting to image
#7 exporting layers 0.1s done
#7 writing image sha256:cdb9db38b218cc37c24a02286baa56e97055155530d6c5a026f5e6b091d4e2dc done
#7 naming to docker.io/library/test-image-5036f784eec2036252e1990da21eda18 done
#7 DONE 0.1s

View build details: docker-desktop://dashboard/build/default/default/vjnc6bmyfzz0etzzv9zib3ga4
[2025-10-29 15:19:48] SUCCESS: Build completed for 5036f784eec2036252e1990da21eda18
