=== Docker Build Log for 4156421 ===
Started at: Mi 29. Okt 14:23:22 CET 2025

[2025-10-29 14:23:22] START: Building image for 4156421
#0 building with "default" instance using docker driver

#1 [internal] load build definition from Dockerfile
#1 transferring dockerfile: 132B done
#1 DONE 0.0s

#2 [internal] load metadata for docker.io/library/python:3.11
#2 DONE 0.0s

#3 [internal] load .dockerignore
#3 transferring context: 2B done
#3 DONE 0.0s

#4 [internal] load build context
#4 transferring context: 2.46kB 0.0s done
#4 DONE 0.0s

#5 [1/2] FROM docker.io/library/python:3.11
#5 CACHED

#6 [2/2] COPY hard-gists/4156421/snippet.py /snippet.py
#6 DONE 0.1s

#7 exporting to image
#7 exporting layers 0.0s done
#7 writing image sha256:aba16796764d9c278494e86693770d3a2534cffebe5e0004b5c31724539eb8c7 done
#7 naming to docker.io/library/test-image-4156421 done
#7 DONE 0.1s

View build details: docker-desktop://dashboard/build/default/default/k750foqag0jmi8fbo7r2lqhrx
[2025-10-29 14:23:22] SUCCESS: Build completed for 4156421
