=== Docker Build Log for 6094449 ===
Started at: Mi 29. Okt 16:19:30 CET 2025

[2025-10-29 16:19:30] START: Building image for 6094449
#0 building with "default" instance using docker driver

#1 [internal] load build definition from Dockerfile
#1 transferring dockerfile: 132B done
#1 DONE 0.0s

#2 [internal] load metadata for docker.io/library/python:3.11
#2 DONE 0.0s

#3 [internal] load .dockerignore
#3 transferring context: 2B done
#3 DONE 0.0s

#4 [internal] load build context
#4 transferring context: 2.14kB 0.0s done
#4 DONE 0.0s

#5 [1/2] FROM docker.io/library/python:3.11
#5 CACHED

#6 [2/2] COPY hard-gists/6094449/snippet.py /snippet.py
#6 DONE 0.1s

#7 exporting to image
#7 exporting layers 0.0s done
#7 writing image sha256:184788ef7d0e91c597c1f5187f06696ff8e21f912384136bbe958caa6b68e746 done
#7 naming to docker.io/library/test-image-6094449 done
#7 DONE 0.1s

View build details: docker-desktop://dashboard/build/default/default/x4w3wq9xxka5dsusxjxjxzbp5
[2025-10-29 16:19:30] SUCCESS: Build completed for 6094449
