=== Docker Build Log for 816134462577399ee8b2 ===
Started at: Mi 29. Okt 17:39:51 CET 2025

[2025-10-29 17:39:51] START: Building image for 816134462577399ee8b2
#0 building with "default" instance using docker driver

#1 [internal] load build definition from Dockerfile
#1 transferring dockerfile: 297B done
#1 DONE 0.0s

#2 [internal] load metadata for docker.io/library/python:3.11
#2 DONE 0.0s

#3 [internal] load .dockerignore
#3 transferring context: 2B done
#3 DONE 0.0s

#4 [internal] load build context
#4 transferring context: 3.50kB 0.0s done
#4 DONE 0.0s

#5 [1/7] FROM docker.io/library/python:3.11
#5 CACHED

#6 [2/7] COPY hard-gists/816134462577399ee8b2/snippet.py /snippet.py
#6 DONE 0.1s

#7 [3/7] RUN ["pip","install","the"]
#7 1.969 Collecting the
#7 2.003   Downloading the-0.1.5.tar.gz (10 kB)
#7 2.016   Preparing metadata (setup.py): started
#7 2.385   Preparing metadata (setup.py): finished with status 'done'
#7 2.386 Building wheels for collected packages: the
#7 2.387   Building wheel for the (setup.py): started
#7 2.557   Building wheel for the (setup.py): finished with status 'done'
#7 2.558   Created wheel for the: filename=the-0.1.5-py3-none-any.whl size=6027 sha256=d72ee41128e4220723ede0743c2bb2ef17d4d59205b672ef93bcf382098a40bc
#7 2.558   Stored in directory: /root/.cache/pip/wheels/5a/02/15/82fa3d852099cde5adb558437baaa511bc9ad4a7febdae2ecb
#7 2.562 Successfully built the
#7 2.591 Installing collected packages: the
#7 2.605 Successfully installed the-0.1.5
#7 2.605 WARNING: Running pip as the 'root' user can result in broken permissions and conflicting behaviour with the system package manager. It is recommended to use a virtual environment instead: https://pip.pypa.io/warnings/venv
#7 2.697 
#7 2.697 [notice] A new release of pip is available: 24.0 -> 25.3
#7 2.697 [notice] To update, run: pip install --upgrade pip
#7 DONE 2.9s

#8 [4/7] RUN ["pip","install","PyYAML"]
#8 0.616 Collecting PyYAML
#8 0.650   Downloading pyyaml-6.0.3-cp311-cp311-manylinux2014_x86_64.manylinux_2_17_x86_64.manylinux_2_28_x86_64.whl.metadata (2.4 kB)
#8 0.674 Downloading pyyaml-6.0.3-cp311-cp311-manylinux2014_x86_64.manylinux_2_17_x86_64.manylinux_2_28_x86_64.whl (806 kB)
#8 0.734    ━━━━━━━━━━━━━━━━━━━━━━━━━━━━━━━━━━━━━━━━ 806.6/806.6 kB 14.0 MB/s eta 0:00:00
#8 0.772 Installing collected packages: PyYAML
#8 0.839 Successfully installed PyYAML-6.0.3
#8 0.839 WARNING: Running pip as the 'root' user can result in broken permissions and conflicting behaviour with the system package manager. It is recommended to use a virtual environment instead: https://pip.pypa.io/warnings/venv
#8 0.844 
#8 0.844 [notice] A new release of pip is available: 24.0 -> 25.3
#8 0.844 [notice] To update, run: pip install --upgrade pip
#8 DONE 1.0s

#9 [5/7] RUN ["pip","install","numpy"]
#9 0.690 Collecting numpy
#9 0.727   Downloading numpy-2.3.4-cp311-cp311-manylinux_2_27_x86_64.manylinux_2_28_x86_64.whl.metadata (62 kB)
#9 0.763      ━━━━━━━━━━━━━━━━━━━━━━━━━━━━━━━━━━━━━━━━ 62.1/62.1 kB 1.5 MB/s eta 0:00:00
#9 0.782 Downloading numpy-2.3.4-cp311-cp311-manylinux_2_27_x86_64.manylinux_2_28_x86_64.whl (16.9 MB)
#9 1.555    ━━━━━━━━━━━━━━━━━━━━━━━━━━━━━━━━━━━━━━━━ 16.9/16.9 MB 18.5 MB/s eta 0:00:00
#9 1.630 Installing collected packages: numpy
#9 3.002 Successfully installed numpy-2.3.4
#9 3.002 WARNING: Running pip as the 'root' user can result in broken permissions and conflicting behaviour with the system package manager. It is recommended to use a virtual environment instead: https://pip.pypa.io/warnings/venv
#9 3.007 
#9 3.007 [notice] A new release of pip is available: 24.0 -> 25.3
#9 3.007 [notice] To update, run: pip install --upgrade pip
#9 DONE 3.8s

#10 [6/7] RUN ["pip","install","scipy"]
#10 0.641 Collecting scipy
#10 0.673   Downloading scipy-1.16.3-cp311-cp311-manylinux2014_x86_64.manylinux_2_17_x86_64.whl.metadata (62 kB)
#10 0.699      ━━━━━━━━━━━━━━━━━━━━━━━━━━━━━━━━━━━━━━━━ 62.0/62.0 kB 2.2 MB/s eta 0:00:00
#10 0.727 Requirement already satisfied: numpy<2.6,>=1.25.2 in /usr/local/lib/python3.11/site-packages (from scipy) (2.3.4)
#10 0.742 Downloading scipy-1.16.3-cp311-cp311-manylinux2014_x86_64.manylinux_2_17_x86_64.whl (35.9 MB)
#10 2.273    ━━━━━━━━━━━━━━━━━━━━━━━━━━━━━━━━━━━━━━━━ 35.9/35.9 MB 15.4 MB/s eta 0:00:00
#10 2.419 Installing collected packages: scipy
#10 5.081 Successfully installed scipy-1.16.3
#10 5.081 WARNING: Running pip as the 'root' user can result in broken permissions and conflicting behaviour with the system package manager. It is recommended to use a virtual environment instead: https://pip.pypa.io/warnings/venv
#10 5.086 
#10 5.086 [notice] A new release of pip is available: 24.0 -> 25.3
#10 5.086 [notice] To update, run: pip install --upgrade pip
#10 DONE 6.1s

#11 [7/7] RUN ["pip","install","Theano"]
#11 0.667 Collecting Theano
#11 0.702   Downloading Theano-1.0.5.tar.gz (2.8 MB)
#11 0.832      ━━━━━━━━━━━━━━━━━━━━━━━━━━━━━━━━━━━━━━━━ 2.8/2.8 MB 22.2 MB/s eta 0:00:00
#11 0.975   Preparing metadata (setup.py): started
#11 1.121   Preparing metadata (setup.py): finished with status 'done'
#11 1.130 Requirement already satisfied: numpy>=1.9.1 in /usr/local/lib/python3.11/site-packages (from Theano) (2.3.4)
#11 1.134 Requirement already satisfied: scipy>=0.14 in /usr/local/lib/python3.11/site-packages (from Theano) (1.16.3)
#11 1.163 Collecting six>=1.9.0 (from Theano)
#11 1.172   Downloading six-1.17.0-py2.py3-none-any.whl.metadata (1.7 kB)
#11 1.215 Downloading six-1.17.0-py2.py3-none-any.whl (11 kB)
#11 1.228 Building wheels for collected packages: Theano
#11 1.233   Building wheel for Theano (setup.py): started
#11 1.882   Building wheel for Theano (setup.py): finished with status 'done'
#11 1.888   Created wheel for Theano: filename=theano-1.0.5-py3-none-any.whl size=2668205 sha256=379568ac2d3bef0b5570d323dd52683f003fda47463e4a8d433b1ff4aa9bcbf7
#11 1.888   Stored in directory: /root/.cache/pip/wheels/26/1f/2f/02d738022626461828148150c0354e712c4ad74f1a60f10933
#11 1.891 Successfully built Theano
#11 1.950 Installing collected packages: six, Theano
#11 2.968 Successfully installed Theano-1.0.5 six-1.17.0
#11 2.968 WARNING: Running pip as the 'root' user can result in broken permissions and conflicting behaviour with the system package manager. It is recommended to use a virtual environment instead: https://pip.pypa.io/warnings/venv
#11 2.973 
#11 2.973 [notice] A new release of pip is available: 24.0 -> 25.3
#11 2.973 [notice] To update, run: pip install --upgrade pip
#11 DONE 3.3s

#12 exporting to image
#12 exporting layers
#12 exporting layers 0.7s done
#12 writing image sha256:20c89cf666e47d9d8f6eee9823350fc4ddabe3ccfdff12f3df6c6a429e38dede done
#12 naming to docker.io/library/test-image-816134462577399ee8b2 done
#12 DONE 0.7s

View build details: docker-desktop://dashboard/build/default/default/gwys4whq35vodnxsu39cb9fqh
[2025-10-29 17:40:09] SUCCESS: Build completed for 816134462577399ee8b2
