=== Docker Build Log for 1639941 ===
Started at: Mi 29. Okt 12:21:33 CET 2025

[2025-10-29 12:21:33] START: Building image for 1639941
#0 building with "default" instance using docker driver

#1 [internal] load build definition from Dockerfile
#1 transferring dockerfile: 132B done
#1 DONE 0.0s

#2 [internal] load metadata for docker.io/library/python:3.11
#2 DONE 0.0s

#3 [internal] load .dockerignore
#3 transferring context: 2B done
#3 DONE 0.0s

#4 [internal] load build context
#4 transferring context: 6.71kB 0.0s done
#4 DONE 0.0s

#5 [1/2] FROM docker.io/library/python:3.11
#5 CACHED

#6 [2/2] COPY hard-gists/1639941/snippet.py /snippet.py
#6 DONE 0.1s

#7 exporting to image
#7 exporting layers 0.0s done
#7 writing image sha256:c733692c3853fb0fa5fc54cc73bfdf6e6edc92b1d175ef8f4ca75ed2696c608e done
#7 naming to docker.io/library/test-image-1639941 done
#7 DONE 0.1s

View build details: docker-desktop://dashboard/build/default/default/8twnjm5ma1kgqx64zdb21t1ts
[2025-10-29 12:21:34] SUCCESS: Build completed for 1639941
