=== Docker Build Log for c7a37230842f82fc51eaecf855fbf7ab ===
Started at: Mi 29. Okt 19:56:24 CET 2025

[2025-10-29 19:56:24] START: Building image for c7a37230842f82fc51eaecf855fbf7ab
#0 building with "default" instance using docker driver

#1 [internal] load build definition from Dockerfile
#1 transferring dockerfile: 289B done
#1 DONE 0.0s

#2 [internal] load metadata for docker.io/library/python:3.11
#2 DONE 0.0s

#3 [internal] load .dockerignore
#3 transferring context: 2B done
#3 DONE 0.0s

#4 [internal] load build context
#4 transferring context: 428B 0.0s done
#4 DONE 0.0s

#5 [1/6] FROM docker.io/library/python:3.11
#5 CACHED

#6 [2/6] COPY hard-gists/c7a37230842f82fc51eaecf855fbf7ab/snippet.py /snippet.py
#6 DONE 0.1s

#7 [3/6] RUN ["pip","install","pan-python"]
#7 1.906 Collecting pan-python
#7 1.953   Downloading pan_python-0.25.0-py3-none-any.whl.metadata (1.4 kB)
#7 1.975 Downloading pan_python-0.25.0-py3-none-any.whl (60 kB)
#7 1.997    ━━━━━━━━━━━━━━━━━━━━━━━━━━━━━━━━━━━━━━━━ 60.3/60.3 kB 2.5 MB/s eta 0:00:00
#7 2.032 Installing collected packages: pan-python
#7 2.079 Successfully installed pan-python-0.25.0
#7 2.079 WARNING: Running pip as the 'root' user can result in broken permissions and conflicting behaviour with the system package manager. It is recommended to use a virtual environment instead: https://pip.pypa.io/warnings/venv
#7 2.169 
#7 2.169 [notice] A new release of pip is available: 24.0 -> 25.3
#7 2.169 [notice] To update, run: pip install --upgrade pip
#7 DONE 2.4s

#8 [4/6] RUN ["pip","install","pandacan"]
#8 0.502 Collecting pandacan
#8 0.541   Downloading pandacan-0.0.9.tar.gz (36 kB)
#8 0.562   Preparing metadata (setup.py): started
#8 0.983   Preparing metadata (setup.py): finished with status 'done'
#8 1.017 Collecting libusb1==1.6.6 (from pandacan)
#8 1.029   Downloading libusb1-1.6.6.tar.gz (56 kB)
#8 1.052      ━━━━━━━━━━━━━━━━━━━━━━━━━━━━━━━━━━━━━━━━ 56.0/56.0 kB 2.4 MB/s eta 0:00:00
#8 1.057   Preparing metadata (setup.py): started
#8 1.158   Preparing metadata (setup.py): finished with status 'error'
#8 1.161   error: subprocess-exited-with-error
#8 1.161   
#8 1.161   × python setup.py egg_info did not run successfully.
#8 1.161   │ exit code: 1
#8 1.161   ╰─> [1 lines of output]
#8 1.161       error in libusb1 setup command: use_2to3 is invalid.
#8 1.161       [end of output]
#8 1.161   
#8 1.161   note: This error originates from a subprocess, and is likely not a problem with pip.
#8 1.162 error: metadata-generation-failed
#8 1.162 
#8 1.162 × Encountered error while generating package metadata.
#8 1.162 ╰─> See above for output.
#8 1.162 
#8 1.162 note: This is an issue with the package mentioned above, not pip.
#8 1.162 hint: See above for details.
#8 1.167 
#8 1.167 [notice] A new release of pip is available: 24.0 -> 25.3
#8 1.167 [notice] To update, run: pip install --upgrade pip
#8 ERROR: process "pip install pandacan" did not complete successfully: exit code: 1
------
 > [4/6] RUN ["pip","install","pandacan"]:
1.162 error: metadata-generation-failed
1.162 
1.162 × Encountered error while generating package metadata.
1.162 ╰─> See above for output.
1.162 
1.162 note: This is an issue with the package mentioned above, not pip.
1.162 hint: See above for details.
1.167 
1.167 [notice] A new release of pip is available: 24.0 -> 25.3
1.167 [notice] To update, run: pip install --upgrade pip
------
Dockerfile:4
--------------------
   2 |     COPY hard-gists/c7a37230842f82fc51eaecf855fbf7ab/snippet.py /snippet.py
   3 |     RUN ["pip","install","pan-python"]
   4 | >>> RUN ["pip","install","pandacan"]
   5 |     RUN ["pip","install","pandas"]
   6 |     RUN ["pip","install","PyYAML"]
--------------------
ERROR: failed to build: failed to solve: process "pip install pandacan" did not complete successfully: exit code: 1

View build details: docker-desktop://dashboard/build/default/default/h71sqh1f6n0wdve7z9qd3tauf
[2025-10-29 19:56:28] ERROR: Build failed for c7a37230842f82fc51eaecf855fbf7ab
