=== Docker Build Log for 4571292 ===
Started at: Mi 29. Okt 14:44:07 CET 2025

[2025-10-29 14:44:07] START: Building image for 4571292
#0 building with "default" instance using docker driver

#1 [internal] load build definition from Dockerfile
#1 transferring dockerfile: 162B done
#1 DONE 0.0s

#2 [internal] load metadata for docker.io/library/python:3.11
#2 DONE 0.0s

#3 [internal] load .dockerignore
#3 transferring context: 2B done
#3 DONE 0.0s

#4 [internal] load build context
#4 transferring context: 1.86kB 0.0s done
#4 DONE 0.0s

#5 [1/3] FROM docker.io/library/python:3.11
#5 CACHED

#6 [2/3] COPY hard-gists/4571292/snippet.py /snippet.py
#6 DONE 0.1s

#7 [3/3] RUN ["pip","install","image"]
#7 2.573 Collecting image
#7 2.612   Downloading image-1.5.33.tar.gz (15 kB)
#7 2.629   Preparing metadata (setup.py): started
#7 3.129   Preparing metadata (setup.py): finished with status 'done'
#7 3.404 Collecting pillow (from image)
#7 3.590   Downloading pillow-12.0.0-cp311-cp311-manylinux_2_27_x86_64.manylinux_2_28_x86_64.whl.metadata (8.8 kB)
#7 3.751 Collecting django (from image)
#7 3.759   Downloading django-5.2.7-py3-none-any.whl.metadata (4.1 kB)
#7 3.806 Collecting six (from image)
#7 3.815   Downloading six-1.17.0-py2.py3-none-any.whl.metadata (1.7 kB)
#7 3.867 Collecting asgiref>=3.8.1 (from django->image)
#7 3.875   Downloading asgiref-3.10.0-py3-none-any.whl.metadata (9.3 kB)
#7 3.920 Collecting sqlparse>=0.3.1 (from django->image)
#7 3.928   Downloading sqlparse-0.5.3-py3-none-any.whl.metadata (3.9 kB)
#7 3.971 Downloading django-5.2.7-py3-none-any.whl (8.3 MB)
#7 4.518    ━━━━━━━━━━━━━━━━━━━━━━━━━━━━━━━━━━━━━━━━ 8.3/8.3 MB 15.2 MB/s eta 0:00:00
#7 4.530 Downloading pillow-12.0.0-cp311-cp311-manylinux_2_27_x86_64.manylinux_2_28_x86_64.whl (7.0 MB)
#7 4.807    ━━━━━━━━━━━━━━━━━━━━━━━━━━━━━━━━━━━━━━━━ 7.0/7.0 MB 25.6 MB/s eta 0:00:00
#7 4.815 Downloading six-1.17.0-py2.py3-none-any.whl (11 kB)
#7 4.832 Downloading asgiref-3.10.0-py3-none-any.whl (24 kB)
#7 4.850 Downloading sqlparse-0.5.3-py3-none-any.whl (44 kB)
#7 4.862    ━━━━━━━━━━━━━━━━━━━━━━━━━━━━━━━━━━━━━━━━ 44.4/44.4 kB 3.6 MB/s eta 0:00:00
#7 4.960 Building wheels for collected packages: image
#7 4.961   Building wheel for image (setup.py): started
#7 5.191   Building wheel for image (setup.py): finished with status 'done'
#7 5.192   Created wheel for image: filename=image-1.5.33-py2.py3-none-any.whl size=19554 sha256=44f6cb08b26b83c8d5b6448d29d3ffd4710a85bf3158964cdebfbd7ab1b7ded3
#7 5.192   Stored in directory: /root/.cache/pip/wheels/62/40/4f/3c9a8d0f22a1a6f966975a460e5cb509a1e7dc42e2ce5d9a6d
#7 5.194 Successfully built image
#7 5.276 Installing collected packages: sqlparse, six, pillow, asgiref, django, image
#7 7.657 Successfully installed asgiref-3.10.0 django-5.2.7 image-1.5.33 pillow-12.0.0 six-1.17.0 sqlparse-0.5.3
#7 7.657 WARNING: Running pip as the 'root' user can result in broken permissions and conflicting behaviour with the system package manager. It is recommended to use a virtual environment instead: https://pip.pypa.io/warnings/venv
#7 7.780 
#7 7.780 [notice] A new release of pip is available: 24.0 -> 25.3
#7 7.780 [notice] To update, run: pip install --upgrade pip
#7 DONE 8.7s

#8 exporting to image
#8 exporting layers
#8 exporting layers 1.0s done
#8 writing image sha256:d7d85ec23459726a469359497ef14854f96a84e0ead992d686d4f433d203064b done
#8 naming to docker.io/library/test-image-4571292 done
#8 DONE 1.0s

View build details: docker-desktop://dashboard/build/default/default/s8tb16pcqxzde23lul34yk0v4
[2025-10-29 14:44:17] SUCCESS: Build completed for 4571292
