=== Docker Build Log for 5053686 ===
Started at: Mi 29. Okt 15:20:13 CET 2025

[2025-10-29 15:20:13] START: Building image for 5053686
#0 building with "default" instance using docker driver

#1 [internal] load build definition from Dockerfile
#1 transferring dockerfile: 354B done
#1 DONE 0.0s

#2 [internal] load metadata for docker.io/library/python:3.11
#2 DONE 0.0s

#3 [internal] load .dockerignore
#3 transferring context: 2B done
#3 DONE 0.0s

#4 [internal] load build context
#4 transferring context: 12.58kB 0.0s done
#4 DONE 0.0s

#5 [1/9] FROM docker.io/library/python:3.11
#5 CACHED

#6 [2/9] COPY hard-gists/5053686/snippet.py /snippet.py
#6 DONE 0.1s

#7 [3/9] RUN ["pip","install","selena"]
#7 2.062 Collecting selena
#7 2.103   Downloading selena-1.0.4.tar.gz (377 kB)
#7 2.142      ━━━━━━━━━━━━━━━━━━━━━━━━━━━━━━━━━━━━━━ 377.5/377.5 kB 10.0 MB/s eta 0:00:00
#7 2.172   Preparing metadata (setup.py): started
#7 2.575   Preparing metadata (setup.py): finished with status 'done'
#7 2.684 Collecting django==1.5.11 (from selena)
#7 2.696   Downloading Django-1.5.11.tar.gz (8.1 MB)
#7 3.067      ━━━━━━━━━━━━━━━━━━━━━━━━━━━━━━━━━━━━━━━━ 8.1/8.1 MB 21.9 MB/s eta 0:00:00
#7 3.957   Preparing metadata (setup.py): started
#7 4.384   Preparing metadata (setup.py): finished with status 'done'
#7 4.483 Collecting lck.django==0.8.10 (from selena)
#7 4.493   Downloading lck.django-0.8.10.tar.gz (1.6 MB)
#7 4.556      ━━━━━━━━━━━━━━━━━━━━━━━━━━━━━━━━━━━━━━━━ 1.6/1.6 MB 26.6 MB/s eta 0:00:00
#7 4.816   Preparing metadata (setup.py): started
#7 4.990   Preparing metadata (setup.py): finished with status 'done'
#7 5.121 Collecting MySQL-python==1.2.5 (from selena)
#7 5.130   Downloading MySQL-python-1.2.5.zip (108 kB)
#7 5.145      ━━━━━━━━━━━━━━━━━━━━━━━━━━━━━━━━━━━━━━━ 108.9/108.9 kB 7.9 MB/s eta 0:00:00
#7 5.154   Preparing metadata (setup.py): started
#7 5.244   Preparing metadata (setup.py): finished with status 'error'
#7 5.248   error: subprocess-exited-with-error
#7 5.248   
#7 5.248   × python setup.py egg_info did not run successfully.
#7 5.248   │ exit code: 1
#7 5.248   ╰─> [8 lines of output]
#7 5.248       Traceback (most recent call last):
#7 5.248         File "<string>", line 2, in <module>
#7 5.248         File "<pip-setuptools-caller>", line 34, in <module>
#7 5.248         File "/tmp/pip-install-r5am597e/mysql-python_b826c1164af24603b891723868750c08/setup.py", line 13, in <module>
#7 5.248           from setup_posix import get_config
#7 5.248         File "/tmp/pip-install-r5am597e/mysql-python_b826c1164af24603b891723868750c08/setup_posix.py", line 2, in <module>
#7 5.248           from ConfigParser import SafeConfigParser
#7 5.248       ModuleNotFoundError: No module named 'ConfigParser'
#7 5.248       [end of output]
#7 5.248   
#7 5.248   note: This error originates from a subprocess, and is likely not a problem with pip.
#7 5.249 error: metadata-generation-failed
#7 5.249 
#7 5.249 × Encountered error while generating package metadata.
#7 5.249 ╰─> See above for output.
#7 5.249 
#7 5.249 note: This is an issue with the package mentioned above, not pip.
#7 5.249 hint: See above for details.
#7 5.357 
#7 5.357 [notice] A new release of pip is available: 24.0 -> 25.3
#7 5.357 [notice] To update, run: pip install --upgrade pip
#7 ERROR: process "pip install selena" did not complete successfully: exit code: 1
------
 > [3/9] RUN ["pip","install","selena"]:
5.249 error: metadata-generation-failed
5.249 
5.249 × Encountered error while generating package metadata.
5.249 ╰─> See above for output.
5.249 
5.249 note: This is an issue with the package mentioned above, not pip.
5.249 hint: See above for details.
5.357 
5.357 [notice] A new release of pip is available: 24.0 -> 25.3
5.357 [notice] To update, run: pip install --upgrade pip
------
Dockerfile:3
--------------------
   1 |     FROM python:3.11
   2 |     COPY hard-gists/5053686/snippet.py /snippet.py
   3 | >>> RUN ["pip","install","selena"]
   4 |     RUN ["pip","install","pandacan"]
   5 |     RUN ["pip","install","pan-python"]
--------------------
ERROR: failed to build: failed to solve: process "pip install selena" did not complete successfully: exit code: 1

View build details: docker-desktop://dashboard/build/default/default/yfy60qcmg5gf472lmjb4b0p43
[2025-10-29 15:20:19] ERROR: Build failed for 5053686
