=== Docker Build Log for 1e7e3c1da32d00f8ce0dff6b86fd45fe ===
Started at: Mi 29. Okt 12:53:52 CET 2025

[2025-10-29 12:53:53] START: Building image for 1e7e3c1da32d00f8ce0dff6b86fd45fe
#0 building with "default" instance using docker driver

#1 [internal] load build definition from Dockerfile
#1 transferring dockerfile: 193B done
#1 DONE 0.0s

#2 [internal] load metadata for docker.io/library/python:3.11
#2 DONE 0.0s

#3 [internal] load .dockerignore
#3 transferring context: 2B done
#3 DONE 0.0s

#4 [internal] load build context
#4 transferring context: 5.94kB 0.0s done
#4 DONE 0.0s

#5 [1/3] FROM docker.io/library/python:3.11
#5 CACHED

#6 [2/3] COPY hard-gists/1e7e3c1da32d00f8ce0dff6b86fd45fe/snippet.py /snippet.py
#6 DONE 0.1s

#7 [3/3] RUN ["pip","install","netifaces"]
#7 1.956 Collecting netifaces
#7 2.002   Downloading netifaces-0.11.0.tar.gz (30 kB)
#7 2.018   Preparing metadata (setup.py): started
#7 2.413   Preparing metadata (setup.py): finished with status 'done'
#7 2.415 Building wheels for collected packages: netifaces
#7 2.415   Building wheel for netifaces (setup.py): started
#7 3.772   Building wheel for netifaces (setup.py): finished with status 'done'
#7 3.773   Created wheel for netifaces: filename=netifaces-0.11.0-cp311-cp311-linux_x86_64.whl size=35250 sha256=14d05b02ff5ac134d28c4ee5081395b4c4437da9a8165ae3ee0f7507155f6a55
#7 3.773   Stored in directory: /root/.cache/pip/wheels/40/85/29/648c19bbbb5f1d30e33bfb343fd7fb54296b402f7205d8e46f
#7 3.777 Successfully built netifaces
#7 3.807 Installing collected packages: netifaces
#7 3.818 Successfully installed netifaces-0.11.0
#7 3.819 WARNING: Running pip as the 'root' user can result in broken permissions and conflicting behaviour with the system package manager. It is recommended to use a virtual environment instead: https://pip.pypa.io/warnings/venv
#7 3.910 
#7 3.910 [notice] A new release of pip is available: 24.0 -> 25.3
#7 3.910 [notice] To update, run: pip install --upgrade pip
#7 DONE 4.1s

#8 exporting to image
#8 exporting layers 0.1s done
#8 writing image sha256:a00ae88759270166e7de1712956cfbc50fa2f4b92f8a811cad31c35e0c4d7484 done
#8 naming to docker.io/library/test-image-1e7e3c1da32d00f8ce0dff6b86fd45fe done
#8 DONE 0.2s

View build details: docker-desktop://dashboard/build/default/default/rsr06t9ic9vnrciehvctyiaqw
[2025-10-29 12:53:57] SUCCESS: Build completed for 1e7e3c1da32d00f8ce0dff6b86fd45fe
