=== Docker Build Log for 4732790 ===
Started at: Mi 29. Okt 14:59:43 CET 2025

[2025-10-29 14:59:43] START: Building image for 4732790
#0 building with "default" instance using docker driver

#1 [internal] load build definition from Dockerfile
#1 transferring dockerfile: 163B done
#1 DONE 0.0s

#2 [internal] load metadata for docker.io/library/python:3.11
#2 DONE 0.0s

#3 [internal] load .dockerignore
#3 transferring context: 2B done
#3 DONE 0.0s

#4 [internal] load build context
#4 transferring context: 2.84kB 0.0s done
#4 DONE 0.0s

#5 [1/3] FROM docker.io/library/python:3.11
#5 CACHED

#6 [2/3] COPY hard-gists/4732790/snippet.py /snippet.py
#6 DONE 0.1s

#7 [3/3] RUN ["pip","install","PySide"]
#7 2.125 Collecting PySide
#7 2.158   Downloading PySide-1.2.4.tar.gz (9.3 MB)
#7 2.566      ━━━━━━━━━━━━━━━━━━━━━━━━━━━━━━━━━━━━━━━━ 9.3/9.3 MB 22.8 MB/s eta 0:00:00
#7 2.987   Preparing metadata (setup.py): started
#7 3.510   Preparing metadata (setup.py): finished with status 'error'
#7 3.513   error: subprocess-exited-with-error
#7 3.513   
#7 3.513   × python setup.py egg_info did not run successfully.
#7 3.513   │ exit code: 1
#7 3.513   ╰─> [1 lines of output]
#7 3.513       only these python versions are supported: [(2, 6), (2, 7), (3, 2), (3, 3), (3, 4)]
#7 3.513       [end of output]
#7 3.513   
#7 3.513   note: This error originates from a subprocess, and is likely not a problem with pip.
#7 3.515 error: metadata-generation-failed
#7 3.515 
#7 3.515 × Encountered error while generating package metadata.
#7 3.515 ╰─> See above for output.
#7 3.515 
#7 3.515 note: This is an issue with the package mentioned above, not pip.
#7 3.515 hint: See above for details.
#7 3.608 
#7 3.608 [notice] A new release of pip is available: 24.0 -> 25.3
#7 3.608 [notice] To update, run: pip install --upgrade pip
#7 ERROR: process "pip install PySide" did not complete successfully: exit code: 1
------
 > [3/3] RUN ["pip","install","PySide"]:
3.515 error: metadata-generation-failed
3.515 
3.515 × Encountered error while generating package metadata.
3.515 ╰─> See above for output.
3.515 
3.515 note: This is an issue with the package mentioned above, not pip.
3.515 hint: See above for details.
3.608 
3.608 [notice] A new release of pip is available: 24.0 -> 25.3
3.608 [notice] To update, run: pip install --upgrade pip
------
Dockerfile:3
--------------------
   1 |     FROM python:3.11
   2 |     COPY hard-gists/4732790/snippet.py /snippet.py
   3 | >>> RUN ["pip","install","PySide"]
   4 |     CMD ["python3","/snippet.py"]
   5 |     
--------------------
ERROR: failed to build: failed to solve: process "pip install PySide" did not complete successfully: exit code: 1

View build details: docker-desktop://dashboard/build/default/default/rsodsqakvxyli2pwqkxe7mz6e
[2025-10-29 14:59:48] ERROR: Build failed for 4732790
