=== Docker Build Log for 880901 ===
Started at: Mi 29. Okt 17:57:55 CET 2025

[2025-10-29 17:57:55] START: Building image for 880901
#0 building with "default" instance using docker driver

#1 [internal] load build definition from Dockerfile
#1 transferring dockerfile: 131B done
#1 DONE 0.0s

#2 [internal] load metadata for docker.io/library/python:3.11
#2 DONE 0.0s

#3 [internal] load .dockerignore
#3 transferring context: 2B done
#3 DONE 0.0s

#4 [internal] load build context
#4 transferring context: 1.12kB 0.0s done
#4 DONE 0.0s

#5 [1/2] FROM docker.io/library/python:3.11
#5 CACHED

#6 [2/2] COPY hard-gists/880901/snippet.py /snippet.py
#6 DONE 0.1s

#7 exporting to image
#7 exporting layers 0.0s done
#7 writing image sha256:2fb98a600dbf3ee2a2ffcc25cf1895526e3a88c9b87127a459ee91d4785e9c6f done
#7 naming to docker.io/library/test-image-880901 done
#7 DONE 0.1s

View build details: docker-desktop://dashboard/build/default/default/dys2cfu1z9ravqstfegg3aak8
[2025-10-29 17:57:55] SUCCESS: Build completed for 880901
