=== Docker Build Log for 7653403 ===
Started at: Mi 29. Okt 17:14:16 CET 2025

[2025-10-29 17:14:16] START: Building image for 7653403
#0 building with "default" instance using docker driver

#1 [internal] load build definition from Dockerfile
#1 transferring dockerfile: 163B done
#1 DONE 0.0s

#2 [internal] load metadata for docker.io/library/python:3.11
#2 DONE 0.0s

#3 [internal] load .dockerignore
#3 transferring context: 2B done
#3 DONE 0.0s

#4 [internal] load build context
#4 transferring context: 3.07kB 0.0s done
#4 DONE 0.0s

#5 [1/3] FROM docker.io/library/python:3.11
#5 CACHED

#6 [2/3] COPY hard-gists/7653403/snippet.py /snippet.py
#6 DONE 0.1s

#7 [3/3] RUN ["pip","install","PyYAML"]
#7 2.026 Collecting PyYAML
#7 2.066   Downloading pyyaml-6.0.3-cp311-cp311-manylinux2014_x86_64.manylinux_2_17_x86_64.manylinux_2_28_x86_64.whl.metadata (2.4 kB)
#7 2.087 Downloading pyyaml-6.0.3-cp311-cp311-manylinux2014_x86_64.manylinux_2_17_x86_64.manylinux_2_28_x86_64.whl (806 kB)
#7 2.153    ━━━━━━━━━━━━━━━━━━━━━━━━━━━━━━━━━━━━━━━━ 806.6/806.6 kB 12.7 MB/s eta 0:00:00
#7 2.189 Installing collected packages: PyYAML
#7 2.241 Successfully installed PyYAML-6.0.3
#7 2.241 WARNING: Running pip as the 'root' user can result in broken permissions and conflicting behaviour with the system package manager. It is recommended to use a virtual environment instead: https://pip.pypa.io/warnings/venv
#7 2.337 
#7 2.337 [notice] A new release of pip is available: 24.0 -> 25.3
#7 2.337 [notice] To update, run: pip install --upgrade pip
#7 DONE 2.5s

#8 exporting to image
#8 exporting layers 0.1s done
#8 writing image sha256:92d2eb2340f7bc686581419eb960596954086e16b234e05aa863434b5a907ca5 done
#8 naming to docker.io/library/test-image-7653403 done
#8 DONE 0.2s

View build details: docker-desktop://dashboard/build/default/default/ikdxltmfzhj6h8e8v139yzbm5
[2025-10-29 17:14:19] SUCCESS: Build completed for 7653403
