=== Docker Build Log for 00a17b1d374dfc267a9a ===
Started at: Mi 29. Okt 11:18:20 CET 2025

[2025-10-29 11:18:20] START: Building image for 00a17b1d374dfc267a9a
#0 building with "default" instance using docker driver

#1 [internal] load build definition from Dockerfile
#1 transferring dockerfile: 145B done
#1 DONE 0.0s

#2 [internal] load metadata for docker.io/library/python:3.11
#2 DONE 0.0s

#3 [internal] load .dockerignore
#3 transferring context: 2B done
#3 DONE 0.0s

#4 [internal] load build context
#4 transferring context: 10.10kB 0.0s done
#4 DONE 0.0s

#5 [1/2] FROM docker.io/library/python:3.11
#5 CACHED

#6 [2/2] COPY hard-gists/00a17b1d374dfc267a9a/snippet.py /snippet.py
#6 DONE 0.0s

#7 exporting to image
#7 exporting layers done
#7 writing image sha256:cbb1a46fcdc24105c243bd88414ab9891ef490ad9554a5637274c525fff61fff done
#7 naming to docker.io/library/test-image-00a17b1d374dfc267a9a done
#7 DONE 0.0s

View build details: docker-desktop://dashboard/build/default/default/cf62hlvsyxhhmu647o7qm930x
[2025-10-29 11:18:20] SUCCESS: Build completed for 00a17b1d374dfc267a9a
