=== Docker Build Log for 8e7ab6fe8ad6d903aa0c ===
Started at: Mi 29. Okt 18:12:06 CET 2025

[2025-10-29 18:12:06] START: Building image for 8e7ab6fe8ad6d903aa0c
#0 building with "default" instance using docker driver

#1 [internal] load build definition from Dockerfile
#1 transferring dockerfile: 245B done
#1 DONE 0.0s

#2 [internal] load metadata for docker.io/library/python:3.11
#2 DONE 0.0s

#3 [internal] load .dockerignore
#3 transferring context: 2B done
#3 DONE 0.0s

#4 [internal] load build context
#4 transferring context: 1.42kB 0.0s done
#4 DONE 0.0s

#5 [1/5] FROM docker.io/library/python:3.11
#5 CACHED

#6 [2/5] COPY hard-gists/8e7ab6fe8ad6d903aa0c/snippet.py /snippet.py
#6 DONE 0.1s

#7 [3/5] RUN ["pip","install","syn"]
#7 2.190 Collecting syn
#7 2.360   Downloading syn-0.0.14-py2.py3-none-any.whl.metadata (1.6 kB)
#7 2.416 Collecting Jinja2 (from syn)
#7 2.425   Downloading jinja2-3.1.6-py3-none-any.whl.metadata (2.9 kB)
#7 2.493 Collecting PyYAML (from syn)
#7 2.501   Downloading pyyaml-6.0.3-cp311-cp311-manylinux2014_x86_64.manylinux_2_17_x86_64.manylinux_2_28_x86_64.whl.metadata (2.4 kB)
#7 2.537 Collecting six (from syn)
#7 2.547   Downloading six-1.17.0-py2.py3-none-any.whl.metadata (1.7 kB)
#7 2.622 Collecting MarkupSafe>=2.0 (from Jinja2->syn)
#7 2.631   Downloading markupsafe-3.0.3-cp311-cp311-manylinux2014_x86_64.manylinux_2_17_x86_64.manylinux_2_28_x86_64.whl.metadata (2.7 kB)
#7 2.749 Downloading syn-0.0.14-py2.py3-none-any.whl (150 kB)
#7 2.796    ━━━━━━━━━━━━━━━━━━━━━━━━━━━━━━━━━━━━━━━━ 150.0/150.0 kB 3.2 MB/s eta 0:00:00
#7 2.805 Downloading jinja2-3.1.6-py3-none-any.whl (134 kB)
#7 2.822    ━━━━━━━━━━━━━━━━━━━━━━━━━━━━━━━━━━━━━━━━ 134.9/134.9 kB 8.4 MB/s eta 0:00:00
#7 2.830 Downloading pyyaml-6.0.3-cp311-cp311-manylinux2014_x86_64.manylinux_2_17_x86_64.manylinux_2_28_x86_64.whl (806 kB)
#7 2.865    ━━━━━━━━━━━━━━━━━━━━━━━━━━━━━━━━━━━━━━━━ 806.6/806.6 kB 23.8 MB/s eta 0:00:00
#7 2.873 Downloading six-1.17.0-py2.py3-none-any.whl (11 kB)
#7 2.892 Downloading markupsafe-3.0.3-cp311-cp311-manylinux2014_x86_64.manylinux_2_17_x86_64.manylinux_2_28_x86_64.whl (22 kB)
#7 2.942 Installing collected packages: six, PyYAML, MarkupSafe, Jinja2, syn
#7 3.218 Successfully installed Jinja2-3.1.6 MarkupSafe-3.0.3 PyYAML-6.0.3 six-1.17.0 syn-0.0.14
#7 3.219 WARNING: Running pip as the 'root' user can result in broken permissions and conflicting behaviour with the system package manager. It is recommended to use a virtual environment instead: https://pip.pypa.io/warnings/venv
#7 3.315 
#7 3.315 [notice] A new release of pip is available: 24.0 -> 25.3
#7 3.315 [notice] To update, run: pip install --upgrade pip
#7 DONE 3.5s

#8 [4/5] RUN ["pip","install","synapse"]
#8 0.824 Collecting synapse
#8 0.956   Downloading synapse-2.226.0-py311-none-any.whl.metadata (4.6 kB)
#8 1.033 Collecting pyOpenSSL<24.3.0,>=24.0.0 (from synapse)
#8 1.041   Downloading pyOpenSSL-24.2.1-py3-none-any.whl.metadata (13 kB)
#8 1.265 Collecting cryptography<44.0.0,>=43.0.1 (from synapse)
#8 1.274   Downloading cryptography-43.0.3-cp39-abi3-manylinux_2_28_x86_64.whl.metadata (5.4 kB)
#8 1.367 Collecting msgpack<1.2.0,>=1.0.5 (from synapse)
#8 1.376   Downloading msgpack-1.1.2-cp311-cp311-manylinux2014_x86_64.manylinux_2_17_x86_64.manylinux_2_28_x86_64.whl.metadata (8.1 kB)
#8 1.495 Collecting xxhash<3.6.0,>=1.4.4 (from synapse)
#8 1.504   Downloading xxhash-3.5.0-cp311-cp311-manylinux_2_17_x86_64.manylinux2014_x86_64.whl.metadata (12 kB)
#8 1.577 Collecting lmdb<1.8.0,>=1.7.0 (from synapse)
#8 1.586   Downloading lmdb-1.7.5-cp311-cp311-manylinux2014_x86_64.manylinux_2_17_x86_64.manylinux_2_28_x86_64.whl.metadata (1.4 kB)
#8 1.644 Collecting tornado<7.0.0,>=6.2.0 (from synapse)
#8 1.653   Downloading tornado-6.5.2-cp39-abi3-manylinux_2_5_x86_64.manylinux1_x86_64.manylinux_2_17_x86_64.manylinux2014_x86_64.whl.metadata (2.8 kB)
#8 2.020 Collecting regex>=2022.9.11 (from synapse)
#8 2.030   Downloading regex-2025.10.23-cp311-cp311-manylinux2014_x86_64.manylinux_2_17_x86_64.manylinux_2_28_x86_64.whl.metadata (40 kB)
#8 2.053      ━━━━━━━━━━━━━━━━━━━━━━━━━━━━━━━━━━━━━━━━ 40.5/40.5 kB 1.4 MB/s eta 0:00:00
#8 2.057 Requirement already satisfied: PyYAML<6.1.0,>=5.4 in /usr/local/lib/python3.11/site-packages (from synapse) (6.0.3)
#8 2.556 Collecting aiohttp<4.0,>=3.10.0 (from synapse)
#8 2.565   Downloading aiohttp-3.13.2-cp311-cp311-manylinux2014_x86_64.manylinux_2_17_x86_64.manylinux_2_28_x86_64.whl.metadata (8.1 kB)
#8 2.624 Collecting aiohttp-socks<0.11.0,>=0.9.0 (from synapse)
#8 2.636   Downloading aiohttp_socks-0.10.1-py3-none-any.whl.metadata (3.5 kB)
#8 2.677 Collecting aiosmtplib<3.1.0,>=3.0.0 (from synapse)
#8 2.687   Downloading aiosmtplib-3.0.2-py3-none-any.whl.metadata (3.6 kB)
#8 2.745 Collecting prompt_toolkit<3.1.0,>=3.0.29 (from synapse)
#8 2.754   Downloading prompt_toolkit-3.0.52-py3-none-any.whl.metadata (6.4 kB)
#8 2.791 Collecting lark==1.2.2 (from synapse)
#8 2.801   Downloading lark-1.2.2-py3-none-any.whl.metadata (1.8 kB)
#8 2.860 Collecting Pygments<2.20.0,>=2.7.4 (from synapse)
#8 2.871   Downloading pygments-2.19.2-py3-none-any.whl.metadata (2.5 kB)
#8 2.916 Collecting packaging<25.0,>=20.0 (from synapse)
#8 2.923   Downloading packaging-24.2-py3-none-any.whl.metadata (3.2 kB)
#8 2.959 Collecting fastjsonschema<2.22.0,>=2.20.0 (from synapse)
#8 2.966   Downloading fastjsonschema-2.21.2-py3-none-any.whl.metadata (2.3 kB)
#8 3.002 Collecting stix2-validator<4.0.0,>=3.2.0 (from synapse)
#8 3.105   Downloading stix2_validator-3.2.0-py2.py3-none-any.whl.metadata (10 kB)
#8 3.164 Collecting vcrpy<5.2.0,>=4.3.1 (from synapse)
#8 3.268   Downloading vcrpy-5.1.0-py2.py3-none-any.whl.metadata (4.0 kB)
#8 3.311 Collecting base58<2.2.0,>=2.1.0 (from synapse)
#8 3.332   Downloading base58-2.1.1-py3-none-any.whl.metadata (3.1 kB)
#8 3.368 Collecting python-bitcoinlib<0.13.0,>=0.11.0 (from synapse)
#8 3.378   Downloading python_bitcoinlib-0.12.2-py3-none-any.whl.metadata (4.4 kB)
#8 3.484 Collecting pycryptodome<3.24.0,>=3.11.0 (from synapse)
#8 3.493   Downloading pycryptodome-3.23.0-cp37-abi3-manylinux_2_17_x86_64.manylinux2014_x86_64.whl.metadata (3.4 kB)
#8 3.535 Collecting typing-extensions<5.0.0,>=3.7.4 (from synapse)
#8 3.543   Downloading typing_extensions-4.15.0-py3-none-any.whl.metadata (3.3 kB)
#8 3.745 Collecting scalecodec<1.3.0,>=1.0.2 (from synapse)
#8 3.756   Downloading scalecodec-1.2.12-py3-none-any.whl.metadata (17 kB)
#8 3.821 Collecting cbor2<5.7.0,>=5.4.1 (from synapse)
#8 3.831   Downloading cbor2-5.6.5-cp311-cp311-manylinux_2_17_x86_64.manylinux2014_x86_64.whl.metadata (6.0 kB)
#8 3.923 Collecting bech32==1.2.0 (from synapse)
#8 3.933   Downloading bech32-1.2.0-py3-none-any.whl.metadata (1.1 kB)
#8 3.970 Collecting oauthlib<4.0.0,>=3.2.1 (from synapse)
#8 3.978   Downloading oauthlib-3.3.1-py3-none-any.whl.metadata (7.9 kB)
#8 4.017 Collecting idna<3.11,>=3.6 (from synapse)
#8 4.026   Downloading idna-3.10-py3-none-any.whl.metadata (10 kB)
#8 4.063 Collecting python-dateutil<3.0,>=2.8 (from synapse)
#8 4.072   Downloading python_dateutil-2.9.0.post0-py2.py3-none-any.whl.metadata (8.4 kB)
#8 4.132 Collecting pytz<2025.3,>=2023.3 (from synapse)
#8 4.141   Downloading pytz-2025.2-py2.py3-none-any.whl.metadata (22 kB)
#8 4.182 Collecting beautifulsoup4<5.0,>=4.11.1 (from beautifulsoup4[html5lib]<5.0,>=4.11.1->synapse)
#8 4.191   Downloading beautifulsoup4-4.14.2-py3-none-any.whl.metadata (3.8 kB)
#8 4.321 Collecting vtx-yyjson<5.0.0,>=4.3.0 (from synapse)
#8 4.424   Downloading vtx_yyjson-4.3.0-cp311-cp311-manylinux_2_17_x86_64.manylinux2014_x86_64.whl.metadata (3.1 kB)
#8 4.479 Collecting aiohappyeyeballs>=2.5.0 (from aiohttp<4.0,>=3.10.0->synapse)
#8 4.486   Downloading aiohappyeyeballs-2.6.1-py3-none-any.whl.metadata (5.9 kB)
#8 4.519 Collecting aiosignal>=1.4.0 (from aiohttp<4.0,>=3.10.0->synapse)
#8 4.527   Downloading aiosignal-1.4.0-py3-none-any.whl.metadata (3.7 kB)
#8 4.566 Collecting attrs>=17.3.0 (from aiohttp<4.0,>=3.10.0->synapse)
#8 4.575   Downloading attrs-25.4.0-py3-none-any.whl.metadata (10 kB)
#8 4.660 Collecting frozenlist>=1.1.1 (from aiohttp<4.0,>=3.10.0->synapse)
#8 4.669   Downloading frozenlist-1.8.0-cp311-cp311-manylinux1_x86_64.manylinux_2_28_x86_64.manylinux_2_5_x86_64.whl.metadata (20 kB)
#8 4.899 Collecting multidict<7.0,>=4.5 (from aiohttp<4.0,>=3.10.0->synapse)
#8 4.911   Downloading multidict-6.7.0-cp311-cp311-manylinux2014_x86_64.manylinux_2_17_x86_64.manylinux_2_28_x86_64.whl.metadata (5.3 kB)
#8 4.990 Collecting propcache>=0.2.0 (from aiohttp<4.0,>=3.10.0->synapse)
#8 4.998   Downloading propcache-0.4.1-cp311-cp311-manylinux2014_x86_64.manylinux_2_17_x86_64.manylinux_2_28_x86_64.whl.metadata (13 kB)
#8 5.333 Collecting yarl<2.0,>=1.17.0 (from aiohttp<4.0,>=3.10.0->synapse)
#8 5.343   Downloading yarl-1.22.0-cp311-cp311-manylinux2014_x86_64.manylinux_2_17_x86_64.manylinux_2_28_x86_64.whl.metadata (75 kB)
#8 5.355      ━━━━━━━━━━━━━━━━━━━━━━━━━━━━━━━━━━━━━━━━ 75.1/75.1 kB 5.8 MB/s eta 0:00:00
#8 5.391 Collecting python-socks<3.0.0,>=2.4.3 (from python-socks[asyncio]<3.0.0,>=2.4.3->aiohttp-socks<0.11.0,>=0.9.0->synapse)
#8 5.401   Downloading python_socks-2.7.2-py3-none-any.whl.metadata (8.0 kB)
#8 5.452 Collecting soupsieve>1.2 (from beautifulsoup4<5.0,>=4.11.1->beautifulsoup4[html5lib]<5.0,>=4.11.1->synapse)
#8 5.461   Downloading soupsieve-2.8-py3-none-any.whl.metadata (4.6 kB)
#8 5.503 Collecting html5lib (from beautifulsoup4[html5lib]<5.0,>=4.11.1->synapse)
#8 5.512   Downloading html5lib-1.1-py2.py3-none-any.whl.metadata (16 kB)
#8 5.645 Collecting cffi>=1.12 (from cryptography<44.0.0,>=43.0.1->synapse)
#8 5.653   Downloading cffi-2.0.0-cp311-cp311-manylinux2014_x86_64.manylinux_2_17_x86_64.whl.metadata (2.6 kB)
#8 5.705 Collecting wcwidth (from prompt_toolkit<3.1.0,>=3.0.29->synapse)
#8 5.714   Downloading wcwidth-0.2.14-py2.py3-none-any.whl.metadata (15 kB)
#8 5.750 Requirement already satisfied: six>=1.5 in /usr/local/lib/python3.11/site-packages (from python-dateutil<3.0,>=2.8->synapse) (1.17.0)
#8 5.793 Collecting more-itertools (from scalecodec<1.3.0,>=1.0.2->synapse)
#8 5.801   Downloading more_itertools-10.8.0-py3-none-any.whl.metadata (39 kB)
#8 5.853 Collecting requests>=2.24.0 (from scalecodec<1.3.0,>=1.0.2->synapse)
#8 5.865   Downloading requests-2.32.5-py3-none-any.whl.metadata (4.9 kB)
#8 5.915 Collecting colorama (from stix2-validator<4.0.0,>=3.2.0->synapse)
#8 5.923   Downloading colorama-0.4.6-py2.py3-none-any.whl.metadata (17 kB)
#8 6.052 Collecting cpe (from stix2-validator<4.0.0,>=3.2.0->synapse)
#8 6.063   Downloading cpe-1.3.1.tar.gz (942 kB)
#8 6.106      ━━━━━━━━━━━━━━━━━━━━━━━━━━━━━━━━━━━━━━ 942.2/942.2 kB 23.0 MB/s eta 0:00:00
#8 6.137   Preparing metadata (setup.py): started
#8 6.562   Preparing metadata (setup.py): finished with status 'done'
#8 6.605 Collecting jsonschema>=4.20.0 (from jsonschema[format-nongpl]>=4.20.0->stix2-validator<4.0.0,>=3.2.0->synapse)
#8 6.613   Downloading jsonschema-4.25.1-py3-none-any.whl.metadata (7.6 kB)
#8 6.714 Collecting simplejson (from stix2-validator<4.0.0,>=3.2.0->synapse)
#8 6.723   Downloading simplejson-3.20.2-cp311-cp311-manylinux_2_5_x86_64.manylinux1_x86_64.manylinux_2_17_x86_64.manylinux2014_x86_64.whl.metadata (3.2 kB)
#8 6.855 Collecting stix2-patterns>=0.4.1 (from stix2-validator<4.0.0,>=3.2.0->synapse)
#8 6.871   Downloading stix2_patterns-2.0.0-py2.py3-none-any.whl.metadata (8.3 kB)
#8 7.101 Collecting wrapt (from vcrpy<5.2.0,>=4.3.1->synapse)
#8 7.111   Downloading wrapt-2.0.0-cp311-cp311-manylinux1_x86_64.manylinux_2_28_x86_64.manylinux_2_5_x86_64.whl.metadata (8.8 kB)
#8 7.184 Collecting pycparser (from cffi>=1.12->cryptography<44.0.0,>=43.0.1->synapse)
#8 7.192   Downloading pycparser-2.23-py3-none-any.whl.metadata (993 bytes)
#8 7.249 Collecting jsonschema-specifications>=2023.03.6 (from jsonschema>=4.20.0->jsonschema[format-nongpl]>=4.20.0->stix2-validator<4.0.0,>=3.2.0->synapse)
#8 7.257   Downloading jsonschema_specifications-2025.9.1-py3-none-any.whl.metadata (2.9 kB)
#8 7.333 Collecting referencing>=0.28.4 (from jsonschema>=4.20.0->jsonschema[format-nongpl]>=4.20.0->stix2-validator<4.0.0,>=3.2.0->synapse)
#8 7.341   Downloading referencing-0.37.0-py3-none-any.whl.metadata (2.8 kB)
#8 7.603 Collecting rpds-py>=0.7.1 (from jsonschema>=4.20.0->jsonschema[format-nongpl]>=4.20.0->stix2-validator<4.0.0,>=3.2.0->synapse)
#8 7.611   Downloading rpds_py-0.28.0-cp311-cp311-manylinux_2_17_x86_64.manylinux2014_x86_64.whl.metadata (4.1 kB)
#8 7.665 Collecting fqdn (from jsonschema[format-nongpl]>=4.20.0->stix2-validator<4.0.0,>=3.2.0->synapse)
#8 7.674   Downloading fqdn-1.5.1-py3-none-any.whl.metadata (1.4 kB)
#8 7.709 Collecting isoduration (from jsonschema[format-nongpl]>=4.20.0->stix2-validator<4.0.0,>=3.2.0->synapse)
#8 7.717   Downloading isoduration-20.11.0-py3-none-any.whl.metadata (5.7 kB)
#8 7.776 Collecting jsonpointer>1.13 (from jsonschema[format-nongpl]>=4.20.0->stix2-validator<4.0.0,>=3.2.0->synapse)
#8 7.787   Downloading jsonpointer-3.0.0-py2.py3-none-any.whl.metadata (2.3 kB)
#8 7.838 Collecting rfc3339-validator (from jsonschema[format-nongpl]>=4.20.0->stix2-validator<4.0.0,>=3.2.0->synapse)
#8 7.846   Downloading rfc3339_validator-0.1.4-py2.py3-none-any.whl.metadata (1.5 kB)
#8 7.889 Collecting rfc3986-validator>0.1.0 (from jsonschema[format-nongpl]>=4.20.0->stix2-validator<4.0.0,>=3.2.0->synapse)
#8 7.896   Downloading rfc3986_validator-0.1.1-py2.py3-none-any.whl.metadata (1.7 kB)
#8 7.941 Collecting rfc3987-syntax>=1.1.0 (from jsonschema[format-nongpl]>=4.20.0->stix2-validator<4.0.0,>=3.2.0->synapse)
#8 7.949   Downloading rfc3987_syntax-1.1.0-py3-none-any.whl.metadata (7.7 kB)
#8 7.987 Collecting uri-template (from jsonschema[format-nongpl]>=4.20.0->stix2-validator<4.0.0,>=3.2.0->synapse)
#8 7.997   Downloading uri_template-1.3.0-py3-none-any.whl.metadata (8.8 kB)
#8 8.039 Collecting webcolors>=24.6.0 (from jsonschema[format-nongpl]>=4.20.0->stix2-validator<4.0.0,>=3.2.0->synapse)
#8 8.047   Downloading webcolors-24.11.1-py3-none-any.whl.metadata (2.2 kB)
#8 8.182 Collecting charset_normalizer<4,>=2 (from requests>=2.24.0->scalecodec<1.3.0,>=1.0.2->synapse)
#8 8.190   Downloading charset_normalizer-3.4.4-cp311-cp311-manylinux2014_x86_64.manylinux_2_17_x86_64.manylinux_2_28_x86_64.whl.metadata (37 kB)
#8 8.259 Collecting urllib3<3,>=1.21.1 (from requests>=2.24.0->scalecodec<1.3.0,>=1.0.2->synapse)
#8 8.267   Downloading urllib3-2.5.0-py3-none-any.whl.metadata (6.5 kB)
#8 8.312 Collecting certifi>=2017.4.17 (from requests>=2.24.0->scalecodec<1.3.0,>=1.0.2->synapse)
#8 8.321   Downloading certifi-2025.10.5-py3-none-any.whl.metadata (2.5 kB)
#8 8.379 Collecting antlr4-python3-runtime~=4.9.0 (from stix2-patterns>=0.4.1->stix2-validator<4.0.0,>=3.2.0->synapse)
#8 8.387   Downloading antlr4-python3-runtime-4.9.3.tar.gz (117 kB)
#8 8.401      ━━━━━━━━━━━━━━━━━━━━━━━━━━━━━━━━━━━━━━━ 117.0/117.0 kB 8.6 MB/s eta 0:00:00
#8 8.415   Preparing metadata (setup.py): started
#8 8.528   Preparing metadata (setup.py): finished with status 'done'
#8 8.591 Collecting webencodings (from html5lib->beautifulsoup4[html5lib]<5.0,>=4.11.1->synapse)
#8 8.600   Downloading webencodings-0.5.1-py2.py3-none-any.whl.metadata (2.1 kB)
#8 8.788 Collecting arrow>=0.15.0 (from isoduration->jsonschema[format-nongpl]>=4.20.0->stix2-validator<4.0.0,>=3.2.0->synapse)
#8 8.797   Downloading arrow-1.4.0-py3-none-any.whl.metadata (7.7 kB)
#8 8.893 Collecting tzdata (from arrow>=0.15.0->isoduration->jsonschema[format-nongpl]>=4.20.0->stix2-validator<4.0.0,>=3.2.0->synapse)
#8 8.903   Downloading tzdata-2025.2-py2.py3-none-any.whl.metadata (1.4 kB)
#8 9.127 Downloading synapse-2.226.0-py311-none-any.whl (3.7 MB)
#8 9.434    ━━━━━━━━━━━━━━━━━━━━━━━━━━━━━━━━━━━━━━━━ 3.7/3.7 MB 12.6 MB/s eta 0:00:00
#8 9.446 Downloading bech32-1.2.0-py3-none-any.whl (4.6 kB)
#8 9.464 Downloading lark-1.2.2-py3-none-any.whl (111 kB)
#8 9.477    ━━━━━━━━━━━━━━━━━━━━━━━━━━━━━━━━━━━━━━━━ 111.0/111.0 kB 8.8 MB/s eta 0:00:00
#8 9.487 Downloading aiohttp-3.13.2-cp311-cp311-manylinux2014_x86_64.manylinux_2_17_x86_64.manylinux_2_28_x86_64.whl (1.7 MB)
#8 9.572    ━━━━━━━━━━━━━━━━━━━━━━━━━━━━━━━━━━━━━━━━ 1.7/1.7 MB 21.0 MB/s eta 0:00:00
#8 9.580 Downloading aiohttp_socks-0.10.1-py3-none-any.whl (10 kB)
#8 9.601 Downloading aiosmtplib-3.0.2-py3-none-any.whl (27 kB)
#8 9.619 Downloading base58-2.1.1-py3-none-any.whl (5.6 kB)
#8 9.637 Downloading beautifulsoup4-4.14.2-py3-none-any.whl (106 kB)
#8 9.650    ━━━━━━━━━━━━━━━━━━━━━━━━━━━━━━━━━━━━━━━━ 106.4/106.4 kB 8.1 MB/s eta 0:00:00
#8 9.761 Downloading cbor2-5.6.5-cp311-cp311-manylinux_2_17_x86_64.manylinux2014_x86_64.whl (249 kB)
#8 9.779    ━━━━━━━━━━━━━━━━━━━━━━━━━━━━━━━━━━━━━━━━ 249.2/249.2 kB 14.6 MB/s eta 0:00:00
#8 9.789 Downloading cryptography-43.0.3-cp39-abi3-manylinux_2_28_x86_64.whl (4.0 MB)
#8 9.952    ━━━━━━━━━━━━━━━━━━━━━━━━━━━━━━━━━━━━━━━━ 4.0/4.0 MB 24.6 MB/s eta 0:00:00
#8 9.960 Downloading fastjsonschema-2.21.2-py3-none-any.whl (24 kB)
#8 9.980 Downloading idna-3.10-py3-none-any.whl (70 kB)
#8 9.991    ━━━━━━━━━━━━━━━━━━━━━━━━━━━━━━━━━━━━━━━━ 70.4/70.4 kB 6.3 MB/s eta 0:00:00
#8 10.00 Downloading lmdb-1.7.5-cp311-cp311-manylinux2014_x86_64.manylinux_2_17_x86_64.manylinux_2_28_x86_64.whl (295 kB)
#8 10.02    ━━━━━━━━━━━━━━━━━━━━━━━━━━━━━━━━━━━━━━━━ 295.1/295.1 kB 15.9 MB/s eta 0:00:00
#8 10.03 Downloading msgpack-1.1.2-cp311-cp311-manylinux2014_x86_64.manylinux_2_17_x86_64.manylinux_2_28_x86_64.whl (426 kB)
#8 10.06    ━━━━━━━━━━━━━━━━━━━━━━━━━━━━━━━━━━━━━━━━ 426.2/426.2 kB 15.9 MB/s eta 0:00:00
#8 10.06 Downloading oauthlib-3.3.1-py3-none-any.whl (160 kB)
#8 10.08    ━━━━━━━━━━━━━━━━━━━━━━━━━━━━━━━━━━━━━━━━ 160.1/160.1 kB 8.8 MB/s eta 0:00:00
#8 10.09 Downloading packaging-24.2-py3-none-any.whl (65 kB)
#8 10.11    ━━━━━━━━━━━━━━━━━━━━━━━━━━━━━━━━━━━━━━━━ 65.5/65.5 kB 5.1 MB/s eta 0:00:00
#8 10.11 Downloading prompt_toolkit-3.0.52-py3-none-any.whl (391 kB)
#8 10.14    ━━━━━━━━━━━━━━━━━━━━━━━━━━━━━━━━━━━━━━━━ 391.4/391.4 kB 19.9 MB/s eta 0:00:00
#8 10.15 Downloading pycryptodome-3.23.0-cp37-abi3-manylinux_2_17_x86_64.manylinux2014_x86_64.whl (2.3 MB)
#8 10.26    ━━━━━━━━━━━━━━━━━━━━━━━━━━━━━━━━━━━━━━━━ 2.3/2.3 MB 20.9 MB/s eta 0:00:00
#8 10.27 Downloading pygments-2.19.2-py3-none-any.whl (1.2 MB)
#8 10.32    ━━━━━━━━━━━━━━━━━━━━━━━━━━━━━━━━━━━━━━━━ 1.2/1.2 MB 22.9 MB/s eta 0:00:00
#8 10.33 Downloading pyOpenSSL-24.2.1-py3-none-any.whl (58 kB)
#8 10.34    ━━━━━━━━━━━━━━━━━━━━━━━━━━━━━━━━━━━━━━━━ 58.4/58.4 kB 4.5 MB/s eta 0:00:00
#8 10.45 Downloading python_bitcoinlib-0.12.2-py3-none-any.whl (106 kB)
#8 10.46    ━━━━━━━━━━━━━━━━━━━━━━━━━━━━━━━━━━━━━━━━ 107.0/107.0 kB 7.8 MB/s eta 0:00:00
#8 10.47 Downloading python_dateutil-2.9.0.post0-py2.py3-none-any.whl (229 kB)
#8 10.49    ━━━━━━━━━━━━━━━━━━━━━━━━━━━━━━━━━━━━━━━━ 229.9/229.9 kB 13.0 MB/s eta 0:00:00
#8 10.50 Downloading pytz-2025.2-py2.py3-none-any.whl (509 kB)
#8 10.52    ━━━━━━━━━━━━━━━━━━━━━━━━━━━━━━━━━━━━━━━━ 509.2/509.2 kB 20.4 MB/s eta 0:00:00
#8 10.53 Downloading regex-2025.10.23-cp311-cp311-manylinux2014_x86_64.manylinux_2_17_x86_64.manylinux_2_28_x86_64.whl (800 kB)
#8 10.57    ━━━━━━━━━━━━━━━━━━━━━━━━━━━━━━━━━━━━━━━━ 800.3/800.3 kB 23.0 MB/s eta 0:00:00
#8 10.58 Downloading scalecodec-1.2.12-py3-none-any.whl (99 kB)
#8 10.60    ━━━━━━━━━━━━━━━━━━━━━━━━━━━━━━━━━━━━━━━━ 99.2/99.2 kB 6.3 MB/s eta 0:00:00
#8 10.61 Downloading stix2_validator-3.2.0-py2.py3-none-any.whl (965 kB)
#8 10.65    ━━━━━━━━━━━━━━━━━━━━━━━━━━━━━━━━━━━━━━━━ 965.7/965.7 kB 21.4 MB/s eta 0:00:00
#8 10.66 Downloading tornado-6.5.2-cp39-abi3-manylinux_2_5_x86_64.manylinux1_x86_64.manylinux_2_17_x86_64.manylinux2014_x86_64.whl (443 kB)
#8 10.69    ━━━━━━━━━━━━━━━━━━━━━━━━━━━━━━━━━━━━━━━━ 443.9/443.9 kB 17.5 MB/s eta 0:00:00
#8 10.70 Downloading typing_extensions-4.15.0-py3-none-any.whl (44 kB)
#8 10.71    ━━━━━━━━━━━━━━━━━━━━━━━━━━━━━━━━━━━━━━━━ 44.6/44.6 kB 3.8 MB/s eta 0:00:00
#8 10.72 Downloading vcrpy-5.1.0-py2.py3-none-any.whl (41 kB)
#8 10.73    ━━━━━━━━━━━━━━━━━━━━━━━━━━━━━━━━━━━━━━━━ 42.0/42.0 kB 3.5 MB/s eta 0:00:00
#8 10.93 Downloading vtx_yyjson-4.3.0-cp311-cp311-manylinux_2_17_x86_64.manylinux2014_x86_64.whl (685 kB)
#8 10.97    ━━━━━━━━━━━━━━━━━━━━━━━━━━━━━━━━━━━━━━━━ 685.7/685.7 kB 20.9 MB/s eta 0:00:00
#8 10.98 Downloading xxhash-3.5.0-cp311-cp311-manylinux_2_17_x86_64.manylinux2014_x86_64.whl (194 kB)
#8 11.00    ━━━━━━━━━━━━━━━━━━━━━━━━━━━━━━━━━━━━━━━━ 194.8/194.8 kB 10.5 MB/s eta 0:00:00
#8 11.01 Downloading aiohappyeyeballs-2.6.1-py3-none-any.whl (15 kB)
#8 11.03 Downloading aiosignal-1.4.0-py3-none-any.whl (7.5 kB)
#8 11.05 Downloading attrs-25.4.0-py3-none-any.whl (67 kB)
#8 11.06    ━━━━━━━━━━━━━━━━━━━━━━━━━━━━━━━━━━━━━━━━ 67.6/67.6 kB 5.5 MB/s eta 0:00:00
#8 11.07 Downloading cffi-2.0.0-cp311-cp311-manylinux2014_x86_64.manylinux_2_17_x86_64.whl (215 kB)
#8 11.09    ━━━━━━━━━━━━━━━━━━━━━━━━━━━━━━━━━━━━━━━━ 215.6/215.6 kB 13.4 MB/s eta 0:00:00
#8 11.10 Downloading frozenlist-1.8.0-cp311-cp311-manylinux1_x86_64.manylinux_2_28_x86_64.manylinux_2_5_x86_64.whl (231 kB)
#8 11.12    ━━━━━━━━━━━━━━━━━━━━━━━━━━━━━━━━━━━━━━━━ 231.1/231.1 kB 13.3 MB/s eta 0:00:00
#8 11.13 Downloading jsonschema-4.25.1-py3-none-any.whl (90 kB)
#8 11.15    ━━━━━━━━━━━━━━━━━━━━━━━━━━━━━━━━━━━━━━━━ 90.0/90.0 kB 5.6 MB/s eta 0:00:00
#8 11.16 Downloading multidict-6.7.0-cp311-cp311-manylinux2014_x86_64.manylinux_2_17_x86_64.manylinux_2_28_x86_64.whl (246 kB)
#8 11.18    ━━━━━━━━━━━━━━━━━━━━━━━━━━━━━━━━━━━━━━━━ 246.7/246.7 kB 14.7 MB/s eta 0:00:00
#8 11.19 Downloading propcache-0.4.1-cp311-cp311-manylinux2014_x86_64.manylinux_2_17_x86_64.manylinux_2_28_x86_64.whl (210 kB)
#8 11.21    ━━━━━━━━━━━━━━━━━━━━━━━━━━━━━━━━━━━━━━━━ 210.0/210.0 kB 13.1 MB/s eta 0:00:00
#8 11.22 Downloading python_socks-2.7.2-py3-none-any.whl (55 kB)
#8 11.23    ━━━━━━━━━━━━━━━━━━━━━━━━━━━━━━━━━━━━━━━━ 55.0/55.0 kB 4.6 MB/s eta 0:00:00
#8 11.24 Downloading requests-2.32.5-py3-none-any.whl (64 kB)
#8 11.25    ━━━━━━━━━━━━━━━━━━━━━━━━━━━━━━━━━━━━━━━━ 64.7/64.7 kB 5.1 MB/s eta 0:00:00
#8 11.26 Downloading soupsieve-2.8-py3-none-any.whl (36 kB)
#8 11.29 Downloading stix2_patterns-2.0.0-py2.py3-none-any.whl (65 kB)
#8 11.30    ━━━━━━━━━━━━━━━━━━━━━━━━━━━━━━━━━━━━━━━━ 65.9/65.9 kB 5.7 MB/s eta 0:00:00
#8 11.32 Downloading yarl-1.22.0-cp311-cp311-manylinux2014_x86_64.manylinux_2_17_x86_64.manylinux_2_28_x86_64.whl (365 kB)
#8 11.34    ━━━━━━━━━━━━━━━━━━━━━━━━━━━━━━━━━━━━━━━━ 365.8/365.8 kB 18.9 MB/s eta 0:00:00
#8 11.36 Downloading colorama-0.4.6-py2.py3-none-any.whl (25 kB)
#8 11.38 Downloading html5lib-1.1-py2.py3-none-any.whl (112 kB)
#8 11.40    ━━━━━━━━━━━━━━━━━━━━━━━━━━━━━━━━━━━━━━━━ 112.2/112.2 kB 8.7 MB/s eta 0:00:00
#8 11.41 Downloading more_itertools-10.8.0-py3-none-any.whl (69 kB)
#8 11.42    ━━━━━━━━━━━━━━━━━━━━━━━━━━━━━━━━━━━━━━━━ 69.7/69.7 kB 6.2 MB/s eta 0:00:00
#8 11.44 Downloading simplejson-3.20.2-cp311-cp311-manylinux_2_5_x86_64.manylinux1_x86_64.manylinux_2_17_x86_64.manylinux2014_x86_64.whl (144 kB)
#8 11.46    ━━━━━━━━━━━━━━━━━━━━━━━━━━━━━━━━━━━━━━━━ 144.9/144.9 kB 7.8 MB/s eta 0:00:00
#8 11.47 Downloading wcwidth-0.2.14-py2.py3-none-any.whl (37 kB)
#8 11.49 Downloading wrapt-2.0.0-cp311-cp311-manylinux1_x86_64.manylinux_2_28_x86_64.manylinux_2_5_x86_64.whl (114 kB)
#8 11.51    ━━━━━━━━━━━━━━━━━━━━━━━━━━━━━━━━━━━━━━━━ 114.1/114.1 kB 8.8 MB/s eta 0:00:00
#8 11.52 Downloading certifi-2025.10.5-py3-none-any.whl (163 kB)
#8 11.54    ━━━━━━━━━━━━━━━━━━━━━━━━━━━━━━━━━━━━━━━━ 163.3/163.3 kB 10.3 MB/s eta 0:00:00
#8 11.56 Downloading charset_normalizer-3.4.4-cp311-cp311-manylinux2014_x86_64.manylinux_2_17_x86_64.manylinux_2_28_x86_64.whl (151 kB)
#8 11.57    ━━━━━━━━━━━━━━━━━━━━━━━━━━━━━━━━━━━━━━━━ 151.6/151.6 kB 9.7 MB/s eta 0:00:00
#8 11.58 Downloading jsonpointer-3.0.0-py2.py3-none-any.whl (7.6 kB)
#8 11.60 Downloading jsonschema_specifications-2025.9.1-py3-none-any.whl (18 kB)
#8 11.62 Downloading referencing-0.37.0-py3-none-any.whl (26 kB)
#8 11.65 Downloading rfc3986_validator-0.1.1-py2.py3-none-any.whl (4.2 kB)
#8 11.67 Downloading rfc3987_syntax-1.1.0-py3-none-any.whl (8.0 kB)
#8 11.69 Downloading rpds_py-0.28.0-cp311-cp311-manylinux_2_17_x86_64.manylinux2014_x86_64.whl (382 kB)
#8 11.71    ━━━━━━━━━━━━━━━━━━━━━━━━━━━━━━━━━━━━━━━━ 382.9/382.9 kB 17.3 MB/s eta 0:00:00
#8 11.74 Downloading urllib3-2.5.0-py3-none-any.whl (129 kB)
#8 11.76    ━━━━━━━━━━━━━━━━━━━━━━━━━━━━━━━━━━━━━━━━ 129.8/129.8 kB 6.8 MB/s eta 0:00:00
#8 11.78 Downloading webcolors-24.11.1-py3-none-any.whl (14 kB)
#8 11.80 Downloading fqdn-1.5.1-py3-none-any.whl (9.1 kB)
#8 11.83 Downloading isoduration-20.11.0-py3-none-any.whl (11 kB)
#8 11.86 Downloading pycparser-2.23-py3-none-any.whl (118 kB)
#8 11.88    ━━━━━━━━━━━━━━━━━━━━━━━━━━━━━━━━━━━━━━━━ 118.1/118.1 kB 7.1 MB/s eta 0:00:00
#8 11.89 Downloading rfc3339_validator-0.1.4-py2.py3-none-any.whl (3.5 kB)
#8 11.91 Downloading uri_template-1.3.0-py3-none-any.whl (11 kB)
#8 11.94 Downloading webencodings-0.5.1-py2.py3-none-any.whl (11 kB)
#8 11.96 Downloading arrow-1.4.0-py3-none-any.whl (68 kB)
#8 11.97    ━━━━━━━━━━━━━━━━━━━━━━━━━━━━━━━━━━━━━━━━ 68.8/68.8 kB 6.3 MB/s eta 0:00:00
#8 11.98 Downloading tzdata-2025.2-py2.py3-none-any.whl (347 kB)
#8 12.01    ━━━━━━━━━━━━━━━━━━━━━━━━━━━━━━━━━━━━━━━━ 347.8/347.8 kB 13.7 MB/s eta 0:00:00
#8 12.09 Building wheels for collected packages: cpe, antlr4-python3-runtime
#8 12.09   Building wheel for cpe (setup.py): started
#8 12.28   Building wheel for cpe (setup.py): finished with status 'done'
#8 12.28   Created wheel for cpe: filename=cpe-1.3.1-py3-none-any.whl size=77903 sha256=5c2d4a0924f7d8ecc091b1af64546275699ced18919d7d3dc79414c314cb2d20
#8 12.28   Stored in directory: /root/.cache/pip/wheels/35/1e/75/6c98374393dceafae7a3b280abc4c9cd84108ec38a9fd21091
#8 12.29   Building wheel for antlr4-python3-runtime (setup.py): started
#8 12.45   Building wheel for antlr4-python3-runtime (setup.py): finished with status 'done'
#8 12.45   Created wheel for antlr4-python3-runtime: filename=antlr4_python3_runtime-4.9.3-py3-none-any.whl size=144590 sha256=81ee11c3906f2ed5e814e0b79d65c7a71ba655c048d6e20289bc85743a62691e
#8 12.45   Stored in directory: /root/.cache/pip/wheels/1a/97/32/461f837398029ad76911109f07047fde1d7b661a147c7c56d1
#8 12.45 Successfully built cpe antlr4-python3-runtime
#8 12.65 Installing collected packages: webencodings, vtx-yyjson, pytz, python-bitcoinlib, lmdb, fastjsonschema, cpe, antlr4-python3-runtime, xxhash, wrapt, webcolors, wcwidth, urllib3, uri-template, tzdata, typing-extensions, tornado, stix2-patterns, soupsieve, simplejson, rpds-py, rfc3986-validator, rfc3339-validator, regex, python-socks, python-dateutil, Pygments, pycryptodome, pycparser, propcache, packaging, oauthlib, multidict, msgpack, more-itertools, lark, jsonpointer, idna, html5lib, frozenlist, fqdn, colorama, charset_normalizer, certifi, cbor2, bech32, base58, attrs, aiosmtplib, aiohappyeyeballs, yarl, rfc3987-syntax, requests, referencing, prompt_toolkit, cffi, beautifulsoup4, arrow, aiosignal, vcrpy, scalecodec, jsonschema-specifications, isoduration, cryptography, aiohttp, pyOpenSSL, jsonschema, aiohttp-socks, stix2-validator, synapse
#8 17.86 Successfully installed Pygments-2.19.2 aiohappyeyeballs-2.6.1 aiohttp-3.13.2 aiohttp-socks-0.10.1 aiosignal-1.4.0 aiosmtplib-3.0.2 antlr4-python3-runtime-4.9.3 arrow-1.4.0 attrs-25.4.0 base58-2.1.1 beautifulsoup4-4.14.2 bech32-1.2.0 cbor2-5.6.5 certifi-2025.10.5 cffi-2.0.0 charset_normalizer-3.4.4 colorama-0.4.6 cpe-1.3.1 cryptography-43.0.3 fastjsonschema-2.21.2 fqdn-1.5.1 frozenlist-1.8.0 html5lib-1.1 idna-3.10 isoduration-20.11.0 jsonpointer-3.0.0 jsonschema-4.25.1 jsonschema-specifications-2025.9.1 lark-1.2.2 lmdb-1.7.5 more-itertools-10.8.0 msgpack-1.1.2 multidict-6.7.0 oauthlib-3.3.1 packaging-24.2 prompt_toolkit-3.0.52 propcache-0.4.1 pyOpenSSL-24.2.1 pycparser-2.23 pycryptodome-3.23.0 python-bitcoinlib-0.12.2 python-dateutil-2.9.0.post0 python-socks-2.7.2 pytz-2025.2 referencing-0.37.0 regex-2025.10.23 requests-2.32.5 rfc3339-validator-0.1.4 rfc3986-validator-0.1.1 rfc3987-syntax-1.1.0 rpds-py-0.28.0 scalecodec-1.2.12 simplejson-3.20.2 soupsieve-2.8 stix2-patterns-2.0.0 stix2-validator-3.2.0 synapse-2.226.0 tornado-6.5.2 typing-extensions-4.15.0 tzdata-2025.2 uri-template-1.3.0 urllib3-2.5.0 vcrpy-5.1.0 vtx-yyjson-4.3.0 wcwidth-0.2.14 webcolors-24.11.1 webencodings-0.5.1 wrapt-2.0.0 xxhash-3.5.0 yarl-1.22.0
#8 17.86 WARNING: Running pip as the 'root' user can result in broken permissions and conflicting behaviour with the system package manager. It is recommended to use a virtual environment instead: https://pip.pypa.io/warnings/venv
#8 17.87 
#8 17.87 [notice] A new release of pip is available: 24.0 -> 25.3
#8 17.87 [notice] To update, run: pip install --upgrade pip
#8 DONE 19.8s

#9 [5/5] RUN ["pip","install","synapseclient"]
#9 0.597 Collecting synapseclient
#9 0.636   Downloading synapseclient-4.10.0-py3-none-any.whl.metadata (19 kB)
#9 0.679 Requirement already satisfied: requests<3.0,>=2.22.0 in /usr/local/lib/python3.11/site-packages (from synapseclient) (2.32.5)
#9 0.754 Collecting urllib3<2,>=1.26.18 (from synapseclient)
#9 0.764   Downloading urllib3-1.26.20-py2.py3-none-any.whl.metadata (50 kB)
#9 0.792      ━━━━━━━━━━━━━━━━━━━━━━━━━━━━━━━━━━━━━━━━ 50.1/50.1 kB 1.5 MB/s eta 0:00:00
#9 0.835 Collecting deprecated<2.0,>=1.2.4 (from synapseclient)
#9 0.843   Downloading deprecated-1.3.0-py2.py3-none-any.whl.metadata (5.9 kB)
#9 0.907 Collecting opentelemetry-api>=1.21.0 (from synapseclient)
#9 0.918   Downloading opentelemetry_api-1.38.0-py3-none-any.whl.metadata (1.5 kB)
#9 0.988 Collecting opentelemetry-sdk>=1.21.0 (from synapseclient)
#9 0.996   Downloading opentelemetry_sdk-1.38.0-py3-none-any.whl.metadata (1.5 kB)
#9 1.049 Collecting opentelemetry-exporter-otlp-proto-http>=1.21.0 (from synapseclient)
#9 1.062   Downloading opentelemetry_exporter_otlp_proto_http-1.38.0-py3-none-any.whl.metadata (2.3 kB)
#9 1.119 Collecting opentelemetry-instrumentation-httpx>=0.48b0 (from synapseclient)
#9 1.128   Downloading opentelemetry_instrumentation_httpx-0.59b0-py3-none-any.whl.metadata (7.3 kB)
#9 1.185 Collecting opentelemetry-instrumentation-requests>=0.48b0 (from synapseclient)
#9 1.194   Downloading opentelemetry_instrumentation_requests-0.59b0-py3-none-any.whl.metadata (2.6 kB)
#9 1.238 Collecting opentelemetry-instrumentation-threading>=0.48b0 (from synapseclient)
#9 1.248   Downloading opentelemetry_instrumentation_threading-0.59b0-py3-none-any.whl.metadata (2.1 kB)
#9 1.298 Collecting opentelemetry-instrumentation-urllib>=0.48b0 (from synapseclient)
#9 1.307   Downloading opentelemetry_instrumentation_urllib-0.59b0-py3-none-any.whl.metadata (3.4 kB)
#9 1.362 Collecting nest-asyncio~=1.6.0 (from synapseclient)
#9 1.371   Downloading nest_asyncio-1.6.0-py3-none-any.whl.metadata (2.8 kB)
#9 1.410 Collecting asyncio-atexit~=1.0.1 (from synapseclient)
#9 1.419   Downloading asyncio_atexit-1.0.1-py3-none-any.whl.metadata (1.5 kB)
#9 1.479 Collecting httpx>=0.27.0 (from synapseclient)
#9 1.487   Downloading httpx-0.28.1-py3-none-any.whl.metadata (7.1 kB)
#9 1.540 Collecting httpcore>=1.0.9 (from synapseclient)
#9 1.549   Downloading httpcore-1.0.9-py3-none-any.whl.metadata (21 kB)
#9 1.621 Collecting tqdm<5.0,>=4.66.2 (from synapseclient)
#9 1.630   Downloading tqdm-4.67.1-py3-none-any.whl.metadata (57 kB)
#9 1.647      ━━━━━━━━━━━━━━━━━━━━━━━━━━━━━━━━━━━━━━━━ 57.7/57.7 kB 3.0 MB/s eta 0:00:00
#9 1.676 Collecting async-lru~=2.0.4 (from synapseclient)
#9 1.686   Downloading async_lru-2.0.5-py3-none-any.whl.metadata (4.5 kB)
#9 1.789 Collecting psutil~=5.9.8 (from synapseclient)
#9 1.799   Downloading psutil-5.9.8-cp36-abi3-manylinux_2_12_x86_64.manylinux2010_x86_64.manylinux_2_17_x86_64.manylinux2014_x86_64.whl.metadata (21 kB)
#9 1.823 Requirement already satisfied: wrapt<3,>=1.10 in /usr/local/lib/python3.11/site-packages (from deprecated<2.0,>=1.2.4->synapseclient) (2.0.0)
#9 1.828 Requirement already satisfied: certifi in /usr/local/lib/python3.11/site-packages (from httpcore>=1.0.9->synapseclient) (2025.10.5)
#9 1.864 Collecting h11>=0.16 (from httpcore>=1.0.9->synapseclient)
#9 1.871   Downloading h11-0.16.0-py3-none-any.whl.metadata (8.3 kB)
#9 1.945 Collecting anyio (from httpx>=0.27.0->synapseclient)
#9 1.953   Downloading anyio-4.11.0-py3-none-any.whl.metadata (4.1 kB)
#9 1.968 Requirement already satisfied: idna in /usr/local/lib/python3.11/site-packages (from httpx>=0.27.0->synapseclient) (3.10)
#9 2.029 Collecting importlib-metadata<8.8.0,>=6.0 (from opentelemetry-api>=1.21.0->synapseclient)
#9 2.037   Downloading importlib_metadata-8.7.0-py3-none-any.whl.metadata (4.8 kB)
#9 2.049 Requirement already satisfied: typing-extensions>=4.5.0 in /usr/local/lib/python3.11/site-packages (from opentelemetry-api>=1.21.0->synapseclient) (4.15.0)
#9 2.092 Collecting googleapis-common-protos~=1.52 (from opentelemetry-exporter-otlp-proto-http>=1.21.0->synapseclient)
#9 2.100   Downloading googleapis_common_protos-1.71.0-py3-none-any.whl.metadata (9.4 kB)
#9 2.146 Collecting opentelemetry-exporter-otlp-proto-common==1.38.0 (from opentelemetry-exporter-otlp-proto-http>=1.21.0->synapseclient)
#9 2.164   Downloading opentelemetry_exporter_otlp_proto_common-1.38.0-py3-none-any.whl.metadata (1.8 kB)
#9 2.218 Collecting opentelemetry-proto==1.38.0 (from opentelemetry-exporter-otlp-proto-http>=1.21.0->synapseclient)
#9 2.228   Downloading opentelemetry_proto-1.38.0-py3-none-any.whl.metadata (2.3 kB)
#9 2.416 Collecting protobuf<7.0,>=5.0 (from opentelemetry-proto==1.38.0->opentelemetry-exporter-otlp-proto-http>=1.21.0->synapseclient)
#9 2.425   Downloading protobuf-6.33.0-cp39-abi3-manylinux2014_x86_64.whl.metadata (593 bytes)
#9 2.495 Collecting opentelemetry-instrumentation==0.59b0 (from opentelemetry-instrumentation-httpx>=0.48b0->synapseclient)
#9 2.504   Downloading opentelemetry_instrumentation-0.59b0-py3-none-any.whl.metadata (7.1 kB)
#9 2.562 Collecting opentelemetry-semantic-conventions==0.59b0 (from opentelemetry-instrumentation-httpx>=0.48b0->synapseclient)
#9 2.570   Downloading opentelemetry_semantic_conventions-0.59b0-py3-none-any.whl.metadata (2.4 kB)
#9 2.615 Collecting opentelemetry-util-http==0.59b0 (from opentelemetry-instrumentation-httpx>=0.48b0->synapseclient)
#9 2.624   Downloading opentelemetry_util_http-0.59b0-py3-none-any.whl.metadata (2.6 kB)
#9 2.768 Collecting wrapt<3,>=1.10 (from deprecated<2.0,>=1.2.4->synapseclient)
#9 2.779   Downloading wrapt-1.17.3-cp311-cp311-manylinux1_x86_64.manylinux_2_28_x86_64.manylinux_2_5_x86_64.whl.metadata (6.4 kB)
#9 2.805 Requirement already satisfied: packaging>=18.0 in /usr/local/lib/python3.11/site-packages (from opentelemetry-instrumentation==0.59b0->opentelemetry-instrumentation-httpx>=0.48b0->synapseclient) (24.2)
#9 2.874 Requirement already satisfied: charset_normalizer<4,>=2 in /usr/local/lib/python3.11/site-packages (from requests<3.0,>=2.22.0->synapseclient) (3.4.4)
#9 3.005 Collecting zipp>=3.20 (from importlib-metadata<8.8.0,>=6.0->opentelemetry-api>=1.21.0->synapseclient)
#9 3.015   Downloading zipp-3.23.0-py3-none-any.whl.metadata (3.6 kB)
#9 3.073 Collecting sniffio>=1.1 (from anyio->httpx>=0.27.0->synapseclient)
#9 3.083   Downloading sniffio-1.3.1-py3-none-any.whl.metadata (3.9 kB)
#9 3.161 Downloading synapseclient-4.10.0-py3-none-any.whl (599 kB)
#9 3.207    ━━━━━━━━━━━━━━━━━━━━━━━━━━━━━━━━━━━━━━━━ 599.4/599.4 kB 13.3 MB/s eta 0:00:00
#9 3.215 Downloading async_lru-2.0.5-py3-none-any.whl (6.1 kB)
#9 3.234 Downloading asyncio_atexit-1.0.1-py3-none-any.whl (3.8 kB)
#9 3.254 Downloading deprecated-1.3.0-py2.py3-none-any.whl (11 kB)
#9 3.276 Downloading httpcore-1.0.9-py3-none-any.whl (78 kB)
#9 3.289    ━━━━━━━━━━━━━━━━━━━━━━━━━━━━━━━━━━━━━━━━ 78.8/78.8 kB 6.5 MB/s eta 0:00:00
#9 3.297 Downloading httpx-0.28.1-py3-none-any.whl (73 kB)
#9 3.308    ━━━━━━━━━━━━━━━━━━━━━━━━━━━━━━━━━━━━━━━━ 73.5/73.5 kB 6.4 MB/s eta 0:00:00
#9 3.316 Downloading nest_asyncio-1.6.0-py3-none-any.whl (5.2 kB)
#9 3.336 Downloading opentelemetry_api-1.38.0-py3-none-any.whl (65 kB)
#9 3.347    ━━━━━━━━━━━━━━━━━━━━━━━━━━━━━━━━━━━━━━━━ 65.9/65.9 kB 5.9 MB/s eta 0:00:00
#9 3.359 Downloading opentelemetry_exporter_otlp_proto_http-1.38.0-py3-none-any.whl (19 kB)
#9 3.379 Downloading opentelemetry_exporter_otlp_proto_common-1.38.0-py3-none-any.whl (18 kB)
#9 3.399 Downloading opentelemetry_proto-1.38.0-py3-none-any.whl (72 kB)
#9 3.412    ━━━━━━━━━━━━━━━━━━━━━━━━━━━━━━━━━━━━━━━━ 72.5/72.5 kB 5.6 MB/s eta 0:00:00
#9 3.421 Downloading opentelemetry_instrumentation_httpx-0.59b0-py3-none-any.whl (15 kB)
#9 3.448 Downloading opentelemetry_instrumentation-0.59b0-py3-none-any.whl (33 kB)
#9 3.466 Downloading opentelemetry_semantic_conventions-0.59b0-py3-none-any.whl (207 kB)
#9 3.487    ━━━━━━━━━━━━━━━━━━━━━━━━━━━━━━━━━━━━━━━━ 208.0/208.0 kB 10.1 MB/s eta 0:00:00
#9 3.495 Downloading opentelemetry_util_http-0.59b0-py3-none-any.whl (7.6 kB)
#9 3.516 Downloading opentelemetry_instrumentation_requests-0.59b0-py3-none-any.whl (12 kB)
#9 3.534 Downloading opentelemetry_instrumentation_threading-0.59b0-py3-none-any.whl (9.3 kB)
#9 3.555 Downloading opentelemetry_instrumentation_urllib-0.59b0-py3-none-any.whl (12 kB)
#9 3.574 Downloading opentelemetry_sdk-1.38.0-py3-none-any.whl (132 kB)
#9 3.596    ━━━━━━━━━━━━━━━━━━━━━━━━━━━━━━━━━━━━━━━━ 132.3/132.3 kB 5.8 MB/s eta 0:00:00
#9 3.606 Downloading psutil-5.9.8-cp36-abi3-manylinux_2_12_x86_64.manylinux2010_x86_64.manylinux_2_17_x86_64.manylinux2014_x86_64.whl (288 kB)
#9 3.631    ━━━━━━━━━━━━━━━━━━━━━━━━━━━━━━━━━━━━━━━━ 288.2/288.2 kB 12.0 MB/s eta 0:00:00
#9 3.639 Downloading tqdm-4.67.1-py3-none-any.whl (78 kB)
#9 3.654    ━━━━━━━━━━━━━━━━━━━━━━━━━━━━━━━━━━━━━━━━ 78.5/78.5 kB 5.0 MB/s eta 0:00:00
#9 3.667 Downloading urllib3-1.26.20-py2.py3-none-any.whl (144 kB)
#9 3.682    ━━━━━━━━━━━━━━━━━━━━━━━━━━━━━━━━━━━━━━━━ 144.2/144.2 kB 9.9 MB/s eta 0:00:00
#9 3.693 Downloading googleapis_common_protos-1.71.0-py3-none-any.whl (294 kB)
#9 3.716    ━━━━━━━━━━━━━━━━━━━━━━━━━━━━━━━━━━━━━━━━ 294.6/294.6 kB 13.1 MB/s eta 0:00:00
#9 3.724 Downloading h11-0.16.0-py3-none-any.whl (37 kB)
#9 3.753 Downloading importlib_metadata-8.7.0-py3-none-any.whl (27 kB)
#9 3.770 Downloading wrapt-1.17.3-cp311-cp311-manylinux1_x86_64.manylinux_2_28_x86_64.manylinux_2_5_x86_64.whl (82 kB)
#9 3.782    ━━━━━━━━━━━━━━━━━━━━━━━━━━━━━━━━━━━━━━━━ 82.4/82.4 kB 6.9 MB/s eta 0:00:00
#9 3.791 Downloading anyio-4.11.0-py3-none-any.whl (109 kB)
#9 3.803    ━━━━━━━━━━━━━━━━━━━━━━━━━━━━━━━━━━━━━━━━ 109.1/109.1 kB 9.2 MB/s eta 0:00:00
#9 3.813 Downloading protobuf-6.33.0-cp39-abi3-manylinux2014_x86_64.whl (323 kB)
#9 3.843    ━━━━━━━━━━━━━━━━━━━━━━━━━━━━━━━━━━━━━━━━ 323.2/323.2 kB 10.9 MB/s eta 0:00:00
#9 3.851 Downloading sniffio-1.3.1-py3-none-any.whl (10 kB)
#9 3.872 Downloading zipp-3.23.0-py3-none-any.whl (10 kB)
#9 4.180 Installing collected packages: zipp, wrapt, urllib3, tqdm, sniffio, psutil, protobuf, opentelemetry-util-http, nest-asyncio, h11, asyncio-atexit, async-lru, opentelemetry-proto, importlib-metadata, httpcore, googleapis-common-protos, deprecated, anyio, opentelemetry-exporter-otlp-proto-common, opentelemetry-api, httpx, opentelemetry-semantic-conventions, opentelemetry-sdk, opentelemetry-instrumentation, opentelemetry-instrumentation-urllib, opentelemetry-instrumentation-threading, opentelemetry-instrumentation-requests, opentelemetry-instrumentation-httpx, opentelemetry-exporter-otlp-proto-http, synapseclient
#9 4.227   Attempting uninstall: wrapt
#9 4.239     Found existing installation: wrapt 2.0.0
#9 4.241     Uninstalling wrapt-2.0.0:
#9 4.260       Successfully uninstalled wrapt-2.0.0
#9 4.279   Attempting uninstall: urllib3
#9 4.286     Found existing installation: urllib3 2.5.0
#9 4.290     Uninstalling urllib3-2.5.0:
#9 4.347       Successfully uninstalled urllib3-2.5.0
#9 5.594 Successfully installed anyio-4.11.0 async-lru-2.0.5 asyncio-atexit-1.0.1 deprecated-1.3.0 googleapis-common-protos-1.71.0 h11-0.16.0 httpcore-1.0.9 httpx-0.28.1 importlib-metadata-8.7.0 nest-asyncio-1.6.0 opentelemetry-api-1.38.0 opentelemetry-exporter-otlp-proto-common-1.38.0 opentelemetry-exporter-otlp-proto-http-1.38.0 opentelemetry-instrumentation-0.59b0 opentelemetry-instrumentation-httpx-0.59b0 opentelemetry-instrumentation-requests-0.59b0 opentelemetry-instrumentation-threading-0.59b0 opentelemetry-instrumentation-urllib-0.59b0 opentelemetry-proto-1.38.0 opentelemetry-sdk-1.38.0 opentelemetry-semantic-conventions-0.59b0 opentelemetry-util-http-0.59b0 protobuf-6.33.0 psutil-5.9.8 sniffio-1.3.1 synapseclient-4.10.0 tqdm-4.67.1 urllib3-1.26.20 wrapt-1.17.3 zipp-3.23.0
#9 5.594 WARNING: Running pip as the 'root' user can result in broken permissions and conflicting behaviour with the system package manager. It is recommended to use a virtual environment instead: https://pip.pypa.io/warnings/venv
#9 5.599 
#9 5.599 [notice] A new release of pip is available: 24.0 -> 25.3
#9 5.599 [notice] To update, run: pip install --upgrade pip
#9 DONE 6.0s

#10 exporting to image
#10 exporting layers
#10 exporting layers 0.9s done
#10 writing image sha256:669f25d4ffc498b43e4144b647d5688dd887da0fd6a34aebda52b6b657144241 done
#10 naming to docker.io/library/test-image-8e7ab6fe8ad6d903aa0c 0.0s done
#10 DONE 1.0s

View build details: docker-desktop://dashboard/build/default/default/3ihwqd9jt2s70noxdmvsfwffj
[2025-10-29 18:12:37] SUCCESS: Build completed for 8e7ab6fe8ad6d903aa0c
