=== Docker Build Log for 5807738 ===
Started at: Mi 29. Okt 16:04:52 CET 2025

[2025-10-29 16:04:52] START: Building image for 5807738
#0 building with "default" instance using docker driver

#1 [internal] load build definition from Dockerfile
#1 transferring dockerfile: 132B done
#1 DONE 0.0s

#2 [internal] load metadata for docker.io/library/python:3.11
#2 DONE 0.0s

#3 [internal] load .dockerignore
#3 transferring context: 2B done
#3 DONE 0.0s

#4 [internal] load build context
#4 transferring context: 2.15kB 0.0s done
#4 DONE 0.0s

#5 [1/2] FROM docker.io/library/python:3.11
#5 CACHED

#6 [2/2] COPY hard-gists/5807738/snippet.py /snippet.py
#6 DONE 0.1s

#7 exporting to image
#7 exporting layers 0.0s done
#7 writing image sha256:10e0796b0ae572fa8ed0b6ca7689def7205bbc005cd1f1673e0298b7b8288f96 done
#7 naming to docker.io/library/test-image-5807738 done
#7 DONE 0.1s

View build details: docker-desktop://dashboard/build/default/default/u1cfo8m25km8cmxgfz0k69r7p
[2025-10-29 16:04:52] SUCCESS: Build completed for 5807738
