=== Docker Build Log for 994260 ===
Started at: Mi 29. Okt 18:35:18 CET 2025

[2025-10-29 18:35:18] START: Building image for 994260
#0 building with "default" instance using docker driver

#1 [internal] load build definition from Dockerfile
#1 transferring dockerfile: 233B done
#1 DONE 0.0s

#2 [internal] load metadata for docker.io/library/python:3.11
#2 DONE 0.0s

#3 [internal] load .dockerignore
#3 transferring context: 2B done
#3 DONE 0.0s

#4 [internal] load build context
#4 transferring context: 1.70kB 0.0s done
#4 DONE 0.0s

#5 [1/5] FROM docker.io/library/python:3.11
#5 CACHED

#6 [2/5] COPY hard-gists/994260/snippet.py /snippet.py
#6 DONE 0.1s

#7 [3/5] RUN ["pip","install","dj.choices"]
#7 1.927 Collecting dj.choices
#7 1.960   Downloading dj.choices-0.11.0.tar.gz (28 kB)
#7 1.980   Preparing metadata (setup.py): started
#7 2.374   Preparing metadata (setup.py): finished with status 'done'
#7 2.473 Collecting django (from dj.choices)
#7 2.482   Downloading django-5.2.7-py3-none-any.whl.metadata (4.1 kB)
#7 2.525 Collecting six (from dj.choices)
#7 2.533   Downloading six-1.17.0-py2.py3-none-any.whl.metadata (1.7 kB)
#7 2.581 Collecting asgiref>=3.8.1 (from django->dj.choices)
#7 2.590   Downloading asgiref-3.10.0-py3-none-any.whl.metadata (9.3 kB)
#7 2.630 Collecting sqlparse>=0.3.1 (from django->dj.choices)
#7 2.638   Downloading sqlparse-0.5.3-py3-none-any.whl.metadata (3.9 kB)
#7 2.664 Downloading django-5.2.7-py3-none-any.whl (8.3 MB)
#7 3.171    ━━━━━━━━━━━━━━━━━━━━━━━━━━━━━━━━━━━━━━━━ 8.3/8.3 MB 16.4 MB/s eta 0:00:00
#7 3.183 Downloading six-1.17.0-py2.py3-none-any.whl (11 kB)
#7 3.203 Downloading asgiref-3.10.0-py3-none-any.whl (24 kB)
#7 3.225 Downloading sqlparse-0.5.3-py3-none-any.whl (44 kB)
#7 3.244    ━━━━━━━━━━━━━━━━━━━━━━━━━━━━━━━━━━━━━━━━ 44.4/44.4 kB 2.0 MB/s eta 0:00:00
#7 3.280 Building wheels for collected packages: dj.choices
#7 3.281   Building wheel for dj.choices (setup.py): started
#7 3.452   Building wheel for dj.choices (setup.py): finished with status 'done'
#7 3.453   Created wheel for dj.choices: filename=dj_choices-0.11.0-py3-none-any.whl size=28716 sha256=3d511d7865888d8c1931db30c1f655fe7745e7383a1d8eb1821f0cfe68924565
#7 3.453   Stored in directory: /root/.cache/pip/wheels/97/38/bd/4ca089ff8ffdead6a07e7af033d36d74a01ab7a37e70797942
#7 3.455 Successfully built dj.choices
#7 3.501 Installing collected packages: sqlparse, six, asgiref, django, dj.choices
#7 4.939 Successfully installed asgiref-3.10.0 dj.choices-0.11.0 django-5.2.7 six-1.17.0 sqlparse-0.5.3
#7 4.939 WARNING: Running pip as the 'root' user can result in broken permissions and conflicting behaviour with the system package manager. It is recommended to use a virtual environment instead: https://pip.pypa.io/warnings/venv
#7 5.027 
#7 5.027 [notice] A new release of pip is available: 24.0 -> 25.3
#7 5.027 [notice] To update, run: pip install --upgrade pip
#7 DONE 5.6s

#8 [4/5] RUN ["pip","install","Django"]
#8 0.426 Requirement already satisfied: Django in /usr/local/lib/python3.11/site-packages (5.2.7)
#8 0.430 Requirement already satisfied: asgiref>=3.8.1 in /usr/local/lib/python3.11/site-packages (from Django) (3.10.0)
#8 0.431 Requirement already satisfied: sqlparse>=0.3.1 in /usr/local/lib/python3.11/site-packages (from Django) (0.5.3)
#8 0.473 WARNING: Running pip as the 'root' user can result in broken permissions and conflicting behaviour with the system package manager. It is recommended to use a virtual environment instead: https://pip.pypa.io/warnings/venv
#8 0.478 
#8 0.478 [notice] A new release of pip is available: 24.0 -> 25.3
#8 0.478 [notice] To update, run: pip install --upgrade pip
#8 DONE 0.5s

#9 [5/5] RUN ["pip","install","django_db"]
#9 0.513 Collecting django_db
#9 0.554   Downloading django_db-0.0.7.tar.gz (1.7 kB)
#9 0.566   Preparing metadata (setup.py): started
#9 0.675   Preparing metadata (setup.py): finished with status 'done'
#9 0.678 Requirement already satisfied: django in /usr/local/lib/python3.11/site-packages (from django_db) (5.2.7)
#9 0.714 Collecting pymysql (from django_db)
#9 0.750   Downloading pymysql-1.1.2-py3-none-any.whl.metadata (4.3 kB)
#9 0.764 Requirement already satisfied: asgiref>=3.8.1 in /usr/local/lib/python3.11/site-packages (from django->django_db) (3.10.0)
#9 0.765 Requirement already satisfied: sqlparse>=0.3.1 in /usr/local/lib/python3.11/site-packages (from django->django_db) (0.5.3)
#9 0.779 Downloading pymysql-1.1.2-py3-none-any.whl (45 kB)
#9 0.795    ━━━━━━━━━━━━━━━━━━━━━━━━━━━━━━━━━━━━━━━━ 45.3/45.3 kB 2.6 MB/s eta 0:00:00
#9 0.798 Building wheels for collected packages: django_db
#9 0.803   Building wheel for django_db (setup.py): started
#9 0.939   Building wheel for django_db (setup.py): finished with status 'done'
#9 0.939   Created wheel for django_db: filename=django_db-0.0.7-py3-none-any.whl size=2255 sha256=5f0a16f8ee527765bab57427a94ac3f89a53a9957d393abcdb8c2fa74d503ece
#9 0.939   Stored in directory: /root/.cache/pip/wheels/f7/0e/96/7f32f483dc1709e3218e0b811ef87a1457795bc45d221f1ac2
#9 0.940 Successfully built django_db
#9 0.979 Installing collected packages: pymysql, django_db
#9 1.048 Successfully installed django_db-0.0.7 pymysql-1.1.2
#9 1.048 WARNING: Running pip as the 'root' user can result in broken permissions and conflicting behaviour with the system package manager. It is recommended to use a virtual environment instead: https://pip.pypa.io/warnings/venv
#9 1.053 
#9 1.053 [notice] A new release of pip is available: 24.0 -> 25.3
#9 1.053 [notice] To update, run: pip install --upgrade pip
#9 DONE 1.1s

#10 exporting to image
#10 exporting layers
#10 exporting layers 0.6s done
#10 writing image sha256:f3515a93337dcd660a1a073af324325c2d03e7cb8ca2e18a9dba3197d2edea16 done
#10 naming to docker.io/library/test-image-994260 done
#10 DONE 0.6s

View build details: docker-desktop://dashboard/build/default/default/lad3heop6jwp08i6acov75cgb
[2025-10-29 18:35:26] SUCCESS: Build completed for 994260
