=== Docker Build Log for 712c270355b6c2642600 ===
Started at: Mi 29. Okt 17:00:58 CET 2025

[2025-10-29 17:00:58] START: Building image for 712c270355b6c2642600
#0 building with "default" instance using docker driver

#1 [internal] load build definition from Dockerfile
#1 transferring dockerfile: 145B done
#1 DONE 0.0s

#2 [internal] load metadata for docker.io/library/python:3.11
#2 DONE 0.0s

#3 [internal] load .dockerignore
#3 transferring context: 2B done
#3 DONE 0.0s

#4 [internal] load build context
#4 transferring context: 5.09kB 0.0s done
#4 DONE 0.0s

#5 [1/2] FROM docker.io/library/python:3.11
#5 CACHED

#6 [2/2] COPY hard-gists/712c270355b6c2642600/snippet.py /snippet.py
#6 DONE 0.1s

#7 exporting to image
#7 exporting layers 0.1s done
#7 writing image sha256:03963cf50f946d824a79d02ff2c5dc6ac824446567d68c657b6f2c75c05657ad done
#7 naming to docker.io/library/test-image-712c270355b6c2642600 done
#7 DONE 0.1s

View build details: docker-desktop://dashboard/build/default/default/lp66x5d3gmbk25frmzahtj0xu
[2025-10-29 17:00:58] SUCCESS: Build completed for 712c270355b6c2642600
