=== Docker Build Log for 5a5c3a6ad327f303cb915198aec8a90d ===
Started at: Mi 29. Okt 16:12:57 CET 2025

[2025-10-29 16:12:57] START: Building image for 5a5c3a6ad327f303cb915198aec8a90d
#0 building with "default" instance using docker driver

#1 [internal] load build definition from Dockerfile
#1 transferring dockerfile: 157B done
#1 DONE 0.0s

#2 [internal] load metadata for docker.io/library/python:3.11
#2 DONE 0.0s

#3 [internal] load .dockerignore
#3 transferring context: 2B done
#3 DONE 0.0s

#4 [internal] load build context
#4 transferring context: 2.13kB 0.0s done
#4 DONE 0.0s

#5 [1/2] FROM docker.io/library/python:3.11
#5 CACHED

#6 [2/2] COPY hard-gists/5a5c3a6ad327f303cb915198aec8a90d/snippet.py /snippet.py
#6 DONE 0.1s

#7 exporting to image
#7 exporting layers 0.0s done
#7 writing image sha256:201f5ea009f79594f729a48559c3e3fc8a7cf4b7a41058fe38022c911cd40885 done
#7 naming to docker.io/library/test-image-5a5c3a6ad327f303cb915198aec8a90d done
#7 DONE 0.1s

View build details: docker-desktop://dashboard/build/default/default/zlupo3lgce83k4t6y8a681wlj
[2025-10-29 16:12:58] SUCCESS: Build completed for 5a5c3a6ad327f303cb915198aec8a90d
