=== Docker Build Log for 5441636 ===
Started at: Mi 29. Okt 15:41:23 CET 2025

[2025-10-29 15:41:23] START: Building image for 5441636
#0 building with "default" instance using docker driver

#1 [internal] load build definition from Dockerfile
#1 transferring dockerfile: 132B done
#1 DONE 0.0s

#2 [internal] load metadata for docker.io/library/python:3.11
#2 DONE 0.0s

#3 [internal] load .dockerignore
#3 transferring context: 2B done
#3 DONE 0.0s

#4 [internal] load build context
#4 transferring context: 2.03kB 0.0s done
#4 DONE 0.0s

#5 [1/2] FROM docker.io/library/python:3.11
#5 CACHED

#6 [2/2] COPY hard-gists/5441636/snippet.py /snippet.py
#6 DONE 0.1s

#7 exporting to image
#7 exporting layers 0.1s done
#7 writing image sha256:37d82261943d8e476fa88805187e95ec00c1bf76653a992b04c72b49ad3b7636 done
#7 naming to docker.io/library/test-image-5441636 done
#7 DONE 0.1s

View build details: docker-desktop://dashboard/build/default/default/x2ohrzigcy0fcn5gd2n4k7r38
[2025-10-29 15:41:23] SUCCESS: Build completed for 5441636
