=== Docker Build Log for 6446136 ===
Started at: Mi 29. Okt 16:31:13 CET 2025

[2025-10-29 16:31:13] START: Building image for 6446136
#0 building with "default" instance using docker driver

#1 [internal] load build definition from Dockerfile
#1 transferring dockerfile: 240B done
#1 DONE 0.0s

#2 [internal] load metadata for docker.io/library/python:3.11
#2 DONE 0.0s

#3 [internal] load .dockerignore
#3 transferring context: 2B done
#3 DONE 0.0s

#4 [internal] load build context
#4 transferring context: 2.32kB 0.0s done
#4 DONE 0.0s

#5 [1/5] FROM docker.io/library/python:3.11
#5 CACHED

#6 [2/5] COPY hard-gists/6446136/snippet.py /snippet.py
#6 DONE 0.1s

#7 [3/5] RUN ["pip","install","dj.choices"]
#7 2.119 Collecting dj.choices
#7 2.159   Downloading dj.choices-0.11.0.tar.gz (28 kB)
#7 2.176   Preparing metadata (setup.py): started
#7 2.594   Preparing metadata (setup.py): finished with status 'done'
#7 2.713 Collecting django (from dj.choices)
#7 2.722   Downloading django-5.2.7-py3-none-any.whl.metadata (4.1 kB)
#7 2.760 Collecting six (from dj.choices)
#7 2.768   Downloading six-1.17.0-py2.py3-none-any.whl.metadata (1.7 kB)
#7 2.816 Collecting asgiref>=3.8.1 (from django->dj.choices)
#7 2.824   Downloading asgiref-3.10.0-py3-none-any.whl.metadata (9.3 kB)
#7 2.865 Collecting sqlparse>=0.3.1 (from django->dj.choices)
#7 2.874   Downloading sqlparse-0.5.3-py3-none-any.whl.metadata (3.9 kB)
#7 2.900 Downloading django-5.2.7-py3-none-any.whl (8.3 MB)
#7 3.234    ━━━━━━━━━━━━━━━━━━━━━━━━━━━━━━━━━━━━━━━━ 8.3/8.3 MB 25.0 MB/s eta 0:00:00
#7 3.243 Downloading six-1.17.0-py2.py3-none-any.whl (11 kB)
#7 3.260 Downloading asgiref-3.10.0-py3-none-any.whl (24 kB)
#7 3.278 Downloading sqlparse-0.5.3-py3-none-any.whl (44 kB)
#7 3.289    ━━━━━━━━━━━━━━━━━━━━━━━━━━━━━━━━━━━━━━━━ 44.4/44.4 kB 3.6 MB/s eta 0:00:00
#7 3.333 Building wheels for collected packages: dj.choices
#7 3.333   Building wheel for dj.choices (setup.py): started
#7 3.528   Building wheel for dj.choices (setup.py): finished with status 'done'
#7 3.528   Created wheel for dj.choices: filename=dj_choices-0.11.0-py3-none-any.whl size=28716 sha256=987a5b92ede2205fe03ec0c476f1c4208d11c22c578856231a1fec0037d81aca
#7 3.528   Stored in directory: /root/.cache/pip/wheels/97/38/bd/4ca089ff8ffdead6a07e7af033d36d74a01ab7a37e70797942
#7 3.530 Successfully built dj.choices
#7 3.586 Installing collected packages: sqlparse, six, asgiref, django, dj.choices
#7 5.284 Successfully installed asgiref-3.10.0 dj.choices-0.11.0 django-5.2.7 six-1.17.0 sqlparse-0.5.3
#7 5.284 WARNING: Running pip as the 'root' user can result in broken permissions and conflicting behaviour with the system package manager. It is recommended to use a virtual environment instead: https://pip.pypa.io/warnings/venv
#7 5.396 
#7 5.396 [notice] A new release of pip is available: 24.0 -> 25.3
#7 5.396 [notice] To update, run: pip install --upgrade pip
#7 DONE 5.9s

#8 [4/5] RUN ["pip","install","Django"]
#8 0.509 Requirement already satisfied: Django in /usr/local/lib/python3.11/site-packages (5.2.7)
#8 0.514 Requirement already satisfied: asgiref>=3.8.1 in /usr/local/lib/python3.11/site-packages (from Django) (3.10.0)
#8 0.515 Requirement already satisfied: sqlparse>=0.3.1 in /usr/local/lib/python3.11/site-packages (from Django) (0.5.3)
#8 0.564 WARNING: Running pip as the 'root' user can result in broken permissions and conflicting behaviour with the system package manager. It is recommended to use a virtual environment instead: https://pip.pypa.io/warnings/venv
#8 0.570 
#8 0.570 [notice] A new release of pip is available: 24.0 -> 25.3
#8 0.570 [notice] To update, run: pip install --upgrade pip
#8 DONE 0.6s

#9 [5/5] RUN ["pip","install","django-template"]
#9 0.616 ERROR: Could not find a version that satisfies the requirement django-template (from versions: none)
#9 0.616 ERROR: No matching distribution found for django-template
#9 0.622 
#9 0.622 [notice] A new release of pip is available: 24.0 -> 25.3
#9 0.622 [notice] To update, run: pip install --upgrade pip
#9 ERROR: process "pip install django-template" did not complete successfully: exit code: 1
------
 > [5/5] RUN ["pip","install","django-template"]:
0.616 ERROR: Could not find a version that satisfies the requirement django-template (from versions: none)
0.616 ERROR: No matching distribution found for django-template
0.622 
0.622 [notice] A new release of pip is available: 24.0 -> 25.3
0.622 [notice] To update, run: pip install --upgrade pip
------
Dockerfile:5
--------------------
   3 |     RUN ["pip","install","dj.choices"]
   4 |     RUN ["pip","install","Django"]
   5 | >>> RUN ["pip","install","django-template"]
   6 |     CMD ["python3","/snippet.py"]
   7 |     
--------------------
ERROR: failed to build: failed to solve: process "pip install django-template" did not complete successfully: exit code: 1

View build details: docker-desktop://dashboard/build/default/default/8h5cvp0pb2lawilkfk0xao985
[2025-10-29 16:31:20] ERROR: Build failed for 6446136
