=== Docker Build Log for 8285428 ===
Started at: Mi 29. Okt 17:42:43 CET 2025

[2025-10-29 17:42:43] START: Building image for 8285428
#0 building with "default" instance using docker driver

#1 [internal] load build definition from Dockerfile
#1 transferring dockerfile: 162B done
#1 DONE 0.0s

#2 [internal] load metadata for docker.io/library/python:3.11
#2 DONE 0.0s

#3 [internal] load .dockerignore
#3 transferring context: 2B done
#3 DONE 0.0s

#4 [internal] load build context
#4 transferring context: 1.20kB 0.0s done
#4 DONE 0.0s

#5 [1/3] FROM docker.io/library/python:3.11
#5 CACHED

#6 [2/3] COPY hard-gists/8285428/snippet.py /snippet.py
#6 DONE 0.1s

#7 [3/3] RUN ["pip","install","scene"]
#7 1.912 Collecting scene
#7 1.950   Downloading scene-0.0.1.tar.gz (4.3 kB)
#7 1.963   Preparing metadata (setup.py): started
#7 2.347   Preparing metadata (setup.py): finished with status 'done'
#7 2.349 Building wheels for collected packages: scene
#7 2.349   Building wheel for scene (setup.py): started
#7 2.510   Building wheel for scene (setup.py): finished with status 'done'
#7 2.510   Created wheel for scene: filename=scene-0.0.1-py2.py3-none-any.whl size=3300 sha256=fd6f5ad4e4fe62e4ac618d48be48314f2ae1e0761ab7ebaf5f0b5650b51a752e
#7 2.511   Stored in directory: /root/.cache/pip/wheels/8d/92/cb/ec23387ed573b50de008a60ab148d18dac724dd0e65cd18715
#7 2.514 Successfully built scene
#7 2.542 Installing collected packages: scene
#7 2.555 Successfully installed scene-0.0.1
#7 2.555 WARNING: Running pip as the 'root' user can result in broken permissions and conflicting behaviour with the system package manager. It is recommended to use a virtual environment instead: https://pip.pypa.io/warnings/venv
#7 2.676 
#7 2.676 [notice] A new release of pip is available: 24.0 -> 25.3
#7 2.676 [notice] To update, run: pip install --upgrade pip
#7 DONE 2.9s

#8 exporting to image
#8 exporting layers 0.1s done
#8 writing image sha256:15637b6dabff974abccc1c6578c1862e39da230958d81b34baa22837ec95593f done
#8 naming to docker.io/library/test-image-8285428 done
#8 DONE 0.1s

View build details: docker-desktop://dashboard/build/default/default/add9fh2iuefl812u2orh4m6f0
[2025-10-29 17:42:47] SUCCESS: Build completed for 8285428
