=== Docker Build Log for cc8647960afeb2c15a6061d7ab7e594e ===
Started at: Mi 29. Okt 20:17:44 CET 2025

[2025-10-29 20:17:44] START: Building image for cc8647960afeb2c15a6061d7ab7e594e
#0 building with "default" instance using docker driver

#1 [internal] load build definition from Dockerfile
#1 transferring dockerfile: 157B done
#1 DONE 0.0s

#2 [internal] load metadata for docker.io/library/python:3.11
#2 DONE 0.0s

#3 [internal] load .dockerignore
#3 transferring context: 2B done
#3 DONE 0.0s

#4 [internal] load build context
#4 transferring context: 5.55kB 0.0s done
#4 DONE 0.0s

#5 [1/2] FROM docker.io/library/python:3.11
#5 CACHED

#6 [2/2] COPY hard-gists/cc8647960afeb2c15a6061d7ab7e594e/snippet.py /snippet.py
#6 DONE 0.1s

#7 exporting to image
#7 exporting layers 0.1s done
#7 writing image sha256:cf93b84a9e2e264b0cd109ff00d42b63b8d09ac02007fd44b1496327b7177d59 done
#7 naming to docker.io/library/test-image-cc8647960afeb2c15a6061d7ab7e594e done
#7 DONE 0.1s

View build details: docker-desktop://dashboard/build/default/default/x86lqqny4uu556pnu52yhrvo6
[2025-10-29 20:17:45] SUCCESS: Build completed for cc8647960afeb2c15a6061d7ab7e594e
