=== Docker Build Log for ec0dbce5688e6fcd2cb91ac1fb7d03ca ===
Started at: Mi 29. Okt 20:53:49 CET 2025

[2025-10-29 20:53:49] START: Building image for ec0dbce5688e6fcd2cb91ac1fb7d03ca
#0 building with "default" instance using docker driver

#1 [internal] load build definition from Dockerfile
#1 transferring dockerfile: 157B done
#1 DONE 0.0s

#2 [internal] load metadata for docker.io/library/python:3.11
#2 DONE 0.0s

#3 [internal] load .dockerignore
#3 transferring context: 2B done
#3 DONE 0.0s

#4 [1/2] FROM docker.io/library/python:3.11
#4 DONE 0.0s

#5 [internal] load build context
#5 transferring context: 1.64kB 0.0s done
#5 DONE 0.0s

#4 [1/2] FROM docker.io/library/python:3.11
#4 CACHED

#6 [2/2] COPY hard-gists/ec0dbce5688e6fcd2cb91ac1fb7d03ca/snippet.py /snippet.py
#6 DONE 0.1s

#7 exporting to image
#7 exporting layers 0.1s done
#7 writing image sha256:e7b0400db33480d8bdeecb38a6e95e14fd0f3a99e26441f9dbf6b3d4044927d9 done
#7 naming to docker.io/library/test-image-ec0dbce5688e6fcd2cb91ac1fb7d03ca 0.0s done
#7 DONE 0.1s

View build details: docker-desktop://dashboard/build/default/default/kpd64vqlcy3jp6tellcdswy8d
[2025-10-29 20:53:50] SUCCESS: Build completed for ec0dbce5688e6fcd2cb91ac1fb7d03ca
