=== Docker Build Log for 5df669df7b29806ca541 ===
Started at: Mi 29. Okt 16:15:33 CET 2025

[2025-10-29 16:15:33] START: Building image for 5df669df7b29806ca541
#0 building with "default" instance using docker driver

#1 [internal] load build definition from Dockerfile
#1 transferring dockerfile: 363B done
#1 DONE 0.0s

#2 [internal] load metadata for docker.io/library/python:3.11
#2 DONE 0.0s

#3 [internal] load .dockerignore
#3 transferring context: 2B done
#3 DONE 0.0s

#4 [internal] load build context
#4 transferring context: 1.46kB 0.0s done
#4 DONE 0.0s

#5 [1/9] FROM docker.io/library/python:3.11
#5 CACHED

#6 [2/9] COPY hard-gists/5df669df7b29806ca541/snippet.py /snippet.py
#6 DONE 0.1s

#7 [3/9] RUN ["pip","install","pandacan"]
#7 2.202 Collecting pandacan
#7 2.240   Downloading pandacan-0.0.9.tar.gz (36 kB)
#7 2.257   Preparing metadata (setup.py): started
#7 2.708   Preparing metadata (setup.py): finished with status 'done'
#7 2.753 Collecting libusb1==1.6.6 (from pandacan)
#7 2.762   Downloading libusb1-1.6.6.tar.gz (56 kB)
#7 2.782      ━━━━━━━━━━━━━━━━━━━━━━━━━━━━━━━━━━━━━━━━ 56.0/56.0 kB 2.5 MB/s eta 0:00:00
#7 2.787   Preparing metadata (setup.py): started
#7 2.896   Preparing metadata (setup.py): finished with status 'error'
#7 2.899   error: subprocess-exited-with-error
#7 2.899   
#7 2.899   × python setup.py egg_info did not run successfully.
#7 2.899   │ exit code: 1
#7 2.899   ╰─> [1 lines of output]
#7 2.899       error in libusb1 setup command: use_2to3 is invalid.
#7 2.899       [end of output]
#7 2.899   
#7 2.899   note: This error originates from a subprocess, and is likely not a problem with pip.
#7 2.900 error: metadata-generation-failed
#7 2.900 
#7 2.900 × Encountered error while generating package metadata.
#7 2.900 ╰─> See above for output.
#7 2.900 
#7 2.900 note: This is an issue with the package mentioned above, not pip.
#7 2.900 hint: See above for details.
#7 3.002 
#7 3.002 [notice] A new release of pip is available: 24.0 -> 25.3
#7 3.002 [notice] To update, run: pip install --upgrade pip
#7 ERROR: process "pip install pandacan" did not complete successfully: exit code: 1
------
 > [3/9] RUN ["pip","install","pandacan"]:
2.900 error: metadata-generation-failed
2.900 
2.900 × Encountered error while generating package metadata.
2.900 ╰─> See above for output.
2.900 
2.900 note: This is an issue with the package mentioned above, not pip.
2.900 hint: See above for details.
3.002 
3.002 [notice] A new release of pip is available: 24.0 -> 25.3
3.002 [notice] To update, run: pip install --upgrade pip
------
Dockerfile:3
--------------------
   1 |     FROM python:3.11
   2 |     COPY hard-gists/5df669df7b29806ca541/snippet.py /snippet.py
   3 | >>> RUN ["pip","install","pandacan"]
   4 |     RUN ["pip","install","pan-python"]
   5 |     RUN ["pip","install","six"]
--------------------
ERROR: failed to build: failed to solve: process "pip install pandacan" did not complete successfully: exit code: 1

View build details: docker-desktop://dashboard/build/default/default/v5kg8hqy4hw6ti4tta666240s
[2025-10-29 16:15:36] ERROR: Build failed for 5df669df7b29806ca541
