=== Docker Build Log for 7c18bf7ac5fd4d26cbce ===
Started at: Mi 29. Okt 17:29:21 CET 2025

[2025-10-29 17:29:21] START: Building image for 7c18bf7ac5fd4d26cbce
#0 building with "default" instance using docker driver

#1 [internal] load build definition from Dockerfile
#1 transferring dockerfile: 284B done
#1 DONE 0.0s

#2 [internal] load metadata for docker.io/library/python:3.11
#2 DONE 0.0s

#3 [internal] load .dockerignore
#3 transferring context: 2B done
#3 DONE 0.0s

#4 [internal] load build context
#4 transferring context: 3.12kB 0.0s done
#4 DONE 0.0s

#5 [1/6] FROM docker.io/library/python:3.11
#5 CACHED

#6 [2/6] COPY hard-gists/7c18bf7ac5fd4d26cbce/snippet.py /snippet.py
#6 DONE 0.1s

#7 [3/6] RUN ["pip","install","ansi"]
#7 1.970 Collecting ansi
#7 2.018   Downloading ansi-0.3.7-py3-none-any.whl.metadata (1.4 kB)
#7 2.040 Downloading ansi-0.3.7-py3-none-any.whl (9.0 kB)
#7 2.084 Installing collected packages: ansi
#7 2.101 Successfully installed ansi-0.3.7
#7 2.101 WARNING: Running pip as the 'root' user can result in broken permissions and conflicting behaviour with the system package manager. It is recommended to use a virtual environment instead: https://pip.pypa.io/warnings/venv
#7 2.192 
#7 2.192 [notice] A new release of pip is available: 24.0 -> 25.3
#7 2.192 [notice] To update, run: pip install --upgrade pip
#7 DONE 2.4s

#8 [4/6] RUN ["pip","install","img2txt.py"]
#8 0.538 Collecting img2txt.py
#8 0.586   Downloading img2txt.py-2.4.tar.gz (14 kB)
#8 0.601   Preparing metadata (setup.py): started
#8 1.026   Preparing metadata (setup.py): finished with status 'done'
#8 1.052 Collecting docopt (from img2txt.py)
#8 1.060   Downloading docopt-0.6.2.tar.gz (25 kB)
#8 1.075   Preparing metadata (setup.py): started
#8 1.196   Preparing metadata (setup.py): finished with status 'done'
#8 1.424 Collecting Pillow (from img2txt.py)
#8 1.432   Downloading pillow-12.0.0-cp311-cp311-manylinux_2_27_x86_64.manylinux_2_28_x86_64.whl.metadata (8.8 kB)
#8 1.464 Downloading pillow-12.0.0-cp311-cp311-manylinux_2_27_x86_64.manylinux_2_28_x86_64.whl (7.0 MB)
#8 1.739    ━━━━━━━━━━━━━━━━━━━━━━━━━━━━━━━━━━━━━━━━ 7.0/7.0 MB 25.8 MB/s eta 0:00:00
#8 1.757 Building wheels for collected packages: img2txt.py, docopt
#8 1.758   Building wheel for img2txt.py (setup.py): started
#8 1.926   Building wheel for img2txt.py (setup.py): finished with status 'done'
#8 1.926   Created wheel for img2txt.py: filename=img2txt_py-2.4-py3-none-any.whl size=15512 sha256=65c5226350996e0615249c1d90f693f30eb30fc4aafde4f7387be17fac3a4af1
#8 1.926   Stored in directory: /root/.cache/pip/wheels/11/22/df/077a78d9bd055d02d5732e315266bb298277da894dc4dcbc26
#8 1.927   Building wheel for docopt (setup.py): started
#8 2.076   Building wheel for docopt (setup.py): finished with status 'done'
#8 2.076   Created wheel for docopt: filename=docopt-0.6.2-py2.py3-none-any.whl size=13781 sha256=14e38071af0b66504f2f2bf73f1faf3abe59f83f285bb27216a6e445acbd5913
#8 2.076   Stored in directory: /root/.cache/pip/wheels/1a/b0/8c/4b75c4116c31f83c8f9f047231251e13cc74481cca4a78a9ce
#8 2.078 Successfully built img2txt.py docopt
#8 2.126 Installing collected packages: docopt, Pillow, img2txt.py
#8 2.440 Successfully installed Pillow-12.0.0 docopt-0.6.2 img2txt.py-2.4
#8 2.441 WARNING: Running pip as the 'root' user can result in broken permissions and conflicting behaviour with the system package manager. It is recommended to use a virtual environment instead: https://pip.pypa.io/warnings/venv
#8 2.446 
#8 2.446 [notice] A new release of pip is available: 24.0 -> 25.3
#8 2.446 [notice] To update, run: pip install --upgrade pip
#8 DONE 2.7s

#9 [5/6] RUN ["pip","install","ansible-alicloud"]
#9 0.552 Collecting ansible-alicloud
#9 0.588   Downloading ansible_alicloud-1.20.0.tar.gz (166 kB)
#9 0.619      ━━━━━━━━━━━━━━━━━━━━━━━━━━━━━━━━━━━━━━━ 166.8/166.8 kB 5.5 MB/s eta 0:00:00
#9 0.646   Preparing metadata (setup.py): started
#9 0.765   Preparing metadata (setup.py): finished with status 'done'
#9 0.862 Collecting ansible (from ansible-alicloud)
#9 0.871   Downloading ansible-12.1.0-py3-none-any.whl.metadata (8.0 kB)
#9 0.911 Collecting footmark>=1.20.0 (from ansible-alicloud)
#9 0.926   Downloading footmark-1.25.0.tar.gz (86 kB)
#9 0.942      ━━━━━━━━━━━━━━━━━━━━━━━━━━━━━━━━━━━━━━━━ 86.3/86.3 kB 5.3 MB/s eta 0:00:00
#9 0.959   Preparing metadata (setup.py): started
#9 1.082   Preparing metadata (setup.py): finished with status 'done'
#9 1.114 Collecting ansible_alicloud_module_utils>=1.5.0 (from ansible-alicloud)
#9 1.123   Downloading ansible_alicloud_module_utils-1.6.0.tar.gz (5.2 kB)
#9 1.135   Preparing metadata (setup.py): started
#9 1.250   Preparing metadata (setup.py): finished with status 'done'
#9 1.414 Collecting ruamel.yaml>=0.10.2 (from ansible-alicloud)
#9 1.426   Downloading ruamel.yaml-0.18.16-py3-none-any.whl.metadata (25 kB)
#9 1.486 Collecting aliyun-python-sdk-core>=2.13.10 (from footmark>=1.20.0->ansible-alicloud)
#9 1.496   Downloading aliyun-python-sdk-core-2.16.0.tar.gz (449 kB)
#9 1.527      ━━━━━━━━━━━━━━━━━━━━━━━━━━━━━━━━━━━━━━ 449.6/449.6 kB 14.9 MB/s eta 0:00:00
#9 1.565   Preparing metadata (setup.py): started
#9 1.685   Preparing metadata (setup.py): finished with status 'done'
#9 1.726 Collecting aliyun-python-sdk-ecs>=4.18.3 (from footmark>=1.20.0->ansible-alicloud)
#9 1.736   Downloading aliyun_python_sdk_ecs-4.24.82-py2.py3-none-any.whl.metadata (1.5 kB)
#9 1.774 Collecting aliyun-python-sdk-slb>=3.2.16 (from footmark>=1.20.0->ansible-alicloud)
#9 1.784   Downloading aliyun_python_sdk_slb-3.3.22-py2.py3-none-any.whl.metadata (1.5 kB)
#9 1.923 Collecting aliyun-python-sdk-vpc>=3.0.7 (from footmark>=1.20.0->ansible-alicloud)
#9 1.933   Downloading aliyun_python_sdk_vpc-3.0.47-py2.py3-none-any.whl.metadata (1.5 kB)
#9 2.077 Collecting aliyun-python-sdk-rds>=2.1.0 (from footmark>=1.20.0->ansible-alicloud)
#9 2.088   Downloading aliyun_python_sdk_rds-2.7.53-py2.py3-none-any.whl.metadata (1.5 kB)
#9 2.133 Collecting aliyun-python-sdk-ess>=2.1.3 (from footmark>=1.20.0->ansible-alicloud)
#9 2.142   Downloading aliyun_python_sdk_ess-2.3.32-py2.py3-none-any.whl.metadata (1.5 kB)
#9 2.278 Collecting aliyun-python-sdk-sts>=2.1.7 (from footmark>=1.20.0->ansible-alicloud)
#9 2.288   Downloading aliyun_python_sdk_sts-3.1.3-py2.py3-none-any.whl.metadata (1.5 kB)
#9 2.325 Collecting aliyun-python-sdk-alidns>=2.0.11 (from footmark>=1.20.0->ansible-alicloud)
#9 2.334   Downloading aliyun_python_sdk_alidns-3.0.7-py2.py3-none-any.whl.metadata (1.5 kB)
#9 2.465 Collecting aliyun-python-sdk-ram>=3.1.0 (from footmark>=1.20.0->ansible-alicloud)
#9 2.474   Downloading aliyun_python_sdk_ram-3.3.1-py2.py3-none-any.whl.metadata (1.5 kB)
#9 2.514 Collecting aliyun-python-sdk-market>=2.0.24 (from footmark>=1.20.0->ansible-alicloud)
#9 2.524   Downloading aliyun-python-sdk-market-2.0.24.tar.gz (5.1 kB)
#9 2.539   Preparing metadata (setup.py): started
#9 2.658   Preparing metadata (setup.py): finished with status 'done'
#9 2.687 Collecting aliyun-python-sdk-ros>=3.2.0 (from footmark>=1.20.0->ansible-alicloud)
#9 2.696   Downloading aliyun_python_sdk_ros-3.6.0-py2.py3-none-any.whl.metadata (1.5 kB)
#9 2.731 Collecting oss2>=2.3.3 (from footmark>=1.20.0->ansible-alicloud)
#9 2.742   Downloading oss2-2.19.1.tar.gz (298 kB)
#9 2.761      ━━━━━━━━━━━━━━━━━━━━━━━━━━━━━━━━━━━━━━ 298.8/298.8 kB 16.4 MB/s eta 0:00:00
#9 2.793   Preparing metadata (setup.py): started
#9 2.917   Preparing metadata (setup.py): finished with status 'done'
#9 2.945 Collecting aliyun-python-sdk-oos>=1.1.0 (from footmark>=1.20.0->ansible-alicloud)
#9 2.954   Downloading aliyun_python_sdk_oos-1.5.16-py2.py3-none-any.whl.metadata (1.5 kB)
#9 3.017 Collecting ruamel.yaml.clib>=0.2.7 (from ruamel.yaml>=0.10.2->ansible-alicloud)
#9 3.027   Downloading ruamel.yaml.clib-0.2.14-cp311-cp311-manylinux_2_17_x86_64.manylinux2014_x86_64.whl.metadata (3.0 kB)
#9 3.232 Collecting ansible-core~=2.19.3 (from ansible->ansible-alicloud)
#9 3.240   Downloading ansible_core-2.19.3-py3-none-any.whl.metadata (7.7 kB)
#9 3.287 Collecting jmespath<1.0.0,>=0.9.3 (from aliyun-python-sdk-core>=2.13.10->footmark>=1.20.0->ansible-alicloud)
#9 3.298   Downloading jmespath-0.10.0-py2.py3-none-any.whl.metadata (8.0 kB)
#9 3.527 Collecting cryptography>=3.0.0 (from aliyun-python-sdk-core>=2.13.10->footmark>=1.20.0->ansible-alicloud)
#9 3.537   Downloading cryptography-46.0.3-cp311-abi3-manylinux_2_34_x86_64.whl.metadata (5.7 kB)
#9 3.596 Collecting jinja2>=3.1.0 (from ansible-core~=2.19.3->ansible->ansible-alicloud)
#9 3.604   Downloading jinja2-3.1.6-py3-none-any.whl.metadata (2.9 kB)
#9 3.663 Collecting PyYAML>=5.1 (from ansible-core~=2.19.3->ansible->ansible-alicloud)
#9 3.671   Downloading pyyaml-6.0.3-cp311-cp311-manylinux2014_x86_64.manylinux_2_17_x86_64.manylinux_2_28_x86_64.whl.metadata (2.4 kB)
#9 3.712 Collecting packaging (from ansible-core~=2.19.3->ansible->ansible-alicloud)
#9 3.721   Downloading packaging-25.0-py3-none-any.whl.metadata (3.3 kB)
#9 3.758 Collecting resolvelib<2.0.0,>=0.5.3 (from ansible-core~=2.19.3->ansible->ansible-alicloud)
#9 3.768   Downloading resolvelib-1.2.1-py3-none-any.whl.metadata (3.7 kB)
#9 3.825 Collecting requests!=2.9.0 (from oss2>=2.3.3->footmark>=1.20.0->ansible-alicloud)
#9 3.834   Downloading requests-2.32.5-py3-none-any.whl.metadata (4.9 kB)
#9 3.866 Collecting crcmod>=1.7 (from oss2>=2.3.3->footmark>=1.20.0->ansible-alicloud)
#9 3.876   Downloading crcmod-1.7.tar.gz (89 kB)
#9 3.888      ━━━━━━━━━━━━━━━━━━━━━━━━━━━━━━━━━━━━━━━━ 89.7/89.7 kB 7.5 MB/s eta 0:00:00
#9 3.898   Preparing metadata (setup.py): started
#9 4.016   Preparing metadata (setup.py): finished with status 'done'
#9 4.117 Collecting pycryptodome>=3.4.7 (from oss2>=2.3.3->footmark>=1.20.0->ansible-alicloud)
#9 4.126   Downloading pycryptodome-3.23.0-cp37-abi3-manylinux_2_17_x86_64.manylinux2014_x86_64.whl.metadata (3.4 kB)
#9 4.162 Collecting aliyun-python-sdk-kms>=2.4.1 (from oss2>=2.3.3->footmark>=1.20.0->ansible-alicloud)
#9 4.174   Downloading aliyun_python_sdk_kms-2.16.5-py2.py3-none-any.whl.metadata (1.5 kB)
#9 4.211 Collecting six (from oss2>=2.3.3->footmark>=1.20.0->ansible-alicloud)
#9 4.218   Downloading six-1.17.0-py2.py3-none-any.whl.metadata (1.7 kB)
#9 4.397 Collecting cffi>=2.0.0 (from cryptography>=3.0.0->aliyun-python-sdk-core>=2.13.10->footmark>=1.20.0->ansible-alicloud)
#9 4.406   Downloading cffi-2.0.0-cp311-cp311-manylinux2014_x86_64.manylinux_2_17_x86_64.whl.metadata (2.6 kB)
#9 4.484 Collecting MarkupSafe>=2.0 (from jinja2>=3.1.0->ansible-core~=2.19.3->ansible->ansible-alicloud)
#9 4.492   Downloading markupsafe-3.0.3-cp311-cp311-manylinux2014_x86_64.manylinux_2_17_x86_64.manylinux_2_28_x86_64.whl.metadata (2.7 kB)
#9 4.615 Collecting charset_normalizer<4,>=2 (from requests!=2.9.0->oss2>=2.3.3->footmark>=1.20.0->ansible-alicloud)
#9 4.624   Downloading charset_normalizer-3.4.4-cp311-cp311-manylinux2014_x86_64.manylinux_2_17_x86_64.manylinux_2_28_x86_64.whl.metadata (37 kB)
#9 4.664 Collecting idna<4,>=2.5 (from requests!=2.9.0->oss2>=2.3.3->footmark>=1.20.0->ansible-alicloud)
#9 4.672   Downloading idna-3.11-py3-none-any.whl.metadata (8.4 kB)
#9 4.734 Collecting urllib3<3,>=1.21.1 (from requests!=2.9.0->oss2>=2.3.3->footmark>=1.20.0->ansible-alicloud)
#9 4.742   Downloading urllib3-2.5.0-py3-none-any.whl.metadata (6.5 kB)
#9 4.788 Collecting certifi>=2017.4.17 (from requests!=2.9.0->oss2>=2.3.3->footmark>=1.20.0->ansible-alicloud)
#9 4.810   Downloading certifi-2025.10.5-py3-none-any.whl.metadata (2.5 kB)
#9 4.866 Collecting pycparser (from cffi>=2.0.0->cryptography>=3.0.0->aliyun-python-sdk-core>=2.13.10->footmark>=1.20.0->ansible-alicloud)
#9 4.874   Downloading pycparser-2.23-py3-none-any.whl.metadata (993 bytes)
#9 4.921 Downloading ruamel.yaml-0.18.16-py3-none-any.whl (119 kB)
#9 4.935    ━━━━━━━━━━━━━━━━━━━━━━━━━━━━━━━━━━━━━━━━ 119.9/119.9 kB 9.3 MB/s eta 0:00:00
#9 4.944 Downloading ansible-12.1.0-py3-none-any.whl (52.8 MB)
#9 6.947    ━━━━━━━━━━━━━━━━━━━━━━━━━━━━━━━━━━━━━━━━ 52.8/52.8 MB 15.3 MB/s eta 0:00:00
#9 6.961 Downloading aliyun_python_sdk_alidns-3.0.7-py2.py3-none-any.whl (177 kB)
#9 6.977    ━━━━━━━━━━━━━━━━━━━━━━━━━━━━━━━━━━━━━━━━ 177.1/177.1 kB 12.1 MB/s eta 0:00:00
#9 6.987 Downloading aliyun_python_sdk_ecs-4.24.82-py2.py3-none-any.whl (468 kB)
#9 7.015    ━━━━━━━━━━━━━━━━━━━━━━━━━━━━━━━━━━━━━━━━ 468.5/468.5 kB 17.8 MB/s eta 0:00:00
#9 7.026 Downloading aliyun_python_sdk_ess-2.3.32-py2.py3-none-any.whl (118 kB)
#9 7.041    ━━━━━━━━━━━━━━━━━━━━━━━━━━━━━━━━━━━━━━━━ 118.1/118.1 kB 8.3 MB/s eta 0:00:00
#9 7.051 Downloading aliyun_python_sdk_oos-1.5.16-py2.py3-none-any.whl (94 kB)
#9 7.064    ━━━━━━━━━━━━━━━━━━━━━━━━━━━━━━━━━━━━━━━━ 94.7/94.7 kB 8.1 MB/s eta 0:00:00
#9 7.073 Downloading aliyun_python_sdk_ram-3.3.1-py2.py3-none-any.whl (69 kB)
#9 7.085    ━━━━━━━━━━━━━━━━━━━━━━━━━━━━━━━━━━━━━━━━ 70.0/70.0 kB 6.3 MB/s eta 0:00:00
#9 7.095 Downloading aliyun_python_sdk_rds-2.7.53-py2.py3-none-any.whl (446 kB)
#9 7.117    ━━━━━━━━━━━━━━━━━━━━━━━━━━━━━━━━━━━━━━━━ 446.1/446.1 kB 21.2 MB/s eta 0:00:00
#9 7.129 Downloading aliyun_python_sdk_ros-3.6.0-py2.py3-none-any.whl (96 kB)
#9 7.141    ━━━━━━━━━━━━━━━━━━━━━━━━━━━━━━━━━━━━━━━━ 97.0/97.0 kB 8.2 MB/s eta 0:00:00
#9 7.152 Downloading aliyun_python_sdk_slb-3.3.22-py2.py3-none-any.whl (118 kB)
#9 7.164    ━━━━━━━━━━━━━━━━━━━━━━━━━━━━━━━━━━━━━━━━ 118.8/118.8 kB 10.0 MB/s eta 0:00:00
#9 7.176 Downloading aliyun_python_sdk_sts-3.1.3-py2.py3-none-any.whl (8.0 kB)
#9 7.197 Downloading aliyun_python_sdk_vpc-3.0.47-py2.py3-none-any.whl (485 kB)
#9 7.222    ━━━━━━━━━━━━━━━━━━━━━━━━━━━━━━━━━━━━━━━━ 485.6/485.6 kB 20.7 MB/s eta 0:00:00
#9 7.234 Downloading ansible_core-2.19.3-py3-none-any.whl (2.4 MB)
#9 7.372    ━━━━━━━━━━━━━━━━━━━━━━━━━━━━━━━━━━━━━━━━ 2.4/2.4 MB 17.6 MB/s eta 0:00:00
#9 7.386 Downloading ruamel.yaml.clib-0.2.14-cp311-cp311-manylinux_2_17_x86_64.manylinux2014_x86_64.whl (738 kB)
#9 7.421    ━━━━━━━━━━━━━━━━━━━━━━━━━━━━━━━━━━━━━━━━ 738.1/738.1 kB 22.3 MB/s eta 0:00:00
#9 7.445 Downloading aliyun_python_sdk_kms-2.16.5-py2.py3-none-any.whl (99 kB)
#9 7.457    ━━━━━━━━━━━━━━━━━━━━━━━━━━━━━━━━━━━━━━━━ 99.5/99.5 kB 8.6 MB/s eta 0:00:00
#9 7.471 Downloading cryptography-46.0.3-cp311-abi3-manylinux_2_34_x86_64.whl (4.5 MB)
#9 7.632    ━━━━━━━━━━━━━━━━━━━━━━━━━━━━━━━━━━━━━━━━ 4.5/4.5 MB 28.0 MB/s eta 0:00:00
#9 7.665 Downloading jinja2-3.1.6-py3-none-any.whl (134 kB)
#9 7.678    ━━━━━━━━━━━━━━━━━━━━━━━━━━━━━━━━━━━━━━━━ 134.9/134.9 kB 10.4 MB/s eta 0:00:00
#9 7.713 Downloading jmespath-0.10.0-py2.py3-none-any.whl (24 kB)
#9 7.767 Downloading pycryptodome-3.23.0-cp37-abi3-manylinux_2_17_x86_64.manylinux2014_x86_64.whl (2.3 MB)
#9 7.859    ━━━━━━━━━━━━━━━━━━━━━━━━━━━━━━━━━━━━━━━━ 2.3/2.3 MB 24.9 MB/s eta 0:00:00
#9 7.910 Downloading pyyaml-6.0.3-cp311-cp311-manylinux2014_x86_64.manylinux_2_17_x86_64.manylinux_2_28_x86_64.whl (806 kB)
#9 7.953    ━━━━━━━━━━━━━━━━━━━━━━━━━━━━━━━━━━━━━━━━ 806.6/806.6 kB 19.1 MB/s eta 0:00:00
#9 7.975 Downloading requests-2.32.5-py3-none-any.whl (64 kB)
#9 7.987    ━━━━━━━━━━━━━━━━━━━━━━━━━━━━━━━━━━━━━━━━ 64.7/64.7 kB 5.5 MB/s eta 0:00:00
#9 7.998 Downloading resolvelib-1.2.1-py3-none-any.whl (18 kB)
#9 8.016 Downloading packaging-25.0-py3-none-any.whl (66 kB)
#9 8.029    ━━━━━━━━━━━━━━━━━━━━━━━━━━━━━━━━━━━━━━━━ 66.5/66.5 kB 5.0 MB/s eta 0:00:00
#9 8.038 Downloading six-1.17.0-py2.py3-none-any.whl (11 kB)
#9 8.060 Downloading certifi-2025.10.5-py3-none-any.whl (163 kB)
#9 8.076    ━━━━━━━━━━━━━━━━━━━━━━━━━━━━━━━━━━━━━━━━ 163.3/163.3 kB 10.7 MB/s eta 0:00:00
#9 8.084 Downloading cffi-2.0.0-cp311-cp311-manylinux2014_x86_64.manylinux_2_17_x86_64.whl (215 kB)
#9 8.101    ━━━━━━━━━━━━━━━━━━━━━━━━━━━━━━━━━━━━━━━━ 215.6/215.6 kB 13.8 MB/s eta 0:00:00
#9 8.109 Downloading charset_normalizer-3.4.4-cp311-cp311-manylinux2014_x86_64.manylinux_2_17_x86_64.manylinux_2_28_x86_64.whl (151 kB)
#9 8.124    ━━━━━━━━━━━━━━━━━━━━━━━━━━━━━━━━━━━━━━━━ 151.6/151.6 kB 10.9 MB/s eta 0:00:00
#9 8.132 Downloading idna-3.11-py3-none-any.whl (71 kB)
#9 8.147    ━━━━━━━━━━━━━━━━━━━━━━━━━━━━━━━━━━━━━━━━ 71.0/71.0 kB 4.6 MB/s eta 0:00:00
#9 8.155 Downloading markupsafe-3.0.3-cp311-cp311-manylinux2014_x86_64.manylinux_2_17_x86_64.manylinux_2_28_x86_64.whl (22 kB)
#9 8.178 Downloading urllib3-2.5.0-py3-none-any.whl (129 kB)
#9 8.195    ━━━━━━━━━━━━━━━━━━━━━━━━━━━━━━━━━━━━━━━━ 129.8/129.8 kB 8.0 MB/s eta 0:00:00
#9 8.203 Downloading pycparser-2.23-py3-none-any.whl (118 kB)
#9 8.217    ━━━━━━━━━━━━━━━━━━━━━━━━━━━━━━━━━━━━━━━━ 118.1/118.1 kB 8.6 MB/s eta 0:00:00
#9 8.507 Building wheels for collected packages: ansible-alicloud, ansible_alicloud_module_utils, footmark, aliyun-python-sdk-core, aliyun-python-sdk-market, oss2, crcmod
#9 8.513   Building wheel for ansible-alicloud (setup.py): started
#9 8.726   Building wheel for ansible-alicloud (setup.py): finished with status 'done'
#9 8.727   Created wheel for ansible-alicloud: filename=ansible_alicloud-1.20.0-py3-none-any.whl size=354692 sha256=19d46c26aebf4a3bda8565d69029a0173d9738d979d20bcd3cec3dac3406f90e
#9 8.727   Stored in directory: /root/.cache/pip/wheels/f8/9c/79/53940939dfb58b0ef68d06f3e1baca91fdde292a9e3d0132cb
#9 8.729   Building wheel for ansible_alicloud_module_utils (setup.py): started
#9 8.871   Building wheel for ansible_alicloud_module_utils (setup.py): finished with status 'done'
#9 8.871   Created wheel for ansible_alicloud_module_utils: filename=ansible_alicloud_module_utils-1.6.0-py3-none-any.whl size=6691 sha256=88f8d246d59d2418e8195c519764098c6440c036bffc57c0a7e728c70dda92c4
#9 8.871   Stored in directory: /root/.cache/pip/wheels/4d/a0/22/92edc81e60427d7fec274576bbea1b4f4cc8fa95d7f8d5c6c6
#9 8.873   Building wheel for footmark (setup.py): started
#9 9.065   Building wheel for footmark (setup.py): finished with status 'done'
#9 9.066   Created wheel for footmark: filename=footmark-1.25.0-py2.py3-none-any.whl size=116951 sha256=f5298689f02e026553d16ba05784af0e23703d59c8a25e338471d68c117daea7
#9 9.066   Stored in directory: /root/.cache/pip/wheels/a0/ff/14/93046556a210bf278c02b492c2d8d79233369d3dec83f491b3
#9 9.068   Building wheel for aliyun-python-sdk-core (setup.py): started
#9 9.320   Building wheel for aliyun-python-sdk-core (setup.py): finished with status 'done'
#9 9.322   Created wheel for aliyun-python-sdk-core: filename=aliyun_python_sdk_core-2.16.0-py3-none-any.whl size=535418 sha256=de0215b6aa5b8f27ec3bd628f56e2ed5e7d22cba983657e05ce0ca2188a13e09
#9 9.322   Stored in directory: /root/.cache/pip/wheels/2b/9a/95/60f111d2a488c5f7f7ed2a96ce407ea57ec7393ddfdec8c956
#9 9.324   Building wheel for aliyun-python-sdk-market (setup.py): started
#9 9.500   Building wheel for aliyun-python-sdk-market (setup.py): finished with status 'done'
#9 9.500   Created wheel for aliyun-python-sdk-market: filename=aliyun_python_sdk_market-2.0.24-py3-none-any.whl size=24872 sha256=e99cdd70d1febf1c146fdce6592809d9cfbb0f3b35ed2bb006c0d279a3cc4a6d
#9 9.501   Stored in directory: /root/.cache/pip/wheels/a9/85/33/aaea41f7c841cdca000a38ceb1871e91d493f8864bbe81fe6b
#9 9.503   Building wheel for oss2 (setup.py): started
#9 9.676   Building wheel for oss2 (setup.py): finished with status 'done'
#9 9.677   Created wheel for oss2: filename=oss2-2.19.1-py3-none-any.whl size=124036 sha256=beded21df4ad4dc81792ac7c7d62b0db2af5fa5bac4964af2eca0cf08b37686b
#9 9.677   Stored in directory: /root/.cache/pip/wheels/56/27/a3/50e7db0dd68810d9d4e383a547b88b4a5b1eaae58e63c1d64a
#9 9.679   Building wheel for crcmod (setup.py): started
#9 10.04   Building wheel for crcmod (setup.py): finished with status 'done'
#9 10.04   Created wheel for crcmod: filename=crcmod-1.7-cp311-cp311-linux_x86_64.whl size=31040 sha256=1973fd73301e9a374a71d2f08abf16662d446e567e9aa0356cb532fdbdc2a996
#9 10.04   Stored in directory: /root/.cache/pip/wheels/23/94/7a/8cb7d14597e6395ce969933f01aed9ea8fa5f5b4d4c8a61e99
#9 10.04 Successfully built ansible-alicloud ansible_alicloud_module_utils footmark aliyun-python-sdk-core aliyun-python-sdk-market oss2 crcmod
#9 10.25 Installing collected packages: crcmod, urllib3, six, ruamel.yaml.clib, resolvelib, PyYAML, pycryptodome, pycparser, packaging, MarkupSafe, jmespath, idna, charset_normalizer, certifi, ruamel.yaml, requests, jinja2, cffi, cryptography, ansible-core, aliyun-python-sdk-core, ansible, aliyun-python-sdk-vpc, aliyun-python-sdk-sts, aliyun-python-sdk-slb, aliyun-python-sdk-ros, aliyun-python-sdk-rds, aliyun-python-sdk-ram, aliyun-python-sdk-oos, aliyun-python-sdk-market, aliyun-python-sdk-kms, aliyun-python-sdk-ess, aliyun-python-sdk-ecs, aliyun-python-sdk-alidns, oss2, footmark, ansible_alicloud_module_utils, ansible-alicloud
#9 33.34 Successfully installed MarkupSafe-3.0.3 PyYAML-6.0.3 aliyun-python-sdk-alidns-3.0.7 aliyun-python-sdk-core-2.16.0 aliyun-python-sdk-ecs-4.24.82 aliyun-python-sdk-ess-2.3.32 aliyun-python-sdk-kms-2.16.5 aliyun-python-sdk-market-2.0.24 aliyun-python-sdk-oos-1.5.16 aliyun-python-sdk-ram-3.3.1 aliyun-python-sdk-rds-2.7.53 aliyun-python-sdk-ros-3.6.0 aliyun-python-sdk-slb-3.3.22 aliyun-python-sdk-sts-3.1.3 aliyun-python-sdk-vpc-3.0.47 ansible-12.1.0 ansible-alicloud-1.20.0 ansible-core-2.19.3 ansible_alicloud_module_utils-1.6.0 certifi-2025.10.5 cffi-2.0.0 charset_normalizer-3.4.4 crcmod-1.7 cryptography-46.0.3 footmark-1.25.0 idna-3.11 jinja2-3.1.6 jmespath-0.10.0 oss2-2.19.1 packaging-25.0 pycparser-2.23 pycryptodome-3.23.0 requests-2.32.5 resolvelib-1.2.1 ruamel.yaml-0.18.16 ruamel.yaml.clib-0.2.14 six-1.17.0 urllib3-2.5.0
#9 33.34 WARNING: Running pip as the 'root' user can result in broken permissions and conflicting behaviour with the system package manager. It is recommended to use a virtual environment instead: https://pip.pypa.io/warnings/venv
#9 33.35 
#9 33.35 [notice] A new release of pip is available: 24.0 -> 25.3
#9 33.35 [notice] To update, run: pip install --upgrade pip
#9 DONE 35.8s

#10 [6/6] RUN ["pip","install","ansible"]
#10 0.494 Requirement already satisfied: ansible in /usr/local/lib/python3.11/site-packages (12.1.0)
#10 0.496 Requirement already satisfied: ansible-core~=2.19.3 in /usr/local/lib/python3.11/site-packages (from ansible) (2.19.3)
#10 0.499 Requirement already satisfied: jinja2>=3.1.0 in /usr/local/lib/python3.11/site-packages (from ansible-core~=2.19.3->ansible) (3.1.6)
#10 0.500 Requirement already satisfied: PyYAML>=5.1 in /usr/local/lib/python3.11/site-packages (from ansible-core~=2.19.3->ansible) (6.0.3)
#10 0.500 Requirement already satisfied: cryptography in /usr/local/lib/python3.11/site-packages (from ansible-core~=2.19.3->ansible) (46.0.3)
#10 0.501 Requirement already satisfied: packaging in /usr/local/lib/python3.11/site-packages (from ansible-core~=2.19.3->ansible) (25.0)
#10 0.502 Requirement already satisfied: resolvelib<2.0.0,>=0.5.3 in /usr/local/lib/python3.11/site-packages (from ansible-core~=2.19.3->ansible) (1.2.1)
#10 0.504 Requirement already satisfied: MarkupSafe>=2.0 in /usr/local/lib/python3.11/site-packages (from jinja2>=3.1.0->ansible-core~=2.19.3->ansible) (3.0.3)
#10 0.524 Requirement already satisfied: cffi>=2.0.0 in /usr/local/lib/python3.11/site-packages (from cryptography->ansible-core~=2.19.3->ansible) (2.0.0)
#10 0.527 Requirement already satisfied: pycparser in /usr/local/lib/python3.11/site-packages (from cffi>=2.0.0->cryptography->ansible-core~=2.19.3->ansible) (2.23)
#10 0.639 WARNING: Running pip as the 'root' user can result in broken permissions and conflicting behaviour with the system package manager. It is recommended to use a virtual environment instead: https://pip.pypa.io/warnings/venv
#10 0.645 
#10 0.645 [notice] A new release of pip is available: 24.0 -> 25.3
#10 0.645 [notice] To update, run: pip install --upgrade pip
#10 DONE 0.7s

#11 exporting to image
#11 exporting layers
#11 exporting layers 5.0s done
#11 writing image sha256:3459479e61c7570e438067ac1ba16840423235f1b4e38ba0e5603e0b606eed26 done
#11 naming to docker.io/library/test-image-7c18bf7ac5fd4d26cbce done
#11 DONE 5.0s

View build details: docker-desktop://dashboard/build/default/default/bl4tqxq0df5zq49mhfjdplk48
[2025-10-29 17:30:08] SUCCESS: Build completed for 7c18bf7ac5fd4d26cbce
