=== Docker Build Log for 1424374 ===
Started at: Mi 29. Okt 12:13:30 CET 2025

[2025-10-29 12:13:30] START: Building image for 1424374
#0 building with "default" instance using docker driver

#1 [internal] load build definition from Dockerfile
#1 transferring dockerfile: 132B done
#1 DONE 0.0s

#2 [internal] load metadata for docker.io/library/python:3.11
#2 DONE 0.0s

#3 [internal] load .dockerignore
#3 transferring context: 2B done
#3 DONE 0.0s

#4 [internal] load build context
#4 transferring context: 1.69kB 0.0s done
#4 DONE 0.0s

#5 [1/2] FROM docker.io/library/python:3.11
#5 CACHED

#6 [2/2] COPY hard-gists/1424374/snippet.py /snippet.py
#6 DONE 0.1s

#7 exporting to image
#7 exporting layers 0.0s done
#7 writing image sha256:49d9d590377d8a870793dc8b08684868b5ed839ad21fb428fe6a66a93e6e4df0 done
#7 naming to docker.io/library/test-image-1424374 done
#7 DONE 0.1s

View build details: docker-desktop://dashboard/build/default/default/cn2ng8owa6dxx3k2phzabzsrn
[2025-10-29 12:13:31] SUCCESS: Build completed for 1424374
