=== Docker Build Log for b9309cdd7d5adc3b4b70 ===
Started at: Mi 29. Okt 19:32:57 CET 2025

[2025-10-29 19:32:57] START: Building image for b9309cdd7d5adc3b4b70
#0 building with "default" instance using docker driver

#1 [internal] load build definition from Dockerfile
#1 transferring dockerfile: 183B done
#1 DONE 0.0s

#2 [internal] load metadata for docker.io/library/python:3.11
#2 DONE 0.0s

#3 [internal] load .dockerignore
#3 transferring context: 2B done
#3 DONE 0.0s

#4 [internal] load build context
#4 transferring context: 661B 0.0s done
#4 DONE 0.0s

#5 [1/3] FROM docker.io/library/python:3.11
#5 CACHED

#6 [2/3] COPY hard-gists/b9309cdd7d5adc3b4b70/snippet.py /snippet.py
#6 DONE 0.1s

#7 [3/3] RUN ["pip","install","eulerangles"]
#7 1.964 Collecting eulerangles
#7 2.103   Downloading eulerangles-1.0.2-py3-none-any.whl.metadata (663 bytes)
#7 2.279 Downloading eulerangles-1.0.2-py3-none-any.whl (11 kB)
#7 2.323 Installing collected packages: eulerangles
#7 2.343 Successfully installed eulerangles-1.0.2
#7 2.344 WARNING: Running pip as the 'root' user can result in broken permissions and conflicting behaviour with the system package manager. It is recommended to use a virtual environment instead: https://pip.pypa.io/warnings/venv
#7 2.446 
#7 2.446 [notice] A new release of pip is available: 24.0 -> 25.3
#7 2.446 [notice] To update, run: pip install --upgrade pip
#7 DONE 2.6s

#8 exporting to image
#8 exporting layers 0.1s done
#8 writing image sha256:1ac769b798e1cd4728ebedb7d5ca881430b08f578ee05e9b47bf215182999649 done
#8 naming to docker.io/library/test-image-b9309cdd7d5adc3b4b70 done
#8 DONE 0.2s

View build details: docker-desktop://dashboard/build/default/default/loazb6k363mt8wcsa2tkkbzm1
[2025-10-29 19:33:00] SUCCESS: Build completed for b9309cdd7d5adc3b4b70
