=== Docker Build Log for 7f3ab982eb65900c5159 ===
Started at: Mi 29. Okt 17:35:17 CET 2025

[2025-10-29 17:35:17] START: Building image for 7f3ab982eb65900c5159
#0 building with "default" instance using docker driver

#1 [internal] load build definition from Dockerfile
#1 transferring dockerfile: 145B done
#1 DONE 0.0s

#2 [internal] load metadata for docker.io/library/python:3.11
#2 DONE 0.0s

#3 [internal] load .dockerignore
#3 transferring context: 2B done
#3 DONE 0.0s

#4 [internal] load build context
#4 transferring context: 1.07kB 0.0s done
#4 DONE 0.0s

#5 [1/2] FROM docker.io/library/python:3.11
#5 CACHED

#6 [2/2] COPY hard-gists/7f3ab982eb65900c5159/snippet.py /snippet.py
#6 DONE 0.1s

#7 exporting to image
#7 exporting layers 0.0s done
#7 writing image sha256:ce9a011dd78eae67f76d24c8276ce826171050ac249df4f2d1c00fc1da40798d done
#7 naming to docker.io/library/test-image-7f3ab982eb65900c5159 done
#7 DONE 0.1s

View build details: docker-desktop://dashboard/build/default/default/zj5l3k3v8tr0varo2jrzsqgav
[2025-10-29 17:35:18] SUCCESS: Build completed for 7f3ab982eb65900c5159
