=== Docker Build Log for 5608566 ===
Started at: Mi 29. Okt 15:46:40 CET 2025

[2025-10-29 15:46:40] START: Building image for 5608566
#0 building with "default" instance using docker driver

#1 [internal] load build definition from Dockerfile
#1 transferring dockerfile: 351B done
#1 DONE 0.0s

#2 [internal] load metadata for docker.io/library/python:3.11
#2 DONE 0.0s

#3 [internal] load .dockerignore
#3 transferring context: 2B done
#3 DONE 0.0s

#4 [internal] load build context
#4 transferring context: 443B 0.0s done
#4 DONE 0.0s

#5 [1/8] FROM docker.io/library/python:3.11
#5 CACHED

#6 [2/8] COPY hard-gists/5608566/snippet.py /snippet.py
#6 DONE 0.1s

#7 [3/8] RUN ["pip","install","js.tinymce"]
#7 1.996 Collecting js.tinymce
#7 2.037   Downloading js.tinymce-4.5.4.tar.gz (1.5 MB)
#7 2.126      ━━━━━━━━━━━━━━━━━━━━━━━━━━━━━━━━━━━━━━━━ 1.5/1.5 MB 17.5 MB/s eta 0:00:00
#7 2.259   Preparing metadata (setup.py): started
#7 2.669   Preparing metadata (setup.py): finished with status 'done'
#7 2.700 Collecting fanstatic (from js.tinymce)
#7 2.710   Downloading fanstatic-1.5-py3-none-any.whl.metadata (13 kB)
#7 2.727 Requirement already satisfied: setuptools in /usr/local/lib/python3.11/site-packages (from js.tinymce) (79.0.1)
#7 2.767 Collecting WebOb>=1.2 (from fanstatic->js.tinymce)
#7 2.778   Downloading WebOb-1.8.9-py2.py3-none-any.whl.metadata (11 kB)
#7 2.832 Collecting packaging (from fanstatic->js.tinymce)
#7 2.840   Downloading packaging-25.0-py3-none-any.whl.metadata (3.3 kB)
#7 2.890 Downloading fanstatic-1.5-py3-none-any.whl (53 kB)
#7 2.903    ━━━━━━━━━━━━━━━━━━━━━━━━━━━━━━━━━━━━━━━━ 53.9/53.9 kB 3.9 MB/s eta 0:00:00
#7 2.912 Downloading WebOb-1.8.9-py2.py3-none-any.whl (115 kB)
#7 2.928    ━━━━━━━━━━━━━━━━━━━━━━━━━━━━━━━━━━━━━━━━ 115.4/115.4 kB 7.6 MB/s eta 0:00:00
#7 2.938 Downloading packaging-25.0-py3-none-any.whl (66 kB)
#7 2.950    ━━━━━━━━━━━━━━━━━━━━━━━━━━━━━━━━━━━━━━━━ 66.5/66.5 kB 5.3 MB/s eta 0:00:00
#7 2.957 Building wheels for collected packages: js.tinymce
#7 2.957   Building wheel for js.tinymce (setup.py): started
#7 3.608   Building wheel for js.tinymce (setup.py): finished with status 'done'
#7 3.613   Created wheel for js.tinymce: filename=js_tinymce-4.5.4-py3-none-any.whl size=1961677 sha256=4246bc9fd8ac16073bfbe5d534fcb0c883571aedc715983dce48ac54b9376019
#7 3.613   Stored in directory: /root/.cache/pip/wheels/f2/a6/7a/25cfbf744a23c8731fef067dc9055e339d9a7c1142631d0acd
#7 3.617 Successfully built js.tinymce
#7 3.657 Installing collected packages: WebOb, packaging, fanstatic, js.tinymce
#7 3.930 Successfully installed WebOb-1.8.9 fanstatic-1.5 js.tinymce-4.5.4 packaging-25.0
#7 3.930 WARNING: Running pip as the 'root' user can result in broken permissions and conflicting behaviour with the system package manager. It is recommended to use a virtual environment instead: https://pip.pypa.io/warnings/venv
#7 4.042 
#7 4.042 [notice] A new release of pip is available: 24.0 -> 25.3
#7 4.042 [notice] To update, run: pip install --upgrade pip
#7 DONE 4.4s

#8 [4/8] RUN ["pip","install","js.fullcalendar"]
#8 0.548 Collecting js.fullcalendar
#8 0.590   Downloading js.fullcalendar-2.9.1.tar.gz (213 kB)
#8 0.632      ━━━━━━━━━━━━━━━━━━━━━━━━━━━━━━━━━━━━━━━ 213.4/213.4 kB 5.2 MB/s eta 0:00:00
#8 0.649   Preparing metadata (setup.py): started
#8 0.774   Preparing metadata (setup.py): finished with status 'done'
#8 0.779 Requirement already satisfied: fanstatic in /usr/local/lib/python3.11/site-packages (from js.fullcalendar) (1.5)
#8 0.809 Collecting js.jquery>=1.7.1 (from js.fullcalendar)
#8 0.819   Downloading js.jquery-3.6.1-py2.py3-none-any.whl.metadata (4.0 kB)
#8 0.865 Collecting js.momentjs>=2.5.0 (from js.fullcalendar)
#8 0.874   Downloading js.momentjs-2.13.1.tar.gz (327 kB)
#8 0.894      ━━━━━━━━━━━━━━━━━━━━━━━━━━━━━━━━━━━━━━ 327.2/327.2 kB 18.2 MB/s eta 0:00:00
#8 0.918   Preparing metadata (setup.py): started
#8 1.040   Preparing metadata (setup.py): finished with status 'done'
#8 1.042 Requirement already satisfied: setuptools in /usr/local/lib/python3.11/site-packages (from js.fullcalendar) (79.0.1)
#8 1.051 Requirement already satisfied: WebOb>=1.2 in /usr/local/lib/python3.11/site-packages (from fanstatic->js.fullcalendar) (1.8.9)
#8 1.052 Requirement already satisfied: packaging in /usr/local/lib/python3.11/site-packages (from fanstatic->js.fullcalendar) (25.0)
#8 1.092 Downloading js.jquery-3.6.1-py2.py3-none-any.whl (316 kB)
#8 1.111    ━━━━━━━━━━━━━━━━━━━━━━━━━━━━━━━━━━━━━━━━ 316.1/316.1 kB 18.0 MB/s eta 0:00:00
#8 1.116 Building wheels for collected packages: js.fullcalendar, js.momentjs
#8 1.121   Building wheel for js.fullcalendar (setup.py): started
#8 1.323   Building wheel for js.fullcalendar (setup.py): finished with status 'done'
#8 1.324   Created wheel for js.fullcalendar: filename=js_fullcalendar-2.9.1-py3-none-any.whl size=255144 sha256=27a1359c0eadd8d9fb90fd873cc482d540ea5798ea44309b09f7f60e6cfe1ca5
#8 1.325   Stored in directory: /root/.cache/pip/wheels/b2/bf/1f/0706096cfb3a13c8301cee48f5f76d874b81714c7e0f9a3f54
#8 1.326   Building wheel for js.momentjs (setup.py): started
#8 1.550   Building wheel for js.momentjs (setup.py): finished with status 'done'
#8 1.552   Created wheel for js.momentjs: filename=js_momentjs-2.13.1-py3-none-any.whl size=408538 sha256=7b33a87bb9927c9f72f69e90a0349321057cddb58619dbdf0933f46a5187337b
#8 1.552   Stored in directory: /root/.cache/pip/wheels/15/13/d4/ce77920acdd45be0e7adf8478b54e6ef5dd5d20643ae3a6540
#8 1.554 Successfully built js.fullcalendar js.momentjs
#8 1.596 Installing collected packages: js.momentjs, js.jquery, js.fullcalendar
#8 1.701 Successfully installed js.fullcalendar-2.9.1 js.jquery-3.6.1 js.momentjs-2.13.1
#8 1.701 WARNING: Running pip as the 'root' user can result in broken permissions and conflicting behaviour with the system package manager. It is recommended to use a virtual environment instead: https://pip.pypa.io/warnings/venv
#8 1.707 
#8 1.707 [notice] A new release of pip is available: 24.0 -> 25.3
#8 1.707 [notice] To update, run: pip install --upgrade pip
#8 DONE 1.8s

#9 [5/8] RUN ["pip","install","js.bootstrap"]
#9 0.536 Collecting js.bootstrap
#9 0.572   Downloading js.bootstrap-3.3.4.zip (271 kB)
#9 0.610      ━━━━━━━━━━━━━━━━━━━━━━━━━━━━━━━━━━━━━━━ 271.8/271.8 kB 7.4 MB/s eta 0:00:00
#9 0.619   Preparing metadata (setup.py): started
#9 0.744   Preparing metadata (setup.py): finished with status 'done'
#9 0.747 Requirement already satisfied: fanstatic in /usr/local/lib/python3.11/site-packages (from js.bootstrap) (1.5)
#9 0.748 Requirement already satisfied: js.jquery in /usr/local/lib/python3.11/site-packages (from js.bootstrap) (3.6.1)
#9 0.749 Requirement already satisfied: setuptools in /usr/local/lib/python3.11/site-packages (from js.bootstrap) (79.0.1)
#9 0.755 Requirement already satisfied: WebOb>=1.2 in /usr/local/lib/python3.11/site-packages (from fanstatic->js.bootstrap) (1.8.9)
#9 0.756 Requirement already satisfied: packaging in /usr/local/lib/python3.11/site-packages (from fanstatic->js.bootstrap) (25.0)
#9 0.788 Building wheels for collected packages: js.bootstrap
#9 0.793   Building wheel for js.bootstrap (setup.py): started
#9 0.974   Building wheel for js.bootstrap (setup.py): finished with status 'done'
#9 0.976   Created wheel for js.bootstrap: filename=js_bootstrap-3.3.4-py3-none-any.whl size=267797 sha256=0902059fe8b14b5e2108e5575d2a3d1c8f62a232c34cbd6582b943ee7a3b07a4
#9 0.976   Stored in directory: /root/.cache/pip/wheels/2e/27/52/3efb160f765e7062d7328630efafb5638e529e45060d80245f
#9 0.978 Successfully built js.bootstrap
#9 1.022 Installing collected packages: js.bootstrap
#9 1.064 Successfully installed js.bootstrap-3.3.4
#9 1.064 WARNING: Running pip as the 'root' user can result in broken permissions and conflicting behaviour with the system package manager. It is recommended to use a virtual environment instead: https://pip.pypa.io/warnings/venv
#9 1.069 
#9 1.069 [notice] A new release of pip is available: 24.0 -> 25.3
#9 1.069 [notice] To update, run: pip install --upgrade pip
#9 DONE 1.1s

#10 [6/8] RUN ["pip","install","django-json-rpc"]
#10 0.637 Collecting django-json-rpc
#10 0.777   Downloading django-json-rpc-0.7.2.tar.gz (99 kB)
#10 0.801      ━━━━━━━━━━━━━━━━━━━━━━━━━━━━━━━━━━━━━━━━ 99.6/99.6 kB 4.1 MB/s eta 0:00:00
#10 0.808   Preparing metadata (setup.py): started
#10 0.931   Preparing metadata (setup.py): finished with status 'done'
#10 1.049 Collecting Django>=1.0 (from django-json-rpc)
#10 1.059   Downloading django-5.2.7-py3-none-any.whl.metadata (4.1 kB)
#10 1.099 Collecting six (from django-json-rpc)
#10 1.107   Downloading six-1.17.0-py2.py3-none-any.whl.metadata (1.7 kB)
#10 1.163 Collecting asgiref>=3.8.1 (from Django>=1.0->django-json-rpc)
#10 1.172   Downloading asgiref-3.10.0-py3-none-any.whl.metadata (9.3 kB)
#10 1.209 Collecting sqlparse>=0.3.1 (from Django>=1.0->django-json-rpc)
#10 1.219   Downloading sqlparse-0.5.3-py3-none-any.whl.metadata (3.9 kB)
#10 1.245 Downloading django-5.2.7-py3-none-any.whl (8.3 MB)
#10 1.579    ━━━━━━━━━━━━━━━━━━━━━━━━━━━━━━━━━━━━━━━━ 8.3/8.3 MB 24.9 MB/s eta 0:00:00
#10 1.589 Downloading six-1.17.0-py2.py3-none-any.whl (11 kB)
#10 1.615 Downloading asgiref-3.10.0-py3-none-any.whl (24 kB)
#10 1.633 Downloading sqlparse-0.5.3-py3-none-any.whl (44 kB)
#10 1.649    ━━━━━━━━━━━━━━━━━━━━━━━━━━━━━━━━━━━━━━━━ 44.4/44.4 kB 2.5 MB/s eta 0:00:00
#10 1.688 Building wheels for collected packages: django-json-rpc
#10 1.693   Building wheel for django-json-rpc (setup.py): started
#10 1.848   Building wheel for django-json-rpc (setup.py): finished with status 'done'
#10 1.848   Created wheel for django-json-rpc: filename=django_json_rpc-0.7.2-py3-none-any.whl size=94315 sha256=3e64e4d706b575fa5b96c45f85c9e463b568cad7a72ff827ee5965521fce58a6
#10 1.849   Stored in directory: /root/.cache/pip/wheels/c9/70/6c/c16446d2c3f39d3dd156d4474e5e751868e9f4010d29000ccb
#10 1.850 Successfully built django-json-rpc
#10 1.914 Installing collected packages: sqlparse, six, asgiref, Django, django-json-rpc
#10 3.408 Successfully installed Django-5.2.7 asgiref-3.10.0 django-json-rpc-0.7.2 six-1.17.0 sqlparse-0.5.3
#10 3.408 WARNING: Running pip as the 'root' user can result in broken permissions and conflicting behaviour with the system package manager. It is recommended to use a virtual environment instead: https://pip.pypa.io/warnings/venv
#10 3.414 
#10 3.414 [notice] A new release of pip is available: 24.0 -> 25.3
#10 3.414 [notice] To update, run: pip install --upgrade pip
#10 DONE 3.7s

#11 [7/8] RUN ["pip","install","json-rpc"]
#11 0.562 Collecting json-rpc
#11 0.600   Downloading json_rpc-1.15.0-py2.py3-none-any.whl.metadata (7.2 kB)
#11 0.624 Downloading json_rpc-1.15.0-py2.py3-none-any.whl (39 kB)
#11 0.698 Installing collected packages: json-rpc
#11 0.764 Successfully installed json-rpc-1.15.0
#11 0.764 WARNING: Running pip as the 'root' user can result in broken permissions and conflicting behaviour with the system package manager. It is recommended to use a virtual environment instead: https://pip.pypa.io/warnings/venv
#11 0.769 
#11 0.769 [notice] A new release of pip is available: 24.0 -> 25.3
#11 0.769 [notice] To update, run: pip install --upgrade pip
#11 DONE 0.8s

#12 [8/8] RUN ["pip","install","jsonrpc"]
#12 0.669 Collecting jsonrpc
#12 0.802   Downloading jsonrpc-3.0.1-py3-none-any.whl.metadata (819 bytes)
#12 0.857 Collecting pyOpenSSL (from jsonrpc)
#12 0.868   Downloading pyopenssl-25.3.0-py3-none-any.whl.metadata (17 kB)
#12 0.907 Collecting service-identity (from jsonrpc)
#12 0.916   Downloading service_identity-24.2.0-py3-none-any.whl.metadata (5.1 kB)
#12 0.990 Collecting Twisted (from jsonrpc)
#12 1.001   Downloading twisted-25.5.0-py3-none-any.whl.metadata (22 kB)
#12 1.255 Collecting cryptography<47,>=45.0.7 (from pyOpenSSL->jsonrpc)
#12 1.264   Downloading cryptography-46.0.3-cp311-abi3-manylinux_2_34_x86_64.whl.metadata (5.7 kB)
#12 1.325 Collecting typing-extensions>=4.9 (from pyOpenSSL->jsonrpc)
#12 1.368   Downloading typing_extensions-4.15.0-py3-none-any.whl.metadata (3.3 kB)
#12 1.427 Collecting attrs>=19.1.0 (from service-identity->jsonrpc)
#12 1.435   Downloading attrs-25.4.0-py3-none-any.whl.metadata (10 kB)
#12 1.482 Collecting pyasn1 (from service-identity->jsonrpc)
#12 1.491   Downloading pyasn1-0.6.1-py3-none-any.whl.metadata (8.4 kB)
#12 1.546 Collecting pyasn1-modules (from service-identity->jsonrpc)
#12 1.554   Downloading pyasn1_modules-0.4.2-py3-none-any.whl.metadata (3.5 kB)
#12 1.740 Collecting automat>=24.8.0 (from Twisted->jsonrpc)
#12 1.750   Downloading automat-25.4.16-py3-none-any.whl.metadata (8.4 kB)
#12 1.794 Collecting constantly>=15.1 (from Twisted->jsonrpc)
#12 1.803   Downloading constantly-23.10.4-py3-none-any.whl.metadata (1.8 kB)
#12 1.843 Collecting hyperlink>=17.1.1 (from Twisted->jsonrpc)
#12 1.852   Downloading hyperlink-21.0.0-py2.py3-none-any.whl.metadata (1.5 kB)
#12 1.889 Collecting incremental>=24.7.0 (from Twisted->jsonrpc)
#12 1.899   Downloading incremental-24.7.2-py3-none-any.whl.metadata (8.1 kB)
#12 2.037 Collecting zope-interface>=5 (from Twisted->jsonrpc)
#12 2.049   Downloading zope_interface-8.0.1-cp311-cp311-manylinux1_x86_64.manylinux2014_x86_64.manylinux_2_17_x86_64.manylinux_2_5_x86_64.whl.metadata (44 kB)
#12 2.066      ━━━━━━━━━━━━━━━━━━━━━━━━━━━━━━━━━━━━━━━━ 44.9/44.9 kB 2.5 MB/s eta 0:00:00
#12 2.224 Collecting cffi>=2.0.0 (from cryptography<47,>=45.0.7->pyOpenSSL->jsonrpc)
#12 2.233   Downloading cffi-2.0.0-cp311-cp311-manylinux2014_x86_64.manylinux_2_17_x86_64.whl.metadata (2.6 kB)
#12 2.281 Collecting idna>=2.5 (from hyperlink>=17.1.1->Twisted->jsonrpc)
#12 2.290   Downloading idna-3.11-py3-none-any.whl.metadata (8.4 kB)
#12 2.306 Requirement already satisfied: setuptools>=61.0 in /usr/local/lib/python3.11/site-packages (from incremental>=24.7.0->Twisted->jsonrpc) (79.0.1)
#12 2.347 Collecting pycparser (from cffi>=2.0.0->cryptography<47,>=45.0.7->pyOpenSSL->jsonrpc)
#12 2.355   Downloading pycparser-2.23-py3-none-any.whl.metadata (993 bytes)
#12 2.510 Downloading jsonrpc-3.0.1-py3-none-any.whl (18 kB)
#12 2.530 Downloading pyopenssl-25.3.0-py3-none-any.whl (57 kB)
#12 2.542    ━━━━━━━━━━━━━━━━━━━━━━━━━━━━━━━━━━━━━━━━ 57.3/57.3 kB 4.4 MB/s eta 0:00:00
#12 2.552 Downloading service_identity-24.2.0-py3-none-any.whl (11 kB)
#12 2.572 Downloading twisted-25.5.0-py3-none-any.whl (3.2 MB)
#12 2.705    ━━━━━━━━━━━━━━━━━━━━━━━━━━━━━━━━━━━━━━━━ 3.2/3.2 MB 24.5 MB/s eta 0:00:00
#12 2.717 Downloading attrs-25.4.0-py3-none-any.whl (67 kB)
#12 2.729    ━━━━━━━━━━━━━━━━━━━━━━━━━━━━━━━━━━━━━━━━ 67.6/67.6 kB 5.7 MB/s eta 0:00:00
#12 2.739 Downloading automat-25.4.16-py3-none-any.whl (42 kB)
#12 2.751    ━━━━━━━━━━━━━━━━━━━━━━━━━━━━━━━━━━━━━━━━ 42.8/42.8 kB 3.4 MB/s eta 0:00:00
#12 2.761 Downloading constantly-23.10.4-py3-none-any.whl (13 kB)
#12 2.786 Downloading cryptography-46.0.3-cp311-abi3-manylinux_2_34_x86_64.whl (4.5 MB)
#12 2.960    ━━━━━━━━━━━━━━━━━━━━━━━━━━━━━━━━━━━━━━━━ 4.5/4.5 MB 26.0 MB/s eta 0:00:00
#12 2.969 Downloading hyperlink-21.0.0-py2.py3-none-any.whl (74 kB)
#12 2.982    ━━━━━━━━━━━━━━━━━━━━━━━━━━━━━━━━━━━━━━━━ 74.6/74.6 kB 5.9 MB/s eta 0:00:00
#12 2.991 Downloading incremental-24.7.2-py3-none-any.whl (20 kB)
#12 3.010 Downloading typing_extensions-4.15.0-py3-none-any.whl (44 kB)
#12 3.021    ━━━━━━━━━━━━━━━━━━━━━━━━━━━━━━━━━━━━━━━━ 44.6/44.6 kB 3.7 MB/s eta 0:00:00
#12 3.031 Downloading zope_interface-8.0.1-cp311-cp311-manylinux1_x86_64.manylinux2014_x86_64.manylinux_2_17_x86_64.manylinux_2_5_x86_64.whl (259 kB)
#12 3.051    ━━━━━━━━━━━━━━━━━━━━━━━━━━━━━━━━━━━━━━━━ 259.8/259.8 kB 14.1 MB/s eta 0:00:00
#12 3.060 Downloading pyasn1-0.6.1-py3-none-any.whl (83 kB)
#12 3.073    ━━━━━━━━━━━━━━━━━━━━━━━━━━━━━━━━━━━━━━━━ 83.1/83.1 kB 6.9 MB/s eta 0:00:00
#12 3.082 Downloading pyasn1_modules-0.4.2-py3-none-any.whl (181 kB)
#12 3.098    ━━━━━━━━━━━━━━━━━━━━━━━━━━━━━━━━━━━━━━━━ 181.3/181.3 kB 12.0 MB/s eta 0:00:00
#12 3.111 Downloading cffi-2.0.0-cp311-cp311-manylinux2014_x86_64.manylinux_2_17_x86_64.whl (215 kB)
#12 3.139    ━━━━━━━━━━━━━━━━━━━━━━━━━━━━━━━━━━━━━━━━ 215.6/215.6 kB 8.4 MB/s eta 0:00:00
#12 3.148 Downloading idna-3.11-py3-none-any.whl (71 kB)
#12 3.160    ━━━━━━━━━━━━━━━━━━━━━━━━━━━━━━━━━━━━━━━━ 71.0/71.0 kB 6.1 MB/s eta 0:00:00
#12 3.169 Downloading pycparser-2.23-py3-none-any.whl (118 kB)
#12 3.183    ━━━━━━━━━━━━━━━━━━━━━━━━━━━━━━━━━━━━━━━━ 118.1/118.1 kB 8.8 MB/s eta 0:00:00
#12 3.464 Installing collected packages: zope-interface, typing-extensions, pycparser, pyasn1, incremental, idna, constantly, automat, attrs, pyasn1-modules, hyperlink, cffi, Twisted, cryptography, service-identity, pyOpenSSL, jsonrpc
#12 5.826 Successfully installed Twisted-25.5.0 attrs-25.4.0 automat-25.4.16 cffi-2.0.0 constantly-23.10.4 cryptography-46.0.3 hyperlink-21.0.0 idna-3.11 incremental-24.7.2 jsonrpc-3.0.1 pyOpenSSL-25.3.0 pyasn1-0.6.1 pyasn1-modules-0.4.2 pycparser-2.23 service-identity-24.2.0 typing-extensions-4.15.0 zope-interface-8.0.1
#12 5.826 WARNING: Running pip as the 'root' user can result in broken permissions and conflicting behaviour with the system package manager. It is recommended to use a virtual environment instead: https://pip.pypa.io/warnings/venv
#12 5.833 
#12 5.833 [notice] A new release of pip is available: 24.0 -> 25.3
#12 5.833 [notice] To update, run: pip install --upgrade pip
#12 DONE 6.4s

#13 exporting to image
#13 exporting layers
#13 exporting layers 0.7s done
#13 writing image sha256:ef53bab51c9dd99be094d559c519c92d7faf603e225d06fc27dd4f5d5108a8e4 done
#13 naming to docker.io/library/test-image-5608566 done
#13 DONE 0.7s

View build details: docker-desktop://dashboard/build/default/default/184y6d88tqvrsbcl9ot8yk5ja
[2025-10-29 15:47:00] SUCCESS: Build completed for 5608566
