=== Docker Build Log for 540f615dd9d54de47dc52b0ca60522c1 ===
Started at: Mi 29. Okt 15:40:51 CET 2025

[2025-10-29 15:40:51] START: Building image for 540f615dd9d54de47dc52b0ca60522c1
#0 building with "default" instance using docker driver

#1 [internal] load build definition from Dockerfile
#1 transferring dockerfile: 187B done
#1 DONE 0.0s

#2 [internal] load metadata for docker.io/library/python:3.11
#2 DONE 0.0s

#3 [internal] load .dockerignore
#3 transferring context: 2B done
#3 DONE 0.0s

#4 [internal] load build context
#4 transferring context: 858B 0.0s done
#4 DONE 0.0s

#5 [1/3] FROM docker.io/library/python:3.11
#5 CACHED

#6 [2/3] COPY hard-gists/540f615dd9d54de47dc52b0ca60522c1/snippet.py /snippet.py
#6 DONE 0.0s

#7 [3/3] RUN ["pip","install","idc"]
#7 2.162 Collecting idc
#7 2.205   Downloading idc-0.6.0.tar.gz (850 kB)
#7 2.275      ━━━━━━━━━━━━━━━━━━━━━━━━━━━━━━━━━━━━━━ 850.4/850.4 kB 12.9 MB/s eta 0:00:00
#7 2.314   Preparing metadata (setup.py): started
#7 3.311   Preparing metadata (setup.py): finished with status 'done'
#7 3.339 Collecting pyOSC==0.3.5b-5294 (from idc)
#7 3.351   Downloading pyOSC-0.3.5b-5294.tar.gz (33 kB)
#7 3.364   Preparing metadata (setup.py): started
#7 3.458   Preparing metadata (setup.py): finished with status 'error'
#7 3.462   error: subprocess-exited-with-error
#7 3.462   
#7 3.462   × python setup.py egg_info did not run successfully.
#7 3.462   │ exit code: 1
#7 3.462   ╰─> [9 lines of output]
#7 3.462       Traceback (most recent call last):
#7 3.462         File "<string>", line 2, in <module>
#7 3.462         File "<pip-setuptools-caller>", line 34, in <module>
#7 3.462         File "/tmp/pip-install-f13dr7b1/pyosc_3b70d01ead7a4218a1987f707b00773a/setup.py", line 5, in <module>
#7 3.462           import OSC
#7 3.462         File "/tmp/pip-install-f13dr7b1/pyosc_3b70d01ead7a4218a1987f707b00773a/OSC.py", line 735
#7 3.462           binary = struct.pack('>ll', 0L, 1L)
#7 3.462                                       ^
#7 3.462       SyntaxError: invalid decimal literal
#7 3.462       [end of output]
#7 3.462   
#7 3.462   note: This error originates from a subprocess, and is likely not a problem with pip.
#7 3.463 error: metadata-generation-failed
#7 3.463 
#7 3.463 × Encountered error while generating package metadata.
#7 3.463 ╰─> See above for output.
#7 3.463 
#7 3.463 note: This is an issue with the package mentioned above, not pip.
#7 3.463 hint: See above for details.
#7 3.554 
#7 3.554 [notice] A new release of pip is available: 24.0 -> 25.3
#7 3.554 [notice] To update, run: pip install --upgrade pip
#7 ERROR: process "pip install idc" did not complete successfully: exit code: 1
------
 > [3/3] RUN ["pip","install","idc"]:
3.463 error: metadata-generation-failed
3.463 
3.463 × Encountered error while generating package metadata.
3.463 ╰─> See above for output.
3.463 
3.463 note: This is an issue with the package mentioned above, not pip.
3.463 hint: See above for details.
3.554 
3.554 [notice] A new release of pip is available: 24.0 -> 25.3
3.554 [notice] To update, run: pip install --upgrade pip
------
Dockerfile:3
--------------------
   1 |     FROM python:3.11
   2 |     COPY hard-gists/540f615dd9d54de47dc52b0ca60522c1/snippet.py /snippet.py
   3 | >>> RUN ["pip","install","idc"]
   4 |     CMD ["python3","/snippet.py"]
   5 |     
--------------------
ERROR: failed to build: failed to solve: process "pip install idc" did not complete successfully: exit code: 1

View build details: docker-desktop://dashboard/build/default/default/sptre7qdhz8akp9kh2oc7bwk6
[2025-10-29 15:40:55] ERROR: Build failed for 540f615dd9d54de47dc52b0ca60522c1
