=== Docker Build Log for 639576c25693ca4890457efa5f67d103 ===
Started at: Mi 29. Okt 16:29:02 CET 2025

[2025-10-29 16:29:02] START: Building image for 639576c25693ca4890457efa5f67d103
#0 building with "default" instance using docker driver

#1 [internal] load build definition from Dockerfile
#1 transferring dockerfile: 224B done
#1 DONE 0.0s

#2 [internal] load metadata for docker.io/library/python:3.11
#2 DONE 0.0s

#3 [internal] load .dockerignore
#3 transferring context: 2B done
#3 DONE 0.0s

#4 [internal] load build context
#4 transferring context: 3.46kB 0.0s done
#4 DONE 0.0s

#5 [1/4] FROM docker.io/library/python:3.11
#5 CACHED

#6 [2/4] COPY hard-gists/639576c25693ca4890457efa5f67d103/snippet.py /snippet.py
#6 DONE 0.1s

#7 [3/4] RUN ["pip","install","tensorflow"]
#7 2.136 Collecting tensorflow
#7 2.172   Downloading tensorflow-2.20.0-cp311-cp311-manylinux_2_17_x86_64.manylinux2014_x86_64.whl.metadata (4.5 kB)
#7 2.236 Collecting absl-py>=1.0.0 (from tensorflow)
#7 2.245   Downloading absl_py-2.3.1-py3-none-any.whl.metadata (3.3 kB)
#7 2.280 Collecting astunparse>=1.6.0 (from tensorflow)
#7 2.288   Downloading astunparse-1.6.3-py2.py3-none-any.whl.metadata (4.4 kB)
#7 2.336 Collecting flatbuffers>=24.3.25 (from tensorflow)
#7 2.345   Downloading flatbuffers-25.9.23-py2.py3-none-any.whl.metadata (875 bytes)
#7 2.393 Collecting gast!=0.5.0,!=0.5.1,!=0.5.2,>=0.2.1 (from tensorflow)
#7 2.402   Downloading gast-0.6.0-py3-none-any.whl.metadata (1.3 kB)
#7 2.436 Collecting google_pasta>=0.1.1 (from tensorflow)
#7 2.444   Downloading google_pasta-0.2.0-py3-none-any.whl.metadata (814 bytes)
#7 2.487 Collecting libclang>=13.0.0 (from tensorflow)
#7 2.497   Downloading libclang-18.1.1-py2.py3-none-manylinux2010_x86_64.whl.metadata (5.2 kB)
#7 2.534 Collecting opt_einsum>=2.3.2 (from tensorflow)
#7 2.543   Downloading opt_einsum-3.4.0-py3-none-any.whl.metadata (6.3 kB)
#7 2.592 Collecting packaging (from tensorflow)
#7 2.600   Downloading packaging-25.0-py3-none-any.whl.metadata (3.3 kB)
#7 2.831 Collecting protobuf>=5.28.0 (from tensorflow)
#7 2.842   Downloading protobuf-6.33.0-cp39-abi3-manylinux2014_x86_64.whl.metadata (593 bytes)
#7 2.904 Collecting requests<3,>=2.21.0 (from tensorflow)
#7 2.912   Downloading requests-2.32.5-py3-none-any.whl.metadata (4.9 kB)
#7 2.923 Requirement already satisfied: setuptools in /usr/local/lib/python3.11/site-packages (from tensorflow) (79.0.1)
#7 2.952 Collecting six>=1.12.0 (from tensorflow)
#7 2.960   Downloading six-1.17.0-py2.py3-none-any.whl.metadata (1.7 kB)
#7 3.002 Collecting termcolor>=1.1.0 (from tensorflow)
#7 3.011   Downloading termcolor-3.2.0-py3-none-any.whl.metadata (6.4 kB)
#7 3.057 Collecting typing_extensions>=3.6.6 (from tensorflow)
#7 3.065   Downloading typing_extensions-4.15.0-py3-none-any.whl.metadata (3.3 kB)
#7 3.226 Collecting wrapt>=1.11.0 (from tensorflow)
#7 3.237   Downloading wrapt-2.0.0-cp311-cp311-manylinux1_x86_64.manylinux_2_28_x86_64.manylinux_2_5_x86_64.whl.metadata (8.8 kB)
#7 3.830 Collecting grpcio<2.0,>=1.24.3 (from tensorflow)
#7 3.839   Downloading grpcio-1.76.0-cp311-cp311-manylinux2014_x86_64.manylinux_2_17_x86_64.whl.metadata (3.7 kB)
#7 3.901 Collecting tensorboard~=2.20.0 (from tensorflow)
#7 3.909   Downloading tensorboard-2.20.0-py3-none-any.whl.metadata (1.8 kB)
#7 3.961 Collecting keras>=3.10.0 (from tensorflow)
#7 3.970   Downloading keras-3.12.0-py3-none-any.whl.metadata (5.9 kB)
#7 4.222 Collecting numpy>=1.26.0 (from tensorflow)
#7 4.234   Downloading numpy-2.3.4-cp311-cp311-manylinux_2_27_x86_64.manylinux_2_28_x86_64.whl.metadata (62 kB)
#7 4.260      ━━━━━━━━━━━━━━━━━━━━━━━━━━━━━━━━━━━━━━━━ 62.1/62.1 kB 2.1 MB/s eta 0:00:00
#7 4.330 Collecting h5py>=3.11.0 (from tensorflow)
#7 4.339   Downloading h5py-3.15.1-cp311-cp311-manylinux_2_27_x86_64.manylinux_2_28_x86_64.whl.metadata (3.0 kB)
#7 4.390 Collecting ml_dtypes<1.0.0,>=0.5.1 (from tensorflow)
#7 4.400   Downloading ml_dtypes-0.5.3-cp311-cp311-manylinux_2_27_x86_64.manylinux_2_28_x86_64.whl.metadata (8.9 kB)
#7 4.414 Requirement already satisfied: wheel<1.0,>=0.23.0 in /usr/local/lib/python3.11/site-packages (from astunparse>=1.6.0->tensorflow) (0.45.1)
#7 4.513 Collecting rich (from keras>=3.10.0->tensorflow)
#7 4.521   Downloading rich-14.2.0-py3-none-any.whl.metadata (18 kB)
#7 4.557 Collecting namex (from keras>=3.10.0->tensorflow)
#7 4.566   Downloading namex-0.1.0-py3-none-any.whl.metadata (322 bytes)
#7 4.671 Collecting optree (from keras>=3.10.0->tensorflow)
#7 4.680   Downloading optree-0.17.0-cp311-cp311-manylinux_2_27_x86_64.manylinux_2_28_x86_64.whl.metadata (33 kB)
#7 4.837 Collecting charset_normalizer<4,>=2 (from requests<3,>=2.21.0->tensorflow)
#7 4.846   Downloading charset_normalizer-3.4.4-cp311-cp311-manylinux2014_x86_64.manylinux_2_17_x86_64.manylinux_2_28_x86_64.whl.metadata (37 kB)
#7 4.890 Collecting idna<4,>=2.5 (from requests<3,>=2.21.0->tensorflow)
#7 4.898   Downloading idna-3.11-py3-none-any.whl.metadata (8.4 kB)
#7 4.963 Collecting urllib3<3,>=1.21.1 (from requests<3,>=2.21.0->tensorflow)
#7 4.972   Downloading urllib3-2.5.0-py3-none-any.whl.metadata (6.5 kB)
#7 5.019 Collecting certifi>=2017.4.17 (from requests<3,>=2.21.0->tensorflow)
#7 5.027   Downloading certifi-2025.10.5-py3-none-any.whl.metadata (2.5 kB)
#7 5.105 Collecting markdown>=2.6.8 (from tensorboard~=2.20.0->tensorflow)
#7 5.114   Downloading markdown-3.9-py3-none-any.whl.metadata (5.1 kB)
#7 5.378 Collecting pillow (from tensorboard~=2.20.0->tensorflow)
#7 5.389   Downloading pillow-12.0.0-cp311-cp311-manylinux_2_27_x86_64.manylinux_2_28_x86_64.whl.metadata (8.8 kB)
#7 5.454 Collecting tensorboard-data-server<0.8.0,>=0.7.0 (from tensorboard~=2.20.0->tensorflow)
#7 5.465   Downloading tensorboard_data_server-0.7.2-py3-none-manylinux_2_31_x86_64.whl.metadata (1.1 kB)
#7 5.519 Collecting werkzeug>=1.0.1 (from tensorboard~=2.20.0->tensorflow)
#7 5.528   Downloading werkzeug-3.1.3-py3-none-any.whl.metadata (3.7 kB)
#7 5.691 Collecting MarkupSafe>=2.1.1 (from werkzeug>=1.0.1->tensorboard~=2.20.0->tensorflow)
#7 5.699   Downloading markupsafe-3.0.3-cp311-cp311-manylinux2014_x86_64.manylinux_2_17_x86_64.manylinux_2_28_x86_64.whl.metadata (2.7 kB)
#7 5.793 Collecting markdown-it-py>=2.2.0 (from rich->keras>=3.10.0->tensorflow)
#7 5.802   Downloading markdown_it_py-4.0.0-py3-none-any.whl.metadata (7.3 kB)
#7 5.851 Collecting pygments<3.0.0,>=2.13.0 (from rich->keras>=3.10.0->tensorflow)
#7 5.859   Downloading pygments-2.19.2-py3-none-any.whl.metadata (2.5 kB)
#7 5.910 Collecting mdurl~=0.1 (from markdown-it-py>=2.2.0->rich->keras>=3.10.0->tensorflow)
#7 5.919   Downloading mdurl-0.1.2-py3-none-any.whl.metadata (1.6 kB)
#7 5.956 Downloading tensorflow-2.20.0-cp311-cp311-manylinux_2_17_x86_64.manylinux2014_x86_64.whl (620.6 MB)
#7 29.42    ━━━━━━━━━━━━━━━━━━━━━━━━━━━━━━━━━━━━━━━━ 620.6/620.6 MB 2.7 MB/s eta 0:00:00
#7 29.43 Downloading absl_py-2.3.1-py3-none-any.whl (135 kB)
#7 29.45    ━━━━━━━━━━━━━━━━━━━━━━━━━━━━━━━━━━━━━━━━ 135.8/135.8 kB 7.1 MB/s eta 0:00:00
#7 29.46 Downloading astunparse-1.6.3-py2.py3-none-any.whl (12 kB)
#7 29.48 Downloading flatbuffers-25.9.23-py2.py3-none-any.whl (30 kB)
#7 29.50 Downloading gast-0.6.0-py3-none-any.whl (21 kB)
#7 29.52 Downloading google_pasta-0.2.0-py3-none-any.whl (57 kB)
#7 29.53    ━━━━━━━━━━━━━━━━━━━━━━━━━━━━━━━━━━━━━━━━ 57.5/57.5 kB 4.4 MB/s eta 0:00:00
#7 29.54 Downloading grpcio-1.76.0-cp311-cp311-manylinux2014_x86_64.manylinux_2_17_x86_64.whl (6.6 MB)
#7 29.79    ━━━━━━━━━━━━━━━━━━━━━━━━━━━━━━━━━━━━━━━━ 6.6/6.6 MB 27.3 MB/s eta 0:00:00
#7 29.79 Downloading h5py-3.15.1-cp311-cp311-manylinux_2_27_x86_64.manylinux_2_28_x86_64.whl (4.7 MB)
#7 29.96    ━━━━━━━━━━━━━━━━━━━━━━━━━━━━━━━━━━━━━━━━ 4.7/4.7 MB 28.0 MB/s eta 0:00:00
#7 29.97 Downloading keras-3.12.0-py3-none-any.whl (1.5 MB)
#7 30.03    ━━━━━━━━━━━━━━━━━━━━━━━━━━━━━━━━━━━━━━━━ 1.5/1.5 MB 25.1 MB/s eta 0:00:00
#7 30.04 Downloading libclang-18.1.1-py2.py3-none-manylinux2010_x86_64.whl (24.5 MB)
#7 30.95    ━━━━━━━━━━━━━━━━━━━━━━━━━━━━━━━━━━━━━━━━ 24.5/24.5 MB 21.9 MB/s eta 0:00:00
#7 30.97 Downloading ml_dtypes-0.5.3-cp311-cp311-manylinux_2_27_x86_64.manylinux_2_28_x86_64.whl (4.9 MB)
#7 31.15    ━━━━━━━━━━━━━━━━━━━━━━━━━━━━━━━━━━━━━━━━ 4.9/4.9 MB 27.7 MB/s eta 0:00:00
#7 31.16 Downloading numpy-2.3.4-cp311-cp311-manylinux_2_27_x86_64.manylinux_2_28_x86_64.whl (16.9 MB)
#7 31.79    ━━━━━━━━━━━━━━━━━━━━━━━━━━━━━━━━━━━━━━━━ 16.9/16.9 MB 24.1 MB/s eta 0:00:00
#7 31.80 Downloading opt_einsum-3.4.0-py3-none-any.whl (71 kB)
#7 31.82    ━━━━━━━━━━━━━━━━━━━━━━━━━━━━━━━━━━━━━━━━ 71.9/71.9 kB 3.9 MB/s eta 0:00:00
#7 31.83 Downloading protobuf-6.33.0-cp39-abi3-manylinux2014_x86_64.whl (323 kB)
#7 31.85    ━━━━━━━━━━━━━━━━━━━━━━━━━━━━━━━━━━━━━━━━ 323.2/323.2 kB 16.6 MB/s eta 0:00:00
#7 31.86 Downloading requests-2.32.5-py3-none-any.whl (64 kB)
#7 31.87    ━━━━━━━━━━━━━━━━━━━━━━━━━━━━━━━━━━━━━━━━ 64.7/64.7 kB 5.4 MB/s eta 0:00:00
#7 31.88 Downloading six-1.17.0-py2.py3-none-any.whl (11 kB)
#7 31.90 Downloading tensorboard-2.20.0-py3-none-any.whl (5.5 MB)
#7 32.10    ━━━━━━━━━━━━━━━━━━━━━━━━━━━━━━━━━━━━━━━━ 5.5/5.5 MB 27.1 MB/s eta 0:00:00
#7 32.11 Downloading termcolor-3.2.0-py3-none-any.whl (7.7 kB)
#7 32.13 Downloading typing_extensions-4.15.0-py3-none-any.whl (44 kB)
#7 32.14    ━━━━━━━━━━━━━━━━━━━━━━━━━━━━━━━━━━━━━━━━ 44.6/44.6 kB 3.3 MB/s eta 0:00:00
#7 32.15 Downloading wrapt-2.0.0-cp311-cp311-manylinux1_x86_64.manylinux_2_28_x86_64.manylinux_2_5_x86_64.whl (114 kB)
#7 32.17    ━━━━━━━━━━━━━━━━━━━━━━━━━━━━━━━━━━━━━━━━ 114.1/114.1 kB 8.6 MB/s eta 0:00:00
#7 32.17 Downloading packaging-25.0-py3-none-any.whl (66 kB)
#7 32.19    ━━━━━━━━━━━━━━━━━━━━━━━━━━━━━━━━━━━━━━━━ 66.5/66.5 kB 4.5 MB/s eta 0:00:00
#7 32.19 Downloading certifi-2025.10.5-py3-none-any.whl (163 kB)
#7 32.21    ━━━━━━━━━━━━━━━━━━━━━━━━━━━━━━━━━━━━━━━━ 163.3/163.3 kB 11.5 MB/s eta 0:00:00
#7 32.22 Downloading charset_normalizer-3.4.4-cp311-cp311-manylinux2014_x86_64.manylinux_2_17_x86_64.manylinux_2_28_x86_64.whl (151 kB)
#7 32.23    ━━━━━━━━━━━━━━━━━━━━━━━━━━━━━━━━━━━━━━━━ 151.6/151.6 kB 10.6 MB/s eta 0:00:00
#7 32.24 Downloading idna-3.11-py3-none-any.whl (71 kB)
#7 32.26    ━━━━━━━━━━━━━━━━━━━━━━━━━━━━━━━━━━━━━━━━ 71.0/71.0 kB 4.4 MB/s eta 0:00:00
#7 32.26 Downloading markdown-3.9-py3-none-any.whl (107 kB)
#7 32.28    ━━━━━━━━━━━━━━━━━━━━━━━━━━━━━━━━━━━━━━━━ 107.4/107.4 kB 8.3 MB/s eta 0:00:00
#7 32.29 Downloading tensorboard_data_server-0.7.2-py3-none-manylinux_2_31_x86_64.whl (6.6 MB)
#7 32.53    ━━━━━━━━━━━━━━━━━━━━━━━━━━━━━━━━━━━━━━━━ 6.6/6.6 MB 27.2 MB/s eta 0:00:00
#7 32.54 Downloading urllib3-2.5.0-py3-none-any.whl (129 kB)
#7 32.55    ━━━━━━━━━━━━━━━━━━━━━━━━━━━━━━━━━━━━━━━━ 129.8/129.8 kB 10.7 MB/s eta 0:00:00
#7 32.56 Downloading werkzeug-3.1.3-py3-none-any.whl (224 kB)
#7 32.58    ━━━━━━━━━━━━━━━━━━━━━━━━━━━━━━━━━━━━━━━━ 224.5/224.5 kB 12.9 MB/s eta 0:00:00
#7 32.59 Downloading namex-0.1.0-py3-none-any.whl (5.9 kB)
#7 32.61 Downloading optree-0.17.0-cp311-cp311-manylinux_2_27_x86_64.manylinux_2_28_x86_64.whl (402 kB)
#7 32.63    ━━━━━━━━━━━━━━━━━━━━━━━━━━━━━━━━━━━━━━━━ 402.0/402.0 kB 18.3 MB/s eta 0:00:00
#7 32.64 Downloading pillow-12.0.0-cp311-cp311-manylinux_2_27_x86_64.manylinux_2_28_x86_64.whl (7.0 MB)
#7 32.90    ━━━━━━━━━━━━━━━━━━━━━━━━━━━━━━━━━━━━━━━━ 7.0/7.0 MB 27.5 MB/s eta 0:00:00
#7 32.90 Downloading rich-14.2.0-py3-none-any.whl (243 kB)
#7 32.92    ━━━━━━━━━━━━━━━━━━━━━━━━━━━━━━━━━━━━━━━━ 243.4/243.4 kB 14.6 MB/s eta 0:00:00
#7 32.93 Downloading markdown_it_py-4.0.0-py3-none-any.whl (87 kB)
#7 32.94    ━━━━━━━━━━━━━━━━━━━━━━━━━━━━━━━━━━━━━━━━ 87.3/87.3 kB 6.4 MB/s eta 0:00:00
#7 32.95 Downloading markupsafe-3.0.3-cp311-cp311-manylinux2014_x86_64.manylinux_2_17_x86_64.manylinux_2_28_x86_64.whl (22 kB)
#7 32.97 Downloading pygments-2.19.2-py3-none-any.whl (1.2 MB)
#7 33.02    ━━━━━━━━━━━━━━━━━━━━━━━━━━━━━━━━━━━━━━━━ 1.2/1.2 MB 24.9 MB/s eta 0:00:00
#7 33.03 Downloading mdurl-0.1.2-py3-none-any.whl (10.0 kB)
#7 35.02 Installing collected packages: namex, libclang, flatbuffers, wrapt, urllib3, typing_extensions, termcolor, tensorboard-data-server, six, pygments, protobuf, pillow, packaging, opt_einsum, numpy, mdurl, MarkupSafe, markdown, idna, gast, charset_normalizer, certifi, absl-py, werkzeug, requests, optree, ml_dtypes, markdown-it-py, h5py, grpcio, google_pasta, astunparse, tensorboard, rich, keras, tensorflow
#7 54.59 Successfully installed MarkupSafe-3.0.3 absl-py-2.3.1 astunparse-1.6.3 certifi-2025.10.5 charset_normalizer-3.4.4 flatbuffers-25.9.23 gast-0.6.0 google_pasta-0.2.0 grpcio-1.76.0 h5py-3.15.1 idna-3.11 keras-3.12.0 libclang-18.1.1 markdown-3.9 markdown-it-py-4.0.0 mdurl-0.1.2 ml_dtypes-0.5.3 namex-0.1.0 numpy-2.3.4 opt_einsum-3.4.0 optree-0.17.0 packaging-25.0 pillow-12.0.0 protobuf-6.33.0 pygments-2.19.2 requests-2.32.5 rich-14.2.0 six-1.17.0 tensorboard-2.20.0 tensorboard-data-server-0.7.2 tensorflow-2.20.0 termcolor-3.2.0 typing_extensions-4.15.0 urllib3-2.5.0 werkzeug-3.1.3 wrapt-2.0.0
#7 54.59 WARNING: Running pip as the 'root' user can result in broken permissions and conflicting behaviour with the system package manager. It is recommended to use a virtual environment instead: https://pip.pypa.io/warnings/venv
#7 55.68 
#7 55.68 [notice] A new release of pip is available: 24.0 -> 25.3
#7 55.68 [notice] To update, run: pip install --upgrade pip
#7 DONE 66.2s

#8 [4/4] RUN ["pip","install","numpy"]
#8 0.457 Requirement already satisfied: numpy in /usr/local/lib/python3.11/site-packages (2.3.4)
#8 0.590 WARNING: Running pip as the 'root' user can result in broken permissions and conflicting behaviour with the system package manager. It is recommended to use a virtual environment instead: https://pip.pypa.io/warnings/venv
#8 0.596 
#8 0.596 [notice] A new release of pip is available: 24.0 -> 25.3
#8 0.596 [notice] To update, run: pip install --upgrade pip
#8 DONE 0.7s

#9 exporting to image
#9 exporting layers
#9 exporting layers 9.2s done
#9 writing image sha256:06a78a8ed3ff62cedcd5107b257552cc584f3769b4c7c1e4ea37ee3b059c20a4 done
#9 naming to docker.io/library/test-image-639576c25693ca4890457efa5f67d103 done
#9 DONE 9.3s

View build details: docker-desktop://dashboard/build/default/default/toq68k316u0vs1l4p19az9dr6
[2025-10-29 16:30:18] SUCCESS: Build completed for 639576c25693ca4890457efa5f67d103
