=== Docker Build Log for f28b7a2d3356a0ed39823aaea66b50d0 ===
Started at: Mi 29. Okt 21:23:58 CET 2025

[2025-10-29 21:23:58] START: Building image for f28b7a2d3356a0ed39823aaea66b50d0
#0 building with "default" instance using docker driver

#1 [internal] load build definition from Dockerfile
#1 transferring dockerfile: 350B done
#1 DONE 0.0s

#2 [internal] load metadata for docker.io/library/python:3.11
#2 DONE 0.0s

#3 [internal] load .dockerignore
#3 transferring context: 2B done
#3 DONE 0.0s

#4 [internal] load build context
#4 transferring context: 3.82kB 0.0s done
#4 DONE 0.0s

#5 [1/8] FROM docker.io/library/python:3.11
#5 CACHED

#6 [2/8] COPY hard-gists/f28b7a2d3356a0ed39823aaea66b50d0/snippet.py /snippet.py
#6 DONE 0.1s

#7 [3/8] RUN ["pip","install","threatconnect"]
#7 1.897 Collecting threatconnect
#7 1.934   Downloading threatconnect-0.0.0.1.tar.gz (979 bytes)
#7 1.946   Preparing metadata (setup.py): started
#7 2.324   Preparing metadata (setup.py): finished with status 'done'
#7 2.325 Building wheels for collected packages: threatconnect
#7 2.326   Building wheel for threatconnect (setup.py): started
#7 2.483   Building wheel for threatconnect (setup.py): finished with status 'done'
#7 2.484   Created wheel for threatconnect: filename=threatconnect-0.0.0.1-py3-none-any.whl size=1389 sha256=5c3eb8cca23256bc0d053dcecf1c75365f8673eb9840f79942251638501ce340
#7 2.484   Stored in directory: /root/.cache/pip/wheels/26/cb/22/e3f467ba296dff710894e6864f3c5bcb4d9b885551ba66e6f8
#7 2.487 Successfully built threatconnect
#7 2.516 Installing collected packages: threatconnect
#7 2.527 Successfully installed threatconnect-0.0.0.1
#7 2.527 WARNING: Running pip as the 'root' user can result in broken permissions and conflicting behaviour with the system package manager. It is recommended to use a virtual environment instead: https://pip.pypa.io/warnings/venv
#7 2.633 
#7 2.633 [notice] A new release of pip is available: 24.0 -> 25.3
#7 2.633 [notice] To update, run: pip install --upgrade pip
#7 DONE 2.8s

#8 [4/8] RUN ["pip","install","memacs"]
#8 0.538 Collecting memacs
#8 0.579   Downloading memacs-2022.8.6-py3-none-any.whl.metadata (2.0 kB)
#8 0.631 Collecting emoji (from memacs)
#8 0.641   Downloading emoji-2.15.0-py3-none-any.whl.metadata (5.7 kB)
#8 0.680 Collecting orgformat (from memacs)
#8 0.690   Downloading orgformat-2019.12.29.1-py3-none-any.whl.metadata (768 bytes)
#8 0.712 Downloading memacs-2022.8.6-py3-none-any.whl (111 kB)
#8 0.744    ━━━━━━━━━━━━━━━━━━━━━━━━━━━━━━━━━━━━━━━━ 111.3/111.3 kB 3.3 MB/s eta 0:00:00
#8 0.762 Downloading emoji-2.15.0-py3-none-any.whl (608 kB)
#8 0.806    ━━━━━━━━━━━━━━━━━━━━━━━━━━━━━━━━━━━━━━━━ 608.4/608.4 kB 14.1 MB/s eta 0:00:00
#8 0.817 Downloading orgformat-2019.12.29.1-py3-none-any.whl (22 kB)
#8 0.869 Installing collected packages: orgformat, emoji, memacs
#8 0.996 Successfully installed emoji-2.15.0 memacs-2022.8.6 orgformat-2019.12.29.1
#8 0.996 WARNING: Running pip as the 'root' user can result in broken permissions and conflicting behaviour with the system package manager. It is recommended to use a virtual environment instead: https://pip.pypa.io/warnings/venv
#8 1.001 
#8 1.001 [notice] A new release of pip is available: 24.0 -> 25.3
#8 1.001 [notice] To update, run: pip install --upgrade pip
#8 DONE 1.1s

#9 [5/8] RUN ["pip","install","PyYAML"]
#9 0.596 Collecting PyYAML
#9 0.728   Downloading pyyaml-6.0.3-cp311-cp311-manylinux2014_x86_64.manylinux_2_17_x86_64.manylinux_2_28_x86_64.whl.metadata (2.4 kB)
#9 0.780 Downloading pyyaml-6.0.3-cp311-cp311-manylinux2014_x86_64.manylinux_2_17_x86_64.manylinux_2_28_x86_64.whl (806 kB)
#9 0.963    ━━━━━━━━━━━━━━━━━━━━━━━━━━━━━━━━━━━━━━━━ 806.6/806.6 kB 4.5 MB/s eta 0:00:00
#9 1.005 Installing collected packages: PyYAML
#9 1.090 Successfully installed PyYAML-6.0.3
#9 1.091 WARNING: Running pip as the 'root' user can result in broken permissions and conflicting behaviour with the system package manager. It is recommended to use a virtual environment instead: https://pip.pypa.io/warnings/venv
#9 1.096 
#9 1.096 [notice] A new release of pip is available: 24.0 -> 25.3
#9 1.096 [notice] To update, run: pip install --upgrade pip
#9 DONE 1.2s

#10 [6/8] RUN ["pip","install","numpy"]
#10 0.756 Collecting numpy
#10 0.794   Downloading numpy-2.3.4-cp311-cp311-manylinux_2_27_x86_64.manylinux_2_28_x86_64.whl.metadata (62 kB)
#10 0.822      ━━━━━━━━━━━━━━━━━━━━━━━━━━━━━━━━━━━━━━━━ 62.1/62.1 kB 2.0 MB/s eta 0:00:00
#10 0.842 Downloading numpy-2.3.4-cp311-cp311-manylinux_2_27_x86_64.manylinux_2_28_x86_64.whl (16.9 MB)
#10 2.080    ━━━━━━━━━━━━━━━━━━━━━━━━━━━━━━━━━━━━━━━━ 16.9/16.9 MB 12.3 MB/s eta 0:00:00
#10 2.164 Installing collected packages: numpy
#10 3.584 Successfully installed numpy-2.3.4
#10 3.584 WARNING: Running pip as the 'root' user can result in broken permissions and conflicting behaviour with the system package manager. It is recommended to use a virtual environment instead: https://pip.pypa.io/warnings/venv
#10 3.590 
#10 3.590 [notice] A new release of pip is available: 24.0 -> 25.3
#10 3.590 [notice] To update, run: pip install --upgrade pip
#10 DONE 4.3s

#11 [7/8] RUN ["pip","install","scipy"]
#11 0.650 Collecting scipy
#11 0.697   Downloading scipy-1.16.3-cp311-cp311-manylinux2014_x86_64.manylinux_2_17_x86_64.whl.metadata (62 kB)
#11 0.725      ━━━━━━━━━━━━━━━━━━━━━━━━━━━━━━━━━━━━━━━━ 62.0/62.0 kB 2.0 MB/s eta 0:00:00
#11 0.753 Requirement already satisfied: numpy<2.6,>=1.25.2 in /usr/local/lib/python3.11/site-packages (from scipy) (2.3.4)
#11 0.768 Downloading scipy-1.16.3-cp311-cp311-manylinux2014_x86_64.manylinux_2_17_x86_64.whl (35.9 MB)
#11 3.283    ━━━━━━━━━━━━━━━━━━━━━━━━━━━━━━━━━━━━━━━━ 35.9/35.9 MB 9.8 MB/s eta 0:00:00
#11 3.449 Installing collected packages: scipy
#11 6.136 Successfully installed scipy-1.16.3
#11 6.136 WARNING: Running pip as the 'root' user can result in broken permissions and conflicting behaviour with the system package manager. It is recommended to use a virtual environment instead: https://pip.pypa.io/warnings/venv
#11 6.142 
#11 6.142 [notice] A new release of pip is available: 24.0 -> 25.3
#11 6.142 [notice] To update, run: pip install --upgrade pip
#11 DONE 7.0s

#12 [8/8] RUN ["pip","install","Theano"]
#12 0.514 Collecting Theano
#12 0.553   Downloading Theano-1.0.5.tar.gz (2.8 MB)
#12 0.793      ━━━━━━━━━━━━━━━━━━━━━━━━━━━━━━━━━━━━━━━━ 2.8/2.8 MB 11.9 MB/s eta 0:00:00
#12 0.941   Preparing metadata (setup.py): started
#12 1.098   Preparing metadata (setup.py): finished with status 'done'
#12 1.109 Requirement already satisfied: numpy>=1.9.1 in /usr/local/lib/python3.11/site-packages (from Theano) (2.3.4)
#12 1.113 Requirement already satisfied: scipy>=0.14 in /usr/local/lib/python3.11/site-packages (from Theano) (1.16.3)
#12 1.144 Collecting six>=1.9.0 (from Theano)
#12 1.153   Downloading six-1.17.0-py2.py3-none-any.whl.metadata (1.7 kB)
#12 1.198 Downloading six-1.17.0-py2.py3-none-any.whl (11 kB)
#12 1.214 Building wheels for collected packages: Theano
#12 1.223   Building wheel for Theano (setup.py): started
#12 1.873   Building wheel for Theano (setup.py): finished with status 'done'
#12 1.879   Created wheel for Theano: filename=theano-1.0.5-py3-none-any.whl size=2668205 sha256=6305f1876b53640f0e058f2b51f49cc57c73d59d45707eea55498e27c930e0a6
#12 1.879   Stored in directory: /root/.cache/pip/wheels/26/1f/2f/02d738022626461828148150c0354e712c4ad74f1a60f10933
#12 1.882 Successfully built Theano
#12 1.950 Installing collected packages: six, Theano
#12 2.979 Successfully installed Theano-1.0.5 six-1.17.0
#12 2.980 WARNING: Running pip as the 'root' user can result in broken permissions and conflicting behaviour with the system package manager. It is recommended to use a virtual environment instead: https://pip.pypa.io/warnings/venv
#12 2.985 
#12 2.985 [notice] A new release of pip is available: 24.0 -> 25.3
#12 2.985 [notice] To update, run: pip install --upgrade pip
#12 DONE 3.2s

#13 exporting to image
#13 exporting layers
#13 exporting layers 0.7s done
#13 writing image sha256:740d966c25d9bc702d332ec7f4b040308de7d0a8aecf09808d2c51aa6e4d0c55 done
#13 naming to docker.io/library/test-image-f28b7a2d3356a0ed39823aaea66b50d0 done
#13 DONE 0.8s

View build details: docker-desktop://dashboard/build/default/default/nhn5exe6it8v0c23jt3geeeac
[2025-10-29 21:24:19] SUCCESS: Build completed for f28b7a2d3356a0ed39823aaea66b50d0
