=== Docker Build Log for 5237011 ===
Started at: Mi 29. Okt 15:29:43 CET 2025

[2025-10-29 15:29:43] START: Building image for 5237011
#0 building with "default" instance using docker driver

#1 [internal] load build definition from Dockerfile
#1 transferring dockerfile: 132B done
#1 DONE 0.0s

#2 [internal] load metadata for docker.io/library/python:3.11
#2 DONE 0.0s

#3 [internal] load .dockerignore
#3 transferring context: 2B done
#3 DONE 0.0s

#4 [internal] load build context
#4 transferring context: 1.80kB 0.0s done
#4 DONE 0.0s

#5 [1/2] FROM docker.io/library/python:3.11
#5 CACHED

#6 [2/2] COPY hard-gists/5237011/snippet.py /snippet.py
#6 DONE 0.1s

#7 exporting to image
#7 exporting layers 0.1s done
#7 writing image sha256:39a5e6e207d16ebeca5d2be7290f6e027c60124704ff55b3344b1d0a3e9397b4 done
#7 naming to docker.io/library/test-image-5237011 done
#7 DONE 0.1s

View build details: docker-desktop://dashboard/build/default/default/8asqe8nr3hv2hlda1h8kwdnbo
[2025-10-29 15:29:43] SUCCESS: Build completed for 5237011
