=== Docker Build Log for 748cda36befe17fd1cb0 ===
Started at: Mi 29. Okt 17:10:09 CET 2025

[2025-10-29 17:10:09] START: Building image for 748cda36befe17fd1cb0
#0 building with "default" instance using docker driver

#1 [internal] load build definition from Dockerfile
#1 transferring dockerfile: 145B done
#1 DONE 0.0s

#2 [internal] load metadata for docker.io/library/python:3.11
#2 DONE 0.0s

#3 [internal] load .dockerignore
#3 transferring context: 2B done
#3 DONE 0.0s

#4 [internal] load build context
#4 transferring context: 1.40kB 0.0s done
#4 DONE 0.0s

#5 [1/2] FROM docker.io/library/python:3.11
#5 CACHED

#6 [2/2] COPY hard-gists/748cda36befe17fd1cb0/snippet.py /snippet.py
#6 DONE 0.1s

#7 exporting to image
#7 exporting layers 0.0s done
#7 writing image sha256:ec72d2fc2ca2c6d8845e7ca8d52e23ef5fdaa597cbd6c951a8f50d88e167eb9d done
#7 naming to docker.io/library/test-image-748cda36befe17fd1cb0 done
#7 DONE 0.1s

View build details: docker-desktop://dashboard/build/default/default/1xnt5i67x88roqfzgz2o18kwy
[2025-10-29 17:10:10] SUCCESS: Build completed for 748cda36befe17fd1cb0
