=== Docker Build Log for 9b7787a607a5a676c6d8 ===
Started at: Mi 29. Okt 18:39:04 CET 2025

[2025-10-29 18:39:04] START: Building image for 9b7787a607a5a676c6d8
#0 building with "default" instance using docker driver

#1 [internal] load build definition from Dockerfile
#1 transferring dockerfile: 213B done
#1 DONE 0.0s

#2 [internal] load metadata for docker.io/library/python:3.11
#2 DONE 0.0s

#3 [internal] load .dockerignore
#3 transferring context: 2B done
#3 DONE 0.0s

#4 [1/4] FROM docker.io/library/python:3.11
#4 DONE 0.0s

#5 [internal] load build context
#5 transferring context: 1.27kB 0.0s done
#5 DONE 0.0s

#4 [1/4] FROM docker.io/library/python:3.11
#4 CACHED

#6 [2/4] COPY hard-gists/9b7787a607a5a676c6d8/snippet.py /snippet.py
#6 DONE 0.1s

#7 [3/4] RUN ["pip","install","dj.choices"]
#7 1.947 Collecting dj.choices
#7 1.993   Downloading dj.choices-0.11.0.tar.gz (28 kB)
#7 2.012   Preparing metadata (setup.py): started
#7 2.396   Preparing metadata (setup.py): finished with status 'done'
#7 2.505 Collecting django (from dj.choices)
#7 2.514   Downloading django-5.2.7-py3-none-any.whl.metadata (4.1 kB)
#7 2.551 Collecting six (from dj.choices)
#7 2.560   Downloading six-1.17.0-py2.py3-none-any.whl.metadata (1.7 kB)
#7 2.610 Collecting asgiref>=3.8.1 (from django->dj.choices)
#7 2.621   Downloading asgiref-3.10.0-py3-none-any.whl.metadata (9.3 kB)
#7 2.660 Collecting sqlparse>=0.3.1 (from django->dj.choices)
#7 2.669   Downloading sqlparse-0.5.3-py3-none-any.whl.metadata (3.9 kB)
#7 2.708 Downloading django-5.2.7-py3-none-any.whl (8.3 MB)
#7 3.079    ━━━━━━━━━━━━━━━━━━━━━━━━━━━━━━━━━━━━━━━━ 8.3/8.3 MB 22.5 MB/s eta 0:00:00
#7 3.086 Downloading six-1.17.0-py2.py3-none-any.whl (11 kB)
#7 3.107 Downloading asgiref-3.10.0-py3-none-any.whl (24 kB)
#7 3.124 Downloading sqlparse-0.5.3-py3-none-any.whl (44 kB)
#7 3.135    ━━━━━━━━━━━━━━━━━━━━━━━━━━━━━━━━━━━━━━━━ 44.4/44.4 kB 3.7 MB/s eta 0:00:00
#7 3.173 Building wheels for collected packages: dj.choices
#7 3.174   Building wheel for dj.choices (setup.py): started
#7 3.348   Building wheel for dj.choices (setup.py): finished with status 'done'
#7 3.348   Created wheel for dj.choices: filename=dj_choices-0.11.0-py3-none-any.whl size=28716 sha256=0d868d071d29a308fe71e6cbee0df304dc46127419e40defca38c34621d4521f
#7 3.348   Stored in directory: /root/.cache/pip/wheels/97/38/bd/4ca089ff8ffdead6a07e7af033d36d74a01ab7a37e70797942
#7 3.350 Successfully built dj.choices
#7 3.400 Installing collected packages: sqlparse, six, asgiref, django, dj.choices
#7 4.843 Successfully installed asgiref-3.10.0 dj.choices-0.11.0 django-5.2.7 six-1.17.0 sqlparse-0.5.3
#7 4.844 WARNING: Running pip as the 'root' user can result in broken permissions and conflicting behaviour with the system package manager. It is recommended to use a virtual environment instead: https://pip.pypa.io/warnings/venv
#7 4.938 
#7 4.938 [notice] A new release of pip is available: 24.0 -> 25.3
#7 4.938 [notice] To update, run: pip install --upgrade pip
#7 DONE 5.5s

#8 [4/4] RUN ["pip","install","Django"]
#8 0.428 Requirement already satisfied: Django in /usr/local/lib/python3.11/site-packages (5.2.7)
#8 0.432 Requirement already satisfied: asgiref>=3.8.1 in /usr/local/lib/python3.11/site-packages (from Django) (3.10.0)
#8 0.433 Requirement already satisfied: sqlparse>=0.3.1 in /usr/local/lib/python3.11/site-packages (from Django) (0.5.3)
#8 0.472 WARNING: Running pip as the 'root' user can result in broken permissions and conflicting behaviour with the system package manager. It is recommended to use a virtual environment instead: https://pip.pypa.io/warnings/venv
#8 0.477 
#8 0.477 [notice] A new release of pip is available: 24.0 -> 25.3
#8 0.477 [notice] To update, run: pip install --upgrade pip
#8 DONE 0.5s

#9 exporting to image
#9 exporting layers
#9 exporting layers 0.6s done
#9 writing image sha256:fbb5e3eed5bf2f548ee6d075144e0714ff4d9c08240a406d38b83b545cd4edfc done
#9 naming to docker.io/library/test-image-9b7787a607a5a676c6d8 done
#9 DONE 0.6s

View build details: docker-desktop://dashboard/build/default/default/00geeoedq4944cj1ccfkxvegk
[2025-10-29 18:39:12] SUCCESS: Build completed for 9b7787a607a5a676c6d8
