=== Docker Build Log for 59f9d4f5fd8196c849a892a56ba90baf ===
Started at: Mi 29. Okt 16:11:32 CET 2025

[2025-10-29 16:11:32] START: Building image for 59f9d4f5fd8196c849a892a56ba90baf
#0 building with "default" instance using docker driver

#1 [internal] load build definition from Dockerfile
#1 transferring dockerfile: 1.51kB done
#1 DONE 0.0s

#2 [internal] load metadata for docker.io/library/python:3.11
#2 DONE 0.0s

#3 [internal] load .dockerignore
#3 transferring context: 2B done
#3 DONE 0.0s

#4 [internal] load build context
#4 transferring context: 3.64kB 0.0s done
#4 DONE 0.0s

#5 [ 1/38] FROM docker.io/library/python:3.11
#5 CACHED

#6 [ 2/38] COPY hard-gists/59f9d4f5fd8196c849a892a56ba90baf/snippet.py /snippet.py
#6 DONE 0.1s

#7 [ 3/38] RUN ["apt-get","update"]
#7 0.268 Hit:1 http://deb.debian.org/debian trixie InRelease
#7 0.268 Get:2 http://deb.debian.org/debian trixie-updates InRelease [47.3 kB]
#7 0.301 Get:3 http://deb.debian.org/debian-security trixie-security InRelease [43.4 kB]
#7 0.312 Get:4 http://deb.debian.org/debian trixie/main amd64 Packages [9669 kB]
#7 0.655 Get:5 http://deb.debian.org/debian trixie-updates/main amd64 Packages [5412 B]
#7 0.663 Get:6 http://deb.debian.org/debian-security trixie-security/main amd64 Packages [67.8 kB]
#7 1.305 Fetched 9833 kB in 1s (9150 kB/s)
#7 1.305 Reading package lists...
#7 DONE 1.9s

#8 [ 4/38] RUN ["pip","install","voluptuous"]
#8 2.098 Collecting voluptuous
#8 2.134   Downloading voluptuous-0.15.2-py3-none-any.whl.metadata (20 kB)
#8 2.162 Downloading voluptuous-0.15.2-py3-none-any.whl (31 kB)
#8 2.212 Installing collected packages: voluptuous
#8 2.239 Successfully installed voluptuous-0.15.2
#8 2.240 WARNING: Running pip as the 'root' user can result in broken permissions and conflicting behaviour with the system package manager. It is recommended to use a virtual environment instead: https://pip.pypa.io/warnings/venv
#8 2.337 
#8 2.337 [notice] A new release of pip is available: 24.0 -> 25.3
#8 2.337 [notice] To update, run: pip install --upgrade pip
#8 DONE 2.5s

#9 [ 5/38] RUN ["pip","install","backports.functools-lru-cache"]
#9 0.570 Collecting backports.functools-lru-cache
#9 0.604   Downloading backports.functools_lru_cache-2.0.0-py2.py3-none-any.whl.metadata (3.5 kB)
#9 0.637 Downloading backports.functools_lru_cache-2.0.0-py2.py3-none-any.whl (6.7 kB)
#9 0.700 Installing collected packages: backports.functools-lru-cache
#9 0.738 Successfully installed backports.functools-lru-cache-2.0.0
#9 0.738 WARNING: Running pip as the 'root' user can result in broken permissions and conflicting behaviour with the system package manager. It is recommended to use a virtual environment instead: https://pip.pypa.io/warnings/venv
#9 0.743 
#9 0.743 [notice] A new release of pip is available: 24.0 -> 25.3
#9 0.743 [notice] To update, run: pip install --upgrade pip
#9 DONE 0.8s

#10 [ 6/38] RUN ["pip","install","backports.ssl"]
#10 0.548 Collecting backports.ssl
#10 0.595   Downloading backports.ssl-0.0.9.tar.gz (11 kB)
#10 0.607   Preparing metadata (setup.py): started
#10 1.029   Preparing metadata (setup.py): finished with status 'done'
#10 1.030 Building wheels for collected packages: backports.ssl
#10 1.031   Building wheel for backports.ssl (setup.py): started
#10 1.217   Building wheel for backports.ssl (setup.py): finished with status 'done'
#10 1.217   Created wheel for backports.ssl: filename=backports_ssl-0.0.9-py3-none-any.whl size=12458 sha256=4213166bb8163f72c9c987ce4c4deb7d3830f6a89c045ba86268862621bc6ccc
#10 1.217   Stored in directory: /root/.cache/pip/wheels/b2/9b/23/8e1cd27a5e85cb681a372981243d68c938f75a0de94f9adf51
#10 1.219 Successfully built backports.ssl
#10 1.257 Installing collected packages: backports.ssl
#10 1.285 Successfully installed backports.ssl-0.0.9
#10 1.285 WARNING: Running pip as the 'root' user can result in broken permissions and conflicting behaviour with the system package manager. It is recommended to use a virtual environment instead: https://pip.pypa.io/warnings/venv
#10 1.291 
#10 1.291 [notice] A new release of pip is available: 24.0 -> 25.3
#10 1.291 [notice] To update, run: pip install --upgrade pip
#10 DONE 1.4s

#11 [ 7/38] RUN ["pip","install","backports.shutil_get_terminal_size"]
#11 0.536 Collecting backports.shutil_get_terminal_size
#11 0.582   Downloading backports.shutil_get_terminal_size-1.0.0-py2.py3-none-any.whl.metadata (1.2 kB)
#11 0.604 Downloading backports.shutil_get_terminal_size-1.0.0-py2.py3-none-any.whl (6.5 kB)
#11 0.666 Installing collected packages: backports.shutil_get_terminal_size
#11 0.711 Successfully installed backports.shutil_get_terminal_size-1.0.0
#11 0.711 WARNING: Running pip as the 'root' user can result in broken permissions and conflicting behaviour with the system package manager. It is recommended to use a virtual environment instead: https://pip.pypa.io/warnings/venv
#11 0.719 
#11 0.719 [notice] A new release of pip is available: 24.0 -> 25.3
#11 0.719 [notice] To update, run: pip install --upgrade pip
#11 DONE 0.8s

#12 [ 8/38] RUN ["pip","install","requests"]
#12 0.645 Collecting requests
#12 0.681   Downloading requests-2.32.5-py3-none-any.whl.metadata (4.9 kB)
#12 0.816 Collecting charset_normalizer<4,>=2 (from requests)
#12 0.825   Downloading charset_normalizer-3.4.4-cp311-cp311-manylinux2014_x86_64.manylinux_2_17_x86_64.manylinux_2_28_x86_64.whl.metadata (37 kB)
#12 0.871 Collecting idna<4,>=2.5 (from requests)
#12 0.880   Downloading idna-3.11-py3-none-any.whl.metadata (8.4 kB)
#12 0.948 Collecting urllib3<3,>=1.21.1 (from requests)
#12 0.957   Downloading urllib3-2.5.0-py3-none-any.whl.metadata (6.5 kB)
#12 1.004 Collecting certifi>=2017.4.17 (from requests)
#12 1.013   Downloading certifi-2025.10.5-py3-none-any.whl.metadata (2.5 kB)
#12 1.041 Downloading requests-2.32.5-py3-none-any.whl (64 kB)
#12 1.063    ━━━━━━━━━━━━━━━━━━━━━━━━━━━━━━━━━━━━━━━━ 64.7/64.7 kB 2.8 MB/s eta 0:00:00
#12 1.074 Downloading certifi-2025.10.5-py3-none-any.whl (163 kB)
#12 1.106    ━━━━━━━━━━━━━━━━━━━━━━━━━━━━━━━━━━━━━━━━ 163.3/163.3 kB 5.1 MB/s eta 0:00:00
#12 1.115 Downloading charset_normalizer-3.4.4-cp311-cp311-manylinux2014_x86_64.manylinux_2_17_x86_64.manylinux_2_28_x86_64.whl (151 kB)
#12 1.129    ━━━━━━━━━━━━━━━━━━━━━━━━━━━━━━━━━━━━━━━━ 151.6/151.6 kB 11.1 MB/s eta 0:00:00
#12 1.139 Downloading idna-3.11-py3-none-any.whl (71 kB)
#12 1.153    ━━━━━━━━━━━━━━━━━━━━━━━━━━━━━━━━━━━━━━━━ 71.0/71.0 kB 4.6 MB/s eta 0:00:00
#12 1.162 Downloading urllib3-2.5.0-py3-none-any.whl (129 kB)
#12 1.178    ━━━━━━━━━━━━━━━━━━━━━━━━━━━━━━━━━━━━━━━━ 129.8/129.8 kB 8.2 MB/s eta 0:00:00
#12 1.242 Installing collected packages: urllib3, idna, charset_normalizer, certifi, requests
#12 1.510 Successfully installed certifi-2025.10.5 charset_normalizer-3.4.4 idna-3.11 requests-2.32.5 urllib3-2.5.0
#12 1.510 WARNING: Running pip as the 'root' user can result in broken permissions and conflicting behaviour with the system package manager. It is recommended to use a virtual environment instead: https://pip.pypa.io/warnings/venv
#12 1.516 
#12 1.516 [notice] A new release of pip is available: 24.0 -> 25.3
#12 1.516 [notice] To update, run: pip install --upgrade pip
#12 DONE 1.6s

#13 [ 9/38] RUN ["apt-get","install","-y","python-pip"]
#13 0.236 Reading package lists...
#13 0.787 Building dependency tree...
#13 0.911 Reading state information...
#13 0.934 Package python-pip is not available, but is referred to by another package.
#13 0.934 This may mean that the package is missing, has been obsoleted, or
#13 0.934 is only available from another source
#13 0.934 However the following packages replace it:
#13 0.934   python3-pip
#13 0.934 
#13 0.937 E: Package 'python-pip' has no installation candidate
#13 ERROR: process "apt-get install -y python-pip" did not complete successfully: exit code: 100
------
 > [ 9/38] RUN ["apt-get","install","-y","python-pip"]:


0.934 Package python-pip is not available, but is referred to by another package.
0.934 This may mean that the package is missing, has been obsoleted, or
0.934 is only available from another source
0.934 However the following packages replace it:
0.934   python3-pip
0.934 
0.937 E: Package 'python-pip' has no installation candidate
------
Dockerfile:9
--------------------
   7 |     RUN ["pip","install","backports.shutil_get_terminal_size"]
   8 |     RUN ["pip","install","requests"]
   9 | >>> RUN ["apt-get","install","-y","python-pip"]
  10 |     RUN ["apt-get","install","-y","python-dev"]
  11 |     RUN ["apt-get","install","-y","build-essential"]
--------------------
ERROR: failed to build: failed to solve: process "apt-get install -y python-pip" did not complete successfully: exit code: 100

View build details: docker-desktop://dashboard/build/default/default/pygzjbrv18v2zw7spjggbd6c0
[2025-10-29 16:11:43] ERROR: Build failed for 59f9d4f5fd8196c849a892a56ba90baf
