=== Docker Build Log for 1ed9763ab4aa98516a7d ===
Started at: Mi 29. Okt 12:54:28 CET 2025

[2025-10-29 12:54:28] START: Building image for 1ed9763ab4aa98516a7d
#0 building with "default" instance using docker driver

#1 [internal] load build definition from Dockerfile
#1 transferring dockerfile: 145B done
#1 DONE 0.0s

#2 [internal] load metadata for docker.io/library/python:3.11
#2 DONE 0.0s

#3 [internal] load .dockerignore
#3 transferring context: 2B done
#3 DONE 0.0s

#4 [internal] load build context
#4 transferring context: 5.07kB 0.0s done
#4 DONE 0.0s

#5 [1/2] FROM docker.io/library/python:3.11
#5 CACHED

#6 [2/2] COPY hard-gists/1ed9763ab4aa98516a7d/snippet.py /snippet.py
#6 DONE 0.1s

#7 exporting to image
#7 exporting layers 0.1s done
#7 writing image sha256:9be4b379852a34784589d1430ceb8bbc0ab110791f566dfaea900c90cded5271 done
#7 naming to docker.io/library/test-image-1ed9763ab4aa98516a7d done
#7 DONE 0.1s

View build details: docker-desktop://dashboard/build/default/default/avqxuhrbt33vtn3zmxgml0x7y
[2025-10-29 12:54:28] SUCCESS: Build completed for 1ed9763ab4aa98516a7d
