=== Docker Build Log for 20a147e657ee5e8d8666 ===
Started at: Mi 29. Okt 12:59:04 CET 2025

[2025-10-29 12:59:04] START: Building image for 20a147e657ee5e8d8666
#0 building with "default" instance using docker driver

#1 [internal] load build definition from Dockerfile
#1 transferring dockerfile: 410B done
#1 DONE 0.0s

#2 [internal] load metadata for docker.io/library/python:3.11
#2 DONE 0.0s

#3 [internal] load .dockerignore
#3 transferring context: 2B done
#3 DONE 0.0s

#4 [internal] load build context
#4 transferring context: 733B 0.0s done
#4 DONE 0.0s

#5 [ 1/10] FROM docker.io/library/python:3.11
#5 CACHED

#6 [ 2/10] COPY hard-gists/20a147e657ee5e8d8666/snippet.py /snippet.py
#6 DONE 0.1s

#7 [ 3/10] RUN ["pip","install","pandacan"]
#7 1.959 Collecting pandacan
#7 2.003   Downloading pandacan-0.0.9.tar.gz (36 kB)
#7 2.021   Preparing metadata (setup.py): started
#7 2.420   Preparing metadata (setup.py): finished with status 'done'
#7 2.453 Collecting libusb1==1.6.6 (from pandacan)
#7 2.463   Downloading libusb1-1.6.6.tar.gz (56 kB)
#7 2.481      ━━━━━━━━━━━━━━━━━━━━━━━━━━━━━━━━━━━━━━━━ 56.0/56.0 kB 2.9 MB/s eta 0:00:00
#7 2.486   Preparing metadata (setup.py): started
#7 2.588   Preparing metadata (setup.py): finished with status 'error'
#7 2.590   error: subprocess-exited-with-error
#7 2.590   
#7 2.590   × python setup.py egg_info did not run successfully.
#7 2.590   │ exit code: 1
#7 2.590   ╰─> [1 lines of output]
#7 2.590       error in libusb1 setup command: use_2to3 is invalid.
#7 2.590       [end of output]
#7 2.590   
#7 2.590   note: This error originates from a subprocess, and is likely not a problem with pip.
#7 2.592 error: metadata-generation-failed
#7 2.592 
#7 2.592 × Encountered error while generating package metadata.
#7 2.592 ╰─> See above for output.
#7 2.592 
#7 2.592 note: This is an issue with the package mentioned above, not pip.
#7 2.592 hint: See above for details.
#7 3.234 
#7 3.234 [notice] A new release of pip is available: 24.0 -> 25.3
#7 3.234 [notice] To update, run: pip install --upgrade pip
#7 ERROR: process "pip install pandacan" did not complete successfully: exit code: 1
------
 > [ 3/10] RUN ["pip","install","pandacan"]:
2.592 error: metadata-generation-failed
2.592 
2.592 × Encountered error while generating package metadata.
2.592 ╰─> See above for output.
2.592 
2.592 note: This is an issue with the package mentioned above, not pip.
2.592 hint: See above for details.
3.234 
3.234 [notice] A new release of pip is available: 24.0 -> 25.3
3.234 [notice] To update, run: pip install --upgrade pip
------
Dockerfile:3
--------------------
   1 |     FROM python:3.11
   2 |     COPY hard-gists/20a147e657ee5e8d8666/snippet.py /snippet.py
   3 | >>> RUN ["pip","install","pandacan"]
   4 |     RUN ["pip","install","pan-python"]
   5 |     RUN ["pip","install","seaborn"]
--------------------
ERROR: failed to build: failed to solve: process "pip install pandacan" did not complete successfully: exit code: 1

View build details: docker-desktop://dashboard/build/default/default/r57anqyq3nugn231zet1xale3
[2025-10-29 12:59:08] ERROR: Build failed for 20a147e657ee5e8d8666
