=== Docker Build Log for 5911624 ===
Started at: Mi 29. Okt 16:09:45 CET 2025

[2025-10-29 16:09:45] START: Building image for 5911624
#0 building with "default" instance using docker driver

#1 [internal] load build definition from Dockerfile
#1 transferring dockerfile: 344B done
#1 DONE 0.0s

#2 [internal] load metadata for docker.io/library/python:3.11
#2 DONE 0.0s

#3 [internal] load .dockerignore
#3 transferring context: 2B done
#3 DONE 0.0s

#4 [internal] load build context
#4 transferring context: 3.15kB 0.0s done
#4 DONE 0.0s

#5 [1/9] FROM docker.io/library/python:3.11
#5 CACHED

#6 [2/9] COPY hard-gists/5911624/snippet.py /snippet.py
#6 DONE 0.1s

#7 [3/9] RUN ["pip","install","six"]
#7 1.978 Collecting six
#7 2.013   Downloading six-1.17.0-py2.py3-none-any.whl.metadata (1.7 kB)
#7 2.032 Downloading six-1.17.0-py2.py3-none-any.whl (11 kB)
#7 2.076 Installing collected packages: six
#7 2.091 Successfully installed six-1.17.0
#7 2.092 WARNING: Running pip as the 'root' user can result in broken permissions and conflicting behaviour with the system package manager. It is recommended to use a virtual environment instead: https://pip.pypa.io/warnings/venv
#7 2.188 
#7 2.188 [notice] A new release of pip is available: 24.0 -> 25.3
#7 2.188 [notice] To update, run: pip install --upgrade pip
#7 DONE 2.3s

#8 [4/9] RUN ["pip","install","pytest"]
#8 0.601 Collecting pytest
#8 0.634   Downloading pytest-8.4.2-py3-none-any.whl.metadata (7.7 kB)
#8 0.672 Collecting iniconfig>=1 (from pytest)
#8 0.681   Downloading iniconfig-2.3.0-py3-none-any.whl.metadata (2.5 kB)
#8 0.730 Collecting packaging>=20 (from pytest)
#8 0.738   Downloading packaging-25.0-py3-none-any.whl.metadata (3.3 kB)
#8 0.776 Collecting pluggy<2,>=1.5 (from pytest)
#8 0.786   Downloading pluggy-1.6.0-py3-none-any.whl.metadata (4.8 kB)
#8 0.835 Collecting pygments>=2.7.2 (from pytest)
#8 0.843   Downloading pygments-2.19.2-py3-none-any.whl.metadata (2.5 kB)
#8 0.871 Downloading pytest-8.4.2-py3-none-any.whl (365 kB)
#8 0.918    ━━━━━━━━━━━━━━━━━━━━━━━━━━━━━━━━━━━━━━━━ 365.8/365.8 kB 8.6 MB/s eta 0:00:00
#8 0.928 Downloading iniconfig-2.3.0-py3-none-any.whl (7.5 kB)
#8 0.947 Downloading packaging-25.0-py3-none-any.whl (66 kB)
#8 0.958    ━━━━━━━━━━━━━━━━━━━━━━━━━━━━━━━━━━━━━━━━ 66.5/66.5 kB 5.8 MB/s eta 0:00:00
#8 0.966 Downloading pluggy-1.6.0-py3-none-any.whl (20 kB)
#8 0.982 Downloading pygments-2.19.2-py3-none-any.whl (1.2 MB)
#8 1.040    ━━━━━━━━━━━━━━━━━━━━━━━━━━━━━━━━━━━━━━━━ 1.2/1.2 MB 21.7 MB/s eta 0:00:00
#8 1.093 Installing collected packages: pygments, pluggy, packaging, iniconfig, pytest
#8 1.918 Successfully installed iniconfig-2.3.0 packaging-25.0 pluggy-1.6.0 pygments-2.19.2 pytest-8.4.2
#8 1.918 WARNING: Running pip as the 'root' user can result in broken permissions and conflicting behaviour with the system package manager. It is recommended to use a virtual environment instead: https://pip.pypa.io/warnings/venv
#8 1.923 
#8 1.923 [notice] A new release of pip is available: 24.0 -> 25.3
#8 1.923 [notice] To update, run: pip install --upgrade pip
#8 DONE 2.1s

#9 [5/9] RUN ["pip","install","py"]
#9 0.557 Collecting py
#9 0.603   Downloading py-1.11.0-py2.py3-none-any.whl.metadata (2.8 kB)
#9 0.629 Downloading py-1.11.0-py2.py3-none-any.whl (98 kB)
#9 0.662    ━━━━━━━━━━━━━━━━━━━━━━━━━━━━━━━━━━━━━━━━ 98.7/98.7 kB 2.9 MB/s eta 0:00:00
#9 0.709 Installing collected packages: py
#9 0.792 Successfully installed py-1.11.0
#9 0.792 WARNING: Running pip as the 'root' user can result in broken permissions and conflicting behaviour with the system package manager. It is recommended to use a virtual environment instead: https://pip.pypa.io/warnings/venv
#9 0.798 
#9 0.798 [notice] A new release of pip is available: 24.0 -> 25.3
#9 0.798 [notice] To update, run: pip install --upgrade pip
#9 DONE 0.9s

#10 [6/9] RUN ["pip","install","pymc"]
#10 0.654 Collecting pymc
#10 0.690   Downloading pymc-5.26.1-py3-none-any.whl.metadata (16 kB)
#10 0.834 Collecting arviz>=0.13.0 (from pymc)
#10 0.842   Downloading arviz-0.22.0-py3-none-any.whl.metadata (8.9 kB)
#10 0.892 Collecting cachetools>=4.2.1 (from pymc)
#10 0.900   Downloading cachetools-6.2.1-py3-none-any.whl.metadata (5.5 kB)
#10 0.944 Collecting cloudpickle (from pymc)
#10 0.953   Downloading cloudpickle-3.1.1-py3-none-any.whl.metadata (7.1 kB)
#10 1.184 Collecting numpy>=1.25.0 (from pymc)
#10 1.193   Downloading numpy-2.3.4-cp311-cp311-manylinux_2_27_x86_64.manylinux_2_28_x86_64.whl.metadata (62 kB)
#10 1.211      ━━━━━━━━━━━━━━━━━━━━━━━━━━━━━━━━━━━━━━━━ 62.1/62.1 kB 3.3 MB/s eta 0:00:00
#10 1.359 Collecting pandas>=0.24.0 (from pymc)
#10 1.371   Downloading pandas-2.3.3-cp311-cp311-manylinux_2_24_x86_64.manylinux_2_28_x86_64.whl.metadata (91 kB)
#10 1.386      ━━━━━━━━━━━━━━━━━━━━━━━━━━━━━━━━━━━━━━━━ 91.2/91.2 kB 6.2 MB/s eta 0:00:00
#10 1.632 Collecting pytensor<2.36,>=2.35.0 (from pymc)
#10 1.644   Downloading pytensor-2.35.1-cp311-cp311-manylinux2014_x86_64.manylinux_2_17_x86_64.manylinux_2_28_x86_64.whl.metadata (6.8 kB)
#10 1.731 Collecting rich>=13.7.1 (from pymc)
#10 1.739   Downloading rich-14.2.0-py3-none-any.whl.metadata (18 kB)
#10 1.891 Collecting scipy>=1.4.1 (from pymc)
#10 1.900   Downloading scipy-1.16.3-cp311-cp311-manylinux2014_x86_64.manylinux_2_17_x86_64.whl.metadata (62 kB)
#10 1.912      ━━━━━━━━━━━━━━━━━━━━━━━━━━━━━━━━━━━━━━━━ 62.0/62.0 kB 4.8 MB/s eta 0:00:00
#10 1.947 Collecting threadpoolctl<4.0.0,>=3.1.0 (from pymc)
#10 1.956   Downloading threadpoolctl-3.6.0-py3-none-any.whl.metadata (13 kB)
#10 2.008 Collecting typing-extensions>=3.7.4 (from pymc)
#10 2.017   Downloading typing_extensions-4.15.0-py3-none-any.whl.metadata (3.3 kB)
#10 2.039 Requirement already satisfied: setuptools>=60.0.0 in /usr/local/lib/python3.11/site-packages (from arviz>=0.13.0->pymc) (79.0.1)
#10 2.184 Collecting matplotlib>=3.8 (from arviz>=0.13.0->pymc)
#10 2.191   Downloading matplotlib-3.10.7-cp311-cp311-manylinux2014_x86_64.manylinux_2_17_x86_64.whl.metadata (11 kB)
#10 2.218 Requirement already satisfied: packaging in /usr/local/lib/python3.11/site-packages (from arviz>=0.13.0->pymc) (25.0)
#10 2.277 Collecting xarray>=2023.7.0 (from arviz>=0.13.0->pymc)
#10 2.286   Downloading xarray-2025.10.1-py3-none-any.whl.metadata (12 kB)
#10 2.339 Collecting h5netcdf>=1.0.2 (from arviz>=0.13.0->pymc)
#10 2.349   Downloading h5netcdf-1.7.3-py3-none-any.whl.metadata (13 kB)
#10 2.491 Collecting xarray-einstats>=0.3 (from arviz>=0.13.0->pymc)
#10 2.501   Downloading xarray_einstats-0.9.1-py3-none-any.whl.metadata (5.9 kB)
#10 2.627 Collecting python-dateutil>=2.8.2 (from pandas>=0.24.0->pymc)
#10 2.635   Downloading python_dateutil-2.9.0.post0-py2.py3-none-any.whl.metadata (8.4 kB)
#10 2.702 Collecting pytz>=2020.1 (from pandas>=0.24.0->pymc)
#10 2.711   Downloading pytz-2025.2-py2.py3-none-any.whl.metadata (22 kB)
#10 2.761 Collecting tzdata>=2022.7 (from pandas>=0.24.0->pymc)
#10 2.780   Downloading tzdata-2025.2-py2.py3-none-any.whl.metadata (1.4 kB)
#10 2.858 Collecting filelock>=3.15 (from pytensor<2.36,>=2.35.0->pymc)
#10 2.868   Downloading filelock-3.20.0-py3-none-any.whl.metadata (2.1 kB)
#10 3.005 Collecting etuples (from pytensor<2.36,>=2.35.0->pymc)
#10 3.014   Downloading etuples-0.3.10-py3-none-any.whl.metadata (4.8 kB)
#10 3.050 Collecting logical-unification (from pytensor<2.36,>=2.35.0->pymc)
#10 3.059   Downloading logical_unification-0.4.7-py3-none-any.whl.metadata (15 kB)
#10 3.191 Collecting miniKanren (from pytensor<2.36,>=2.35.0->pymc)
#10 3.201   Downloading minikanren-1.0.5-py3-none-any.whl.metadata (7.6 kB)
#10 3.360 Collecting cons (from pytensor<2.36,>=2.35.0->pymc)
#10 3.369   Downloading cons-0.4.7-py3-none-any.whl.metadata (3.8 kB)
#10 3.414 Collecting markdown-it-py>=2.2.0 (from rich>=13.7.1->pymc)
#10 3.422   Downloading markdown_it_py-4.0.0-py3-none-any.whl.metadata (7.3 kB)
#10 3.434 Requirement already satisfied: pygments<3.0.0,>=2.13.0 in /usr/local/lib/python3.11/site-packages (from rich>=13.7.1->pymc) (2.19.2)
#10 3.536 Collecting h5py (from h5netcdf>=1.0.2->arviz>=0.13.0->pymc)
#10 3.547   Downloading h5py-3.15.1-cp311-cp311-manylinux_2_27_x86_64.manylinux_2_28_x86_64.whl.metadata (3.0 kB)
#10 3.596 Collecting mdurl~=0.1 (from markdown-it-py>=2.2.0->rich>=13.7.1->pymc)
#10 3.604   Downloading mdurl-0.1.2-py3-none-any.whl.metadata (1.6 kB)
#10 3.705 Collecting contourpy>=1.0.1 (from matplotlib>=3.8->arviz>=0.13.0->pymc)
#10 3.714   Downloading contourpy-1.3.3-cp311-cp311-manylinux_2_27_x86_64.manylinux_2_28_x86_64.whl.metadata (5.5 kB)
#10 3.746 Collecting cycler>=0.10 (from matplotlib>=3.8->arviz>=0.13.0->pymc)
#10 3.759   Downloading cycler-0.12.1-py3-none-any.whl.metadata (3.8 kB)
#10 3.999 Collecting fonttools>=4.22.0 (from matplotlib>=3.8->arviz>=0.13.0->pymc)
#10 4.007   Downloading fonttools-4.60.1-cp311-cp311-manylinux2014_x86_64.manylinux_2_17_x86_64.whl.metadata (112 kB)
#10 4.031      ━━━━━━━━━━━━━━━━━━━━━━━━━━━━━━━━━━━━━━━ 112.3/112.3 kB 4.7 MB/s eta 0:00:00
#10 4.118 Collecting kiwisolver>=1.3.1 (from matplotlib>=3.8->arviz>=0.13.0->pymc)
#10 4.127   Downloading kiwisolver-1.4.9-cp311-cp311-manylinux2014_x86_64.manylinux_2_17_x86_64.whl.metadata (6.3 kB)
#10 4.355 Collecting pillow>=8 (from matplotlib>=3.8->arviz>=0.13.0->pymc)
#10 4.367   Downloading pillow-12.0.0-cp311-cp311-manylinux_2_27_x86_64.manylinux_2_28_x86_64.whl.metadata (8.8 kB)
#10 4.435 Collecting pyparsing>=3 (from matplotlib>=3.8->arviz>=0.13.0->pymc)
#10 4.443   Downloading pyparsing-3.2.5-py3-none-any.whl.metadata (5.0 kB)
#10 4.467 Requirement already satisfied: six>=1.5 in /usr/local/lib/python3.11/site-packages (from python-dateutil>=2.8.2->pandas>=0.24.0->pymc) (1.17.0)
#10 4.596 Collecting toolz (from logical-unification->pytensor<2.36,>=2.35.0->pymc)
#10 4.604   Downloading toolz-1.1.0-py3-none-any.whl.metadata (5.1 kB)
#10 4.652 Collecting multipledispatch (from logical-unification->pytensor<2.36,>=2.35.0->pymc)
#10 4.661   Downloading multipledispatch-1.0.0-py3-none-any.whl.metadata (3.8 kB)
#10 4.806 Downloading pymc-5.26.1-py3-none-any.whl (536 kB)
#10 4.845    ━━━━━━━━━━━━━━━━━━━━━━━━━━━━━━━━━━━━━━━━ 536.7/536.7 kB 15.2 MB/s eta 0:00:00
#10 4.857 Downloading arviz-0.22.0-py3-none-any.whl (1.7 MB)
#10 4.934    ━━━━━━━━━━━━━━━━━━━━━━━━━━━━━━━━━━━━━━━━ 1.7/1.7 MB 22.2 MB/s eta 0:00:00
#10 4.943 Downloading cachetools-6.2.1-py3-none-any.whl (11 kB)
#10 4.967 Downloading numpy-2.3.4-cp311-cp311-manylinux_2_27_x86_64.manylinux_2_28_x86_64.whl (16.9 MB)
#10 5.609    ━━━━━━━━━━━━━━━━━━━━━━━━━━━━━━━━━━━━━━━━ 16.9/16.9 MB 24.0 MB/s eta 0:00:00
#10 5.623 Downloading pandas-2.3.3-cp311-cp311-manylinux_2_24_x86_64.manylinux_2_28_x86_64.whl (12.8 MB)
#10 6.124    ━━━━━━━━━━━━━━━━━━━━━━━━━━━━━━━━━━━━━━━━ 12.8/12.8 MB 24.3 MB/s eta 0:00:00
#10 6.136 Downloading pytensor-2.35.1-cp311-cp311-manylinux2014_x86_64.manylinux_2_17_x86_64.manylinux_2_28_x86_64.whl (2.0 MB)
#10 6.210    ━━━━━━━━━━━━━━━━━━━━━━━━━━━━━━━━━━━━━━━━ 2.0/2.0 MB 26.9 MB/s eta 0:00:00
#10 6.220 Downloading rich-14.2.0-py3-none-any.whl (243 kB)
#10 6.239    ━━━━━━━━━━━━━━━━━━━━━━━━━━━━━━━━━━━━━━━━ 243.4/243.4 kB 13.4 MB/s eta 0:00:00
#10 6.249 Downloading scipy-1.16.3-cp311-cp311-manylinux2014_x86_64.manylinux_2_17_x86_64.whl (35.9 MB)
#10 7.612    ━━━━━━━━━━━━━━━━━━━━━━━━━━━━━━━━━━━━━━━━ 35.9/35.9 MB 18.2 MB/s eta 0:00:00
#10 7.623 Downloading threadpoolctl-3.6.0-py3-none-any.whl (18 kB)
#10 7.642 Downloading typing_extensions-4.15.0-py3-none-any.whl (44 kB)
#10 7.656    ━━━━━━━━━━━━━━━━━━━━━━━━━━━━━━━━━━━━━━━━ 44.6/44.6 kB 2.8 MB/s eta 0:00:00
#10 7.665 Downloading cloudpickle-3.1.1-py3-none-any.whl (20 kB)
#10 7.684 Downloading filelock-3.20.0-py3-none-any.whl (16 kB)
#10 7.702 Downloading h5netcdf-1.7.3-py3-none-any.whl (56 kB)
#10 7.716    ━━━━━━━━━━━━━━━━━━━━━━━━━━━━━━━━━━━━━━━━ 56.4/56.4 kB 3.6 MB/s eta 0:00:00
#10 7.725 Downloading markdown_it_py-4.0.0-py3-none-any.whl (87 kB)
#10 7.738    ━━━━━━━━━━━━━━━━━━━━━━━━━━━━━━━━━━━━━━━━ 87.3/87.3 kB 7.3 MB/s eta 0:00:00
#10 7.748 Downloading matplotlib-3.10.7-cp311-cp311-manylinux2014_x86_64.manylinux_2_17_x86_64.whl (8.7 MB)
#10 8.158    ━━━━━━━━━━━━━━━━━━━━━━━━━━━━━━━━━━━━━━━━ 8.7/8.7 MB 21.2 MB/s eta 0:00:00
#10 8.167 Downloading python_dateutil-2.9.0.post0-py2.py3-none-any.whl (229 kB)
#10 8.184    ━━━━━━━━━━━━━━━━━━━━━━━━━━━━━━━━━━━━━━━━ 229.9/229.9 kB 13.8 MB/s eta 0:00:00
#10 8.193 Downloading pytz-2025.2-py2.py3-none-any.whl (509 kB)
#10 8.222    ━━━━━━━━━━━━━━━━━━━━━━━━━━━━━━━━━━━━━━━━ 509.2/509.2 kB 17.9 MB/s eta 0:00:00
#10 8.231 Downloading tzdata-2025.2-py2.py3-none-any.whl (347 kB)
#10 8.253    ━━━━━━━━━━━━━━━━━━━━━━━━━━━━━━━━━━━━━━━━ 347.8/347.8 kB 16.7 MB/s eta 0:00:00
#10 8.262 Downloading xarray-2025.10.1-py3-none-any.whl (1.4 MB)
#10 8.316    ━━━━━━━━━━━━━━━━━━━━━━━━━━━━━━━━━━━━━━━━ 1.4/1.4 MB 26.2 MB/s eta 0:00:00
#10 8.326 Downloading xarray_einstats-0.9.1-py3-none-any.whl (39 kB)
#10 8.347 Downloading cons-0.4.7-py3-none-any.whl (8.6 kB)
#10 8.366 Downloading logical_unification-0.4.7-py3-none-any.whl (13 kB)
#10 8.385 Downloading etuples-0.3.10-py3-none-any.whl (12 kB)
#10 8.404 Downloading minikanren-1.0.5-py3-none-any.whl (24 kB)
#10 8.425 Downloading contourpy-1.3.3-cp311-cp311-manylinux_2_27_x86_64.manylinux_2_28_x86_64.whl (355 kB)
#10 8.447    ━━━━━━━━━━━━━━━━━━━━━━━━━━━━━━━━━━━━━━━━ 355.2/355.2 kB 16.9 MB/s eta 0:00:00
#10 8.455 Downloading cycler-0.12.1-py3-none-any.whl (8.3 kB)
#10 8.471 Downloading fonttools-4.60.1-cp311-cp311-manylinux2014_x86_64.manylinux_2_17_x86_64.whl (5.0 MB)
#10 8.708    ━━━━━━━━━━━━━━━━━━━━━━━━━━━━━━━━━━━━━━━━ 5.0/5.0 MB 21.2 MB/s eta 0:00:00
#10 8.716 Downloading kiwisolver-1.4.9-cp311-cp311-manylinux2014_x86_64.manylinux_2_17_x86_64.whl (1.4 MB)
#10 8.774    ━━━━━━━━━━━━━━━━━━━━━━━━━━━━━━━━━━━━━━━━ 1.4/1.4 MB 25.1 MB/s eta 0:00:00
#10 8.783 Downloading mdurl-0.1.2-py3-none-any.whl (10.0 kB)
#10 8.801 Downloading pillow-12.0.0-cp311-cp311-manylinux_2_27_x86_64.manylinux_2_28_x86_64.whl (7.0 MB)
#10 9.071    ━━━━━━━━━━━━━━━━━━━━━━━━━━━━━━━━━━━━━━━━ 7.0/7.0 MB 26.3 MB/s eta 0:00:00
#10 9.078 Downloading pyparsing-3.2.5-py3-none-any.whl (113 kB)
#10 9.093    ━━━━━━━━━━━━━━━━━━━━━━━━━━━━━━━━━━━━━━━━ 113.9/113.9 kB 8.0 MB/s eta 0:00:00
#10 9.103 Downloading h5py-3.15.1-cp311-cp311-manylinux_2_27_x86_64.manylinux_2_28_x86_64.whl (4.7 MB)
#10 9.279    ━━━━━━━━━━━━━━━━━━━━━━━━━━━━━━━━━━━━━━━━ 4.7/4.7 MB 26.8 MB/s eta 0:00:00
#10 9.289 Downloading multipledispatch-1.0.0-py3-none-any.whl (12 kB)
#10 9.307 Downloading toolz-1.1.0-py3-none-any.whl (58 kB)
#10 9.320    ━━━━━━━━━━━━━━━━━━━━━━━━━━━━━━━━━━━━━━━━ 58.1/58.1 kB 4.1 MB/s eta 0:00:00
#10 9.888 Installing collected packages: pytz, multipledispatch, tzdata, typing-extensions, toolz, threadpoolctl, python-dateutil, pyparsing, pillow, numpy, mdurl, kiwisolver, fonttools, filelock, cycler, cloudpickle, cachetools, scipy, pandas, markdown-it-py, logical-unification, h5py, contourpy, xarray, rich, matplotlib, h5netcdf, cons, xarray-einstats, etuples, miniKanren, arviz, pytensor, pymc
#10 24.42 Successfully installed arviz-0.22.0 cachetools-6.2.1 cloudpickle-3.1.1 cons-0.4.7 contourpy-1.3.3 cycler-0.12.1 etuples-0.3.10 filelock-3.20.0 fonttools-4.60.1 h5netcdf-1.7.3 h5py-3.15.1 kiwisolver-1.4.9 logical-unification-0.4.7 markdown-it-py-4.0.0 matplotlib-3.10.7 mdurl-0.1.2 miniKanren-1.0.5 multipledispatch-1.0.0 numpy-2.3.4 pandas-2.3.3 pillow-12.0.0 pymc-5.26.1 pyparsing-3.2.5 pytensor-2.35.1 python-dateutil-2.9.0.post0 pytz-2025.2 rich-14.2.0 scipy-1.16.3 threadpoolctl-3.6.0 toolz-1.1.0 typing-extensions-4.15.0 tzdata-2025.2 xarray-2025.10.1 xarray-einstats-0.9.1
#10 24.42 WARNING: Running pip as the 'root' user can result in broken permissions and conflicting behaviour with the system package manager. It is recommended to use a virtual environment instead: https://pip.pypa.io/warnings/venv
#10 24.44 
#10 24.44 [notice] A new release of pip is available: 24.0 -> 25.3
#10 24.44 [notice] To update, run: pip install --upgrade pip
#10 DONE 26.3s

#11 [7/9] RUN ["pip","install","numpy"]
#11 0.525 Requirement already satisfied: numpy in /usr/local/lib/python3.11/site-packages (2.3.4)
#11 0.810 WARNING: Running pip as the 'root' user can result in broken permissions and conflicting behaviour with the system package manager. It is recommended to use a virtual environment instead: https://pip.pypa.io/warnings/venv
#11 0.817 
#11 0.817 [notice] A new release of pip is available: 24.0 -> 25.3
#11 0.817 [notice] To update, run: pip install --upgrade pip
#11 DONE 0.9s

#12 [8/9] RUN ["pip","install","scipy"]
#12 0.552 Requirement already satisfied: scipy in /usr/local/lib/python3.11/site-packages (1.16.3)
#12 0.580 Requirement already satisfied: numpy<2.6,>=1.25.2 in /usr/local/lib/python3.11/site-packages (from scipy) (2.3.4)
#12 0.877 WARNING: Running pip as the 'root' user can result in broken permissions and conflicting behaviour with the system package manager. It is recommended to use a virtual environment instead: https://pip.pypa.io/warnings/venv
#12 0.883 
#12 0.883 [notice] A new release of pip is available: 24.0 -> 25.3
#12 0.883 [notice] To update, run: pip install --upgrade pip
#12 DONE 1.0s

#13 [9/9] RUN ["pip","install","matplotlib"]
#13 0.555 Requirement already satisfied: matplotlib in /usr/local/lib/python3.11/site-packages (3.10.7)
#13 0.565 Requirement already satisfied: contourpy>=1.0.1 in /usr/local/lib/python3.11/site-packages (from matplotlib) (1.3.3)
#13 0.566 Requirement already satisfied: cycler>=0.10 in /usr/local/lib/python3.11/site-packages (from matplotlib) (0.12.1)
#13 0.570 Requirement already satisfied: fonttools>=4.22.0 in /usr/local/lib/python3.11/site-packages (from matplotlib) (4.60.1)
#13 0.571 Requirement already satisfied: kiwisolver>=1.3.1 in /usr/local/lib/python3.11/site-packages (from matplotlib) (1.4.9)
#13 0.576 Requirement already satisfied: numpy>=1.23 in /usr/local/lib/python3.11/site-packages (from matplotlib) (2.3.4)
#13 0.577 Requirement already satisfied: packaging>=20.0 in /usr/local/lib/python3.11/site-packages (from matplotlib) (25.0)
#13 0.579 Requirement already satisfied: pillow>=8 in /usr/local/lib/python3.11/site-packages (from matplotlib) (12.0.0)
#13 0.579 Requirement already satisfied: pyparsing>=3 in /usr/local/lib/python3.11/site-packages (from matplotlib) (3.2.5)
#13 0.580 Requirement already satisfied: python-dateutil>=2.7 in /usr/local/lib/python3.11/site-packages (from matplotlib) (2.9.0.post0)
#13 0.648 Requirement already satisfied: six>=1.5 in /usr/local/lib/python3.11/site-packages (from python-dateutil>=2.7->matplotlib) (1.17.0)
#13 0.970 WARNING: Running pip as the 'root' user can result in broken permissions and conflicting behaviour with the system package manager. It is recommended to use a virtual environment instead: https://pip.pypa.io/warnings/venv
#13 0.976 
#13 0.976 [notice] A new release of pip is available: 24.0 -> 25.3
#13 0.976 [notice] To update, run: pip install --upgrade pip
#13 DONE 1.0s

#14 exporting to image
#14 exporting layers
#14 exporting layers 3.0s done
#14 writing image sha256:7401a00e28a1336354b17e39fbd146d1798ef17d6d52c613880e61367a6554c5 done
#14 naming to docker.io/library/test-image-5911624 done
#14 DONE 3.1s

View build details: docker-desktop://dashboard/build/default/default/c1nfg5at9k10ft53vt0o2h6vw
[2025-10-29 16:10:23] SUCCESS: Build completed for 5911624
