=== Docker Build Log for ea8b0a48983b9f7a8d01cbc0651e43d1 ===
Started at: Mi 29. Okt 20:51:42 CET 2025

[2025-10-29 20:51:42] START: Building image for ea8b0a48983b9f7a8d01cbc0651e43d1
#0 building with "default" instance using docker driver

#1 [internal] load build definition from Dockerfile
#1 transferring dockerfile: 199B done
#1 DONE 0.0s

#2 [internal] load metadata for docker.io/library/python:3.11
#2 DONE 0.0s

#3 [internal] load .dockerignore
#3 transferring context: 2B done
#3 DONE 0.0s

#4 [internal] load build context
#4 transferring context: 8.42kB 0.0s done
#4 DONE 0.0s

#5 [1/3] FROM docker.io/library/python:3.11
#5 CACHED

#6 [2/3] COPY hard-gists/ea8b0a48983b9f7a8d01cbc0651e43d1/snippet.py /snippet.py
#6 DONE 0.1s

#7 [3/3] RUN ["pip","install","python-dateutil"]
#7 1.892 Collecting python-dateutil
#7 1.937   Downloading python_dateutil-2.9.0.post0-py2.py3-none-any.whl.metadata (8.4 kB)
#7 1.979 Collecting six>=1.5 (from python-dateutil)
#7 1.988   Downloading six-1.17.0-py2.py3-none-any.whl.metadata (1.7 kB)
#7 2.014 Downloading python_dateutil-2.9.0.post0-py2.py3-none-any.whl (229 kB)
#7 2.057    ━━━━━━━━━━━━━━━━━━━━━━━━━━━━━━━━━━━━━━━━ 229.9/229.9 kB 5.4 MB/s eta 0:00:00
#7 2.065 Downloading six-1.17.0-py2.py3-none-any.whl (11 kB)
#7 2.109 Installing collected packages: six, python-dateutil
#7 2.165 Successfully installed python-dateutil-2.9.0.post0 six-1.17.0
#7 2.165 WARNING: Running pip as the 'root' user can result in broken permissions and conflicting behaviour with the system package manager. It is recommended to use a virtual environment instead: https://pip.pypa.io/warnings/venv
#7 2.257 
#7 2.257 [notice] A new release of pip is available: 24.0 -> 25.3
#7 2.257 [notice] To update, run: pip install --upgrade pip
#7 DONE 2.4s

#8 exporting to image
#8 exporting layers 0.1s done
#8 writing image sha256:38bdbb2a8b968205480ef6382e87fba74d95b803f193a4cabddd0c6df51c9bc7 done
#8 naming to docker.io/library/test-image-ea8b0a48983b9f7a8d01cbc0651e43d1 done
#8 DONE 0.2s

View build details: docker-desktop://dashboard/build/default/default/6cwdj23iyxwn7x3l2j14d36bf
[2025-10-29 20:51:45] SUCCESS: Build completed for ea8b0a48983b9f7a8d01cbc0651e43d1
