=== Docker Build Log for ca92b42f1f796763e5d1f8cd73247a30 ===
Started at: Mi 29. Okt 20:11:36 CET 2025

[2025-10-29 20:11:36] START: Building image for ca92b42f1f796763e5d1f8cd73247a30
#0 building with "default" instance using docker driver

#1 [internal] load build definition from Dockerfile
#1 transferring dockerfile: 157B done
#1 DONE 0.0s

#2 [internal] load metadata for docker.io/library/python:3.11
#2 DONE 0.0s

#3 [internal] load .dockerignore
#3 transferring context: 2B done
#3 DONE 0.0s

#4 [internal] load build context
#4 transferring context: 6.17kB 0.0s done
#4 DONE 0.0s

#5 [1/2] FROM docker.io/library/python:3.11
#5 CACHED

#6 [2/2] COPY hard-gists/ca92b42f1f796763e5d1f8cd73247a30/snippet.py /snippet.py
#6 DONE 0.1s

#7 exporting to image
#7 exporting layers 0.0s done
#7 writing image sha256:5765fe87b91c81cafeefef0a11dc4f42a26fc01b5c21ccf98db3d33721171e8d done
#7 naming to docker.io/library/test-image-ca92b42f1f796763e5d1f8cd73247a30 done
#7 DONE 0.1s

View build details: docker-desktop://dashboard/build/default/default/4y0e8za2lvgpzf47qt0fvj0lx
[2025-10-29 20:11:36] SUCCESS: Build completed for ca92b42f1f796763e5d1f8cd73247a30
