=== Docker Build Log for 373f0857211e860c7591 ===
Started at: Mi 29. Okt 13:58:17 CET 2025

[2025-10-29 13:58:17] START: Building image for 373f0857211e860c7591
#0 building with "default" instance using docker driver

#1 [internal] load build definition from Dockerfile
#1 transferring dockerfile: 145B done
#1 DONE 0.0s

#2 [internal] load metadata for docker.io/library/python:3.11
#2 DONE 0.0s

#3 [internal] load .dockerignore
#3 transferring context: 2B done
#3 DONE 0.0s

#4 [internal] load build context
#4 transferring context: 4.73kB 0.0s done
#4 DONE 0.0s

#5 [1/2] FROM docker.io/library/python:3.11
#5 CACHED

#6 [2/2] COPY hard-gists/373f0857211e860c7591/snippet.py /snippet.py
#6 DONE 0.1s

#7 exporting to image
#7 exporting layers 0.0s done
#7 writing image sha256:9962e4c0f1a6d010680e91becd8c01160140ef4c9ed602c0ba30a5adfffe0348 done
#7 naming to docker.io/library/test-image-373f0857211e860c7591 done
#7 DONE 0.1s

View build details: docker-desktop://dashboard/build/default/default/9b8gbaxl1zl2zkg6m1o2xvziy
[2025-10-29 13:58:18] SUCCESS: Build completed for 373f0857211e860c7591
