=== Docker Build Log for a8332d2b6dc517accedbff8fd8e63b08 ===
Started at: Mi 29. Okt 19:07:56 CET 2025

[2025-10-29 19:07:56] START: Building image for a8332d2b6dc517accedbff8fd8e63b08
#0 building with "default" instance using docker driver

#1 [internal] load build definition from Dockerfile
#1 transferring dockerfile: 157B done
#1 DONE 0.0s

#2 [internal] load metadata for docker.io/library/python:3.11
#2 DONE 0.0s

#3 [internal] load .dockerignore
#3 transferring context: 2B done
#3 DONE 0.0s

#4 [internal] load build context
#4 transferring context: 1.12kB 0.0s done
#4 DONE 0.0s

#5 [1/2] FROM docker.io/library/python:3.11
#5 CACHED

#6 [2/2] COPY hard-gists/a8332d2b6dc517accedbff8fd8e63b08/snippet.py /snippet.py
#6 DONE 0.1s

#7 exporting to image
#7 exporting layers 0.0s done
#7 writing image sha256:d9e3fa2db6907dc99ba1a1b8e5d9f6fa858136e5a75f016ee7609f51920394cb done
#7 naming to docker.io/library/test-image-a8332d2b6dc517accedbff8fd8e63b08 done
#7 DONE 0.1s

View build details: docker-desktop://dashboard/build/default/default/pw944llaf95hn44v03ztg67gp
[2025-10-29 19:07:57] SUCCESS: Build completed for a8332d2b6dc517accedbff8fd8e63b08
