=== Docker Build Log for 1835224 ===
Started at: Mi 29. Okt 12:30:47 CET 2025

[2025-10-29 12:30:47] START: Building image for 1835224
#0 building with "default" instance using docker driver

#1 [internal] load build definition from Dockerfile
#1 transferring dockerfile: 132B done
#1 DONE 0.0s

#2 [internal] load metadata for docker.io/library/python:3.11
#2 DONE 0.0s

#3 [internal] load .dockerignore
#3 transferring context: 2B done
#3 DONE 0.0s

#4 [internal] load build context
#4 transferring context: 1.18kB 0.0s done
#4 DONE 0.0s

#5 [1/2] FROM docker.io/library/python:3.11
#5 CACHED

#6 [2/2] COPY hard-gists/1835224/snippet.py /snippet.py
#6 DONE 0.1s

#7 exporting to image
#7 exporting layers 0.0s done
#7 writing image sha256:d6fe158004c7e7402f28497f0ea8b0b5803f4bbb4e2839975f7c0b5ecf42fe46 done
#7 naming to docker.io/library/test-image-1835224 done
#7 DONE 0.1s

View build details: docker-desktop://dashboard/build/default/default/mkh7qpuovnoweuxdk8d33djt1
[2025-10-29 12:30:48] SUCCESS: Build completed for 1835224
