=== Docker Build Log for 2e90566e9497725065388859762a7185 ===
Started at: Mi 29. Okt 13:31:49 CET 2025

[2025-10-29 13:31:49] START: Building image for 2e90566e9497725065388859762a7185
#0 building with "default" instance using docker driver

#1 [internal] load build definition from Dockerfile
#1 transferring dockerfile: 259B done
#1 DONE 0.0s

#2 [internal] load metadata for docker.io/library/python:3.11
#2 DONE 0.0s

#3 [internal] load .dockerignore
#3 transferring context: 2B done
#3 DONE 0.0s

#4 [internal] load build context
#4 transferring context: 2.87kB 0.0s done
#4 DONE 0.0s

#5 [1/5] FROM docker.io/library/python:3.11
#5 CACHED

#6 [2/5] COPY hard-gists/2e90566e9497725065388859762a7185/snippet.py /snippet.py
#6 DONE 0.1s

#7 [3/5] RUN ["pip","install","webvirtmgr"]
#7 1.945 Collecting webvirtmgr
#7 1.984   Downloading webvirtmgr-4.8.9.tar.gz (705 kB)
#7 2.038      ━━━━━━━━━━━━━━━━━━━━━━━━━━━━━━━━━━━━━━ 705.8/705.8 kB 14.0 MB/s eta 0:00:00
#7 2.073   Preparing metadata (setup.py): started
#7 2.475   Preparing metadata (setup.py): finished with status 'done'
#7 2.480 Requirement already satisfied: setuptools in /usr/local/lib/python3.11/site-packages (from webvirtmgr) (79.0.1)
#7 2.591 Collecting django>=1.5.5 (from webvirtmgr)
#7 2.600   Downloading django-5.2.7-py3-none-any.whl.metadata (4.1 kB)
#7 2.645 Collecting gunicorn>=18.0 (from webvirtmgr)
#7 2.654   Downloading gunicorn-23.0.0-py3-none-any.whl.metadata (4.4 kB)
#7 2.688 Collecting lockfile>=0.9 (from webvirtmgr)
#7 2.697   Downloading lockfile-0.12.2-py2.py3-none-any.whl.metadata (2.4 kB)
#7 2.745 Collecting asgiref>=3.8.1 (from django>=1.5.5->webvirtmgr)
#7 2.754   Downloading asgiref-3.10.0-py3-none-any.whl.metadata (9.3 kB)
#7 2.793 Collecting sqlparse>=0.3.1 (from django>=1.5.5->webvirtmgr)
#7 2.801   Downloading sqlparse-0.5.3-py3-none-any.whl.metadata (3.9 kB)
#7 2.849 Collecting packaging (from gunicorn>=18.0->webvirtmgr)
#7 2.858   Downloading packaging-25.0-py3-none-any.whl.metadata (3.3 kB)
#7 2.908 Downloading django-5.2.7-py3-none-any.whl (8.3 MB)
#7 3.204    ━━━━━━━━━━━━━━━━━━━━━━━━━━━━━━━━━━━━━━━━ 8.3/8.3 MB 28.4 MB/s eta 0:00:00
#7 3.213 Downloading gunicorn-23.0.0-py3-none-any.whl (85 kB)
#7 3.226    ━━━━━━━━━━━━━━━━━━━━━━━━━━━━━━━━━━━━━━━━ 85.0/85.0 kB 6.2 MB/s eta 0:00:00
#7 3.235 Downloading lockfile-0.12.2-py2.py3-none-any.whl (13 kB)
#7 3.251 Downloading asgiref-3.10.0-py3-none-any.whl (24 kB)
#7 3.268 Downloading sqlparse-0.5.3-py3-none-any.whl (44 kB)
#7 3.278    ━━━━━━━━━━━━━━━━━━━━━━━━━━━━━━━━━━━━━━━━ 44.4/44.4 kB 3.8 MB/s eta 0:00:00
#7 3.285 Downloading packaging-25.0-py3-none-any.whl (66 kB)
#7 3.297    ━━━━━━━━━━━━━━━━━━━━━━━━━━━━━━━━━━━━━━━━ 66.5/66.5 kB 5.4 MB/s eta 0:00:00
#7 3.336 Building wheels for collected packages: webvirtmgr
#7 3.336   Building wheel for webvirtmgr (setup.py): started
#7 3.622   Building wheel for webvirtmgr (setup.py): finished with status 'done'
#7 3.624   Created wheel for webvirtmgr: filename=webvirtmgr-4.8.9-py3-none-any.whl size=698037 sha256=5230b7a5aeb863227e6a8bdc0043b56bbd3794a7ff966d40ede9e61559d2afbd
#7 3.625   Stored in directory: /root/.cache/pip/wheels/c7/67/ab/a716fc1b614ea6bb537a20a0b880eb7071514208cc442aeac3
#7 3.626 Successfully built webvirtmgr
#7 3.696 Installing collected packages: lockfile, sqlparse, packaging, asgiref, gunicorn, django, webvirtmgr
#7 5.193 Successfully installed asgiref-3.10.0 django-5.2.7 gunicorn-23.0.0 lockfile-0.12.2 packaging-25.0 sqlparse-0.5.3 webvirtmgr-4.8.9
#7 5.194 WARNING: Running pip as the 'root' user can result in broken permissions and conflicting behaviour with the system package manager. It is recommended to use a virtual environment instead: https://pip.pypa.io/warnings/venv
#7 5.286 
#7 5.286 [notice] A new release of pip is available: 24.0 -> 25.3
#7 5.286 [notice] To update, run: pip install --upgrade pip
#7 DONE 6.0s

#8 [4/5] RUN ["pip","install","tensorflow"]
#8 0.636 Collecting tensorflow
#8 0.677   Downloading tensorflow-2.20.0-cp311-cp311-manylinux_2_17_x86_64.manylinux2014_x86_64.whl.metadata (4.5 kB)
#8 0.738 Collecting absl-py>=1.0.0 (from tensorflow)
#8 0.746   Downloading absl_py-2.3.1-py3-none-any.whl.metadata (3.3 kB)
#8 0.783 Collecting astunparse>=1.6.0 (from tensorflow)
#8 0.792   Downloading astunparse-1.6.3-py2.py3-none-any.whl.metadata (4.4 kB)
#8 0.837 Collecting flatbuffers>=24.3.25 (from tensorflow)
#8 0.845   Downloading flatbuffers-25.9.23-py2.py3-none-any.whl.metadata (875 bytes)
#8 0.892 Collecting gast!=0.5.0,!=0.5.1,!=0.5.2,>=0.2.1 (from tensorflow)
#8 0.901   Downloading gast-0.6.0-py3-none-any.whl.metadata (1.3 kB)
#8 0.937 Collecting google_pasta>=0.1.1 (from tensorflow)
#8 0.946   Downloading google_pasta-0.2.0-py3-none-any.whl.metadata (814 bytes)
#8 0.983 Collecting libclang>=13.0.0 (from tensorflow)
#8 0.992   Downloading libclang-18.1.1-py2.py3-none-manylinux2010_x86_64.whl.metadata (5.2 kB)
#8 1.028 Collecting opt_einsum>=2.3.2 (from tensorflow)
#8 1.036   Downloading opt_einsum-3.4.0-py3-none-any.whl.metadata (6.3 kB)
#8 1.054 Requirement already satisfied: packaging in /usr/local/lib/python3.11/site-packages (from tensorflow) (25.0)
#8 1.234 Collecting protobuf>=5.28.0 (from tensorflow)
#8 1.243   Downloading protobuf-6.33.0-cp39-abi3-manylinux2014_x86_64.whl.metadata (593 bytes)
#8 1.307 Collecting requests<3,>=2.21.0 (from tensorflow)
#8 1.316   Downloading requests-2.32.5-py3-none-any.whl.metadata (4.9 kB)
#8 1.326 Requirement already satisfied: setuptools in /usr/local/lib/python3.11/site-packages (from tensorflow) (79.0.1)
#8 1.356 Collecting six>=1.12.0 (from tensorflow)
#8 1.365   Downloading six-1.17.0-py2.py3-none-any.whl.metadata (1.7 kB)
#8 1.400 Collecting termcolor>=1.1.0 (from tensorflow)
#8 1.409   Downloading termcolor-3.2.0-py3-none-any.whl.metadata (6.4 kB)
#8 1.451 Collecting typing_extensions>=3.6.6 (from tensorflow)
#8 1.460   Downloading typing_extensions-4.15.0-py3-none-any.whl.metadata (3.3 kB)
#8 1.621 Collecting wrapt>=1.11.0 (from tensorflow)
#8 1.629   Downloading wrapt-2.0.0-cp311-cp311-manylinux1_x86_64.manylinux_2_28_x86_64.manylinux_2_5_x86_64.whl.metadata (8.8 kB)
#8 2.143 Collecting grpcio<2.0,>=1.24.3 (from tensorflow)
#8 2.154   Downloading grpcio-1.76.0-cp311-cp311-manylinux2014_x86_64.manylinux_2_17_x86_64.whl.metadata (3.7 kB)
#8 2.204 Collecting tensorboard~=2.20.0 (from tensorflow)
#8 2.212   Downloading tensorboard-2.20.0-py3-none-any.whl.metadata (1.8 kB)
#8 2.257 Collecting keras>=3.10.0 (from tensorflow)
#8 2.266   Downloading keras-3.12.0-py3-none-any.whl.metadata (5.9 kB)
#8 2.455 Collecting numpy>=1.26.0 (from tensorflow)
#8 2.466   Downloading numpy-2.3.4-cp311-cp311-manylinux_2_27_x86_64.manylinux_2_28_x86_64.whl.metadata (62 kB)
#8 2.492      ━━━━━━━━━━━━━━━━━━━━━━━━━━━━━━━━━━━━━━━━ 62.1/62.1 kB 2.2 MB/s eta 0:00:00
#8 2.590 Collecting h5py>=3.11.0 (from tensorflow)
#8 2.599   Downloading h5py-3.15.1-cp311-cp311-manylinux_2_27_x86_64.manylinux_2_28_x86_64.whl.metadata (3.0 kB)
#8 2.646 Collecting ml_dtypes<1.0.0,>=0.5.1 (from tensorflow)
#8 2.655   Downloading ml_dtypes-0.5.3-cp311-cp311-manylinux_2_27_x86_64.manylinux_2_28_x86_64.whl.metadata (8.9 kB)
#8 2.669 Requirement already satisfied: wheel<1.0,>=0.23.0 in /usr/local/lib/python3.11/site-packages (from astunparse>=1.6.0->tensorflow) (0.45.1)
#8 2.761 Collecting rich (from keras>=3.10.0->tensorflow)
#8 2.769   Downloading rich-14.2.0-py3-none-any.whl.metadata (18 kB)
#8 2.811 Collecting namex (from keras>=3.10.0->tensorflow)
#8 2.821   Downloading namex-0.1.0-py3-none-any.whl.metadata (322 bytes)
#8 2.913 Collecting optree (from keras>=3.10.0->tensorflow)
#8 2.923   Downloading optree-0.17.0-cp311-cp311-manylinux_2_27_x86_64.manylinux_2_28_x86_64.whl.metadata (33 kB)
#8 3.058 Collecting charset_normalizer<4,>=2 (from requests<3,>=2.21.0->tensorflow)
#8 3.066   Downloading charset_normalizer-3.4.4-cp311-cp311-manylinux2014_x86_64.manylinux_2_17_x86_64.manylinux_2_28_x86_64.whl.metadata (37 kB)
#8 3.105 Collecting idna<4,>=2.5 (from requests<3,>=2.21.0->tensorflow)
#8 3.113   Downloading idna-3.11-py3-none-any.whl.metadata (8.4 kB)
#8 3.172 Collecting urllib3<3,>=1.21.1 (from requests<3,>=2.21.0->tensorflow)
#8 3.180   Downloading urllib3-2.5.0-py3-none-any.whl.metadata (6.5 kB)
#8 3.228 Collecting certifi>=2017.4.17 (from requests<3,>=2.21.0->tensorflow)
#8 3.236   Downloading certifi-2025.10.5-py3-none-any.whl.metadata (2.5 kB)
#8 3.307 Collecting markdown>=2.6.8 (from tensorboard~=2.20.0->tensorflow)
#8 3.315   Downloading markdown-3.9-py3-none-any.whl.metadata (5.1 kB)
#8 3.555 Collecting pillow (from tensorboard~=2.20.0->tensorflow)
#8 3.566   Downloading pillow-12.0.0-cp311-cp311-manylinux_2_27_x86_64.manylinux_2_28_x86_64.whl.metadata (8.8 kB)
#8 3.629 Collecting tensorboard-data-server<0.8.0,>=0.7.0 (from tensorboard~=2.20.0->tensorflow)
#8 3.637   Downloading tensorboard_data_server-0.7.2-py3-none-manylinux_2_31_x86_64.whl.metadata (1.1 kB)
#8 3.693 Collecting werkzeug>=1.0.1 (from tensorboard~=2.20.0->tensorflow)
#8 3.702   Downloading werkzeug-3.1.3-py3-none-any.whl.metadata (3.7 kB)
#8 3.851 Collecting MarkupSafe>=2.1.1 (from werkzeug>=1.0.1->tensorboard~=2.20.0->tensorflow)
#8 3.860   Downloading markupsafe-3.0.3-cp311-cp311-manylinux2014_x86_64.manylinux_2_17_x86_64.manylinux_2_28_x86_64.whl.metadata (2.7 kB)
#8 3.943 Collecting markdown-it-py>=2.2.0 (from rich->keras>=3.10.0->tensorflow)
#8 3.951   Downloading markdown_it_py-4.0.0-py3-none-any.whl.metadata (7.3 kB)
#8 4.001 Collecting pygments<3.0.0,>=2.13.0 (from rich->keras>=3.10.0->tensorflow)
#8 4.010   Downloading pygments-2.19.2-py3-none-any.whl.metadata (2.5 kB)
#8 4.058 Collecting mdurl~=0.1 (from markdown-it-py>=2.2.0->rich->keras>=3.10.0->tensorflow)
#8 4.067   Downloading mdurl-0.1.2-py3-none-any.whl.metadata (1.6 kB)
#8 4.106 Downloading tensorflow-2.20.0-cp311-cp311-manylinux_2_17_x86_64.manylinux2014_x86_64.whl (620.6 MB)
#8 28.20    ━━━━━━━━━━━━━━━━━━━━━━━━━━━━━━━━━━━━━━━━ 620.6/620.6 MB 2.2 MB/s eta 0:00:00
#8 28.21 Downloading absl_py-2.3.1-py3-none-any.whl (135 kB)
#8 28.24    ━━━━━━━━━━━━━━━━━━━━━━━━━━━━━━━━━━━━━━━━ 135.8/135.8 kB 4.9 MB/s eta 0:00:00
#8 28.25 Downloading astunparse-1.6.3-py2.py3-none-any.whl (12 kB)
#8 28.27 Downloading flatbuffers-25.9.23-py2.py3-none-any.whl (30 kB)
#8 28.29 Downloading gast-0.6.0-py3-none-any.whl (21 kB)
#8 28.32 Downloading google_pasta-0.2.0-py3-none-any.whl (57 kB)
#8 28.33    ━━━━━━━━━━━━━━━━━━━━━━━━━━━━━━━━━━━━━━━━ 57.5/57.5 kB 3.2 MB/s eta 0:00:00
#8 28.34 Downloading grpcio-1.76.0-cp311-cp311-manylinux2014_x86_64.manylinux_2_17_x86_64.whl (6.6 MB)
#8 28.59    ━━━━━━━━━━━━━━━━━━━━━━━━━━━━━━━━━━━━━━━━ 6.6/6.6 MB 26.6 MB/s eta 0:00:00
#8 28.60 Downloading h5py-3.15.1-cp311-cp311-manylinux_2_27_x86_64.manylinux_2_28_x86_64.whl (4.7 MB)
#8 28.77    ━━━━━━━━━━━━━━━━━━━━━━━━━━━━━━━━━━━━━━━━ 4.7/4.7 MB 27.6 MB/s eta 0:00:00
#8 28.78 Downloading keras-3.12.0-py3-none-any.whl (1.5 MB)
#8 28.84    ━━━━━━━━━━━━━━━━━━━━━━━━━━━━━━━━━━━━━━━━ 1.5/1.5 MB 24.8 MB/s eta 0:00:00
#8 28.85 Downloading libclang-18.1.1-py2.py3-none-manylinux2010_x86_64.whl (24.5 MB)
#8 29.76    ━━━━━━━━━━━━━━━━━━━━━━━━━━━━━━━━━━━━━━━━ 24.5/24.5 MB 22.3 MB/s eta 0:00:00
#8 29.77 Downloading ml_dtypes-0.5.3-cp311-cp311-manylinux_2_27_x86_64.manylinux_2_28_x86_64.whl (4.9 MB)
#8 29.94    ━━━━━━━━━━━━━━━━━━━━━━━━━━━━━━━━━━━━━━━━ 4.9/4.9 MB 28.9 MB/s eta 0:00:00
#8 29.95 Downloading numpy-2.3.4-cp311-cp311-manylinux_2_27_x86_64.manylinux_2_28_x86_64.whl (16.9 MB)
#8 30.58    ━━━━━━━━━━━━━━━━━━━━━━━━━━━━━━━━━━━━━━━━ 16.9/16.9 MB 23.9 MB/s eta 0:00:00
#8 30.60 Downloading opt_einsum-3.4.0-py3-none-any.whl (71 kB)
#8 30.61    ━━━━━━━━━━━━━━━━━━━━━━━━━━━━━━━━━━━━━━━━ 71.9/71.9 kB 6.1 MB/s eta 0:00:00
#8 30.62 Downloading protobuf-6.33.0-cp39-abi3-manylinux2014_x86_64.whl (323 kB)
#8 30.64    ━━━━━━━━━━━━━━━━━━━━━━━━━━━━━━━━━━━━━━━━ 323.2/323.2 kB 17.9 MB/s eta 0:00:00
#8 30.65 Downloading requests-2.32.5-py3-none-any.whl (64 kB)
#8 30.66    ━━━━━━━━━━━━━━━━━━━━━━━━━━━━━━━━━━━━━━━━ 64.7/64.7 kB 5.4 MB/s eta 0:00:00
#8 30.67 Downloading six-1.17.0-py2.py3-none-any.whl (11 kB)
#8 30.69 Downloading tensorboard-2.20.0-py3-none-any.whl (5.5 MB)
#8 30.90    ━━━━━━━━━━━━━━━━━━━━━━━━━━━━━━━━━━━━━━━━ 5.5/5.5 MB 27.0 MB/s eta 0:00:00
#8 30.90 Downloading termcolor-3.2.0-py3-none-any.whl (7.7 kB)
#8 30.92 Downloading typing_extensions-4.15.0-py3-none-any.whl (44 kB)
#8 30.94    ━━━━━━━━━━━━━━━━━━━━━━━━━━━━━━━━━━━━━━━━ 44.6/44.6 kB 3.6 MB/s eta 0:00:00
#8 30.94 Downloading wrapt-2.0.0-cp311-cp311-manylinux1_x86_64.manylinux_2_28_x86_64.manylinux_2_5_x86_64.whl (114 kB)
#8 30.96    ━━━━━━━━━━━━━━━━━━━━━━━━━━━━━━━━━━━━━━━━ 114.1/114.1 kB 7.9 MB/s eta 0:00:00
#8 30.97 Downloading certifi-2025.10.5-py3-none-any.whl (163 kB)
#8 30.99    ━━━━━━━━━━━━━━━━━━━━━━━━━━━━━━━━━━━━━━━━ 163.3/163.3 kB 8.8 MB/s eta 0:00:00
#8 31.00 Downloading charset_normalizer-3.4.4-cp311-cp311-manylinux2014_x86_64.manylinux_2_17_x86_64.manylinux_2_28_x86_64.whl (151 kB)
#8 31.01    ━━━━━━━━━━━━━━━━━━━━━━━━━━━━━━━━━━━━━━━━ 151.6/151.6 kB 9.7 MB/s eta 0:00:00
#8 31.02 Downloading idna-3.11-py3-none-any.whl (71 kB)
#8 31.03    ━━━━━━━━━━━━━━━━━━━━━━━━━━━━━━━━━━━━━━━━ 71.0/71.0 kB 6.5 MB/s eta 0:00:00
#8 31.04 Downloading markdown-3.9-py3-none-any.whl (107 kB)
#8 31.05    ━━━━━━━━━━━━━━━━━━━━━━━━━━━━━━━━━━━━━━━━ 107.4/107.4 kB 8.6 MB/s eta 0:00:00
#8 31.06 Downloading tensorboard_data_server-0.7.2-py3-none-manylinux_2_31_x86_64.whl (6.6 MB)
#8 31.31    ━━━━━━━━━━━━━━━━━━━━━━━━━━━━━━━━━━━━━━━━ 6.6/6.6 MB 26.3 MB/s eta 0:00:00
#8 31.32 Downloading urllib3-2.5.0-py3-none-any.whl (129 kB)
#8 31.33    ━━━━━━━━━━━━━━━━━━━━━━━━━━━━━━━━━━━━━━━━ 129.8/129.8 kB 10.2 MB/s eta 0:00:00
#8 31.34 Downloading werkzeug-3.1.3-py3-none-any.whl (224 kB)
#8 31.36    ━━━━━━━━━━━━━━━━━━━━━━━━━━━━━━━━━━━━━━━━ 224.5/224.5 kB 15.0 MB/s eta 0:00:00
#8 31.37 Downloading namex-0.1.0-py3-none-any.whl (5.9 kB)
#8 31.39 Downloading optree-0.17.0-cp311-cp311-manylinux_2_27_x86_64.manylinux_2_28_x86_64.whl (402 kB)
#8 31.41    ━━━━━━━━━━━━━━━━━━━━━━━━━━━━━━━━━━━━━━━━ 402.0/402.0 kB 18.5 MB/s eta 0:00:00
#8 31.42 Downloading pillow-12.0.0-cp311-cp311-manylinux_2_27_x86_64.manylinux_2_28_x86_64.whl (7.0 MB)
#8 31.67    ━━━━━━━━━━━━━━━━━━━━━━━━━━━━━━━━━━━━━━━━ 7.0/7.0 MB 27.8 MB/s eta 0:00:00
#8 31.68 Downloading rich-14.2.0-py3-none-any.whl (243 kB)
#8 31.70    ━━━━━━━━━━━━━━━━━━━━━━━━━━━━━━━━━━━━━━━━ 243.4/243.4 kB 12.8 MB/s eta 0:00:00
#8 31.71 Downloading markdown_it_py-4.0.0-py3-none-any.whl (87 kB)
#8 31.73    ━━━━━━━━━━━━━━━━━━━━━━━━━━━━━━━━━━━━━━━━ 87.3/87.3 kB 6.2 MB/s eta 0:00:00
#8 31.73 Downloading markupsafe-3.0.3-cp311-cp311-manylinux2014_x86_64.manylinux_2_17_x86_64.manylinux_2_28_x86_64.whl (22 kB)
#8 31.75 Downloading pygments-2.19.2-py3-none-any.whl (1.2 MB)
#8 31.80    ━━━━━━━━━━━━━━━━━━━━━━━━━━━━━━━━━━━━━━━━ 1.2/1.2 MB 25.4 MB/s eta 0:00:00
#8 31.81 Downloading mdurl-0.1.2-py3-none-any.whl (10.0 kB)
#8 33.62 Installing collected packages: namex, libclang, flatbuffers, wrapt, urllib3, typing_extensions, termcolor, tensorboard-data-server, six, pygments, protobuf, pillow, opt_einsum, numpy, mdurl, MarkupSafe, markdown, idna, gast, charset_normalizer, certifi, absl-py, werkzeug, requests, optree, ml_dtypes, markdown-it-py, h5py, grpcio, google_pasta, astunparse, tensorboard, rich, keras, tensorflow
#8 48.57 Successfully installed MarkupSafe-3.0.3 absl-py-2.3.1 astunparse-1.6.3 certifi-2025.10.5 charset_normalizer-3.4.4 flatbuffers-25.9.23 gast-0.6.0 google_pasta-0.2.0 grpcio-1.76.0 h5py-3.15.1 idna-3.11 keras-3.12.0 libclang-18.1.1 markdown-3.9 markdown-it-py-4.0.0 mdurl-0.1.2 ml_dtypes-0.5.3 namex-0.1.0 numpy-2.3.4 opt_einsum-3.4.0 optree-0.17.0 pillow-12.0.0 protobuf-6.33.0 pygments-2.19.2 requests-2.32.5 rich-14.2.0 six-1.17.0 tensorboard-2.20.0 tensorboard-data-server-0.7.2 tensorflow-2.20.0 termcolor-3.2.0 typing_extensions-4.15.0 urllib3-2.5.0 werkzeug-3.1.3 wrapt-2.0.0
#8 48.57 WARNING: Running pip as the 'root' user can result in broken permissions and conflicting behaviour with the system package manager. It is recommended to use a virtual environment instead: https://pip.pypa.io/warnings/venv
#8 48.58 
#8 48.58 [notice] A new release of pip is available: 24.0 -> 25.3
#8 48.58 [notice] To update, run: pip install --upgrade pip
#8 DONE 66.3s

#9 [5/5] RUN ["pip","install","numpy"]
#9 0.463 Requirement already satisfied: numpy in /usr/local/lib/python3.11/site-packages (2.3.4)
#9 0.595 WARNING: Running pip as the 'root' user can result in broken permissions and conflicting behaviour with the system package manager. It is recommended to use a virtual environment instead: https://pip.pypa.io/warnings/venv
#9 0.600 
#9 0.600 [notice] A new release of pip is available: 24.0 -> 25.3
#9 0.600 [notice] To update, run: pip install --upgrade pip
#9 DONE 0.7s

#10 exporting to image
#10 exporting layers
#10 exporting layers 8.9s done
#10 writing image sha256:bc6cd682ec349f85e108479213030cf1ae72bdd466295e5bbcf63000dd7aeb11 done
#10 naming to docker.io/library/test-image-2e90566e9497725065388859762a7185 done
#10 DONE 8.9s

View build details: docker-desktop://dashboard/build/default/default/o9c2a80y63g5th803bf1s8rbp
[2025-10-29 13:33:11] SUCCESS: Build completed for 2e90566e9497725065388859762a7185
