=== Docker Build Log for d8e8d65d0418886c47d0 ===
Started at: Mi 29. Okt 20:28:18 CET 2025

[2025-10-29 20:28:18] START: Building image for d8e8d65d0418886c47d0
#0 building with "default" instance using docker driver

#1 [internal] load build definition from Dockerfile
#1 transferring dockerfile: 210B done
#1 DONE 0.0s

#2 [internal] load metadata for docker.io/library/python:3.11
#2 DONE 0.0s

#3 [internal] load .dockerignore
#3 transferring context: 2B done
#3 DONE 0.0s

#4 [internal] load build context
#4 transferring context: 1.65kB 0.0s done
#4 DONE 0.0s

#5 [1/4] FROM docker.io/library/python:3.11
#5 CACHED

#6 [2/4] COPY hard-gists/d8e8d65d0418886c47d0/snippet.py /snippet.py
#6 DONE 0.1s

#7 [3/4] RUN ["pip","install","vanilla"]
#7 1.910 Collecting vanilla
#7 1.949   Downloading vanilla-0.1.16.tar.gz (22 kB)
#7 1.964   Preparing metadata (setup.py): started
#7 2.347   Preparing metadata (setup.py): finished with status 'done'
#7 2.494 Collecting greenlet (from vanilla)
#7 2.505   Downloading greenlet-3.2.4-cp311-cp311-manylinux_2_24_x86_64.manylinux_2_28_x86_64.whl.metadata (4.1 kB)
#7 2.538 Downloading greenlet-3.2.4-cp311-cp311-manylinux_2_24_x86_64.manylinux_2_28_x86_64.whl (587 kB)
#7 2.587    ━━━━━━━━━━━━━━━━━━━━━━━━━━━━━━━━━━━━━━━━ 587.7/587.7 kB 12.4 MB/s eta 0:00:00
#7 2.594 Building wheels for collected packages: vanilla
#7 2.594   Building wheel for vanilla (setup.py): started
#7 2.768   Building wheel for vanilla (setup.py): finished with status 'done'
#7 2.769   Created wheel for vanilla: filename=vanilla-0.1.16-py3-none-any.whl size=25717 sha256=f7521ee0db334d272ee7aab4459ce27399e219fbbb60626f407cbaa322eaeed5
#7 2.769   Stored in directory: /root/.cache/pip/wheels/23/f2/31/b55050dd52c74539e0ae7267a1635ade98a452ef34b6a9d8c6
#7 2.771 Successfully built vanilla
#7 2.802 Installing collected packages: greenlet, vanilla
#7 2.878 Successfully installed greenlet-3.2.4 vanilla-0.1.16
#7 2.878 WARNING: Running pip as the 'root' user can result in broken permissions and conflicting behaviour with the system package manager. It is recommended to use a virtual environment instead: https://pip.pypa.io/warnings/venv
#7 2.967 
#7 2.967 [notice] A new release of pip is available: 24.0 -> 25.3
#7 2.967 [notice] To update, run: pip install --upgrade pip
#7 DONE 3.1s

#8 [4/4] RUN ["pip","install","AppKit"]
#8 0.527 Collecting AppKit
#8 0.561   Downloading AppKit-0.2.8.tar.gz (7.6 kB)
#8 0.575   Preparing metadata (setup.py): started
#8 0.687   Preparing metadata (setup.py): finished with status 'done'
#8 0.727 Collecting flask (from AppKit)
#8 0.735   Downloading flask-3.1.2-py3-none-any.whl.metadata (3.2 kB)
#8 0.779 Collecting pygobject (from AppKit)
#8 0.791   Downloading pygobject-3.54.5.tar.gz (1.3 MB)
#8 0.861      ━━━━━━━━━━━━━━━━━━━━━━━━━━━━━━━━━━━━━━━━ 1.3/1.3 MB 18.7 MB/s eta 0:00:00
#8 0.943   Installing build dependencies: started
#8 6.034   Installing build dependencies: finished with status 'done'
#8 6.035   Getting requirements to build wheel: started
#8 6.111   Getting requirements to build wheel: finished with status 'done'
#8 6.114   Installing backend dependencies: started
#8 6.562   Installing backend dependencies: finished with status 'done'
#8 6.563   Preparing metadata (pyproject.toml): started
#8 7.125   Preparing metadata (pyproject.toml): finished with status 'error'
#8 7.129   error: subprocess-exited-with-error
#8 7.129   
#8 7.129   × Preparing metadata (pyproject.toml) did not run successfully.
#8 7.129   │ exit code: 1
#8 7.129   ╰─> [24 lines of output]
#8 7.129       + meson setup /tmp/pip-install-y50h_yj3/pygobject_f9dfdd194b7c468c8924ab63c9cd6ecb /tmp/pip-install-y50h_yj3/pygobject_f9dfdd194b7c468c8924ab63c9cd6ecb/.mesonpy-xg0bg374 -Dbuildtype=release -Db_ndebug=if-release -Db_vscrt=md -Dtests=false -Dwheel=true --wrap-mode=nofallback --native-file=/tmp/pip-install-y50h_yj3/pygobject_f9dfdd194b7c468c8924ab63c9cd6ecb/.mesonpy-xg0bg374/meson-python-native-file.ini
#8 7.129       The Meson build system
#8 7.129       Version: 1.9.1
#8 7.129       Source dir: /tmp/pip-install-y50h_yj3/pygobject_f9dfdd194b7c468c8924ab63c9cd6ecb
#8 7.129       Build dir: /tmp/pip-install-y50h_yj3/pygobject_f9dfdd194b7c468c8924ab63c9cd6ecb/.mesonpy-xg0bg374
#8 7.129       Build type: native build
#8 7.129       Project name: pygobject
#8 7.129       Project version: 3.54.5
#8 7.129       C compiler for the host machine: cc (gcc 14.2.0 "cc (Debian 14.2.0-19) 14.2.0")
#8 7.129       C linker for the host machine: cc ld.bfd 2.44
#8 7.129       Host machine cpu family: x86_64
#8 7.129       Host machine cpu: x86_64
#8 7.129       Program python3 found: YES (/usr/local/bin/python3.11)
#8 7.129       Found pkg-config: YES (/usr/bin/pkg-config) 1.8.1
#8 7.129       Run-time dependency python found: YES 3.11
#8 7.129       Did not find CMake 'cmake'
#8 7.129       Found CMake: NO
#8 7.129       Run-time dependency girepository-2.0 found: NO (tried pkgconfig and cmake)
#8 7.129       Not looking for a fallback subproject for the dependency girepository-2.0 because:
#8 7.129       Use of fallback dependencies is disabled.
#8 7.129       
#8 7.129       ../meson.build:31:9: ERROR: Dependency 'girepository-2.0' is required but not found.
#8 7.129       
#8 7.129       A full log can be found at /tmp/pip-install-y50h_yj3/pygobject_f9dfdd194b7c468c8924ab63c9cd6ecb/.mesonpy-xg0bg374/meson-logs/meson-log.txt
#8 7.129       [end of output]
#8 7.129   
#8 7.129   note: This error originates from a subprocess, and is likely not a problem with pip.
#8 7.130 error: metadata-generation-failed
#8 7.130 
#8 7.130 × Encountered error while generating package metadata.
#8 7.130 ╰─> See above for output.
#8 7.130 
#8 7.130 note: This is an issue with the package mentioned above, not pip.
#8 7.130 hint: See above for details.
#8 7.135 
#8 7.135 [notice] A new release of pip is available: 24.0 -> 25.3
#8 7.135 [notice] To update, run: pip install --upgrade pip
#8 ERROR: process "pip install AppKit" did not complete successfully: exit code: 1
------
 > [4/4] RUN ["pip","install","AppKit"]:
7.130 error: metadata-generation-failed
7.130 
7.130 × Encountered error while generating package metadata.
7.130 ╰─> See above for output.
7.130 
7.130 note: This is an issue with the package mentioned above, not pip.
7.130 hint: See above for details.
7.135 
7.135 [notice] A new release of pip is available: 24.0 -> 25.3
7.135 [notice] To update, run: pip install --upgrade pip
------
Dockerfile:4
--------------------
   2 |     COPY hard-gists/d8e8d65d0418886c47d0/snippet.py /snippet.py
   3 |     RUN ["pip","install","vanilla"]
   4 | >>> RUN ["pip","install","AppKit"]
   5 |     CMD ["python3","/snippet.py"]
   6 |     
--------------------
ERROR: failed to build: failed to solve: process "pip install AppKit" did not complete successfully: exit code: 1

View build details: docker-desktop://dashboard/build/default/default/jzpr2drdlo9o6a62yiqfai950
[2025-10-29 20:28:29] ERROR: Build failed for d8e8d65d0418886c47d0
