=== Docker Build Log for 2061456 ===
Started at: Mi 29. Okt 12:58:18 CET 2025

[2025-10-29 12:58:18] START: Building image for 2061456
#0 building with "default" instance using docker driver

#1 [internal] load build definition from Dockerfile
#1 transferring dockerfile: 285B done
#1 DONE 0.0s

#2 [internal] load metadata for docker.io/library/python:3.11
#2 DONE 0.0s

#3 [internal] load .dockerignore
#3 transferring context: 2B done
#3 DONE 0.0s

#4 [internal] load build context
#4 transferring context: 7.05kB 0.0s done
#4 DONE 0.0s

#5 [1/6] FROM docker.io/library/python:3.11
#5 CACHED

#6 [2/6] COPY hard-gists/2061456/snippet.py /snippet.py
#6 DONE 0.1s

#7 [3/6] RUN ["pip","install","numpy"]
#7 2.171 Collecting numpy
#7 2.208   Downloading numpy-2.3.4-cp311-cp311-manylinux_2_27_x86_64.manylinux_2_28_x86_64.whl.metadata (62 kB)
#7 2.236      ━━━━━━━━━━━━━━━━━━━━━━━━━━━━━━━━━━━━━━━━ 62.1/62.1 kB 2.0 MB/s eta 0:00:00
#7 2.264 Downloading numpy-2.3.4-cp311-cp311-manylinux_2_27_x86_64.manylinux_2_28_x86_64.whl (16.9 MB)
#7 2.940    ━━━━━━━━━━━━━━━━━━━━━━━━━━━━━━━━━━━━━━━━ 16.9/16.9 MB 22.4 MB/s eta 0:00:00
#7 3.018 Installing collected packages: numpy
#7 4.487 Successfully installed numpy-2.3.4
#7 4.488 WARNING: Running pip as the 'root' user can result in broken permissions and conflicting behaviour with the system package manager. It is recommended to use a virtual environment instead: https://pip.pypa.io/warnings/venv
#7 4.581 
#7 4.581 [notice] A new release of pip is available: 24.0 -> 25.3
#7 4.581 [notice] To update, run: pip install --upgrade pip
#7 DONE 5.1s

#8 [4/6] RUN ["pip","install","scikit-learn"]
#8 0.639 Collecting scikit-learn
#8 0.679   Downloading scikit_learn-1.7.2-cp311-cp311-manylinux2014_x86_64.manylinux_2_17_x86_64.whl.metadata (11 kB)
#8 0.734 Requirement already satisfied: numpy>=1.22.0 in /usr/local/lib/python3.11/site-packages (from scikit-learn) (2.3.4)
#8 0.896 Collecting scipy>=1.8.0 (from scikit-learn)
#8 0.906   Downloading scipy-1.16.3-cp311-cp311-manylinux2014_x86_64.manylinux_2_17_x86_64.whl.metadata (62 kB)
#8 0.933      ━━━━━━━━━━━━━━━━━━━━━━━━━━━━━━━━━━━━━━━━ 62.0/62.0 kB 2.1 MB/s eta 0:00:00
#8 0.977 Collecting joblib>=1.2.0 (from scikit-learn)
#8 0.985   Downloading joblib-1.5.2-py3-none-any.whl.metadata (5.6 kB)
#8 1.020 Collecting threadpoolctl>=3.1.0 (from scikit-learn)
#8 1.028   Downloading threadpoolctl-3.6.0-py3-none-any.whl.metadata (13 kB)
#8 1.075 Downloading scikit_learn-1.7.2-cp311-cp311-manylinux2014_x86_64.manylinux_2_17_x86_64.whl (9.7 MB)
#8 1.484    ━━━━━━━━━━━━━━━━━━━━━━━━━━━━━━━━━━━━━━━━ 9.7/9.7 MB 23.8 MB/s eta 0:00:00
#8 1.495 Downloading joblib-1.5.2-py3-none-any.whl (308 kB)
#8 1.515    ━━━━━━━━━━━━━━━━━━━━━━━━━━━━━━━━━━━━━━━━ 308.4/308.4 kB 16.9 MB/s eta 0:00:00
#8 1.524 Downloading scipy-1.16.3-cp311-cp311-manylinux2014_x86_64.manylinux_2_17_x86_64.whl (35.9 MB)
#8 3.034    ━━━━━━━━━━━━━━━━━━━━━━━━━━━━━━━━━━━━━━━━ 35.9/35.9 MB 15.4 MB/s eta 0:00:00
#8 3.041 Downloading threadpoolctl-3.6.0-py3-none-any.whl (18 kB)
#8 3.262 Installing collected packages: threadpoolctl, scipy, joblib, scikit-learn
#8 7.796 Successfully installed joblib-1.5.2 scikit-learn-1.7.2 scipy-1.16.3 threadpoolctl-3.6.0
#8 7.796 WARNING: Running pip as the 'root' user can result in broken permissions and conflicting behaviour with the system package manager. It is recommended to use a virtual environment instead: https://pip.pypa.io/warnings/venv
#8 7.802 
#8 7.802 [notice] A new release of pip is available: 24.0 -> 25.3
#8 7.802 [notice] To update, run: pip install --upgrade pip
#8 DONE 8.5s

#9 [5/6] RUN ["pip","install","sklearn-preprocessing"]
#9 0.655 Collecting sklearn-preprocessing
#9 0.688   Downloading sklearn_preprocessing-0.1.0-py3-none-any.whl.metadata (70 bytes)
#9 0.717 Downloading sklearn_preprocessing-0.1.0-py3-none-any.whl (10 kB)
#9 0.830 Installing collected packages: sklearn-preprocessing
#9 0.868 Successfully installed sklearn-preprocessing-0.1.0
#9 0.868 WARNING: Running pip as the 'root' user can result in broken permissions and conflicting behaviour with the system package manager. It is recommended to use a virtual environment instead: https://pip.pypa.io/warnings/venv
#9 0.873 
#9 0.873 [notice] A new release of pip is available: 24.0 -> 25.3
#9 0.873 [notice] To update, run: pip install --upgrade pip
#9 DONE 0.9s

#10 [6/6] RUN ["pip","install","sklearn_utils"]
#10 0.695 Collecting sklearn_utils
#10 0.729   Downloading sklearn_utils-0.0.15.tar.gz (26 kB)
#10 0.747   Preparing metadata (setup.py): started
#10 1.190   Preparing metadata (setup.py): finished with status 'done'
#10 1.198 Requirement already satisfied: numpy in /usr/local/lib/python3.11/site-packages (from sklearn_utils) (2.3.4)
#10 1.333 Collecting pyfunctional (from sklearn_utils)
#10 1.342   Downloading pyfunctional-1.5.0-py3-none-any.whl.metadata (40 kB)
#10 1.364      ━━━━━━━━━━━━━━━━━━━━━━━━━━━━━━━━━━━━━━━━ 40.4/40.4 kB 1.6 MB/s eta 0:00:00
#10 1.511 Collecting pandas (from sklearn_utils)
#10 1.524   Downloading pandas-2.3.3-cp311-cp311-manylinux_2_24_x86_64.manylinux_2_28_x86_64.whl.metadata (91 kB)
#10 1.547      ━━━━━━━━━━━━━━━━━━━━━━━━━━━━━━━━━━━━━━━━ 91.2/91.2 kB 3.7 MB/s eta 0:00:00
#10 1.563 Requirement already satisfied: scipy in /usr/local/lib/python3.11/site-packages (from sklearn_utils) (1.16.3)
#10 1.564 Requirement already satisfied: scikit-learn in /usr/local/lib/python3.11/site-packages (from sklearn_utils) (1.7.2)
#10 1.625 Collecting statsmodels (from sklearn_utils)
#10 1.634   Downloading statsmodels-0.14.5-cp311-cp311-manylinux2014_x86_64.manylinux_2_17_x86_64.manylinux_2_28_x86_64.whl.metadata (9.5 kB)
#10 1.676 Collecting seaborn (from sklearn_utils)
#10 1.684   Downloading seaborn-0.13.2-py3-none-any.whl.metadata (5.4 kB)
#10 1.784 Collecting python-dateutil>=2.8.2 (from pandas->sklearn_utils)
#10 1.793   Downloading python_dateutil-2.9.0.post0-py2.py3-none-any.whl.metadata (8.4 kB)
#10 1.861 Collecting pytz>=2020.1 (from pandas->sklearn_utils)
#10 1.869   Downloading pytz-2025.2-py2.py3-none-any.whl.metadata (22 kB)
#10 1.915 Collecting tzdata>=2022.7 (from pandas->sklearn_utils)
#10 1.924   Downloading tzdata-2025.2-py2.py3-none-any.whl.metadata (1.4 kB)
#10 1.974 Collecting dill>=0.2.5 (from pyfunctional->sklearn_utils)
#10 1.982   Downloading dill-0.4.0-py3-none-any.whl.metadata (10 kB)
#10 2.020 Collecting tabulate<=1.0.0 (from pyfunctional->sklearn_utils)
#10 2.029   Downloading tabulate-0.9.0-py3-none-any.whl.metadata (34 kB)
#10 2.087 Requirement already satisfied: joblib>=1.2.0 in /usr/local/lib/python3.11/site-packages (from scikit-learn->sklearn_utils) (1.5.2)
#10 2.088 Requirement already satisfied: threadpoolctl>=3.1.0 in /usr/local/lib/python3.11/site-packages (from scikit-learn->sklearn_utils) (3.6.0)
#10 2.278 Collecting matplotlib!=3.6.1,>=3.4 (from seaborn->sklearn_utils)
#10 2.289   Downloading matplotlib-3.10.7-cp311-cp311-manylinux2014_x86_64.manylinux_2_17_x86_64.whl.metadata (11 kB)
#10 2.360 Collecting patsy>=0.5.6 (from statsmodels->sklearn_utils)
#10 2.368   Downloading patsy-1.0.2-py2.py3-none-any.whl.metadata (3.6 kB)
#10 2.417 Collecting packaging>=21.3 (from statsmodels->sklearn_utils)
#10 2.425   Downloading packaging-25.0-py3-none-any.whl.metadata (3.3 kB)
#10 2.545 Collecting contourpy>=1.0.1 (from matplotlib!=3.6.1,>=3.4->seaborn->sklearn_utils)
#10 2.554   Downloading contourpy-1.3.3-cp311-cp311-manylinux_2_27_x86_64.manylinux_2_28_x86_64.whl.metadata (5.5 kB)
#10 2.588 Collecting cycler>=0.10 (from matplotlib!=3.6.1,>=3.4->seaborn->sklearn_utils)
#10 2.596   Downloading cycler-0.12.1-py3-none-any.whl.metadata (3.8 kB)
#10 2.780 Collecting fonttools>=4.22.0 (from matplotlib!=3.6.1,>=3.4->seaborn->sklearn_utils)
#10 2.789   Downloading fonttools-4.60.1-cp311-cp311-manylinux2014_x86_64.manylinux_2_17_x86_64.whl.metadata (112 kB)
#10 2.808      ━━━━━━━━━━━━━━━━━━━━━━━━━━━━━━━━━━━━━━━ 112.3/112.3 kB 6.0 MB/s eta 0:00:00
#10 2.888 Collecting kiwisolver>=1.3.1 (from matplotlib!=3.6.1,>=3.4->seaborn->sklearn_utils)
#10 2.896   Downloading kiwisolver-1.4.9-cp311-cp311-manylinux2014_x86_64.manylinux_2_17_x86_64.whl.metadata (6.3 kB)
#10 3.103 Collecting pillow>=8 (from matplotlib!=3.6.1,>=3.4->seaborn->sklearn_utils)
#10 3.111   Downloading pillow-12.0.0-cp311-cp311-manylinux_2_27_x86_64.manylinux_2_28_x86_64.whl.metadata (8.8 kB)
#10 3.167 Collecting pyparsing>=3 (from matplotlib!=3.6.1,>=3.4->seaborn->sklearn_utils)
#10 3.175   Downloading pyparsing-3.2.5-py3-none-any.whl.metadata (5.0 kB)
#10 3.264 Collecting six>=1.5 (from python-dateutil>=2.8.2->pandas->sklearn_utils)
#10 3.272   Downloading six-1.17.0-py2.py3-none-any.whl.metadata (1.7 kB)
#10 3.367 Downloading pandas-2.3.3-cp311-cp311-manylinux_2_24_x86_64.manylinux_2_28_x86_64.whl (12.8 MB)
#10 3.817    ━━━━━━━━━━━━━━━━━━━━━━━━━━━━━━━━━━━━━━━━ 12.8/12.8 MB 27.8 MB/s eta 0:00:00
#10 3.826 Downloading pyfunctional-1.5.0-py3-none-any.whl (53 kB)
#10 3.837    ━━━━━━━━━━━━━━━━━━━━━━━━━━━━━━━━━━━━━━━━ 53.1/53.1 kB 4.6 MB/s eta 0:00:00
#10 3.845 Downloading seaborn-0.13.2-py3-none-any.whl (294 kB)
#10 3.864    ━━━━━━━━━━━━━━━━━━━━━━━━━━━━━━━━━━━━━━━━ 294.9/294.9 kB 15.4 MB/s eta 0:00:00
#10 3.873 Downloading statsmodels-0.14.5-cp311-cp311-manylinux2014_x86_64.manylinux_2_17_x86_64.manylinux_2_28_x86_64.whl (10.5 MB)
#10 4.244    ━━━━━━━━━━━━━━━━━━━━━━━━━━━━━━━━━━━━━━━━ 10.5/10.5 MB 28.3 MB/s eta 0:00:00
#10 4.252 Downloading dill-0.4.0-py3-none-any.whl (119 kB)
#10 4.266    ━━━━━━━━━━━━━━━━━━━━━━━━━━━━━━━━━━━━━━━━ 119.7/119.7 kB 8.5 MB/s eta 0:00:00
#10 4.277 Downloading matplotlib-3.10.7-cp311-cp311-manylinux2014_x86_64.manylinux_2_17_x86_64.whl (8.7 MB)
#10 4.597    ━━━━━━━━━━━━━━━━━━━━━━━━━━━━━━━━━━━━━━━━ 8.7/8.7 MB 27.2 MB/s eta 0:00:00
#10 4.606 Downloading packaging-25.0-py3-none-any.whl (66 kB)
#10 4.619    ━━━━━━━━━━━━━━━━━━━━━━━━━━━━━━━━━━━━━━━━ 66.5/66.5 kB 5.0 MB/s eta 0:00:00
#10 4.627 Downloading patsy-1.0.2-py2.py3-none-any.whl (233 kB)
#10 4.651    ━━━━━━━━━━━━━━━━━━━━━━━━━━━━━━━━━━━━━━━━ 233.3/233.3 kB 10.1 MB/s eta 0:00:00
#10 4.660 Downloading python_dateutil-2.9.0.post0-py2.py3-none-any.whl (229 kB)
#10 4.691    ━━━━━━━━━━━━━━━━━━━━━━━━━━━━━━━━━━━━━━━━ 229.9/229.9 kB 7.4 MB/s eta 0:00:00
#10 4.700 Downloading pytz-2025.2-py2.py3-none-any.whl (509 kB)
#10 4.730    ━━━━━━━━━━━━━━━━━━━━━━━━━━━━━━━━━━━━━━━━ 509.2/509.2 kB 17.4 MB/s eta 0:00:00
#10 4.738 Downloading tabulate-0.9.0-py3-none-any.whl (35 kB)
#10 4.756 Downloading tzdata-2025.2-py2.py3-none-any.whl (347 kB)
#10 4.778    ━━━━━━━━━━━━━━━━━━━━━━━━━━━━━━━━━━━━━━━━ 347.8/347.8 kB 17.1 MB/s eta 0:00:00
#10 4.786 Downloading contourpy-1.3.3-cp311-cp311-manylinux_2_27_x86_64.manylinux_2_28_x86_64.whl (355 kB)
#10 4.810    ━━━━━━━━━━━━━━━━━━━━━━━━━━━━━━━━━━━━━━━━ 355.2/355.2 kB 15.4 MB/s eta 0:00:00
#10 4.818 Downloading cycler-0.12.1-py3-none-any.whl (8.3 kB)
#10 4.838 Downloading fonttools-4.60.1-cp311-cp311-manylinux2014_x86_64.manylinux_2_17_x86_64.whl (5.0 MB)
#10 5.023    ━━━━━━━━━━━━━━━━━━━━━━━━━━━━━━━━━━━━━━━━ 5.0/5.0 MB 27.0 MB/s eta 0:00:00
#10 5.032 Downloading kiwisolver-1.4.9-cp311-cp311-manylinux2014_x86_64.manylinux_2_17_x86_64.whl (1.4 MB)
#10 5.092    ━━━━━━━━━━━━━━━━━━━━━━━━━━━━━━━━━━━━━━━━ 1.4/1.4 MB 24.5 MB/s eta 0:00:00
#10 5.113 Downloading pillow-12.0.0-cp311-cp311-manylinux_2_27_x86_64.manylinux_2_28_x86_64.whl (7.0 MB)
#10 5.372    ━━━━━━━━━━━━━━━━━━━━━━━━━━━━━━━━━━━━━━━━ 7.0/7.0 MB 27.3 MB/s eta 0:00:00
#10 5.381 Downloading pyparsing-3.2.5-py3-none-any.whl (113 kB)
#10 5.393    ━━━━━━━━━━━━━━━━━━━━━━━━━━━━━━━━━━━━━━━━ 113.9/113.9 kB 9.4 MB/s eta 0:00:00
#10 5.401 Downloading six-1.17.0-py2.py3-none-any.whl (11 kB)
#10 5.536 Building wheels for collected packages: sklearn_utils
#10 5.536   Building wheel for sklearn_utils (setup.py): started
#10 5.728   Building wheel for sklearn_utils (setup.py): finished with status 'done'
#10 5.728   Created wheel for sklearn_utils: filename=sklearn_utils-0.0.15-py3-none-any.whl size=27941 sha256=430f9160d7269232d247558d7ce7d5a5ddd162f9029c53bc9273c62009fd4107
#10 5.728   Stored in directory: /root/.cache/pip/wheels/f8/a5/9a/9443f3739050308de4d75fea8a443bf1070639a46ec0ce648a
#10 5.730 Successfully built sklearn_utils
#10 5.983 Installing collected packages: pytz, tzdata, tabulate, six, pyparsing, pillow, patsy, packaging, kiwisolver, fonttools, dill, cycler, contourpy, python-dateutil, pyfunctional, pandas, matplotlib, statsmodels, seaborn, sklearn_utils
#10 14.36 Successfully installed contourpy-1.3.3 cycler-0.12.1 dill-0.4.0 fonttools-4.60.1 kiwisolver-1.4.9 matplotlib-3.10.7 packaging-25.0 pandas-2.3.3 patsy-1.0.2 pillow-12.0.0 pyfunctional-1.5.0 pyparsing-3.2.5 python-dateutil-2.9.0.post0 pytz-2025.2 seaborn-0.13.2 six-1.17.0 sklearn_utils-0.0.15 statsmodels-0.14.5 tabulate-0.9.0 tzdata-2025.2
#10 14.36 WARNING: Running pip as the 'root' user can result in broken permissions and conflicting behaviour with the system package manager. It is recommended to use a virtual environment instead: https://pip.pypa.io/warnings/venv
#10 14.37 
#10 14.37 [notice] A new release of pip is available: 24.0 -> 25.3
#10 14.37 [notice] To update, run: pip install --upgrade pip
#10 DONE 15.6s

#11 exporting to image
#11 exporting layers
#11 exporting layers 1.4s done
#11 writing image sha256:768f7c6ec5a77d0780ee589064bd19b5c88e3015fd8d40eee64503538932b85d done
#11 naming to docker.io/library/test-image-2061456 done
#11 DONE 1.5s

View build details: docker-desktop://dashboard/build/default/default/mo2oftrq6wtc0khvjgk6vpnhx
[2025-10-29 12:58:50] SUCCESS: Build completed for 2061456
