=== Docker Build Log for 2406a3034b4afb800290 ===
Started at: Mi 29. Okt 13:03:45 CET 2025

[2025-10-29 13:03:45] START: Building image for 2406a3034b4afb800290
#0 building with "default" instance using docker driver

#1 [internal] load build definition from Dockerfile
#1 transferring dockerfile: 145B done
#1 DONE 0.0s

#2 [internal] load metadata for docker.io/library/python:3.11
#2 DONE 0.0s

#3 [internal] load .dockerignore
#3 transferring context: 2B done
#3 DONE 0.0s

#4 [internal] load build context
#4 transferring context: 1.82kB 0.0s done
#4 DONE 0.0s

#5 [1/2] FROM docker.io/library/python:3.11
#5 CACHED

#6 [2/2] COPY hard-gists/2406a3034b4afb800290/snippet.py /snippet.py
#6 DONE 0.1s

#7 exporting to image
#7 exporting layers 0.0s done
#7 writing image sha256:afa07d0a82cb8d3a5adf001b37c27262ed42569f6bae6e122422f636634967e1 done
#7 naming to docker.io/library/test-image-2406a3034b4afb800290 done
#7 DONE 0.1s

View build details: docker-desktop://dashboard/build/default/default/q7rv6l9uwpslce0sqymqmn9yz
[2025-10-29 13:03:45] SUCCESS: Build completed for 2406a3034b4afb800290
