=== Docker Build Log for 3081369 ===
Started at: Mi 29. Okt 13:39:45 CET 2025

[2025-10-29 13:39:45] START: Building image for 3081369
#0 building with "default" instance using docker driver

#1 [internal] load build definition from Dockerfile
#1 transferring dockerfile: 132B done
#1 DONE 0.0s

#2 [internal] load metadata for docker.io/library/python:3.11
#2 DONE 0.0s

#3 [internal] load .dockerignore
#3 transferring context: 2B done
#3 DONE 0.0s

#4 [internal] load build context
#4 transferring context: 15.70kB 0.0s done
#4 DONE 0.0s

#5 [1/2] FROM docker.io/library/python:3.11
#5 CACHED

#6 [2/2] COPY hard-gists/3081369/snippet.py /snippet.py
#6 DONE 0.1s

#7 exporting to image
#7 exporting layers 0.0s done
#7 writing image sha256:3961ea3ba523335f5c302fc082ffdbe158e29e7d7548b5cbf57d8fc4ec3f35b7 done
#7 naming to docker.io/library/test-image-3081369 done
#7 DONE 0.1s

View build details: docker-desktop://dashboard/build/default/default/yxb6ezt9od5fn7v7gevbh3m47
[2025-10-29 13:39:46] SUCCESS: Build completed for 3081369
