=== Docker Build Log for 3699696 ===
Started at: Mi 29. Okt 13:57:07 CET 2025

[2025-10-29 13:57:07] START: Building image for 3699696
#0 building with "default" instance using docker driver

#1 [internal] load build definition from Dockerfile
#1 transferring dockerfile: 132B done
#1 DONE 0.0s

#2 [internal] load metadata for docker.io/library/python:3.11
#2 DONE 0.0s

#3 [internal] load .dockerignore
#3 transferring context: 2B done
#3 DONE 0.0s

#4 [internal] load build context
#4 transferring context: 3.66kB 0.0s done
#4 DONE 0.0s

#5 [1/2] FROM docker.io/library/python:3.11
#5 CACHED

#6 [2/2] COPY hard-gists/3699696/snippet.py /snippet.py
#6 DONE 0.1s

#7 exporting to image
#7 exporting layers 0.1s done
#7 writing image sha256:8d10de414e92d19322aa5d099cc82003964427f2537e104e9c5ade05124f90b7 done
#7 naming to docker.io/library/test-image-3699696 done
#7 DONE 0.1s

View build details: docker-desktop://dashboard/build/default/default/9v0zjbh6dlj9hwd4t1ctytuyv
[2025-10-29 13:57:07] SUCCESS: Build completed for 3699696
