=== Docker Build Log for 51686 ===
Started at: Mi 29. Okt 15:24:23 CET 2025

[2025-10-29 15:24:23] START: Building image for 51686
#0 building with "default" instance using docker driver

#1 [internal] load build definition from Dockerfile
#1 transferring dockerfile: 130B done
#1 DONE 0.0s

#2 [internal] load metadata for docker.io/library/python:3.11
#2 DONE 0.0s

#3 [internal] load .dockerignore
#3 transferring context: 2B done
#3 DONE 0.0s

#4 [internal] load build context
#4 transferring context: 7.11kB 0.0s done
#4 DONE 0.0s

#5 [1/2] FROM docker.io/library/python:3.11
#5 CACHED

#6 [2/2] COPY hard-gists/51686/snippet.py /snippet.py
#6 DONE 0.1s

#7 exporting to image
#7 exporting layers 0.0s done
#7 writing image sha256:484c6e1846bd5f1081061ec9a41b10320e2f57ee583b143a8f3ddb0aa45023e0 done
#7 naming to docker.io/library/test-image-51686 done
#7 DONE 0.1s

View build details: docker-desktop://dashboard/build/default/default/vkyd56m0zn2mustnqx32cw3y2
[2025-10-29 15:24:24] SUCCESS: Build completed for 51686
