=== Docker Build Log for 771052 ===
Started at: Mi 29. Okt 17:16:52 CET 2025

[2025-10-29 17:16:52] START: Building image for 771052
#0 building with "default" instance using docker driver

#1 [internal] load build definition from Dockerfile
#1 transferring dockerfile: 199B done
#1 DONE 0.0s

#2 [internal] load metadata for docker.io/library/python:3.11
#2 DONE 0.0s

#3 [internal] load .dockerignore
#3 transferring context: 2B done
#3 DONE 0.0s

#4 [internal] load build context
#4 transferring context: 3.76kB 0.0s done
#4 DONE 0.0s

#5 [1/4] FROM docker.io/library/python:3.11
#5 CACHED

#6 [2/4] COPY hard-gists/771052/snippet.py /snippet.py
#6 DONE 0.1s

#7 [3/4] RUN ["pip","install","dj.choices"]
#7 2.083 Collecting dj.choices
#7 2.119   Downloading dj.choices-0.11.0.tar.gz (28 kB)
#7 2.136   Preparing metadata (setup.py): started
#7 2.558   Preparing metadata (setup.py): finished with status 'done'
#7 2.675 Collecting django (from dj.choices)
#7 2.685   Downloading django-5.2.7-py3-none-any.whl.metadata (4.1 kB)
#7 2.724 Collecting six (from dj.choices)
#7 2.734   Downloading six-1.17.0-py2.py3-none-any.whl.metadata (1.7 kB)
#7 2.783 Collecting asgiref>=3.8.1 (from django->dj.choices)
#7 2.792   Downloading asgiref-3.10.0-py3-none-any.whl.metadata (9.3 kB)
#7 2.832 Collecting sqlparse>=0.3.1 (from django->dj.choices)
#7 2.841   Downloading sqlparse-0.5.3-py3-none-any.whl.metadata (3.9 kB)
#7 2.865 Downloading django-5.2.7-py3-none-any.whl (8.3 MB)
#7 3.212    ━━━━━━━━━━━━━━━━━━━━━━━━━━━━━━━━━━━━━━━━ 8.3/8.3 MB 24.0 MB/s eta 0:00:00
#7 3.221 Downloading six-1.17.0-py2.py3-none-any.whl (11 kB)
#7 3.241 Downloading asgiref-3.10.0-py3-none-any.whl (24 kB)
#7 3.259 Downloading sqlparse-0.5.3-py3-none-any.whl (44 kB)
#7 3.270    ━━━━━━━━━━━━━━━━━━━━━━━━━━━━━━━━━━━━━━━━ 44.4/44.4 kB 3.5 MB/s eta 0:00:00
#7 3.311 Building wheels for collected packages: dj.choices
#7 3.312   Building wheel for dj.choices (setup.py): started
#7 3.503   Building wheel for dj.choices (setup.py): finished with status 'done'
#7 3.503   Created wheel for dj.choices: filename=dj_choices-0.11.0-py3-none-any.whl size=28716 sha256=9a619b9b8963bfbb66ef14d3dac454ef3267a48be0329b9e3129de3edfdaa682
#7 3.503   Stored in directory: /root/.cache/pip/wheels/97/38/bd/4ca089ff8ffdead6a07e7af033d36d74a01ab7a37e70797942
#7 3.505 Successfully built dj.choices
#7 3.559 Installing collected packages: sqlparse, six, asgiref, django, dj.choices
#7 5.325 Successfully installed asgiref-3.10.0 dj.choices-0.11.0 django-5.2.7 six-1.17.0 sqlparse-0.5.3
#7 5.325 WARNING: Running pip as the 'root' user can result in broken permissions and conflicting behaviour with the system package manager. It is recommended to use a virtual environment instead: https://pip.pypa.io/warnings/venv
#7 5.426 
#7 5.426 [notice] A new release of pip is available: 24.0 -> 25.3
#7 5.426 [notice] To update, run: pip install --upgrade pip
#7 DONE 6.0s

#8 [4/4] RUN ["pip","install","Django"]
#8 0.492 Requirement already satisfied: Django in /usr/local/lib/python3.11/site-packages (5.2.7)
#8 0.497 Requirement already satisfied: asgiref>=3.8.1 in /usr/local/lib/python3.11/site-packages (from Django) (3.10.0)
#8 0.497 Requirement already satisfied: sqlparse>=0.3.1 in /usr/local/lib/python3.11/site-packages (from Django) (0.5.3)
#8 0.546 WARNING: Running pip as the 'root' user can result in broken permissions and conflicting behaviour with the system package manager. It is recommended to use a virtual environment instead: https://pip.pypa.io/warnings/venv
#8 0.552 
#8 0.552 [notice] A new release of pip is available: 24.0 -> 25.3
#8 0.552 [notice] To update, run: pip install --upgrade pip
#8 DONE 0.6s

#9 exporting to image
#9 exporting layers
#9 exporting layers 0.7s done
#9 writing image sha256:bc0562cd0ec9be83ba2d72fea2fd0e15ed8b1603161397f6ae69cd38a9c316de done
#9 naming to docker.io/library/test-image-771052 done
#9 DONE 0.8s

View build details: docker-desktop://dashboard/build/default/default/b33cqw11jgw6n5qd192jgen7b
[2025-10-29 17:17:00] SUCCESS: Build completed for 771052
