=== Docker Build Log for 7977513 ===
Started at: Mi 29. Okt 17:24:07 CET 2025

[2025-10-29 17:24:07] START: Building image for 7977513
#0 building with "default" instance using docker driver

#1 [internal] load build definition from Dockerfile
#1 transferring dockerfile: 537B done
#1 DONE 0.0s

#2 [internal] load metadata for docker.io/library/python:3.11
#2 DONE 0.0s

#3 [internal] load .dockerignore
#3 transferring context: 2B done
#3 DONE 0.0s

#4 [internal] load build context
#4 transferring context: 3.49kB 0.0s done
#4 DONE 0.0s

#5 [ 1/14] FROM docker.io/library/python:3.11
#5 CACHED

#6 [ 2/14] COPY hard-gists/7977513/snippet.py /snippet.py
#6 DONE 0.1s

#7 [ 3/14] RUN ["pip","install","webvirtmgr"]
#7 2.069 Collecting webvirtmgr
#7 2.105   Downloading webvirtmgr-4.8.9.tar.gz (705 kB)
#7 2.157      ━━━━━━━━━━━━━━━━━━━━━━━━━━━━━━━━━━━━━━ 705.8/705.8 kB 14.0 MB/s eta 0:00:00
#7 2.196   Preparing metadata (setup.py): started
#7 2.631   Preparing metadata (setup.py): finished with status 'done'
#7 2.636 Requirement already satisfied: setuptools in /usr/local/lib/python3.11/site-packages (from webvirtmgr) (79.0.1)
#7 2.763 Collecting django>=1.5.5 (from webvirtmgr)
#7 2.772   Downloading django-5.2.7-py3-none-any.whl.metadata (4.1 kB)
#7 2.821 Collecting gunicorn>=18.0 (from webvirtmgr)
#7 2.829   Downloading gunicorn-23.0.0-py3-none-any.whl.metadata (4.4 kB)
#7 2.865 Collecting lockfile>=0.9 (from webvirtmgr)
#7 2.874   Downloading lockfile-0.12.2-py2.py3-none-any.whl.metadata (2.4 kB)
#7 2.925 Collecting asgiref>=3.8.1 (from django>=1.5.5->webvirtmgr)
#7 2.940   Downloading asgiref-3.10.0-py3-none-any.whl.metadata (9.3 kB)
#7 2.981 Collecting sqlparse>=0.3.1 (from django>=1.5.5->webvirtmgr)
#7 2.989   Downloading sqlparse-0.5.3-py3-none-any.whl.metadata (3.9 kB)
#7 3.041 Collecting packaging (from gunicorn>=18.0->webvirtmgr)
#7 3.049   Downloading packaging-25.0-py3-none-any.whl.metadata (3.3 kB)
#7 3.112 Downloading django-5.2.7-py3-none-any.whl (8.3 MB)
#7 3.447    ━━━━━━━━━━━━━━━━━━━━━━━━━━━━━━━━━━━━━━━━ 8.3/8.3 MB 24.9 MB/s eta 0:00:00
#7 3.455 Downloading gunicorn-23.0.0-py3-none-any.whl (85 kB)
#7 3.474    ━━━━━━━━━━━━━━━━━━━━━━━━━━━━━━━━━━━━━━━━ 85.0/85.0 kB 4.4 MB/s eta 0:00:00
#7 3.482 Downloading lockfile-0.12.2-py2.py3-none-any.whl (13 kB)
#7 3.499 Downloading asgiref-3.10.0-py3-none-any.whl (24 kB)
#7 3.518 Downloading sqlparse-0.5.3-py3-none-any.whl (44 kB)
#7 3.529    ━━━━━━━━━━━━━━━━━━━━━━━━━━━━━━━━━━━━━━━━ 44.4/44.4 kB 3.7 MB/s eta 0:00:00
#7 3.537 Downloading packaging-25.0-py3-none-any.whl (66 kB)
#7 3.548    ━━━━━━━━━━━━━━━━━━━━━━━━━━━━━━━━━━━━━━━━ 66.5/66.5 kB 5.9 MB/s eta 0:00:00
#7 3.592 Building wheels for collected packages: webvirtmgr
#7 3.592   Building wheel for webvirtmgr (setup.py): started
#7 3.916   Building wheel for webvirtmgr (setup.py): finished with status 'done'
#7 3.918   Created wheel for webvirtmgr: filename=webvirtmgr-4.8.9-py3-none-any.whl size=698037 sha256=ae610722a9742d9fa89b3d6354234e6e389efd126b36997c1832523d82dc7bb9
#7 3.918   Stored in directory: /root/.cache/pip/wheels/c7/67/ab/a716fc1b614ea6bb537a20a0b880eb7071514208cc442aeac3
#7 3.920 Successfully built webvirtmgr
#7 3.997 Installing collected packages: lockfile, sqlparse, packaging, asgiref, gunicorn, django, webvirtmgr
#7 5.877 Successfully installed asgiref-3.10.0 django-5.2.7 gunicorn-23.0.0 lockfile-0.12.2 packaging-25.0 sqlparse-0.5.3 webvirtmgr-4.8.9
#7 5.877 WARNING: Running pip as the 'root' user can result in broken permissions and conflicting behaviour with the system package manager. It is recommended to use a virtual environment instead: https://pip.pypa.io/warnings/venv
#7 5.988 
#7 5.988 [notice] A new release of pip is available: 24.0 -> 25.3
#7 5.988 [notice] To update, run: pip install --upgrade pip
#7 DONE 6.5s

#8 [ 4/14] RUN ["pip","install","keychain"]
#8 0.577 Collecting keychain
#8 0.621   Downloading keychain-0.14.2.0.tar.gz (3.0 kB)
#8 0.640   Preparing metadata (setup.py): started
#8 0.772   Preparing metadata (setup.py): finished with status 'done'
#8 0.808 Collecting bitmerchant>=0.1.8 (from keychain)
#8 0.817   Downloading bitmerchant-0.1.8-py2.py3-none-any.whl.metadata (17 kB)
#8 0.853 Collecting keylib>=0.1.0 (from keychain)
#8 0.863   Downloading keylib-0.1.1.tar.gz (7.2 kB)
#8 0.879   Preparing metadata (setup.py): started
#8 1.016   Preparing metadata (setup.py): finished with status 'done'
#8 1.047 Collecting base58>=0.2.1 (from bitmerchant>=0.1.8->keychain)
#8 1.057   Downloading base58-2.1.1-py3-none-any.whl.metadata (3.1 kB)
#8 1.105 Collecting ecdsa>=0.10 (from bitmerchant>=0.1.8->keychain)
#8 1.113   Downloading ecdsa-0.19.1-py2.py3-none-any.whl.metadata (29 kB)
#8 1.161 Collecting six>=1.5.2 (from bitmerchant>=0.1.8->keychain)
#8 1.170   Downloading six-1.17.0-py2.py3-none-any.whl.metadata (1.7 kB)
#8 1.214 Collecting cachetools>=1.1.1 (from bitmerchant>=0.1.8->keychain)
#8 1.222   Downloading cachetools-6.2.1-py3-none-any.whl.metadata (5.5 kB)
#8 1.265 Collecting utilitybelt>=0.2.6 (from keylib>=0.1.0->keychain)
#8 1.275   Downloading utilitybelt-0.2.6.tar.gz (3.9 kB)
#8 1.287   Preparing metadata (setup.py): started
#8 1.429   Preparing metadata (setup.py): finished with status 'done'
#8 1.454 Downloading bitmerchant-0.1.8-py2.py3-none-any.whl (28 kB)
#8 1.474 Downloading base58-2.1.1-py3-none-any.whl (5.6 kB)
#8 1.492 Downloading cachetools-6.2.1-py3-none-any.whl (11 kB)
#8 1.515 Downloading ecdsa-0.19.1-py2.py3-none-any.whl (150 kB)
#8 1.539    ━━━━━━━━━━━━━━━━━━━━━━━━━━━━━━━━━━━━━━━━ 150.6/150.6 kB 6.4 MB/s eta 0:00:00
#8 1.547 Downloading six-1.17.0-py2.py3-none-any.whl (11 kB)
#8 1.563 Building wheels for collected packages: keychain, keylib, utilitybelt
#8 1.567   Building wheel for keychain (setup.py): started
#8 1.734   Building wheel for keychain (setup.py): finished with status 'done'
#8 1.734   Created wheel for keychain: filename=keychain-0.14.2.0-py3-none-any.whl size=4534 sha256=9e32db417bc4b083d9bb1a7dd089bd59f4917b8abc276a3e6de69fb76778ff9a
#8 1.735   Stored in directory: /root/.cache/pip/wheels/cf/81/f2/46a7656cc6a9de3720af53af43aac139c4d0466d89acf931e2
#8 1.736   Building wheel for keylib (setup.py): started
#8 1.904   Building wheel for keylib (setup.py): finished with status 'done'
#8 1.904   Created wheel for keylib: filename=keylib-0.1.1-py3-none-any.whl size=10724 sha256=89f4a3128c1fd50dbd991c31882c84b663d5315b33c5ec5f8089594a4441468f
#8 1.904   Stored in directory: /root/.cache/pip/wheels/85/26/e8/792029a9c41ce22fd11ca5d760ef956c14b98228ff5b450278
#8 1.906   Building wheel for utilitybelt (setup.py): started
#8 2.070   Building wheel for utilitybelt (setup.py): finished with status 'done'
#8 2.071   Created wheel for utilitybelt: filename=utilitybelt-0.2.6-py3-none-any.whl size=5604 sha256=38161514728a8a9e80f5f6e84fb96f37ef3f1a72e59444d1cdfd812b480a4a4a
#8 2.071   Stored in directory: /root/.cache/pip/wheels/79/32/48/232a33c9c2ad82f72542e9033eda8ef7f39dbc90f19dca544d
#8 2.072 Successfully built keychain keylib utilitybelt
#8 2.136 Installing collected packages: utilitybelt, six, cachetools, base58, ecdsa, keylib, bitmerchant, keychain
#8 2.367 Successfully installed base58-2.1.1 bitmerchant-0.1.8 cachetools-6.2.1 ecdsa-0.19.1 keychain-0.14.2.0 keylib-0.1.1 six-1.17.0 utilitybelt-0.2.6
#8 2.367 WARNING: Running pip as the 'root' user can result in broken permissions and conflicting behaviour with the system package manager. It is recommended to use a virtual environment instead: https://pip.pypa.io/warnings/venv
#8 2.373 
#8 2.373 [notice] A new release of pip is available: 24.0 -> 25.3
#8 2.373 [notice] To update, run: pip install --upgrade pip
#8 DONE 2.5s

#9 [ 5/14] RUN ["pip","install","py-curses-editor"]
#9 0.583 Collecting py-curses-editor
#9 0.625   Downloading py_curses_editor-1.3.2-py2.py3-none-any.whl.metadata (3.5 kB)
#9 0.649 Downloading py_curses_editor-1.3.2-py2.py3-none-any.whl (13 kB)
#9 0.731 Installing collected packages: py-curses-editor
#9 0.775 Successfully installed py-curses-editor-1.3.2
#9 0.775 WARNING: Running pip as the 'root' user can result in broken permissions and conflicting behaviour with the system package manager. It is recommended to use a virtual environment instead: https://pip.pypa.io/warnings/venv
#9 0.781 
#9 0.781 [notice] A new release of pip is available: 24.0 -> 25.3
#9 0.781 [notice] To update, run: pip install --upgrade pip
#9 DONE 0.9s

#10 [ 6/14] RUN ["pip","install","six"]
#10 0.524 Requirement already satisfied: six in /usr/local/lib/python3.11/site-packages (1.17.0)
#10 0.588 WARNING: Running pip as the 'root' user can result in broken permissions and conflicting behaviour with the system package manager. It is recommended to use a virtual environment instead: https://pip.pypa.io/warnings/venv
#10 0.594 
#10 0.594 [notice] A new release of pip is available: 24.0 -> 25.3
#10 0.594 [notice] To update, run: pip install --upgrade pip
#10 DONE 0.7s

#11 [ 7/14] RUN ["pip","install","Flask"]
#11 0.622 Collecting Flask
#11 0.658   Downloading flask-3.1.2-py3-none-any.whl.metadata (3.2 kB)
#11 0.713 Collecting blinker>=1.9.0 (from Flask)
#11 0.721   Downloading blinker-1.9.0-py3-none-any.whl.metadata (1.6 kB)
#11 0.776 Collecting click>=8.1.3 (from Flask)
#11 0.786   Downloading click-8.3.0-py3-none-any.whl.metadata (2.6 kB)
#11 0.830 Collecting itsdangerous>=2.2.0 (from Flask)
#11 0.839   Downloading itsdangerous-2.2.0-py3-none-any.whl.metadata (1.9 kB)
#11 0.896 Collecting jinja2>=3.1.2 (from Flask)
#11 0.904   Downloading jinja2-3.1.6-py3-none-any.whl.metadata (2.9 kB)
#11 1.004 Collecting markupsafe>=2.1.1 (from Flask)
#11 1.012   Downloading markupsafe-3.0.3-cp311-cp311-manylinux2014_x86_64.manylinux_2_17_x86_64.manylinux_2_28_x86_64.whl.metadata (2.7 kB)
#11 1.065 Collecting werkzeug>=3.1.0 (from Flask)
#11 1.073   Downloading werkzeug-3.1.3-py3-none-any.whl.metadata (3.7 kB)
#11 1.106 Downloading flask-3.1.2-py3-none-any.whl (103 kB)
#11 1.135    ━━━━━━━━━━━━━━━━━━━━━━━━━━━━━━━━━━━━━━━━ 103.3/103.3 kB 3.5 MB/s eta 0:00:00
#11 1.146 Downloading blinker-1.9.0-py3-none-any.whl (8.5 kB)
#11 1.165 Downloading click-8.3.0-py3-none-any.whl (107 kB)
#11 1.177    ━━━━━━━━━━━━━━━━━━━━━━━━━━━━━━━━━━━━━━━━ 107.3/107.3 kB 8.9 MB/s eta 0:00:00
#11 1.185 Downloading itsdangerous-2.2.0-py3-none-any.whl (16 kB)
#11 1.202 Downloading jinja2-3.1.6-py3-none-any.whl (134 kB)
#11 1.218    ━━━━━━━━━━━━━━━━━━━━━━━━━━━━━━━━━━━━━━━━ 134.9/134.9 kB 8.4 MB/s eta 0:00:00
#11 1.226 Downloading markupsafe-3.0.3-cp311-cp311-manylinux2014_x86_64.manylinux_2_17_x86_64.manylinux_2_28_x86_64.whl (22 kB)
#11 1.244 Downloading werkzeug-3.1.3-py3-none-any.whl (224 kB)
#11 1.260    ━━━━━━━━━━━━━━━━━━━━━━━━━━━━━━━━━━━━━━━━ 224.5/224.5 kB 14.3 MB/s eta 0:00:00
#11 1.340 Installing collected packages: markupsafe, itsdangerous, click, blinker, werkzeug, jinja2, Flask
#11 1.715 Successfully installed Flask-3.1.2 blinker-1.9.0 click-8.3.0 itsdangerous-2.2.0 jinja2-3.1.6 markupsafe-3.0.3 werkzeug-3.1.3
#11 1.715 WARNING: Running pip as the 'root' user can result in broken permissions and conflicting behaviour with the system package manager. It is recommended to use a virtual environment instead: https://pip.pypa.io/warnings/venv
#11 1.721 
#11 1.721 [notice] A new release of pip is available: 24.0 -> 25.3
#11 1.721 [notice] To update, run: pip install --upgrade pip
#11 DONE 1.9s

#12 [ 8/14] RUN ["pip","install","Werkzeug"]
#12 0.572 Requirement already satisfied: Werkzeug in /usr/local/lib/python3.11/site-packages (3.1.3)
#12 0.575 Requirement already satisfied: MarkupSafe>=2.1.1 in /usr/local/lib/python3.11/site-packages (from Werkzeug) (3.0.3)
#12 0.653 WARNING: Running pip as the 'root' user can result in broken permissions and conflicting behaviour with the system package manager. It is recommended to use a virtual environment instead: https://pip.pypa.io/warnings/venv
#12 0.660 
#12 0.660 [notice] A new release of pip is available: 24.0 -> 25.3
#12 0.660 [notice] To update, run: pip install --upgrade pip
#12 DONE 0.7s

#13 [ 9/14] RUN ["pip","install","itsdangerous"]
#13 0.531 Requirement already satisfied: itsdangerous in /usr/local/lib/python3.11/site-packages (2.2.0)
#13 0.606 WARNING: Running pip as the 'root' user can result in broken permissions and conflicting behaviour with the system package manager. It is recommended to use a virtual environment instead: https://pip.pypa.io/warnings/venv
#13 0.612 
#13 0.612 [notice] A new release of pip is available: 24.0 -> 25.3
#13 0.612 [notice] To update, run: pip install --upgrade pip
#13 DONE 0.7s

#14 [10/14] RUN ["pip","install","alembic"]
#14 0.656 Collecting alembic
#14 0.698   Downloading alembic-1.17.1-py3-none-any.whl.metadata (7.2 kB)
#14 1.061 Collecting SQLAlchemy>=1.4.0 (from alembic)
#14 1.072   Downloading sqlalchemy-2.0.44-cp311-cp311-manylinux_2_17_x86_64.manylinux2014_x86_64.whl.metadata (9.5 kB)
#14 1.121 Collecting Mako (from alembic)
#14 1.130   Downloading mako-1.3.10-py3-none-any.whl.metadata (2.9 kB)
#14 1.180 Collecting typing-extensions>=4.12 (from alembic)
#14 1.188   Downloading typing_extensions-4.15.0-py3-none-any.whl.metadata (3.3 kB)
#14 1.438 Collecting greenlet>=1 (from SQLAlchemy>=1.4.0->alembic)
#14 1.447   Downloading greenlet-3.2.4-cp311-cp311-manylinux_2_24_x86_64.manylinux_2_28_x86_64.whl.metadata (4.1 kB)
#14 1.468 Requirement already satisfied: MarkupSafe>=0.9.2 in /usr/local/lib/python3.11/site-packages (from Mako->alembic) (3.0.3)
#14 1.482 Downloading alembic-1.17.1-py3-none-any.whl (247 kB)
#14 1.519    ━━━━━━━━━━━━━━━━━━━━━━━━━━━━━━━━━━━━━━━━ 247.8/247.8 kB 6.9 MB/s eta 0:00:00
#14 1.531 Downloading sqlalchemy-2.0.44-cp311-cp311-manylinux_2_17_x86_64.manylinux2014_x86_64.whl (3.3 MB)
#14 1.669    ━━━━━━━━━━━━━━━━━━━━━━━━━━━━━━━━━━━━━━━━ 3.3/3.3 MB 24.1 MB/s eta 0:00:00
#14 1.678 Downloading typing_extensions-4.15.0-py3-none-any.whl (44 kB)
#14 1.694    ━━━━━━━━━━━━━━━━━━━━━━━━━━━━━━━━━━━━━━━━ 44.6/44.6 kB 2.5 MB/s eta 0:00:00
#14 1.703 Downloading mako-1.3.10-py3-none-any.whl (78 kB)
#14 1.716    ━━━━━━━━━━━━━━━━━━━━━━━━━━━━━━━━━━━━━━━━ 78.5/78.5 kB 5.7 MB/s eta 0:00:00
#14 1.726 Downloading greenlet-3.2.4-cp311-cp311-manylinux_2_24_x86_64.manylinux_2_28_x86_64.whl (587 kB)
#14 1.754    ━━━━━━━━━━━━━━━━━━━━━━━━━━━━━━━━━━━━━━━━ 587.7/587.7 kB 21.8 MB/s eta 0:00:00
#14 1.868 Installing collected packages: typing-extensions, Mako, greenlet, SQLAlchemy, alembic
#14 3.045 Successfully installed Mako-1.3.10 SQLAlchemy-2.0.44 alembic-1.17.1 greenlet-3.2.4 typing-extensions-4.15.0
#14 3.045 WARNING: Running pip as the 'root' user can result in broken permissions and conflicting behaviour with the system package manager. It is recommended to use a virtual environment instead: https://pip.pypa.io/warnings/venv
#14 3.051 
#14 3.051 [notice] A new release of pip is available: 24.0 -> 25.3
#14 3.051 [notice] To update, run: pip install --upgrade pip
#14 DONE 3.4s

#15 [11/14] RUN ["pip","install","python-editor"]
#15 0.622 Collecting python-editor
#15 0.658   Downloading python_editor-1.0.4-py3-none-any.whl.metadata (2.2 kB)
#15 0.683 Downloading python_editor-1.0.4-py3-none-any.whl (4.9 kB)
#15 0.802 Installing collected packages: python-editor
#15 0.850 Successfully installed python-editor-1.0.4
#15 0.850 WARNING: Running pip as the 'root' user can result in broken permissions and conflicting behaviour with the system package manager. It is recommended to use a virtual environment instead: https://pip.pypa.io/warnings/venv
#15 0.856 
#15 0.856 [notice] A new release of pip is available: 24.0 -> 25.3
#15 0.856 [notice] To update, run: pip install --upgrade pip
#15 DONE 0.9s

#16 [12/14] RUN ["pip","install","requests"]
#16 0.641 Collecting requests
#16 0.679   Downloading requests-2.32.5-py3-none-any.whl.metadata (4.9 kB)
#16 0.821 Collecting charset_normalizer<4,>=2 (from requests)
#16 0.830   Downloading charset_normalizer-3.4.4-cp311-cp311-manylinux2014_x86_64.manylinux_2_17_x86_64.manylinux_2_28_x86_64.whl.metadata (37 kB)
#16 0.878 Collecting idna<4,>=2.5 (from requests)
#16 0.886   Downloading idna-3.11-py3-none-any.whl.metadata (8.4 kB)
#16 0.955 Collecting urllib3<3,>=1.21.1 (from requests)
#16 0.964   Downloading urllib3-2.5.0-py3-none-any.whl.metadata (6.5 kB)
#16 1.014 Collecting certifi>=2017.4.17 (from requests)
#16 1.022   Downloading certifi-2025.10.5-py3-none-any.whl.metadata (2.5 kB)
#16 1.056 Downloading requests-2.32.5-py3-none-any.whl (64 kB)
#16 1.080    ━━━━━━━━━━━━━━━━━━━━━━━━━━━━━━━━━━━━━━━━ 64.7/64.7 kB 2.6 MB/s eta 0:00:00
#16 1.088 Downloading certifi-2025.10.5-py3-none-any.whl (163 kB)
#16 1.110    ━━━━━━━━━━━━━━━━━━━━━━━━━━━━━━━━━━━━━━━━ 163.3/163.3 kB 7.6 MB/s eta 0:00:00
#16 1.119 Downloading charset_normalizer-3.4.4-cp311-cp311-manylinux2014_x86_64.manylinux_2_17_x86_64.manylinux_2_28_x86_64.whl (151 kB)
#16 1.140    ━━━━━━━━━━━━━━━━━━━━━━━━━━━━━━━━━━━━━━━━ 151.6/151.6 kB 7.2 MB/s eta 0:00:00
#16 1.149 Downloading idna-3.11-py3-none-any.whl (71 kB)
#16 1.170    ━━━━━━━━━━━━━━━━━━━━━━━━━━━━━━━━━━━━━━━━ 71.0/71.0 kB 3.1 MB/s eta 0:00:00
#16 1.179 Downloading urllib3-2.5.0-py3-none-any.whl (129 kB)
#16 1.193    ━━━━━━━━━━━━━━━━━━━━━━━━━━━━━━━━━━━━━━━━ 129.8/129.8 kB 9.6 MB/s eta 0:00:00
#16 1.318 Installing collected packages: urllib3, idna, charset_normalizer, certifi, requests
#16 1.581 Successfully installed certifi-2025.10.5 charset_normalizer-3.4.4 idna-3.11 requests-2.32.5 urllib3-2.5.0
#16 1.582 WARNING: Running pip as the 'root' user can result in broken permissions and conflicting behaviour with the system package manager. It is recommended to use a virtual environment instead: https://pip.pypa.io/warnings/venv
#16 1.587 
#16 1.587 [notice] A new release of pip is available: 24.0 -> 25.3
#16 1.587 [notice] To update, run: pip install --upgrade pip
#16 DONE 1.7s

#17 [13/14] RUN ["pip","install","console"]
#17 0.605 Collecting console
#17 0.641   Downloading console-0.9912-py3-none-any.whl.metadata (18 kB)
#17 0.688 Collecting ezenv>=0.92 (from console)
#17 0.699   Downloading ezenv-0.92-py2.py3-none-any.whl.metadata (13 kB)
#17 0.732 Downloading console-0.9912-py3-none-any.whl (96 kB)
#17 0.759    ━━━━━━━━━━━━━━━━━━━━━━━━━━━━━━━━━━━━━━━━ 96.8/96.8 kB 3.5 MB/s eta 0:00:00
#17 0.769 Downloading ezenv-0.92-py2.py3-none-any.whl (10 kB)
#17 0.899 Installing collected packages: ezenv, console
#17 1.020 Successfully installed console-0.9912 ezenv-0.92
#17 1.020 WARNING: Running pip as the 'root' user can result in broken permissions and conflicting behaviour with the system package manager. It is recommended to use a virtual environment instead: https://pip.pypa.io/warnings/venv
#17 1.026 
#17 1.026 [notice] A new release of pip is available: 24.0 -> 25.3
#17 1.026 [notice] To update, run: pip install --upgrade pip
#17 DONE 1.1s

#18 [14/14] RUN ["pip","install","editor"]
#18 0.618 Collecting editor
#18 0.654   Downloading editor-1.6.6-py3-none-any.whl.metadata (2.3 kB)
#18 0.704 Collecting runs (from editor)
#18 0.714   Downloading runs-1.2.2-py3-none-any.whl.metadata (10 kB)
#18 0.762 Collecting xmod (from editor)
#18 0.771   Downloading xmod-1.8.1-py3-none-any.whl.metadata (1.8 kB)
#18 0.798 Downloading editor-1.6.6-py3-none-any.whl (4.0 kB)
#18 0.826 Downloading runs-1.2.2-py3-none-any.whl (7.0 kB)
#18 0.850 Downloading xmod-1.8.1-py3-none-any.whl (4.6 kB)
#18 0.981 Installing collected packages: xmod, runs, editor
#18 1.060 Successfully installed editor-1.6.6 runs-1.2.2 xmod-1.8.1
#18 1.061 WARNING: Running pip as the 'root' user can result in broken permissions and conflicting behaviour with the system package manager. It is recommended to use a virtual environment instead: https://pip.pypa.io/warnings/venv
#18 1.066 
#18 1.066 [notice] A new release of pip is available: 24.0 -> 25.3
#18 1.066 [notice] To update, run: pip install --upgrade pip
#18 DONE 1.1s

#19 exporting to image
#19 exporting layers
#19 exporting layers 1.1s done
#19 writing image sha256:600e8d00296dfe2112456727ddde13539479a960c92aaa2e39a63cce93c37cc1 done
#19 naming to docker.io/library/test-image-7977513 done
#19 DONE 1.1s

View build details: docker-desktop://dashboard/build/default/default/rryzqphd2lo3db5qshbcp1ef9
[2025-10-29 17:24:31] SUCCESS: Build completed for 7977513
