=== Docker Run Log for 7977513 ===
Started at: Mi 29. Okt 17:24:07 CET 2025

[2025-10-29 17:24:31] START: Running container for 7977513
[2025-10-29 17:24:31] SUCCESS: Container 7780aabf4e22005402dbfc7409903e10f9f01c43915c5f299dbba8bcfa3b66b7 started for 7977513
=== Container logs for 7977513 ===
Traceback (most recent call last):
  File "/snippet.py", line 2, in <module>
    import keychain
  File "/usr/local/lib/python3.11/site-packages/keychain/__init__.py", line 1, in <module>
    from .private_keychain import PrivateKeychain
  File "/usr/local/lib/python3.11/site-packages/keychain/private_keychain.py", line 2, in <module>
    from .public_keychain import PublicKeychain
  File "/usr/local/lib/python3.11/site-packages/keychain/public_keychain.py", line 5, in <module>
    from .utils import extract_bin_chain_path, bip32_serialize
  File "/usr/local/lib/python3.11/site-packages/keychain/utils.py", line 2, in <module>
    from keylib.key_formatting import encode, decode, from_int_to_byte, from_byte_to_int, changebase, bin_dbl_sha256
  File "/usr/local/lib/python3.11/site-packages/keylib/__init__.py", line 1, in <module>
    from private_key import ECPrivateKey
ModuleNotFoundError: No module named 'private_key'
=== End of logs for 7977513 ===
[2025-10-29 17:24:33] INFO: Container 7780aabf4e22005402dbfc7409903e10f9f01c43915c5f299dbba8bcfa3b66b7 has stopped
