=== Docker Build Log for 3148833 ===
Started at: Mi 29. Okt 13:42:32 CET 2025

[2025-10-29 13:42:32] START: Building image for 3148833
#0 building with "default" instance using docker driver

#1 [internal] load build definition from Dockerfile
#1 transferring dockerfile: 234B done
#1 DONE 0.0s

#2 [internal] load metadata for docker.io/library/python:3.11
#2 DONE 0.0s

#3 [internal] load .dockerignore
#3 transferring context: 2B done
#3 DONE 0.0s

#4 [internal] load build context
#4 transferring context: 960B 0.0s done
#4 DONE 0.0s

#5 [1/5] FROM docker.io/library/python:3.11
#5 CACHED

#6 [2/5] COPY hard-gists/3148833/snippet.py /snippet.py
#6 DONE 0.1s

#7 [3/5] RUN ["pip","install","dj.choices"]
#7 1.880 Collecting dj.choices
#7 1.911   Downloading dj.choices-0.11.0.tar.gz (28 kB)
#7 1.929   Preparing metadata (setup.py): started
#7 2.313   Preparing metadata (setup.py): finished with status 'done'
#7 2.418 Collecting django (from dj.choices)
#7 2.431   Downloading django-5.2.7-py3-none-any.whl.metadata (4.1 kB)
#7 2.469 Collecting six (from dj.choices)
#7 2.477   Downloading six-1.17.0-py2.py3-none-any.whl.metadata (1.7 kB)
#7 2.525 Collecting asgiref>=3.8.1 (from django->dj.choices)
#7 2.534   Downloading asgiref-3.10.0-py3-none-any.whl.metadata (9.3 kB)
#7 2.572 Collecting sqlparse>=0.3.1 (from django->dj.choices)
#7 2.580   Downloading sqlparse-0.5.3-py3-none-any.whl.metadata (3.9 kB)
#7 2.606 Downloading django-5.2.7-py3-none-any.whl (8.3 MB)
#7 2.934    ━━━━━━━━━━━━━━━━━━━━━━━━━━━━━━━━━━━━━━━━ 8.3/8.3 MB 25.4 MB/s eta 0:00:00
#7 2.944 Downloading six-1.17.0-py2.py3-none-any.whl (11 kB)
#7 2.963 Downloading asgiref-3.10.0-py3-none-any.whl (24 kB)
#7 2.982 Downloading sqlparse-0.5.3-py3-none-any.whl (44 kB)
#7 2.994    ━━━━━━━━━━━━━━━━━━━━━━━━━━━━━━━━━━━━━━━━ 44.4/44.4 kB 3.4 MB/s eta 0:00:00
#7 3.030 Building wheels for collected packages: dj.choices
#7 3.030   Building wheel for dj.choices (setup.py): started
#7 3.205   Building wheel for dj.choices (setup.py): finished with status 'done'
#7 3.205   Created wheel for dj.choices: filename=dj_choices-0.11.0-py3-none-any.whl size=28716 sha256=f9e4f566e73177878759e60c830ddf675e41862613053422028d8af129e04173
#7 3.205   Stored in directory: /root/.cache/pip/wheels/97/38/bd/4ca089ff8ffdead6a07e7af033d36d74a01ab7a37e70797942
#7 3.207 Successfully built dj.choices
#7 3.253 Installing collected packages: sqlparse, six, asgiref, django, dj.choices
#7 4.643 Successfully installed asgiref-3.10.0 dj.choices-0.11.0 django-5.2.7 six-1.17.0 sqlparse-0.5.3
#7 4.643 WARNING: Running pip as the 'root' user can result in broken permissions and conflicting behaviour with the system package manager. It is recommended to use a virtual environment instead: https://pip.pypa.io/warnings/venv
#7 4.733 
#7 4.733 [notice] A new release of pip is available: 24.0 -> 25.3
#7 4.733 [notice] To update, run: pip install --upgrade pip
#7 DONE 5.1s

#8 [4/5] RUN ["pip","install","Django"]
#8 0.422 Requirement already satisfied: Django in /usr/local/lib/python3.11/site-packages (5.2.7)
#8 0.426 Requirement already satisfied: asgiref>=3.8.1 in /usr/local/lib/python3.11/site-packages (from Django) (3.10.0)
#8 0.426 Requirement already satisfied: sqlparse>=0.3.1 in /usr/local/lib/python3.11/site-packages (from Django) (0.5.3)
#8 0.466 WARNING: Running pip as the 'root' user can result in broken permissions and conflicting behaviour with the system package manager. It is recommended to use a virtual environment instead: https://pip.pypa.io/warnings/venv
#8 0.471 
#8 0.471 [notice] A new release of pip is available: 24.0 -> 25.3
#8 0.471 [notice] To update, run: pip install --upgrade pip
#8 DONE 0.6s

#9 [5/5] RUN ["pip","install","django_db"]
#9 0.509 Collecting django_db
#9 0.547   Downloading django_db-0.0.7.tar.gz (1.7 kB)
#9 0.559   Preparing metadata (setup.py): started
#9 0.669   Preparing metadata (setup.py): finished with status 'done'
#9 0.671 Requirement already satisfied: django in /usr/local/lib/python3.11/site-packages (from django_db) (5.2.7)
#9 0.704 Collecting pymysql (from django_db)
#9 0.714   Downloading pymysql-1.1.2-py3-none-any.whl.metadata (4.3 kB)
#9 0.728 Requirement already satisfied: asgiref>=3.8.1 in /usr/local/lib/python3.11/site-packages (from django->django_db) (3.10.0)
#9 0.729 Requirement already satisfied: sqlparse>=0.3.1 in /usr/local/lib/python3.11/site-packages (from django->django_db) (0.5.3)
#9 0.743 Downloading pymysql-1.1.2-py3-none-any.whl (45 kB)
#9 0.761    ━━━━━━━━━━━━━━━━━━━━━━━━━━━━━━━━━━━━━━━━ 45.3/45.3 kB 2.8 MB/s eta 0:00:00
#9 0.765 Building wheels for collected packages: django_db
#9 0.769   Building wheel for django_db (setup.py): started
#9 0.898   Building wheel for django_db (setup.py): finished with status 'done'
#9 0.898   Created wheel for django_db: filename=django_db-0.0.7-py3-none-any.whl size=2255 sha256=52ef902b7394d15b52e7ebbe347f3f177ab1a67f1ca3ec159935a4759601fe1c
#9 0.898   Stored in directory: /root/.cache/pip/wheels/f7/0e/96/7f32f483dc1709e3218e0b811ef87a1457795bc45d221f1ac2
#9 0.900 Successfully built django_db
#9 0.937 Installing collected packages: pymysql, django_db
#9 0.998 Successfully installed django_db-0.0.7 pymysql-1.1.2
#9 0.998 WARNING: Running pip as the 'root' user can result in broken permissions and conflicting behaviour with the system package manager. It is recommended to use a virtual environment instead: https://pip.pypa.io/warnings/venv
#9 1.003 
#9 1.003 [notice] A new release of pip is available: 24.0 -> 25.3
#9 1.003 [notice] To update, run: pip install --upgrade pip
#9 DONE 1.1s

#10 exporting to image
#10 exporting layers
#10 exporting layers 0.6s done
#10 writing image sha256:de852d753ca654b51a3e469aba0aefdaf8ab651fdb11a10575cb35e60f37472a done
#10 naming to docker.io/library/test-image-3148833 done
#10 DONE 0.6s

View build details: docker-desktop://dashboard/build/default/default/t4778740xpdpzs9lsgkqm2sji
[2025-10-29 13:42:40] SUCCESS: Build completed for 3148833
