=== Docker Run Log for 3148833 ===
Started at: Mi 29. Okt 13:42:32 CET 2025

[2025-10-29 13:42:40] START: Running container for 3148833
[2025-10-29 13:42:40] SUCCESS: Container d6d4019b50532b61aeb524736d80f2d239ac8564e28073a3360e4ec02df73af3 started for 3148833
=== Container logs for 3148833 ===
Traceback (most recent call last):
  File "/snippet.py", line 17, in <module>
    class Brand(models.Model):
  File "/usr/local/lib/python3.11/site-packages/django/db/models/base.py", line 131, in __new__
    app_config = apps.get_containing_app_config(module)
                 ^^^^^^^^^^^^^^^^^^^^^^^^^^^^^^^^^^^^^^
  File "/usr/local/lib/python3.11/site-packages/django/apps/registry.py", line 260, in get_containing_app_config
    self.check_apps_ready()
  File "/usr/local/lib/python3.11/site-packages/django/apps/registry.py", line 137, in check_apps_ready
    settings.INSTALLED_APPS
  File "/usr/local/lib/python3.11/site-packages/django/conf/__init__.py", line 81, in __getattr__
    self._setup(name)
  File "/usr/local/lib/python3.11/site-packages/django/conf/__init__.py", line 61, in _setup
    raise ImproperlyConfigured(
django.core.exceptions.ImproperlyConfigured: Requested setting INSTALLED_APPS, but settings are not configured. You must either define the environment variable DJANGO_SETTINGS_MODULE or call settings.configure() before accessing settings.
=== End of logs for 3148833 ===
[2025-10-29 13:42:42] INFO: Container d6d4019b50532b61aeb524736d80f2d239ac8564e28073a3360e4ec02df73af3 has stopped
