=== Docker Build Log for cc704ba2a96e4a319e9e ===
Started at: Mi 29. Okt 20:17:42 CET 2025

[2025-10-29 20:17:42] START: Building image for cc704ba2a96e4a319e9e
#0 building with "default" instance using docker driver

#1 [internal] load build definition from Dockerfile
#1 transferring dockerfile: 145B done
#1 DONE 0.0s

#2 [internal] load metadata for docker.io/library/python:3.11
#2 DONE 0.0s

#3 [internal] load .dockerignore
#3 transferring context: 2B done
#3 DONE 0.0s

#4 [internal] load build context
#4 transferring context: 6.55kB 0.0s done
#4 DONE 0.0s

#5 [1/2] FROM docker.io/library/python:3.11
#5 CACHED

#6 [2/2] COPY hard-gists/cc704ba2a96e4a319e9e/snippet.py /snippet.py
#6 DONE 0.1s

#7 exporting to image
#7 exporting layers 0.0s done
#7 writing image sha256:bc693e3c63098f092b91ef4e25a141cb2660a370dba7b95df0eada88b7d6f8d5 done
#7 naming to docker.io/library/test-image-cc704ba2a96e4a319e9e done
#7 DONE 0.1s

View build details: docker-desktop://dashboard/build/default/default/f0e4g7e02aj1i9boz3951z3hr
[2025-10-29 20:17:42] SUCCESS: Build completed for cc704ba2a96e4a319e9e
