=== Docker Build Log for 9218f99ba35da225ca11 ===
Started at: Mi 29. Okt 18:21:57 CET 2025

[2025-10-29 18:21:57] START: Building image for 9218f99ba35da225ca11
#0 building with "default" instance using docker driver

#1 [internal] load build definition from Dockerfile
#1 transferring dockerfile: 145B done
#1 DONE 0.0s

#2 [internal] load metadata for docker.io/library/python:3.11
#2 DONE 0.0s

#3 [internal] load .dockerignore
#3 transferring context: 2B done
#3 DONE 0.0s

#4 [internal] load build context
#4 transferring context: 4.96kB 0.0s done
#4 DONE 0.0s

#5 [1/2] FROM docker.io/library/python:3.11
#5 CACHED

#6 [2/2] COPY hard-gists/9218f99ba35da225ca11/snippet.py /snippet.py
#6 DONE 0.1s

#7 exporting to image
#7 exporting layers 0.0s done
#7 writing image sha256:dc3cca9b428e45bc306be0f96483f009d6482364093d7bb59cc55c4c7201d834 done
#7 naming to docker.io/library/test-image-9218f99ba35da225ca11 done
#7 DONE 0.1s

View build details: docker-desktop://dashboard/build/default/default/ah273nlkg5gweevnnz7yeedrt
[2025-10-29 18:21:57] SUCCESS: Build completed for 9218f99ba35da225ca11
