=== Docker Build Log for 5722085 ===
Started at: Mi 29. Okt 15:56:07 CET 2025

[2025-10-29 15:56:07] START: Building image for 5722085
#0 building with "default" instance using docker driver

#1 [internal] load build definition from Dockerfile
#1 transferring dockerfile: 132B done
#1 DONE 0.0s

#2 [internal] load metadata for docker.io/library/python:3.11
#2 DONE 0.0s

#3 [internal] load .dockerignore
#3 transferring context: 2B done
#3 DONE 0.0s

#4 [internal] load build context
#4 transferring context: 2.16kB 0.0s done
#4 DONE 0.0s

#5 [1/2] FROM docker.io/library/python:3.11
#5 CACHED

#6 [2/2] COPY hard-gists/5722085/snippet.py /snippet.py
#6 DONE 0.1s

#7 exporting to image
#7 exporting layers 0.0s done
#7 writing image sha256:b1fbe4f73cd7e0152340d4b6be0a6fbf7faed1223a3ab6791131763280027ff4 done
#7 naming to docker.io/library/test-image-5722085 done
#7 DONE 0.1s

View build details: docker-desktop://dashboard/build/default/default/5ol42beq5thhc3rtl0iztm119
[2025-10-29 15:56:08] SUCCESS: Build completed for 5722085
