=== Docker Build Log for 4059061 ===
Started at: Mi 29. Okt 14:18:59 CET 2025

[2025-10-29 14:18:59] START: Building image for 4059061
#0 building with "default" instance using docker driver

#1 [internal] load build definition from Dockerfile
#1 transferring dockerfile: 194B done
#1 DONE 0.0s

#2 [internal] load metadata for docker.io/library/python:3.11
#2 DONE 0.0s

#3 [internal] load .dockerignore
#3 transferring context: 2B done
#3 DONE 0.0s

#4 [internal] load build context
#4 transferring context: 1.40kB 0.0s done
#4 DONE 0.0s

#5 [1/4] FROM docker.io/library/python:3.11
#5 CACHED

#6 [2/4] COPY hard-gists/4059061/snippet.py /snippet.py
#6 DONE 0.1s

#7 [3/4] RUN ["pip","install","scene"]
#7 1.978 Collecting scene
#7 2.013   Downloading scene-0.0.1.tar.gz (4.3 kB)
#7 2.027   Preparing metadata (setup.py): started
#7 2.411   Preparing metadata (setup.py): finished with status 'done'
#7 2.413 Building wheels for collected packages: scene
#7 2.413   Building wheel for scene (setup.py): started
#7 2.578   Building wheel for scene (setup.py): finished with status 'done'
#7 2.579   Created wheel for scene: filename=scene-0.0.1-py2.py3-none-any.whl size=3300 sha256=d43cc199f29c5a2c5e4bea1c7c4f425ca2cc4cc6542b6ebee0ce95e86b38d643
#7 2.579   Stored in directory: /root/.cache/pip/wheels/8d/92/cb/ec23387ed573b50de008a60ab148d18dac724dd0e65cd18715
#7 2.582 Successfully built scene
#7 2.611 Installing collected packages: scene
#7 2.623 Successfully installed scene-0.0.1
#7 2.623 WARNING: Running pip as the 'root' user can result in broken permissions and conflicting behaviour with the system package manager. It is recommended to use a virtual environment instead: https://pip.pypa.io/warnings/venv
#7 2.716 
#7 2.716 [notice] A new release of pip is available: 24.0 -> 25.3
#7 2.716 [notice] To update, run: pip install --upgrade pip
#7 DONE 2.9s

#8 [4/4] RUN ["pip","install","sound"]
#8 0.519 Collecting sound
#8 0.553   Downloading sound-0.1.0-py3-none-any.whl.metadata (1.1 kB)
#8 0.591 Collecting soundfile (from sound)
#8 0.600   Downloading soundfile-0.13.1-py2.py3-none-manylinux_2_28_x86_64.whl.metadata (16 kB)
#8 0.639 Collecting darr (from sound)
#8 0.648   Downloading darr-0.6.3-py3-none-any.whl.metadata (8.4 kB)
#8 0.850 Collecting numpy (from darr->sound)
#8 0.861   Downloading numpy-2.3.4-cp311-cp311-manylinux_2_27_x86_64.manylinux_2_28_x86_64.whl.metadata (62 kB)
#8 0.888      ━━━━━━━━━━━━━━━━━━━━━━━━━━━━━━━━━━━━━━━━ 62.1/62.1 kB 2.1 MB/s eta 0:00:00
#8 1.007 Collecting cffi>=1.0 (from soundfile->sound)
#8 1.016   Downloading cffi-2.0.0-cp311-cp311-manylinux2014_x86_64.manylinux_2_17_x86_64.whl.metadata (2.6 kB)
#8 1.058 Collecting pycparser (from cffi>=1.0->soundfile->sound)
#8 1.066   Downloading pycparser-2.23-py3-none-any.whl.metadata (993 bytes)
#8 1.090 Downloading sound-0.1.0-py3-none-any.whl (43 kB)
#8 1.103    ━━━━━━━━━━━━━━━━━━━━━━━━━━━━━━━━━━━━━━━━ 43.8/43.8 kB 2.9 MB/s eta 0:00:00
#8 1.112 Downloading darr-0.6.3-py3-none-any.whl (43 kB)
#8 1.123    ━━━━━━━━━━━━━━━━━━━━━━━━━━━━━━━━━━━━━━━━ 43.3/43.3 kB 3.7 MB/s eta 0:00:00
#8 1.142 Downloading soundfile-0.13.1-py2.py3-none-manylinux_2_28_x86_64.whl (1.3 MB)
#8 1.207    ━━━━━━━━━━━━━━━━━━━━━━━━━━━━━━━━━━━━━━━━ 1.3/1.3 MB 20.4 MB/s eta 0:00:00
#8 1.216 Downloading cffi-2.0.0-cp311-cp311-manylinux2014_x86_64.manylinux_2_17_x86_64.whl (215 kB)
#8 1.233    ━━━━━━━━━━━━━━━━━━━━━━━━━━━━━━━━━━━━━━━━ 215.6/215.6 kB 13.5 MB/s eta 0:00:00
#8 1.242 Downloading numpy-2.3.4-cp311-cp311-manylinux_2_27_x86_64.manylinux_2_28_x86_64.whl (16.9 MB)
#8 1.883    ━━━━━━━━━━━━━━━━━━━━━━━━━━━━━━━━━━━━━━━━ 16.9/16.9 MB 23.7 MB/s eta 0:00:00
#8 1.893 Downloading pycparser-2.23-py3-none-any.whl (118 kB)
#8 1.907    ━━━━━━━━━━━━━━━━━━━━━━━━━━━━━━━━━━━━━━━━ 118.1/118.1 kB 9.5 MB/s eta 0:00:00
#8 2.011 Installing collected packages: pycparser, numpy, darr, cffi, soundfile, sound
#8 3.773 Successfully installed cffi-2.0.0 darr-0.6.3 numpy-2.3.4 pycparser-2.23 sound-0.1.0 soundfile-0.13.1
#8 3.773 WARNING: Running pip as the 'root' user can result in broken permissions and conflicting behaviour with the system package manager. It is recommended to use a virtual environment instead: https://pip.pypa.io/warnings/venv
#8 3.778 
#8 3.778 [notice] A new release of pip is available: 24.0 -> 25.3
#8 3.778 [notice] To update, run: pip install --upgrade pip
#8 DONE 4.3s

#9 exporting to image
#9 exporting layers
#9 exporting layers 0.4s done
#9 writing image sha256:62fb44355d1ce34d57dae9bbca1d399a9489d131dba9905856e216185a79373b done
#9 naming to docker.io/library/test-image-4059061 done
#9 DONE 0.4s

View build details: docker-desktop://dashboard/build/default/default/hdzyvkpxdp9496yj8tjx2gv7x
[2025-10-29 14:19:07] SUCCESS: Build completed for 4059061
