=== Docker Build Log for 1160696 ===
Started at: Mi 29. Okt 11:57:02 CET 2025

[2025-10-29 11:57:02] START: Building image for 1160696
#0 building with "default" instance using docker driver

#1 [internal] load build definition from Dockerfile
#1 transferring dockerfile: 172B done
#1 DONE 0.0s

#2 [internal] load metadata for docker.io/library/python:3.11
#2 DONE 0.0s

#3 [internal] load .dockerignore
#3 transferring context: 2B done
#3 DONE 0.0s

#4 [internal] load build context
#4 transferring context: 741B 0.0s done
#4 DONE 0.0s

#5 [1/3] FROM docker.io/library/python:3.11
#5 CACHED

#6 [2/3] COPY hard-gists/1160696/snippet.py /snippet.py
#6 DONE 0.1s

#7 [3/3] RUN ["pip","install","MyApplication"]
#7 2.068 Collecting MyApplication
#7 2.105   Downloading MyApplication-0.1.0.tar.gz (1.1 kB)
#7 2.116   Preparing metadata (setup.py): started
#7 2.511   Preparing metadata (setup.py): finished with status 'done'
#7 2.549 Collecting flask (from MyApplication)
#7 2.562   Downloading flask-3.1.2-py3-none-any.whl.metadata (3.2 kB)
#7 2.608 Collecting blinker>=1.9.0 (from flask->MyApplication)
#7 2.619   Downloading blinker-1.9.0-py3-none-any.whl.metadata (1.6 kB)
#7 2.663 Collecting click>=8.1.3 (from flask->MyApplication)
#7 2.672   Downloading click-8.3.0-py3-none-any.whl.metadata (2.6 kB)
#7 2.708 Collecting itsdangerous>=2.2.0 (from flask->MyApplication)
#7 2.717   Downloading itsdangerous-2.2.0-py3-none-any.whl.metadata (1.9 kB)
#7 2.758 Collecting jinja2>=3.1.2 (from flask->MyApplication)
#7 2.766   Downloading jinja2-3.1.6-py3-none-any.whl.metadata (2.9 kB)
#7 2.847 Collecting markupsafe>=2.1.1 (from flask->MyApplication)
#7 2.855   Downloading markupsafe-3.0.3-cp311-cp311-manylinux2014_x86_64.manylinux_2_17_x86_64.manylinux_2_28_x86_64.whl.metadata (2.7 kB)
#7 2.905 Collecting werkzeug>=3.1.0 (from flask->MyApplication)
#7 2.914   Downloading werkzeug-3.1.3-py3-none-any.whl.metadata (3.7 kB)
#7 2.940 Downloading flask-3.1.2-py3-none-any.whl (103 kB)
#7 2.963    ━━━━━━━━━━━━━━━━━━━━━━━━━━━━━━━━━━━━━━━━ 103.3/103.3 kB 4.4 MB/s eta 0:00:00
#7 2.971 Downloading blinker-1.9.0-py3-none-any.whl (8.5 kB)
#7 2.988 Downloading click-8.3.0-py3-none-any.whl (107 kB)
#7 3.003    ━━━━━━━━━━━━━━━━━━━━━━━━━━━━━━━━━━━━━━━━ 107.3/107.3 kB 7.6 MB/s eta 0:00:00
#7 3.011 Downloading itsdangerous-2.2.0-py3-none-any.whl (16 kB)
#7 3.029 Downloading jinja2-3.1.6-py3-none-any.whl (134 kB)
#7 3.043    ━━━━━━━━━━━━━━━━━━━━━━━━━━━━━━━━━━━━━━━━ 134.9/134.9 kB 10.4 MB/s eta 0:00:00
#7 3.055 Downloading markupsafe-3.0.3-cp311-cp311-manylinux2014_x86_64.manylinux_2_17_x86_64.manylinux_2_28_x86_64.whl (22 kB)
#7 3.073 Downloading werkzeug-3.1.3-py3-none-any.whl (224 kB)
#7 3.089    ━━━━━━━━━━━━━━━━━━━━━━━━━━━━━━━━━━━━━━━━ 224.5/224.5 kB 14.1 MB/s eta 0:00:00
#7 3.098 Building wheels for collected packages: MyApplication
#7 3.098   Building wheel for MyApplication (setup.py): started
#7 3.267   Building wheel for MyApplication (setup.py): finished with status 'done'
#7 3.267   Created wheel for MyApplication: filename=myapplication-0.1.0-py3-none-any.whl size=1414 sha256=dad5a17fe4ec38621bff6e089dce8c038a70e1cf44b5fa22aea398b44ce59581
#7 3.268   Stored in directory: /root/.cache/pip/wheels/da/93/84/6c902c5d504e6c48c1f254da2764d27fed6023088d1b798c8b
#7 3.269 Successfully built MyApplication
#7 3.308 Installing collected packages: markupsafe, itsdangerous, click, blinker, werkzeug, jinja2, flask, MyApplication
#7 3.648 Successfully installed MyApplication-0.1.0 blinker-1.9.0 click-8.3.0 flask-3.1.2 itsdangerous-2.2.0 jinja2-3.1.6 markupsafe-3.0.3 werkzeug-3.1.3
#7 3.648 WARNING: Running pip as the 'root' user can result in broken permissions and conflicting behaviour with the system package manager. It is recommended to use a virtual environment instead: https://pip.pypa.io/warnings/venv
#7 3.744 
#7 3.744 [notice] A new release of pip is available: 24.0 -> 25.3
#7 3.744 [notice] To update, run: pip install --upgrade pip
#7 DONE 4.0s

#8 exporting to image
#8 exporting layers
#8 exporting layers 0.2s done
#8 writing image sha256:e79bc2ab37d32a5bad2df2c3aee0a9fddcae34794db624e3cef697f7547fbd9f done
#8 naming to docker.io/library/test-image-1160696 done
#8 DONE 0.2s

View build details: docker-desktop://dashboard/build/default/default/x3fpvkjtuv4fgw9vdcdcrxpc4
[2025-10-29 11:57:07] SUCCESS: Build completed for 1160696
