=== Docker Build Log for 5181631 ===
Started at: Mi 29. Okt 15:25:13 CET 2025

[2025-10-29 15:25:13] START: Building image for 5181631
#0 building with "default" instance using docker driver

#1 [internal] load build definition from Dockerfile
#1 transferring dockerfile: 132B done
#1 DONE 0.0s

#2 [internal] load metadata for docker.io/library/python:3.11
#2 DONE 0.0s

#3 [internal] load .dockerignore
#3 transferring context: 2B done
#3 DONE 0.0s

#4 [internal] load build context
#4 transferring context: 5.99kB 0.0s done
#4 DONE 0.0s

#5 [1/2] FROM docker.io/library/python:3.11
#5 CACHED

#6 [2/2] COPY hard-gists/5181631/snippet.py /snippet.py
#6 DONE 0.1s

#7 exporting to image
#7 exporting layers 0.0s done
#7 writing image sha256:58550777439bee39d96e77b2fedd2268e53708ee1644fae886b01700dd77aa21 done
#7 naming to docker.io/library/test-image-5181631 done
#7 DONE 0.1s

View build details: docker-desktop://dashboard/build/default/default/kjh1v0lxwd34cicb25nds9w3t
[2025-10-29 15:25:14] SUCCESS: Build completed for 5181631
