=== Docker Build Log for 4992092 ===
Started at: Mi 29. Okt 15:05:15 CET 2025

[2025-10-29 15:05:15] START: Building image for 4992092
#0 building with "default" instance using docker driver

#1 [internal] load build definition from Dockerfile
#1 transferring dockerfile: 132B done
#1 DONE 0.0s

#2 [internal] load metadata for docker.io/library/python:3.11
#2 DONE 0.0s

#3 [internal] load .dockerignore
#3 transferring context: 2B done
#3 DONE 0.0s

#4 [internal] load build context
#4 transferring context: 2.50kB 0.0s done
#4 DONE 0.0s

#5 [1/2] FROM docker.io/library/python:3.11
#5 CACHED

#6 [2/2] COPY hard-gists/4992092/snippet.py /snippet.py
#6 DONE 0.1s

#7 exporting to image
#7 exporting layers 0.1s done
#7 writing image sha256:7083c896871e53652b0071cd78c65f4079c215c5d2e2019b116d4da6c695a675 done
#7 naming to docker.io/library/test-image-4992092 done
#7 DONE 0.1s

View build details: docker-desktop://dashboard/build/default/default/4rltvvuc2pl4qeucjnuqlloun
[2025-10-29 15:05:16] SUCCESS: Build completed for 4992092
