=== Docker Build Log for 964472 ===
Started at: Mi 29. Okt 18:28:38 CET 2025

[2025-10-29 18:28:38] START: Building image for 964472
#0 building with "default" instance using docker driver

#1 [internal] load build definition from Dockerfile
#1 transferring dockerfile: 199B done
#1 DONE 0.0s

#2 [internal] load metadata for docker.io/library/python:3.11
#2 DONE 0.0s

#3 [internal] load .dockerignore
#3 transferring context: 2B done
#3 DONE 0.0s

#4 [internal] load build context
#4 transferring context: 703B 0.0s done
#4 DONE 0.0s

#5 [1/4] FROM docker.io/library/python:3.11
#5 CACHED

#6 [2/4] COPY hard-gists/964472/snippet.py /snippet.py
#6 DONE 0.1s

#7 [3/4] RUN ["pip","install","dj.choices"]
#7 1.888 Collecting dj.choices
#7 1.923   Downloading dj.choices-0.11.0.tar.gz (28 kB)
#7 1.939   Preparing metadata (setup.py): started
#7 2.318   Preparing metadata (setup.py): finished with status 'done'
#7 2.419 Collecting django (from dj.choices)
#7 2.428   Downloading django-5.2.7-py3-none-any.whl.metadata (4.1 kB)
#7 2.463 Collecting six (from dj.choices)
#7 2.471   Downloading six-1.17.0-py2.py3-none-any.whl.metadata (1.7 kB)
#7 2.516 Collecting asgiref>=3.8.1 (from django->dj.choices)
#7 2.525   Downloading asgiref-3.10.0-py3-none-any.whl.metadata (9.3 kB)
#7 2.561 Collecting sqlparse>=0.3.1 (from django->dj.choices)
#7 2.569   Downloading sqlparse-0.5.3-py3-none-any.whl.metadata (3.9 kB)
#7 2.597 Downloading django-5.2.7-py3-none-any.whl (8.3 MB)
#7 2.931    ━━━━━━━━━━━━━━━━━━━━━━━━━━━━━━━━━━━━━━━━ 8.3/8.3 MB 25.0 MB/s eta 0:00:00
#7 2.939 Downloading six-1.17.0-py2.py3-none-any.whl (11 kB)
#7 2.957 Downloading asgiref-3.10.0-py3-none-any.whl (24 kB)
#7 2.975 Downloading sqlparse-0.5.3-py3-none-any.whl (44 kB)
#7 2.986    ━━━━━━━━━━━━━━━━━━━━━━━━━━━━━━━━━━━━━━━━ 44.4/44.4 kB 3.8 MB/s eta 0:00:00
#7 3.023 Building wheels for collected packages: dj.choices
#7 3.023   Building wheel for dj.choices (setup.py): started
#7 3.199   Building wheel for dj.choices (setup.py): finished with status 'done'
#7 3.199   Created wheel for dj.choices: filename=dj_choices-0.11.0-py3-none-any.whl size=28716 sha256=4fbd88e71d9ab239f4662f45cc7081e658ebc10fd24d5b8c0da649cb391e7d2c
#7 3.199   Stored in directory: /root/.cache/pip/wheels/97/38/bd/4ca089ff8ffdead6a07e7af033d36d74a01ab7a37e70797942
#7 3.201 Successfully built dj.choices
#7 3.248 Installing collected packages: sqlparse, six, asgiref, django, dj.choices
#7 4.641 Successfully installed asgiref-3.10.0 dj.choices-0.11.0 django-5.2.7 six-1.17.0 sqlparse-0.5.3
#7 4.641 WARNING: Running pip as the 'root' user can result in broken permissions and conflicting behaviour with the system package manager. It is recommended to use a virtual environment instead: https://pip.pypa.io/warnings/venv
#7 4.735 
#7 4.735 [notice] A new release of pip is available: 24.0 -> 25.3
#7 4.735 [notice] To update, run: pip install --upgrade pip
#7 DONE 5.1s

#8 [4/4] RUN ["pip","install","Django"]
#8 0.429 Requirement already satisfied: Django in /usr/local/lib/python3.11/site-packages (5.2.7)
#8 0.433 Requirement already satisfied: asgiref>=3.8.1 in /usr/local/lib/python3.11/site-packages (from Django) (3.10.0)
#8 0.434 Requirement already satisfied: sqlparse>=0.3.1 in /usr/local/lib/python3.11/site-packages (from Django) (0.5.3)
#8 0.472 WARNING: Running pip as the 'root' user can result in broken permissions and conflicting behaviour with the system package manager. It is recommended to use a virtual environment instead: https://pip.pypa.io/warnings/venv
#8 0.477 
#8 0.477 [notice] A new release of pip is available: 24.0 -> 25.3
#8 0.477 [notice] To update, run: pip install --upgrade pip
#8 DONE 0.5s

#9 exporting to image
#9 exporting layers
#9 exporting layers 0.6s done
#9 writing image sha256:0064f584909675fc5cbaac7e3d6c6beff4d6e49d96893ff8beee68b5e7bf3223 done
#9 naming to docker.io/library/test-image-964472 0.0s done
#9 DONE 0.6s

View build details: docker-desktop://dashboard/build/default/default/76g4kqxe3cx557eln44ou2o5r
[2025-10-29 18:28:45] SUCCESS: Build completed for 964472
