=== Docker Build Log for 7088662 ===
Started at: Mi 29. Okt 16:58:51 CET 2025

[2025-10-29 16:58:51] START: Building image for 7088662
#0 building with "default" instance using docker driver

#1 [internal] load build definition from Dockerfile
#1 transferring dockerfile: 132B done
#1 DONE 0.0s

#2 [internal] load metadata for docker.io/library/python:3.11
#2 DONE 0.0s

#3 [internal] load .dockerignore
#3 transferring context: 2B done
#3 DONE 0.0s

#4 [internal] load build context
#4 transferring context: 865B 0.0s done
#4 DONE 0.0s

#5 [1/2] FROM docker.io/library/python:3.11
#5 CACHED

#6 [2/2] COPY hard-gists/7088662/snippet.py /snippet.py
#6 DONE 0.1s

#7 exporting to image
#7 exporting layers 0.0s done
#7 writing image sha256:aef6368b07699b191abf13ed875db285e18f563f73a5c9acb4a1bc94e1031087 done
#7 naming to docker.io/library/test-image-7088662 done
#7 DONE 0.1s

View build details: docker-desktop://dashboard/build/default/default/nhyk52ke91c4gnu19znohmz4r
[2025-10-29 16:58:52] SUCCESS: Build completed for 7088662
