=== Docker Build Log for c80e24454ee353d3c123 ===
Started at: Mi 29. Okt 19:58:27 CET 2025

[2025-10-29 19:58:27] START: Building image for c80e24454ee353d3c123
#0 building with "default" instance using docker driver

#1 [internal] load build definition from Dockerfile
#1 transferring dockerfile: 420B done
#1 DONE 0.0s

#2 [internal] load metadata for docker.io/library/python:3.11
#2 DONE 0.0s

#3 [internal] load .dockerignore
#3 transferring context: 2B done
#3 DONE 0.0s

#4 [internal] load build context
#4 transferring context: 2.43kB 0.0s done
#4 DONE 0.0s

#5 [1/9] FROM docker.io/library/python:3.11
#5 CACHED

#6 [2/9] COPY hard-gists/c80e24454ee353d3c123/snippet.py /snippet.py
#6 DONE 0.1s

#7 [3/9] RUN ["apt-get","update"]
#7 0.307 Hit:1 http://deb.debian.org/debian trixie InRelease
#7 0.307 Get:2 http://deb.debian.org/debian trixie-updates InRelease [47.3 kB]
#7 0.317 Get:3 http://deb.debian.org/debian-security trixie-security InRelease [43.4 kB]
#7 0.326 Get:4 http://deb.debian.org/debian trixie/main amd64 Packages [9669 kB]
#7 0.979 Get:5 http://deb.debian.org/debian trixie-updates/main amd64 Packages [5412 B]
#7 0.983 Get:6 http://deb.debian.org/debian-security trixie-security/main amd64 Packages [67.8 kB]
#7 1.560 Fetched 9833 kB in 1s (7559 kB/s)
#7 1.560 Reading package lists...
#7 DONE 2.2s

#8 [4/9] RUN ["apt-get","install","-y","python-pip"]
#8 0.215 Reading package lists...
#8 0.646 Building dependency tree...
#8 0.751 Reading state information...
#8 0.768 Package python-pip is not available, but is referred to by another package.
#8 0.768 This may mean that the package is missing, has been obsoleted, or
#8 0.768 is only available from another source
#8 0.768 However the following packages replace it:
#8 0.768   python3-pip
#8 0.768 
#8 0.770 E: Package 'python-pip' has no installation candidate
#8 ERROR: process "apt-get install -y python-pip" did not complete successfully: exit code: 100
------
 > [4/9] RUN ["apt-get","install","-y","python-pip"]:


0.768 Package python-pip is not available, but is referred to by another package.
0.768 This may mean that the package is missing, has been obsoleted, or
0.768 is only available from another source
0.768 However the following packages replace it:
0.768   python3-pip
0.768 
0.770 E: Package 'python-pip' has no installation candidate
------
Dockerfile:4
--------------------
   2 |     COPY hard-gists/c80e24454ee353d3c123/snippet.py /snippet.py
   3 |     RUN ["apt-get","update"]
   4 | >>> RUN ["apt-get","install","-y","python-pip"]
   5 |     RUN ["apt-get","install","-y","python-dev"]
   6 |     RUN ["apt-get","install","-y","libssl-dev"]
--------------------
ERROR: failed to build: failed to solve: process "apt-get install -y python-pip" did not complete successfully: exit code: 100

View build details: docker-desktop://dashboard/build/default/default/4y6gb5n0eeqd5fw6zhb3ewpfk
[2025-10-29 19:58:30] ERROR: Build failed for c80e24454ee353d3c123
