=== Docker Build Log for 3760008 ===
Started at: Mi 29. Okt 13:59:14 CET 2025

[2025-10-29 13:59:14] START: Building image for 3760008
#0 building with "default" instance using docker driver

#1 [internal] load build definition from Dockerfile
#1 transferring dockerfile: 132B done
#1 DONE 0.0s

#2 [internal] load metadata for docker.io/library/python:3.11
#2 DONE 0.0s

#3 [internal] load .dockerignore
#3 transferring context: 2B done
#3 DONE 0.0s

#4 [internal] load build context
#4 transferring context: 1.83kB 0.0s done
#4 DONE 0.0s

#5 [1/2] FROM docker.io/library/python:3.11
#5 CACHED

#6 [2/2] COPY hard-gists/3760008/snippet.py /snippet.py
#6 DONE 0.1s

#7 exporting to image
#7 exporting layers 0.0s done
#7 writing image sha256:28d4eeda4ab9a5096f61db62a0a3c8f701826b34b0efc81fc697fe60c66e2793 done
#7 naming to docker.io/library/test-image-3760008 done
#7 DONE 0.1s

View build details: docker-desktop://dashboard/build/default/default/b5u6zfu6c97cqj6i4u2qnyqw7
[2025-10-29 13:59:14] SUCCESS: Build completed for 3760008
