=== Docker Build Log for fd9ee43167f5cc1da130 ===
Started at: Mi 29. Okt 21:43:14 CET 2025

[2025-10-29 21:43:14] START: Building image for fd9ee43167f5cc1da130
#0 building with "default" instance using docker driver

#1 [internal] load build definition from Dockerfile
#1 transferring dockerfile: 145B done
#1 DONE 0.0s

#2 [internal] load metadata for docker.io/library/python:3.11
#2 DONE 0.0s

#3 [internal] load .dockerignore
#3 transferring context: 2B done
#3 DONE 0.0s

#4 [internal] load build context
#4 transferring context: 6.02kB 0.0s done
#4 DONE 0.0s

#5 [1/2] FROM docker.io/library/python:3.11
#5 CACHED

#6 [2/2] COPY hard-gists/fd9ee43167f5cc1da130/snippet.py /snippet.py
#6 DONE 0.1s

#7 exporting to image
#7 exporting layers 0.0s done
#7 writing image sha256:dc5d0edb1ae1190f35fb43888755c0eeca85880593b6ec7aaf80ce3d21d65b22 done
#7 naming to docker.io/library/test-image-fd9ee43167f5cc1da130 done
#7 DONE 0.1s

View build details: docker-desktop://dashboard/build/default/default/i6a00fku7riv7jcd3whmnd5t2
[2025-10-29 21:43:15] SUCCESS: Build completed for fd9ee43167f5cc1da130
