=== Docker Build Log for fe8e267149862eb67127f4fff7e017be ===
Started at: Mi 29. Okt 21:44:36 CET 2025

[2025-10-29 21:44:36] START: Building image for fe8e267149862eb67127f4fff7e017be
#0 building with "default" instance using docker driver

#1 [internal] load build definition from Dockerfile
#1 transferring dockerfile: 157B done
#1 DONE 0.0s

#2 [internal] load metadata for docker.io/library/python:3.11
#2 DONE 0.0s

#3 [internal] load .dockerignore
#3 transferring context: 2B done
#3 DONE 0.0s

#4 [internal] load build context
#4 transferring context: 5.68kB 0.0s done
#4 DONE 0.0s

#5 [1/2] FROM docker.io/library/python:3.11
#5 CACHED

#6 [2/2] COPY hard-gists/fe8e267149862eb67127f4fff7e017be/snippet.py /snippet.py
#6 DONE 0.1s

#7 exporting to image
#7 exporting layers 0.0s done
#7 writing image sha256:d4194e3e0befab86e8ac737667c39c3b558925254058a86bf28ffe134662bd32 done
#7 naming to docker.io/library/test-image-fe8e267149862eb67127f4fff7e017be done
#7 DONE 0.1s

View build details: docker-desktop://dashboard/build/default/default/mhwbsmeqvkwyohckfhll6hktz
[2025-10-29 21:44:37] SUCCESS: Build completed for fe8e267149862eb67127f4fff7e017be
