=== Docker Build Log for 1254809 ===
Started at: Mi 29. Okt 12:02:18 CET 2025

[2025-10-29 12:02:18] START: Building image for 1254809
#0 building with "default" instance using docker driver

#1 [internal] load build definition from Dockerfile
#1 transferring dockerfile: 132B done
#1 DONE 0.0s

#2 [internal] load metadata for docker.io/library/python:3.11
#2 DONE 0.0s

#3 [internal] load .dockerignore
#3 transferring context: 2B done
#3 DONE 0.0s

#4 [internal] load build context
#4 transferring context: 9.49kB 0.0s done
#4 DONE 0.0s

#5 [1/2] FROM docker.io/library/python:3.11
#5 CACHED

#6 [2/2] COPY hard-gists/1254809/snippet.py /snippet.py
#6 DONE 0.1s

#7 exporting to image
#7 exporting layers 0.0s done
#7 writing image sha256:b452c3f8c7eba2fe07093cdd1a85bbeceb05e6ced7b3e668f0eeefc23e993ffc done
#7 naming to docker.io/library/test-image-1254809 done
#7 DONE 0.1s

View build details: docker-desktop://dashboard/build/default/default/kln40v4ko38q1sq9t1bvvrcex
[2025-10-29 12:02:19] SUCCESS: Build completed for 1254809
