=== Docker Build Log for 1189327 ===
Started at: Mi 29. Okt 11:58:09 CET 2025

[2025-10-29 11:58:09] START: Building image for 1189327
#0 building with "default" instance using docker driver

#1 [internal] load build definition from Dockerfile
#1 transferring dockerfile: 132B done
#1 DONE 0.0s

#2 [internal] load metadata for docker.io/library/python:3.11
#2 DONE 0.0s

#3 [internal] load .dockerignore
#3 transferring context: 2B done
#3 DONE 0.0s

#4 [internal] load build context
#4 transferring context: 8.19kB 0.0s done
#4 DONE 0.0s

#5 [1/2] FROM docker.io/library/python:3.11
#5 CACHED

#6 [2/2] COPY hard-gists/1189327/snippet.py /snippet.py
#6 DONE 0.1s

#7 exporting to image
#7 exporting layers 0.0s done
#7 writing image sha256:02f6d7be08a6970eff3b05fcca55c65433f6a66f7fad08814df37ec91da40e28 done
#7 naming to docker.io/library/test-image-1189327 done
#7 DONE 0.1s

View build details: docker-desktop://dashboard/build/default/default/z6o0fcmtj2ex75670634si3or
[2025-10-29 11:58:10] SUCCESS: Build completed for 1189327
