=== Docker Build Log for 16ce4914683da30f87d0 ===
Started at: Mi 29. Okt 12:23:38 CET 2025

[2025-10-29 12:23:38] START: Building image for 16ce4914683da30f87d0
#0 building with "default" instance using docker driver

#1 [internal] load build definition from Dockerfile
#1 transferring dockerfile: 145B done
#1 DONE 0.0s

#2 [internal] load metadata for docker.io/library/python:3.11
#2 DONE 0.0s

#3 [internal] load .dockerignore
#3 transferring context: 2B done
#3 DONE 0.0s

#4 [internal] load build context
#4 transferring context: 2.22kB 0.0s done
#4 DONE 0.0s

#5 [1/2] FROM docker.io/library/python:3.11
#5 CACHED

#6 [2/2] COPY hard-gists/16ce4914683da30f87d0/snippet.py /snippet.py
#6 DONE 0.1s

#7 exporting to image
#7 exporting layers 0.0s done
#7 writing image sha256:08f043acbe6df8ccaffdb0fa660a83fc9f6c452158ab45f77cbc9cf882a96bd7 done
#7 naming to docker.io/library/test-image-16ce4914683da30f87d0 done
#7 DONE 0.1s

View build details: docker-desktop://dashboard/build/default/default/usobfevpos4pkubrt2w9lvofa
[2025-10-29 12:23:39] SUCCESS: Build completed for 16ce4914683da30f87d0
