=== Docker Build Log for d4d90bc5b8fb9a56fa2d4f2383a2eda7 ===
Started at: Mi 29. Okt 20:25:19 CET 2025

[2025-10-29 20:25:19] START: Building image for d4d90bc5b8fb9a56fa2d4f2383a2eda7
#0 building with "default" instance using docker driver

#1 [internal] load build definition from Dockerfile
#1 transferring dockerfile: 157B done
#1 DONE 0.0s

#2 [internal] load metadata for docker.io/library/python:3.11
#2 DONE 0.0s

#3 [internal] load .dockerignore
#3 transferring context: 2B done
#3 DONE 0.0s

#4 [internal] load build context
#4 transferring context: 3.82kB 0.0s done
#4 DONE 0.0s

#5 [1/2] FROM docker.io/library/python:3.11
#5 CACHED

#6 [2/2] COPY hard-gists/d4d90bc5b8fb9a56fa2d4f2383a2eda7/snippet.py /snippet.py
#6 DONE 0.1s

#7 exporting to image
#7 exporting layers 0.0s done
#7 writing image sha256:f4fbba4edbd17bc8e70f111368bdf27b8a036a514ff8d86fecd55d75ba708ab0 done
#7 naming to docker.io/library/test-image-d4d90bc5b8fb9a56fa2d4f2383a2eda7 done
#7 DONE 0.1s

View build details: docker-desktop://dashboard/build/default/default/fj2rr9vsnbhv3mrssy15x75ll
[2025-10-29 20:25:19] SUCCESS: Build completed for d4d90bc5b8fb9a56fa2d4f2383a2eda7
