=== Docker Run Log for c7ec9a30052127c7a1ad169eeb83f159 ===
Started at: Mi 29. Okt 19:56:43 CET 2025

[2025-10-29 19:58:24] START: Running container for c7ec9a30052127c7a1ad169eeb83f159
[2025-10-29 19:58:25] SUCCESS: Container 9e0ac02be117d2b143067a6e8b17057537a7d1191a03746b6df3e6bc28e2d168 started for c7ec9a30052127c7a1ad169eeb83f159
=== Container logs for c7ec9a30052127c7a1ad169eeb83f159 ===
2025-10-29 18:58:25.676000: I external/local_xla/xla/tsl/cuda/cudart_stub.cc:31] Could not find cuda drivers on your machine, GPU will not be used.
2025-10-29 18:58:25.714240: I tensorflow/core/platform/cpu_feature_guard.cc:210] This TensorFlow binary is optimized to use available CPU instructions in performance-critical operations.
To enable the following instructions: AVX2 FMA, in other operations, rebuild TensorFlow with the appropriate compiler flags.
2025-10-29 18:58:26.849386: I external/local_xla/xla/tsl/cuda/cudart_stub.cc:31] Could not find cuda drivers on your machine, GPU will not be used.
Traceback (most recent call last):
  File "/snippet.py", line 95, in <module>
    main()
  File "/snippet.py", line 75, in main
    train, test = sets.Mnist()
                  ^^^^^^^^^^^^
  File "/usr/local/lib/python3.11/site-packages/sets/dataset/mnist.py", line 21, in __new__
    train = cls.disk_cache('train', cls._train_dataset)
            ^^^^^^^^^^^^^^^^^^^^^^^^^^^^^^^^^^^^^^^^^^^
  File "/usr/local/lib/python3.11/site-packages/sets/core/step.py", line 17, in disk_cache
    @utility.disk_cache(basename, cls.directory(), method=method)
                                  ^^^^^^^^^^^^^^^
  File "/usr/local/lib/python3.11/site-packages/sets/core/step.py", line 35, in directory
    prefix = prefix or utility.read_config().directory
                       ^^^^^^^^^^^^^^^^^^^^^
  File "/usr/local/lib/python3.11/site-packages/sets/utility.py", line 17, in read_config
    parser = definitions.Parser(schema)
             ^^^^^^^^^^^^^^^^^^^^^^^^^^
  File "/usr/local/lib/python3.11/site-packages/definitions/parser.py", line 96, in __init__
    schema = self._load(schema)
             ^^^^^^^^^^^^^^^^^^
  File "/usr/local/lib/python3.11/site-packages/definitions/parser.py", line 284, in _load
    return yaml.load(file_)
           ^^^^^^^^^^^^^^^^
TypeError: load() missing 1 required positional argument: 'Loader'
=== End of logs for c7ec9a30052127c7a1ad169eeb83f159 ===
[2025-10-29 19:58:27] INFO: Container 9e0ac02be117d2b143067a6e8b17057537a7d1191a03746b6df3e6bc28e2d168 has stopped
