=== Docker Build Log for 1310549 ===
Started at: Mi 29. Okt 12:06:48 CET 2025

[2025-10-29 12:06:48] START: Building image for 1310549
#0 building with "default" instance using docker driver

#1 [internal] load build definition from Dockerfile
#1 transferring dockerfile: 276B done
#1 DONE 0.0s

#2 [internal] load metadata for docker.io/library/python:3.11
#2 DONE 0.0s

#3 [internal] load .dockerignore
#3 transferring context: 2B done
#3 DONE 0.0s

#4 [internal] load build context
#4 transferring context: 3.40kB 0.0s done
#4 DONE 0.0s

#5 [1/6] FROM docker.io/library/python:3.11
#5 CACHED

#6 [2/6] COPY hard-gists/1310549/snippet.py /snippet.py
#6 DONE 0.1s

#7 [3/6] RUN ["pip","install","dj.choices"]
#7 1.877 Collecting dj.choices
#7 1.909   Downloading dj.choices-0.11.0.tar.gz (28 kB)
#7 1.927   Preparing metadata (setup.py): started
#7 2.314   Preparing metadata (setup.py): finished with status 'done'
#7 2.416 Collecting django (from dj.choices)
#7 2.425   Downloading django-5.2.7-py3-none-any.whl.metadata (4.1 kB)
#7 2.462 Collecting six (from dj.choices)
#7 2.472   Downloading six-1.17.0-py2.py3-none-any.whl.metadata (1.7 kB)
#7 2.520 Collecting asgiref>=3.8.1 (from django->dj.choices)
#7 2.531   Downloading asgiref-3.10.0-py3-none-any.whl.metadata (9.3 kB)
#7 2.568 Collecting sqlparse>=0.3.1 (from django->dj.choices)
#7 2.576   Downloading sqlparse-0.5.3-py3-none-any.whl.metadata (3.9 kB)
#7 2.604 Downloading django-5.2.7-py3-none-any.whl (8.3 MB)
#7 2.940    ━━━━━━━━━━━━━━━━━━━━━━━━━━━━━━━━━━━━━━━━ 8.3/8.3 MB 24.9 MB/s eta 0:00:00
#7 2.948 Downloading six-1.17.0-py2.py3-none-any.whl (11 kB)
#7 2.967 Downloading asgiref-3.10.0-py3-none-any.whl (24 kB)
#7 2.985 Downloading sqlparse-0.5.3-py3-none-any.whl (44 kB)
#7 2.997    ━━━━━━━━━━━━━━━━━━━━━━━━━━━━━━━━━━━━━━━━ 44.4/44.4 kB 3.4 MB/s eta 0:00:00
#7 3.033 Building wheels for collected packages: dj.choices
#7 3.033   Building wheel for dj.choices (setup.py): started
#7 3.207   Building wheel for dj.choices (setup.py): finished with status 'done'
#7 3.207   Created wheel for dj.choices: filename=dj_choices-0.11.0-py3-none-any.whl size=28716 sha256=e18eabf390328ebef7be6872191888a4fc66c570579452340240d9df40c2fd74
#7 3.208   Stored in directory: /root/.cache/pip/wheels/97/38/bd/4ca089ff8ffdead6a07e7af033d36d74a01ab7a37e70797942
#7 3.210 Successfully built dj.choices
#7 3.258 Installing collected packages: sqlparse, six, asgiref, django, dj.choices
#7 4.645 Successfully installed asgiref-3.10.0 dj.choices-0.11.0 django-5.2.7 six-1.17.0 sqlparse-0.5.3
#7 4.645 WARNING: Running pip as the 'root' user can result in broken permissions and conflicting behaviour with the system package manager. It is recommended to use a virtual environment instead: https://pip.pypa.io/warnings/venv
#7 4.739 
#7 4.739 [notice] A new release of pip is available: 24.0 -> 25.3
#7 4.739 [notice] To update, run: pip install --upgrade pip
#7 DONE 5.1s

#8 [4/6] RUN ["pip","install","Django"]
#8 0.470 Requirement already satisfied: Django in /usr/local/lib/python3.11/site-packages (5.2.7)
#8 0.473 Requirement already satisfied: asgiref>=3.8.1 in /usr/local/lib/python3.11/site-packages (from Django) (3.10.0)
#8 0.474 Requirement already satisfied: sqlparse>=0.3.1 in /usr/local/lib/python3.11/site-packages (from Django) (0.5.3)
#8 0.516 WARNING: Running pip as the 'root' user can result in broken permissions and conflicting behaviour with the system package manager. It is recommended to use a virtual environment instead: https://pip.pypa.io/warnings/venv
#8 0.521 
#8 0.521 [notice] A new release of pip is available: 24.0 -> 25.3
#8 0.521 [notice] To update, run: pip install --upgrade pip
#8 DONE 0.6s

#9 [5/6] RUN ["pip","install","django-test"]
#9 0.496 Collecting django-test
#9 0.535   Downloading django-test-0.4030.tar.gz (14 kB)
#9 0.551   Preparing metadata (setup.py): started
#9 0.659   Preparing metadata (setup.py): finished with status 'done'
#9 0.661 Building wheels for collected packages: django-test
#9 0.666   Building wheel for django-test (setup.py): started
#9 0.804   Building wheel for django-test (setup.py): finished with status 'done'
#9 0.804   Created wheel for django-test: filename=django_test-0.4030-py3-none-any.whl size=20059 sha256=97c2e40ba15431345a6f2b72c80c5f24ffc80ca5cdace950b9a984e234d795b5
#9 0.805   Stored in directory: /root/.cache/pip/wheels/32/43/47/2b13af766421220aa069444e648bdae66bc3dbe5e5fbfdc94f
#9 0.806 Successfully built django-test
#9 0.842 Installing collected packages: django-test
#9 0.884 Successfully installed django-test-0.4030
#9 0.884 WARNING: Running pip as the 'root' user can result in broken permissions and conflicting behaviour with the system package manager. It is recommended to use a virtual environment instead: https://pip.pypa.io/warnings/venv
#9 0.889 
#9 0.889 [notice] A new release of pip is available: 24.0 -> 25.3
#9 0.889 [notice] To update, run: pip install --upgrade pip
#9 DONE 1.0s

#10 [6/6] RUN ["pip","install","django-template"]
#10 0.523 ERROR: Could not find a version that satisfies the requirement django-template (from versions: none)
#10 0.523 ERROR: No matching distribution found for django-template
#10 0.529 
#10 0.529 [notice] A new release of pip is available: 24.0 -> 25.3
#10 0.529 [notice] To update, run: pip install --upgrade pip
#10 ERROR: process "pip install django-template" did not complete successfully: exit code: 1
------
 > [6/6] RUN ["pip","install","django-template"]:
0.523 ERROR: Could not find a version that satisfies the requirement django-template (from versions: none)
0.523 ERROR: No matching distribution found for django-template
0.529 
0.529 [notice] A new release of pip is available: 24.0 -> 25.3
0.529 [notice] To update, run: pip install --upgrade pip
------
Dockerfile:6
--------------------
   4 |     RUN ["pip","install","Django"]
   5 |     RUN ["pip","install","django-test"]
   6 | >>> RUN ["pip","install","django-template"]
   7 |     CMD ["python3","/snippet.py"]
   8 |     
--------------------
ERROR: failed to build: failed to solve: process "pip install django-template" did not complete successfully: exit code: 1

View build details: docker-desktop://dashboard/build/default/default/zn8lkqg1rd49z8izxp83gawhv
[2025-10-29 12:06:55] ERROR: Build failed for 1310549
