=== Docker Build Log for 6145546 ===
Started at: Mi 29. Okt 16:20:56 CET 2025

[2025-10-29 16:20:56] START: Building image for 6145546
#0 building with "default" instance using docker driver

#1 [internal] load build definition from Dockerfile
#1 transferring dockerfile: 159B done
#1 DONE 0.0s

#2 [internal] load metadata for docker.io/library/python:3.11
#2 DONE 0.0s

#3 [internal] load .dockerignore
#3 transferring context: 2B done
#3 DONE 0.0s

#4 [internal] load build context
#4 transferring context: 647B 0.0s done
#4 DONE 0.0s

#5 [1/3] FROM docker.io/library/python:3.11
#5 CACHED

#6 [2/3] COPY hard-gists/6145546/snippet.py /snippet.py
#6 DONE 0.1s

#7 [3/3] RUN ["pip","install","be"]
#7 2.262 Collecting be
#7 2.488   Downloading be-0.3.8.tar.gz (515 kB)
#7 2.546      ━━━━━━━━━━━━━━━━━━━━━━━━━━━━━━━━━━━━━━━ 515.1/515.1 kB 9.2 MB/s eta 0:00:00
#7 2.573   Preparing metadata (setup.py): started
#7 2.975   Preparing metadata (setup.py): finished with status 'done'
#7 3.081 Collecting psutil==2.2.1 (from be)
#7 3.091   Downloading psutil-2.2.1.tar.gz (223 kB)
#7 3.112      ━━━━━━━━━━━━━━━━━━━━━━━━━━━━━━━━━━━━━━ 223.7/223.7 kB 11.3 MB/s eta 0:00:00
#7 3.131   Preparing metadata (setup.py): started
#7 3.264   Preparing metadata (setup.py): finished with status 'done'
#7 3.266 Building wheels for collected packages: be, psutil
#7 3.266   Building wheel for be (setup.py): started
#7 3.551   Building wheel for be (setup.py): finished with status 'done'
#7 3.553   Created wheel for be: filename=be-0.3.8-py3-none-any.whl size=575800 sha256=321c27fa9194a57ec5fccc3571eef089a0afd6fcdfafcae2800181e309061e64
#7 3.553   Stored in directory: /root/.cache/pip/wheels/8f/40/dd/38ff6653f7f5d89badf29c8aef58c59cae5a613f1a3a2ba32a
#7 3.557   Building wheel for psutil (setup.py): started
#7 4.051   Building wheel for psutil (setup.py): finished with status 'done'
#7 4.053   Created wheel for psutil: filename=psutil-2.2.1-cp311-cp311-linux_x86_64.whl size=89906 sha256=8e30ca57b35906b3e103c33a5b28ebeea5115ddb7b9fed4ab42d9cf5f47e7657
#7 4.053   Stored in directory: /root/.cache/pip/wheels/3b/6b/e1/dc7955135cdaf67df694f1e786dac87a76e4d8815c24b4705d
#7 4.054 Successfully built be psutil
#7 4.093 Installing collected packages: psutil, be
#7 4.381 Successfully installed be-0.3.8 psutil-2.2.1
#7 4.381 WARNING: Running pip as the 'root' user can result in broken permissions and conflicting behaviour with the system package manager. It is recommended to use a virtual environment instead: https://pip.pypa.io/warnings/venv
#7 4.487 
#7 4.487 [notice] A new release of pip is available: 24.0 -> 25.3
#7 4.487 [notice] To update, run: pip install --upgrade pip
#7 DONE 4.7s

#8 exporting to image
#8 exporting layers
#8 exporting layers 0.2s done
#8 writing image sha256:87a062b847beffd50220fee5210c51e37614593e823837f80d93a8d301633cc3 done
#8 naming to docker.io/library/test-image-6145546 done
#8 DONE 0.2s

View build details: docker-desktop://dashboard/build/default/default/ofwfdawz3qduk9f0mrb3jw25z
[2025-10-29 16:21:01] SUCCESS: Build completed for 6145546
