=== Docker Build Log for 5560796 ===
Started at: Mi 29. Okt 15:45:21 CET 2025

[2025-10-29 15:45:21] START: Building image for 5560796
#0 building with "default" instance using docker driver

#1 [internal] load build definition from Dockerfile
#1 transferring dockerfile: 162B done
#1 DONE 0.0s

#2 [internal] load metadata for docker.io/library/python:3.11
#2 DONE 0.0s

#3 [internal] load .dockerignore
#3 transferring context: 2B done
#3 DONE 0.0s

#4 [internal] load build context
#4 transferring context: 2.06kB 0.0s done
#4 DONE 0.0s

#5 [1/3] FROM docker.io/library/python:3.11
#5 CACHED

#6 [2/3] COPY hard-gists/5560796/snippet.py /snippet.py
#6 DONE 0.1s

#7 [3/3] RUN ["pip","install","smbus"]
#7 1.996 Collecting smbus
#7 2.031   Downloading smbus-1.1.post2.tar.gz (104 kB)
#7 2.059      ━━━━━━━━━━━━━━━━━━━━━━━━━━━━━━━━━━━━━━━ 105.0/105.0 kB 3.8 MB/s eta 0:00:00
#7 2.070   Preparing metadata (setup.py): started
#7 2.477   Preparing metadata (setup.py): finished with status 'done'
#7 2.479 Building wheels for collected packages: smbus
#7 2.480   Building wheel for smbus (setup.py): started
#7 3.125   Building wheel for smbus (setup.py): finished with status 'done'
#7 3.126   Created wheel for smbus: filename=smbus-1.1.post2-cp311-cp311-linux_x86_64.whl size=26387 sha256=1a3566fd634872ed332ef5d5a8784b249ff3cab86d858699b98c9969bf2fb0fd
#7 3.126   Stored in directory: /root/.cache/pip/wheels/75/a3/59/9ccf4cd8246f6b1fcd3711cba64ec43931e99d43ab4310c943
#7 3.130 Successfully built smbus
#7 3.160 Installing collected packages: smbus
#7 3.175 Successfully installed smbus-1.1.post2
#7 3.176 WARNING: Running pip as the 'root' user can result in broken permissions and conflicting behaviour with the system package manager. It is recommended to use a virtual environment instead: https://pip.pypa.io/warnings/venv
#7 3.273 
#7 3.273 [notice] A new release of pip is available: 24.0 -> 25.3
#7 3.273 [notice] To update, run: pip install --upgrade pip
#7 DONE 3.4s

#8 exporting to image
#8 exporting layers 0.1s done
#8 writing image sha256:154dc123a684063cc7eb6f82fb1d4f07699ad0e387eb1e5876cd75fde4ccc6b1 done
#8 naming to docker.io/library/test-image-5560796 done
#8 DONE 0.2s

View build details: docker-desktop://dashboard/build/default/default/qnf548721kgmq1udb8krk50xf
[2025-10-29 15:45:25] SUCCESS: Build completed for 5560796
