=== Docker Build Log for 689f4a38bc6cb9a7adc0 ===
Started at: Mi 29. Okt 16:44:46 CET 2025

[2025-10-29 16:44:46] START: Building image for 689f4a38bc6cb9a7adc0
#0 building with "default" instance using docker driver

#1 [internal] load build definition from Dockerfile
#1 transferring dockerfile: 178B done
#1 DONE 0.0s

#2 [internal] load metadata for docker.io/library/python:3.11
#2 DONE 0.0s

#3 [internal] load .dockerignore
#3 transferring context: 2B done
#3 DONE 0.0s

#4 [internal] load build context
#4 transferring context: 429B 0.0s done
#4 DONE 0.0s

#5 [1/3] FROM docker.io/library/python:3.11
#5 CACHED

#6 [2/3] COPY hard-gists/689f4a38bc6cb9a7adc0/snippet.py /snippet.py
#6 DONE 0.1s

#7 [3/3] RUN ["pip","install","hyhyhy"]
#7 2.339 Collecting hyhyhy
#7 2.376   Downloading hyhyhy-1.1.9.tar.gz (25 kB)
#7 2.396   Preparing metadata (setup.py): started
#7 2.785   Preparing metadata (setup.py): finished with status 'done'
#7 2.839 Collecting rjsmin (from hyhyhy)
#7 2.850   Downloading rjsmin-1.2.5-cp311-cp311-manylinux1_x86_64.whl.metadata (4.6 kB)
#7 2.904 Collecting rcssmin (from hyhyhy)
#7 2.914   Downloading rcssmin-1.2.2-cp311-cp311-manylinux1_x86_64.whl.metadata (4.8 kB)
#7 2.957 Collecting markdown (from hyhyhy)
#7 2.965   Downloading markdown-3.9-py3-none-any.whl.metadata (5.1 kB)
#7 3.005 Collecting jinja2 (from hyhyhy)
#7 3.013   Downloading jinja2-3.1.6-py3-none-any.whl.metadata (2.9 kB)
#7 3.089 Collecting watchdog (from hyhyhy)
#7 3.098   Downloading watchdog-6.0.0-py3-none-manylinux2014_x86_64.whl.metadata (44 kB)
#7 3.116      ━━━━━━━━━━━━━━━━━━━━━━━━━━━━━━━━━━━━━━━━ 44.3/44.3 kB 2.1 MB/s eta 0:00:00
#7 3.142 Collecting docopt (from hyhyhy)
#7 3.151   Downloading docopt-0.6.2.tar.gz (25 kB)
#7 3.166   Preparing metadata (setup.py): started
#7 3.292   Preparing metadata (setup.py): finished with status 'done'
#7 3.362 Collecting MarkupSafe>=2.0 (from jinja2->hyhyhy)
#7 3.373   Downloading markupsafe-3.0.3-cp311-cp311-manylinux2014_x86_64.manylinux_2_17_x86_64.manylinux_2_28_x86_64.whl.metadata (2.7 kB)
#7 3.401 Downloading jinja2-3.1.6-py3-none-any.whl (134 kB)
#7 3.420    ━━━━━━━━━━━━━━━━━━━━━━━━━━━━━━━━━━━━━━━━ 134.9/134.9 kB 7.2 MB/s eta 0:00:00
#7 3.429 Downloading markdown-3.9-py3-none-any.whl (107 kB)
#7 3.443    ━━━━━━━━━━━━━━━━━━━━━━━━━━━━━━━━━━━━━━━━ 107.4/107.4 kB 7.5 MB/s eta 0:00:00
#7 3.453 Downloading rcssmin-1.2.2-cp311-cp311-manylinux1_x86_64.whl (49 kB)
#7 3.465    ━━━━━━━━━━━━━━━━━━━━━━━━━━━━━━━━━━━━━━━━ 49.4/49.4 kB 4.2 MB/s eta 0:00:00
#7 3.474 Downloading rjsmin-1.2.5-cp311-cp311-manylinux1_x86_64.whl (31 kB)
#7 3.491 Downloading watchdog-6.0.0-py3-none-manylinux2014_x86_64.whl (79 kB)
#7 3.503    ━━━━━━━━━━━━━━━━━━━━━━━━━━━━━━━━━━━━━━━━ 79.1/79.1 kB 7.3 MB/s eta 0:00:00
#7 3.511 Downloading markupsafe-3.0.3-cp311-cp311-manylinux2014_x86_64.manylinux_2_17_x86_64.manylinux_2_28_x86_64.whl (22 kB)
#7 3.528 Building wheels for collected packages: hyhyhy, docopt
#7 3.529   Building wheel for hyhyhy (setup.py): started
#7 3.726   Building wheel for hyhyhy (setup.py): finished with status 'done'
#7 3.726   Created wheel for hyhyhy: filename=hyhyhy-1.1.9-py3-none-any.whl size=29412 sha256=8ff73c68657c33cc9d9ef014428c6c0ac102f46b08fce72ec7cdb497afcbedb7
#7 3.726   Stored in directory: /root/.cache/pip/wheels/97/03/21/744b0351204068360c7464af9b51945508b1aab4c21d331842
#7 3.728   Building wheel for docopt (setup.py): started
#7 3.894   Building wheel for docopt (setup.py): finished with status 'done'
#7 3.894   Created wheel for docopt: filename=docopt-0.6.2-py2.py3-none-any.whl size=13781 sha256=025681183a28acd97281802aea028d5c59d442131de15e42099c64e30f1e0069
#7 3.895   Stored in directory: /root/.cache/pip/wheels/1a/b0/8c/4b75c4116c31f83c8f9f047231251e13cc74481cca4a78a9ce
#7 3.897 Successfully built hyhyhy docopt
#7 3.942 Installing collected packages: rjsmin, rcssmin, docopt, watchdog, MarkupSafe, markdown, jinja2, hyhyhy
#7 4.191 Successfully installed MarkupSafe-3.0.3 docopt-0.6.2 hyhyhy-1.1.9 jinja2-3.1.6 markdown-3.9 rcssmin-1.2.2 rjsmin-1.2.5 watchdog-6.0.0
#7 4.191 WARNING: Running pip as the 'root' user can result in broken permissions and conflicting behaviour with the system package manager. It is recommended to use a virtual environment instead: https://pip.pypa.io/warnings/venv
#7 4.286 
#7 4.286 [notice] A new release of pip is available: 24.0 -> 25.3
#7 4.286 [notice] To update, run: pip install --upgrade pip
#7 DONE 4.5s

#8 exporting to image
#8 exporting layers
#8 exporting layers 0.2s done
#8 writing image sha256:cb5637a35bdda4dd2e24e98ca99a6700f0a5448cbd14faf735c24ab6088ec812 done
#8 naming to docker.io/library/test-image-689f4a38bc6cb9a7adc0 done
#8 DONE 0.2s

View build details: docker-desktop://dashboard/build/default/default/s8z3au2f0lj9nmfr9upivwhpd
[2025-10-29 16:44:51] SUCCESS: Build completed for 689f4a38bc6cb9a7adc0
