=== Docker Build Log for 9507070 ===
Started at: Mi 29. Okt 18:27:04 CET 2025

[2025-10-29 18:27:04] START: Building image for 9507070
#0 building with "default" instance using docker driver

#1 [internal] load build definition from Dockerfile
#1 transferring dockerfile: 132B done
#1 DONE 0.0s

#2 [internal] load metadata for docker.io/library/python:3.11
#2 DONE 0.0s

#3 [internal] load .dockerignore
#3 transferring context: 2B done
#3 DONE 0.0s

#4 [internal] load build context
#4 transferring context: 2.86kB 0.0s done
#4 DONE 0.0s

#5 [1/2] FROM docker.io/library/python:3.11
#5 CACHED

#6 [2/2] COPY hard-gists/9507070/snippet.py /snippet.py
#6 DONE 0.1s

#7 exporting to image
#7 exporting layers 0.0s done
#7 writing image sha256:817f1fe6733dfae910368069c8c949ee62f0e3444b8540784bcda4efc0e14cb7 done
#7 naming to docker.io/library/test-image-9507070 done
#7 DONE 0.1s

View build details: docker-desktop://dashboard/build/default/default/p7vaehir3k2pep9jhkevh3vnu
[2025-10-29 18:27:05] SUCCESS: Build completed for 9507070
