=== Docker Build Log for 3129692 ===
Started at: Mi 29. Okt 13:41:36 CET 2025

[2025-10-29 13:41:36] START: Building image for 3129692
#0 building with "default" instance using docker driver

#1 [internal] load build definition from Dockerfile
#1 transferring dockerfile: 229B done
#1 DONE 0.0s

#2 [internal] load metadata for docker.io/library/python:3.11
#2 DONE 0.0s

#3 [internal] load .dockerignore
#3 transferring context: 2B done
#3 DONE 0.0s

#4 [internal] load build context
#4 transferring context: 5.05kB 0.0s done
#4 DONE 0.0s

#5 [1/5] FROM docker.io/library/python:3.11
#5 CACHED

#6 [2/5] COPY hard-gists/3129692/snippet.py /snippet.py
#6 DONE 0.1s

#7 [3/5] RUN ["pip","install","numpy"]
#7 2.031 Collecting numpy
#7 2.066   Downloading numpy-2.3.4-cp311-cp311-manylinux_2_27_x86_64.manylinux_2_28_x86_64.whl.metadata (62 kB)
#7 2.098      ━━━━━━━━━━━━━━━━━━━━━━━━━━━━━━━━━━━━━━━━ 62.1/62.1 kB 1.8 MB/s eta 0:00:00
#7 2.124 Downloading numpy-2.3.4-cp311-cp311-manylinux_2_27_x86_64.manylinux_2_28_x86_64.whl (16.9 MB)
#7 2.765    ━━━━━━━━━━━━━━━━━━━━━━━━━━━━━━━━━━━━━━━━ 16.9/16.9 MB 24.3 MB/s eta 0:00:00
#7 2.839 Installing collected packages: numpy
#7 4.202 Successfully installed numpy-2.3.4
#7 4.202 WARNING: Running pip as the 'root' user can result in broken permissions and conflicting behaviour with the system package manager. It is recommended to use a virtual environment instead: https://pip.pypa.io/warnings/venv
#7 4.294 
#7 4.294 [notice] A new release of pip is available: 24.0 -> 25.3
#7 4.294 [notice] To update, run: pip install --upgrade pip
#7 DONE 4.8s

#8 [4/5] RUN ["pip","install","matplotlib"]
#8 0.635 Collecting matplotlib
#8 0.672   Downloading matplotlib-3.10.7-cp311-cp311-manylinux2014_x86_64.manylinux_2_17_x86_64.whl.metadata (11 kB)
#8 0.765 Collecting contourpy>=1.0.1 (from matplotlib)
#8 0.774   Downloading contourpy-1.3.3-cp311-cp311-manylinux_2_27_x86_64.manylinux_2_28_x86_64.whl.metadata (5.5 kB)
#8 0.812 Collecting cycler>=0.10 (from matplotlib)
#8 0.820   Downloading cycler-0.12.1-py3-none-any.whl.metadata (3.8 kB)
#8 1.022 Collecting fonttools>=4.22.0 (from matplotlib)
#8 1.030   Downloading fonttools-4.60.1-cp311-cp311-manylinux2014_x86_64.manylinux_2_17_x86_64.whl.metadata (112 kB)
#8 1.061      ━━━━━━━━━━━━━━━━━━━━━━━━━━━━━━━━━━━━━━━ 112.3/112.3 kB 3.5 MB/s eta 0:00:00
#8 1.134 Collecting kiwisolver>=1.3.1 (from matplotlib)
#8 1.142   Downloading kiwisolver-1.4.9-cp311-cp311-manylinux2014_x86_64.manylinux_2_17_x86_64.whl.metadata (6.3 kB)
#8 1.157 Requirement already satisfied: numpy>=1.23 in /usr/local/lib/python3.11/site-packages (from matplotlib) (2.3.4)
#8 1.208 Collecting packaging>=20.0 (from matplotlib)
#8 1.216   Downloading packaging-25.0-py3-none-any.whl.metadata (3.3 kB)
#8 1.396 Collecting pillow>=8 (from matplotlib)
#8 1.405   Downloading pillow-12.0.0-cp311-cp311-manylinux_2_27_x86_64.manylinux_2_28_x86_64.whl.metadata (8.8 kB)
#8 1.462 Collecting pyparsing>=3 (from matplotlib)
#8 1.470   Downloading pyparsing-3.2.5-py3-none-any.whl.metadata (5.0 kB)
#8 1.509 Collecting python-dateutil>=2.7 (from matplotlib)
#8 1.517   Downloading python_dateutil-2.9.0.post0-py2.py3-none-any.whl.metadata (8.4 kB)
#8 1.609 Collecting six>=1.5 (from python-dateutil>=2.7->matplotlib)
#8 1.618   Downloading six-1.17.0-py2.py3-none-any.whl.metadata (1.7 kB)
#8 1.651 Downloading matplotlib-3.10.7-cp311-cp311-manylinux2014_x86_64.manylinux_2_17_x86_64.whl (8.7 MB)
#8 1.998    ━━━━━━━━━━━━━━━━━━━━━━━━━━━━━━━━━━━━━━━━ 8.7/8.7 MB 25.2 MB/s eta 0:00:00
#8 2.008 Downloading contourpy-1.3.3-cp311-cp311-manylinux_2_27_x86_64.manylinux_2_28_x86_64.whl (355 kB)
#8 2.178    ━━━━━━━━━━━━━━━━━━━━━━━━━━━━━━━━━━━━━━━━ 355.2/355.2 kB 2.0 MB/s eta 0:00:00
#8 2.186 Downloading cycler-0.12.1-py3-none-any.whl (8.3 kB)
#8 2.207 Downloading fonttools-4.60.1-cp311-cp311-manylinux2014_x86_64.manylinux_2_17_x86_64.whl (5.0 MB)
#8 2.389    ━━━━━━━━━━━━━━━━━━━━━━━━━━━━━━━━━━━━━━━━ 5.0/5.0 MB 27.6 MB/s eta 0:00:00
#8 2.399 Downloading kiwisolver-1.4.9-cp311-cp311-manylinux2014_x86_64.manylinux_2_17_x86_64.whl (1.4 MB)
#8 2.455    ━━━━━━━━━━━━━━━━━━━━━━━━━━━━━━━━━━━━━━━━ 1.4/1.4 MB 26.1 MB/s eta 0:00:00
#8 2.464 Downloading packaging-25.0-py3-none-any.whl (66 kB)
#8 2.476    ━━━━━━━━━━━━━━━━━━━━━━━━━━━━━━━━━━━━━━━━ 66.5/66.5 kB 5.6 MB/s eta 0:00:00
#8 2.485 Downloading pillow-12.0.0-cp311-cp311-manylinux_2_27_x86_64.manylinux_2_28_x86_64.whl (7.0 MB)
#8 2.751    ━━━━━━━━━━━━━━━━━━━━━━━━━━━━━━━━━━━━━━━━ 7.0/7.0 MB 26.5 MB/s eta 0:00:00
#8 2.760 Downloading pyparsing-3.2.5-py3-none-any.whl (113 kB)
#8 2.773    ━━━━━━━━━━━━━━━━━━━━━━━━━━━━━━━━━━━━━━━━ 113.9/113.9 kB 8.9 MB/s eta 0:00:00
#8 2.781 Downloading python_dateutil-2.9.0.post0-py2.py3-none-any.whl (229 kB)
#8 2.799    ━━━━━━━━━━━━━━━━━━━━━━━━━━━━━━━━━━━━━━━━ 229.9/229.9 kB 14.3 MB/s eta 0:00:00
#8 2.807 Downloading six-1.17.0-py2.py3-none-any.whl (11 kB)
#8 2.978 Installing collected packages: six, pyparsing, pillow, packaging, kiwisolver, fonttools, cycler, contourpy, python-dateutil, matplotlib
#8 4.981 Successfully installed contourpy-1.3.3 cycler-0.12.1 fonttools-4.60.1 kiwisolver-1.4.9 matplotlib-3.10.7 packaging-25.0 pillow-12.0.0 pyparsing-3.2.5 python-dateutil-2.9.0.post0 six-1.17.0
#8 4.981 WARNING: Running pip as the 'root' user can result in broken permissions and conflicting behaviour with the system package manager. It is recommended to use a virtual environment instead: https://pip.pypa.io/warnings/venv
#8 4.987 
#8 4.987 [notice] A new release of pip is available: 24.0 -> 25.3
#8 4.987 [notice] To update, run: pip install --upgrade pip
#8 DONE 5.8s

#9 [5/5] RUN ["pip","install","scipy"]
#9 0.606 Collecting scipy
#9 0.650   Downloading scipy-1.16.3-cp311-cp311-manylinux2014_x86_64.manylinux_2_17_x86_64.whl.metadata (62 kB)
#9 0.675      ━━━━━━━━━━━━━━━━━━━━━━━━━━━━━━━━━━━━━━━━ 62.0/62.0 kB 2.2 MB/s eta 0:00:00
#9 0.703 Requirement already satisfied: numpy<2.6,>=1.25.2 in /usr/local/lib/python3.11/site-packages (from scipy) (2.3.4)
#9 0.716 Downloading scipy-1.16.3-cp311-cp311-manylinux2014_x86_64.manylinux_2_17_x86_64.whl (35.9 MB)
#9 2.138    ━━━━━━━━━━━━━━━━━━━━━━━━━━━━━━━━━━━━━━━━ 35.9/35.9 MB 16.6 MB/s eta 0:00:00
#9 2.328 Installing collected packages: scipy
#9 4.975 Successfully installed scipy-1.16.3
#9 4.976 WARNING: Running pip as the 'root' user can result in broken permissions and conflicting behaviour with the system package manager. It is recommended to use a virtual environment instead: https://pip.pypa.io/warnings/venv
#9 4.981 
#9 4.981 [notice] A new release of pip is available: 24.0 -> 25.3
#9 4.981 [notice] To update, run: pip install --upgrade pip
#9 DONE 5.7s

#10 exporting to image
#10 exporting layers
#10 exporting layers 0.7s done
#10 writing image sha256:c184e64cb828ef0a30b7222206ee01b73faacffd5b4fab823879ffb42c252e2f done
#10 naming to docker.io/library/test-image-3129692 done
#10 DONE 0.7s

View build details: docker-desktop://dashboard/build/default/default/2jx4l5vj0nofuasl30st76sph
[2025-10-29 13:41:54] SUCCESS: Build completed for 3129692
