=== Docker Build Log for 77d02d8f2f09e27de08b ===
Started at: Mi 29. Okt 17:18:05 CET 2025

[2025-10-29 17:18:05] START: Building image for 77d02d8f2f09e27de08b
#0 building with "default" instance using docker driver

#1 [internal] load build definition from Dockerfile
#1 transferring dockerfile: 145B done
#1 DONE 0.0s

#2 [internal] load metadata for docker.io/library/python:3.11
#2 DONE 0.0s

#3 [internal] load .dockerignore
#3 transferring context: 2B done
#3 DONE 0.0s

#4 [internal] load build context
#4 transferring context: 5.10kB 0.0s done
#4 DONE 0.0s

#5 [1/2] FROM docker.io/library/python:3.11
#5 CACHED

#6 [2/2] COPY hard-gists/77d02d8f2f09e27de08b/snippet.py /snippet.py
#6 DONE 0.1s

#7 exporting to image
#7 exporting layers 0.1s done
#7 writing image sha256:45970982a9cf666f8d00ed9a091543578a808dd8bc102406f2db59aaf6e91668 done
#7 naming to docker.io/library/test-image-77d02d8f2f09e27de08b 0.0s done
#7 DONE 0.1s

View build details: docker-desktop://dashboard/build/default/default/2asyzwgox22c6a1gi3uugi33k
[2025-10-29 17:18:05] SUCCESS: Build completed for 77d02d8f2f09e27de08b
