=== Docker Build Log for 824628 ===
Started at: Mi 29. Okt 17:41:31 CET 2025

[2025-10-29 17:41:31] START: Building image for 824628
#0 building with "default" instance using docker driver

#1 [internal] load build definition from Dockerfile
#1 transferring dockerfile: 131B done
#1 DONE 0.0s

#2 [internal] load metadata for docker.io/library/python:3.11
#2 DONE 0.0s

#3 [internal] load .dockerignore
#3 transferring context: 2B done
#3 DONE 0.0s

#4 [internal] load build context
#4 transferring context: 3.38kB 0.0s done
#4 DONE 0.0s

#5 [1/2] FROM docker.io/library/python:3.11
#5 CACHED

#6 [2/2] COPY hard-gists/824628/snippet.py /snippet.py
#6 DONE 0.1s

#7 exporting to image
#7 exporting layers 0.1s done
#7 writing image sha256:b421c4ceb03f8e0af73315260904b06602184c41496c8e139e5ad6cd5676e8e4 done
#7 naming to docker.io/library/test-image-824628 done
#7 DONE 0.1s

View build details: docker-desktop://dashboard/build/default/default/sbhpp6owndjjm0cppl002stze
[2025-10-29 17:41:32] SUCCESS: Build completed for 824628
