=== Docker Build Log for 6194556 ===
Started at: Mi 29. Okt 16:24:09 CET 2025

[2025-10-29 16:24:09] START: Building image for 6194556
#0 building with "default" instance using docker driver

#1 [internal] load build definition from Dockerfile
#1 transferring dockerfile: 132B done
#1 DONE 0.0s

#2 [internal] load metadata for docker.io/library/python:3.11
#2 DONE 0.0s

#3 [internal] load .dockerignore
#3 transferring context: 2B done
#3 DONE 0.0s

#4 [internal] load build context
#4 transferring context: 1.44kB 0.0s done
#4 DONE 0.0s

#5 [1/2] FROM docker.io/library/python:3.11
#5 CACHED

#6 [2/2] COPY hard-gists/6194556/snippet.py /snippet.py
#6 DONE 0.1s

#7 exporting to image
#7 exporting layers 0.0s done
#7 writing image sha256:5086cef1299149216b6df332c6d93ffad1a77847fa29df2a8331fc6cad247b8e done
#7 naming to docker.io/library/test-image-6194556 done
#7 DONE 0.1s

View build details: docker-desktop://dashboard/build/default/default/42cffwxx9hp5c5urfk71i06ra
[2025-10-29 16:24:09] SUCCESS: Build completed for 6194556
