=== Docker Build Log for 2859545 ===
Started at: Mi 29. Okt 13:18:20 CET 2025

[2025-10-29 13:18:20] START: Building image for 2859545
#0 building with "default" instance using docker driver

#1 [internal] load build definition from Dockerfile
#1 transferring dockerfile: 132B done
#1 DONE 0.0s

#2 [internal] load metadata for docker.io/library/python:3.11
#2 DONE 0.0s

#3 [internal] load .dockerignore
#3 transferring context: 2B done
#3 DONE 0.0s

#4 [internal] load build context
#4 transferring context: 4.13kB 0.0s done
#4 DONE 0.0s

#5 [1/2] FROM docker.io/library/python:3.11
#5 CACHED

#6 [2/2] COPY hard-gists/2859545/snippet.py /snippet.py
#6 DONE 0.1s

#7 exporting to image
#7 exporting layers 0.0s done
#7 writing image sha256:a8e4dcd1998562316a2e2e157a416f464dee25778704be920613a7db7b95ef32 done
#7 naming to docker.io/library/test-image-2859545 done
#7 DONE 0.1s

View build details: docker-desktop://dashboard/build/default/default/tyze9y480qfw2bm09fedj4h5c
[2025-10-29 13:18:20] SUCCESS: Build completed for 2859545
