=== Docker Build Log for 2310005 ===
Started at: Mi 29. Okt 13:02:14 CET 2025

[2025-10-29 13:02:14] START: Building image for 2310005
#0 building with "default" instance using docker driver

#1 [internal] load build definition from Dockerfile
#1 transferring dockerfile: 132B done
#1 DONE 0.0s

#2 [internal] load metadata for docker.io/library/python:3.11
#2 DONE 0.0s

#3 [internal] load .dockerignore
#3 transferring context: 2B done
#3 DONE 0.0s

#4 [internal] load build context
#4 transferring context: 1.55kB 0.0s done
#4 DONE 0.0s

#5 [1/2] FROM docker.io/library/python:3.11
#5 CACHED

#6 [2/2] COPY hard-gists/2310005/snippet.py /snippet.py
#6 DONE 0.1s

#7 exporting to image
#7 exporting layers 0.1s done
#7 writing image sha256:64f9790a95c9dd03a5229436d3a9d6d7cfcdaeea72a110a57640f9e9d447632a done
#7 naming to docker.io/library/test-image-2310005 done
#7 DONE 0.1s

View build details: docker-desktop://dashboard/build/default/default/xfoto5s49swovs5mwmxl75wgw
[2025-10-29 13:02:15] SUCCESS: Build completed for 2310005
