=== Docker Build Log for 6576933 ===
Started at: Mi 29. Okt 16:37:46 CET 2025

[2025-10-29 16:37:46] START: Building image for 6576933
#0 building with "default" instance using docker driver

#1 [internal] load build definition from Dockerfile
#1 transferring dockerfile: 170B done
#1 DONE 0.0s

#2 [internal] load metadata for docker.io/library/python:3.11
#2 DONE 0.0s

#3 [internal] load .dockerignore
#3 transferring context: 2B done
#3 DONE 0.0s

#4 [internal] load build context
#4 transferring context: 3.43kB 0.0s done
#4 DONE 0.0s

#5 [1/3] FROM docker.io/library/python:3.11
#5 CACHED

#6 [2/3] COPY hard-gists/6576933/snippet.py /snippet.py
#6 DONE 0.1s

#7 [3/3] RUN ["pip","install","django-text"]
#7 2.282 Collecting django-text
#7 2.573   Downloading django_text-1.7.6-py2.py3-none-any.whl.metadata (7.1 kB)
#7 2.711 Collecting Django>=1.8 (from django-text)
#7 2.721   Downloading django-5.2.7-py3-none-any.whl.metadata (4.1 kB)
#7 2.767 Collecting Markdown>=2.6 (from django-text)
#7 2.774   Downloading markdown-3.9-py3-none-any.whl.metadata (5.1 kB)
#7 2.823 Collecting asgiref>=3.8.1 (from Django>=1.8->django-text)
#7 2.832   Downloading asgiref-3.10.0-py3-none-any.whl.metadata (9.3 kB)
#7 2.871 Collecting sqlparse>=0.3.1 (from Django>=1.8->django-text)
#7 2.881   Downloading sqlparse-0.5.3-py3-none-any.whl.metadata (3.9 kB)
#7 3.014 Downloading django_text-1.7.6-py2.py3-none-any.whl (75 kB)
#7 3.038    ━━━━━━━━━━━━━━━━━━━━━━━━━━━━━━━━━━━━━━━━ 75.2/75.2 kB 3.0 MB/s eta 0:00:00
#7 3.049 Downloading django-5.2.7-py3-none-any.whl (8.3 MB)
#7 3.364    ━━━━━━━━━━━━━━━━━━━━━━━━━━━━━━━━━━━━━━━━ 8.3/8.3 MB 26.5 MB/s eta 0:00:00
#7 3.373 Downloading markdown-3.9-py3-none-any.whl (107 kB)
#7 3.386    ━━━━━━━━━━━━━━━━━━━━━━━━━━━━━━━━━━━━━━━━ 107.4/107.4 kB 8.5 MB/s eta 0:00:00
#7 3.396 Downloading asgiref-3.10.0-py3-none-any.whl (24 kB)
#7 3.412 Downloading sqlparse-0.5.3-py3-none-any.whl (44 kB)
#7 3.423    ━━━━━━━━━━━━━━━━━━━━━━━━━━━━━━━━━━━━━━━━ 44.4/44.4 kB 3.6 MB/s eta 0:00:00
#7 3.512 Installing collected packages: sqlparse, Markdown, asgiref, Django, django-text
#7 5.034 Successfully installed Django-5.2.7 Markdown-3.9 asgiref-3.10.0 django-text-1.7.6 sqlparse-0.5.3
#7 5.034 WARNING: Running pip as the 'root' user can result in broken permissions and conflicting behaviour with the system package manager. It is recommended to use a virtual environment instead: https://pip.pypa.io/warnings/venv
#7 5.127 
#7 5.127 [notice] A new release of pip is available: 24.0 -> 25.3
#7 5.127 [notice] To update, run: pip install --upgrade pip
#7 DONE 5.5s

#8 exporting to image
#8 exporting layers
#8 exporting layers 0.5s done
#8 writing image sha256:5861d73a8fca755dc671c6d0eb8564048d8c507375c21666fb07bc4f98267d86 done
#8 naming to docker.io/library/test-image-6576933 0.0s done
#8 DONE 0.6s

View build details: docker-desktop://dashboard/build/default/default/2kt5e39l3oo6fhnd80k7kienn
[2025-10-29 16:37:53] SUCCESS: Build completed for 6576933
