=== Docker Build Log for 6453947 ===
Started at: Mi 29. Okt 16:31:20 CET 2025

[2025-10-29 16:31:20] START: Building image for 6453947
#0 building with "default" instance using docker driver

#1 [internal] load build definition from Dockerfile
#1 transferring dockerfile: 316B done
#1 DONE 0.0s

#2 [internal] load metadata for docker.io/library/python:3.11
#2 DONE 0.0s

#3 [internal] load .dockerignore
#3 transferring context: 2B done
#3 DONE 0.0s

#4 [internal] load build context
#4 transferring context: 7.69kB 0.0s done
#4 DONE 0.0s

#5 [1/8] FROM docker.io/library/python:3.11
#5 CACHED

#6 [2/8] COPY hard-gists/6453947/snippet.py /snippet.py
#6 DONE 0.1s

#7 [3/8] RUN ["pip","install","mathutils"]
#7 2.220 Collecting mathutils
#7 2.259   Downloading mathutils-3.3.0.tar.gz (245 kB)
#7 2.301      ━━━━━━━━━━━━━━━━━━━━━━━━━━━━━━━━━━━━━━━ 245.4/245.4 kB 6.0 MB/s eta 0:00:00
#7 2.321   Preparing metadata (setup.py): started
#7 2.734   Preparing metadata (setup.py): finished with status 'done'
#7 2.736 Building wheels for collected packages: mathutils
#7 2.736   Building wheel for mathutils (setup.py): started
#7 11.82   Building wheel for mathutils (setup.py): finished with status 'done'
#7 11.82   Created wheel for mathutils: filename=mathutils-3.3.0-cp311-cp311-linux_x86_64.whl size=714344 sha256=2d1f6af10b66b2104db49b76707384e4b3ae46b8740b482262dfe5d847d2c28b
#7 11.82   Stored in directory: /root/.cache/pip/wheels/49/bb/9e/86bd4d162535e81c0f80c64918acf23d920ed0123430d5b4a0
#7 11.82 Successfully built mathutils
#7 11.86 Installing collected packages: mathutils
#7 11.88 Successfully installed mathutils-3.3.0
#7 11.89 WARNING: Running pip as the 'root' user can result in broken permissions and conflicting behaviour with the system package manager. It is recommended to use a virtual environment instead: https://pip.pypa.io/warnings/venv
#7 11.99 
#7 11.99 [notice] A new release of pip is available: 24.0 -> 25.3
#7 11.99 [notice] To update, run: pip install --upgrade pip
#7 DONE 12.2s

#8 [4/8] RUN ["pip","install","six"]
#8 0.567 Collecting six
#8 0.601   Downloading six-1.17.0-py2.py3-none-any.whl.metadata (1.7 kB)
#8 0.621 Downloading six-1.17.0-py2.py3-none-any.whl (11 kB)
#8 0.670 Installing collected packages: six
#8 0.710 Successfully installed six-1.17.0
#8 0.710 WARNING: Running pip as the 'root' user can result in broken permissions and conflicting behaviour with the system package manager. It is recommended to use a virtual environment instead: https://pip.pypa.io/warnings/venv
#8 0.716 
#8 0.716 [notice] A new release of pip is available: 24.0 -> 25.3
#8 0.716 [notice] To update, run: pip install --upgrade pip
#8 DONE 0.8s

#9 [5/8] RUN ["pip","install","pytest"]
#9 0.645 Collecting pytest
#9 0.682   Downloading pytest-8.4.2-py3-none-any.whl.metadata (7.7 kB)
#9 0.725 Collecting iniconfig>=1 (from pytest)
#9 0.733   Downloading iniconfig-2.3.0-py3-none-any.whl.metadata (2.5 kB)
#9 0.790 Collecting packaging>=20 (from pytest)
#9 0.798   Downloading packaging-25.0-py3-none-any.whl.metadata (3.3 kB)
#9 0.839 Collecting pluggy<2,>=1.5 (from pytest)
#9 0.849   Downloading pluggy-1.6.0-py3-none-any.whl.metadata (4.8 kB)
#9 0.898 Collecting pygments>=2.7.2 (from pytest)
#9 0.905   Downloading pygments-2.19.2-py3-none-any.whl.metadata (2.5 kB)
#9 0.935 Downloading pytest-8.4.2-py3-none-any.whl (365 kB)
#9 0.974    ━━━━━━━━━━━━━━━━━━━━━━━━━━━━━━━━━━━━━━━━ 365.8/365.8 kB 9.7 MB/s eta 0:00:00
#9 0.982 Downloading iniconfig-2.3.0-py3-none-any.whl (7.5 kB)
#9 0.998 Downloading packaging-25.0-py3-none-any.whl (66 kB)
#9 1.009    ━━━━━━━━━━━━━━━━━━━━━━━━━━━━━━━━━━━━━━━━ 66.5/66.5 kB 6.1 MB/s eta 0:00:00
#9 1.017 Downloading pluggy-1.6.0-py3-none-any.whl (20 kB)
#9 1.035 Downloading pygments-2.19.2-py3-none-any.whl (1.2 MB)
#9 1.087    ━━━━━━━━━━━━━━━━━━━━━━━━━━━━━━━━━━━━━━━━ 1.2/1.2 MB 23.8 MB/s eta 0:00:00
#9 1.148 Installing collected packages: pygments, pluggy, packaging, iniconfig, pytest
#9 1.987 Successfully installed iniconfig-2.3.0 packaging-25.0 pluggy-1.6.0 pygments-2.19.2 pytest-8.4.2
#9 1.987 WARNING: Running pip as the 'root' user can result in broken permissions and conflicting behaviour with the system package manager. It is recommended to use a virtual environment instead: https://pip.pypa.io/warnings/venv
#9 1.993 
#9 1.993 [notice] A new release of pip is available: 24.0 -> 25.3
#9 1.993 [notice] To update, run: pip install --upgrade pip
#9 DONE 2.2s

#10 [6/8] RUN ["pip","install","py"]
#10 0.590 Collecting py
#10 0.627   Downloading py-1.11.0-py2.py3-none-any.whl.metadata (2.8 kB)
#10 0.651 Downloading py-1.11.0-py2.py3-none-any.whl (98 kB)
#10 0.684    ━━━━━━━━━━━━━━━━━━━━━━━━━━━━━━━━━━━━━━━━ 98.7/98.7 kB 2.9 MB/s eta 0:00:00
#10 0.735 Installing collected packages: py
#10 0.823 Successfully installed py-1.11.0
#10 0.823 WARNING: Running pip as the 'root' user can result in broken permissions and conflicting behaviour with the system package manager. It is recommended to use a virtual environment instead: https://pip.pypa.io/warnings/venv
#10 0.828 
#10 0.828 [notice] A new release of pip is available: 24.0 -> 25.3
#10 0.828 [notice] To update, run: pip install --upgrade pip
#10 DONE 0.9s

#11 [7/8] RUN ["pip","install","bpy"]
#11 0.593 Collecting bpy
#11 0.630   Downloading bpy-4.5.4-cp311-cp311-manylinux_2_28_x86_64.whl.metadata (2.0 kB)
#11 0.916 Collecting cython (from bpy)
#11 0.925   Downloading cython-3.1.6-cp311-cp311-manylinux2014_x86_64.manylinux_2_17_x86_64.manylinux_2_28_x86_64.whl.metadata (4.0 kB)
#11 1.156 Collecting numpy<2.0,>=1.26 (from bpy)
#11 1.166   Downloading numpy-1.26.4-cp311-cp311-manylinux_2_17_x86_64.manylinux2014_x86_64.whl.metadata (61 kB)
#11 1.200      ━━━━━━━━━━━━━━━━━━━━━━━━━━━━━━━━━━━━━━━━ 61.0/61.0 kB 1.8 MB/s eta 0:00:00
#11 1.254 Collecting requests (from bpy)
#11 1.262   Downloading requests-2.32.5-py3-none-any.whl.metadata (4.9 kB)
#11 1.379 Collecting zstandard (from bpy)
#11 1.387   Downloading zstandard-0.25.0-cp311-cp311-manylinux2014_x86_64.manylinux_2_17_x86_64.whl.metadata (3.3 kB)
#11 1.510 Collecting charset_normalizer<4,>=2 (from requests->bpy)
#11 1.519   Downloading charset_normalizer-3.4.4-cp311-cp311-manylinux2014_x86_64.manylinux_2_17_x86_64.manylinux_2_28_x86_64.whl.metadata (37 kB)
#11 1.560 Collecting idna<4,>=2.5 (from requests->bpy)
#11 1.570   Downloading idna-3.11-py3-none-any.whl.metadata (8.4 kB)
#11 1.634 Collecting urllib3<3,>=1.21.1 (from requests->bpy)
#11 1.645   Downloading urllib3-2.5.0-py3-none-any.whl.metadata (6.5 kB)
#11 1.695 Collecting certifi>=2017.4.17 (from requests->bpy)
#11 1.705   Downloading certifi-2025.10.5-py3-none-any.whl.metadata (2.5 kB)
#11 1.739 Downloading bpy-4.5.4-cp311-cp311-manylinux_2_28_x86_64.whl (373.0 MB)
#11 18.66    ━━━━━━━━━━━━━━━━━━━━━━━━━━━━━━━━━━━━━━━━ 373.0/373.0 MB 2.0 MB/s eta 0:00:00
#11 18.67 Downloading numpy-1.26.4-cp311-cp311-manylinux_2_17_x86_64.manylinux2014_x86_64.whl (18.3 MB)
#11 19.40    ━━━━━━━━━━━━━━━━━━━━━━━━━━━━━━━━━━━━━━━━ 18.3/18.3 MB 21.5 MB/s eta 0:00:00
#11 19.41 Downloading cython-3.1.6-cp311-cp311-manylinux2014_x86_64.manylinux_2_17_x86_64.manylinux_2_28_x86_64.whl (3.3 MB)
#11 19.55    ━━━━━━━━━━━━━━━━━━━━━━━━━━━━━━━━━━━━━━━━ 3.3/3.3 MB 24.2 MB/s eta 0:00:00
#11 19.56 Downloading requests-2.32.5-py3-none-any.whl (64 kB)
#11 19.58    ━━━━━━━━━━━━━━━━━━━━━━━━━━━━━━━━━━━━━━━━ 64.7/64.7 kB 2.6 MB/s eta 0:00:00
#11 19.59 Downloading zstandard-0.25.0-cp311-cp311-manylinux2014_x86_64.manylinux_2_17_x86_64.whl (5.6 MB)
#11 19.80    ━━━━━━━━━━━━━━━━━━━━━━━━━━━━━━━━━━━━━━━━ 5.6/5.6 MB 26.6 MB/s eta 0:00:00
#11 19.81 Downloading certifi-2025.10.5-py3-none-any.whl (163 kB)
#11 19.83    ━━━━━━━━━━━━━━━━━━━━━━━━━━━━━━━━━━━━━━━━ 163.3/163.3 kB 11.0 MB/s eta 0:00:00
#11 19.85 Downloading charset_normalizer-3.4.4-cp311-cp311-manylinux2014_x86_64.manylinux_2_17_x86_64.manylinux_2_28_x86_64.whl (151 kB)
#11 19.87    ━━━━━━━━━━━━━━━━━━━━━━━━━━━━━━━━━━━━━━━━ 151.6/151.6 kB 5.4 MB/s eta 0:00:00
#11 19.88 Downloading idna-3.11-py3-none-any.whl (71 kB)
#11 19.90    ━━━━━━━━━━━━━━━━━━━━━━━━━━━━━━━━━━━━━━━━ 71.0/71.0 kB 4.3 MB/s eta 0:00:00
#11 19.91 Downloading urllib3-2.5.0-py3-none-any.whl (129 kB)
#11 19.92    ━━━━━━━━━━━━━━━━━━━━━━━━━━━━━━━━━━━━━━━━ 129.8/129.8 kB 10.0 MB/s eta 0:00:00
#11 20.93 Installing collected packages: zstandard, urllib3, numpy, idna, cython, charset_normalizer, certifi, requests, bpy
#11 27.34 Successfully installed bpy-4.5.4 certifi-2025.10.5 charset_normalizer-3.4.4 cython-3.1.6 idna-3.11 numpy-1.26.4 requests-2.32.5 urllib3-2.5.0 zstandard-0.25.0
#11 27.34 WARNING: Running pip as the 'root' user can result in broken permissions and conflicting behaviour with the system package manager. It is recommended to use a virtual environment instead: https://pip.pypa.io/warnings/venv
#11 27.34 
#11 27.34 [notice] A new release of pip is available: 24.0 -> 25.3
#11 27.34 [notice] To update, run: pip install --upgrade pip
#11 DONE 34.6s

#12 [8/8] RUN ["pip","install","pyperclip"]
#12 0.556 Collecting pyperclip
#12 0.593   Downloading pyperclip-1.11.0-py3-none-any.whl.metadata (2.4 kB)
#12 0.618 Downloading pyperclip-1.11.0-py3-none-any.whl (11 kB)
#12 0.699 Installing collected packages: pyperclip
#12 0.736 Successfully installed pyperclip-1.11.0
#12 0.736 WARNING: Running pip as the 'root' user can result in broken permissions and conflicting behaviour with the system package manager. It is recommended to use a virtual environment instead: https://pip.pypa.io/warnings/venv
#12 0.741 
#12 0.741 [notice] A new release of pip is available: 24.0 -> 25.3
#12 0.741 [notice] To update, run: pip install --upgrade pip
#12 DONE 0.8s

#13 exporting to image
#13 exporting layers
#13 exporting layers 4.0s done
#13 writing image sha256:f3b0797f2dfc0f60ef63b0c7131a6aa2c633d87d12735242fc8f5631a020a366 done
#13 naming to docker.io/library/test-image-6453947 done
#13 DONE 4.1s

View build details: docker-desktop://dashboard/build/default/default/6joughk28anqxk9q5fhdulbl7
[2025-10-29 16:32:16] SUCCESS: Build completed for 6453947
