=== Docker Build Log for 01bf3900d3a02c4e3927b2a2bcf39100 ===
Started at: Mi 29. Okt 11:20:57 CET 2025

[2025-10-29 11:20:57] START: Building image for 01bf3900d3a02c4e3927b2a2bcf39100
#0 building with "default" instance using docker driver

#1 [internal] load build definition from Dockerfile
#1 transferring dockerfile: 157B done
#1 DONE 0.0s

#2 [internal] load metadata for docker.io/library/python:3.11
#2 DONE 0.0s

#3 [internal] load .dockerignore
#3 transferring context: 2B done
#3 DONE 0.0s

#4 [internal] load build context
#4 transferring context: 4.60kB 0.0s done
#4 DONE 0.0s

#5 [1/2] FROM docker.io/library/python:3.11
#5 CACHED

#6 [2/2] COPY hard-gists/01bf3900d3a02c4e3927b2a2bcf39100/snippet.py /snippet.py
#6 DONE 0.1s

#7 exporting to image
#7 exporting layers 0.0s done
#7 writing image sha256:3dfe6d488cde6e2dc8d444b4f3388a42632286d1dfde15dba3b17790360067eb done
#7 naming to docker.io/library/test-image-01bf3900d3a02c4e3927b2a2bcf39100 done
#7 DONE 0.1s

View build details: docker-desktop://dashboard/build/default/default/e8driw03mey7p29av4mp7iyn4
[2025-10-29 11:20:57] SUCCESS: Build completed for 01bf3900d3a02c4e3927b2a2bcf39100
