=== Docker Build Log for 5b4c5ffdcdb5a13e0267 ===
Started at: Mi 29. Okt 16:13:30 CET 2025

[2025-10-29 16:13:30] START: Building image for 5b4c5ffdcdb5a13e0267
#0 building with "default" instance using docker driver

#1 [internal] load build definition from Dockerfile
#1 transferring dockerfile: 206B done
#1 DONE 0.0s

#2 [internal] load metadata for docker.io/library/python:3.11
#2 DONE 0.0s

#3 [internal] load .dockerignore
#3 transferring context: 2B done
#3 DONE 0.0s

#4 [internal] load build context
#4 transferring context: 677B 0.0s done
#4 DONE 0.0s

#5 [1/4] FROM docker.io/library/python:3.11
#5 CACHED

#6 [2/4] COPY hard-gists/5b4c5ffdcdb5a13e0267/snippet.py /snippet.py
#6 DONE 0.1s

#7 [3/4] RUN ["pip","install","slate"]
#7 2.375 Collecting slate
#7 2.512   Downloading slate-0.3.zip (20 kB)
#7 2.530   Preparing metadata (setup.py): started
#7 2.933   Preparing metadata (setup.py): finished with status 'done'
#7 3.122 Collecting distribute (from slate)
#7 3.132   Downloading distribute-0.7.3.zip (145 kB)
#7 3.158      ━━━━━━━━━━━━━━━━━━━━━━━━━━━━━━━━━━━━━━━ 145.4/145.4 kB 5.6 MB/s eta 0:00:00
#7 3.166   Preparing metadata (setup.py): started
#7 3.266   Preparing metadata (setup.py): finished with status 'error'
#7 3.269   error: subprocess-exited-with-error
#7 3.269   
#7 3.269   × python setup.py egg_info did not run successfully.
#7 3.269   │ exit code: 1
#7 3.269   ╰─> [17 lines of output]
#7 3.269       Traceback (most recent call last):
#7 3.269         File "<string>", line 2, in <module>
#7 3.269         File "<pip-setuptools-caller>", line 14, in <module>
#7 3.269         File "/tmp/pip-install-5nb34kwr/distribute_08566a3ab0fa42cdb9dd392666fd7ab9/setuptools/__init__.py", line 2, in <module>
#7 3.269           from setuptools.extension import Extension, Library
#7 3.269         File "/tmp/pip-install-5nb34kwr/distribute_08566a3ab0fa42cdb9dd392666fd7ab9/setuptools/extension.py", line 5, in <module>
#7 3.269           from setuptools.dist import _get_unpatched
#7 3.269         File "/tmp/pip-install-5nb34kwr/distribute_08566a3ab0fa42cdb9dd392666fd7ab9/setuptools/dist.py", line 7, in <module>
#7 3.269           from setuptools.command.install import install
#7 3.269         File "/tmp/pip-install-5nb34kwr/distribute_08566a3ab0fa42cdb9dd392666fd7ab9/setuptools/command/__init__.py", line 8, in <module>
#7 3.269           from setuptools.command import install_scripts
#7 3.269         File "/tmp/pip-install-5nb34kwr/distribute_08566a3ab0fa42cdb9dd392666fd7ab9/setuptools/command/install_scripts.py", line 3, in <module>
#7 3.269           from pkg_resources import Distribution, PathMetadata, ensure_directory
#7 3.269         File "/tmp/pip-install-5nb34kwr/distribute_08566a3ab0fa42cdb9dd392666fd7ab9/pkg_resources.py", line 1518, in <module>
#7 3.269           register_loader_type(importlib_bootstrap.SourceFileLoader, DefaultProvider)
#7 3.269                                ^^^^^^^^^^^^^^^^^^^^^^^^^^^^^^^^^^^^
#7 3.269       AttributeError: module 'importlib._bootstrap' has no attribute 'SourceFileLoader'
#7 3.269       [end of output]
#7 3.269   
#7 3.269   note: This error originates from a subprocess, and is likely not a problem with pip.
#7 3.271 error: metadata-generation-failed
#7 3.271 
#7 3.271 × Encountered error while generating package metadata.
#7 3.271 ╰─> See above for output.
#7 3.271 
#7 3.271 note: This is an issue with the package mentioned above, not pip.
#7 3.271 hint: See above for details.
#7 3.371 
#7 3.371 [notice] A new release of pip is available: 24.0 -> 25.3
#7 3.371 [notice] To update, run: pip install --upgrade pip
#7 ERROR: process "pip install slate" did not complete successfully: exit code: 1
------
 > [3/4] RUN ["pip","install","slate"]:
3.271 error: metadata-generation-failed
3.271 
3.271 × Encountered error while generating package metadata.
3.271 ╰─> See above for output.
3.271 
3.271 note: This is an issue with the package mentioned above, not pip.
3.271 hint: See above for details.
3.371 
3.371 [notice] A new release of pip is available: 24.0 -> 25.3
3.371 [notice] To update, run: pip install --upgrade pip
------
Dockerfile:3
--------------------
   1 |     FROM python:3.11
   2 |     COPY hard-gists/5b4c5ffdcdb5a13e0267/snippet.py /snippet.py
   3 | >>> RUN ["pip","install","slate"]
   4 |     RUN ["pip","install","nltk"]
   5 |     CMD ["python3","/snippet.py"]
--------------------
ERROR: failed to build: failed to solve: process "pip install slate" did not complete successfully: exit code: 1

View build details: docker-desktop://dashboard/build/default/default/825in29yir1nwxmm902lk7dur
[2025-10-29 16:13:34] ERROR: Build failed for 5b4c5ffdcdb5a13e0267
