=== Docker Build Log for 890640 ===
Started at: Mi 29. Okt 18:04:25 CET 2025

[2025-10-29 18:04:25] START: Building image for 890640
#0 building with "default" instance using docker driver

#1 [internal] load build definition from Dockerfile
#1 transferring dockerfile: 131B done
#1 DONE 0.0s

#2 [internal] load metadata for docker.io/library/python:3.11
#2 DONE 0.0s

#3 [internal] load .dockerignore
#3 transferring context: 2B done
#3 DONE 0.0s

#4 [internal] load build context
#4 transferring context: 5.89kB 0.0s done
#4 DONE 0.0s

#5 [1/2] FROM docker.io/library/python:3.11
#5 CACHED

#6 [2/2] COPY hard-gists/890640/snippet.py /snippet.py
#6 DONE 0.1s

#7 exporting to image
#7 exporting layers 0.0s done
#7 writing image sha256:1c09cc3533454bc9e761390689361c7b135610761e3147e7cfdbbc4385f35262 done
#7 naming to docker.io/library/test-image-890640 done
#7 DONE 0.1s

View build details: docker-desktop://dashboard/build/default/default/o3u37rz87plqaea1u5j9pa99x
[2025-10-29 18:04:25] SUCCESS: Build completed for 890640
