=== Docker Build Log for db030013e981c46acb2886060dde607e ===
Started at: Mi 29. Okt 20:30:20 CET 2025

[2025-10-29 20:30:20] START: Building image for db030013e981c46acb2886060dde607e
#0 building with "default" instance using docker driver

#1 [internal] load build definition from Dockerfile
#1 transferring dockerfile: 628B done
#1 DONE 0.0s

#2 [internal] load metadata for docker.io/library/python:3.11
#2 DONE 0.0s

#3 [internal] load .dockerignore
#3 transferring context: 2B done
#3 DONE 0.0s

#4 [ 1/17] FROM docker.io/library/python:3.11
#4 DONE 0.0s

#5 [internal] load build context
#5 transferring context: 2.19kB 0.0s done
#5 DONE 0.0s

#4 [ 1/17] FROM docker.io/library/python:3.11
#4 CACHED

#6 [ 2/17] COPY hard-gists/db030013e981c46acb2886060dde607e/snippet.py /snippet.py
#6 DONE 0.1s

#7 [ 3/17] RUN ["pip","install","affine"]
#7 1.929 Collecting affine
#7 1.963   Downloading affine-2.4.0-py3-none-any.whl.metadata (4.0 kB)
#7 1.989 Downloading affine-2.4.0-py3-none-any.whl (15 kB)
#7 2.034 Installing collected packages: affine
#7 2.054 Successfully installed affine-2.4.0
#7 2.054 WARNING: Running pip as the 'root' user can result in broken permissions and conflicting behaviour with the system package manager. It is recommended to use a virtual environment instead: https://pip.pypa.io/warnings/venv
#7 2.144 
#7 2.144 [notice] A new release of pip is available: 24.0 -> 25.3
#7 2.144 [notice] To update, run: pip install --upgrade pip
#7 DONE 2.3s

#8 [ 4/17] RUN ["pip","install","access-points"]
#8 0.725 Collecting access-points
#8 0.758   Downloading access_points-0.4.73-py2.py3-none-any.whl.metadata (1.5 kB)
#8 0.785 Downloading access_points-0.4.73-py2.py3-none-any.whl (14 kB)
#8 0.832 Installing collected packages: access-points
#8 0.875 Successfully installed access-points-0.4.73
#8 0.876 WARNING: Running pip as the 'root' user can result in broken permissions and conflicting behaviour with the system package manager. It is recommended to use a virtual environment instead: https://pip.pypa.io/warnings/venv
#8 0.881 
#8 0.881 [notice] A new release of pip is available: 24.0 -> 25.3
#8 0.881 [notice] To update, run: pip install --upgrade pip
#8 DONE 1.0s

#9 [ 5/17] RUN ["pip","install","six"]
#9 0.549 Collecting six
#9 0.581   Downloading six-1.17.0-py2.py3-none-any.whl.metadata (1.7 kB)
#9 0.608 Downloading six-1.17.0-py2.py3-none-any.whl (11 kB)
#9 0.663 Installing collected packages: six
#9 0.713 Successfully installed six-1.17.0
#9 0.713 WARNING: Running pip as the 'root' user can result in broken permissions and conflicting behaviour with the system package manager. It is recommended to use a virtual environment instead: https://pip.pypa.io/warnings/venv
#9 0.718 
#9 0.718 [notice] A new release of pip is available: 24.0 -> 25.3
#9 0.718 [notice] To update, run: pip install --upgrade pip
#9 DONE 0.8s

#10 [ 6/17] RUN ["pip","install","pytest"]
#10 0.602 Collecting pytest
#10 0.634   Downloading pytest-8.4.2-py3-none-any.whl.metadata (7.7 kB)
#10 0.679 Collecting iniconfig>=1 (from pytest)
#10 0.687   Downloading iniconfig-2.3.0-py3-none-any.whl.metadata (2.5 kB)
#10 0.735 Collecting packaging>=20 (from pytest)
#10 0.743   Downloading packaging-25.0-py3-none-any.whl.metadata (3.3 kB)
#10 0.785 Collecting pluggy<2,>=1.5 (from pytest)
#10 0.794   Downloading pluggy-1.6.0-py3-none-any.whl.metadata (4.8 kB)
#10 0.840 Collecting pygments>=2.7.2 (from pytest)
#10 0.848   Downloading pygments-2.19.2-py3-none-any.whl.metadata (2.5 kB)
#10 0.878 Downloading pytest-8.4.2-py3-none-any.whl (365 kB)
#10 0.921    ━━━━━━━━━━━━━━━━━━━━━━━━━━━━━━━━━━━━━━━━ 365.8/365.8 kB 8.7 MB/s eta 0:00:00
#10 0.942 Downloading iniconfig-2.3.0-py3-none-any.whl (7.5 kB)
#10 0.959 Downloading packaging-25.0-py3-none-any.whl (66 kB)
#10 0.971    ━━━━━━━━━━━━━━━━━━━━━━━━━━━━━━━━━━━━━━━━ 66.5/66.5 kB 5.7 MB/s eta 0:00:00
#10 0.979 Downloading pluggy-1.6.0-py3-none-any.whl (20 kB)
#10 0.997 Downloading pygments-2.19.2-py3-none-any.whl (1.2 MB)
#10 1.054    ━━━━━━━━━━━━━━━━━━━━━━━━━━━━━━━━━━━━━━━━ 1.2/1.2 MB 21.9 MB/s eta 0:00:00
#10 1.106 Installing collected packages: pygments, pluggy, packaging, iniconfig, pytest
#10 1.830 Successfully installed iniconfig-2.3.0 packaging-25.0 pluggy-1.6.0 pygments-2.19.2 pytest-8.4.2
#10 1.830 WARNING: Running pip as the 'root' user can result in broken permissions and conflicting behaviour with the system package manager. It is recommended to use a virtual environment instead: https://pip.pypa.io/warnings/venv
#10 1.835 
#10 1.835 [notice] A new release of pip is available: 24.0 -> 25.3
#10 1.835 [notice] To update, run: pip install --upgrade pip
#10 DONE 2.0s

#11 [ 7/17] RUN ["pip","install","py"]
#11 0.531 Collecting py
#11 0.570   Downloading py-1.11.0-py2.py3-none-any.whl.metadata (2.8 kB)
#11 0.594 Downloading py-1.11.0-py2.py3-none-any.whl (98 kB)
#11 0.625    ━━━━━━━━━━━━━━━━━━━━━━━━━━━━━━━━━━━━━━━━ 98.7/98.7 kB 3.2 MB/s eta 0:00:00
#11 0.671 Installing collected packages: py
#11 0.750 Successfully installed py-1.11.0
#11 0.750 WARNING: Running pip as the 'root' user can result in broken permissions and conflicting behaviour with the system package manager. It is recommended to use a virtual environment instead: https://pip.pypa.io/warnings/venv
#11 0.755 
#11 0.755 [notice] A new release of pip is available: 24.0 -> 25.3
#11 0.755 [notice] To update, run: pip install --upgrade pip
#11 DONE 0.8s

#12 [ 8/17] RUN ["pip","install","sh"]
#12 0.535 Collecting sh
#12 0.573   Downloading sh-2.2.2-py3-none-any.whl.metadata (3.7 kB)
#12 0.595 Downloading sh-2.2.2-py3-none-any.whl (38 kB)
#12 0.654 Installing collected packages: sh
#12 0.705 Successfully installed sh-2.2.2
#12 0.705 WARNING: Running pip as the 'root' user can result in broken permissions and conflicting behaviour with the system package manager. It is recommended to use a virtual environment instead: https://pip.pypa.io/warnings/venv
#12 0.710 
#12 0.710 [notice] A new release of pip is available: 24.0 -> 25.3
#12 0.710 [notice] To update, run: pip install --upgrade pip
#12 DONE 0.8s

#13 [ 9/17] RUN ["pip","install","tensorlayer"]
#13 0.671 Collecting tensorlayer
#13 0.707   Downloading tensorlayer-2.2.5-py3-none-any.whl.metadata (18 kB)
#13 0.835 Collecting imageio>=2.5.0 (from tensorlayer)
#13 0.844   Downloading imageio-2.37.0-py3-none-any.whl.metadata (5.2 kB)
#13 1.068 Collecting numpy>=1.16 (from tensorlayer)
#13 1.081   Downloading numpy-2.3.4-cp311-cp311-manylinux_2_27_x86_64.manylinux_2_28_x86_64.whl.metadata (62 kB)
#13 1.115      ━━━━━━━━━━━━━━━━━━━━━━━━━━━━━━━━━━━━━━━━ 62.1/62.1 kB 1.6 MB/s eta 0:00:00
#13 1.160 Collecting progressbar2>=3.39.3 (from tensorlayer)
#13 1.169   Downloading progressbar2-4.5.0-py3-none-any.whl.metadata (16 kB)
#13 1.222 Collecting requests>=2.21.0 (from tensorlayer)
#13 1.231   Downloading requests-2.32.5-py3-none-any.whl.metadata (4.9 kB)
#13 1.337 Collecting scikit-learn>=0.21.0 (from tensorlayer)
#13 1.346   Downloading scikit_learn-1.7.2-cp311-cp311-manylinux2014_x86_64.manylinux_2_17_x86_64.whl.metadata (11 kB)
#13 1.432 Collecting scikit-image>=0.15.0 (from tensorlayer)
#13 1.442   Downloading scikit_image-0.25.2-cp311-cp311-manylinux_2_17_x86_64.manylinux2014_x86_64.whl.metadata (14 kB)
#13 1.580 Collecting scipy>=1.2.1 (from tensorlayer)
#13 1.591   Downloading scipy-1.16.3-cp311-cp311-manylinux2014_x86_64.manylinux_2_17_x86_64.whl.metadata (62 kB)
#13 1.619      ━━━━━━━━━━━━━━━━━━━━━━━━━━━━━━━━━━━━━━━━ 62.0/62.0 kB 1.9 MB/s eta 0:00:00
#13 1.758 Collecting wrapt>=1.11.1 (from tensorlayer)
#13 1.768   Downloading wrapt-2.0.0-cp311-cp311-manylinux1_x86_64.manylinux_2_28_x86_64.manylinux_2_5_x86_64.whl.metadata (8.8 kB)
#13 1.872 Collecting h5py>=2.9 (from tensorlayer)
#13 1.885   Downloading h5py-3.15.1-cp311-cp311-manylinux_2_27_x86_64.manylinux_2_28_x86_64.whl.metadata (3.0 kB)
#13 1.931 Collecting cloudpickle>=0.8.1 (from tensorlayer)
#13 1.940   Downloading cloudpickle-3.1.1-py3-none-any.whl.metadata (7.1 kB)
#13 2.160 Collecting pillow>=8.3.2 (from imageio>=2.5.0->tensorlayer)
#13 2.171   Downloading pillow-12.0.0-cp311-cp311-manylinux_2_27_x86_64.manylinux_2_28_x86_64.whl.metadata (8.8 kB)
#13 2.242 Collecting python-utils>=3.8.1 (from progressbar2>=3.39.3->tensorlayer)
#13 2.252   Downloading python_utils-3.9.1-py2.py3-none-any.whl.metadata (9.8 kB)
#13 2.392 Collecting charset_normalizer<4,>=2 (from requests>=2.21.0->tensorlayer)
#13 2.402   Downloading charset_normalizer-3.4.4-cp311-cp311-manylinux2014_x86_64.manylinux_2_17_x86_64.manylinux_2_28_x86_64.whl.metadata (37 kB)
#13 2.448 Collecting idna<4,>=2.5 (from requests>=2.21.0->tensorlayer)
#13 2.456   Downloading idna-3.11-py3-none-any.whl.metadata (8.4 kB)
#13 2.518 Collecting urllib3<3,>=1.21.1 (from requests>=2.21.0->tensorlayer)
#13 2.526   Downloading urllib3-2.5.0-py3-none-any.whl.metadata (6.5 kB)
#13 2.572 Collecting certifi>=2017.4.17 (from requests>=2.21.0->tensorlayer)
#13 2.581   Downloading certifi-2025.10.5-py3-none-any.whl.metadata (2.5 kB)
#13 2.667 Collecting networkx>=3.0 (from scikit-image>=0.15.0->tensorlayer)
#13 2.676   Downloading networkx-3.5-py3-none-any.whl.metadata (6.3 kB)
#13 2.755 Collecting tifffile>=2022.8.12 (from scikit-image>=0.15.0->tensorlayer)
#13 2.765   Downloading tifffile-2025.10.16-py3-none-any.whl.metadata (31 kB)
#13 2.778 Requirement already satisfied: packaging>=21 in /usr/local/lib/python3.11/site-packages (from scikit-image>=0.15.0->tensorlayer) (25.0)
#13 2.802 Collecting lazy-loader>=0.4 (from scikit-image>=0.15.0->tensorlayer)
#13 2.811   Downloading lazy_loader-0.4-py3-none-any.whl.metadata (7.6 kB)
#13 2.895 Collecting joblib>=1.2.0 (from scikit-learn>=0.21.0->tensorlayer)
#13 2.904   Downloading joblib-1.5.2-py3-none-any.whl.metadata (5.6 kB)
#13 2.952 Collecting threadpoolctl>=3.1.0 (from scikit-learn>=0.21.0->tensorlayer)
#13 2.960   Downloading threadpoolctl-3.6.0-py3-none-any.whl.metadata (13 kB)
#13 3.089 Collecting typing_extensions>3.10.0.2 (from python-utils>=3.8.1->progressbar2>=3.39.3->tensorlayer)
#13 3.100   Downloading typing_extensions-4.15.0-py3-none-any.whl.metadata (3.3 kB)
#13 3.147 Downloading tensorlayer-2.2.5-py3-none-any.whl (381 kB)
#13 3.175    ━━━━━━━━━━━━━━━━━━━━━━━━━━━━━━━━━━━━━━━━ 381.2/381.2 kB 15.3 MB/s eta 0:00:00
#13 3.186 Downloading cloudpickle-3.1.1-py3-none-any.whl (20 kB)
#13 3.209 Downloading h5py-3.15.1-cp311-cp311-manylinux_2_27_x86_64.manylinux_2_28_x86_64.whl (4.7 MB)
#13 3.400    ━━━━━━━━━━━━━━━━━━━━━━━━━━━━━━━━━━━━━━━━ 4.7/4.7 MB 24.8 MB/s eta 0:00:00
#13 3.410 Downloading imageio-2.37.0-py3-none-any.whl (315 kB)
#13 3.430    ━━━━━━━━━━━━━━━━━━━━━━━━━━━━━━━━━━━━━━━━ 315.8/315.8 kB 17.0 MB/s eta 0:00:00
#13 3.441 Downloading numpy-2.3.4-cp311-cp311-manylinux_2_27_x86_64.manylinux_2_28_x86_64.whl (16.9 MB)
#13 4.130    ━━━━━━━━━━━━━━━━━━━━━━━━━━━━━━━━━━━━━━━━ 16.9/16.9 MB 21.4 MB/s eta 0:00:00
#13 4.142 Downloading progressbar2-4.5.0-py3-none-any.whl (57 kB)
#13 4.154    ━━━━━━━━━━━━━━━━━━━━━━━━━━━━━━━━━━━━━━━━ 57.1/57.1 kB 4.4 MB/s eta 0:00:00
#13 4.163 Downloading requests-2.32.5-py3-none-any.whl (64 kB)
#13 4.181    ━━━━━━━━━━━━━━━━━━━━━━━━━━━━━━━━━━━━━━━━ 64.7/64.7 kB 3.3 MB/s eta 0:00:00
#13 4.191 Downloading scikit_image-0.25.2-cp311-cp311-manylinux_2_17_x86_64.manylinux2014_x86_64.whl (14.8 MB)
#13 4.739    ━━━━━━━━━━━━━━━━━━━━━━━━━━━━━━━━━━━━━━━━ 14.8/14.8 MB 25.2 MB/s eta 0:00:00
#13 4.749 Downloading scikit_learn-1.7.2-cp311-cp311-manylinux2014_x86_64.manylinux_2_17_x86_64.whl (9.7 MB)
#13 5.115    ━━━━━━━━━━━━━━━━━━━━━━━━━━━━━━━━━━━━━━━━ 9.7/9.7 MB 26.6 MB/s eta 0:00:00
#13 5.128 Downloading scipy-1.16.3-cp311-cp311-manylinux2014_x86_64.manylinux_2_17_x86_64.whl (35.9 MB)
#13 6.466    ━━━━━━━━━━━━━━━━━━━━━━━━━━━━━━━━━━━━━━━━ 35.9/35.9 MB 19.0 MB/s eta 0:00:00
#13 6.477 Downloading wrapt-2.0.0-cp311-cp311-manylinux1_x86_64.manylinux_2_28_x86_64.manylinux_2_5_x86_64.whl (114 kB)
#13 6.491    ━━━━━━━━━━━━━━━━━━━━━━━━━━━━━━━━━━━━━━━━ 114.1/114.1 kB 8.8 MB/s eta 0:00:00
#13 6.500 Downloading certifi-2025.10.5-py3-none-any.whl (163 kB)
#13 6.514    ━━━━━━━━━━━━━━━━━━━━━━━━━━━━━━━━━━━━━━━━ 163.3/163.3 kB 11.9 MB/s eta 0:00:00
#13 6.525 Downloading charset_normalizer-3.4.4-cp311-cp311-manylinux2014_x86_64.manylinux_2_17_x86_64.manylinux_2_28_x86_64.whl (151 kB)
#13 6.539    ━━━━━━━━━━━━━━━━━━━━━━━━━━━━━━━━━━━━━━━━ 151.6/151.6 kB 11.3 MB/s eta 0:00:00
#13 6.548 Downloading idna-3.11-py3-none-any.whl (71 kB)
#13 6.564    ━━━━━━━━━━━━━━━━━━━━━━━━━━━━━━━━━━━━━━━━ 71.0/71.0 kB 4.3 MB/s eta 0:00:00
#13 6.573 Downloading joblib-1.5.2-py3-none-any.whl (308 kB)
#13 6.593    ━━━━━━━━━━━━━━━━━━━━━━━━━━━━━━━━━━━━━━━━ 308.4/308.4 kB 16.5 MB/s eta 0:00:00
#13 6.600 Downloading lazy_loader-0.4-py3-none-any.whl (12 kB)
#13 6.619 Downloading networkx-3.5-py3-none-any.whl (2.0 MB)
#13 6.693    ━━━━━━━━━━━━━━━━━━━━━━━━━━━━━━━━━━━━━━━━ 2.0/2.0 MB 27.6 MB/s eta 0:00:00
#13 6.702 Downloading pillow-12.0.0-cp311-cp311-manylinux_2_27_x86_64.manylinux_2_28_x86_64.whl (7.0 MB)
#13 6.969    ━━━━━━━━━━━━━━━━━━━━━━━━━━━━━━━━━━━━━━━━ 7.0/7.0 MB 26.5 MB/s eta 0:00:00
#13 6.978 Downloading python_utils-3.9.1-py2.py3-none-any.whl (32 kB)
#13 6.995 Downloading threadpoolctl-3.6.0-py3-none-any.whl (18 kB)
#13 7.013 Downloading tifffile-2025.10.16-py3-none-any.whl (231 kB)
#13 7.031    ━━━━━━━━━━━━━━━━━━━━━━━━━━━━━━━━━━━━━━━━ 231.2/231.2 kB 14.7 MB/s eta 0:00:00
#13 7.040 Downloading urllib3-2.5.0-py3-none-any.whl (129 kB)
#13 7.053    ━━━━━━━━━━━━━━━━━━━━━━━━━━━━━━━━━━━━━━━━ 129.8/129.8 kB 10.6 MB/s eta 0:00:00
#13 7.061 Downloading typing_extensions-4.15.0-py3-none-any.whl (44 kB)
#13 7.072    ━━━━━━━━━━━━━━━━━━━━━━━━━━━━━━━━━━━━━━━━ 44.6/44.6 kB 3.7 MB/s eta 0:00:00
#13 7.589 Installing collected packages: wrapt, urllib3, typing_extensions, threadpoolctl, pillow, numpy, networkx, lazy-loader, joblib, idna, cloudpickle, charset_normalizer, certifi, tifffile, scipy, requests, python-utils, imageio, h5py, scikit-learn, scikit-image, progressbar2, tensorlayer
#13 15.79 Successfully installed certifi-2025.10.5 charset_normalizer-3.4.4 cloudpickle-3.1.1 h5py-3.15.1 idna-3.11 imageio-2.37.0 joblib-1.5.2 lazy-loader-0.4 networkx-3.5 numpy-2.3.4 pillow-12.0.0 progressbar2-4.5.0 python-utils-3.9.1 requests-2.32.5 scikit-image-0.25.2 scikit-learn-1.7.2 scipy-1.16.3 tensorlayer-2.2.5 threadpoolctl-3.6.0 tifffile-2025.10.16 typing_extensions-4.15.0 urllib3-2.5.0 wrapt-2.0.0
#13 15.79 WARNING: Running pip as the 'root' user can result in broken permissions and conflicting behaviour with the system package manager. It is recommended to use a virtual environment instead: https://pip.pypa.io/warnings/venv
#13 15.80 
#13 15.80 [notice] A new release of pip is available: 24.0 -> 25.3
#13 15.80 [notice] To update, run: pip install --upgrade pip
#13 DONE 17.5s

#14 [10/17] RUN ["pip","install","pyproj"]
#14 0.583 Collecting pyproj
#14 0.621   Downloading pyproj-3.7.2-cp311-cp311-manylinux_2_28_x86_64.whl.metadata (31 kB)
#14 0.634 Requirement already satisfied: certifi in /usr/local/lib/python3.11/site-packages (from pyproj) (2025.10.5)
#14 0.887 Downloading pyproj-3.7.2-cp311-cp311-manylinux_2_28_x86_64.whl (9.5 MB)
#14 3.230    ━━━━━━━━━━━━━━━━━━━━━━━━━━━━━━━━━━━━━━━━ 9.5/9.5 MB 4.2 MB/s eta 0:00:00
#14 3.535 Installing collected packages: pyproj
#14 3.719 Successfully installed pyproj-3.7.2
#14 3.720 WARNING: Running pip as the 'root' user can result in broken permissions and conflicting behaviour with the system package manager. It is recommended to use a virtual environment instead: https://pip.pypa.io/warnings/venv
#14 3.725 
#14 3.725 [notice] A new release of pip is available: 24.0 -> 25.3
#14 3.725 [notice] To update, run: pip install --upgrade pip
#14 DONE 4.1s

#15 [11/17] RUN ["pip","install","rasterio"]
#15 0.627 Collecting rasterio
#15 0.665   Downloading rasterio-1.4.3-cp311-cp311-manylinux_2_17_x86_64.manylinux2014_x86_64.whl.metadata (9.1 kB)
#15 0.702 Requirement already satisfied: affine in /usr/local/lib/python3.11/site-packages (from rasterio) (2.4.0)
#15 0.741 Collecting attrs (from rasterio)
#15 0.751   Downloading attrs-25.4.0-py3-none-any.whl.metadata (10 kB)
#15 0.766 Requirement already satisfied: certifi in /usr/local/lib/python3.11/site-packages (from rasterio) (2025.10.5)
#15 0.801 Collecting click>=4.0 (from rasterio)
#15 0.810   Downloading click-8.3.0-py3-none-any.whl.metadata (2.6 kB)
#15 0.850 Collecting cligj>=0.5 (from rasterio)
#15 0.861   Downloading cligj-0.7.2-py3-none-any.whl.metadata (5.0 kB)
#15 0.879 Requirement already satisfied: numpy>=1.24 in /usr/local/lib/python3.11/site-packages (from rasterio) (2.3.4)
#15 0.907 Collecting click-plugins (from rasterio)
#15 0.919   Downloading click_plugins-1.1.1.2-py2.py3-none-any.whl.metadata (6.5 kB)
#15 0.989 Collecting pyparsing (from rasterio)
#15 0.999   Downloading pyparsing-3.2.5-py3-none-any.whl.metadata (5.0 kB)
#15 1.052 Downloading rasterio-1.4.3-cp311-cp311-manylinux_2_17_x86_64.manylinux2014_x86_64.whl (22.2 MB)
#15 2.754    ━━━━━━━━━━━━━━━━━━━━━━━━━━━━━━━━━━━━━━━━ 22.2/22.2 MB 13.1 MB/s eta 0:00:00
#15 2.764 Downloading click-8.3.0-py3-none-any.whl (107 kB)
#15 2.784    ━━━━━━━━━━━━━━━━━━━━━━━━━━━━━━━━━━━━━━━━ 107.3/107.3 kB 5.5 MB/s eta 0:00:00
#15 2.795 Downloading cligj-0.7.2-py3-none-any.whl (7.1 kB)
#15 2.820 Downloading attrs-25.4.0-py3-none-any.whl (67 kB)
#15 2.836    ━━━━━━━━━━━━━━━━━━━━━━━━━━━━━━━━━━━━━━━━ 67.6/67.6 kB 4.1 MB/s eta 0:00:00
#15 2.846 Downloading click_plugins-1.1.1.2-py2.py3-none-any.whl (11 kB)
#15 2.863 Downloading pyparsing-3.2.5-py3-none-any.whl (113 kB)
#15 2.891    ━━━━━━━━━━━━━━━━━━━━━━━━━━━━━━━━━━━━━━━━ 113.9/113.9 kB 4.0 MB/s eta 0:00:00
#15 3.251 Installing collected packages: pyparsing, click, attrs, cligj, click-plugins, rasterio
#15 3.773 Successfully installed attrs-25.4.0 click-8.3.0 click-plugins-1.1.1.2 cligj-0.7.2 pyparsing-3.2.5 rasterio-1.4.3
#15 3.773 WARNING: Running pip as the 'root' user can result in broken permissions and conflicting behaviour with the system package manager. It is recommended to use a virtual environment instead: https://pip.pypa.io/warnings/venv
#15 3.780 
#15 3.780 [notice] A new release of pip is available: 24.0 -> 25.3
#15 3.780 [notice] To update, run: pip install --upgrade pip
#15 DONE 4.3s

#16 [12/17] RUN ["pip","install","fiona"]
#16 0.664 Collecting fiona
#16 0.814   Downloading fiona-1.10.1-cp311-cp311-manylinux_2_17_x86_64.manylinux2014_x86_64.whl.metadata (56 kB)
#16 0.847      ━━━━━━━━━━━━━━━━━━━━━━━━━━━━━━━━━━━━━━━━ 56.6/56.6 kB 1.5 MB/s eta 0:00:00
#16 0.857 Requirement already satisfied: attrs>=19.2.0 in /usr/local/lib/python3.11/site-packages (from fiona) (25.4.0)
#16 0.858 Requirement already satisfied: certifi in /usr/local/lib/python3.11/site-packages (from fiona) (2025.10.5)
#16 0.859 Requirement already satisfied: click~=8.0 in /usr/local/lib/python3.11/site-packages (from fiona) (8.3.0)
#16 0.860 Requirement already satisfied: click-plugins>=1.0 in /usr/local/lib/python3.11/site-packages (from fiona) (1.1.1.2)
#16 0.861 Requirement already satisfied: cligj>=0.5 in /usr/local/lib/python3.11/site-packages (from fiona) (0.7.2)
#16 0.878 Downloading fiona-1.10.1-cp311-cp311-manylinux_2_17_x86_64.manylinux2014_x86_64.whl (17.3 MB)
#16 2.450    ━━━━━━━━━━━━━━━━━━━━━━━━━━━━━━━━━━━━━━━━ 17.3/17.3 MB 10.3 MB/s eta 0:00:00
#16 2.793 Installing collected packages: fiona
#16 3.076 Successfully installed fiona-1.10.1
#16 3.076 WARNING: Running pip as the 'root' user can result in broken permissions and conflicting behaviour with the system package manager. It is recommended to use a virtual environment instead: https://pip.pypa.io/warnings/venv
#16 3.082 
#16 3.082 [notice] A new release of pip is available: 24.0 -> 25.3
#16 3.082 [notice] To update, run: pip install --upgrade pip
#16 DONE 3.7s

#17 [13/17] RUN ["pip","install","xarray"]
#17 0.568 Collecting xarray
#17 0.604   Downloading xarray-2025.10.1-py3-none-any.whl.metadata (12 kB)
#17 0.647 Requirement already satisfied: numpy>=1.26 in /usr/local/lib/python3.11/site-packages (from xarray) (2.3.4)
#17 0.648 Requirement already satisfied: packaging>=24.1 in /usr/local/lib/python3.11/site-packages (from xarray) (25.0)
#17 0.801 Collecting pandas>=2.2 (from xarray)
#17 0.811   Downloading pandas-2.3.3-cp311-cp311-manylinux_2_24_x86_64.manylinux_2_28_x86_64.whl.metadata (91 kB)
#17 0.848      ━━━━━━━━━━━━━━━━━━━━━━━━━━━━━━━━━━━━━━━━ 91.2/91.2 kB 2.5 MB/s eta 0:00:00
#17 0.944 Collecting python-dateutil>=2.8.2 (from pandas>=2.2->xarray)
#17 0.952   Downloading python_dateutil-2.9.0.post0-py2.py3-none-any.whl.metadata (8.4 kB)
#17 1.044 Collecting pytz>=2020.1 (from pandas>=2.2->xarray)
#17 1.054   Downloading pytz-2025.2-py2.py3-none-any.whl.metadata (22 kB)
#17 1.108 Collecting tzdata>=2022.7 (from pandas>=2.2->xarray)
#17 1.122   Downloading tzdata-2025.2-py2.py3-none-any.whl.metadata (1.4 kB)
#17 1.143 Requirement already satisfied: six>=1.5 in /usr/local/lib/python3.11/site-packages (from python-dateutil>=2.8.2->pandas>=2.2->xarray) (1.17.0)
#17 1.191 Downloading xarray-2025.10.1-py3-none-any.whl (1.4 MB)
#17 1.297    ━━━━━━━━━━━━━━━━━━━━━━━━━━━━━━━━━━━━━━━━ 1.4/1.4 MB 13.2 MB/s eta 0:00:00
#17 1.308 Downloading pandas-2.3.3-cp311-cp311-manylinux_2_24_x86_64.manylinux_2_28_x86_64.whl (12.8 MB)
#17 2.131    ━━━━━━━━━━━━━━━━━━━━━━━━━━━━━━━━━━━━━━━━ 12.8/12.8 MB 15.0 MB/s eta 0:00:00
#17 2.143 Downloading python_dateutil-2.9.0.post0-py2.py3-none-any.whl (229 kB)
#17 2.176    ━━━━━━━━━━━━━━━━━━━━━━━━━━━━━━━━━━━━━━━━ 229.9/229.9 kB 7.2 MB/s eta 0:00:00
#17 2.187 Downloading pytz-2025.2-py2.py3-none-any.whl (509 kB)
#17 2.243    ━━━━━━━━━━━━━━━━━━━━━━━━━━━━━━━━━━━━━━━━ 509.2/509.2 kB 10.8 MB/s eta 0:00:00
#17 2.252 Downloading tzdata-2025.2-py2.py3-none-any.whl (347 kB)
#17 2.279    ━━━━━━━━━━━━━━━━━━━━━━━━━━━━━━━━━━━━━━━━ 347.8/347.8 kB 13.4 MB/s eta 0:00:00
#17 2.707 Installing collected packages: pytz, tzdata, python-dateutil, pandas, xarray
#17 6.606 Successfully installed pandas-2.3.3 python-dateutil-2.9.0.post0 pytz-2025.2 tzdata-2025.2 xarray-2025.10.1
#17 6.606 WARNING: Running pip as the 'root' user can result in broken permissions and conflicting behaviour with the system package manager. It is recommended to use a virtual environment instead: https://pip.pypa.io/warnings/venv
#17 6.611 
#17 6.611 [notice] A new release of pip is available: 24.0 -> 25.3
#17 6.611 [notice] To update, run: pip install --upgrade pip
#17 DONE 7.6s

#18 [14/17] RUN ["pip","install","shapely"]
#18 0.635 Collecting shapely
#18 0.678   Downloading shapely-2.1.2-cp311-cp311-manylinux2014_x86_64.manylinux_2_17_x86_64.whl.metadata (6.8 kB)
#18 0.713 Requirement already satisfied: numpy>=1.21 in /usr/local/lib/python3.11/site-packages (from shapely) (2.3.4)
#18 0.727 Downloading shapely-2.1.2-cp311-cp311-manylinux2014_x86_64.manylinux_2_17_x86_64.whl (3.1 MB)
#18 0.968    ━━━━━━━━━━━━━━━━━━━━━━━━━━━━━━━━━━━━━━━━ 3.1/3.1 MB 13.0 MB/s eta 0:00:00
#18 1.353 Installing collected packages: shapely
#18 1.571 Successfully installed shapely-2.1.2
#18 1.572 WARNING: Running pip as the 'root' user can result in broken permissions and conflicting behaviour with the system package manager. It is recommended to use a virtual environment instead: https://pip.pypa.io/warnings/venv
#18 1.577 
#18 1.577 [notice] A new release of pip is available: 24.0 -> 25.3
#18 1.577 [notice] To update, run: pip install --upgrade pip
#18 DONE 1.7s

#19 [15/17] RUN ["pip","install","xray"]
#19 0.779 Collecting xray
#19 0.914   Downloading xray-0.7.0-py2.py3-none-any.whl.metadata (2.3 kB)
#19 0.941 Requirement already satisfied: numpy>=1.7 in /usr/local/lib/python3.11/site-packages (from xray) (2.3.4)
#19 0.947 Requirement already satisfied: pandas>=0.15.0 in /usr/local/lib/python3.11/site-packages (from xray) (2.3.3)
#19 0.995 Requirement already satisfied: python-dateutil>=2.8.2 in /usr/local/lib/python3.11/site-packages (from pandas>=0.15.0->xray) (2.9.0.post0)
#19 0.996 Requirement already satisfied: pytz>=2020.1 in /usr/local/lib/python3.11/site-packages (from pandas>=0.15.0->xray) (2025.2)
#19 0.997 Requirement already satisfied: tzdata>=2022.7 in /usr/local/lib/python3.11/site-packages (from pandas>=0.15.0->xray) (2025.2)
#19 1.001 Requirement already satisfied: six>=1.5 in /usr/local/lib/python3.11/site-packages (from python-dateutil>=2.8.2->pandas>=0.15.0->xray) (1.17.0)
#19 1.115 Downloading xray-0.7.0-py2.py3-none-any.whl (218 kB)
#19 1.164    ━━━━━━━━━━━━━━━━━━━━━━━━━━━━━━━━━━━━━━━━ 218.4/218.4 kB 4.6 MB/s eta 0:00:00
#19 1.550 Installing collected packages: xray
#19 1.755 Successfully installed xray-0.7.0
#19 1.755 WARNING: Running pip as the 'root' user can result in broken permissions and conflicting behaviour with the system package manager. It is recommended to use a virtual environment instead: https://pip.pypa.io/warnings/venv
#19 1.760 
#19 1.760 [notice] A new release of pip is available: 24.0 -> 25.3
#19 1.760 [notice] To update, run: pip install --upgrade pip
#19 DONE 1.9s

#20 [16/17] RUN ["pip","install","numpy"]
#20 0.486 Requirement already satisfied: numpy in /usr/local/lib/python3.11/site-packages (2.3.4)
#20 0.864 WARNING: Running pip as the 'root' user can result in broken permissions and conflicting behaviour with the system package manager. It is recommended to use a virtual environment instead: https://pip.pypa.io/warnings/venv
#20 0.869 
#20 0.869 [notice] A new release of pip is available: 24.0 -> 25.3
#20 0.869 [notice] To update, run: pip install --upgrade pip
#20 DONE 0.9s

#21 [17/17] RUN ["pip","install","datashader"]
#21 0.549 Collecting datashader
#21 0.598   Downloading datashader-0.18.2-py3-none-any.whl.metadata (7.6 kB)
#21 0.650 Collecting colorcet (from datashader)
#21 0.659   Downloading colorcet-3.1.0-py3-none-any.whl.metadata (6.3 kB)
#21 0.718 Collecting multipledispatch (from datashader)
#21 0.737   Downloading multipledispatch-1.0.0-py3-none-any.whl.metadata (3.8 kB)
#21 0.875 Collecting numba (from datashader)
#21 0.886   Downloading numba-0.62.1-cp311-cp311-manylinux2014_x86_64.manylinux_2_17_x86_64.whl.metadata (2.8 kB)
#21 0.905 Requirement already satisfied: numpy in /usr/local/lib/python3.11/site-packages (from datashader) (2.3.4)
#21 0.906 Requirement already satisfied: packaging in /usr/local/lib/python3.11/site-packages (from datashader) (25.0)
#21 0.911 Requirement already satisfied: pandas in /usr/local/lib/python3.11/site-packages (from datashader) (2.3.3)
#21 0.953 Collecting param (from datashader)
#21 0.963   Downloading param-2.2.1-py3-none-any.whl.metadata (6.6 kB)
#21 1.016 Collecting pyct (from datashader)
#21 1.028   Downloading pyct-0.6.0-py3-none-any.whl.metadata (7.2 kB)
#21 1.038 Requirement already satisfied: requests in /usr/local/lib/python3.11/site-packages (from datashader) (2.32.5)
#21 1.042 Requirement already satisfied: scipy in /usr/local/lib/python3.11/site-packages (from datashader) (1.16.3)
#21 1.070 Collecting toolz (from datashader)
#21 1.080   Downloading toolz-1.1.0-py3-none-any.whl.metadata (5.1 kB)
#21 1.094 Requirement already satisfied: xarray in /usr/local/lib/python3.11/site-packages (from datashader) (2025.10.1)
#21 1.190 Collecting llvmlite<0.46,>=0.45.0dev0 (from numba->datashader)
#21 1.199   Downloading llvmlite-0.45.1-cp311-cp311-manylinux2014_x86_64.manylinux_2_17_x86_64.whl.metadata (4.9 kB)
#21 1.278 Requirement already satisfied: python-dateutil>=2.8.2 in /usr/local/lib/python3.11/site-packages (from pandas->datashader) (2.9.0.post0)
#21 1.279 Requirement already satisfied: pytz>=2020.1 in /usr/local/lib/python3.11/site-packages (from pandas->datashader) (2025.2)
#21 1.280 Requirement already satisfied: tzdata>=2022.7 in /usr/local/lib/python3.11/site-packages (from pandas->datashader) (2025.2)
#21 1.314 Requirement already satisfied: charset_normalizer<4,>=2 in /usr/local/lib/python3.11/site-packages (from requests->datashader) (3.4.4)
#21 1.315 Requirement already satisfied: idna<4,>=2.5 in /usr/local/lib/python3.11/site-packages (from requests->datashader) (3.11)
#21 1.315 Requirement already satisfied: urllib3<3,>=1.21.1 in /usr/local/lib/python3.11/site-packages (from requests->datashader) (2.5.0)
#21 1.316 Requirement already satisfied: certifi>=2017.4.17 in /usr/local/lib/python3.11/site-packages (from requests->datashader) (2025.10.5)
#21 1.371 Requirement already satisfied: six>=1.5 in /usr/local/lib/python3.11/site-packages (from python-dateutil>=2.8.2->pandas->datashader) (1.17.0)
#21 1.397 Downloading datashader-0.18.2-py3-none-any.whl (18.3 MB)
#21 2.774    ━━━━━━━━━━━━━━━━━━━━━━━━━━━━━━━━━━━━━━━━ 18.3/18.3 MB 12.9 MB/s eta 0:00:00
#21 2.783 Downloading colorcet-3.1.0-py3-none-any.whl (260 kB)
#21 2.814    ━━━━━━━━━━━━━━━━━━━━━━━━━━━━━━━━━━━━━━━━ 260.3/260.3 kB 8.8 MB/s eta 0:00:00
#21 2.824 Downloading multipledispatch-1.0.0-py3-none-any.whl (12 kB)
#21 2.846 Downloading numba-0.62.1-cp311-cp311-manylinux2014_x86_64.manylinux_2_17_x86_64.whl (3.7 MB)
#21 3.112    ━━━━━━━━━━━━━━━━━━━━━━━━━━━━━━━━━━━━━━━━ 3.7/3.7 MB 14.1 MB/s eta 0:00:00
#21 3.125 Downloading param-2.2.1-py3-none-any.whl (119 kB)
#21 3.147    ━━━━━━━━━━━━━━━━━━━━━━━━━━━━━━━━━━━━━━━━ 119.0/119.0 kB 5.2 MB/s eta 0:00:00
#21 3.156 Downloading pyct-0.6.0-py3-none-any.whl (16 kB)
#21 3.180 Downloading toolz-1.1.0-py3-none-any.whl (58 kB)
#21 3.192    ━━━━━━━━━━━━━━━━━━━━━━━━━━━━━━━━━━━━━━━━ 58.1/58.1 kB 4.9 MB/s eta 0:00:00
#21 3.202 Downloading llvmlite-0.45.1-cp311-cp311-manylinux2014_x86_64.manylinux_2_17_x86_64.whl (56.3 MB)
#21 7.359    ━━━━━━━━━━━━━━━━━━━━━━━━━━━━━━━━━━━━━━━━ 56.3/56.3 MB 10.8 MB/s eta 0:00:00
#21 7.918 Installing collected packages: multipledispatch, toolz, param, llvmlite, colorcet, pyct, numba, datashader
#21 10.85 Successfully installed colorcet-3.1.0 datashader-0.18.2 llvmlite-0.45.1 multipledispatch-1.0.0 numba-0.62.1 param-2.2.1 pyct-0.6.0 toolz-1.1.0
#21 10.85 WARNING: Running pip as the 'root' user can result in broken permissions and conflicting behaviour with the system package manager. It is recommended to use a virtual environment instead: https://pip.pypa.io/warnings/venv
#21 10.85 
#21 10.85 [notice] A new release of pip is available: 24.0 -> 25.3
#21 10.85 [notice] To update, run: pip install --upgrade pip
#21 DONE 12.9s

#22 exporting to image
#22 exporting layers
#22 exporting layers 2.5s done
#22 writing image sha256:2b1a1b64d7d1015e28ebaf0812103aa9242a6a60e96449cc8047de6ae4be1b26 done
#22 naming to docker.io/library/test-image-db030013e981c46acb2886060dde607e done
#22 DONE 2.6s

View build details: docker-desktop://dashboard/build/default/default/ze1kp64zijv5vfn2ov5n5ldft
[2025-10-29 20:31:26] SUCCESS: Build completed for db030013e981c46acb2886060dde607e
