=== Docker Build Log for 4a76e42f058ef7b467d9 ===
Started at: Mi 29. Okt 15:06:39 CET 2025

[2025-10-29 15:06:39] START: Building image for 4a76e42f058ef7b467d9
#0 building with "default" instance using docker driver

#1 [internal] load build definition from Dockerfile
#1 transferring dockerfile: 145B done
#1 DONE 0.0s

#2 [internal] load metadata for docker.io/library/python:3.11
#2 DONE 0.0s

#3 [internal] load .dockerignore
#3 transferring context: 2B done
#3 DONE 0.0s

#4 [internal] load build context
#4 transferring context: 7.74kB 0.0s done
#4 DONE 0.0s

#5 [1/2] FROM docker.io/library/python:3.11
#5 CACHED

#6 [2/2] COPY hard-gists/4a76e42f058ef7b467d9/snippet.py /snippet.py
#6 DONE 0.1s

#7 exporting to image
#7 exporting layers 0.0s done
#7 writing image sha256:60052dfd1c9e018b59b2e782d36c6949ced10126adfa8e90c430cd6beb1f2c10 done
#7 naming to docker.io/library/test-image-4a76e42f058ef7b467d9 done
#7 DONE 0.1s

View build details: docker-desktop://dashboard/build/default/default/1ja0xdojecef2t7k0a7dtdxe2
[2025-10-29 15:06:40] SUCCESS: Build completed for 4a76e42f058ef7b467d9
