=== Docker Build Log for 4b79e30fad4ae8a50e2630fcfc4c8cfd ===
Started at: Mi 29. Okt 15:07:42 CET 2025

[2025-10-29 15:07:42] START: Building image for 4b79e30fad4ae8a50e2630fcfc4c8cfd
#0 building with "default" instance using docker driver

#1 [internal] load build definition from Dockerfile
#1 transferring dockerfile: 199B done
#1 DONE 0.0s

#2 [internal] load metadata for docker.io/library/python:3.11
#2 DONE 0.0s

#3 [internal] load .dockerignore
#3 transferring context: 2B done
#3 DONE 0.0s

#4 [internal] load build context
#4 transferring context: 1.58kB 0.0s done
#4 DONE 0.0s

#5 [1/3] FROM docker.io/library/python:3.11
#5 CACHED

#6 [2/3] COPY hard-gists/4b79e30fad4ae8a50e2630fcfc4c8cfd/snippet.py /snippet.py
#6 DONE 0.1s

#7 [3/3] RUN ["pip","install","python-dateutil"]
#7 2.155 Collecting python-dateutil
#7 2.197   Downloading python_dateutil-2.9.0.post0-py2.py3-none-any.whl.metadata (8.4 kB)
#7 2.237 Collecting six>=1.5 (from python-dateutil)
#7 2.246   Downloading six-1.17.0-py2.py3-none-any.whl.metadata (1.7 kB)
#7 2.267 Downloading python_dateutil-2.9.0.post0-py2.py3-none-any.whl (229 kB)
#7 2.302    ━━━━━━━━━━━━━━━━━━━━━━━━━━━━━━━━━━━━━━━━ 229.9/229.9 kB 6.7 MB/s eta 0:00:00
#7 2.311 Downloading six-1.17.0-py2.py3-none-any.whl (11 kB)
#7 2.379 Installing collected packages: six, python-dateutil
#7 2.460 Successfully installed python-dateutil-2.9.0.post0 six-1.17.0
#7 2.460 WARNING: Running pip as the 'root' user can result in broken permissions and conflicting behaviour with the system package manager. It is recommended to use a virtual environment instead: https://pip.pypa.io/warnings/venv
#7 2.585 
#7 2.585 [notice] A new release of pip is available: 24.0 -> 25.3
#7 2.585 [notice] To update, run: pip install --upgrade pip
#7 DONE 2.8s

#8 exporting to image
#8 exporting layers 0.1s done
#8 writing image sha256:ebcb261808ab6ba16d3dcddb41ca1bd9a0ca6a4b08af9e578de460fcffb64796 done
#8 naming to docker.io/library/test-image-4b79e30fad4ae8a50e2630fcfc4c8cfd done
#8 DONE 0.2s

View build details: docker-desktop://dashboard/build/default/default/vltk6gd2rd425llvbwnswa935
[2025-10-29 15:07:46] SUCCESS: Build completed for 4b79e30fad4ae8a50e2630fcfc4c8cfd
