=== Docker Build Log for 6553a21faade20f72e9f ===
Started at: Mi 29. Okt 16:37:14 CET 2025

[2025-10-29 16:37:14] START: Building image for 6553a21faade20f72e9f
#0 building with "default" instance using docker driver

#1 [internal] load build definition from Dockerfile
#1 transferring dockerfile: 176B done
#1 DONE 0.0s

#2 [internal] load metadata for docker.io/library/python:3.11
#2 DONE 0.0s

#3 [internal] load .dockerignore
#3 transferring context: 2B done
#3 DONE 0.0s

#4 [internal] load build context
#4 transferring context: 35.31kB 0.0s done
#4 DONE 0.0s

#5 [1/3] FROM docker.io/library/python:3.11
#5 CACHED

#6 [2/3] COPY hard-gists/6553a21faade20f72e9f/snippet.py /snippet.py
#6 DONE 0.1s

#7 [3/3] RUN ["pip","install","gpio"]
#7 2.370 Collecting gpio
#7 2.506   Downloading gpio-1.0.1-py3-none-any.whl.metadata (2.1 kB)
#7 2.625 Downloading gpio-1.0.1-py3-none-any.whl (5.4 kB)
#7 2.669 Installing collected packages: gpio
#7 2.686 Successfully installed gpio-1.0.1
#7 2.686 WARNING: Running pip as the 'root' user can result in broken permissions and conflicting behaviour with the system package manager. It is recommended to use a virtual environment instead: https://pip.pypa.io/warnings/venv
#7 2.779 
#7 2.779 [notice] A new release of pip is available: 24.0 -> 25.3
#7 2.779 [notice] To update, run: pip install --upgrade pip
#7 DONE 2.9s

#8 exporting to image
#8 exporting layers 0.1s done
#8 writing image sha256:ad72c717110d80c729a354308e97a5e23ffcb9eb9be36e674640fb132d4463d6 done
#8 naming to docker.io/library/test-image-6553a21faade20f72e9f done
#8 DONE 0.2s

View build details: docker-desktop://dashboard/build/default/default/s2rsllwa5a0z8inf5xkosc5je
[2025-10-29 16:37:17] SUCCESS: Build completed for 6553a21faade20f72e9f
