=== Docker Build Log for aa8713d4334036bcb0060ff73dba54c4 ===
Started at: Mi 29. Okt 19:12:06 CET 2025

[2025-10-29 19:12:06] START: Building image for aa8713d4334036bcb0060ff73dba54c4
#0 building with "default" instance using docker driver

#1 [internal] load build definition from Dockerfile
#1 transferring dockerfile: 157B done
#1 DONE 0.0s

#2 [internal] load metadata for docker.io/library/python:3.11
#2 DONE 0.0s

#3 [internal] load .dockerignore
#3 transferring context: 2B done
#3 DONE 0.0s

#4 [internal] load build context
#4 transferring context: 4.79kB 0.0s done
#4 DONE 0.0s

#5 [1/2] FROM docker.io/library/python:3.11
#5 CACHED

#6 [2/2] COPY hard-gists/aa8713d4334036bcb0060ff73dba54c4/snippet.py /snippet.py
#6 DONE 0.1s

#7 exporting to image
#7 exporting layers 0.0s done
#7 writing image sha256:aabce5ada7cd9905c603513a4b038d1ac4f65a91c13afeb609652eb3a33a9296 done
#7 naming to docker.io/library/test-image-aa8713d4334036bcb0060ff73dba54c4 done
#7 DONE 0.1s

View build details: docker-desktop://dashboard/build/default/default/0q8zpbx2rg189goyhq96alanb
[2025-10-29 19:12:07] SUCCESS: Build completed for aa8713d4334036bcb0060ff73dba54c4
