=== Docker Build Log for 5596077 ===
Started at: Mi 29. Okt 15:45:50 CET 2025

[2025-10-29 15:45:50] START: Building image for 5596077
#0 building with "default" instance using docker driver

#1 [internal] load build definition from Dockerfile
#1 transferring dockerfile: 132B done
#1 DONE 0.0s

#2 [internal] load metadata for docker.io/library/python:3.11
#2 DONE 0.0s

#3 [internal] load .dockerignore
#3 transferring context: 2B done
#3 DONE 0.0s

#4 [internal] load build context
#4 transferring context: 2.39kB 0.0s done
#4 DONE 0.0s

#5 [1/2] FROM docker.io/library/python:3.11
#5 CACHED

#6 [2/2] COPY hard-gists/5596077/snippet.py /snippet.py
#6 DONE 0.1s

#7 exporting to image
#7 exporting layers 0.0s done
#7 writing image sha256:97f8ede065a38fdd5c56668286cc5f70520d74b69ab1070c7144bda479135f40 done
#7 naming to docker.io/library/test-image-5596077 done
#7 DONE 0.1s

View build details: docker-desktop://dashboard/build/default/default/kb274w82s2p5jjoi0a8kjuj2t
[2025-10-29 15:45:51] SUCCESS: Build completed for 5596077
