=== Docker Build Log for 304963 ===
Started at: Mi 29. Okt 13:39:02 CET 2025

[2025-10-29 13:39:02] START: Building image for 304963
#0 building with "default" instance using docker driver

#1 [internal] load build definition from Dockerfile
#1 transferring dockerfile: 131B done
#1 DONE 0.0s

#2 [internal] load metadata for docker.io/library/python:3.11
#2 DONE 0.0s

#3 [internal] load .dockerignore
#3 transferring context: 2B done
#3 DONE 0.0s

#4 [internal] load build context
#4 transferring context: 1.52kB 0.0s done
#4 DONE 0.0s

#5 [1/2] FROM docker.io/library/python:3.11
#5 CACHED

#6 [2/2] COPY hard-gists/304963/snippet.py /snippet.py
#6 DONE 0.1s

#7 exporting to image
#7 exporting layers 0.0s done
#7 writing image sha256:ed3d1ccc7f4167f4514ac440ccce6ab689651b7e33b7bd7746e7e011610fb6e4 done
#7 naming to docker.io/library/test-image-304963 done
#7 DONE 0.1s

View build details: docker-desktop://dashboard/build/default/default/xdtp1jxp8ro2nv4sfe2h64yyr
[2025-10-29 13:39:02] SUCCESS: Build completed for 304963
