=== Docker Build Log for 6759305 ===
Started at: Mi 29. Okt 16:42:34 CET 2025

[2025-10-29 16:42:34] START: Building image for 6759305
#0 building with "default" instance using docker driver

#1 [internal] load build definition from Dockerfile
#1 transferring dockerfile: 132B done
#1 DONE 0.0s

#2 [internal] load metadata for docker.io/library/python:3.11
#2 DONE 0.0s

#3 [internal] load .dockerignore
#3 transferring context: 2B done
#3 DONE 0.0s

#4 [internal] load build context
#4 transferring context: 2.28kB 0.0s done
#4 DONE 0.0s

#5 [1/2] FROM docker.io/library/python:3.11
#5 CACHED

#6 [2/2] COPY hard-gists/6759305/snippet.py /snippet.py
#6 DONE 0.1s

#7 exporting to image
#7 exporting layers 0.1s done
#7 writing image sha256:9a95409ea997ce01db9c9578cbe3a8b26ffd1945ab442afe407bb6ad34c5f5d9 done
#7 naming to docker.io/library/test-image-6759305 done
#7 DONE 0.1s

View build details: docker-desktop://dashboard/build/default/default/pogzowjxfb4mowj6swzp1x4vr
[2025-10-29 16:42:35] SUCCESS: Build completed for 6759305
