=== Docker Build Log for 25d48938c07b73541361 ===
Started at: Mi 29. Okt 13:09:21 CET 2025

[2025-10-29 13:09:21] START: Building image for 25d48938c07b73541361
#0 building with "default" instance using docker driver

#1 [internal] load build definition from Dockerfile
#1 transferring dockerfile: 145B done
#1 DONE 0.0s

#2 [internal] load metadata for docker.io/library/python:3.11
#2 DONE 0.0s

#3 [internal] load .dockerignore
#3 transferring context: 2B done
#3 DONE 0.0s

#4 [internal] load build context
#4 transferring context: 3.25kB 0.0s done
#4 DONE 0.0s

#5 [1/2] FROM docker.io/library/python:3.11
#5 CACHED

#6 [2/2] COPY hard-gists/25d48938c07b73541361/snippet.py /snippet.py
#6 DONE 0.1s

#7 exporting to image
#7 exporting layers 0.0s done
#7 writing image sha256:ca6ea0c11ad8e8a9118338b691c7dec38e9312c739438c1a8117d0d2a8ef7c7a done
#7 naming to docker.io/library/test-image-25d48938c07b73541361 done
#7 DONE 0.1s

View build details: docker-desktop://dashboard/build/default/default/evg81gipvffrjyx7bg953mhcx
[2025-10-29 13:09:21] SUCCESS: Build completed for 25d48938c07b73541361
