=== Docker Build Log for 6c78e65f4b78adfa3766 ===
Started at: Mi 29. Okt 16:49:18 CET 2025

[2025-10-29 16:49:18] START: Building image for 6c78e65f4b78adfa3766
#0 building with "default" instance using docker driver

#1 [internal] load build definition from Dockerfile
#1 transferring dockerfile: 145B done
#1 DONE 0.0s

#2 [internal] load metadata for docker.io/library/python:3.11
#2 DONE 0.0s

#3 [internal] load .dockerignore
#3 transferring context: 2B done
#3 DONE 0.0s

#4 [internal] load build context
#4 transferring context: 700B 0.0s done
#4 DONE 0.0s

#5 [1/2] FROM docker.io/library/python:3.11
#5 CACHED

#6 [2/2] COPY hard-gists/6c78e65f4b78adfa3766/snippet.py /snippet.py
#6 DONE 0.1s

#7 exporting to image
#7 exporting layers 0.0s done
#7 writing image sha256:d765f2e5e51926cf89ed9bef0ab2ae0c97464943ff149a990cf6b128d9685d4d done
#7 naming to docker.io/library/test-image-6c78e65f4b78adfa3766 done
#7 DONE 0.1s

View build details: docker-desktop://dashboard/build/default/default/ozpwlq1ps7678xewhmgl1fdzt
[2025-10-29 16:49:18] SUCCESS: Build completed for 6c78e65f4b78adfa3766
