=== Docker Build Log for 53aad9bb83b233b523270c30d36e4c81 ===
Started at: Mi 29. Okt 15:38:41 CET 2025

[2025-10-29 15:38:41] START: Building image for 53aad9bb83b233b523270c30d36e4c81
#0 building with "default" instance using docker driver

#1 [internal] load build definition from Dockerfile
#1 transferring dockerfile: 194B done
#1 DONE 0.0s

#2 [internal] load metadata for docker.io/library/python:3.11
#2 DONE 0.0s

#3 [internal] load .dockerignore
#3 transferring context: 2B done
#3 DONE 0.0s

#4 [internal] load build context
#4 transferring context: 1.08kB 0.0s done
#4 DONE 0.0s

#5 [1/3] FROM docker.io/library/python:3.11
#5 CACHED

#6 [2/3] COPY hard-gists/53aad9bb83b233b523270c30d36e4c81/snippet.py /snippet.py
#6 DONE 0.1s

#7 [3/3] RUN ["pip","install","tensorflow"]
#7 2.542 Collecting tensorflow
#7 2.578   Downloading tensorflow-2.20.0-cp311-cp311-manylinux_2_17_x86_64.manylinux2014_x86_64.whl.metadata (4.5 kB)
#7 2.650 Collecting absl-py>=1.0.0 (from tensorflow)
#7 2.659   Downloading absl_py-2.3.1-py3-none-any.whl.metadata (3.3 kB)
#7 2.696 Collecting astunparse>=1.6.0 (from tensorflow)
#7 2.704   Downloading astunparse-1.6.3-py2.py3-none-any.whl.metadata (4.4 kB)
#7 2.746 Collecting flatbuffers>=24.3.25 (from tensorflow)
#7 2.755   Downloading flatbuffers-25.9.23-py2.py3-none-any.whl.metadata (875 bytes)
#7 2.799 Collecting gast!=0.5.0,!=0.5.1,!=0.5.2,>=0.2.1 (from tensorflow)
#7 2.808   Downloading gast-0.6.0-py3-none-any.whl.metadata (1.3 kB)
#7 2.843 Collecting google_pasta>=0.1.1 (from tensorflow)
#7 2.853   Downloading google_pasta-0.2.0-py3-none-any.whl.metadata (814 bytes)
#7 2.895 Collecting libclang>=13.0.0 (from tensorflow)
#7 2.904   Downloading libclang-18.1.1-py2.py3-none-manylinux2010_x86_64.whl.metadata (5.2 kB)
#7 2.944 Collecting opt_einsum>=2.3.2 (from tensorflow)
#7 2.953   Downloading opt_einsum-3.4.0-py3-none-any.whl.metadata (6.3 kB)
#7 2.999 Collecting packaging (from tensorflow)
#7 3.007   Downloading packaging-25.0-py3-none-any.whl.metadata (3.3 kB)
#7 3.206 Collecting protobuf>=5.28.0 (from tensorflow)
#7 3.214   Downloading protobuf-6.33.0-cp39-abi3-manylinux2014_x86_64.whl.metadata (593 bytes)
#7 3.277 Collecting requests<3,>=2.21.0 (from tensorflow)
#7 3.285   Downloading requests-2.32.5-py3-none-any.whl.metadata (4.9 kB)
#7 3.296 Requirement already satisfied: setuptools in /usr/local/lib/python3.11/site-packages (from tensorflow) (79.0.1)
#7 3.324 Collecting six>=1.12.0 (from tensorflow)
#7 3.336   Downloading six-1.17.0-py2.py3-none-any.whl.metadata (1.7 kB)
#7 3.374 Collecting termcolor>=1.1.0 (from tensorflow)
#7 3.382   Downloading termcolor-3.2.0-py3-none-any.whl.metadata (6.4 kB)
#7 3.428 Collecting typing_extensions>=3.6.6 (from tensorflow)
#7 3.435   Downloading typing_extensions-4.15.0-py3-none-any.whl.metadata (3.3 kB)
#7 3.582 Collecting wrapt>=1.11.0 (from tensorflow)
#7 3.591   Downloading wrapt-2.0.0-cp311-cp311-manylinux1_x86_64.manylinux_2_28_x86_64.manylinux_2_5_x86_64.whl.metadata (8.8 kB)
#7 4.162 Collecting grpcio<2.0,>=1.24.3 (from tensorflow)
#7 4.173   Downloading grpcio-1.76.0-cp311-cp311-manylinux2014_x86_64.manylinux_2_17_x86_64.whl.metadata (3.7 kB)
#7 4.228 Collecting tensorboard~=2.20.0 (from tensorflow)
#7 4.237   Downloading tensorboard-2.20.0-py3-none-any.whl.metadata (1.8 kB)
#7 4.286 Collecting keras>=3.10.0 (from tensorflow)
#7 4.295   Downloading keras-3.12.0-py3-none-any.whl.metadata (5.9 kB)
#7 4.544 Collecting numpy>=1.26.0 (from tensorflow)
#7 4.553   Downloading numpy-2.3.4-cp311-cp311-manylinux_2_27_x86_64.manylinux_2_28_x86_64.whl.metadata (62 kB)
#7 4.583      ━━━━━━━━━━━━━━━━━━━━━━━━━━━━━━━━━━━━━━━━ 62.1/62.1 kB 1.9 MB/s eta 0:00:00
#7 4.669 Collecting h5py>=3.11.0 (from tensorflow)
#7 4.679   Downloading h5py-3.15.1-cp311-cp311-manylinux_2_27_x86_64.manylinux_2_28_x86_64.whl.metadata (3.0 kB)
#7 4.739 Collecting ml_dtypes<1.0.0,>=0.5.1 (from tensorflow)
#7 4.749   Downloading ml_dtypes-0.5.3-cp311-cp311-manylinux_2_27_x86_64.manylinux_2_28_x86_64.whl.metadata (8.9 kB)
#7 4.768 Requirement already satisfied: wheel<1.0,>=0.23.0 in /usr/local/lib/python3.11/site-packages (from astunparse>=1.6.0->tensorflow) (0.45.1)
#7 4.892 Collecting rich (from keras>=3.10.0->tensorflow)
#7 4.901   Downloading rich-14.2.0-py3-none-any.whl.metadata (18 kB)
#7 4.940 Collecting namex (from keras>=3.10.0->tensorflow)
#7 4.951   Downloading namex-0.1.0-py3-none-any.whl.metadata (322 bytes)
#7 5.080 Collecting optree (from keras>=3.10.0->tensorflow)
#7 5.092   Downloading optree-0.17.0-cp311-cp311-manylinux_2_27_x86_64.manylinux_2_28_x86_64.whl.metadata (33 kB)
#7 5.244 Collecting charset_normalizer<4,>=2 (from requests<3,>=2.21.0->tensorflow)
#7 5.253   Downloading charset_normalizer-3.4.4-cp311-cp311-manylinux2014_x86_64.manylinux_2_17_x86_64.manylinux_2_28_x86_64.whl.metadata (37 kB)
#7 5.295 Collecting idna<4,>=2.5 (from requests<3,>=2.21.0->tensorflow)
#7 5.304   Downloading idna-3.11-py3-none-any.whl.metadata (8.4 kB)
#7 5.365 Collecting urllib3<3,>=1.21.1 (from requests<3,>=2.21.0->tensorflow)
#7 5.374   Downloading urllib3-2.5.0-py3-none-any.whl.metadata (6.5 kB)
#7 5.420 Collecting certifi>=2017.4.17 (from requests<3,>=2.21.0->tensorflow)
#7 5.428   Downloading certifi-2025.10.5-py3-none-any.whl.metadata (2.5 kB)
#7 5.504 Collecting markdown>=2.6.8 (from tensorboard~=2.20.0->tensorflow)
#7 5.513   Downloading markdown-3.9-py3-none-any.whl.metadata (5.1 kB)
#7 5.784 Collecting pillow (from tensorboard~=2.20.0->tensorflow)
#7 5.796   Downloading pillow-12.0.0-cp311-cp311-manylinux_2_27_x86_64.manylinux_2_28_x86_64.whl.metadata (8.8 kB)
#7 5.869 Collecting tensorboard-data-server<0.8.0,>=0.7.0 (from tensorboard~=2.20.0->tensorflow)
#7 5.878   Downloading tensorboard_data_server-0.7.2-py3-none-manylinux_2_31_x86_64.whl.metadata (1.1 kB)
#7 5.945 Collecting werkzeug>=1.0.1 (from tensorboard~=2.20.0->tensorflow)
#7 5.954   Downloading werkzeug-3.1.3-py3-none-any.whl.metadata (3.7 kB)
#7 6.167 Collecting MarkupSafe>=2.1.1 (from werkzeug>=1.0.1->tensorboard~=2.20.0->tensorflow)
#7 6.177   Downloading markupsafe-3.0.3-cp311-cp311-manylinux2014_x86_64.manylinux_2_17_x86_64.manylinux_2_28_x86_64.whl.metadata (2.7 kB)
#7 6.293 Collecting markdown-it-py>=2.2.0 (from rich->keras>=3.10.0->tensorflow)
#7 6.302   Downloading markdown_it_py-4.0.0-py3-none-any.whl.metadata (7.3 kB)
#7 6.364 Collecting pygments<3.0.0,>=2.13.0 (from rich->keras>=3.10.0->tensorflow)
#7 6.373   Downloading pygments-2.19.2-py3-none-any.whl.metadata (2.5 kB)
#7 6.425 Collecting mdurl~=0.1 (from markdown-it-py>=2.2.0->rich->keras>=3.10.0->tensorflow)
#7 6.434   Downloading mdurl-0.1.2-py3-none-any.whl.metadata (1.6 kB)
#7 6.474 Downloading tensorflow-2.20.0-cp311-cp311-manylinux_2_17_x86_64.manylinux2014_x86_64.whl (620.6 MB)
#7 32.60    ━━━━━━━━━━━━━━━━━━━━━━━━━━━━━━━━━━━━━━━━ 620.6/620.6 MB 1.7 MB/s eta 0:00:00
#7 32.61 Downloading absl_py-2.3.1-py3-none-any.whl (135 kB)
#7 32.63    ━━━━━━━━━━━━━━━━━━━━━━━━━━━━━━━━━━━━━━━━ 135.8/135.8 kB 10.5 MB/s eta 0:00:00
#7 32.64 Downloading astunparse-1.6.3-py2.py3-none-any.whl (12 kB)
#7 32.65 Downloading flatbuffers-25.9.23-py2.py3-none-any.whl (30 kB)
#7 32.68 Downloading gast-0.6.0-py3-none-any.whl (21 kB)
#7 32.70 Downloading google_pasta-0.2.0-py3-none-any.whl (57 kB)
#7 32.71    ━━━━━━━━━━━━━━━━━━━━━━━━━━━━━━━━━━━━━━━━ 57.5/57.5 kB 4.7 MB/s eta 0:00:00
#7 32.72 Downloading grpcio-1.76.0-cp311-cp311-manylinux2014_x86_64.manylinux_2_17_x86_64.whl (6.6 MB)
#7 32.98    ━━━━━━━━━━━━━━━━━━━━━━━━━━━━━━━━━━━━━━━━ 6.6/6.6 MB 25.6 MB/s eta 0:00:00
#7 32.99 Downloading h5py-3.15.1-cp311-cp311-manylinux_2_27_x86_64.manylinux_2_28_x86_64.whl (4.7 MB)
#7 33.17    ━━━━━━━━━━━━━━━━━━━━━━━━━━━━━━━━━━━━━━━━ 4.7/4.7 MB 27.1 MB/s eta 0:00:00
#7 33.18 Downloading keras-3.12.0-py3-none-any.whl (1.5 MB)
#7 33.23    ━━━━━━━━━━━━━━━━━━━━━━━━━━━━━━━━━━━━━━━━ 1.5/1.5 MB 26.4 MB/s eta 0:00:00
#7 33.24 Downloading libclang-18.1.1-py2.py3-none-manylinux2010_x86_64.whl (24.5 MB)
#7 34.17    ━━━━━━━━━━━━━━━━━━━━━━━━━━━━━━━━━━━━━━━━ 24.5/24.5 MB 21.5 MB/s eta 0:00:00
#7 34.18 Downloading ml_dtypes-0.5.3-cp311-cp311-manylinux_2_27_x86_64.manylinux_2_28_x86_64.whl (4.9 MB)
#7 34.37    ━━━━━━━━━━━━━━━━━━━━━━━━━━━━━━━━━━━━━━━━ 4.9/4.9 MB 26.8 MB/s eta 0:00:00
#7 34.38 Downloading numpy-2.3.4-cp311-cp311-manylinux_2_27_x86_64.manylinux_2_28_x86_64.whl (16.9 MB)
#7 35.04    ━━━━━━━━━━━━━━━━━━━━━━━━━━━━━━━━━━━━━━━━ 16.9/16.9 MB 22.8 MB/s eta 0:00:00
#7 35.05 Downloading opt_einsum-3.4.0-py3-none-any.whl (71 kB)
#7 35.06    ━━━━━━━━━━━━━━━━━━━━━━━━━━━━━━━━━━━━━━━━ 71.9/71.9 kB 6.1 MB/s eta 0:00:00
#7 35.07 Downloading protobuf-6.33.0-cp39-abi3-manylinux2014_x86_64.whl (323 kB)
#7 35.09    ━━━━━━━━━━━━━━━━━━━━━━━━━━━━━━━━━━━━━━━━ 323.2/323.2 kB 17.9 MB/s eta 0:00:00
#7 35.10 Downloading requests-2.32.5-py3-none-any.whl (64 kB)
#7 35.11    ━━━━━━━━━━━━━━━━━━━━━━━━━━━━━━━━━━━━━━━━ 64.7/64.7 kB 5.8 MB/s eta 0:00:00
#7 35.12 Downloading six-1.17.0-py2.py3-none-any.whl (11 kB)
#7 35.14 Downloading tensorboard-2.20.0-py3-none-any.whl (5.5 MB)
#7 35.34    ━━━━━━━━━━━━━━━━━━━━━━━━━━━━━━━━━━━━━━━━ 5.5/5.5 MB 26.7 MB/s eta 0:00:00
#7 35.35 Downloading termcolor-3.2.0-py3-none-any.whl (7.7 kB)
#7 35.37 Downloading typing_extensions-4.15.0-py3-none-any.whl (44 kB)
#7 35.38    ━━━━━━━━━━━━━━━━━━━━━━━━━━━━━━━━━━━━━━━━ 44.6/44.6 kB 3.5 MB/s eta 0:00:00
#7 35.39 Downloading wrapt-2.0.0-cp311-cp311-manylinux1_x86_64.manylinux_2_28_x86_64.manylinux_2_5_x86_64.whl (114 kB)
#7 35.41    ━━━━━━━━━━━━━━━━━━━━━━━━━━━━━━━━━━━━━━━━ 114.1/114.1 kB 7.9 MB/s eta 0:00:00
#7 35.42 Downloading packaging-25.0-py3-none-any.whl (66 kB)
#7 35.43    ━━━━━━━━━━━━━━━━━━━━━━━━━━━━━━━━━━━━━━━━ 66.5/66.5 kB 5.6 MB/s eta 0:00:00
#7 35.44 Downloading certifi-2025.10.5-py3-none-any.whl (163 kB)
#7 35.46    ━━━━━━━━━━━━━━━━━━━━━━━━━━━━━━━━━━━━━━━━ 163.3/163.3 kB 10.0 MB/s eta 0:00:00
#7 35.47 Downloading charset_normalizer-3.4.4-cp311-cp311-manylinux2014_x86_64.manylinux_2_17_x86_64.manylinux_2_28_x86_64.whl (151 kB)
#7 35.48    ━━━━━━━━━━━━━━━━━━━━━━━━━━━━━━━━━━━━━━━━ 151.6/151.6 kB 11.1 MB/s eta 0:00:00
#7 35.49 Downloading idna-3.11-py3-none-any.whl (71 kB)
#7 35.50    ━━━━━━━━━━━━━━━━━━━━━━━━━━━━━━━━━━━━━━━━ 71.0/71.0 kB 5.9 MB/s eta 0:00:00
#7 35.51 Downloading markdown-3.9-py3-none-any.whl (107 kB)
#7 35.52    ━━━━━━━━━━━━━━━━━━━━━━━━━━━━━━━━━━━━━━━━ 107.4/107.4 kB 8.4 MB/s eta 0:00:00
#7 35.53 Downloading tensorboard_data_server-0.7.2-py3-none-manylinux_2_31_x86_64.whl (6.6 MB)
#7 35.80    ━━━━━━━━━━━━━━━━━━━━━━━━━━━━━━━━━━━━━━━━ 6.6/6.6 MB 25.3 MB/s eta 0:00:00
#7 35.81 Downloading urllib3-2.5.0-py3-none-any.whl (129 kB)
#7 35.82    ━━━━━━━━━━━━━━━━━━━━━━━━━━━━━━━━━━━━━━━━ 129.8/129.8 kB 12.5 MB/s eta 0:00:00
#7 35.83 Downloading werkzeug-3.1.3-py3-none-any.whl (224 kB)
#7 35.84    ━━━━━━━━━━━━━━━━━━━━━━━━━━━━━━━━━━━━━━━━ 224.5/224.5 kB 15.0 MB/s eta 0:00:00
#7 35.85 Downloading namex-0.1.0-py3-none-any.whl (5.9 kB)
#7 35.87 Downloading optree-0.17.0-cp311-cp311-manylinux_2_27_x86_64.manylinux_2_28_x86_64.whl (402 kB)
#7 35.89    ━━━━━━━━━━━━━━━━━━━━━━━━━━━━━━━━━━━━━━━━ 402.0/402.0 kB 19.5 MB/s eta 0:00:00
#7 35.90 Downloading pillow-12.0.0-cp311-cp311-manylinux_2_27_x86_64.manylinux_2_28_x86_64.whl (7.0 MB)
#7 36.18    ━━━━━━━━━━━━━━━━━━━━━━━━━━━━━━━━━━━━━━━━ 7.0/7.0 MB 25.7 MB/s eta 0:00:00
#7 36.19 Downloading rich-14.2.0-py3-none-any.whl (243 kB)
#7 36.20    ━━━━━━━━━━━━━━━━━━━━━━━━━━━━━━━━━━━━━━━━ 243.4/243.4 kB 14.3 MB/s eta 0:00:00
#7 36.22 Downloading markdown_it_py-4.0.0-py3-none-any.whl (87 kB)
#7 36.23    ━━━━━━━━━━━━━━━━━━━━━━━━━━━━━━━━━━━━━━━━ 87.3/87.3 kB 8.2 MB/s eta 0:00:00
#7 36.24 Downloading markupsafe-3.0.3-cp311-cp311-manylinux2014_x86_64.manylinux_2_17_x86_64.manylinux_2_28_x86_64.whl (22 kB)
#7 36.26 Downloading pygments-2.19.2-py3-none-any.whl (1.2 MB)
#7 36.31    ━━━━━━━━━━━━━━━━━━━━━━━━━━━━━━━━━━━━━━━━ 1.2/1.2 MB 25.4 MB/s eta 0:00:00
#7 36.32 Downloading mdurl-0.1.2-py3-none-any.whl (10.0 kB)
#7 38.40 Installing collected packages: namex, libclang, flatbuffers, wrapt, urllib3, typing_extensions, termcolor, tensorboard-data-server, six, pygments, protobuf, pillow, packaging, opt_einsum, numpy, mdurl, MarkupSafe, markdown, idna, gast, charset_normalizer, certifi, absl-py, werkzeug, requests, optree, ml_dtypes, markdown-it-py, h5py, grpcio, google_pasta, astunparse, tensorboard, rich, keras, tensorflow
#7 55.35 Successfully installed MarkupSafe-3.0.3 absl-py-2.3.1 astunparse-1.6.3 certifi-2025.10.5 charset_normalizer-3.4.4 flatbuffers-25.9.23 gast-0.6.0 google_pasta-0.2.0 grpcio-1.76.0 h5py-3.15.1 idna-3.11 keras-3.12.0 libclang-18.1.1 markdown-3.9 markdown-it-py-4.0.0 mdurl-0.1.2 ml_dtypes-0.5.3 namex-0.1.0 numpy-2.3.4 opt_einsum-3.4.0 optree-0.17.0 packaging-25.0 pillow-12.0.0 protobuf-6.33.0 pygments-2.19.2 requests-2.32.5 rich-14.2.0 six-1.17.0 tensorboard-2.20.0 tensorboard-data-server-0.7.2 tensorflow-2.20.0 termcolor-3.2.0 typing_extensions-4.15.0 urllib3-2.5.0 werkzeug-3.1.3 wrapt-2.0.0
#7 55.35 WARNING: Running pip as the 'root' user can result in broken permissions and conflicting behaviour with the system package manager. It is recommended to use a virtual environment instead: https://pip.pypa.io/warnings/venv
#7 56.81 
#7 56.81 [notice] A new release of pip is available: 24.0 -> 25.3
#7 56.81 [notice] To update, run: pip install --upgrade pip
#7 DONE 70.9s

#8 exporting to image
#8 exporting layers
#8 exporting layers 10.8s done
#8 writing image sha256:fdb04c0a3d3ee0a453331fe05110641c0c73219f95af57115d0c9c12fd5eb1fe done
#8 naming to docker.io/library/test-image-53aad9bb83b233b523270c30d36e4c81 0.0s done
#8 DONE 10.8s

View build details: docker-desktop://dashboard/build/default/default/5wprt61ib2oyb7jpc4dvvi4no
[2025-10-29 15:40:03] SUCCESS: Build completed for 53aad9bb83b233b523270c30d36e4c81
