=== Docker Build Log for 0a509faf231cff3cdec7 ===
Started at: Mi 29. Okt 11:32:04 CET 2025

[2025-10-29 11:32:04] START: Building image for 0a509faf231cff3cdec7
#0 building with "default" instance using docker driver

#1 [internal] load build definition from Dockerfile
#1 transferring dockerfile: 177B done
#1 DONE 0.0s

#2 [internal] load metadata for docker.io/library/python:3.11
#2 DONE 0.0s

#3 [internal] load .dockerignore
#3 transferring context: 2B done
#3 DONE 0.0s

#4 [internal] load build context
#4 transferring context: 1.61kB 0.0s done
#4 DONE 0.0s

#5 [1/3] FROM docker.io/library/python:3.11
#5 CACHED

#6 [2/3] COPY hard-gists/0a509faf231cff3cdec7/snippet.py /snippet.py
#6 DONE 0.1s

#7 [3/3] RUN ["pip","install","Flask"]
#7 1.901 Collecting Flask
#7 1.933   Downloading flask-3.1.2-py3-none-any.whl.metadata (3.2 kB)
#7 1.973 Collecting blinker>=1.9.0 (from Flask)
#7 1.982   Downloading blinker-1.9.0-py3-none-any.whl.metadata (1.6 kB)
#7 2.024 Collecting click>=8.1.3 (from Flask)
#7 2.032   Downloading click-8.3.0-py3-none-any.whl.metadata (2.6 kB)
#7 2.067 Collecting itsdangerous>=2.2.0 (from Flask)
#7 2.075   Downloading itsdangerous-2.2.0-py3-none-any.whl.metadata (1.9 kB)
#7 2.115 Collecting jinja2>=3.1.2 (from Flask)
#7 2.124   Downloading jinja2-3.1.6-py3-none-any.whl.metadata (2.9 kB)
#7 2.211 Collecting markupsafe>=2.1.1 (from Flask)
#7 2.220   Downloading markupsafe-3.0.3-cp311-cp311-manylinux2014_x86_64.manylinux_2_17_x86_64.manylinux_2_28_x86_64.whl.metadata (2.7 kB)
#7 2.270 Collecting werkzeug>=3.1.0 (from Flask)
#7 2.277   Downloading werkzeug-3.1.3-py3-none-any.whl.metadata (3.7 kB)
#7 2.305 Downloading flask-3.1.2-py3-none-any.whl (103 kB)
#7 2.333    ━━━━━━━━━━━━━━━━━━━━━━━━━━━━━━━━━━━━━━━━ 103.3/103.3 kB 3.7 MB/s eta 0:00:00
#7 2.342 Downloading blinker-1.9.0-py3-none-any.whl (8.5 kB)
#7 2.362 Downloading click-8.3.0-py3-none-any.whl (107 kB)
#7 2.379    ━━━━━━━━━━━━━━━━━━━━━━━━━━━━━━━━━━━━━━━━ 107.3/107.3 kB 6.2 MB/s eta 0:00:00
#7 2.388 Downloading itsdangerous-2.2.0-py3-none-any.whl (16 kB)
#7 2.406 Downloading jinja2-3.1.6-py3-none-any.whl (134 kB)
#7 2.420    ━━━━━━━━━━━━━━━━━━━━━━━━━━━━━━━━━━━━━━━━ 134.9/134.9 kB 9.6 MB/s eta 0:00:00
#7 2.429 Downloading markupsafe-3.0.3-cp311-cp311-manylinux2014_x86_64.manylinux_2_17_x86_64.manylinux_2_28_x86_64.whl (22 kB)
#7 2.447 Downloading werkzeug-3.1.3-py3-none-any.whl (224 kB)
#7 2.465    ━━━━━━━━━━━━━━━━━━━━━━━━━━━━━━━━━━━━━━━━ 224.5/224.5 kB 13.6 MB/s eta 0:00:00
#7 2.508 Installing collected packages: markupsafe, itsdangerous, click, blinker, werkzeug, jinja2, Flask
#7 2.806 Successfully installed Flask-3.1.2 blinker-1.9.0 click-8.3.0 itsdangerous-2.2.0 jinja2-3.1.6 markupsafe-3.0.3 werkzeug-3.1.3
#7 2.806 WARNING: Running pip as the 'root' user can result in broken permissions and conflicting behaviour with the system package manager. It is recommended to use a virtual environment instead: https://pip.pypa.io/warnings/venv
#7 2.899 
#7 2.899 [notice] A new release of pip is available: 24.0 -> 25.3
#7 2.899 [notice] To update, run: pip install --upgrade pip
#7 DONE 3.1s

#8 exporting to image
#8 exporting layers 0.1s done
#8 writing image sha256:f7be0845f41ddd65f46d5423e47701de757551eacde6dbcea50625e69d5b32ac done
#8 naming to docker.io/library/test-image-0a509faf231cff3cdec7 done
#8 DONE 0.2s

View build details: docker-desktop://dashboard/build/default/default/iopscrovfbshc0jucim4kqosi
[2025-10-29 11:32:08] SUCCESS: Build completed for 0a509faf231cff3cdec7
