=== Docker Build Log for 1c160c9eee91fd44c587 ===
Started at: Mi 29. Okt 12:42:50 CET 2025

[2025-10-29 12:42:50] START: Building image for 1c160c9eee91fd44c587
#0 building with "default" instance using docker driver

#1 [internal] load build definition from Dockerfile
#1 transferring dockerfile: 145B done
#1 DONE 0.0s

#2 [internal] load metadata for docker.io/library/python:3.11
#2 DONE 0.0s

#3 [internal] load .dockerignore
#3 transferring context: 2B done
#3 DONE 0.0s

#4 [internal] load build context
#4 transferring context: 3.45kB 0.0s done
#4 DONE 0.0s

#5 [1/2] FROM docker.io/library/python:3.11
#5 CACHED

#6 [2/2] COPY hard-gists/1c160c9eee91fd44c587/snippet.py /snippet.py
#6 DONE 0.1s

#7 exporting to image
#7 exporting layers 0.0s done
#7 writing image sha256:483058b5607ed221a3cc1a32a9d10f4bbf97fd17c9e82a175b12d0c88d062133 done
#7 naming to docker.io/library/test-image-1c160c9eee91fd44c587 done
#7 DONE 0.1s

View build details: docker-desktop://dashboard/build/default/default/m417bejmzsuyrnqb86kbcf4h6
[2025-10-29 12:42:51] SUCCESS: Build completed for 1c160c9eee91fd44c587
