=== Docker Build Log for 9502024 ===
Started at: Mi 29. Okt 18:26:54 CET 2025

[2025-10-29 18:26:54] START: Building image for 9502024
#0 building with "default" instance using docker driver

#1 [internal] load build definition from Dockerfile
#1 transferring dockerfile: 198B done
#1 DONE 0.0s

#2 [internal] load metadata for docker.io/library/python:3.11
#2 DONE 0.0s

#3 [internal] load .dockerignore
#3 transferring context: 2B done
#3 DONE 0.0s

#4 [internal] load build context
#4 transferring context: 778B 0.0s done
#4 DONE 0.0s

#5 [1/4] FROM docker.io/library/python:3.11
#5 CACHED

#6 [2/4] COPY hard-gists/9502024/snippet.py /snippet.py
#6 DONE 0.1s

#7 [3/4] RUN ["pip","install","selenium"]
#7 1.931 Collecting selenium
#7 1.972   Downloading selenium-4.38.0-py3-none-any.whl.metadata (7.5 kB)
#7 2.035 Collecting urllib3<3.0,>=2.5.0 (from urllib3[socks]<3.0,>=2.5.0->selenium)
#7 2.044   Downloading urllib3-2.5.0-py3-none-any.whl.metadata (6.5 kB)
#7 2.088 Collecting trio<1.0,>=0.31.0 (from selenium)
#7 2.098   Downloading trio-0.31.0-py3-none-any.whl.metadata (8.5 kB)
#7 2.136 Collecting trio-websocket<1.0,>=0.12.2 (from selenium)
#7 2.146   Downloading trio_websocket-0.12.2-py3-none-any.whl.metadata (5.1 kB)
#7 2.190 Collecting certifi>=2025.10.5 (from selenium)
#7 2.197   Downloading certifi-2025.10.5-py3-none-any.whl.metadata (2.5 kB)
#7 2.240 Collecting typing_extensions<5.0,>=4.15.0 (from selenium)
#7 2.249   Downloading typing_extensions-4.15.0-py3-none-any.whl.metadata (3.3 kB)
#7 2.294 Collecting websocket-client<2.0,>=1.8.0 (from selenium)
#7 2.302   Downloading websocket_client-1.9.0-py3-none-any.whl.metadata (8.3 kB)
#7 2.347 Collecting attrs>=23.2.0 (from trio<1.0,>=0.31.0->selenium)
#7 2.355   Downloading attrs-25.4.0-py3-none-any.whl.metadata (10 kB)
#7 2.395 Collecting sortedcontainers (from trio<1.0,>=0.31.0->selenium)
#7 2.403   Downloading sortedcontainers-2.4.0-py2.py3-none-any.whl.metadata (10 kB)
#7 2.442 Collecting idna (from trio<1.0,>=0.31.0->selenium)
#7 2.451   Downloading idna-3.11-py3-none-any.whl.metadata (8.4 kB)
#7 2.488 Collecting outcome (from trio<1.0,>=0.31.0->selenium)
#7 2.498   Downloading outcome-1.3.0.post0-py2.py3-none-any.whl.metadata (2.6 kB)
#7 2.533 Collecting sniffio>=1.3.0 (from trio<1.0,>=0.31.0->selenium)
#7 2.541   Downloading sniffio-1.3.1-py3-none-any.whl.metadata (3.9 kB)
#7 2.583 Collecting wsproto>=0.14 (from trio-websocket<1.0,>=0.12.2->selenium)
#7 2.591   Downloading wsproto-1.2.0-py3-none-any.whl.metadata (5.6 kB)
#7 2.638 Collecting pysocks!=1.5.7,<2.0,>=1.5.6 (from urllib3[socks]<3.0,>=2.5.0->selenium)
#7 2.646   Downloading PySocks-1.7.1-py3-none-any.whl.metadata (13 kB)
#7 2.696 Collecting h11<1,>=0.9.0 (from wsproto>=0.14->trio-websocket<1.0,>=0.12.2->selenium)
#7 2.704   Downloading h11-0.16.0-py3-none-any.whl.metadata (8.3 kB)
#7 2.732 Downloading selenium-4.38.0-py3-none-any.whl (9.7 MB)
#7 3.174    ━━━━━━━━━━━━━━━━━━━━━━━━━━━━━━━━━━━━━━━━ 9.7/9.7 MB 22.0 MB/s eta 0:00:00
#7 3.182 Downloading certifi-2025.10.5-py3-none-any.whl (163 kB)
#7 3.200    ━━━━━━━━━━━━━━━━━━━━━━━━━━━━━━━━━━━━━━━━ 163.3/163.3 kB 9.6 MB/s eta 0:00:00
#7 3.208 Downloading trio-0.31.0-py3-none-any.whl (512 kB)
#7 3.234    ━━━━━━━━━━━━━━━━━━━━━━━━━━━━━━━━━━━━━━━━ 512.7/512.7 kB 20.6 MB/s eta 0:00:00
#7 3.245 Downloading trio_websocket-0.12.2-py3-none-any.whl (21 kB)
#7 3.263 Downloading typing_extensions-4.15.0-py3-none-any.whl (44 kB)
#7 3.274    ━━━━━━━━━━━━━━━━━━━━━━━━━━━━━━━━━━━━━━━━ 44.6/44.6 kB 3.8 MB/s eta 0:00:00
#7 3.282 Downloading urllib3-2.5.0-py3-none-any.whl (129 kB)
#7 3.296    ━━━━━━━━━━━━━━━━━━━━━━━━━━━━━━━━━━━━━━━━ 129.8/129.8 kB 9.8 MB/s eta 0:00:00
#7 3.303 Downloading websocket_client-1.9.0-py3-none-any.whl (82 kB)
#7 3.316    ━━━━━━━━━━━━━━━━━━━━━━━━━━━━━━━━━━━━━━━━ 82.6/82.6 kB 6.5 MB/s eta 0:00:00
#7 3.324 Downloading attrs-25.4.0-py3-none-any.whl (67 kB)
#7 3.336    ━━━━━━━━━━━━━━━━━━━━━━━━━━━━━━━━━━━━━━━━ 67.6/67.6 kB 5.6 MB/s eta 0:00:00
#7 3.344 Downloading outcome-1.3.0.post0-py2.py3-none-any.whl (10 kB)
#7 3.362 Downloading PySocks-1.7.1-py3-none-any.whl (16 kB)
#7 3.379 Downloading sniffio-1.3.1-py3-none-any.whl (10 kB)
#7 3.398 Downloading wsproto-1.2.0-py3-none-any.whl (24 kB)
#7 3.415 Downloading idna-3.11-py3-none-any.whl (71 kB)
#7 3.427    ━━━━━━━━━━━━━━━━━━━━━━━━━━━━━━━━━━━━━━━━ 71.0/71.0 kB 5.9 MB/s eta 0:00:00
#7 3.435 Downloading sortedcontainers-2.4.0-py2.py3-none-any.whl (29 kB)
#7 3.454 Downloading h11-0.16.0-py3-none-any.whl (37 kB)
#7 3.565 Installing collected packages: sortedcontainers, websocket-client, urllib3, typing_extensions, sniffio, pysocks, idna, h11, certifi, attrs, wsproto, outcome, trio, trio-websocket, selenium
#7 4.742 Successfully installed attrs-25.4.0 certifi-2025.10.5 h11-0.16.0 idna-3.11 outcome-1.3.0.post0 pysocks-1.7.1 selenium-4.38.0 sniffio-1.3.1 sortedcontainers-2.4.0 trio-0.31.0 trio-websocket-0.12.2 typing_extensions-4.15.0 urllib3-2.5.0 websocket-client-1.9.0 wsproto-1.2.0
#7 4.742 WARNING: Running pip as the 'root' user can result in broken permissions and conflicting behaviour with the system package manager. It is recommended to use a virtual environment instead: https://pip.pypa.io/warnings/venv
#7 4.839 
#7 4.839 [notice] A new release of pip is available: 24.0 -> 25.3
#7 4.839 [notice] To update, run: pip install --upgrade pip
#7 DONE 5.2s

#8 [4/4] RUN ["pip","install","pillow"]
#8 0.710 Collecting pillow
#8 0.743   Downloading pillow-12.0.0-cp311-cp311-manylinux_2_27_x86_64.manylinux_2_28_x86_64.whl.metadata (8.8 kB)
#8 0.794 Downloading pillow-12.0.0-cp311-cp311-manylinux_2_27_x86_64.manylinux_2_28_x86_64.whl (7.0 MB)
#8 1.082    ━━━━━━━━━━━━━━━━━━━━━━━━━━━━━━━━━━━━━━━━ 7.0/7.0 MB 24.9 MB/s eta 0:00:00
#8 1.171 Installing collected packages: pillow
#8 1.421 Successfully installed pillow-12.0.0
#8 1.422 WARNING: Running pip as the 'root' user can result in broken permissions and conflicting behaviour with the system package manager. It is recommended to use a virtual environment instead: https://pip.pypa.io/warnings/venv
#8 1.427 
#8 1.427 [notice] A new release of pip is available: 24.0 -> 25.3
#8 1.427 [notice] To update, run: pip install --upgrade pip
#8 DONE 1.7s

#9 exporting to image
#9 exporting layers
#9 exporting layers 0.3s done
#9 writing image sha256:7ae5b1044795856ee44daf8569ce64f3d42af911d20564ed8037e12983e3f6b6 done
#9 naming to docker.io/library/test-image-9502024 0.0s done
#9 DONE 0.4s

View build details: docker-desktop://dashboard/build/default/default/n296ymqc7e2zucsi52q8k0rbn
[2025-10-29 18:27:02] SUCCESS: Build completed for 9502024
