=== Docker Build Log for 2192812 ===
Started at: Mi 29. Okt 13:00:24 CET 2025

[2025-10-29 13:00:24] START: Building image for 2192812
#0 building with "default" instance using docker driver

#1 [internal] load build definition from Dockerfile
#1 transferring dockerfile: 132B done
#1 DONE 0.0s

#2 [internal] load metadata for docker.io/library/python:3.11
#2 DONE 0.0s

#3 [internal] load .dockerignore
#3 transferring context: 2B done
#3 DONE 0.0s

#4 [internal] load build context
#4 transferring context: 1.44kB 0.0s done
#4 DONE 0.0s

#5 [1/2] FROM docker.io/library/python:3.11
#5 CACHED

#6 [2/2] COPY hard-gists/2192812/snippet.py /snippet.py
#6 DONE 0.1s

#7 exporting to image
#7 exporting layers 0.0s done
#7 writing image sha256:0c750456ae328740aaa6c5316d4372635587c4311be300100e900abccb112f1f done
#7 naming to docker.io/library/test-image-2192812 done
#7 DONE 0.1s

View build details: docker-desktop://dashboard/build/default/default/1educepn0noboq7ytsgd5n7ip
[2025-10-29 13:00:24] SUCCESS: Build completed for 2192812
