=== Docker Build Log for 276a2b26cab5bc22d882 ===
Started at: Mi 29. Okt 13:13:27 CET 2025

[2025-10-29 13:13:27] START: Building image for 276a2b26cab5bc22d882
#0 building with "default" instance using docker driver

#1 [internal] load build definition from Dockerfile
#1 transferring dockerfile: 262B done
#1 DONE 0.0s

#2 [internal] load metadata for docker.io/library/python:3.11
#2 DONE 0.0s

#3 [internal] load .dockerignore
#3 transferring context: 2B done
#3 DONE 0.0s

#4 [internal] load build context
#4 transferring context: 3.93kB 0.0s done
#4 DONE 0.0s

#5 [1/6] FROM docker.io/library/python:3.11
#5 CACHED

#6 [2/6] COPY hard-gists/276a2b26cab5bc22d882/snippet.py /snippet.py
#6 DONE 0.1s

#7 [3/6] RUN ["pip","install","six"]
#7 1.896 Collecting six
#7 1.930   Downloading six-1.17.0-py2.py3-none-any.whl.metadata (1.7 kB)
#7 1.950 Downloading six-1.17.0-py2.py3-none-any.whl (11 kB)
#7 1.992 Installing collected packages: six
#7 2.009 Successfully installed six-1.17.0
#7 2.010 WARNING: Running pip as the 'root' user can result in broken permissions and conflicting behaviour with the system package manager. It is recommended to use a virtual environment instead: https://pip.pypa.io/warnings/venv
#7 2.097 
#7 2.097 [notice] A new release of pip is available: 24.0 -> 25.3
#7 2.097 [notice] To update, run: pip install --upgrade pip
#7 DONE 2.3s

#8 [4/6] RUN ["pip","install","pytest"]
#8 0.545 Collecting pytest
#8 0.579   Downloading pytest-8.4.2-py3-none-any.whl.metadata (7.7 kB)
#8 0.622 Collecting iniconfig>=1 (from pytest)
#8 0.630   Downloading iniconfig-2.3.0-py3-none-any.whl.metadata (2.5 kB)
#8 0.684 Collecting packaging>=20 (from pytest)
#8 0.692   Downloading packaging-25.0-py3-none-any.whl.metadata (3.3 kB)
#8 0.733 Collecting pluggy<2,>=1.5 (from pytest)
#8 0.742   Downloading pluggy-1.6.0-py3-none-any.whl.metadata (4.8 kB)
#8 0.787 Collecting pygments>=2.7.2 (from pytest)
#8 0.796   Downloading pygments-2.19.2-py3-none-any.whl.metadata (2.5 kB)
#8 0.826 Downloading pytest-8.4.2-py3-none-any.whl (365 kB)
#8 0.864    ━━━━━━━━━━━━━━━━━━━━━━━━━━━━━━━━━━━━━━━━ 365.8/365.8 kB 9.9 MB/s eta 0:00:00
#8 0.873 Downloading iniconfig-2.3.0-py3-none-any.whl (7.5 kB)
#8 0.890 Downloading packaging-25.0-py3-none-any.whl (66 kB)
#8 0.901    ━━━━━━━━━━━━━━━━━━━━━━━━━━━━━━━━━━━━━━━━ 66.5/66.5 kB 5.9 MB/s eta 0:00:00
#8 0.909 Downloading pluggy-1.6.0-py3-none-any.whl (20 kB)
#8 0.927 Downloading pygments-2.19.2-py3-none-any.whl (1.2 MB)
#8 0.979    ━━━━━━━━━━━━━━━━━━━━━━━━━━━━━━━━━━━━━━━━ 1.2/1.2 MB 24.1 MB/s eta 0:00:00
#8 1.029 Installing collected packages: pygments, pluggy, packaging, iniconfig, pytest
#8 1.792 Successfully installed iniconfig-2.3.0 packaging-25.0 pluggy-1.6.0 pygments-2.19.2 pytest-8.4.2
#8 1.792 WARNING: Running pip as the 'root' user can result in broken permissions and conflicting behaviour with the system package manager. It is recommended to use a virtual environment instead: https://pip.pypa.io/warnings/venv
#8 1.798 
#8 1.798 [notice] A new release of pip is available: 24.0 -> 25.3
#8 1.798 [notice] To update, run: pip install --upgrade pip
#8 DONE 2.0s

#9 [5/6] RUN ["pip","install","py"]
#9 0.552 Collecting py
#9 0.591   Downloading py-1.11.0-py2.py3-none-any.whl.metadata (2.8 kB)
#9 0.614 Downloading py-1.11.0-py2.py3-none-any.whl (98 kB)
#9 0.649    ━━━━━━━━━━━━━━━━━━━━━━━━━━━━━━━━━━━━━━━━ 98.7/98.7 kB 2.9 MB/s eta 0:00:00
#9 0.694 Installing collected packages: py
#9 0.774 Successfully installed py-1.11.0
#9 0.774 WARNING: Running pip as the 'root' user can result in broken permissions and conflicting behaviour with the system package manager. It is recommended to use a virtual environment instead: https://pip.pypa.io/warnings/venv
#9 0.780 
#9 0.780 [notice] A new release of pip is available: 24.0 -> 25.3
#9 0.780 [notice] To update, run: pip install --upgrade pip
#9 DONE 0.9s

#10 [6/6] RUN ["pip","install","maya"]
#10 0.495 Collecting maya
#10 0.534   Downloading maya-0.6.1-py2.py3-none-any.whl.metadata (7.1 kB)
#10 0.584 Collecting humanize (from maya)
#10 0.630   Downloading humanize-4.14.0-py3-none-any.whl.metadata (7.8 kB)
#10 0.704 Collecting pytz (from maya)
#10 0.713   Downloading pytz-2025.2-py2.py3-none-any.whl.metadata (22 kB)
#10 0.758 Collecting dateparser>=0.7.0 (from maya)
#10 0.767   Downloading dateparser-1.2.2-py3-none-any.whl.metadata (29 kB)
#10 0.816 Collecting tzlocal (from maya)
#10 0.824   Downloading tzlocal-5.3.1-py3-none-any.whl.metadata (7.6 kB)
#10 0.899 Collecting pendulum>=2.0.2 (from maya)
#10 0.908   Downloading pendulum-3.1.0-cp311-cp311-manylinux_2_17_x86_64.manylinux2014_x86_64.whl.metadata (6.8 kB)
#10 1.043 Collecting snaptime (from maya)
#10 1.052   Downloading snaptime-0.2.4.tar.gz (2.9 kB)
#10 1.064   Preparing metadata (setup.py): started
#10 1.441   Preparing metadata (setup.py): finished with status 'done'
#10 1.481 Collecting python-dateutil>=2.7.0 (from dateparser>=0.7.0->maya)
#10 1.490   Downloading python_dateutil-2.9.0.post0-py2.py3-none-any.whl.metadata (8.4 kB)
#10 1.843 Collecting regex>=2024.9.11 (from dateparser>=0.7.0->maya)
#10 1.854   Downloading regex-2025.10.23-cp311-cp311-manylinux2014_x86_64.manylinux_2_17_x86_64.manylinux_2_28_x86_64.whl.metadata (40 kB)
#10 1.873      ━━━━━━━━━━━━━━━━━━━━━━━━━━━━━━━━━━━━━━━━ 40.5/40.5 kB 1.8 MB/s eta 0:00:00
#10 1.915 Collecting tzdata>=2020.1 (from pendulum>=2.0.2->maya)
#10 1.924   Downloading tzdata-2025.2-py2.py3-none-any.whl.metadata (1.4 kB)
#10 1.943 Requirement already satisfied: six>=1.5 in /usr/local/lib/python3.11/site-packages (from python-dateutil>=2.7.0->dateparser>=0.7.0->maya) (1.17.0)
#10 1.956 Downloading maya-0.6.1-py2.py3-none-any.whl (12 kB)
#10 1.978 Downloading dateparser-1.2.2-py3-none-any.whl (315 kB)
#10 2.009    ━━━━━━━━━━━━━━━━━━━━━━━━━━━━━━━━━━━━━━━━ 315.5/315.5 kB 10.3 MB/s eta 0:00:00
#10 2.020 Downloading pendulum-3.1.0-cp311-cp311-manylinux_2_17_x86_64.manylinux2014_x86_64.whl (353 kB)
#10 2.040    ━━━━━━━━━━━━━━━━━━━━━━━━━━━━━━━━━━━━━━━━ 353.7/353.7 kB 19.1 MB/s eta 0:00:00
#10 2.048 Downloading pytz-2025.2-py2.py3-none-any.whl (509 kB)
#10 2.075    ━━━━━━━━━━━━━━━━━━━━━━━━━━━━━━━━━━━━━━━━ 509.2/509.2 kB 19.5 MB/s eta 0:00:00
#10 2.083 Downloading tzlocal-5.3.1-py3-none-any.whl (18 kB)
#10 2.102 Downloading humanize-4.14.0-py3-none-any.whl (132 kB)
#10 2.116    ━━━━━━━━━━━━━━━━━━━━━━━━━━━━━━━━━━━━━━━━ 132.1/132.1 kB 9.5 MB/s eta 0:00:00
#10 2.125 Downloading python_dateutil-2.9.0.post0-py2.py3-none-any.whl (229 kB)
#10 2.142    ━━━━━━━━━━━━━━━━━━━━━━━━━━━━━━━━━━━━━━━━ 229.9/229.9 kB 14.0 MB/s eta 0:00:00
#10 2.154 Downloading regex-2025.10.23-cp311-cp311-manylinux2014_x86_64.manylinux_2_17_x86_64.manylinux_2_28_x86_64.whl (800 kB)
#10 2.189    ━━━━━━━━━━━━━━━━━━━━━━━━━━━━━━━━━━━━━━━━ 800.3/800.3 kB 23.2 MB/s eta 0:00:00
#10 2.197 Downloading tzdata-2025.2-py2.py3-none-any.whl (347 kB)
#10 2.218    ━━━━━━━━━━━━━━━━━━━━━━━━━━━━━━━━━━━━━━━━ 347.8/347.8 kB 16.9 MB/s eta 0:00:00
#10 2.234 Building wheels for collected packages: snaptime
#10 2.235   Building wheel for snaptime (setup.py): started
#10 2.395   Building wheel for snaptime (setup.py): finished with status 'done'
#10 2.395   Created wheel for snaptime: filename=snaptime-0.2.4-py3-none-any.whl size=3605 sha256=d8c32d73c92bcc3f09984189129de387cb2749e9e839c06b145fe85aedd97cd1
#10 2.395   Stored in directory: /root/.cache/pip/wheels/af/cd/02/d3bb11d5c94237cbb0c7a2049d4ae314fdcbca899783d79d91
#10 2.396 Successfully built snaptime
#10 2.457 Installing collected packages: pytz, tzlocal, tzdata, regex, python-dateutil, humanize, snaptime, pendulum, dateparser, maya
#10 3.092 Successfully installed dateparser-1.2.2 humanize-4.14.0 maya-0.6.1 pendulum-3.1.0 python-dateutil-2.9.0.post0 pytz-2025.2 regex-2025.10.23 snaptime-0.2.4 tzdata-2025.2 tzlocal-5.3.1
#10 3.093 WARNING: Running pip as the 'root' user can result in broken permissions and conflicting behaviour with the system package manager. It is recommended to use a virtual environment instead: https://pip.pypa.io/warnings/venv
#10 3.098 
#10 3.098 [notice] A new release of pip is available: 24.0 -> 25.3
#10 3.098 [notice] To update, run: pip install --upgrade pip
#10 DONE 3.4s

#11 exporting to image
#11 exporting layers
#11 exporting layers 0.2s done
#11 writing image sha256:ae6329b435dd0767f8e6f333374d3902a7b8edd45c71dae86888a4de9da1f174 done
#11 naming to docker.io/library/test-image-276a2b26cab5bc22d882 done
#11 DONE 0.3s

View build details: docker-desktop://dashboard/build/default/default/kgukgyctghoyvuu0s79hnxh6s
[2025-10-29 13:13:37] SUCCESS: Build completed for 276a2b26cab5bc22d882
