=== Docker Build Log for 1342942 ===
Started at: Mi 29. Okt 12:07:47 CET 2025

[2025-10-29 12:07:47] START: Building image for 1342942
#0 building with "default" instance using docker driver

#1 [internal] load build definition from Dockerfile
#1 transferring dockerfile: 285B done
#1 DONE 0.0s

#2 [internal] load metadata for docker.io/library/python:3.11
#2 DONE 0.0s

#3 [internal] load .dockerignore
#3 transferring context: 2B done
#3 DONE 0.0s

#4 [internal] load build context
#4 transferring context: 545B 0.0s done
#4 DONE 0.0s

#5 [1/7] FROM docker.io/library/python:3.11
#5 CACHED

#6 [2/7] COPY hard-gists/1342942/snippet.py /snippet.py
#6 DONE 0.1s

#7 [3/7] RUN ["pip","install","six"]
#7 1.872 Collecting six
#7 1.903   Downloading six-1.17.0-py2.py3-none-any.whl.metadata (1.7 kB)
#7 1.926 Downloading six-1.17.0-py2.py3-none-any.whl (11 kB)
#7 1.968 Installing collected packages: six
#7 1.985 Successfully installed six-1.17.0
#7 1.985 WARNING: Running pip as the 'root' user can result in broken permissions and conflicting behaviour with the system package manager. It is recommended to use a virtual environment instead: https://pip.pypa.io/warnings/venv
#7 2.078 
#7 2.078 [notice] A new release of pip is available: 24.0 -> 25.3
#7 2.078 [notice] To update, run: pip install --upgrade pip
#7 DONE 2.2s

#8 [4/7] RUN ["pip","install","pytest"]
#8 0.533 Collecting pytest
#8 0.565   Downloading pytest-8.4.2-py3-none-any.whl.metadata (7.7 kB)
#8 0.605 Collecting iniconfig>=1 (from pytest)
#8 0.613   Downloading iniconfig-2.3.0-py3-none-any.whl.metadata (2.5 kB)
#8 0.661 Collecting packaging>=20 (from pytest)
#8 0.670   Downloading packaging-25.0-py3-none-any.whl.metadata (3.3 kB)
#8 0.707 Collecting pluggy<2,>=1.5 (from pytest)
#8 0.715   Downloading pluggy-1.6.0-py3-none-any.whl.metadata (4.8 kB)
#8 0.761 Collecting pygments>=2.7.2 (from pytest)
#8 0.768   Downloading pygments-2.19.2-py3-none-any.whl.metadata (2.5 kB)
#8 0.796 Downloading pytest-8.4.2-py3-none-any.whl (365 kB)
#8 0.839    ━━━━━━━━━━━━━━━━━━━━━━━━━━━━━━━━━━━━━━━━ 365.8/365.8 kB 8.8 MB/s eta 0:00:00
#8 0.846 Downloading iniconfig-2.3.0-py3-none-any.whl (7.5 kB)
#8 0.865 Downloading packaging-25.0-py3-none-any.whl (66 kB)
#8 0.876    ━━━━━━━━━━━━━━━━━━━━━━━━━━━━━━━━━━━━━━━━ 66.5/66.5 kB 5.8 MB/s eta 0:00:00
#8 0.884 Downloading pluggy-1.6.0-py3-none-any.whl (20 kB)
#8 0.903 Downloading pygments-2.19.2-py3-none-any.whl (1.2 MB)
#8 0.955    ━━━━━━━━━━━━━━━━━━━━━━━━━━━━━━━━━━━━━━━━ 1.2/1.2 MB 24.2 MB/s eta 0:00:00
#8 1.004 Installing collected packages: pygments, pluggy, packaging, iniconfig, pytest
#8 1.767 Successfully installed iniconfig-2.3.0 packaging-25.0 pluggy-1.6.0 pygments-2.19.2 pytest-8.4.2
#8 1.768 WARNING: Running pip as the 'root' user can result in broken permissions and conflicting behaviour with the system package manager. It is recommended to use a virtual environment instead: https://pip.pypa.io/warnings/venv
#8 1.773 
#8 1.773 [notice] A new release of pip is available: 24.0 -> 25.3
#8 1.773 [notice] To update, run: pip install --upgrade pip
#8 DONE 1.9s

#9 [5/7] RUN ["pip","install","py"]
#9 0.503 Collecting py
#9 0.536   Downloading py-1.11.0-py2.py3-none-any.whl.metadata (2.8 kB)
#9 0.561 Downloading py-1.11.0-py2.py3-none-any.whl (98 kB)
#9 0.592    ━━━━━━━━━━━━━━━━━━━━━━━━━━━━━━━━━━━━━━━━ 98.7/98.7 kB 3.0 MB/s eta 0:00:00
#9 0.635 Installing collected packages: py
#9 0.713 Successfully installed py-1.11.0
#9 0.713 WARNING: Running pip as the 'root' user can result in broken permissions and conflicting behaviour with the system package manager. It is recommended to use a virtual environment instead: https://pip.pypa.io/warnings/venv
#9 0.718 
#9 0.718 [notice] A new release of pip is available: 24.0 -> 25.3
#9 0.718 [notice] To update, run: pip install --upgrade pip
#9 DONE 0.8s

#10 [6/7] RUN ["pip","install","numpy"]
#10 0.661 Collecting numpy
#10 0.697   Downloading numpy-2.3.4-cp311-cp311-manylinux_2_27_x86_64.manylinux_2_28_x86_64.whl.metadata (62 kB)
#10 0.728      ━━━━━━━━━━━━━━━━━━━━━━━━━━━━━━━━━━━━━━━━ 62.1/62.1 kB 1.8 MB/s eta 0:00:00
#10 0.746 Downloading numpy-2.3.4-cp311-cp311-manylinux_2_27_x86_64.manylinux_2_28_x86_64.whl (16.9 MB)
#10 1.380    ━━━━━━━━━━━━━━━━━━━━━━━━━━━━━━━━━━━━━━━━ 16.9/16.9 MB 24.6 MB/s eta 0:00:00
#10 1.464 Installing collected packages: numpy
#10 2.858 Successfully installed numpy-2.3.4
#10 2.859 WARNING: Running pip as the 'root' user can result in broken permissions and conflicting behaviour with the system package manager. It is recommended to use a virtual environment instead: https://pip.pypa.io/warnings/venv
#10 2.864 
#10 2.864 [notice] A new release of pip is available: 24.0 -> 25.3
#10 2.864 [notice] To update, run: pip install --upgrade pip
#10 DONE 3.2s

#11 [7/7] RUN ["pip","install","matplotlib"]
#11 0.649 Collecting matplotlib
#11 0.683   Downloading matplotlib-3.10.7-cp311-cp311-manylinux2014_x86_64.manylinux_2_17_x86_64.whl.metadata (11 kB)
#11 0.787 Collecting contourpy>=1.0.1 (from matplotlib)
#11 0.797   Downloading contourpy-1.3.3-cp311-cp311-manylinux_2_27_x86_64.manylinux_2_28_x86_64.whl.metadata (5.5 kB)
#11 0.837 Collecting cycler>=0.10 (from matplotlib)
#11 0.846   Downloading cycler-0.12.1-py3-none-any.whl.metadata (3.8 kB)
#11 1.022 Collecting fonttools>=4.22.0 (from matplotlib)
#11 1.032   Downloading fonttools-4.60.1-cp311-cp311-manylinux2014_x86_64.manylinux_2_17_x86_64.whl.metadata (112 kB)
#11 1.070      ━━━━━━━━━━━━━━━━━━━━━━━━━━━━━━━━━━━━━━━ 112.3/112.3 kB 2.8 MB/s eta 0:00:00
#11 1.167 Collecting kiwisolver>=1.3.1 (from matplotlib)
#11 1.176   Downloading kiwisolver-1.4.9-cp311-cp311-manylinux2014_x86_64.manylinux_2_17_x86_64.whl.metadata (6.3 kB)
#11 1.195 Requirement already satisfied: numpy>=1.23 in /usr/local/lib/python3.11/site-packages (from matplotlib) (2.3.4)
#11 1.196 Requirement already satisfied: packaging>=20.0 in /usr/local/lib/python3.11/site-packages (from matplotlib) (25.0)
#11 1.373 Collecting pillow>=8 (from matplotlib)
#11 1.381   Downloading pillow-12.0.0-cp311-cp311-manylinux_2_27_x86_64.manylinux_2_28_x86_64.whl.metadata (8.8 kB)
#11 1.442 Collecting pyparsing>=3 (from matplotlib)
#11 1.450   Downloading pyparsing-3.2.5-py3-none-any.whl.metadata (5.0 kB)
#11 1.493 Collecting python-dateutil>=2.7 (from matplotlib)
#11 1.502   Downloading python_dateutil-2.9.0.post0-py2.py3-none-any.whl.metadata (8.4 kB)
#11 1.561 Requirement already satisfied: six>=1.5 in /usr/local/lib/python3.11/site-packages (from python-dateutil>=2.7->matplotlib) (1.17.0)
#11 1.575 Downloading matplotlib-3.10.7-cp311-cp311-manylinux2014_x86_64.manylinux_2_17_x86_64.whl (8.7 MB)
#11 1.894    ━━━━━━━━━━━━━━━━━━━━━━━━━━━━━━━━━━━━━━━━ 8.7/8.7 MB 27.4 MB/s eta 0:00:00
#11 1.902 Downloading contourpy-1.3.3-cp311-cp311-manylinux_2_27_x86_64.manylinux_2_28_x86_64.whl (355 kB)
#11 1.924    ━━━━━━━━━━━━━━━━━━━━━━━━━━━━━━━━━━━━━━━━ 355.2/355.2 kB 17.7 MB/s eta 0:00:00
#11 1.933 Downloading cycler-0.12.1-py3-none-any.whl (8.3 kB)
#11 1.953 Downloading fonttools-4.60.1-cp311-cp311-manylinux2014_x86_64.manylinux_2_17_x86_64.whl (5.0 MB)
#11 2.135    ━━━━━━━━━━━━━━━━━━━━━━━━━━━━━━━━━━━━━━━━ 5.0/5.0 MB 27.5 MB/s eta 0:00:00
#11 2.145 Downloading kiwisolver-1.4.9-cp311-cp311-manylinux2014_x86_64.manylinux_2_17_x86_64.whl (1.4 MB)
#11 2.200    ━━━━━━━━━━━━━━━━━━━━━━━━━━━━━━━━━━━━━━━━ 1.4/1.4 MB 26.4 MB/s eta 0:00:00
#11 2.209 Downloading pillow-12.0.0-cp311-cp311-manylinux_2_27_x86_64.manylinux_2_28_x86_64.whl (7.0 MB)
#11 2.463    ━━━━━━━━━━━━━━━━━━━━━━━━━━━━━━━━━━━━━━━━ 7.0/7.0 MB 27.9 MB/s eta 0:00:00
#11 2.471 Downloading pyparsing-3.2.5-py3-none-any.whl (113 kB)
#11 2.485    ━━━━━━━━━━━━━━━━━━━━━━━━━━━━━━━━━━━━━━━━ 113.9/113.9 kB 9.0 MB/s eta 0:00:00
#11 2.492 Downloading python_dateutil-2.9.0.post0-py2.py3-none-any.whl (229 kB)
#11 2.509    ━━━━━━━━━━━━━━━━━━━━━━━━━━━━━━━━━━━━━━━━ 229.9/229.9 kB 14.2 MB/s eta 0:00:00
#11 2.687 Installing collected packages: python-dateutil, pyparsing, pillow, kiwisolver, fonttools, cycler, contourpy, matplotlib
#11 4.638 Successfully installed contourpy-1.3.3 cycler-0.12.1 fonttools-4.60.1 kiwisolver-1.4.9 matplotlib-3.10.7 pillow-12.0.0 pyparsing-3.2.5 python-dateutil-2.9.0.post0
#11 4.639 WARNING: Running pip as the 'root' user can result in broken permissions and conflicting behaviour with the system package manager. It is recommended to use a virtual environment instead: https://pip.pypa.io/warnings/venv
#11 4.644 
#11 4.644 [notice] A new release of pip is available: 24.0 -> 25.3
#11 4.644 [notice] To update, run: pip install --upgrade pip
#11 DONE 5.3s

#12 exporting to image
#12 exporting layers
#12 exporting layers 0.5s done
#12 writing image sha256:463c7e8ffe8f42ad5eccc6a514270513832c845be4a142188b0f1a4bffe2da36 done
#12 naming to docker.io/library/test-image-1342942 done
#12 DONE 0.5s

View build details: docker-desktop://dashboard/build/default/default/a7k2k8kyf7xjv0ofoxuv2gr5y
[2025-10-29 12:08:01] SUCCESS: Build completed for 1342942
