=== Docker Run Log for 9335869 ===
Started at: Mi 29. Okt 18:23:17 CET 2025

[2025-10-29 18:23:25] START: Running container for 9335869
[2025-10-29 18:23:25] SUCCESS: Container ba6e899b3b14826903ac83612a06b891843dc6b48631fbc74dcafb3d7a49f0df started for 9335869
=== Container logs for 9335869 ===
Traceback (most recent call last):
  File "/snippet.py", line 5, in <module>
    from django.contrib.auth.views import redirect_to_login
  File "/usr/local/lib/python3.11/site-packages/django/contrib/auth/views.py", line 11, in <module>
    from django.contrib.auth.forms import (
  File "/usr/local/lib/python3.11/site-packages/django/contrib/auth/forms.py", line 7, in <module>
    from django.contrib.auth.models import User
  File "/usr/local/lib/python3.11/site-packages/django/contrib/auth/models.py", line 5, in <module>
    from django.contrib.auth.base_user import AbstractBaseUser, BaseUserManager
  File "/usr/local/lib/python3.11/site-packages/django/contrib/auth/base_user.py", line 43, in <module>
    class AbstractBaseUser(models.Model):
  File "/usr/local/lib/python3.11/site-packages/django/db/models/base.py", line 131, in __new__
    app_config = apps.get_containing_app_config(module)
                 ^^^^^^^^^^^^^^^^^^^^^^^^^^^^^^^^^^^^^^
  File "/usr/local/lib/python3.11/site-packages/django/apps/registry.py", line 260, in get_containing_app_config
    self.check_apps_ready()
  File "/usr/local/lib/python3.11/site-packages/django/apps/registry.py", line 137, in check_apps_ready
    settings.INSTALLED_APPS
  File "/usr/local/lib/python3.11/site-packages/django/conf/__init__.py", line 81, in __getattr__
    self._setup(name)
  File "/usr/local/lib/python3.11/site-packages/django/conf/__init__.py", line 61, in _setup
    raise ImproperlyConfigured(
django.core.exceptions.ImproperlyConfigured: Requested setting INSTALLED_APPS, but settings are not configured. You must either define the environment variable DJANGO_SETTINGS_MODULE or call settings.configure() before accessing settings.
=== End of logs for 9335869 ===
[2025-10-29 18:23:27] INFO: Container ba6e899b3b14826903ac83612a06b891843dc6b48631fbc74dcafb3d7a49f0df has stopped
