=== Docker Build Log for 4eb4497f57e9f6fb78d14aef27fcc750 ===
Started at: Mi 29. Okt 15:13:24 CET 2025

[2025-10-29 15:13:24] START: Building image for 4eb4497f57e9f6fb78d14aef27fcc750
#0 building with "default" instance using docker driver

#1 [internal] load build definition from Dockerfile
#1 transferring dockerfile: 157B done
#1 DONE 0.0s

#2 [internal] load metadata for docker.io/library/python:3.11
#2 DONE 0.0s

#3 [internal] load .dockerignore
#3 transferring context: 2B done
#3 DONE 0.0s

#4 [internal] load build context
#4 transferring context: 2.02kB 0.0s done
#4 DONE 0.0s

#5 [1/2] FROM docker.io/library/python:3.11
#5 CACHED

#6 [2/2] COPY hard-gists/4eb4497f57e9f6fb78d14aef27fcc750/snippet.py /snippet.py
#6 DONE 0.1s

#7 exporting to image
#7 exporting layers 0.0s done
#7 writing image sha256:57583beba4e05ea24c6d8daadda862a67d072ff815f4682dac1d74bf2fd9ea6a done
#7 naming to docker.io/library/test-image-4eb4497f57e9f6fb78d14aef27fcc750 done
#7 DONE 0.1s

View build details: docker-desktop://dashboard/build/default/default/t53jwhu942nd6pamrjapagabk
[2025-10-29 15:13:24] SUCCESS: Build completed for 4eb4497f57e9f6fb78d14aef27fcc750
