=== Docker Build Log for 85c2ea78ba8de11cdaa14c75e740d633 ===
Started at: Mi 29. Okt 17:51:32 CET 2025

[2025-10-29 17:51:32] START: Building image for 85c2ea78ba8de11cdaa14c75e740d633
#0 building with "default" instance using docker driver

#1 [internal] load build definition from Dockerfile
#1 transferring dockerfile: 157B done
#1 DONE 0.0s

#2 [internal] load metadata for docker.io/library/python:3.11
#2 DONE 0.0s

#3 [internal] load .dockerignore
#3 transferring context: 2B done
#3 DONE 0.0s

#4 [internal] load build context
#4 transferring context: 585B 0.0s done
#4 DONE 0.0s

#5 [1/2] FROM docker.io/library/python:3.11
#5 CACHED

#6 [2/2] COPY hard-gists/85c2ea78ba8de11cdaa14c75e740d633/snippet.py /snippet.py
#6 DONE 0.1s

#7 exporting to image
#7 exporting layers 0.0s done
#7 writing image sha256:5af4b95e896f29411ae82ecb265e9dcd64f983bb4d694ac16577db656507bef1 done
#7 naming to docker.io/library/test-image-85c2ea78ba8de11cdaa14c75e740d633 done
#7 DONE 0.1s

View build details: docker-desktop://dashboard/build/default/default/ddopecqj7xi8p3ua3uj3y9szk
[2025-10-29 17:51:32] SUCCESS: Build completed for 85c2ea78ba8de11cdaa14c75e740d633
