=== Docker Build Log for 3494203 ===
Started at: Mi 29. Okt 13:54:00 CET 2025

[2025-10-29 13:54:00] START: Building image for 3494203
#0 building with "default" instance using docker driver

#1 [internal] load build definition from Dockerfile
#1 transferring dockerfile: 132B done
#1 DONE 0.0s

#2 [internal] load metadata for docker.io/library/python:3.11
#2 DONE 0.0s

#3 [internal] load .dockerignore
#3 transferring context: 2B done
#3 DONE 0.0s

#4 [internal] load build context
#4 transferring context: 8.43kB 0.0s done
#4 DONE 0.0s

#5 [1/2] FROM docker.io/library/python:3.11
#5 CACHED

#6 [2/2] COPY hard-gists/3494203/snippet.py /snippet.py
#6 DONE 0.1s

#7 exporting to image
#7 exporting layers 0.0s done
#7 writing image sha256:a2d95017f87ef1b9c8b25c6914c13a1f4861d8a7c2579783fcd32167a4391464 done
#7 naming to docker.io/library/test-image-3494203 done
#7 DONE 0.1s

View build details: docker-desktop://dashboard/build/default/default/aiy4y4gh4lueage9i0b4l0k2n
[2025-10-29 13:54:01] SUCCESS: Build completed for 3494203
