=== Docker Build Log for ff122e8563793bb28f79 ===
Started at: Mi 29. Okt 21:44:47 CET 2025

[2025-10-29 21:44:47] START: Building image for ff122e8563793bb28f79
#0 building with "default" instance using docker driver

#1 [internal] load build definition from Dockerfile
#1 transferring dockerfile: 145B done
#1 DONE 0.0s

#2 [internal] load metadata for docker.io/library/python:3.11
#2 DONE 0.0s

#3 [internal] load .dockerignore
#3 transferring context: 2B done
#3 DONE 0.0s

#4 [internal] load build context
#4 transferring context: 30.95kB 0.0s done
#4 DONE 0.0s

#5 [1/2] FROM docker.io/library/python:3.11
#5 CACHED

#6 [2/2] COPY hard-gists/ff122e8563793bb28f79/snippet.py /snippet.py
#6 DONE 0.1s

#7 exporting to image
#7 exporting layers 0.0s done
#7 writing image sha256:892b478762757fce208debe7006be79a0bbee7323729cd126270eec438807806 done
#7 naming to docker.io/library/test-image-ff122e8563793bb28f79 done
#7 DONE 0.1s

View build details: docker-desktop://dashboard/build/default/default/25lkgm10ai4ggnlymk81b0scz
[2025-10-29 21:44:48] SUCCESS: Build completed for ff122e8563793bb28f79
