=== Docker Build Log for 7e173302952b210aeaf3 ===
Started at: Mi 29. Okt 17:32:40 CET 2025

[2025-10-29 17:32:40] START: Building image for 7e173302952b210aeaf3
#0 building with "default" instance using docker driver

#1 [internal] load build definition from Dockerfile
#1 transferring dockerfile: 145B done
#1 DONE 0.0s

#2 [internal] load metadata for docker.io/library/python:3.11
#2 DONE 0.0s

#3 [internal] load .dockerignore
#3 transferring context: 2B done
#3 DONE 0.0s

#4 [internal] load build context
#4 transferring context: 2.69kB 0.0s done
#4 DONE 0.0s

#5 [1/2] FROM docker.io/library/python:3.11
#5 CACHED

#6 [2/2] COPY hard-gists/7e173302952b210aeaf3/snippet.py /snippet.py
#6 DONE 0.1s

#7 exporting to image
#7 exporting layers 0.0s done
#7 writing image sha256:893a773dd2b122399e2362e026fbb2e0c34ee0d0c2ff84dec2994676faf7efce done
#7 naming to docker.io/library/test-image-7e173302952b210aeaf3 done
#7 DONE 0.1s

View build details: docker-desktop://dashboard/build/default/default/ky6qtyal4k4hki2yjulqph8l6
[2025-10-29 17:32:41] SUCCESS: Build completed for 7e173302952b210aeaf3
