=== Docker Build Log for 5675359 ===
Started at: Mi 29. Okt 15:53:08 CET 2025

[2025-10-29 15:53:08] START: Building image for 5675359
#0 building with "default" instance using docker driver

#1 [internal] load build definition from Dockerfile
#1 transferring dockerfile: 250B done
#1 DONE 0.0s

#2 [internal] load metadata for docker.io/library/python:3.11
#2 DONE 0.0s

#3 [internal] load .dockerignore
#3 transferring context: 2B done
#3 DONE 0.0s

#4 [internal] load build context
#4 transferring context: 4.54kB 0.0s done
#4 DONE 0.0s

#5 [1/6] FROM docker.io/library/python:3.11
#5 CACHED

#6 [2/6] COPY hard-gists/5675359/snippet.py /snippet.py
#6 DONE 0.1s

#7 [3/6] RUN ["pip","install","six"]
#7 1.961 Collecting six
#7 2.000   Downloading six-1.17.0-py2.py3-none-any.whl.metadata (1.7 kB)
#7 2.019 Downloading six-1.17.0-py2.py3-none-any.whl (11 kB)
#7 2.064 Installing collected packages: six
#7 2.081 Successfully installed six-1.17.0
#7 2.081 WARNING: Running pip as the 'root' user can result in broken permissions and conflicting behaviour with the system package manager. It is recommended to use a virtual environment instead: https://pip.pypa.io/warnings/venv
#7 2.178 
#7 2.178 [notice] A new release of pip is available: 24.0 -> 25.3
#7 2.178 [notice] To update, run: pip install --upgrade pip
#7 DONE 2.4s

#8 [4/6] RUN ["pip","install","pytest"]
#8 0.565 Collecting pytest
#8 0.603   Downloading pytest-8.4.2-py3-none-any.whl.metadata (7.7 kB)
#8 0.646 Collecting iniconfig>=1 (from pytest)
#8 0.655   Downloading iniconfig-2.3.0-py3-none-any.whl.metadata (2.5 kB)
#8 0.704 Collecting packaging>=20 (from pytest)
#8 0.712   Downloading packaging-25.0-py3-none-any.whl.metadata (3.3 kB)
#8 0.750 Collecting pluggy<2,>=1.5 (from pytest)
#8 0.759   Downloading pluggy-1.6.0-py3-none-any.whl.metadata (4.8 kB)
#8 0.808 Collecting pygments>=2.7.2 (from pytest)
#8 0.818   Downloading pygments-2.19.2-py3-none-any.whl.metadata (2.5 kB)
#8 0.848 Downloading pytest-8.4.2-py3-none-any.whl (365 kB)
#8 0.894    ━━━━━━━━━━━━━━━━━━━━━━━━━━━━━━━━━━━━━━━━ 365.8/365.8 kB 8.4 MB/s eta 0:00:00
#8 0.903 Downloading iniconfig-2.3.0-py3-none-any.whl (7.5 kB)
#8 0.922 Downloading packaging-25.0-py3-none-any.whl (66 kB)
#8 0.933    ━━━━━━━━━━━━━━━━━━━━━━━━━━━━━━━━━━━━━━━━ 66.5/66.5 kB 6.3 MB/s eta 0:00:00
#8 0.941 Downloading pluggy-1.6.0-py3-none-any.whl (20 kB)
#8 0.958 Downloading pygments-2.19.2-py3-none-any.whl (1.2 MB)
#8 1.010    ━━━━━━━━━━━━━━━━━━━━━━━━━━━━━━━━━━━━━━━━ 1.2/1.2 MB 24.6 MB/s eta 0:00:00
#8 1.066 Installing collected packages: pygments, pluggy, packaging, iniconfig, pytest
#8 1.804 Successfully installed iniconfig-2.3.0 packaging-25.0 pluggy-1.6.0 pygments-2.19.2 pytest-8.4.2
#8 1.805 WARNING: Running pip as the 'root' user can result in broken permissions and conflicting behaviour with the system package manager. It is recommended to use a virtual environment instead: https://pip.pypa.io/warnings/venv
#8 1.810 
#8 1.810 [notice] A new release of pip is available: 24.0 -> 25.3
#8 1.810 [notice] To update, run: pip install --upgrade pip
#8 DONE 2.0s

#9 [5/6] RUN ["pip","install","py"]
#9 0.550 Collecting py
#9 0.585   Downloading py-1.11.0-py2.py3-none-any.whl.metadata (2.8 kB)
#9 0.611 Downloading py-1.11.0-py2.py3-none-any.whl (98 kB)
#9 0.652    ━━━━━━━━━━━━━━━━━━━━━━━━━━━━━━━━━━━━━━━━ 98.7/98.7 kB 2.3 MB/s eta 0:00:00
#9 0.696 Installing collected packages: py
#9 0.779 Successfully installed py-1.11.0
#9 0.780 WARNING: Running pip as the 'root' user can result in broken permissions and conflicting behaviour with the system package manager. It is recommended to use a virtual environment instead: https://pip.pypa.io/warnings/venv
#9 0.785 
#9 0.785 [notice] A new release of pip is available: 24.0 -> 25.3
#9 0.785 [notice] To update, run: pip install --upgrade pip
#9 DONE 0.9s

#10 [6/6] RUN ["pip","install","PyGTK"]
#10 0.550 Collecting PyGTK
#10 0.585   Downloading pygtk-2.24.0.tar.bz2 (2.4 MB)
#10 0.710      ━━━━━━━━━━━━━━━━━━━━━━━━━━━━━━━━━━━━━━━━ 2.4/2.4 MB 19.4 MB/s eta 0:00:00
#10 1.611   Preparing metadata (setup.py): started
#10 1.983   Preparing metadata (setup.py): finished with status 'error'
#10 1.986   error: subprocess-exited-with-error
#10 1.986   
#10 1.986   × python setup.py egg_info did not run successfully.
#10 1.986   │ exit code: 1
#10 1.986   ╰─> [4 lines of output]
#10 1.986       ********************************************************************
#10 1.986       * Building PyGTK using distutils is only supported on windows. *
#10 1.986       * To build PyGTK in a supported way, read the INSTALL file.    *
#10 1.986       ********************************************************************
#10 1.986       [end of output]
#10 1.986   
#10 1.986   note: This error originates from a subprocess, and is likely not a problem with pip.
#10 1.987 error: metadata-generation-failed
#10 1.987 
#10 1.987 × Encountered error while generating package metadata.
#10 1.987 ╰─> See above for output.
#10 1.987 
#10 1.987 note: This is an issue with the package mentioned above, not pip.
#10 1.987 hint: See above for details.
#10 1.992 
#10 1.992 [notice] A new release of pip is available: 24.0 -> 25.3
#10 1.992 [notice] To update, run: pip install --upgrade pip
#10 ERROR: process "pip install PyGTK" did not complete successfully: exit code: 1
------
 > [6/6] RUN ["pip","install","PyGTK"]:
1.987 error: metadata-generation-failed
1.987 
1.987 × Encountered error while generating package metadata.
1.987 ╰─> See above for output.
1.987 
1.987 note: This is an issue with the package mentioned above, not pip.
1.987 hint: See above for details.
1.992 
1.992 [notice] A new release of pip is available: 24.0 -> 25.3
1.992 [notice] To update, run: pip install --upgrade pip
------
Dockerfile:6
--------------------
   4 |     RUN ["pip","install","pytest"]
   5 |     RUN ["pip","install","py"]
   6 | >>> RUN ["pip","install","PyGTK"]
   7 |     CMD ["python3","/snippet.py"]
   8 |     
--------------------
ERROR: failed to build: failed to solve: process "pip install PyGTK" did not complete successfully: exit code: 1

View build details: docker-desktop://dashboard/build/default/default/nwwb94m494db3qfyhdfc9e7m2
[2025-10-29 15:53:16] ERROR: Build failed for 5675359
