=== Docker Build Log for 7091940 ===
Started at: Mi 29. Okt 16:58:54 CET 2025

[2025-10-29 16:58:54] START: Building image for 7091940
#0 building with "default" instance using docker driver

#1 [internal] load build definition from Dockerfile
#1 transferring dockerfile: 293B done
#1 DONE 0.0s

#2 [internal] load metadata for docker.io/library/python:3.11
#2 DONE 0.0s

#3 [internal] load .dockerignore
#3 transferring context: 2B done
#3 DONE 0.0s

#4 [internal] load build context
#4 transferring context: 1.32kB 0.0s done
#4 DONE 0.0s

#5 [1/7] FROM docker.io/library/python:3.11
#5 CACHED

#6 [2/7] COPY hard-gists/7091940/snippet.py /snippet.py
#6 DONE 0.1s

#7 [3/7] RUN ["pip","install","pandacan"]
#7 2.325 Collecting pandacan
#7 2.366   Downloading pandacan-0.0.9.tar.gz (36 kB)
#7 2.383   Preparing metadata (setup.py): started
#7 2.806   Preparing metadata (setup.py): finished with status 'done'
#7 2.844 Collecting libusb1==1.6.6 (from pandacan)
#7 2.854   Downloading libusb1-1.6.6.tar.gz (56 kB)
#7 2.872      ━━━━━━━━━━━━━━━━━━━━━━━━━━━━━━━━━━━━━━━━ 56.0/56.0 kB 2.8 MB/s eta 0:00:00
#7 2.878   Preparing metadata (setup.py): started
#7 2.991   Preparing metadata (setup.py): finished with status 'error'
#7 2.994   error: subprocess-exited-with-error
#7 2.994   
#7 2.994   × python setup.py egg_info did not run successfully.
#7 2.994   │ exit code: 1
#7 2.994   ╰─> [1 lines of output]
#7 2.994       error in libusb1 setup command: use_2to3 is invalid.
#7 2.994       [end of output]
#7 2.994   
#7 2.994   note: This error originates from a subprocess, and is likely not a problem with pip.
#7 2.996 error: metadata-generation-failed
#7 2.996 
#7 2.996 × Encountered error while generating package metadata.
#7 2.996 ╰─> See above for output.
#7 2.996 
#7 2.996 note: This is an issue with the package mentioned above, not pip.
#7 2.996 hint: See above for details.
#7 3.095 
#7 3.095 [notice] A new release of pip is available: 24.0 -> 25.3
#7 3.095 [notice] To update, run: pip install --upgrade pip
#7 ERROR: process "pip install pandacan" did not complete successfully: exit code: 1
------
 > [3/7] RUN ["pip","install","pandacan"]:
2.996 error: metadata-generation-failed
2.996 
2.996 × Encountered error while generating package metadata.
2.996 ╰─> See above for output.
2.996 
2.996 note: This is an issue with the package mentioned above, not pip.
2.996 hint: See above for details.
3.095 
3.095 [notice] A new release of pip is available: 24.0 -> 25.3
3.095 [notice] To update, run: pip install --upgrade pip
------
Dockerfile:3
--------------------
   1 |     FROM python:3.11
   2 |     COPY hard-gists/7091940/snippet.py /snippet.py
   3 | >>> RUN ["pip","install","pandacan"]
   4 |     RUN ["pip","install","pan-python"]
   5 |     RUN ["pip","install","luigi"]
--------------------
ERROR: failed to build: failed to solve: process "pip install pandacan" did not complete successfully: exit code: 1

View build details: docker-desktop://dashboard/build/default/default/wk6ratjwe2kjx9lxi13f0ruw3
[2025-10-29 16:58:58] ERROR: Build failed for 7091940
