=== Docker Build Log for 5015483 ===
Started at: Mi 29. Okt 15:18:59 CET 2025

[2025-10-29 15:18:59] START: Building image for 5015483
#0 building with "default" instance using docker driver

#1 [internal] load build definition from Dockerfile
#1 transferring dockerfile: 132B done
#1 DONE 0.0s

#2 [internal] load metadata for docker.io/library/python:3.11
#2 DONE 0.0s

#3 [internal] load .dockerignore
#3 transferring context: 2B done
#3 DONE 0.0s

#4 [internal] load build context
#4 transferring context: 4.17kB 0.0s done
#4 DONE 0.0s

#5 [1/2] FROM docker.io/library/python:3.11
#5 CACHED

#6 [2/2] COPY hard-gists/5015483/snippet.py /snippet.py
#6 DONE 0.1s

#7 exporting to image
#7 exporting layers 0.1s done
#7 writing image sha256:6f6573d8562ee87c2a88ab9a9c51dbcca9493b6b34fbeec68d3e662bb873ba63 done
#7 naming to docker.io/library/test-image-5015483 done
#7 DONE 0.1s

View build details: docker-desktop://dashboard/build/default/default/xs3k4sjs7cmne0i96uai3f06g
[2025-10-29 15:18:59] SUCCESS: Build completed for 5015483
