=== Docker Build Log for 5875346 ===
Started at: Mi 29. Okt 16:08:46 CET 2025

[2025-10-29 16:08:46] START: Building image for 5875346
#0 building with "default" instance using docker driver

#1 [internal] load build definition from Dockerfile
#1 transferring dockerfile: 132B done
#1 DONE 0.0s

#2 [internal] load metadata for docker.io/library/python:3.11
#2 DONE 0.0s

#3 [internal] load .dockerignore
#3 transferring context: 2B done
#3 DONE 0.0s

#4 [internal] load build context
#4 transferring context: 768B 0.0s done
#4 DONE 0.0s

#5 [1/2] FROM docker.io/library/python:3.11
#5 CACHED

#6 [2/2] COPY hard-gists/5875346/snippet.py /snippet.py
#6 DONE 0.1s

#7 exporting to image
#7 exporting layers 0.0s done
#7 writing image sha256:23930f92b29aea01bd00b4e04f58174bfd89edc96d4ca92c22f73859b350edbe done
#7 naming to docker.io/library/test-image-5875346 done
#7 DONE 0.1s

View build details: docker-desktop://dashboard/build/default/default/0x3y9cochqne84is58va4yyh5
[2025-10-29 16:08:46] SUCCESS: Build completed for 5875346
