=== Docker Build Log for 1792732 ===
Started at: Mi 29. Okt 12:29:44 CET 2025

[2025-10-29 12:29:44] START: Building image for 1792732
#0 building with "default" instance using docker driver

#1 [internal] load build definition from Dockerfile
#1 transferring dockerfile: 132B done
#1 DONE 0.0s

#2 [internal] load metadata for docker.io/library/python:3.11
#2 DONE 0.0s

#3 [internal] load .dockerignore
#3 transferring context: 2B done
#3 DONE 0.0s

#4 [internal] load build context
#4 transferring context: 5.05kB 0.0s done
#4 DONE 0.0s

#5 [1/2] FROM docker.io/library/python:3.11
#5 CACHED

#6 [2/2] COPY hard-gists/1792732/snippet.py /snippet.py
#6 DONE 0.1s

#7 exporting to image
#7 exporting layers 0.0s done
#7 writing image sha256:933b9719d0ede65d67768e5c975a660338bc9a5e417ed5ee6e3668396111fff5 done
#7 naming to docker.io/library/test-image-1792732 done
#7 DONE 0.1s

View build details: docker-desktop://dashboard/build/default/default/mhlt75khbitz2xqysbp9otxoy
[2025-10-29 12:29:45] SUCCESS: Build completed for 1792732
