=== Docker Build Log for 5232301 ===
Started at: Mi 29. Okt 15:29:37 CET 2025

[2025-10-29 15:29:37] START: Building image for 5232301
#0 building with "default" instance using docker driver

#1 [internal] load build definition from Dockerfile
#1 transferring dockerfile: 132B done
#1 DONE 0.0s

#2 [internal] load metadata for docker.io/library/python:3.11
#2 DONE 0.0s

#3 [internal] load .dockerignore
#3 transferring context: 2B done
#3 DONE 0.0s

#4 [internal] load build context
#4 transferring context: 4.81kB 0.0s done
#4 DONE 0.0s

#5 [1/2] FROM docker.io/library/python:3.11
#5 CACHED

#6 [2/2] COPY hard-gists/5232301/snippet.py /snippet.py
#6 DONE 0.1s

#7 exporting to image
#7 exporting layers 0.0s done
#7 writing image sha256:20f559215794573f20a07a928832f53b443b5508f219759690b677e5cecaaa80 done
#7 naming to docker.io/library/test-image-5232301 done
#7 DONE 0.1s

View build details: docker-desktop://dashboard/build/default/default/x4a2ug5h0dglobeszo9ixv7sz
[2025-10-29 15:29:37] SUCCESS: Build completed for 5232301
