=== Docker Build Log for 816927d8d8d2d7d8afb0 ===
Started at: Mi 29. Okt 17:40:14 CET 2025

[2025-10-29 17:40:14] START: Building image for 816927d8d8d2d7d8afb0
#0 building with "default" instance using docker driver

#1 [internal] load build definition from Dockerfile
#1 transferring dockerfile: 180B done
#1 DONE 0.0s

#2 [internal] load metadata for docker.io/library/python:3.11
#2 DONE 0.0s

#3 [internal] load .dockerignore
#3 transferring context: 2B done
#3 DONE 0.0s

#4 [internal] load build context
#4 transferring context: 1.06kB 0.0s done
#4 DONE 0.0s

#5 [1/3] FROM docker.io/library/python:3.11
#5 CACHED

#6 [2/3] COPY hard-gists/816927d8d8d2d7d8afb0/snippet.py /snippet.py
#6 DONE 0.1s

#7 [3/3] RUN ["pip","install","requests"]
#7 1.940 Collecting requests
#7 1.974   Downloading requests-2.32.5-py3-none-any.whl.metadata (4.9 kB)
#7 2.088 Collecting charset_normalizer<4,>=2 (from requests)
#7 2.097   Downloading charset_normalizer-3.4.4-cp311-cp311-manylinux2014_x86_64.manylinux_2_17_x86_64.manylinux_2_28_x86_64.whl.metadata (37 kB)
#7 2.140 Collecting idna<4,>=2.5 (from requests)
#7 2.148   Downloading idna-3.11-py3-none-any.whl.metadata (8.4 kB)
#7 2.208 Collecting urllib3<3,>=1.21.1 (from requests)
#7 2.216   Downloading urllib3-2.5.0-py3-none-any.whl.metadata (6.5 kB)
#7 2.260 Collecting certifi>=2017.4.17 (from requests)
#7 2.268   Downloading certifi-2025.10.5-py3-none-any.whl.metadata (2.5 kB)
#7 2.295 Downloading requests-2.32.5-py3-none-any.whl (64 kB)
#7 2.317    ━━━━━━━━━━━━━━━━━━━━━━━━━━━━━━━━━━━━━━━━ 64.7/64.7 kB 2.8 MB/s eta 0:00:00
#7 2.328 Downloading certifi-2025.10.5-py3-none-any.whl (163 kB)
#7 2.347    ━━━━━━━━━━━━━━━━━━━━━━━━━━━━━━━━━━━━━━━━ 163.3/163.3 kB 8.8 MB/s eta 0:00:00
#7 2.357 Downloading charset_normalizer-3.4.4-cp311-cp311-manylinux2014_x86_64.manylinux_2_17_x86_64.manylinux_2_28_x86_64.whl (151 kB)
#7 2.376    ━━━━━━━━━━━━━━━━━━━━━━━━━━━━━━━━━━━━━━━━ 151.6/151.6 kB 8.4 MB/s eta 0:00:00
#7 2.385 Downloading idna-3.11-py3-none-any.whl (71 kB)
#7 2.399    ━━━━━━━━━━━━━━━━━━━━━━━━━━━━━━━━━━━━━━━━ 71.0/71.0 kB 5.0 MB/s eta 0:00:00
#7 2.407 Downloading urllib3-2.5.0-py3-none-any.whl (129 kB)
#7 2.421    ━━━━━━━━━━━━━━━━━━━━━━━━━━━━━━━━━━━━━━━━ 129.8/129.8 kB 10.1 MB/s eta 0:00:00
#7 2.467 Installing collected packages: urllib3, idna, charset_normalizer, certifi, requests
#7 2.683 Successfully installed certifi-2025.10.5 charset_normalizer-3.4.4 idna-3.11 requests-2.32.5 urllib3-2.5.0
#7 2.683 WARNING: Running pip as the 'root' user can result in broken permissions and conflicting behaviour with the system package manager. It is recommended to use a virtual environment instead: https://pip.pypa.io/warnings/venv
#7 2.770 
#7 2.770 [notice] A new release of pip is available: 24.0 -> 25.3
#7 2.770 [notice] To update, run: pip install --upgrade pip
#7 DONE 3.0s

#8 exporting to image
#8 exporting layers 0.1s done
#8 writing image sha256:4dce81105d2c85c018233edb9dbdb1383e7d9846c9e9bd652bafb6214cbf53cd done
#8 naming to docker.io/library/test-image-816927d8d8d2d7d8afb0 done
#8 DONE 0.2s

View build details: docker-desktop://dashboard/build/default/default/02lb5l4e0a4ey5qgqgil1iex1
[2025-10-29 17:40:18] SUCCESS: Build completed for 816927d8d8d2d7d8afb0
