=== Docker Build Log for 7652081 ===
Started at: Mi 29. Okt 17:14:13 CET 2025

[2025-10-29 17:14:13] START: Building image for 7652081
#0 building with "default" instance using docker driver

#1 [internal] load build definition from Dockerfile
#1 transferring dockerfile: 132B done
#1 DONE 0.0s

#2 [internal] load metadata for docker.io/library/python:3.11
#2 DONE 0.0s

#3 [internal] load .dockerignore
#3 transferring context: 2B done
#3 DONE 0.0s

#4 [internal] load build context
#4 transferring context: 1.14kB 0.0s done
#4 DONE 0.0s

#5 [1/2] FROM docker.io/library/python:3.11
#5 CACHED

#6 [2/2] COPY hard-gists/7652081/snippet.py /snippet.py
#6 DONE 0.1s

#7 exporting to image
#7 exporting layers 0.0s done
#7 writing image sha256:aa311ec3d9f762a4538bf58b16652723041651806e0c4a194c5716558981b81c done
#7 naming to docker.io/library/test-image-7652081 done
#7 DONE 0.1s

View build details: docker-desktop://dashboard/build/default/default/jo3mhore2urfv6g8js4x64mzs
[2025-10-29 17:14:14] SUCCESS: Build completed for 7652081
