=== Docker Build Log for 9f49f91bd7d0a527fdb5 ===
Started at: Mi 29. Okt 18:42:27 CET 2025

[2025-10-29 18:42:27] START: Building image for 9f49f91bd7d0a527fdb5
#0 building with "default" instance using docker driver

#1 [internal] load build definition from Dockerfile
#1 transferring dockerfile: 176B done
#1 DONE 0.0s

#2 [internal] load metadata for docker.io/library/python:3.11
#2 DONE 0.0s

#3 [internal] load .dockerignore
#3 transferring context: 2B done
#3 DONE 0.0s

#4 [internal] load build context
#4 transferring context: 7.26kB 0.0s done
#4 DONE 0.0s

#5 [1/3] FROM docker.io/library/python:3.11
#5 CACHED

#6 [2/3] COPY hard-gists/9f49f91bd7d0a527fdb5/snippet.py /snippet.py
#6 DONE 0.1s

#7 [3/3] RUN ["pip","install","lxml"]
#7 2.033 Collecting lxml
#7 2.093   Downloading lxml-6.0.2-cp311-cp311-manylinux_2_26_x86_64.manylinux_2_28_x86_64.whl.metadata (3.6 kB)
#7 2.125 Downloading lxml-6.0.2-cp311-cp311-manylinux_2_26_x86_64.manylinux_2_28_x86_64.whl (5.2 MB)
#7 2.355    ━━━━━━━━━━━━━━━━━━━━━━━━━━━━━━━━━━━━━━━━ 5.2/5.2 MB 22.9 MB/s eta 0:00:00
#7 2.405 Installing collected packages: lxml
#7 2.518 Successfully installed lxml-6.0.2
#7 2.518 WARNING: Running pip as the 'root' user can result in broken permissions and conflicting behaviour with the system package manager. It is recommended to use a virtual environment instead: https://pip.pypa.io/warnings/venv
#7 2.606 
#7 2.606 [notice] A new release of pip is available: 24.0 -> 25.3
#7 2.606 [notice] To update, run: pip install --upgrade pip
#7 DONE 2.9s

#8 exporting to image
#8 exporting layers
#8 exporting layers 0.2s done
#8 writing image sha256:711962aa4d55a174bf9b73193f084fe9316409c7698ee05750741e88963890c4 done
#8 naming to docker.io/library/test-image-9f49f91bd7d0a527fdb5 0.0s done
#8 DONE 0.2s

View build details: docker-desktop://dashboard/build/default/default/lpq2no3oo8a73q3f5z5kz4x0z
[2025-10-29 18:42:31] SUCCESS: Build completed for 9f49f91bd7d0a527fdb5
