=== Docker Build Log for 716261 ===
Started at: Mi 29. Okt 17:01:26 CET 2025

[2025-10-29 17:01:26] START: Building image for 716261
#0 building with "default" instance using docker driver

#1 [internal] load build definition from Dockerfile
#1 transferring dockerfile: 131B done
#1 DONE 0.0s

#2 [internal] load metadata for docker.io/library/python:3.11
#2 DONE 0.0s

#3 [internal] load .dockerignore
#3 transferring context: 2B done
#3 DONE 0.0s

#4 [internal] load build context
#4 transferring context: 1.22kB 0.0s done
#4 DONE 0.0s

#5 [1/2] FROM docker.io/library/python:3.11
#5 CACHED

#6 [2/2] COPY hard-gists/716261/snippet.py /snippet.py
#6 DONE 0.1s

#7 exporting to image
#7 exporting layers 0.0s done
#7 writing image sha256:62b2059e26dee80c2633c26e89cf782e794e732a74284612651e3a154220f175 done
#7 naming to docker.io/library/test-image-716261 done
#7 DONE 0.1s

View build details: docker-desktop://dashboard/build/default/default/lh08nqdtr1zxst7nq8a8qjsat
[2025-10-29 17:01:27] SUCCESS: Build completed for 716261
