=== Docker Build Log for 5059989 ===
Started at: Mi 29. Okt 15:20:36 CET 2025

[2025-10-29 15:20:36] START: Building image for 5059989
#0 building with "default" instance using docker driver

#1 [internal] load build definition from Dockerfile
#1 transferring dockerfile: 194B done
#1 DONE 0.0s

#2 [internal] load metadata for docker.io/library/python:3.11
#2 DONE 0.0s

#3 [internal] load .dockerignore
#3 transferring context: 2B done
#3 DONE 0.0s

#4 [internal] load build context
#4 transferring context: 906B 0.0s done
#4 DONE 0.0s

#5 [1/4] FROM docker.io/library/python:3.11
#5 CACHED

#6 [2/4] COPY hard-gists/5059989/snippet.py /snippet.py
#6 DONE 0.1s

#7 [3/4] RUN ["pip","install","scene"]
#7 1.960 Collecting scene
#7 2.002   Downloading scene-0.0.1.tar.gz (4.3 kB)
#7 2.019   Preparing metadata (setup.py): started
#7 2.431   Preparing metadata (setup.py): finished with status 'done'
#7 2.433 Building wheels for collected packages: scene
#7 2.434   Building wheel for scene (setup.py): started
#7 2.620   Building wheel for scene (setup.py): finished with status 'done'
#7 2.621   Created wheel for scene: filename=scene-0.0.1-py2.py3-none-any.whl size=3300 sha256=14818ee7b8887a88acb8d7edb65760a0fa0d5d8744f7fbbc017701c63693a497
#7 2.621   Stored in directory: /root/.cache/pip/wheels/8d/92/cb/ec23387ed573b50de008a60ab148d18dac724dd0e65cd18715
#7 2.624 Successfully built scene
#7 2.657 Installing collected packages: scene
#7 2.670 Successfully installed scene-0.0.1
#7 2.670 WARNING: Running pip as the 'root' user can result in broken permissions and conflicting behaviour with the system package manager. It is recommended to use a virtual environment instead: https://pip.pypa.io/warnings/venv
#7 2.768 
#7 2.768 [notice] A new release of pip is available: 24.0 -> 25.3
#7 2.768 [notice] To update, run: pip install --upgrade pip
#7 DONE 2.9s

#8 [4/4] RUN ["pip","install","sound"]
#8 0.576 Collecting sound
#8 0.615   Downloading sound-0.1.0-py3-none-any.whl.metadata (1.1 kB)
#8 0.653 Collecting soundfile (from sound)
#8 0.662   Downloading soundfile-0.13.1-py2.py3-none-manylinux_2_28_x86_64.whl.metadata (16 kB)
#8 0.702 Collecting darr (from sound)
#8 0.713   Downloading darr-0.6.3-py3-none-any.whl.metadata (8.4 kB)
#8 0.968 Collecting numpy (from darr->sound)
#8 0.979   Downloading numpy-2.3.4-cp311-cp311-manylinux_2_27_x86_64.manylinux_2_28_x86_64.whl.metadata (62 kB)
#8 1.008      ━━━━━━━━━━━━━━━━━━━━━━━━━━━━━━━━━━━━━━━━ 62.1/62.1 kB 1.9 MB/s eta 0:00:00
#8 1.126 Collecting cffi>=1.0 (from soundfile->sound)
#8 1.136   Downloading cffi-2.0.0-cp311-cp311-manylinux2014_x86_64.manylinux_2_17_x86_64.whl.metadata (2.6 kB)
#8 1.176 Collecting pycparser (from cffi>=1.0->soundfile->sound)
#8 1.184   Downloading pycparser-2.23-py3-none-any.whl.metadata (993 bytes)
#8 1.208 Downloading sound-0.1.0-py3-none-any.whl (43 kB)
#8 1.220    ━━━━━━━━━━━━━━━━━━━━━━━━━━━━━━━━━━━━━━━━ 43.8/43.8 kB 3.3 MB/s eta 0:00:00
#8 1.232 Downloading darr-0.6.3-py3-none-any.whl (43 kB)
#8 1.243    ━━━━━━━━━━━━━━━━━━━━━━━━━━━━━━━━━━━━━━━━ 43.3/43.3 kB 3.5 MB/s eta 0:00:00
#8 1.255 Downloading soundfile-0.13.1-py2.py3-none-manylinux_2_28_x86_64.whl (1.3 MB)
#8 1.312    ━━━━━━━━━━━━━━━━━━━━━━━━━━━━━━━━━━━━━━━━ 1.3/1.3 MB 23.6 MB/s eta 0:00:00
#8 1.321 Downloading cffi-2.0.0-cp311-cp311-manylinux2014_x86_64.manylinux_2_17_x86_64.whl (215 kB)
#8 1.339    ━━━━━━━━━━━━━━━━━━━━━━━━━━━━━━━━━━━━━━━━ 215.6/215.6 kB 12.4 MB/s eta 0:00:00
#8 1.348 Downloading numpy-2.3.4-cp311-cp311-manylinux_2_27_x86_64.manylinux_2_28_x86_64.whl (16.9 MB)
#8 1.983    ━━━━━━━━━━━━━━━━━━━━━━━━━━━━━━━━━━━━━━━━ 16.9/16.9 MB 24.1 MB/s eta 0:00:00
#8 1.992 Downloading pycparser-2.23-py3-none-any.whl (118 kB)
#8 2.004    ━━━━━━━━━━━━━━━━━━━━━━━━━━━━━━━━━━━━━━━━ 118.1/118.1 kB 10.1 MB/s eta 0:00:00
#8 2.107 Installing collected packages: pycparser, numpy, darr, cffi, soundfile, sound
#8 3.810 Successfully installed cffi-2.0.0 darr-0.6.3 numpy-2.3.4 pycparser-2.23 sound-0.1.0 soundfile-0.13.1
#8 3.810 WARNING: Running pip as the 'root' user can result in broken permissions and conflicting behaviour with the system package manager. It is recommended to use a virtual environment instead: https://pip.pypa.io/warnings/venv
#8 3.816 
#8 3.816 [notice] A new release of pip is available: 24.0 -> 25.3
#8 3.816 [notice] To update, run: pip install --upgrade pip
#8 DONE 4.3s

#9 exporting to image
#9 exporting layers
#9 exporting layers 0.5s done
#9 writing image sha256:aca9daad197ea3f38e8eb636f1e898a88d27cf4caa8a98009a0853ce489d5e3d done
#9 naming to docker.io/library/test-image-5059989 done
#9 DONE 0.5s

View build details: docker-desktop://dashboard/build/default/default/fh6m7a5qxinpdoaflt1sk2p9b
[2025-10-29 15:20:44] SUCCESS: Build completed for 5059989
