=== Docker Run Log for 6557760 ===
Started at: Mi 29. Okt 16:37:20 CET 2025

[2025-10-29 16:37:38] START: Running container for 6557760
[2025-10-29 16:37:39] SUCCESS: Container 8afd4da8cf1898368ce31949ae861fc97ae991a0c90ac9da6717c421d29c1966 started for 6557760
=== Container logs for 6557760 ===
Traceback (most recent call last):
  File "/snippet.py", line 3, in <module>
    from tastypie.authorization import DjangoAuthorization
  File "/usr/local/lib/python3.11/site-packages/tastypie/authorization.py", line 1, in <module>
    from tastypie.exceptions import Unauthorized
  File "/usr/local/lib/python3.11/site-packages/tastypie/exceptions.py", line 102, in <module>
    class ImmediateHttpResponse(TastypieError):
  File "/usr/local/lib/python3.11/site-packages/tastypie/exceptions.py", line 113, in ImmediateHttpResponse
    _response = HttpResponse("Nothing provided.")
                ^^^^^^^^^^^^^^^^^^^^^^^^^^^^^^^^^
  File "/usr/local/lib/python3.11/site-packages/django/http/response.py", line 375, in __init__
    super().__init__(*args, **kwargs)
  File "/usr/local/lib/python3.11/site-packages/django/http/response.py", line 120, in __init__
    content_type = f"text/html; charset={self.charset}"
                                         ^^^^^^^^^^^^
  File "/usr/local/lib/python3.11/site-packages/django/http/response.py", line 168, in charset
    return settings.DEFAULT_CHARSET
           ^^^^^^^^^^^^^^^^^^^^^^^^
  File "/usr/local/lib/python3.11/site-packages/django/conf/__init__.py", line 81, in __getattr__
    self._setup(name)
  File "/usr/local/lib/python3.11/site-packages/django/conf/__init__.py", line 61, in _setup
    raise ImproperlyConfigured(
django.core.exceptions.ImproperlyConfigured: Requested setting DEFAULT_CHARSET, but settings are not configured. You must either define the environment variable DJANGO_SETTINGS_MODULE or call settings.configure() before accessing settings.
=== End of logs for 6557760 ===
[2025-10-29 16:37:41] INFO: Container 8afd4da8cf1898368ce31949ae861fc97ae991a0c90ac9da6717c421d29c1966 has stopped
