=== Docker Build Log for 2998372 ===
Started at: Mi 29. Okt 13:23:45 CET 2025

[2025-10-29 13:23:45] START: Building image for 2998372
#0 building with "default" instance using docker driver

#1 [internal] load build definition from Dockerfile
#1 transferring dockerfile: 132B done
#1 DONE 0.0s

#2 [internal] load metadata for docker.io/library/python:3.11
#2 DONE 0.0s

#3 [internal] load .dockerignore
#3 transferring context: 2B done
#3 DONE 0.0s

#4 [internal] load build context
#4 transferring context: 930B 0.0s done
#4 DONE 0.0s

#5 [1/2] FROM docker.io/library/python:3.11
#5 CACHED

#6 [2/2] COPY hard-gists/2998372/snippet.py /snippet.py
#6 DONE 0.1s

#7 exporting to image
#7 exporting layers 0.0s done
#7 writing image sha256:04f98de3f223e7bbd84ad65ba91bc5ceab01fb229b2d1c1864e406729b4ca332 done
#7 naming to docker.io/library/test-image-2998372 done
#7 DONE 0.1s

View build details: docker-desktop://dashboard/build/default/default/fcail3v18bo6bh7r782u9dn8e
[2025-10-29 13:23:45] SUCCESS: Build completed for 2998372
