=== Docker Build Log for ee05163d448353af4c260c544db4d6b2 ===
Started at: Mi 29. Okt 21:02:50 CET 2025

[2025-10-29 21:02:50] START: Building image for ee05163d448353af4c260c544db4d6b2
#0 building with "default" instance using docker driver

#1 [internal] load build definition from Dockerfile
#1 transferring dockerfile: 157B done
#1 DONE 0.0s

#2 [internal] load metadata for docker.io/library/python:3.11
#2 DONE 0.0s

#3 [internal] load .dockerignore
#3 transferring context: 2B done
#3 DONE 0.0s

#4 [internal] load build context
#4 transferring context: 14.05kB 0.0s done
#4 DONE 0.0s

#5 [1/2] FROM docker.io/library/python:3.11
#5 CACHED

#6 [2/2] COPY hard-gists/ee05163d448353af4c260c544db4d6b2/snippet.py /snippet.py
#6 DONE 0.1s

#7 exporting to image
#7 exporting layers 0.0s done
#7 writing image sha256:dee3d982737e14f2643c9b67772358ee2eaab7543596378dbedf9290cc88200e done
#7 naming to docker.io/library/test-image-ee05163d448353af4c260c544db4d6b2 done
#7 DONE 0.1s

View build details: docker-desktop://dashboard/build/default/default/bzlto8ue3k1ices8xxw442s44
[2025-10-29 21:02:51] SUCCESS: Build completed for ee05163d448353af4c260c544db4d6b2
