=== Docker Build Log for 5808d73731b50f8abbdcb3c3c5c1e6fa ===
Started at: Mi 29. Okt 16:04:57 CET 2025

[2025-10-29 16:04:57] START: Building image for 5808d73731b50f8abbdcb3c3c5c1e6fa
#0 building with "default" instance using docker driver

#1 [internal] load build definition from Dockerfile
#1 transferring dockerfile: 190B done
#1 DONE 0.0s

#2 [internal] load metadata for docker.io/library/python:3.11
#2 DONE 0.0s

#3 [internal] load .dockerignore
#3 transferring context: 2B done
#3 DONE 0.0s

#4 [internal] load build context
#4 transferring context: 538B 0.0s done
#4 DONE 0.0s

#5 [1/3] FROM docker.io/library/python:3.11
#5 CACHED

#6 [2/3] COPY hard-gists/5808d73731b50f8abbdcb3c3c5c1e6fa/snippet.py /snippet.py
#6 DONE 0.1s

#7 [3/3] RUN ["pip","install","pillow"]
#7 2.151 Collecting pillow
#7 2.190   Downloading pillow-12.0.0-cp311-cp311-manylinux_2_27_x86_64.manylinux_2_28_x86_64.whl.metadata (8.8 kB)
#7 2.225 Downloading pillow-12.0.0-cp311-cp311-manylinux_2_27_x86_64.manylinux_2_28_x86_64.whl (7.0 MB)
#7 2.528    ━━━━━━━━━━━━━━━━━━━━━━━━━━━━━━━━━━━━━━━━ 7.0/7.0 MB 23.5 MB/s eta 0:00:00
#7 2.601 Installing collected packages: pillow
#7 2.845 Successfully installed pillow-12.0.0
#7 2.845 WARNING: Running pip as the 'root' user can result in broken permissions and conflicting behaviour with the system package manager. It is recommended to use a virtual environment instead: https://pip.pypa.io/warnings/venv
#7 2.939 
#7 2.939 [notice] A new release of pip is available: 24.0 -> 25.3
#7 2.939 [notice] To update, run: pip install --upgrade pip
#7 DONE 3.2s

#8 exporting to image
#8 exporting layers
#8 exporting layers 0.3s done
#8 writing image sha256:31a1c1a2dfbe3b1c9598bd7c5b727a55aa705417abbd60a1d37a653f12606f6c done
#8 naming to docker.io/library/test-image-5808d73731b50f8abbdcb3c3c5c1e6fa 0.0s done
#8 DONE 0.3s

View build details: docker-desktop://dashboard/build/default/default/lt0jx479zzbl4om6rych9ubgs
[2025-10-29 16:05:01] SUCCESS: Build completed for 5808d73731b50f8abbdcb3c3c5c1e6fa
