=== Docker Build Log for 4034526 ===
Started at: Mi 29. Okt 14:18:13 CET 2025

[2025-10-29 14:18:13] START: Building image for 4034526
#0 building with "default" instance using docker driver

#1 [internal] load build definition from Dockerfile
#1 transferring dockerfile: 132B done
#1 DONE 0.0s

#2 [internal] load metadata for docker.io/library/python:3.11
#2 DONE 0.0s

#3 [internal] load .dockerignore
#3 transferring context: 2B done
#3 DONE 0.0s

#4 [internal] load build context
#4 transferring context: 1.86kB 0.0s done
#4 DONE 0.0s

#5 [1/2] FROM docker.io/library/python:3.11
#5 CACHED

#6 [2/2] COPY hard-gists/4034526/snippet.py /snippet.py
#6 DONE 0.1s

#7 exporting to image
#7 exporting layers 0.0s done
#7 writing image sha256:eef627d1bf096a5b4380a2a4eed3b923ad9b6da437dc374ef15d4119fd1ba2a0 done
#7 naming to docker.io/library/test-image-4034526 done
#7 DONE 0.1s

View build details: docker-desktop://dashboard/build/default/default/nj1xl4ljgplq7wtpmxzhwwbyv
[2025-10-29 14:18:13] SUCCESS: Build completed for 4034526
