=== Docker Build Log for 529816 ===
Started at: Mi 29. Okt 15:33:37 CET 2025

[2025-10-29 15:33:37] START: Building image for 529816
#0 building with "default" instance using docker driver

#1 [internal] load build definition from Dockerfile
#1 transferring dockerfile: 199B done
#1 DONE 0.0s

#2 [internal] load metadata for docker.io/library/python:3.11
#2 DONE 0.0s

#3 [internal] load .dockerignore
#3 transferring context: 2B done
#3 DONE 0.0s

#4 [internal] load build context
#4 transferring context: 573B 0.0s done
#4 DONE 0.0s

#5 [1/4] FROM docker.io/library/python:3.11
#5 CACHED

#6 [2/4] COPY hard-gists/529816/snippet.py /snippet.py
#6 DONE 0.1s

#7 [3/4] RUN ["pip","install","dj.choices"]
#7 1.964 Collecting dj.choices
#7 1.998   Downloading dj.choices-0.11.0.tar.gz (28 kB)
#7 2.014   Preparing metadata (setup.py): started
#7 2.426   Preparing metadata (setup.py): finished with status 'done'
#7 2.538 Collecting django (from dj.choices)
#7 2.547   Downloading django-5.2.7-py3-none-any.whl.metadata (4.1 kB)
#7 2.592 Collecting six (from dj.choices)
#7 2.600   Downloading six-1.17.0-py2.py3-none-any.whl.metadata (1.7 kB)
#7 2.661 Collecting asgiref>=3.8.1 (from django->dj.choices)
#7 2.670   Downloading asgiref-3.10.0-py3-none-any.whl.metadata (9.3 kB)
#7 2.710 Collecting sqlparse>=0.3.1 (from django->dj.choices)
#7 2.718   Downloading sqlparse-0.5.3-py3-none-any.whl.metadata (3.9 kB)
#7 2.750 Downloading django-5.2.7-py3-none-any.whl (8.3 MB)
#7 3.161    ━━━━━━━━━━━━━━━━━━━━━━━━━━━━━━━━━━━━━━━━ 8.3/8.3 MB 20.3 MB/s eta 0:00:00
#7 3.169 Downloading six-1.17.0-py2.py3-none-any.whl (11 kB)
#7 3.188 Downloading asgiref-3.10.0-py3-none-any.whl (24 kB)
#7 3.206 Downloading sqlparse-0.5.3-py3-none-any.whl (44 kB)
#7 3.220    ━━━━━━━━━━━━━━━━━━━━━━━━━━━━━━━━━━━━━━━━ 44.4/44.4 kB 3.1 MB/s eta 0:00:00
#7 3.256 Building wheels for collected packages: dj.choices
#7 3.257   Building wheel for dj.choices (setup.py): started
#7 3.432   Building wheel for dj.choices (setup.py): finished with status 'done'
#7 3.433   Created wheel for dj.choices: filename=dj_choices-0.11.0-py3-none-any.whl size=28716 sha256=4cc72eb2b47fbe6b01991f707764a04f67a02142184c816bd8d2f001317ef97d
#7 3.433   Stored in directory: /root/.cache/pip/wheels/97/38/bd/4ca089ff8ffdead6a07e7af033d36d74a01ab7a37e70797942
#7 3.435 Successfully built dj.choices
#7 3.481 Installing collected packages: sqlparse, six, asgiref, django, dj.choices
#7 5.014 Successfully installed asgiref-3.10.0 dj.choices-0.11.0 django-5.2.7 six-1.17.0 sqlparse-0.5.3
#7 5.015 WARNING: Running pip as the 'root' user can result in broken permissions and conflicting behaviour with the system package manager. It is recommended to use a virtual environment instead: https://pip.pypa.io/warnings/venv
#7 5.106 
#7 5.106 [notice] A new release of pip is available: 24.0 -> 25.3
#7 5.106 [notice] To update, run: pip install --upgrade pip
#7 DONE 5.7s

#8 [4/4] RUN ["pip","install","Django"]
#8 0.486 Requirement already satisfied: Django in /usr/local/lib/python3.11/site-packages (5.2.7)
#8 0.490 Requirement already satisfied: asgiref>=3.8.1 in /usr/local/lib/python3.11/site-packages (from Django) (3.10.0)
#8 0.491 Requirement already satisfied: sqlparse>=0.3.1 in /usr/local/lib/python3.11/site-packages (from Django) (0.5.3)
#8 0.530 WARNING: Running pip as the 'root' user can result in broken permissions and conflicting behaviour with the system package manager. It is recommended to use a virtual environment instead: https://pip.pypa.io/warnings/venv
#8 0.535 
#8 0.535 [notice] A new release of pip is available: 24.0 -> 25.3
#8 0.535 [notice] To update, run: pip install --upgrade pip
#8 DONE 0.6s

#9 exporting to image
#9 exporting layers
#9 exporting layers 0.7s done
#9 writing image sha256:5d2a00822b0592bcec7e874008ea34e347d199a22bf8adf4c3e87e9a266462a7 done
#9 naming to docker.io/library/test-image-529816 0.0s done
#9 DONE 0.7s

View build details: docker-desktop://dashboard/build/default/default/6ej65ds7yj61f8dpleij78wg3
[2025-10-29 15:33:45] SUCCESS: Build completed for 529816
