=== Docker Build Log for 9e30b2f908e801da1bd789f4ce3e7aac ===
Started at: Mi 29. Okt 18:42:00 CET 2025

[2025-10-29 18:42:00] START: Building image for 9e30b2f908e801da1bd789f4ce3e7aac
#0 building with "default" instance using docker driver

#1 [internal] load build definition from Dockerfile
#1 transferring dockerfile: 157B done
#1 DONE 0.0s

#2 [internal] load metadata for docker.io/library/python:3.11
#2 DONE 0.0s

#3 [internal] load .dockerignore
#3 transferring context: 2B done
#3 DONE 0.0s

#4 [internal] load build context
#4 transferring context: 5.52kB 0.0s done
#4 DONE 0.0s

#5 [1/2] FROM docker.io/library/python:3.11
#5 CACHED

#6 [2/2] COPY hard-gists/9e30b2f908e801da1bd789f4ce3e7aac/snippet.py /snippet.py
#6 DONE 0.1s

#7 exporting to image
#7 exporting layers 0.0s done
#7 writing image sha256:cac0bb3b05db1e2c13f270f6937730cc7c9263f04cc50604806cd51f0f4b09db done
#7 naming to docker.io/library/test-image-9e30b2f908e801da1bd789f4ce3e7aac done
#7 DONE 0.1s

View build details: docker-desktop://dashboard/build/default/default/kwuzhpqts6etlyv750r9cq2bz
[2025-10-29 18:42:01] SUCCESS: Build completed for 9e30b2f908e801da1bd789f4ce3e7aac
