=== Docker Build Log for 3aa1d94bb83e5124eae6 ===
Started at: Mi 29. Okt 14:10:53 CET 2025

[2025-10-29 14:10:53] START: Building image for 3aa1d94bb83e5124eae6
#0 building with "default" instance using docker driver

#1 [internal] load build definition from Dockerfile
#1 transferring dockerfile: 182B done
#1 DONE 0.0s

#2 [internal] load metadata for docker.io/library/python:3.11
#2 DONE 0.0s

#3 [internal] load .dockerignore
#3 transferring context: 2B done
#3 DONE 0.0s

#4 [internal] load build context
#4 transferring context: 2.78kB 0.0s done
#4 DONE 0.0s

#5 [1/3] FROM docker.io/library/python:3.11
#5 CACHED

#6 [2/3] COPY hard-gists/3aa1d94bb83e5124eae6/snippet.py /snippet.py
#6 DONE 0.1s

#7 [3/3] RUN ["pip","install","foundation"]
#7 1.905 Collecting foundation
#7 1.946   Downloading foundation-0.1.0a0.dev1.tar.gz (50 kB)
#7 1.963      ━━━━━━━━━━━━━━━━━━━━━━━━━━━━━━━━━━━━━━━━ 50.8/50.8 kB 3.1 MB/s eta 0:00:00
#7 1.974   Preparing metadata (setup.py): started
#7 2.355   Preparing metadata (setup.py): finished with status 'done'
#7 2.460 Collecting Django<1.11,>=1.10 (from foundation)
#7 2.470   Downloading Django-1.10.8-py2.py3-none-any.whl.metadata (1.3 kB)
#7 2.603 Collecting django-sekizai>=0.10 (from foundation)
#7 2.613   Downloading django_sekizai-4.1.0-py3-none-any.whl.metadata (4.6 kB)
#7 2.649 INFO: pip is looking at multiple versions of django-sekizai to determine which version is compatible with other requirements. This could take a while.
#7 2.662   Downloading django_sekizai-4.0.0-py3-none-any.whl.metadata (4.6 kB)
#7 2.687   Downloading django_sekizai-3.0.1-py3-none-any.whl.metadata (4.6 kB)
#7 2.731   Downloading django_sekizai-3.0.0-py3-none-any.whl.metadata (4.6 kB)
#7 2.756   Downloading django_sekizai-2.0.0-py3-none-any.whl.metadata (3.7 kB)
#7 2.780   Downloading django-sekizai-1.1.0.tar.gz (7.0 kB)
#7 2.799   Preparing metadata (setup.py): started
#7 2.910   Preparing metadata (setup.py): finished with status 'done'
#7 2.944   Downloading django-sekizai-1.0.0.tar.gz (18 kB)
#7 2.960   Preparing metadata (setup.py): started
#7 3.070   Preparing metadata (setup.py): finished with status 'done'
#7 3.084   Downloading django_sekizai-0.10.0-py2.py3-none-any.whl.metadata (793 bytes)
#7 3.228 Collecting django-classy-tags>=0.3.1 (from django-sekizai>=0.10->foundation)
#7 3.237   Downloading django_classy_tags-4.1.0-py3-none-any.whl.metadata (5.3 kB)
#7 3.251 INFO: pip is looking at multiple versions of django-classy-tags to determine which version is compatible with other requirements. This could take a while.
#7 3.265   Downloading django_classy_tags-4.0.0-py3-none-any.whl.metadata (5.2 kB)
#7 3.303   Downloading django_classy_tags-3.0.1-py3-none-any.whl.metadata (5.3 kB)
#7 3.334   Downloading django_classy_tags-3.0.0-py3-none-any.whl.metadata (5.2 kB)
#7 3.361   Downloading django_classy_tags-2.0.0-py3-none-any.whl.metadata (4.5 kB)
#7 3.387   Downloading django-classy-tags-1.0.0.tar.gz (13 kB)
#7 3.411   Preparing metadata (setup.py): started
#7 3.521   Preparing metadata (setup.py): finished with status 'done'
#7 3.538   Downloading django-classy-tags-0.9.0.tar.gz (17 kB)
#7 3.554   Preparing metadata (setup.py): started
#7 3.663   Preparing metadata (setup.py): finished with status 'done'
#7 3.683   Downloading django_classy_tags-0.8.0-py2.py3-none-any.whl.metadata (981 bytes)
#7 3.725 Downloading Django-1.10.8-py2.py3-none-any.whl (6.8 MB)
#7 4.031    ━━━━━━━━━━━━━━━━━━━━━━━━━━━━━━━━━━━━━━━━ 6.8/6.8 MB 22.4 MB/s eta 0:00:00
#7 4.040 Downloading django_sekizai-0.10.0-py2.py3-none-any.whl (19 kB)
#7 4.058 Downloading django_classy_tags-0.8.0-py2.py3-none-any.whl (22 kB)
#7 4.098 Building wheels for collected packages: foundation
#7 4.099   Building wheel for foundation (setup.py): started
#7 4.300   Building wheel for foundation (setup.py): finished with status 'done'
#7 4.300   Created wheel for foundation: filename=foundation-0.1.0a0.dev1-py3-none-any.whl size=73614 sha256=c87065ca1a1d340f859faa122d4ff217523edf9134dcc96b8e277189a9d091d6
#7 4.301   Stored in directory: /root/.cache/pip/wheels/ad/c3/ad/3307fd133207420fb4bf8fa4844260b0dcd4de9deec2857abd
#7 4.302 Successfully built foundation
#7 4.342 Installing collected packages: Django, django-classy-tags, django-sekizai, foundation
#7 5.575 Successfully installed Django-1.10.8 django-classy-tags-0.8.0 django-sekizai-0.10.0 foundation-0.1.0a0.dev1
#7 5.575 WARNING: Running pip as the 'root' user can result in broken permissions and conflicting behaviour with the system package manager. It is recommended to use a virtual environment instead: https://pip.pypa.io/warnings/venv
#7 5.669 
#7 5.669 [notice] A new release of pip is available: 24.0 -> 25.3
#7 5.669 [notice] To update, run: pip install --upgrade pip
#7 DONE 6.1s

#8 exporting to image
#8 exporting layers
#8 exporting layers 0.5s done
#8 writing image sha256:ebbc6ed8f499c0ac5be1856297852de020ff0d51befe822ee92e90f6e53ac4d9 done
#8 naming to docker.io/library/test-image-3aa1d94bb83e5124eae6 done
#8 DONE 0.5s

View build details: docker-desktop://dashboard/build/default/default/n96e6ic4y66cnto56zh3cofa8
[2025-10-29 14:11:01] SUCCESS: Build completed for 3aa1d94bb83e5124eae6
