=== Docker Build Log for b59679e31dbdb01064d6bceb827ed88b ===
Started at: Mi 29. Okt 19:31:16 CET 2025

[2025-10-29 19:31:16] START: Building image for b59679e31dbdb01064d6bceb827ed88b
#0 building with "default" instance using docker driver

#1 [internal] load build definition from Dockerfile
#1 transferring dockerfile: 187B done
#1 DONE 0.0s

#2 [internal] load metadata for docker.io/library/python:3.11
#2 DONE 0.0s

#3 [internal] load .dockerignore
#3 transferring context: 2B done
#3 DONE 0.0s

#4 [internal] load build context
#4 transferring context: 1.43kB 0.0s done
#4 DONE 0.0s

#5 [1/3] FROM docker.io/library/python:3.11
#5 CACHED

#6 [2/3] COPY hard-gists/b59679e31dbdb01064d6bceb827ed88b/snippet.py /snippet.py
#6 DONE 0.1s

#7 [3/3] RUN ["pip","install","idc"]
#7 1.879 Collecting idc
#7 1.925   Downloading idc-0.6.0.tar.gz (850 kB)
#7 2.013      ━━━━━━━━━━━━━━━━━━━━━━━━━━━━━━━━━━━━━━ 850.4/850.4 kB 10.1 MB/s eta 0:00:00
#7 2.051   Preparing metadata (setup.py): started
#7 3.018   Preparing metadata (setup.py): finished with status 'done'
#7 3.049 Collecting pyOSC==0.3.5b-5294 (from idc)
#7 3.062   Downloading pyOSC-0.3.5b-5294.tar.gz (33 kB)
#7 3.077   Preparing metadata (setup.py): started
#7 3.168   Preparing metadata (setup.py): finished with status 'error'
#7 3.172   error: subprocess-exited-with-error
#7 3.172   
#7 3.172   × python setup.py egg_info did not run successfully.
#7 3.172   │ exit code: 1
#7 3.172   ╰─> [9 lines of output]
#7 3.172       Traceback (most recent call last):
#7 3.172         File "<string>", line 2, in <module>
#7 3.172         File "<pip-setuptools-caller>", line 34, in <module>
#7 3.172         File "/tmp/pip-install-e9jvpgee/pyosc_eb836b80fd4d4c3f8b718cf4cb1a7621/setup.py", line 5, in <module>
#7 3.172           import OSC
#7 3.172         File "/tmp/pip-install-e9jvpgee/pyosc_eb836b80fd4d4c3f8b718cf4cb1a7621/OSC.py", line 735
#7 3.172           binary = struct.pack('>ll', 0L, 1L)
#7 3.172                                       ^
#7 3.172       SyntaxError: invalid decimal literal
#7 3.172       [end of output]
#7 3.172   
#7 3.172   note: This error originates from a subprocess, and is likely not a problem with pip.
#7 3.173 error: metadata-generation-failed
#7 3.173 
#7 3.173 × Encountered error while generating package metadata.
#7 3.173 ╰─> See above for output.
#7 3.173 
#7 3.173 note: This is an issue with the package mentioned above, not pip.
#7 3.173 hint: See above for details.
#7 3.283 
#7 3.283 [notice] A new release of pip is available: 24.0 -> 25.3
#7 3.283 [notice] To update, run: pip install --upgrade pip
#7 ERROR: process "pip install idc" did not complete successfully: exit code: 1
------
 > [3/3] RUN ["pip","install","idc"]:
3.173 error: metadata-generation-failed
3.173 
3.173 × Encountered error while generating package metadata.
3.173 ╰─> See above for output.
3.173 
3.173 note: This is an issue with the package mentioned above, not pip.
3.173 hint: See above for details.
3.283 
3.283 [notice] A new release of pip is available: 24.0 -> 25.3
3.283 [notice] To update, run: pip install --upgrade pip
------
Dockerfile:3
--------------------
   1 |     FROM python:3.11
   2 |     COPY hard-gists/b59679e31dbdb01064d6bceb827ed88b/snippet.py /snippet.py
   3 | >>> RUN ["pip","install","idc"]
   4 |     CMD ["python3","/snippet.py"]
   5 |     
--------------------
ERROR: failed to build: failed to solve: process "pip install idc" did not complete successfully: exit code: 1

View build details: docker-desktop://dashboard/build/default/default/ct62165c7wnoq779rhvxx6rmj
[2025-10-29 19:31:20] ERROR: Build failed for b59679e31dbdb01064d6bceb827ed88b
