=== Docker Build Log for 780379 ===
Started at: Mi 29. Okt 17:18:27 CET 2025

[2025-10-29 17:18:27] START: Building image for 780379
#0 building with "default" instance using docker driver

#1 [internal] load build definition from Dockerfile
#1 transferring dockerfile: 131B done
#1 DONE 0.0s

#2 [internal] load metadata for docker.io/library/python:3.11
#2 DONE 0.0s

#3 [internal] load .dockerignore
#3 transferring context: 2B done
#3 DONE 0.0s

#4 [internal] load build context
#4 transferring context: 1.54kB 0.0s done
#4 DONE 0.0s

#5 [1/2] FROM docker.io/library/python:3.11
#5 CACHED

#6 [2/2] COPY hard-gists/780379/snippet.py /snippet.py
#6 DONE 0.1s

#7 exporting to image
#7 exporting layers 0.1s done
#7 writing image sha256:3c25c6243788eda8dbdbfc2205bb66449c6fd79f5143b76f281d88b9f0b7dc27 done
#7 naming to docker.io/library/test-image-780379 done
#7 DONE 0.1s

View build details: docker-desktop://dashboard/build/default/default/nt9inp3ds6tjqljn0ie67zavz
[2025-10-29 17:18:27] SUCCESS: Build completed for 780379
