=== Docker Build Log for 754329 ===
Started at: Mi 29. Okt 17:12:25 CET 2025

[2025-10-29 17:12:25] START: Building image for 754329
#0 building with "default" instance using docker driver

#1 [internal] load build definition from Dockerfile
#1 transferring dockerfile: 204B done
#1 DONE 0.0s

#2 [internal] load metadata for docker.io/library/python:3.11
#2 DONE 0.0s

#3 [internal] load .dockerignore
#3 transferring context: 2B done
#3 DONE 0.0s

#4 [internal] load build context
#4 transferring context: 371B 0.0s done
#4 DONE 0.0s

#5 [1/4] FROM docker.io/library/python:3.11
#5 CACHED

#6 [2/4] COPY hard-gists/754329/snippet.py /snippet.py
#6 DONE 0.1s

#7 [3/4] RUN ["pip","install","Django"]
#7 2.023 Collecting Django
#7 2.056   Downloading django-5.2.7-py3-none-any.whl.metadata (4.1 kB)
#7 2.105 Collecting asgiref>=3.8.1 (from Django)
#7 2.114   Downloading asgiref-3.10.0-py3-none-any.whl.metadata (9.3 kB)
#7 2.155 Collecting sqlparse>=0.3.1 (from Django)
#7 2.164   Downloading sqlparse-0.5.3-py3-none-any.whl.metadata (3.9 kB)
#7 2.187 Downloading django-5.2.7-py3-none-any.whl (8.3 MB)
#7 2.497    ━━━━━━━━━━━━━━━━━━━━━━━━━━━━━━━━━━━━━━━━ 8.3/8.3 MB 27.0 MB/s eta 0:00:00
#7 2.512 Downloading asgiref-3.10.0-py3-none-any.whl (24 kB)
#7 2.528 Downloading sqlparse-0.5.3-py3-none-any.whl (44 kB)
#7 2.539    ━━━━━━━━━━━━━━━━━━━━━━━━━━━━━━━━━━━━━━━━ 44.4/44.4 kB 3.8 MB/s eta 0:00:00
#7 2.626 Installing collected packages: sqlparse, asgiref, Django
#7 4.131 Successfully installed Django-5.2.7 asgiref-3.10.0 sqlparse-0.5.3
#7 4.131 WARNING: Running pip as the 'root' user can result in broken permissions and conflicting behaviour with the system package manager. It is recommended to use a virtual environment instead: https://pip.pypa.io/warnings/venv
#7 4.224 
#7 4.224 [notice] A new release of pip is available: 24.0 -> 25.3
#7 4.224 [notice] To update, run: pip install --upgrade pip
#7 DONE 4.9s

#8 [4/4] RUN ["pip","install","django-tastypie"]
#8 0.539 Collecting django-tastypie
#8 0.588   Downloading django_tastypie-0.15.1.tar.gz (156 kB)
#8 0.623      ━━━━━━━━━━━━━━━━━━━━━━━━━━━━━━━━━━━━━━━ 156.6/156.6 kB 4.5 MB/s eta 0:00:00
#8 0.648   Preparing metadata (setup.py): started
#8 1.091   Preparing metadata (setup.py): finished with status 'done'
#8 1.223 Collecting python-mimeparse!=1.5,>=0.1.4 (from django-tastypie)
#8 1.232   Downloading python_mimeparse-2.0.0-py3-none-any.whl.metadata (3.1 kB)
#8 1.281 Collecting python-dateutil>=2.1 (from django-tastypie)
#8 1.291   Downloading python_dateutil-2.9.0.post0-py2.py3-none-any.whl.metadata (8.4 kB)
#8 1.335 Collecting six>=1.5 (from python-dateutil>=2.1->django-tastypie)
#8 1.344   Downloading six-1.17.0-py2.py3-none-any.whl.metadata (1.7 kB)
#8 1.367 Downloading python_dateutil-2.9.0.post0-py2.py3-none-any.whl (229 kB)
#8 1.387    ━━━━━━━━━━━━━━━━━━━━━━━━━━━━━━━━━━━━━━━━ 229.9/229.9 kB 11.8 MB/s eta 0:00:00
#8 1.399 Downloading python_mimeparse-2.0.0-py3-none-any.whl (5.6 kB)
#8 1.416 Downloading six-1.17.0-py2.py3-none-any.whl (11 kB)
#8 1.430 Building wheels for collected packages: django-tastypie
#8 1.430   Building wheel for django-tastypie (setup.py): started
#8 1.625   Building wheel for django-tastypie (setup.py): finished with status 'done'
#8 1.625   Created wheel for django-tastypie: filename=django_tastypie-0.15.1-py2.py3-none-any.whl size=79676 sha256=59466c65c91ac886d1f2c8acef63977ea8f948b8f1a77f82e6951c70be078bbe
#8 1.625   Stored in directory: /root/.cache/pip/wheels/3c/1f/44/eb4cf3a12ae17b4b6dd6d6f90d5a0b76be52f951aad86aa27a
#8 1.627 Successfully built django-tastypie
#8 1.669 Installing collected packages: six, python-mimeparse, python-dateutil, django-tastypie
#8 1.787 Successfully installed django-tastypie-0.15.1 python-dateutil-2.9.0.post0 python-mimeparse-2.0.0 six-1.17.0
#8 1.787 WARNING: Running pip as the 'root' user can result in broken permissions and conflicting behaviour with the system package manager. It is recommended to use a virtual environment instead: https://pip.pypa.io/warnings/venv
#8 1.792 
#8 1.792 [notice] A new release of pip is available: 24.0 -> 25.3
#8 1.792 [notice] To update, run: pip install --upgrade pip
#8 DONE 1.9s

#9 exporting to image
#9 exporting layers
#9 exporting layers 0.6s done
#9 writing image sha256:7076da96c26ad4aaef21449873ed4fd18a0d0d832cf2cc999bdfca8376757996 done
#9 naming to docker.io/library/test-image-754329 done
#9 DONE 0.6s

View build details: docker-desktop://dashboard/build/default/default/niz45mzrd8k2a41gs1s96sxjs
[2025-10-29 17:12:33] SUCCESS: Build completed for 754329
