=== Docker Build Log for 629508 ===
Started at: Mi 29. Okt 16:27:31 CET 2025

[2025-10-29 16:27:31] START: Building image for 629508
#0 building with "default" instance using docker driver

#1 [internal] load build definition from Dockerfile
#1 transferring dockerfile: 199B done
#1 DONE 0.0s

#2 [internal] load metadata for docker.io/library/python:3.11
#2 DONE 0.0s

#3 [internal] load .dockerignore
#3 transferring context: 2B done
#3 DONE 0.0s

#4 [internal] load build context
#4 transferring context: 1.26kB 0.0s done
#4 DONE 0.0s

#5 [1/4] FROM docker.io/library/python:3.11
#5 CACHED

#6 [2/4] COPY hard-gists/629508/snippet.py /snippet.py
#6 DONE 0.1s

#7 [3/4] RUN ["pip","install","dj.choices"]
#7 2.268 Collecting dj.choices
#7 2.306   Downloading dj.choices-0.11.0.tar.gz (28 kB)
#7 2.326   Preparing metadata (setup.py): started
#7 2.823   Preparing metadata (setup.py): finished with status 'done'
#7 2.943 Collecting django (from dj.choices)
#7 2.952   Downloading django-5.2.7-py3-none-any.whl.metadata (4.1 kB)
#7 2.999 Collecting six (from dj.choices)
#7 3.007   Downloading six-1.17.0-py2.py3-none-any.whl.metadata (1.7 kB)
#7 3.070 Collecting asgiref>=3.8.1 (from django->dj.choices)
#7 3.078   Downloading asgiref-3.10.0-py3-none-any.whl.metadata (9.3 kB)
#7 3.123 Collecting sqlparse>=0.3.1 (from django->dj.choices)
#7 3.131   Downloading sqlparse-0.5.3-py3-none-any.whl.metadata (3.9 kB)
#7 3.160 Downloading django-5.2.7-py3-none-any.whl (8.3 MB)
#7 3.494    ━━━━━━━━━━━━━━━━━━━━━━━━━━━━━━━━━━━━━━━━ 8.3/8.3 MB 24.9 MB/s eta 0:00:00
#7 3.503 Downloading six-1.17.0-py2.py3-none-any.whl (11 kB)
#7 3.521 Downloading asgiref-3.10.0-py3-none-any.whl (24 kB)
#7 3.539 Downloading sqlparse-0.5.3-py3-none-any.whl (44 kB)
#7 3.551    ━━━━━━━━━━━━━━━━━━━━━━━━━━━━━━━━━━━━━━━━ 44.4/44.4 kB 3.4 MB/s eta 0:00:00
#7 3.596 Building wheels for collected packages: dj.choices
#7 3.597   Building wheel for dj.choices (setup.py): started
#7 3.804   Building wheel for dj.choices (setup.py): finished with status 'done'
#7 3.805   Created wheel for dj.choices: filename=dj_choices-0.11.0-py3-none-any.whl size=28716 sha256=ebbfbdf195fd917d67f7eb566b543afcfe75872a3e199c6a6e4c12df9e9ae0e9
#7 3.805   Stored in directory: /root/.cache/pip/wheels/97/38/bd/4ca089ff8ffdead6a07e7af033d36d74a01ab7a37e70797942
#7 3.807 Successfully built dj.choices
#7 3.864 Installing collected packages: sqlparse, six, asgiref, django, dj.choices
#7 5.889 Successfully installed asgiref-3.10.0 dj.choices-0.11.0 django-5.2.7 six-1.17.0 sqlparse-0.5.3
#7 5.889 WARNING: Running pip as the 'root' user can result in broken permissions and conflicting behaviour with the system package manager. It is recommended to use a virtual environment instead: https://pip.pypa.io/warnings/venv
#7 6.005 
#7 6.005 [notice] A new release of pip is available: 24.0 -> 25.3
#7 6.005 [notice] To update, run: pip install --upgrade pip
#7 DONE 6.5s

#8 [4/4] RUN ["pip","install","Django"]
#8 0.504 Requirement already satisfied: Django in /usr/local/lib/python3.11/site-packages (5.2.7)
#8 0.508 Requirement already satisfied: asgiref>=3.8.1 in /usr/local/lib/python3.11/site-packages (from Django) (3.10.0)
#8 0.509 Requirement already satisfied: sqlparse>=0.3.1 in /usr/local/lib/python3.11/site-packages (from Django) (0.5.3)
#8 0.559 WARNING: Running pip as the 'root' user can result in broken permissions and conflicting behaviour with the system package manager. It is recommended to use a virtual environment instead: https://pip.pypa.io/warnings/venv
#8 0.565 
#8 0.565 [notice] A new release of pip is available: 24.0 -> 25.3
#8 0.565 [notice] To update, run: pip install --upgrade pip
#8 DONE 0.6s

#9 exporting to image
#9 exporting layers
#9 exporting layers 0.7s done
#9 writing image sha256:fe24096c65a56349faa895d33ee7cde33164cb38d0d1edf89fc5a490e3ede32d done
#9 naming to docker.io/library/test-image-629508 0.0s done
#9 DONE 0.7s

View build details: docker-desktop://dashboard/build/default/default/pvhcc8tqt4onefzrydcihc7as
[2025-10-29 16:27:40] SUCCESS: Build completed for 629508
