=== Docker Build Log for dde829f94a8f83bfa922090102449fde ===
Started at: Mi 29. Okt 20:34:48 CET 2025

[2025-10-29 20:34:48] START: Building image for dde829f94a8f83bfa922090102449fde
#0 building with "default" instance using docker driver

#1 [internal] load build definition from Dockerfile
#1 transferring dockerfile: 157B done
#1 DONE 0.0s

#2 [internal] load metadata for docker.io/library/python:3.11
#2 DONE 0.0s

#3 [internal] load .dockerignore
#3 transferring context: 2B done
#3 DONE 0.0s

#4 [internal] load build context
#4 transferring context: 7.30kB 0.0s done
#4 DONE 0.0s

#5 [1/2] FROM docker.io/library/python:3.11
#5 CACHED

#6 [2/2] COPY hard-gists/dde829f94a8f83bfa922090102449fde/snippet.py /snippet.py
#6 DONE 0.1s

#7 exporting to image
#7 exporting layers 0.0s done
#7 writing image sha256:fa938702632965df80aaeaa0d2311235b2ecc106a01f551a49dac6a1f773a827 done
#7 naming to docker.io/library/test-image-dde829f94a8f83bfa922090102449fde done
#7 DONE 0.1s

View build details: docker-desktop://dashboard/build/default/default/j2722f8agzq51bbjygmki90ej
[2025-10-29 20:34:49] SUCCESS: Build completed for dde829f94a8f83bfa922090102449fde
