=== Docker Build Log for 1388243 ===
Started at: Mi 29. Okt 12:11:59 CET 2025

[2025-10-29 12:11:59] START: Building image for 1388243
#0 building with "default" instance using docker driver

#1 [internal] load build definition from Dockerfile
#1 transferring dockerfile: 200B done
#1 DONE 0.0s

#2 [internal] load metadata for docker.io/library/python:3.11
#2 DONE 0.0s

#3 [internal] load .dockerignore
#3 transferring context: 2B done
#3 DONE 0.0s

#4 [internal] load build context
#4 transferring context: 1.22kB 0.0s done
#4 DONE 0.0s

#5 [1/4] FROM docker.io/library/python:3.11
#5 CACHED

#6 [2/4] COPY hard-gists/1388243/snippet.py /snippet.py
#6 DONE 0.1s

#7 [3/4] RUN ["pip","install","dj.choices"]
#7 1.897 Collecting dj.choices
#7 1.928   Downloading dj.choices-0.11.0.tar.gz (28 kB)
#7 1.946   Preparing metadata (setup.py): started
#7 2.336   Preparing metadata (setup.py): finished with status 'done'
#7 2.436 Collecting django (from dj.choices)
#7 2.446   Downloading django-5.2.7-py3-none-any.whl.metadata (4.1 kB)
#7 2.484 Collecting six (from dj.choices)
#7 2.492   Downloading six-1.17.0-py2.py3-none-any.whl.metadata (1.7 kB)
#7 2.539 Collecting asgiref>=3.8.1 (from django->dj.choices)
#7 2.548   Downloading asgiref-3.10.0-py3-none-any.whl.metadata (9.3 kB)
#7 2.586 Collecting sqlparse>=0.3.1 (from django->dj.choices)
#7 2.594   Downloading sqlparse-0.5.3-py3-none-any.whl.metadata (3.9 kB)
#7 2.622 Downloading django-5.2.7-py3-none-any.whl (8.3 MB)
#7 2.935    ━━━━━━━━━━━━━━━━━━━━━━━━━━━━━━━━━━━━━━━━ 8.3/8.3 MB 26.6 MB/s eta 0:00:00
#7 2.944 Downloading six-1.17.0-py2.py3-none-any.whl (11 kB)
#7 2.964 Downloading asgiref-3.10.0-py3-none-any.whl (24 kB)
#7 2.982 Downloading sqlparse-0.5.3-py3-none-any.whl (44 kB)
#7 2.994    ━━━━━━━━━━━━━━━━━━━━━━━━━━━━━━━━━━━━━━━━ 44.4/44.4 kB 3.6 MB/s eta 0:00:00
#7 3.029 Building wheels for collected packages: dj.choices
#7 3.030   Building wheel for dj.choices (setup.py): started
#7 3.194   Building wheel for dj.choices (setup.py): finished with status 'done'
#7 3.195   Created wheel for dj.choices: filename=dj_choices-0.11.0-py3-none-any.whl size=28716 sha256=bc3252c0364fa7f873ea949de6610a1819827a8b31af195c8872360699cb3608
#7 3.195   Stored in directory: /root/.cache/pip/wheels/97/38/bd/4ca089ff8ffdead6a07e7af033d36d74a01ab7a37e70797942
#7 3.197 Successfully built dj.choices
#7 3.242 Installing collected packages: sqlparse, six, asgiref, django, dj.choices
#7 4.662 Successfully installed asgiref-3.10.0 dj.choices-0.11.0 django-5.2.7 six-1.17.0 sqlparse-0.5.3
#7 4.662 WARNING: Running pip as the 'root' user can result in broken permissions and conflicting behaviour with the system package manager. It is recommended to use a virtual environment instead: https://pip.pypa.io/warnings/venv
#7 4.760 
#7 4.760 [notice] A new release of pip is available: 24.0 -> 25.3
#7 4.760 [notice] To update, run: pip install --upgrade pip
#7 DONE 5.2s

#8 [4/4] RUN ["pip","install","Django"]
#8 0.437 Requirement already satisfied: Django in /usr/local/lib/python3.11/site-packages (5.2.7)
#8 0.440 Requirement already satisfied: asgiref>=3.8.1 in /usr/local/lib/python3.11/site-packages (from Django) (3.10.0)
#8 0.441 Requirement already satisfied: sqlparse>=0.3.1 in /usr/local/lib/python3.11/site-packages (from Django) (0.5.3)
#8 0.479 WARNING: Running pip as the 'root' user can result in broken permissions and conflicting behaviour with the system package manager. It is recommended to use a virtual environment instead: https://pip.pypa.io/warnings/venv
#8 0.484 
#8 0.484 [notice] A new release of pip is available: 24.0 -> 25.3
#8 0.484 [notice] To update, run: pip install --upgrade pip
#8 DONE 0.6s

#9 exporting to image
#9 exporting layers
#9 exporting layers 0.5s done
#9 writing image sha256:a96b2f85425551916c8dbdb79914b0d59e545d7d2892eceaecf2e732a96764cb done
#9 naming to docker.io/library/test-image-1388243 done
#9 DONE 0.6s

View build details: docker-desktop://dashboard/build/default/default/zkwxzhyy07a77dwlk5cy4skhn
[2025-10-29 12:12:05] SUCCESS: Build completed for 1388243
