=== Docker Build Log for 5057356 ===
Started at: Mi 29. Okt 15:20:30 CET 2025

[2025-10-29 15:20:30] START: Building image for 5057356
#0 building with "default" instance using docker driver

#1 [internal] load build definition from Dockerfile
#1 transferring dockerfile: 162B done
#1 DONE 0.0s

#2 [internal] load metadata for docker.io/library/python:3.11
#2 DONE 0.0s

#3 [internal] load .dockerignore
#3 transferring context: 2B done
#3 DONE 0.0s

#4 [internal] load build context
#4 transferring context: 870B 0.0s done
#4 DONE 0.0s

#5 [1/3] FROM docker.io/library/python:3.11
#5 CACHED

#6 [2/3] COPY hard-gists/5057356/snippet.py /snippet.py
#6 DONE 0.1s

#7 [3/3] RUN ["pip","install","scene"]
#7 1.973 Collecting scene
#7 2.013   Downloading scene-0.0.1.tar.gz (4.3 kB)
#7 2.027   Preparing metadata (setup.py): started
#7 2.432   Preparing metadata (setup.py): finished with status 'done'
#7 2.434 Building wheels for collected packages: scene
#7 2.434   Building wheel for scene (setup.py): started
#7 2.609   Building wheel for scene (setup.py): finished with status 'done'
#7 2.609   Created wheel for scene: filename=scene-0.0.1-py2.py3-none-any.whl size=3300 sha256=b2dc972d498c32954eee9a99b0be47bb663e2b09e3b3a89576d061d868c06da1
#7 2.610   Stored in directory: /root/.cache/pip/wheels/8d/92/cb/ec23387ed573b50de008a60ab148d18dac724dd0e65cd18715
#7 2.616 Successfully built scene
#7 2.648 Installing collected packages: scene
#7 2.662 Successfully installed scene-0.0.1
#7 2.662 WARNING: Running pip as the 'root' user can result in broken permissions and conflicting behaviour with the system package manager. It is recommended to use a virtual environment instead: https://pip.pypa.io/warnings/venv
#7 2.754 
#7 2.754 [notice] A new release of pip is available: 24.0 -> 25.3
#7 2.754 [notice] To update, run: pip install --upgrade pip
#7 DONE 2.9s

#8 exporting to image
#8 exporting layers 0.1s done
#8 writing image sha256:1924094e494c050a898ac08cc1bac01fee24c00bc319af98259b494e77377d80 done
#8 naming to docker.io/library/test-image-5057356 done
#8 DONE 0.2s

View build details: docker-desktop://dashboard/build/default/default/w4dviglstc5jiuczv7ywuye51
[2025-10-29 15:20:33] SUCCESS: Build completed for 5057356
