=== Docker Build Log for 6033364 ===
Started at: Mi 29. Okt 16:18:18 CET 2025

[2025-10-29 16:18:18] START: Building image for 6033364
#0 building with "default" instance using docker driver

#1 [internal] load build definition from Dockerfile
#1 transferring dockerfile: 132B done
#1 DONE 0.0s

#2 [internal] load metadata for docker.io/library/python:3.11
#2 DONE 0.0s

#3 [internal] load .dockerignore
#3 transferring context: 2B done
#3 DONE 0.0s

#4 [internal] load build context
#4 transferring context: 1.41kB 0.0s done
#4 DONE 0.0s

#5 [1/2] FROM docker.io/library/python:3.11
#5 CACHED

#6 [2/2] COPY hard-gists/6033364/snippet.py /snippet.py
#6 DONE 0.1s

#7 exporting to image
#7 exporting layers 0.0s done
#7 writing image sha256:1afcad68782212bbf7a134ff0bf58a63815c330969cbd04d7cbd396f714714c9 done
#7 naming to docker.io/library/test-image-6033364 0.0s done
#7 DONE 0.1s

View build details: docker-desktop://dashboard/build/default/default/k01k18qvj54lac8yy3ma4wmnm
[2025-10-29 16:18:19] SUCCESS: Build completed for 6033364
