=== Docker Build Log for 7524815 ===
Started at: Mi 29. Okt 17:10:50 CET 2025

[2025-10-29 17:10:50] START: Building image for 7524815
#0 building with "default" instance using docker driver

#1 [internal] load build definition from Dockerfile
#1 transferring dockerfile: 132B done
#1 DONE 0.0s

#2 [internal] load metadata for docker.io/library/python:3.11
#2 DONE 0.0s

#3 [internal] load .dockerignore
#3 transferring context: 2B done
#3 DONE 0.0s

#4 [internal] load build context
#4 transferring context: 1.14kB 0.0s done
#4 DONE 0.0s

#5 [1/2] FROM docker.io/library/python:3.11
#5 CACHED

#6 [2/2] COPY hard-gists/7524815/snippet.py /snippet.py
#6 DONE 0.1s

#7 exporting to image
#7 exporting layers 0.0s done
#7 writing image sha256:c7838fa27afc9cbf2fda33a81474d52928c6a3b075962d72e53ec269192d0463 done
#7 naming to docker.io/library/test-image-7524815 done
#7 DONE 0.1s

View build details: docker-desktop://dashboard/build/default/default/d28esi2oj1svjwr60vtus970d
[2025-10-29 17:10:51] SUCCESS: Build completed for 7524815
