=== Docker Build Log for ef7ed11b0abab37c94ad ===
Started at: Mi 29. Okt 21:14:47 CET 2025

[2025-10-29 21:14:47] START: Building image for ef7ed11b0abab37c94ad
#0 building with "default" instance using docker driver

#1 [internal] load build definition from Dockerfile
#1 transferring dockerfile: 145B done
#1 DONE 0.0s

#2 [internal] load metadata for docker.io/library/python:3.11
#2 DONE 0.0s

#3 [internal] load .dockerignore
#3 transferring context: 2B done
#3 DONE 0.0s

#4 [internal] load build context
#4 transferring context: 1.72kB 0.0s done
#4 DONE 0.0s

#5 [1/2] FROM docker.io/library/python:3.11
#5 CACHED

#6 [2/2] COPY hard-gists/ef7ed11b0abab37c94ad/snippet.py /snippet.py
#6 DONE 0.1s

#7 exporting to image
#7 exporting layers 0.0s done
#7 writing image sha256:0b267db85a8ccaa54c7b21a007046a5fd50fbdaa7f7e319f0899cd849d03a516 done
#7 naming to docker.io/library/test-image-ef7ed11b0abab37c94ad done
#7 DONE 0.1s

View build details: docker-desktop://dashboard/build/default/default/5t58774m0oy9xp2z3v9ecosxm
[2025-10-29 21:14:48] SUCCESS: Build completed for ef7ed11b0abab37c94ad
