=== Docker Build Log for 1da13f548200d9fb2b06 ===
Started at: Mi 29. Okt 12:47:10 CET 2025

[2025-10-29 12:47:10] START: Building image for 1da13f548200d9fb2b06
#0 building with "default" instance using docker driver

#1 [internal] load build definition from Dockerfile
#1 transferring dockerfile: 145B done
#1 DONE 0.0s

#2 [internal] load metadata for docker.io/library/python:3.11
#2 DONE 0.0s

#3 [internal] load .dockerignore
#3 transferring context: 2B done
#3 DONE 0.0s

#4 [internal] load build context
#4 transferring context: 1.56kB 0.0s done
#4 DONE 0.0s

#5 [1/2] FROM docker.io/library/python:3.11
#5 CACHED

#6 [2/2] COPY hard-gists/1da13f548200d9fb2b06/snippet.py /snippet.py
#6 DONE 0.1s

#7 exporting to image
#7 exporting layers 0.0s done
#7 writing image sha256:b52adb6f0df39f2127b69ead43238865b26468cf1db69872cd1fcd7651e90cd7 done
#7 naming to docker.io/library/test-image-1da13f548200d9fb2b06 done
#7 DONE 0.1s

View build details: docker-desktop://dashboard/build/default/default/o1xp70lzjx1io38y8cy0ln3ze
[2025-10-29 12:47:10] SUCCESS: Build completed for 1da13f548200d9fb2b06
