=== Docker Build Log for 1358794 ===
Started at: Mi 29. Okt 12:09:48 CET 2025

[2025-10-29 12:09:48] START: Building image for 1358794
#0 building with "default" instance using docker driver

#1 [internal] load build definition from Dockerfile
#1 transferring dockerfile: 132B done
#1 DONE 0.0s

#2 [internal] load metadata for docker.io/library/python:3.11
#2 DONE 0.0s

#3 [internal] load .dockerignore
#3 transferring context: 2B done
#3 DONE 0.0s

#4 [internal] load build context
#4 transferring context: 1.92kB 0.0s done
#4 DONE 0.0s

#5 [1/2] FROM docker.io/library/python:3.11
#5 CACHED

#6 [2/2] COPY hard-gists/1358794/snippet.py /snippet.py
#6 DONE 0.1s

#7 exporting to image
#7 exporting layers 0.0s done
#7 writing image sha256:3d25b4ef8ffe0b3ffea4764bb6b955250880126b4d96ab6c4caa03db1d2aa6cf done
#7 naming to docker.io/library/test-image-1358794 done
#7 DONE 0.1s

View build details: docker-desktop://dashboard/build/default/default/3d9r7jb3efpxu2oxa250abktl
[2025-10-29 12:09:49] SUCCESS: Build completed for 1358794
