=== Docker Build Log for 989074 ===
Started at: Mi 29. Okt 18:34:01 CET 2025

[2025-10-29 18:34:01] START: Building image for 989074
#0 building with "default" instance using docker driver

#1 [internal] load build definition from Dockerfile
#1 transferring dockerfile: 310B done
#1 DONE 0.0s

#2 [internal] load metadata for docker.io/library/python:3.11
#2 DONE 0.0s

#3 [internal] load .dockerignore
#3 transferring context: 2B done
#3 DONE 0.0s

#4 [internal] load build context
#4 transferring context: 13.31kB 0.0s done
#4 DONE 0.0s

#5 [1/7] FROM docker.io/library/python:3.11
#5 CACHED

#6 [2/7] COPY hard-gists/989074/snippet.py /snippet.py
#6 DONE 0.1s

#7 [3/7] RUN ["pip","install","simpleblogging"]
#7 2.037 Collecting simpleblogging
#7 2.070   Downloading simpleblogging-2.0.13.tar.gz (1.4 MB)
#7 2.157      ━━━━━━━━━━━━━━━━━━━━━━━━━━━━━━━━━━━━━━━━ 1.4/1.4 MB 16.4 MB/s eta 0:00:00
#7 2.191   Preparing metadata (setup.py): started
#7 2.582   Preparing metadata (setup.py): finished with status 'done'
#7 2.626 Collecting flask (from simpleblogging)
#7 2.637   Downloading flask-3.1.2-py3-none-any.whl.metadata (3.2 kB)
#7 2.771 Collecting flask_seasurf (from simpleblogging)
#7 2.782   Downloading Flask_SeaSurf-2.0.0-py3-none-any.whl.metadata (2.4 kB)
#7 2.819 Collecting pony (from simpleblogging)
#7 2.828   Downloading pony-0.7.19-py3-none-any.whl.metadata (2.8 kB)
#7 2.871 Collecting markdown (from simpleblogging)
#7 2.880   Downloading markdown-3.9-py3-none-any.whl.metadata (5.1 kB)
#7 2.920 Collecting python_dateutil (from simpleblogging)
#7 2.929   Downloading python_dateutil-2.9.0.post0-py2.py3-none-any.whl.metadata (8.4 kB)
#7 3.068 Collecting flask_basicauth (from simpleblogging)
#7 3.077   Downloading Flask-BasicAuth-0.2.0.tar.gz (16 kB)
#7 3.092   Preparing metadata (setup.py): started
#7 3.202   Preparing metadata (setup.py): finished with status 'done'
#7 3.244 Collecting requests (from simpleblogging)
#7 3.252   Downloading requests-2.32.5-py3-none-any.whl.metadata (4.9 kB)
#7 3.384 Collecting flask_script (from simpleblogging)
#7 3.394   Downloading Flask-Script-2.0.6.tar.gz (43 kB)
#7 3.405      ━━━━━━━━━━━━━━━━━━━━━━━━━━━━━━━━━━━━━━━━ 43.1/43.1 kB 3.5 MB/s eta 0:00:00
#7 3.411   Preparing metadata (setup.py): started
#7 3.537   Preparing metadata (setup.py): finished with status 'done'
#7 3.569 Collecting blinker>=1.9.0 (from flask->simpleblogging)
#7 3.578   Downloading blinker-1.9.0-py3-none-any.whl.metadata (1.6 kB)
#7 3.621 Collecting click>=8.1.3 (from flask->simpleblogging)
#7 3.629   Downloading click-8.3.0-py3-none-any.whl.metadata (2.6 kB)
#7 3.663 Collecting itsdangerous>=2.2.0 (from flask->simpleblogging)
#7 3.672   Downloading itsdangerous-2.2.0-py3-none-any.whl.metadata (1.9 kB)
#7 3.716 Collecting jinja2>=3.1.2 (from flask->simpleblogging)
#7 3.724   Downloading jinja2-3.1.6-py3-none-any.whl.metadata (2.9 kB)
#7 3.801 Collecting markupsafe>=2.1.1 (from flask->simpleblogging)
#7 3.809   Downloading markupsafe-3.0.3-cp311-cp311-manylinux2014_x86_64.manylinux_2_17_x86_64.manylinux_2_28_x86_64.whl.metadata (2.7 kB)
#7 3.861 Collecting werkzeug>=3.1.0 (from flask->simpleblogging)
#7 3.870   Downloading werkzeug-3.1.3-py3-none-any.whl.metadata (3.7 kB)
#7 3.915 Collecting six>=1.5 (from python_dateutil->simpleblogging)
#7 3.924   Downloading six-1.17.0-py2.py3-none-any.whl.metadata (1.7 kB)
#7 4.034 Collecting charset_normalizer<4,>=2 (from requests->simpleblogging)
#7 4.043   Downloading charset_normalizer-3.4.4-cp311-cp311-manylinux2014_x86_64.manylinux_2_17_x86_64.manylinux_2_28_x86_64.whl.metadata (37 kB)
#7 4.087 Collecting idna<4,>=2.5 (from requests->simpleblogging)
#7 4.095   Downloading idna-3.11-py3-none-any.whl.metadata (8.4 kB)
#7 4.155 Collecting urllib3<3,>=1.21.1 (from requests->simpleblogging)
#7 4.163   Downloading urllib3-2.5.0-py3-none-any.whl.metadata (6.5 kB)
#7 4.222 Collecting certifi>=2017.4.17 (from requests->simpleblogging)
#7 4.231   Downloading certifi-2025.10.5-py3-none-any.whl.metadata (2.5 kB)
#7 4.274 Downloading flask-3.1.2-py3-none-any.whl (103 kB)
#7 4.288    ━━━━━━━━━━━━━━━━━━━━━━━━━━━━━━━━━━━━━━━━ 103.3/103.3 kB 7.9 MB/s eta 0:00:00
#7 4.297 Downloading Flask_SeaSurf-2.0.0-py3-none-any.whl (8.4 kB)
#7 4.315 Downloading markdown-3.9-py3-none-any.whl (107 kB)
#7 4.328    ━━━━━━━━━━━━━━━━━━━━━━━━━━━━━━━━━━━━━━━━ 107.4/107.4 kB 8.3 MB/s eta 0:00:00
#7 4.338 Downloading pony-0.7.19-py3-none-any.whl (317 kB)
#7 4.358    ━━━━━━━━━━━━━━━━━━━━━━━━━━━━━━━━━━━━━━━━ 317.3/317.3 kB 16.8 MB/s eta 0:00:00
#7 4.366 Downloading python_dateutil-2.9.0.post0-py2.py3-none-any.whl (229 kB)
#7 4.383    ━━━━━━━━━━━━━━━━━━━━━━━━━━━━━━━━━━━━━━━━ 229.9/229.9 kB 13.4 MB/s eta 0:00:00
#7 4.392 Downloading requests-2.32.5-py3-none-any.whl (64 kB)
#7 4.403    ━━━━━━━━━━━━━━━━━━━━━━━━━━━━━━━━━━━━━━━━ 64.7/64.7 kB 5.3 MB/s eta 0:00:00
#7 4.411 Downloading blinker-1.9.0-py3-none-any.whl (8.5 kB)
#7 4.428 Downloading certifi-2025.10.5-py3-none-any.whl (163 kB)
#7 4.444    ━━━━━━━━━━━━━━━━━━━━━━━━━━━━━━━━━━━━━━━━ 163.3/163.3 kB 10.9 MB/s eta 0:00:00
#7 4.452 Downloading charset_normalizer-3.4.4-cp311-cp311-manylinux2014_x86_64.manylinux_2_17_x86_64.manylinux_2_28_x86_64.whl (151 kB)
#7 4.471    ━━━━━━━━━━━━━━━━━━━━━━━━━━━━━━━━━━━━━━━━ 151.6/151.6 kB 8.0 MB/s eta 0:00:00
#7 4.479 Downloading click-8.3.0-py3-none-any.whl (107 kB)
#7 4.492    ━━━━━━━━━━━━━━━━━━━━━━━━━━━━━━━━━━━━━━━━ 107.3/107.3 kB 8.3 MB/s eta 0:00:00
#7 4.501 Downloading idna-3.11-py3-none-any.whl (71 kB)
#7 4.514    ━━━━━━━━━━━━━━━━━━━━━━━━━━━━━━━━━━━━━━━━ 71.0/71.0 kB 5.4 MB/s eta 0:00:00
#7 4.523 Downloading itsdangerous-2.2.0-py3-none-any.whl (16 kB)
#7 4.540 Downloading jinja2-3.1.6-py3-none-any.whl (134 kB)
#7 4.556    ━━━━━━━━━━━━━━━━━━━━━━━━━━━━━━━━━━━━━━━━ 134.9/134.9 kB 9.0 MB/s eta 0:00:00
#7 4.564 Downloading markupsafe-3.0.3-cp311-cp311-manylinux2014_x86_64.manylinux_2_17_x86_64.manylinux_2_28_x86_64.whl (22 kB)
#7 4.582 Downloading six-1.17.0-py2.py3-none-any.whl (11 kB)
#7 4.600 Downloading urllib3-2.5.0-py3-none-any.whl (129 kB)
#7 4.616    ━━━━━━━━━━━━━━━━━━━━━━━━━━━━━━━━━━━━━━━━ 129.8/129.8 kB 8.9 MB/s eta 0:00:00
#7 4.625 Downloading werkzeug-3.1.3-py3-none-any.whl (224 kB)
#7 4.644    ━━━━━━━━━━━━━━━━━━━━━━━━━━━━━━━━━━━━━━━━ 224.5/224.5 kB 11.6 MB/s eta 0:00:00
#7 4.659 Building wheels for collected packages: simpleblogging, flask_basicauth, flask_script
#7 4.660   Building wheel for simpleblogging (setup.py): started
#7 4.925   Building wheel for simpleblogging (setup.py): finished with status 'done'
#7 4.929   Created wheel for simpleblogging: filename=simpleblogging-2.0.13-py3-none-any.whl size=1420305 sha256=e115723b1acdfff35c4ec499eb4b967e9e794bf17445da1f404076c09fe7fe1d
#7 4.929   Stored in directory: /root/.cache/pip/wheels/fd/e2/b3/9b6c54b1528802381138968ff2744e2907209d33d23963a7f6
#7 4.931   Building wheel for flask_basicauth (setup.py): started
#7 5.061   Building wheel for flask_basicauth (setup.py): finished with status 'done'
#7 5.062   Created wheel for flask_basicauth: filename=flask_basicauth-0.2.0-py3-none-any.whl size=4319 sha256=af229c3f77421bf20008d0a29a1d8125e2aa4b806a8568a27ef89a9ceca5ffa2
#7 5.062   Stored in directory: /root/.cache/pip/wheels/3f/54/3d/8dcca37cc410b1be1ea1812d17f8c1dc892ddf7356353ecee9
#7 5.064   Building wheel for flask_script (setup.py): started
#7 5.200   Building wheel for flask_script (setup.py): finished with status 'done'
#7 5.201   Created wheel for flask_script: filename=flask_script-2.0.6-py3-none-any.whl size=14117 sha256=b5425995f254f8f414bb304918a01fd49661746c8933840d97a2f0e9bf1611eb
#7 5.201   Stored in directory: /root/.cache/pip/wheels/a5/ce/0a/be0f1a9d96ecd772107fb97b1f69521a0196b7c70ff66b64b7
#7 5.203 Successfully built simpleblogging flask_basicauth flask_script
#7 5.260 Installing collected packages: pony, urllib3, six, markupsafe, markdown, itsdangerous, idna, click, charset_normalizer, certifi, blinker, werkzeug, requests, python_dateutil, jinja2, flask, flask_seasurf, flask_script, flask_basicauth, simpleblogging
#7 6.227 Successfully installed blinker-1.9.0 certifi-2025.10.5 charset_normalizer-3.4.4 click-8.3.0 flask-3.1.2 flask_basicauth-0.2.0 flask_script-2.0.6 flask_seasurf-2.0.0 idna-3.11 itsdangerous-2.2.0 jinja2-3.1.6 markdown-3.9 markupsafe-3.0.3 pony-0.7.19 python_dateutil-2.9.0.post0 requests-2.32.5 simpleblogging-2.0.13 six-1.17.0 urllib3-2.5.0 werkzeug-3.1.3
#7 6.227 WARNING: Running pip as the 'root' user can result in broken permissions and conflicting behaviour with the system package manager. It is recommended to use a virtual environment instead: https://pip.pypa.io/warnings/venv
#7 6.323 
#7 6.323 [notice] A new release of pip is available: 24.0 -> 25.3
#7 6.323 [notice] To update, run: pip install --upgrade pip
#7 DONE 6.6s

#8 [4/7] RUN ["pip","install","simpl"]
#8 0.662 Collecting simpl
#8 0.700   Downloading simpl-1.1.0-py2.py3-none-any.whl.metadata (784 bytes)
#8 0.715 Requirement already satisfied: six in /usr/local/lib/python3.11/site-packages (from simpl) (1.17.0)
#8 0.728 Downloading simpl-1.1.0-py2.py3-none-any.whl (63 kB)
#8 0.752    ━━━━━━━━━━━━━━━━━━━━━━━━━━━━━━━━━━━━━━━━ 63.4/63.4 kB 2.5 MB/s eta 0:00:00
#8 0.816 Installing collected packages: simpl
#8 0.874 Successfully installed simpl-1.1.0
#8 0.875 WARNING: Running pip as the 'root' user can result in broken permissions and conflicting behaviour with the system package manager. It is recommended to use a virtual environment instead: https://pip.pypa.io/warnings/venv
#8 0.879 
#8 0.879 [notice] A new release of pip is available: 24.0 -> 25.3
#8 0.879 [notice] To update, run: pip install --upgrade pip
#8 DONE 1.0s

#9 [5/7] RUN ["pip","install","androidviewclient"]
#9 0.645 Collecting androidviewclient
#9 0.680   Downloading androidviewclient-24.1.0-py3-none-any.whl.metadata (661 bytes)
#9 0.696 Requirement already satisfied: setuptools in /usr/local/lib/python3.11/site-packages (from androidviewclient) (79.0.1)
#9 0.697 Requirement already satisfied: requests in /usr/local/lib/python3.11/site-packages (from androidviewclient) (2.32.5)
#9 0.890 Collecting numpy (from androidviewclient)
#9 0.899   Downloading numpy-2.3.4-cp311-cp311-manylinux_2_27_x86_64.manylinux_2_28_x86_64.whl.metadata (62 kB)
#9 0.922      ━━━━━━━━━━━━━━━━━━━━━━━━━━━━━━━━━━━━━━━━ 62.1/62.1 kB 2.4 MB/s eta 0:00:00
#9 1.070 Collecting matplotlib (from androidviewclient)
#9 1.081   Downloading matplotlib-3.10.7-cp311-cp311-manylinux2014_x86_64.manylinux_2_17_x86_64.whl.metadata (11 kB)
#9 1.135 Collecting culebratester-client>=2.0.73 (from androidviewclient)
#9 1.144   Downloading culebratester_client-2.0.73-py3-none-any.whl.metadata (685 bytes)
#9 1.157 Requirement already satisfied: urllib3>=1.15 in /usr/local/lib/python3.11/site-packages (from culebratester-client>=2.0.73->androidviewclient) (2.5.0)
#9 1.158 Requirement already satisfied: six>=1.10 in /usr/local/lib/python3.11/site-packages (from culebratester-client>=2.0.73->androidviewclient) (1.17.0)
#9 1.158 Requirement already satisfied: certifi in /usr/local/lib/python3.11/site-packages (from culebratester-client>=2.0.73->androidviewclient) (2025.10.5)
#9 1.159 Requirement already satisfied: python-dateutil in /usr/local/lib/python3.11/site-packages (from culebratester-client>=2.0.73->androidviewclient) (2.9.0.post0)
#9 1.258 Collecting contourpy>=1.0.1 (from matplotlib->androidviewclient)
#9 1.266   Downloading contourpy-1.3.3-cp311-cp311-manylinux_2_27_x86_64.manylinux_2_28_x86_64.whl.metadata (5.5 kB)
#9 1.307 Collecting cycler>=0.10 (from matplotlib->androidviewclient)
#9 1.315   Downloading cycler-0.12.1-py3-none-any.whl.metadata (3.8 kB)
#9 1.500 Collecting fonttools>=4.22.0 (from matplotlib->androidviewclient)
#9 1.511   Downloading fonttools-4.60.1-cp311-cp311-manylinux2014_x86_64.manylinux_2_17_x86_64.whl.metadata (112 kB)
#9 1.532      ━━━━━━━━━━━━━━━━━━━━━━━━━━━━━━━━━━━━━━━ 112.3/112.3 kB 5.3 MB/s eta 0:00:00
#9 1.605 Collecting kiwisolver>=1.3.1 (from matplotlib->androidviewclient)
#9 1.613   Downloading kiwisolver-1.4.9-cp311-cp311-manylinux2014_x86_64.manylinux_2_17_x86_64.whl.metadata (6.3 kB)
#9 1.666 Collecting packaging>=20.0 (from matplotlib->androidviewclient)
#9 1.675   Downloading packaging-25.0-py3-none-any.whl.metadata (3.3 kB)
#9 1.860 Collecting pillow>=8 (from matplotlib->androidviewclient)
#9 1.869   Downloading pillow-12.0.0-cp311-cp311-manylinux_2_27_x86_64.manylinux_2_28_x86_64.whl.metadata (8.8 kB)
#9 1.924 Collecting pyparsing>=3 (from matplotlib->androidviewclient)
#9 1.932   Downloading pyparsing-3.2.5-py3-none-any.whl.metadata (5.0 kB)
#9 1.991 Requirement already satisfied: charset_normalizer<4,>=2 in /usr/local/lib/python3.11/site-packages (from requests->androidviewclient) (3.4.4)
#9 1.992 Requirement already satisfied: idna<4,>=2.5 in /usr/local/lib/python3.11/site-packages (from requests->androidviewclient) (3.11)
#9 2.093 Downloading androidviewclient-24.1.0-py3-none-any.whl (425 kB)
#9 2.133    ━━━━━━━━━━━━━━━━━━━━━━━━━━━━━━━━━━━━━━━━ 425.1/425.1 kB 10.8 MB/s eta 0:00:00
#9 2.143 Downloading culebratester_client-2.0.73-py3-none-any.whl (114 kB)
#9 2.156    ━━━━━━━━━━━━━━━━━━━━━━━━━━━━━━━━━━━━━━━━ 114.2/114.2 kB 9.2 MB/s eta 0:00:00
#9 2.165 Downloading matplotlib-3.10.7-cp311-cp311-manylinux2014_x86_64.manylinux_2_17_x86_64.whl (8.7 MB)
#9 2.536    ━━━━━━━━━━━━━━━━━━━━━━━━━━━━━━━━━━━━━━━━ 8.7/8.7 MB 23.5 MB/s eta 0:00:00
#9 2.546 Downloading numpy-2.3.4-cp311-cp311-manylinux_2_27_x86_64.manylinux_2_28_x86_64.whl (16.9 MB)
#9 3.378    ━━━━━━━━━━━━━━━━━━━━━━━━━━━━━━━━━━━━━━━━ 16.9/16.9 MB 16.7 MB/s eta 0:00:00
#9 3.387 Downloading contourpy-1.3.3-cp311-cp311-manylinux_2_27_x86_64.manylinux_2_28_x86_64.whl (355 kB)
#9 3.407    ━━━━━━━━━━━━━━━━━━━━━━━━━━━━━━━━━━━━━━━━ 355.2/355.2 kB 18.6 MB/s eta 0:00:00
#9 3.415 Downloading cycler-0.12.1-py3-none-any.whl (8.3 kB)
#9 3.435 Downloading fonttools-4.60.1-cp311-cp311-manylinux2014_x86_64.manylinux_2_17_x86_64.whl (5.0 MB)
#9 3.642    ━━━━━━━━━━━━━━━━━━━━━━━━━━━━━━━━━━━━━━━━ 5.0/5.0 MB 24.2 MB/s eta 0:00:00
#9 3.658 Downloading kiwisolver-1.4.9-cp311-cp311-manylinux2014_x86_64.manylinux_2_17_x86_64.whl (1.4 MB)
#9 3.720    ━━━━━━━━━━━━━━━━━━━━━━━━━━━━━━━━━━━━━━━━ 1.4/1.4 MB 23.6 MB/s eta 0:00:00
#9 3.728 Downloading packaging-25.0-py3-none-any.whl (66 kB)
#9 3.742    ━━━━━━━━━━━━━━━━━━━━━━━━━━━━━━━━━━━━━━━━ 66.5/66.5 kB 4.5 MB/s eta 0:00:00
#9 3.754 Downloading pillow-12.0.0-cp311-cp311-manylinux_2_27_x86_64.manylinux_2_28_x86_64.whl (7.0 MB)
#9 4.058    ━━━━━━━━━━━━━━━━━━━━━━━━━━━━━━━━━━━━━━━━ 7.0/7.0 MB 23.2 MB/s eta 0:00:00
#9 4.066 Downloading pyparsing-3.2.5-py3-none-any.whl (113 kB)
#9 4.095    ━━━━━━━━━━━━━━━━━━━━━━━━━━━━━━━━━━━━━━━━ 113.9/113.9 kB 3.8 MB/s eta 0:00:00
#9 4.300 Installing collected packages: pyparsing, pillow, packaging, numpy, kiwisolver, fonttools, cycler, culebratester-client, contourpy, matplotlib, androidviewclient
#9 7.777 Successfully installed androidviewclient-24.1.0 contourpy-1.3.3 culebratester-client-2.0.73 cycler-0.12.1 fonttools-4.60.1 kiwisolver-1.4.9 matplotlib-3.10.7 numpy-2.3.4 packaging-25.0 pillow-12.0.0 pyparsing-3.2.5
#9 7.778 WARNING: Running pip as the 'root' user can result in broken permissions and conflicting behaviour with the system package manager. It is recommended to use a virtual environment instead: https://pip.pypa.io/warnings/venv
#9 7.784 
#9 7.784 [notice] A new release of pip is available: 24.0 -> 25.3
#9 7.784 [notice] To update, run: pip install --upgrade pip
#9 DONE 9.0s

#10 [6/7] RUN ["pip","install","inkex"]
#10 0.567 Collecting inkex
#10 0.605   Downloading inkex-1.4.1-py3-none-any.whl.metadata (3.1 kB)
#10 0.629 Requirement already satisfied: Pillow>=7.0.0 in /usr/local/lib/python3.11/site-packages (from inkex) (12.0.0)
#10 0.668 Collecting PyGObject>=3.36 (from inkex)
#10 0.678   Downloading pygobject-3.54.5.tar.gz (1.3 MB)
#10 0.751      ━━━━━━━━━━━━━━━━━━━━━━━━━━━━━━━━━━━━━━━━ 1.3/1.3 MB 18.1 MB/s eta 0:00:00
#10 0.836   Installing build dependencies: started
#10 6.026   Installing build dependencies: finished with status 'done'
#10 6.027   Getting requirements to build wheel: started
#10 6.104   Getting requirements to build wheel: finished with status 'done'
#10 6.108   Installing backend dependencies: started
#10 6.645   Installing backend dependencies: finished with status 'done'
#10 6.646   Preparing metadata (pyproject.toml): started
#10 7.204   Preparing metadata (pyproject.toml): finished with status 'error'
#10 7.208   error: subprocess-exited-with-error
#10 7.208   
#10 7.208   × Preparing metadata (pyproject.toml) did not run successfully.
#10 7.208   │ exit code: 1
#10 7.208   ╰─> [24 lines of output]
#10 7.208       + meson setup /tmp/pip-install-3pjd7o_4/pygobject_31f0df990eb54fcfa915527ab2ff66f1 /tmp/pip-install-3pjd7o_4/pygobject_31f0df990eb54fcfa915527ab2ff66f1/.mesonpy-i9r5vqct -Dbuildtype=release -Db_ndebug=if-release -Db_vscrt=md -Dtests=false -Dwheel=true --wrap-mode=nofallback --native-file=/tmp/pip-install-3pjd7o_4/pygobject_31f0df990eb54fcfa915527ab2ff66f1/.mesonpy-i9r5vqct/meson-python-native-file.ini
#10 7.208       The Meson build system
#10 7.208       Version: 1.9.1
#10 7.208       Source dir: /tmp/pip-install-3pjd7o_4/pygobject_31f0df990eb54fcfa915527ab2ff66f1
#10 7.208       Build dir: /tmp/pip-install-3pjd7o_4/pygobject_31f0df990eb54fcfa915527ab2ff66f1/.mesonpy-i9r5vqct
#10 7.208       Build type: native build
#10 7.208       Project name: pygobject
#10 7.208       Project version: 3.54.5
#10 7.208       C compiler for the host machine: cc (gcc 14.2.0 "cc (Debian 14.2.0-19) 14.2.0")
#10 7.208       C linker for the host machine: cc ld.bfd 2.44
#10 7.208       Host machine cpu family: x86_64
#10 7.208       Host machine cpu: x86_64
#10 7.208       Program python3 found: YES (/usr/local/bin/python3.11)
#10 7.208       Found pkg-config: YES (/usr/bin/pkg-config) 1.8.1
#10 7.208       Run-time dependency python found: YES 3.11
#10 7.208       Did not find CMake 'cmake'
#10 7.208       Found CMake: NO
#10 7.208       Run-time dependency girepository-2.0 found: NO (tried pkgconfig and cmake)
#10 7.208       Not looking for a fallback subproject for the dependency girepository-2.0 because:
#10 7.208       Use of fallback dependencies is disabled.
#10 7.208       
#10 7.208       ../meson.build:31:9: ERROR: Dependency 'girepository-2.0' is required but not found.
#10 7.208       
#10 7.208       A full log can be found at /tmp/pip-install-3pjd7o_4/pygobject_31f0df990eb54fcfa915527ab2ff66f1/.mesonpy-i9r5vqct/meson-logs/meson-log.txt
#10 7.208       [end of output]
#10 7.208   
#10 7.208   note: This error originates from a subprocess, and is likely not a problem with pip.
#10 7.209 error: metadata-generation-failed
#10 7.209 
#10 7.209 × Encountered error while generating package metadata.
#10 7.209 ╰─> See above for output.
#10 7.209 
#10 7.209 note: This is an issue with the package mentioned above, not pip.
#10 7.209 hint: See above for details.
#10 7.214 
#10 7.214 [notice] A new release of pip is available: 24.0 -> 25.3
#10 7.214 [notice] To update, run: pip install --upgrade pip
#10 ERROR: process "pip install inkex" did not complete successfully: exit code: 1
------
 > [6/7] RUN ["pip","install","inkex"]:
7.209 error: metadata-generation-failed
7.209 
7.209 × Encountered error while generating package metadata.
7.209 ╰─> See above for output.
7.209 
7.209 note: This is an issue with the package mentioned above, not pip.
7.209 hint: See above for details.
7.214 
7.214 [notice] A new release of pip is available: 24.0 -> 25.3
7.214 [notice] To update, run: pip install --upgrade pip
------
Dockerfile:6
--------------------
   4 |     RUN ["pip","install","simpl"]
   5 |     RUN ["pip","install","androidviewclient"]
   6 | >>> RUN ["pip","install","inkex"]
   7 |     RUN ["pip","install","simplestyle"]
   8 |     CMD ["python3","/snippet.py"]
--------------------
ERROR: failed to build: failed to solve: process "pip install inkex" did not complete successfully: exit code: 1

View build details: docker-desktop://dashboard/build/default/default/yi86cg3r0ur4g5v434bgo9j0n
[2025-10-29 18:34:25] ERROR: Build failed for 989074
