=== Docker Build Log for df919538bcef391bc89f ===
Started at: Mi 29. Okt 20:37:36 CET 2025

[2025-10-29 20:37:36] START: Building image for df919538bcef391bc89f
#0 building with "default" instance using docker driver

#1 [internal] load build definition from Dockerfile
#1 transferring dockerfile: 145B done
#1 DONE 0.0s

#2 [internal] load metadata for docker.io/library/python:3.11
#2 DONE 0.0s

#3 [internal] load .dockerignore
#3 transferring context: 2B done
#3 DONE 0.0s

#4 [internal] load build context
#4 transferring context: 2.71kB 0.0s done
#4 DONE 0.0s

#5 [1/2] FROM docker.io/library/python:3.11
#5 CACHED

#6 [2/2] COPY hard-gists/df919538bcef391bc89f/snippet.py /snippet.py
#6 DONE 0.1s

#7 exporting to image
#7 exporting layers 0.0s done
#7 writing image sha256:62484ff77a8db6fb4978ce85f84b4f66c6b73f1067a79a947073b127f83bdb88 done
#7 naming to docker.io/library/test-image-df919538bcef391bc89f done
#7 DONE 0.1s

View build details: docker-desktop://dashboard/build/default/default/v2cb4x2vdijesls919jslhyk2
[2025-10-29 20:37:36] SUCCESS: Build completed for df919538bcef391bc89f
