=== Docker Build Log for dfca335e370a2bc3bc79876e6270099e ===
Started at: Mi 29. Okt 20:37:46 CET 2025

[2025-10-29 20:37:46] START: Building image for dfca335e370a2bc3bc79876e6270099e
#0 building with "default" instance using docker driver

#1 [internal] load build definition from Dockerfile
#1 transferring dockerfile: 157B done
#1 DONE 0.0s

#2 [internal] load metadata for docker.io/library/python:3.11
#2 DONE 0.0s

#3 [internal] load .dockerignore
#3 transferring context: 2B done
#3 DONE 0.0s

#4 [internal] load build context
#4 transferring context: 1.96kB 0.0s done
#4 DONE 0.0s

#5 [1/2] FROM docker.io/library/python:3.11
#5 CACHED

#6 [2/2] COPY hard-gists/dfca335e370a2bc3bc79876e6270099e/snippet.py /snippet.py
#6 DONE 0.1s

#7 exporting to image
#7 exporting layers 0.1s done
#7 writing image sha256:d8838c67a73c48869c2adbb870df73b55962e01357f7d9599af7d4fe70401089 done
#7 naming to docker.io/library/test-image-dfca335e370a2bc3bc79876e6270099e done
#7 DONE 0.1s

View build details: docker-desktop://dashboard/build/default/default/b2ie4n4a02yzkf1sd3axlepd2
[2025-10-29 20:37:47] SUCCESS: Build completed for dfca335e370a2bc3bc79876e6270099e
