=== Docker Build Log for e9625de0711f29cd0a4b57502648dd86 ===
Started at: Mi 29. Okt 20:48:15 CET 2025

[2025-10-29 20:48:15] START: Building image for e9625de0711f29cd0a4b57502648dd86
#0 building with "default" instance using docker driver

#1 [internal] load build definition from Dockerfile
#1 transferring dockerfile: 157B done
#1 DONE 0.0s

#2 [internal] load metadata for docker.io/library/python:3.11
#2 DONE 0.0s

#3 [internal] load .dockerignore
#3 transferring context: 2B done
#3 DONE 0.0s

#4 [internal] load build context
#4 transferring context: 4.69kB 0.0s done
#4 DONE 0.0s

#5 [1/2] FROM docker.io/library/python:3.11
#5 CACHED

#6 [2/2] COPY hard-gists/e9625de0711f29cd0a4b57502648dd86/snippet.py /snippet.py
#6 DONE 0.1s

#7 exporting to image
#7 exporting layers 0.0s done
#7 writing image sha256:fd76d9a44f5a8f13e101e8dc38f5672901cb4d746c30c41b40824fcd737f9da0 done
#7 naming to docker.io/library/test-image-e9625de0711f29cd0a4b57502648dd86 done
#7 DONE 0.1s

View build details: docker-desktop://dashboard/build/default/default/vj0tzizfocqa3boetwabqth8e
[2025-10-29 20:48:15] SUCCESS: Build completed for e9625de0711f29cd0a4b57502648dd86
