=== Docker Build Log for 8428798 ===
Started at: Mi 29. Okt 17:48:10 CET 2025

[2025-10-29 17:48:10] START: Building image for 8428798
#0 building with "default" instance using docker driver

#1 [internal] load build definition from Dockerfile
#1 transferring dockerfile: 178B done
#1 DONE 0.0s

#2 [internal] load metadata for docker.io/library/python:3.11
#2 DONE 0.0s

#3 [internal] load .dockerignore
#3 transferring context: 2B done
#3 DONE 0.0s

#4 [internal] load build context
#4 transferring context: 620B 0.0s done
#4 DONE 0.0s

#5 [1/3] FROM docker.io/library/python:3.11
#5 CACHED

#6 [2/3] COPY hard-gists/8428798/snippet.py /snippet.py
#6 DONE 0.1s

#7 [3/3] RUN ["pip","install","djangorestframework"]
#7 1.916 Collecting djangorestframework
#7 1.953   Downloading djangorestframework-3.16.1-py3-none-any.whl.metadata (11 kB)
#7 2.063 Collecting django>=4.2 (from djangorestframework)
#7 2.072   Downloading django-5.2.7-py3-none-any.whl.metadata (4.1 kB)
#7 2.121 Collecting asgiref>=3.8.1 (from django>=4.2->djangorestframework)
#7 2.129   Downloading asgiref-3.10.0-py3-none-any.whl.metadata (9.3 kB)
#7 2.167 Collecting sqlparse>=0.3.1 (from django>=4.2->djangorestframework)
#7 2.176   Downloading sqlparse-0.5.3-py3-none-any.whl.metadata (3.9 kB)
#7 2.203 Downloading djangorestframework-3.16.1-py3-none-any.whl (1.1 MB)
#7 2.264    ━━━━━━━━━━━━━━━━━━━━━━━━━━━━━━━━━━━━━━━━ 1.1/1.1 MB 18.1 MB/s eta 0:00:00
#7 2.275 Downloading django-5.2.7-py3-none-any.whl (8.3 MB)
#7 2.595    ━━━━━━━━━━━━━━━━━━━━━━━━━━━━━━━━━━━━━━━━ 8.3/8.3 MB 26.0 MB/s eta 0:00:00
#7 2.604 Downloading asgiref-3.10.0-py3-none-any.whl (24 kB)
#7 2.620 Downloading sqlparse-0.5.3-py3-none-any.whl (44 kB)
#7 2.632    ━━━━━━━━━━━━━━━━━━━━━━━━━━━━━━━━━━━━━━━━ 44.4/44.4 kB 3.8 MB/s eta 0:00:00
#7 2.714 Installing collected packages: sqlparse, asgiref, django, djangorestframework
#7 4.202 Successfully installed asgiref-3.10.0 django-5.2.7 djangorestframework-3.16.1 sqlparse-0.5.3
#7 4.202 WARNING: Running pip as the 'root' user can result in broken permissions and conflicting behaviour with the system package manager. It is recommended to use a virtual environment instead: https://pip.pypa.io/warnings/venv
#7 4.294 
#7 4.294 [notice] A new release of pip is available: 24.0 -> 25.3
#7 4.294 [notice] To update, run: pip install --upgrade pip
#7 DONE 4.6s

#8 exporting to image
#8 exporting layers
#8 exporting layers 0.6s done
#8 writing image sha256:d2f153dac2f3df357d2f82c765cbe4c07b48b5ecbcb98a41d9a2e3a52d72398d done
#8 naming to docker.io/library/test-image-8428798 done
#8 DONE 0.6s

View build details: docker-desktop://dashboard/build/default/default/iwnwpnucxejxlg8gzrgguz87b
[2025-10-29 17:48:15] SUCCESS: Build completed for 8428798
