=== Docker Build Log for 015e2ce27cecdea63564 ===
Started at: Mi 29. Okt 11:19:50 CET 2025

[2025-10-29 11:19:50] START: Building image for 015e2ce27cecdea63564
#0 building with "default" instance using docker driver

#1 [internal] load build definition from Dockerfile
#1 transferring dockerfile: 145B done
#1 DONE 0.0s

#2 [internal] load metadata for docker.io/library/python:3.11
#2 DONE 0.0s

#3 [internal] load .dockerignore
#3 transferring context: 2B done
#3 DONE 0.0s

#4 [internal] load build context
#4 transferring context: 11.71kB 0.0s done
#4 DONE 0.0s

#5 [1/2] FROM docker.io/library/python:3.11
#5 CACHED

#6 [2/2] COPY hard-gists/015e2ce27cecdea63564/snippet.py /snippet.py
#6 DONE 0.0s

#7 exporting to image
#7 exporting layers 0.0s done
#7 writing image sha256:7d32e948ffe034e7e89555154c59bc63ea4148bd67479f2f9f1a576e938fe245 done
#7 naming to docker.io/library/test-image-015e2ce27cecdea63564 done
#7 DONE 0.1s

View build details: docker-desktop://dashboard/build/default/default/usv2d7ba2irinxjw89gdyo79j
[2025-10-29 11:19:50] SUCCESS: Build completed for 015e2ce27cecdea63564
