=== Docker Build Log for 1177373 ===
Started at: Mi 29. Okt 11:57:35 CET 2025

[2025-10-29 11:57:35] START: Building image for 1177373
#0 building with "default" instance using docker driver

#1 [internal] load build definition from Dockerfile
#1 transferring dockerfile: 469B done
#1 DONE 0.0s

#2 [internal] load metadata for docker.io/library/python:3.11
#2 DONE 0.0s

#3 [internal] load .dockerignore
#3 transferring context: 2B done
#3 DONE 0.0s

#4 [internal] load build context
#4 transferring context: 712B 0.0s done
#4 DONE 0.0s

#5 [ 1/11] FROM docker.io/library/python:3.11
#5 CACHED

#6 [ 2/11] COPY hard-gists/1177373/snippet.py /snippet.py
#6 DONE 0.1s

#7 [ 3/11] RUN ["apt-get","update"]
#7 0.267 Hit:1 http://deb.debian.org/debian trixie InRelease
#7 0.267 Get:2 http://deb.debian.org/debian trixie-updates InRelease [47.3 kB]
#7 0.278 Get:3 http://deb.debian.org/debian-security trixie-security InRelease [43.4 kB]
#7 0.289 Get:4 http://deb.debian.org/debian trixie/main amd64 Packages [9669 kB]
#7 0.651 Get:5 http://deb.debian.org/debian trixie-updates/main amd64 Packages [5412 B]
#7 0.651 Get:6 http://deb.debian.org/debian-security trixie-security/main amd64 Packages [67.8 kB]
#7 1.375 Fetched 9833 kB in 1s (8547 kB/s)
#7 1.375 Reading package lists...
#7 DONE 2.0s

#8 [ 4/11] RUN ["apt-get","install","-y","python-pip"]
#8 0.226 Reading package lists...
#8 0.749 Building dependency tree...
#8 0.866 Reading state information...
#8 0.888 Package python-pip is not available, but is referred to by another package.
#8 0.888 This may mean that the package is missing, has been obsoleted, or
#8 0.888 is only available from another source
#8 0.888 However the following packages replace it:
#8 0.888   python3-pip
#8 0.888 
#8 0.890 E: Package 'python-pip' has no installation candidate
#8 ERROR: process "apt-get install -y python-pip" did not complete successfully: exit code: 100
------
 > [ 4/11] RUN ["apt-get","install","-y","python-pip"]:


0.888 Package python-pip is not available, but is referred to by another package.
0.888 This may mean that the package is missing, has been obsoleted, or
0.888 is only available from another source
0.888 However the following packages replace it:
0.888   python3-pip
0.888 
0.890 E: Package 'python-pip' has no installation candidate
------
Dockerfile:4
--------------------
   2 |     COPY hard-gists/1177373/snippet.py /snippet.py
   3 |     RUN ["apt-get","update"]
   4 | >>> RUN ["apt-get","install","-y","python-pip"]
   5 |     RUN ["apt-get","install","-y","python-dev"]
   6 |     RUN ["apt-get","install","-y","libssl-dev"]
--------------------
ERROR: failed to build: failed to solve: process "apt-get install -y python-pip" did not complete successfully: exit code: 100

View build details: docker-desktop://dashboard/build/default/default/p98669nwjh9le2nwtzajsnwpl
[2025-10-29 11:57:38] ERROR: Build failed for 1177373
