=== Docker Build Log for 0b9d8a742fe0efe0fe82 ===
Started at: Mi 29. Okt 11:34:57 CET 2025

[2025-10-29 11:34:57] START: Building image for 0b9d8a742fe0efe0fe82
#0 building with "default" instance using docker driver

#1 [internal] load build definition from Dockerfile
#1 transferring dockerfile: 145B done
#1 DONE 0.0s

#2 [internal] load metadata for docker.io/library/python:3.11
#2 DONE 0.0s

#3 [internal] load .dockerignore
#3 transferring context: 2B done
#3 DONE 0.0s

#4 [internal] load build context
#4 transferring context: 52.25kB 0.0s done
#4 DONE 0.0s

#5 [1/2] FROM docker.io/library/python:3.11
#5 CACHED

#6 [2/2] COPY hard-gists/0b9d8a742fe0efe0fe82/snippet.py /snippet.py
#6 DONE 0.1s

#7 exporting to image
#7 exporting layers 0.0s done
#7 writing image sha256:ace2c0e9b5aea4f9f8cb4a7404b4e3cc2320a1af858ef8f88413bf3115b46c46 done
#7 naming to docker.io/library/test-image-0b9d8a742fe0efe0fe82 done
#7 DONE 0.1s

View build details: docker-desktop://dashboard/build/default/default/tjrhloajpf0h5rp4jiu51mga1
[2025-10-29 11:34:57] SUCCESS: Build completed for 0b9d8a742fe0efe0fe82
