=== Docker Build Log for 52bba57f724e38229da9d85fbc85b673 ===
Started at: Mi 29. Okt 15:33:47 CET 2025

[2025-10-29 15:33:47] START: Building image for 52bba57f724e38229da9d85fbc85b673
#0 building with "default" instance using docker driver

#1 [internal] load build definition from Dockerfile
#1 transferring dockerfile: 224B done
#1 DONE 0.0s

#2 [internal] load metadata for docker.io/library/python:3.11
#2 DONE 0.0s

#3 [internal] load .dockerignore
#3 transferring context: 2B done
#3 DONE 0.0s

#4 [internal] load build context
#4 transferring context: 4.68kB 0.0s done
#4 DONE 0.0s

#5 [1/4] FROM docker.io/library/python:3.11
#5 CACHED

#6 [2/4] COPY hard-gists/52bba57f724e38229da9d85fbc85b673/snippet.py /snippet.py
#6 DONE 0.1s

#7 [3/4] RUN ["pip","install","tensorflow"]
#7 2.022 Collecting tensorflow
#7 2.056   Downloading tensorflow-2.20.0-cp311-cp311-manylinux_2_17_x86_64.manylinux2014_x86_64.whl.metadata (4.5 kB)
#7 2.120 Collecting absl-py>=1.0.0 (from tensorflow)
#7 2.129   Downloading absl_py-2.3.1-py3-none-any.whl.metadata (3.3 kB)
#7 2.175 Collecting astunparse>=1.6.0 (from tensorflow)
#7 2.187   Downloading astunparse-1.6.3-py2.py3-none-any.whl.metadata (4.4 kB)
#7 2.223 Collecting flatbuffers>=24.3.25 (from tensorflow)
#7 2.233   Downloading flatbuffers-25.9.23-py2.py3-none-any.whl.metadata (875 bytes)
#7 2.272 Collecting gast!=0.5.0,!=0.5.1,!=0.5.2,>=0.2.1 (from tensorflow)
#7 2.281   Downloading gast-0.6.0-py3-none-any.whl.metadata (1.3 kB)
#7 2.319 Collecting google_pasta>=0.1.1 (from tensorflow)
#7 2.328   Downloading google_pasta-0.2.0-py3-none-any.whl.metadata (814 bytes)
#7 2.369 Collecting libclang>=13.0.0 (from tensorflow)
#7 2.378   Downloading libclang-18.1.1-py2.py3-none-manylinux2010_x86_64.whl.metadata (5.2 kB)
#7 2.413 Collecting opt_einsum>=2.3.2 (from tensorflow)
#7 2.422   Downloading opt_einsum-3.4.0-py3-none-any.whl.metadata (6.3 kB)
#7 2.468 Collecting packaging (from tensorflow)
#7 2.480   Downloading packaging-25.0-py3-none-any.whl.metadata (3.3 kB)
#7 2.674 Collecting protobuf>=5.28.0 (from tensorflow)
#7 2.686   Downloading protobuf-6.33.0-cp39-abi3-manylinux2014_x86_64.whl.metadata (593 bytes)
#7 2.747 Collecting requests<3,>=2.21.0 (from tensorflow)
#7 2.755   Downloading requests-2.32.5-py3-none-any.whl.metadata (4.9 kB)
#7 2.767 Requirement already satisfied: setuptools in /usr/local/lib/python3.11/site-packages (from tensorflow) (79.0.1)
#7 2.794 Collecting six>=1.12.0 (from tensorflow)
#7 2.802   Downloading six-1.17.0-py2.py3-none-any.whl.metadata (1.7 kB)
#7 2.840 Collecting termcolor>=1.1.0 (from tensorflow)
#7 2.848   Downloading termcolor-3.2.0-py3-none-any.whl.metadata (6.4 kB)
#7 2.896 Collecting typing_extensions>=3.6.6 (from tensorflow)
#7 2.904   Downloading typing_extensions-4.15.0-py3-none-any.whl.metadata (3.3 kB)
#7 3.043 Collecting wrapt>=1.11.0 (from tensorflow)
#7 3.055   Downloading wrapt-2.0.0-cp311-cp311-manylinux1_x86_64.manylinux_2_28_x86_64.manylinux_2_5_x86_64.whl.metadata (8.8 kB)
#7 3.575 Collecting grpcio<2.0,>=1.24.3 (from tensorflow)
#7 3.587   Downloading grpcio-1.76.0-cp311-cp311-manylinux2014_x86_64.manylinux_2_17_x86_64.whl.metadata (3.7 kB)
#7 3.641 Collecting tensorboard~=2.20.0 (from tensorflow)
#7 3.653   Downloading tensorboard-2.20.0-py3-none-any.whl.metadata (1.8 kB)
#7 3.709 Collecting keras>=3.10.0 (from tensorflow)
#7 3.718   Downloading keras-3.12.0-py3-none-any.whl.metadata (5.9 kB)
#7 3.953 Collecting numpy>=1.26.0 (from tensorflow)
#7 3.962   Downloading numpy-2.3.4-cp311-cp311-manylinux_2_27_x86_64.manylinux_2_28_x86_64.whl.metadata (62 kB)
#7 3.982      ━━━━━━━━━━━━━━━━━━━━━━━━━━━━━━━━━━━━━━━━ 62.1/62.1 kB 2.8 MB/s eta 0:00:00
#7 4.044 Collecting h5py>=3.11.0 (from tensorflow)
#7 4.053   Downloading h5py-3.15.1-cp311-cp311-manylinux_2_27_x86_64.manylinux_2_28_x86_64.whl.metadata (3.0 kB)
#7 4.102 Collecting ml_dtypes<1.0.0,>=0.5.1 (from tensorflow)
#7 4.133   Downloading ml_dtypes-0.5.3-cp311-cp311-manylinux_2_27_x86_64.manylinux_2_28_x86_64.whl.metadata (8.9 kB)
#7 4.147 Requirement already satisfied: wheel<1.0,>=0.23.0 in /usr/local/lib/python3.11/site-packages (from astunparse>=1.6.0->tensorflow) (0.45.1)
#7 4.241 Collecting rich (from keras>=3.10.0->tensorflow)
#7 4.250   Downloading rich-14.2.0-py3-none-any.whl.metadata (18 kB)
#7 4.285 Collecting namex (from keras>=3.10.0->tensorflow)
#7 4.294   Downloading namex-0.1.0-py3-none-any.whl.metadata (322 bytes)
#7 4.388 Collecting optree (from keras>=3.10.0->tensorflow)
#7 4.399   Downloading optree-0.17.0-cp311-cp311-manylinux_2_27_x86_64.manylinux_2_28_x86_64.whl.metadata (33 kB)
#7 4.541 Collecting charset_normalizer<4,>=2 (from requests<3,>=2.21.0->tensorflow)
#7 4.549   Downloading charset_normalizer-3.4.4-cp311-cp311-manylinux2014_x86_64.manylinux_2_17_x86_64.manylinux_2_28_x86_64.whl.metadata (37 kB)
#7 4.592 Collecting idna<4,>=2.5 (from requests<3,>=2.21.0->tensorflow)
#7 4.601   Downloading idna-3.11-py3-none-any.whl.metadata (8.4 kB)
#7 4.666 Collecting urllib3<3,>=1.21.1 (from requests<3,>=2.21.0->tensorflow)
#7 4.674   Downloading urllib3-2.5.0-py3-none-any.whl.metadata (6.5 kB)
#7 4.720 Collecting certifi>=2017.4.17 (from requests<3,>=2.21.0->tensorflow)
#7 4.731   Downloading certifi-2025.10.5-py3-none-any.whl.metadata (2.5 kB)
#7 4.804 Collecting markdown>=2.6.8 (from tensorboard~=2.20.0->tensorflow)
#7 4.812   Downloading markdown-3.9-py3-none-any.whl.metadata (5.1 kB)
#7 5.050 Collecting pillow (from tensorboard~=2.20.0->tensorflow)
#7 5.077   Downloading pillow-12.0.0-cp311-cp311-manylinux_2_27_x86_64.manylinux_2_28_x86_64.whl.metadata (8.8 kB)
#7 5.139 Collecting tensorboard-data-server<0.8.0,>=0.7.0 (from tensorboard~=2.20.0->tensorflow)
#7 5.149   Downloading tensorboard_data_server-0.7.2-py3-none-manylinux_2_31_x86_64.whl.metadata (1.1 kB)
#7 5.202 Collecting werkzeug>=1.0.1 (from tensorboard~=2.20.0->tensorflow)
#7 5.210   Downloading werkzeug-3.1.3-py3-none-any.whl.metadata (3.7 kB)
#7 5.355 Collecting MarkupSafe>=2.1.1 (from werkzeug>=1.0.1->tensorboard~=2.20.0->tensorflow)
#7 5.363   Downloading markupsafe-3.0.3-cp311-cp311-manylinux2014_x86_64.manylinux_2_17_x86_64.manylinux_2_28_x86_64.whl.metadata (2.7 kB)
#7 5.453 Collecting markdown-it-py>=2.2.0 (from rich->keras>=3.10.0->tensorflow)
#7 5.466   Downloading markdown_it_py-4.0.0-py3-none-any.whl.metadata (7.3 kB)
#7 5.512 Collecting pygments<3.0.0,>=2.13.0 (from rich->keras>=3.10.0->tensorflow)
#7 5.521   Downloading pygments-2.19.2-py3-none-any.whl.metadata (2.5 kB)
#7 5.568 Collecting mdurl~=0.1 (from markdown-it-py>=2.2.0->rich->keras>=3.10.0->tensorflow)
#7 5.577   Downloading mdurl-0.1.2-py3-none-any.whl.metadata (1.6 kB)
#7 5.613 Downloading tensorflow-2.20.0-cp311-cp311-manylinux_2_17_x86_64.manylinux2014_x86_64.whl (620.6 MB)
#7 35.95    ━━━━━━━━━━━━━━━━━━━━━━━━━━━━━━━━━━━━━━━━ 620.6/620.6 MB 1.0 MB/s eta 0:00:00
#7 35.97 Downloading absl_py-2.3.1-py3-none-any.whl (135 kB)
#7 36.48    ━━━━━━━━━━━━━━━━━━━━━━━━━━━━━━━━━━━━━━━ 135.8/135.8 kB 244.1 kB/s eta 0:00:00
#7 36.50 Downloading astunparse-1.6.3-py2.py3-none-any.whl (12 kB)
#7 37.87 Downloading flatbuffers-25.9.23-py2.py3-none-any.whl (30 kB)
#7 39.08 Downloading gast-0.6.0-py3-none-any.whl (21 kB)
#7 39.14 Downloading google_pasta-0.2.0-py3-none-any.whl (57 kB)
#7 39.15    ━━━━━━━━━━━━━━━━━━━━━━━━━━━━━━━━━━━━━━━━ 57.5/57.5 kB 3.6 MB/s eta 0:00:00
#7 39.16 Downloading grpcio-1.76.0-cp311-cp311-manylinux2014_x86_64.manylinux_2_17_x86_64.whl (6.6 MB)
#7 39.45    ━━━━━━━━━━━━━━━━━━━━━━━━━━━━━━━━━━━━━━━━ 6.6/6.6 MB 23.3 MB/s eta 0:00:00
#7 39.46 Downloading h5py-3.15.1-cp311-cp311-manylinux_2_27_x86_64.manylinux_2_28_x86_64.whl (4.7 MB)
#7 39.64    ━━━━━━━━━━━━━━━━━━━━━━━━━━━━━━━━━━━━━━━━ 4.7/4.7 MB 26.1 MB/s eta 0:00:00
#7 39.65 Downloading keras-3.12.0-py3-none-any.whl (1.5 MB)
#7 39.71    ━━━━━━━━━━━━━━━━━━━━━━━━━━━━━━━━━━━━━━━━ 1.5/1.5 MB 26.0 MB/s eta 0:00:00
#7 39.74 Downloading libclang-18.1.1-py2.py3-none-manylinux2010_x86_64.whl (24.5 MB)
#7 40.71    ━━━━━━━━━━━━━━━━━━━━━━━━━━━━━━━━━━━━━━━━ 24.5/24.5 MB 19.5 MB/s eta 0:00:00
#7 40.72 Downloading ml_dtypes-0.5.3-cp311-cp311-manylinux_2_27_x86_64.manylinux_2_28_x86_64.whl (4.9 MB)
#7 40.91    ━━━━━━━━━━━━━━━━━━━━━━━━━━━━━━━━━━━━━━━━ 4.9/4.9 MB 26.3 MB/s eta 0:00:00
#7 40.93 Downloading numpy-2.3.4-cp311-cp311-manylinux_2_27_x86_64.manylinux_2_28_x86_64.whl (16.9 MB)
#7 41.58    ━━━━━━━━━━━━━━━━━━━━━━━━━━━━━━━━━━━━━━━━ 16.9/16.9 MB 23.2 MB/s eta 0:00:00
#7 41.59 Downloading opt_einsum-3.4.0-py3-none-any.whl (71 kB)
#7 41.60    ━━━━━━━━━━━━━━━━━━━━━━━━━━━━━━━━━━━━━━━━ 71.9/71.9 kB 6.5 MB/s eta 0:00:00
#7 41.61 Downloading protobuf-6.33.0-cp39-abi3-manylinux2014_x86_64.whl (323 kB)
#7 41.63    ━━━━━━━━━━━━━━━━━━━━━━━━━━━━━━━━━━━━━━━━ 323.2/323.2 kB 17.7 MB/s eta 0:00:00
#7 41.64 Downloading requests-2.32.5-py3-none-any.whl (64 kB)
#7 41.65    ━━━━━━━━━━━━━━━━━━━━━━━━━━━━━━━━━━━━━━━━ 64.7/64.7 kB 5.5 MB/s eta 0:00:00
#7 41.66 Downloading six-1.17.0-py2.py3-none-any.whl (11 kB)
#7 41.68 Downloading tensorboard-2.20.0-py3-none-any.whl (5.5 MB)
#7 41.89    ━━━━━━━━━━━━━━━━━━━━━━━━━━━━━━━━━━━━━━━━ 5.5/5.5 MB 25.9 MB/s eta 0:00:00
#7 41.90 Downloading termcolor-3.2.0-py3-none-any.whl (7.7 kB)
#7 41.92 Downloading typing_extensions-4.15.0-py3-none-any.whl (44 kB)
#7 41.93    ━━━━━━━━━━━━━━━━━━━━━━━━━━━━━━━━━━━━━━━━ 44.6/44.6 kB 3.3 MB/s eta 0:00:00
#7 41.94 Downloading wrapt-2.0.0-cp311-cp311-manylinux1_x86_64.manylinux_2_28_x86_64.manylinux_2_5_x86_64.whl (114 kB)
#7 41.95    ━━━━━━━━━━━━━━━━━━━━━━━━━━━━━━━━━━━━━━━━ 114.1/114.1 kB 9.5 MB/s eta 0:00:00
#7 41.96 Downloading packaging-25.0-py3-none-any.whl (66 kB)
#7 41.98    ━━━━━━━━━━━━━━━━━━━━━━━━━━━━━━━━━━━━━━━━ 66.5/66.5 kB 5.7 MB/s eta 0:00:00
#7 41.99 Downloading certifi-2025.10.5-py3-none-any.whl (163 kB)
#7 42.00    ━━━━━━━━━━━━━━━━━━━━━━━━━━━━━━━━━━━━━━━━ 163.3/163.3 kB 13.3 MB/s eta 0:00:00
#7 42.01 Downloading charset_normalizer-3.4.4-cp311-cp311-manylinux2014_x86_64.manylinux_2_17_x86_64.manylinux_2_28_x86_64.whl (151 kB)
#7 42.02    ━━━━━━━━━━━━━━━━━━━━━━━━━━━━━━━━━━━━━━━━ 151.6/151.6 kB 10.6 MB/s eta 0:00:00
#7 42.03 Downloading idna-3.11-py3-none-any.whl (71 kB)
#7 42.04    ━━━━━━━━━━━━━━━━━━━━━━━━━━━━━━━━━━━━━━━━ 71.0/71.0 kB 6.2 MB/s eta 0:00:00
#7 42.05 Downloading markdown-3.9-py3-none-any.whl (107 kB)
#7 42.07    ━━━━━━━━━━━━━━━━━━━━━━━━━━━━━━━━━━━━━━━━ 107.4/107.4 kB 8.2 MB/s eta 0:00:00
#7 42.08 Downloading tensorboard_data_server-0.7.2-py3-none-manylinux_2_31_x86_64.whl (6.6 MB)
#7 42.32    ━━━━━━━━━━━━━━━━━━━━━━━━━━━━━━━━━━━━━━━━ 6.6/6.6 MB 27.2 MB/s eta 0:00:00
#7 42.33 Downloading urllib3-2.5.0-py3-none-any.whl (129 kB)
#7 42.35    ━━━━━━━━━━━━━━━━━━━━━━━━━━━━━━━━━━━━━━━━ 129.8/129.8 kB 9.4 MB/s eta 0:00:00
#7 42.36 Downloading werkzeug-3.1.3-py3-none-any.whl (224 kB)
#7 42.37    ━━━━━━━━━━━━━━━━━━━━━━━━━━━━━━━━━━━━━━━━ 224.5/224.5 kB 14.2 MB/s eta 0:00:00
#7 42.38 Downloading namex-0.1.0-py3-none-any.whl (5.9 kB)
#7 42.40 Downloading optree-0.17.0-cp311-cp311-manylinux_2_27_x86_64.manylinux_2_28_x86_64.whl (402 kB)
#7 42.42    ━━━━━━━━━━━━━━━━━━━━━━━━━━━━━━━━━━━━━━━━ 402.0/402.0 kB 18.8 MB/s eta 0:00:00
#7 42.43 Downloading pillow-12.0.0-cp311-cp311-manylinux_2_27_x86_64.manylinux_2_28_x86_64.whl (7.0 MB)
#7 42.70    ━━━━━━━━━━━━━━━━━━━━━━━━━━━━━━━━━━━━━━━━ 7.0/7.0 MB 26.0 MB/s eta 0:00:00
#7 42.71 Downloading rich-14.2.0-py3-none-any.whl (243 kB)
#7 42.73    ━━━━━━━━━━━━━━━━━━━━━━━━━━━━━━━━━━━━━━━━ 243.4/243.4 kB 14.6 MB/s eta 0:00:00
#7 42.74 Downloading markdown_it_py-4.0.0-py3-none-any.whl (87 kB)
#7 42.75    ━━━━━━━━━━━━━━━━━━━━━━━━━━━━━━━━━━━━━━━━ 87.3/87.3 kB 5.5 MB/s eta 0:00:00
#7 42.76 Downloading markupsafe-3.0.3-cp311-cp311-manylinux2014_x86_64.manylinux_2_17_x86_64.manylinux_2_28_x86_64.whl (22 kB)
#7 42.78 Downloading pygments-2.19.2-py3-none-any.whl (1.2 MB)
#7 42.83    ━━━━━━━━━━━━━━━━━━━━━━━━━━━━━━━━━━━━━━━━ 1.2/1.2 MB 25.2 MB/s eta 0:00:00
#7 42.84 Downloading mdurl-0.1.2-py3-none-any.whl (10.0 kB)
#7 44.64 Installing collected packages: namex, libclang, flatbuffers, wrapt, urllib3, typing_extensions, termcolor, tensorboard-data-server, six, pygments, protobuf, pillow, packaging, opt_einsum, numpy, mdurl, MarkupSafe, markdown, idna, gast, charset_normalizer, certifi, absl-py, werkzeug, requests, optree, ml_dtypes, markdown-it-py, h5py, grpcio, google_pasta, astunparse, tensorboard, rich, keras, tensorflow
#7 61.06 Successfully installed MarkupSafe-3.0.3 absl-py-2.3.1 astunparse-1.6.3 certifi-2025.10.5 charset_normalizer-3.4.4 flatbuffers-25.9.23 gast-0.6.0 google_pasta-0.2.0 grpcio-1.76.0 h5py-3.15.1 idna-3.11 keras-3.12.0 libclang-18.1.1 markdown-3.9 markdown-it-py-4.0.0 mdurl-0.1.2 ml_dtypes-0.5.3 namex-0.1.0 numpy-2.3.4 opt_einsum-3.4.0 optree-0.17.0 packaging-25.0 pillow-12.0.0 protobuf-6.33.0 pygments-2.19.2 requests-2.32.5 rich-14.2.0 six-1.17.0 tensorboard-2.20.0 tensorboard-data-server-0.7.2 tensorflow-2.20.0 termcolor-3.2.0 typing_extensions-4.15.0 urllib3-2.5.0 werkzeug-3.1.3 wrapt-2.0.0
#7 61.06 WARNING: Running pip as the 'root' user can result in broken permissions and conflicting behaviour with the system package manager. It is recommended to use a virtual environment instead: https://pip.pypa.io/warnings/venv
#7 61.46 
#7 61.46 [notice] A new release of pip is available: 24.0 -> 25.3
#7 61.46 [notice] To update, run: pip install --upgrade pip
#7 DONE 76.5s

#8 [4/4] RUN ["pip","install","numpy"]
#8 0.504 Requirement already satisfied: numpy in /usr/local/lib/python3.11/site-packages (2.3.4)
#8 0.626 WARNING: Running pip as the 'root' user can result in broken permissions and conflicting behaviour with the system package manager. It is recommended to use a virtual environment instead: https://pip.pypa.io/warnings/venv
#8 0.632 
#8 0.632 [notice] A new release of pip is available: 24.0 -> 25.3
#8 0.632 [notice] To update, run: pip install --upgrade pip
#8 DONE 0.7s

#9 exporting to image
#9 exporting layers
#9 exporting layers 10.5s done
#9 writing image sha256:798ac3eb0dc144a38d892cda80c2fff2c86178136b91435203ed7dc389a51579 done
#9 naming to docker.io/library/test-image-52bba57f724e38229da9d85fbc85b673 done
#9 DONE 10.5s

View build details: docker-desktop://dashboard/build/default/default/pl28ngvby18b16xmjm2a4ufhu
[2025-10-29 15:35:15] SUCCESS: Build completed for 52bba57f724e38229da9d85fbc85b673
