=== Docker Build Log for 3b9d893f1e0788f8fad0e6b49cde70f1 ===
Started at: Mi 29. Okt 14:11:30 CET 2025

[2025-10-29 14:11:30] START: Building image for 3b9d893f1e0788f8fad0e6b49cde70f1
#0 building with "default" instance using docker driver

#1 [internal] load build definition from Dockerfile
#1 transferring dockerfile: 157B done
#1 DONE 0.0s

#2 [internal] load metadata for docker.io/library/python:3.11
#2 DONE 0.0s

#3 [internal] load .dockerignore
#3 transferring context: 2B done
#3 DONE 0.0s

#4 [internal] load build context
#4 transferring context: 6.36kB 0.0s done
#4 DONE 0.0s

#5 [1/2] FROM docker.io/library/python:3.11
#5 CACHED

#6 [2/2] COPY hard-gists/3b9d893f1e0788f8fad0e6b49cde70f1/snippet.py /snippet.py
#6 DONE 0.1s

#7 exporting to image
#7 exporting layers 0.0s done
#7 writing image sha256:eedd6b4c21a0db9bb0738e101ac2918c04385ec1371944a29ff51730d4498d5a done
#7 naming to docker.io/library/test-image-3b9d893f1e0788f8fad0e6b49cde70f1 done
#7 DONE 0.1s

View build details: docker-desktop://dashboard/build/default/default/qmbfyuycx7mgmpmi8gul7xtm4
[2025-10-29 14:11:30] SUCCESS: Build completed for 3b9d893f1e0788f8fad0e6b49cde70f1
