=== Docker Build Log for 470c2ffcf1cde9b2a740f48015915e30 ===
Started at: Mi 29. Okt 14:57:55 CET 2025

[2025-10-29 14:57:55] START: Building image for 470c2ffcf1cde9b2a740f48015915e30
#0 building with "default" instance using docker driver

#1 [internal] load build definition from Dockerfile
#1 transferring dockerfile: 157B done
#1 DONE 0.0s

#2 [internal] load metadata for docker.io/library/python:3.11
#2 DONE 0.0s

#3 [internal] load .dockerignore
#3 transferring context: 2B done
#3 DONE 0.0s

#4 [internal] load build context
#4 transferring context: 8.62kB 0.0s done
#4 DONE 0.0s

#5 [1/2] FROM docker.io/library/python:3.11
#5 CACHED

#6 [2/2] COPY hard-gists/470c2ffcf1cde9b2a740f48015915e30/snippet.py /snippet.py
#6 DONE 0.1s

#7 exporting to image
#7 exporting layers 0.1s done
#7 writing image sha256:bfb17a5da428dce325f2dfcfaad155a048d9d828efb68aaaa72f53ba0aa7fdd4 done
#7 naming to docker.io/library/test-image-470c2ffcf1cde9b2a740f48015915e30 done
#7 DONE 0.1s

View build details: docker-desktop://dashboard/build/default/default/qfybydkv91mzxlz5chzkcqeu3
[2025-10-29 14:57:55] SUCCESS: Build completed for 470c2ffcf1cde9b2a740f48015915e30
