=== Docker Build Log for d03a49767c7c307be5ed ===
Started at: Mi 29. Okt 20:20:06 CET 2025

[2025-10-29 20:20:06] START: Building image for d03a49767c7c307be5ed
#0 building with "default" instance using docker driver

#1 [internal] load build definition from Dockerfile
#1 transferring dockerfile: 145B done
#1 DONE 0.0s

#2 [internal] load metadata for docker.io/library/python:3.11
#2 DONE 0.0s

#3 [internal] load .dockerignore
#3 transferring context: 2B done
#3 DONE 0.0s

#4 [internal] load build context
#4 transferring context: 835B 0.0s done
#4 DONE 0.0s

#5 [1/2] FROM docker.io/library/python:3.11
#5 CACHED

#6 [2/2] COPY hard-gists/d03a49767c7c307be5ed/snippet.py /snippet.py
#6 DONE 0.1s

#7 exporting to image
#7 exporting layers 0.0s done
#7 writing image sha256:f52f27835d80ae8e57d32f8971d6f1675335454f653b9df4a1a3e99a7a4f3960 done
#7 naming to docker.io/library/test-image-d03a49767c7c307be5ed done
#7 DONE 0.1s

View build details: docker-desktop://dashboard/build/default/default/7empa9yycvs2mrjq4euu3cff8
[2025-10-29 20:20:07] SUCCESS: Build completed for d03a49767c7c307be5ed
