=== Docker Build Log for 6869344 ===
Started at: Mi 29. Okt 16:44:11 CET 2025

[2025-10-29 16:44:11] START: Building image for 6869344
#0 building with "default" instance using docker driver

#1 [internal] load build definition from Dockerfile
#1 transferring dockerfile: 164B done
#1 DONE 0.0s

#2 [internal] load metadata for docker.io/library/python:3.11
#2 DONE 0.0s

#3 [internal] load .dockerignore
#3 transferring context: 2B done
#3 DONE 0.0s

#4 [internal] load build context
#4 transferring context: 1.33kB 0.0s done
#4 DONE 0.0s

#5 [1/3] FROM docker.io/library/python:3.11
#5 CACHED

#6 [2/3] COPY hard-gists/6869344/snippet.py /snippet.py
#6 DONE 0.1s

#7 [3/3] RUN ["pip","install","tornado"]
#7 2.191 Collecting tornado
#7 2.232   Downloading tornado-6.5.2-cp39-abi3-manylinux_2_5_x86_64.manylinux1_x86_64.manylinux_2_17_x86_64.manylinux2014_x86_64.whl.metadata (2.8 kB)
#7 2.254 Downloading tornado-6.5.2-cp39-abi3-manylinux_2_5_x86_64.manylinux1_x86_64.manylinux_2_17_x86_64.manylinux2014_x86_64.whl (443 kB)
#7 2.294    ━━━━━━━━━━━━━━━━━━━━━━━━━━━━━━━━━━━━━━━━ 443.9/443.9 kB 11.3 MB/s eta 0:00:00
#7 2.336 Installing collected packages: tornado
#7 2.562 Successfully installed tornado-6.5.2
#7 2.562 WARNING: Running pip as the 'root' user can result in broken permissions and conflicting behaviour with the system package manager. It is recommended to use a virtual environment instead: https://pip.pypa.io/warnings/venv
#7 2.668 
#7 2.668 [notice] A new release of pip is available: 24.0 -> 25.3
#7 2.668 [notice] To update, run: pip install --upgrade pip
#7 DONE 2.9s

#8 exporting to image
#8 exporting layers
#8 exporting layers 0.2s done
#8 writing image sha256:044762b2daa94d8644a889ff7f61e82c067c1d00a6a3a0ccffe679d2a69a904b done
#8 naming to docker.io/library/test-image-6869344 done
#8 DONE 0.2s

View build details: docker-desktop://dashboard/build/default/default/dv96vjkhgexzney8wwjgidqor
[2025-10-29 16:44:15] SUCCESS: Build completed for 6869344
