=== Docker Build Log for a8f87b0d95e73eb482c5 ===
Started at: Mi 29. Okt 19:09:00 CET 2025

[2025-10-29 19:09:00] START: Building image for a8f87b0d95e73eb482c5
#0 building with "default" instance using docker driver

#1 [internal] load build definition from Dockerfile
#1 transferring dockerfile: 283B done
#1 DONE 0.0s

#2 [internal] load metadata for docker.io/library/python:3.11
#2 DONE 0.0s

#3 [internal] load .dockerignore
#3 transferring context: 2B done
#3 DONE 0.0s

#4 [internal] load build context
#4 transferring context: 1.59kB 0.0s done
#4 DONE 0.0s

#5 [1/6] FROM docker.io/library/python:3.11
#5 CACHED

#6 [2/6] COPY hard-gists/a8f87b0d95e73eb482c5/snippet.py /snippet.py
#6 DONE 0.1s

#7 [3/6] RUN ["pip","install","dj.choices"]
#7 2.428 Collecting dj.choices
#7 2.483   Downloading dj.choices-0.11.0.tar.gz (28 kB)
#7 2.502   Preparing metadata (setup.py): started
#7 2.920   Preparing metadata (setup.py): finished with status 'done'
#7 3.034 Collecting django (from dj.choices)
#7 3.043   Downloading django-5.2.7-py3-none-any.whl.metadata (4.1 kB)
#7 3.113 Collecting six (from dj.choices)
#7 3.195   Downloading six-1.17.0-py2.py3-none-any.whl.metadata (1.7 kB)
#7 3.282 Collecting asgiref>=3.8.1 (from django->dj.choices)
#7 3.295   Downloading asgiref-3.10.0-py3-none-any.whl.metadata (9.3 kB)
#7 3.337 Collecting sqlparse>=0.3.1 (from django->dj.choices)
#7 3.352   Downloading sqlparse-0.5.3-py3-none-any.whl.metadata (3.9 kB)
#7 3.398 Downloading django-5.2.7-py3-none-any.whl (8.3 MB)
#7 4.029    ━━━━━━━━━━━━━━━━━━━━━━━━━━━━━━━━━━━━━━━━ 8.3/8.3 MB 13.3 MB/s eta 0:00:00
#7 4.038 Downloading six-1.17.0-py2.py3-none-any.whl (11 kB)
#7 4.063 Downloading asgiref-3.10.0-py3-none-any.whl (24 kB)
#7 4.084 Downloading sqlparse-0.5.3-py3-none-any.whl (44 kB)
#7 4.096    ━━━━━━━━━━━━━━━━━━━━━━━━━━━━━━━━━━━━━━━━ 44.4/44.4 kB 3.5 MB/s eta 0:00:00
#7 4.132 Building wheels for collected packages: dj.choices
#7 4.133   Building wheel for dj.choices (setup.py): started
#7 4.324   Building wheel for dj.choices (setup.py): finished with status 'done'
#7 4.325   Created wheel for dj.choices: filename=dj_choices-0.11.0-py3-none-any.whl size=28716 sha256=65e11eea6f85f2410c1d2d90014435db54beb385a58bf044fc949972c227ffc1
#7 4.325   Stored in directory: /root/.cache/pip/wheels/97/38/bd/4ca089ff8ffdead6a07e7af033d36d74a01ab7a37e70797942
#7 4.327 Successfully built dj.choices
#7 4.373 Installing collected packages: sqlparse, six, asgiref, django, dj.choices
#7 5.826 Successfully installed asgiref-3.10.0 dj.choices-0.11.0 django-5.2.7 six-1.17.0 sqlparse-0.5.3
#7 5.826 WARNING: Running pip as the 'root' user can result in broken permissions and conflicting behaviour with the system package manager. It is recommended to use a virtual environment instead: https://pip.pypa.io/warnings/venv
#7 5.945 
#7 5.945 [notice] A new release of pip is available: 24.0 -> 25.3
#7 5.945 [notice] To update, run: pip install --upgrade pip
#7 DONE 6.5s

#8 [4/6] RUN ["pip","install","Django"]
#8 0.432 Requirement already satisfied: Django in /usr/local/lib/python3.11/site-packages (5.2.7)
#8 0.436 Requirement already satisfied: asgiref>=3.8.1 in /usr/local/lib/python3.11/site-packages (from Django) (3.10.0)
#8 0.437 Requirement already satisfied: sqlparse>=0.3.1 in /usr/local/lib/python3.11/site-packages (from Django) (0.5.3)
#8 0.476 WARNING: Running pip as the 'root' user can result in broken permissions and conflicting behaviour with the system package manager. It is recommended to use a virtual environment instead: https://pip.pypa.io/warnings/venv
#8 0.481 
#8 0.481 [notice] A new release of pip is available: 24.0 -> 25.3
#8 0.481 [notice] To update, run: pip install --upgrade pip
#8 DONE 0.5s

#9 [5/6] RUN ["pip","install","django_db"]
#9 0.635 Collecting django_db
#9 0.673   Downloading django_db-0.0.7.tar.gz (1.7 kB)
#9 0.685   Preparing metadata (setup.py): started
#9 0.803   Preparing metadata (setup.py): finished with status 'done'
#9 0.806 Requirement already satisfied: django in /usr/local/lib/python3.11/site-packages (from django_db) (5.2.7)
#9 0.849 Collecting pymysql (from django_db)
#9 0.858   Downloading pymysql-1.1.2-py3-none-any.whl.metadata (4.3 kB)
#9 0.873 Requirement already satisfied: asgiref>=3.8.1 in /usr/local/lib/python3.11/site-packages (from django->django_db) (3.10.0)
#9 0.874 Requirement already satisfied: sqlparse>=0.3.1 in /usr/local/lib/python3.11/site-packages (from django->django_db) (0.5.3)
#9 0.890 Downloading pymysql-1.1.2-py3-none-any.whl (45 kB)
#9 0.910    ━━━━━━━━━━━━━━━━━━━━━━━━━━━━━━━━━━━━━━━━ 45.3/45.3 kB 2.1 MB/s eta 0:00:00
#9 0.913 Building wheels for collected packages: django_db
#9 0.918   Building wheel for django_db (setup.py): started
#9 1.048   Building wheel for django_db (setup.py): finished with status 'done'
#9 1.049   Created wheel for django_db: filename=django_db-0.0.7-py3-none-any.whl size=2255 sha256=b23b0fe66866af55d36b21af10d7b4b5013d015f900b46048d9cd52d12c27433
#9 1.049   Stored in directory: /root/.cache/pip/wheels/f7/0e/96/7f32f483dc1709e3218e0b811ef87a1457795bc45d221f1ac2
#9 1.050 Successfully built django_db
#9 1.089 Installing collected packages: pymysql, django_db
#9 1.149 Successfully installed django_db-0.0.7 pymysql-1.1.2
#9 1.150 WARNING: Running pip as the 'root' user can result in broken permissions and conflicting behaviour with the system package manager. It is recommended to use a virtual environment instead: https://pip.pypa.io/warnings/venv
#9 1.155 
#9 1.155 [notice] A new release of pip is available: 24.0 -> 25.3
#9 1.155 [notice] To update, run: pip install --upgrade pip
#9 DONE 1.2s

#10 [6/6] RUN ["pip","install","django-apps"]
#10 0.544 Collecting django-apps
#10 0.590   Downloading django-apps-0.1.0.tar.gz (2.8 kB)
#10 0.606   Preparing metadata (setup.py): started
#10 0.716   Preparing metadata (setup.py): finished with status 'done'
#10 0.717 Building wheels for collected packages: django-apps
#10 0.723   Building wheel for django-apps (setup.py): started
#10 0.856   Building wheel for django-apps (setup.py): finished with status 'done'
#10 0.856   Created wheel for django-apps: filename=django_apps-0.1.0-py3-none-any.whl size=4278 sha256=c5dc729b32602a70b776e10c43b3e014789bed0ad563923cd6c475ce6a153ca0
#10 0.856   Stored in directory: /root/.cache/pip/wheels/98/2f/ab/cdaf883af186ea3fd39bba65e976916ae4cfa22731768cda16
#10 0.858 Successfully built django-apps
#10 0.895 Installing collected packages: django-apps
#10 0.932 Successfully installed django-apps-0.1.0
#10 0.932 WARNING: Running pip as the 'root' user can result in broken permissions and conflicting behaviour with the system package manager. It is recommended to use a virtual environment instead: https://pip.pypa.io/warnings/venv
#10 0.937 
#10 0.937 [notice] A new release of pip is available: 24.0 -> 25.3
#10 0.937 [notice] To update, run: pip install --upgrade pip
#10 DONE 1.0s

#11 exporting to image
#11 exporting layers
#11 exporting layers 0.6s done
#11 writing image sha256:3ab18eb188144c5180260925239430904afc95eb1cf18a3cb9a0d9eb1d7ea5e3 done
#11 naming to docker.io/library/test-image-a8f87b0d95e73eb482c5 done
#11 DONE 0.7s

View build details: docker-desktop://dashboard/build/default/default/6za8fgoskrm5jrxko1pa5dj6t
[2025-10-29 19:09:10] SUCCESS: Build completed for a8f87b0d95e73eb482c5
