=== Docker Build Log for 27ab7d2a30bbaf5ef431b4a02194ac60 ===
Started at: Mi 29. Okt 13:15:34 CET 2025

[2025-10-29 13:15:34] START: Building image for 27ab7d2a30bbaf5ef431b4a02194ac60
#0 building with "default" instance using docker driver

#1 [internal] load build definition from Dockerfile
#1 transferring dockerfile: 224B done
#1 DONE 0.0s

#2 [internal] load metadata for docker.io/library/python:3.11
#2 DONE 0.0s

#3 [internal] load .dockerignore
#3 transferring context: 2B done
#3 DONE 0.0s

#4 [internal] load build context
#4 transferring context: 5.00kB 0.0s done
#4 DONE 0.0s

#5 [1/4] FROM docker.io/library/python:3.11
#5 CACHED

#6 [2/4] COPY hard-gists/27ab7d2a30bbaf5ef431b4a02194ac60/snippet.py /snippet.py
#6 DONE 0.1s

#7 [3/4] RUN ["pip","install","tensorflow"]
#7 2.011 Collecting tensorflow
#7 2.046   Downloading tensorflow-2.20.0-cp311-cp311-manylinux_2_17_x86_64.manylinux2014_x86_64.whl.metadata (4.5 kB)
#7 2.113 Collecting absl-py>=1.0.0 (from tensorflow)
#7 2.121   Downloading absl_py-2.3.1-py3-none-any.whl.metadata (3.3 kB)
#7 2.157 Collecting astunparse>=1.6.0 (from tensorflow)
#7 2.165   Downloading astunparse-1.6.3-py2.py3-none-any.whl.metadata (4.4 kB)
#7 2.203 Collecting flatbuffers>=24.3.25 (from tensorflow)
#7 2.210   Downloading flatbuffers-25.9.23-py2.py3-none-any.whl.metadata (875 bytes)
#7 2.248 Collecting gast!=0.5.0,!=0.5.1,!=0.5.2,>=0.2.1 (from tensorflow)
#7 2.256   Downloading gast-0.6.0-py3-none-any.whl.metadata (1.3 kB)
#7 2.289 Collecting google_pasta>=0.1.1 (from tensorflow)
#7 2.297   Downloading google_pasta-0.2.0-py3-none-any.whl.metadata (814 bytes)
#7 2.337 Collecting libclang>=13.0.0 (from tensorflow)
#7 2.345   Downloading libclang-18.1.1-py2.py3-none-manylinux2010_x86_64.whl.metadata (5.2 kB)
#7 2.380 Collecting opt_einsum>=2.3.2 (from tensorflow)
#7 2.389   Downloading opt_einsum-3.4.0-py3-none-any.whl.metadata (6.3 kB)
#7 2.433 Collecting packaging (from tensorflow)
#7 2.441   Downloading packaging-25.0-py3-none-any.whl.metadata (3.3 kB)
#7 2.644 Collecting protobuf>=5.28.0 (from tensorflow)
#7 2.651   Downloading protobuf-6.33.0-cp39-abi3-manylinux2014_x86_64.whl.metadata (593 bytes)
#7 2.716 Collecting requests<3,>=2.21.0 (from tensorflow)
#7 2.725   Downloading requests-2.32.5-py3-none-any.whl.metadata (4.9 kB)
#7 2.736 Requirement already satisfied: setuptools in /usr/local/lib/python3.11/site-packages (from tensorflow) (79.0.1)
#7 2.763 Collecting six>=1.12.0 (from tensorflow)
#7 2.771   Downloading six-1.17.0-py2.py3-none-any.whl.metadata (1.7 kB)
#7 2.809 Collecting termcolor>=1.1.0 (from tensorflow)
#7 2.817   Downloading termcolor-3.2.0-py3-none-any.whl.metadata (6.4 kB)
#7 2.861 Collecting typing_extensions>=3.6.6 (from tensorflow)
#7 2.869   Downloading typing_extensions-4.15.0-py3-none-any.whl.metadata (3.3 kB)
#7 3.018 Collecting wrapt>=1.11.0 (from tensorflow)
#7 3.027   Downloading wrapt-2.0.0-cp311-cp311-manylinux1_x86_64.manylinux_2_28_x86_64.manylinux_2_5_x86_64.whl.metadata (8.8 kB)
#7 3.555 Collecting grpcio<2.0,>=1.24.3 (from tensorflow)
#7 3.566   Downloading grpcio-1.76.0-cp311-cp311-manylinux2014_x86_64.manylinux_2_17_x86_64.whl.metadata (3.7 kB)
#7 3.618 Collecting tensorboard~=2.20.0 (from tensorflow)
#7 3.626   Downloading tensorboard-2.20.0-py3-none-any.whl.metadata (1.8 kB)
#7 3.674 Collecting keras>=3.10.0 (from tensorflow)
#7 3.683   Downloading keras-3.12.0-py3-none-any.whl.metadata (5.9 kB)
#7 3.941 Collecting numpy>=1.26.0 (from tensorflow)
#7 3.951   Downloading numpy-2.3.4-cp311-cp311-manylinux_2_27_x86_64.manylinux_2_28_x86_64.whl.metadata (62 kB)
#7 3.978      ━━━━━━━━━━━━━━━━━━━━━━━━━━━━━━━━━━━━━━━━ 62.1/62.1 kB 2.1 MB/s eta 0:00:00
#7 4.046 Collecting h5py>=3.11.0 (from tensorflow)
#7 4.055   Downloading h5py-3.15.1-cp311-cp311-manylinux_2_27_x86_64.manylinux_2_28_x86_64.whl.metadata (3.0 kB)
#7 4.106 Collecting ml_dtypes<1.0.0,>=0.5.1 (from tensorflow)
#7 4.122   Downloading ml_dtypes-0.5.3-cp311-cp311-manylinux_2_27_x86_64.manylinux_2_28_x86_64.whl.metadata (8.9 kB)
#7 4.137 Requirement already satisfied: wheel<1.0,>=0.23.0 in /usr/local/lib/python3.11/site-packages (from astunparse>=1.6.0->tensorflow) (0.45.1)
#7 4.231 Collecting rich (from keras>=3.10.0->tensorflow)
#7 4.247   Downloading rich-14.2.0-py3-none-any.whl.metadata (18 kB)
#7 4.281 Collecting namex (from keras>=3.10.0->tensorflow)
#7 4.291   Downloading namex-0.1.0-py3-none-any.whl.metadata (322 bytes)
#7 4.392 Collecting optree (from keras>=3.10.0->tensorflow)
#7 4.401   Downloading optree-0.17.0-cp311-cp311-manylinux_2_27_x86_64.manylinux_2_28_x86_64.whl.metadata (33 kB)
#7 4.567 Collecting charset_normalizer<4,>=2 (from requests<3,>=2.21.0->tensorflow)
#7 4.575   Downloading charset_normalizer-3.4.4-cp311-cp311-manylinux2014_x86_64.manylinux_2_17_x86_64.manylinux_2_28_x86_64.whl.metadata (37 kB)
#7 4.622 Collecting idna<4,>=2.5 (from requests<3,>=2.21.0->tensorflow)
#7 4.630   Downloading idna-3.11-py3-none-any.whl.metadata (8.4 kB)
#7 4.693 Collecting urllib3<3,>=1.21.1 (from requests<3,>=2.21.0->tensorflow)
#7 4.701   Downloading urllib3-2.5.0-py3-none-any.whl.metadata (6.5 kB)
#7 4.745 Collecting certifi>=2017.4.17 (from requests<3,>=2.21.0->tensorflow)
#7 4.752   Downloading certifi-2025.10.5-py3-none-any.whl.metadata (2.5 kB)
#7 4.823 Collecting markdown>=2.6.8 (from tensorboard~=2.20.0->tensorflow)
#7 4.832   Downloading markdown-3.9-py3-none-any.whl.metadata (5.1 kB)
#7 5.083 Collecting pillow (from tensorboard~=2.20.0->tensorflow)
#7 5.095   Downloading pillow-12.0.0-cp311-cp311-manylinux_2_27_x86_64.manylinux_2_28_x86_64.whl.metadata (8.8 kB)
#7 5.155 Collecting tensorboard-data-server<0.8.0,>=0.7.0 (from tensorboard~=2.20.0->tensorflow)
#7 5.163   Downloading tensorboard_data_server-0.7.2-py3-none-manylinux_2_31_x86_64.whl.metadata (1.1 kB)
#7 5.215 Collecting werkzeug>=1.0.1 (from tensorboard~=2.20.0->tensorflow)
#7 5.223   Downloading werkzeug-3.1.3-py3-none-any.whl.metadata (3.7 kB)
#7 5.371 Collecting MarkupSafe>=2.1.1 (from werkzeug>=1.0.1->tensorboard~=2.20.0->tensorflow)
#7 5.380   Downloading markupsafe-3.0.3-cp311-cp311-manylinux2014_x86_64.manylinux_2_17_x86_64.manylinux_2_28_x86_64.whl.metadata (2.7 kB)
#7 5.471 Collecting markdown-it-py>=2.2.0 (from rich->keras>=3.10.0->tensorflow)
#7 5.479   Downloading markdown_it_py-4.0.0-py3-none-any.whl.metadata (7.3 kB)
#7 5.529 Collecting pygments<3.0.0,>=2.13.0 (from rich->keras>=3.10.0->tensorflow)
#7 5.539   Downloading pygments-2.19.2-py3-none-any.whl.metadata (2.5 kB)
#7 5.592 Collecting mdurl~=0.1 (from markdown-it-py>=2.2.0->rich->keras>=3.10.0->tensorflow)
#7 5.600   Downloading mdurl-0.1.2-py3-none-any.whl.metadata (1.6 kB)
#7 5.637 Downloading tensorflow-2.20.0-cp311-cp311-manylinux_2_17_x86_64.manylinux2014_x86_64.whl (620.6 MB)
#7 31.96    ━━━━━━━━━━━━━━━━━━━━━━━━━━━━━━━━━━━━━━━━ 620.6/620.6 MB 1.6 MB/s eta 0:00:00
#7 31.97 Downloading absl_py-2.3.1-py3-none-any.whl (135 kB)
#7 31.99    ━━━━━━━━━━━━━━━━━━━━━━━━━━━━━━━━━━━━━━━━ 135.8/135.8 kB 6.7 MB/s eta 0:00:00
#7 32.00 Downloading astunparse-1.6.3-py2.py3-none-any.whl (12 kB)
#7 32.02 Downloading flatbuffers-25.9.23-py2.py3-none-any.whl (30 kB)
#7 32.04 Downloading gast-0.6.0-py3-none-any.whl (21 kB)
#7 32.05 Downloading google_pasta-0.2.0-py3-none-any.whl (57 kB)
#7 32.07    ━━━━━━━━━━━━━━━━━━━━━━━━━━━━━━━━━━━━━━━━ 57.5/57.5 kB 4.7 MB/s eta 0:00:00
#7 32.07 Downloading grpcio-1.76.0-cp311-cp311-manylinux2014_x86_64.manylinux_2_17_x86_64.whl (6.6 MB)
#7 32.34    ━━━━━━━━━━━━━━━━━━━━━━━━━━━━━━━━━━━━━━━━ 6.6/6.6 MB 24.9 MB/s eta 0:00:00
#7 32.35 Downloading h5py-3.15.1-cp311-cp311-manylinux_2_27_x86_64.manylinux_2_28_x86_64.whl (4.7 MB)
#7 32.54    ━━━━━━━━━━━━━━━━━━━━━━━━━━━━━━━━━━━━━━━━ 4.7/4.7 MB 25.5 MB/s eta 0:00:00
#7 32.55 Downloading keras-3.12.0-py3-none-any.whl (1.5 MB)
#7 32.61    ━━━━━━━━━━━━━━━━━━━━━━━━━━━━━━━━━━━━━━━━ 1.5/1.5 MB 24.6 MB/s eta 0:00:00
#7 32.62 Downloading libclang-18.1.1-py2.py3-none-manylinux2010_x86_64.whl (24.5 MB)
#7 33.57    ━━━━━━━━━━━━━━━━━━━━━━━━━━━━━━━━━━━━━━━━ 24.5/24.5 MB 20.1 MB/s eta 0:00:00
#7 33.58 Downloading ml_dtypes-0.5.3-cp311-cp311-manylinux_2_27_x86_64.manylinux_2_28_x86_64.whl (4.9 MB)
#7 33.78    ━━━━━━━━━━━━━━━━━━━━━━━━━━━━━━━━━━━━━━━━ 4.9/4.9 MB 25.6 MB/s eta 0:00:00
#7 33.78 Downloading numpy-2.3.4-cp311-cp311-manylinux_2_27_x86_64.manylinux_2_28_x86_64.whl (16.9 MB)
#7 34.42    ━━━━━━━━━━━━━━━━━━━━━━━━━━━━━━━━━━━━━━━━ 16.9/16.9 MB 23.8 MB/s eta 0:00:00
#7 34.43 Downloading opt_einsum-3.4.0-py3-none-any.whl (71 kB)
#7 34.44    ━━━━━━━━━━━━━━━━━━━━━━━━━━━━━━━━━━━━━━━━ 71.9/71.9 kB 6.8 MB/s eta 0:00:00
#7 34.45 Downloading protobuf-6.33.0-cp39-abi3-manylinux2014_x86_64.whl (323 kB)
#7 34.47    ━━━━━━━━━━━━━━━━━━━━━━━━━━━━━━━━━━━━━━━━ 323.2/323.2 kB 18.7 MB/s eta 0:00:00
#7 34.48 Downloading requests-2.32.5-py3-none-any.whl (64 kB)
#7 34.49    ━━━━━━━━━━━━━━━━━━━━━━━━━━━━━━━━━━━━━━━━ 64.7/64.7 kB 5.6 MB/s eta 0:00:00
#7 34.50 Downloading six-1.17.0-py2.py3-none-any.whl (11 kB)
#7 34.52 Downloading tensorboard-2.20.0-py3-none-any.whl (5.5 MB)
#7 34.72    ━━━━━━━━━━━━━━━━━━━━━━━━━━━━━━━━━━━━━━━━ 5.5/5.5 MB 27.1 MB/s eta 0:00:00
#7 34.73 Downloading termcolor-3.2.0-py3-none-any.whl (7.7 kB)
#7 34.75 Downloading typing_extensions-4.15.0-py3-none-any.whl (44 kB)
#7 34.76    ━━━━━━━━━━━━━━━━━━━━━━━━━━━━━━━━━━━━━━━━ 44.6/44.6 kB 3.6 MB/s eta 0:00:00
#7 34.77 Downloading wrapt-2.0.0-cp311-cp311-manylinux1_x86_64.manylinux_2_28_x86_64.manylinux_2_5_x86_64.whl (114 kB)
#7 34.78    ━━━━━━━━━━━━━━━━━━━━━━━━━━━━━━━━━━━━━━━━ 114.1/114.1 kB 9.2 MB/s eta 0:00:00
#7 34.79 Downloading packaging-25.0-py3-none-any.whl (66 kB)
#7 34.80    ━━━━━━━━━━━━━━━━━━━━━━━━━━━━━━━━━━━━━━━━ 66.5/66.5 kB 5.5 MB/s eta 0:00:00
#7 34.81 Downloading certifi-2025.10.5-py3-none-any.whl (163 kB)
#7 34.82    ━━━━━━━━━━━━━━━━━━━━━━━━━━━━━━━━━━━━━━━━ 163.3/163.3 kB 12.2 MB/s eta 0:00:00
#7 34.83 Downloading charset_normalizer-3.4.4-cp311-cp311-manylinux2014_x86_64.manylinux_2_17_x86_64.manylinux_2_28_x86_64.whl (151 kB)
#7 34.85    ━━━━━━━━━━━━━━━━━━━━━━━━━━━━━━━━━━━━━━━━ 151.6/151.6 kB 11.8 MB/s eta 0:00:00
#7 34.86 Downloading idna-3.11-py3-none-any.whl (71 kB)
#7 34.87    ━━━━━━━━━━━━━━━━━━━━━━━━━━━━━━━━━━━━━━━━ 71.0/71.0 kB 6.6 MB/s eta 0:00:00
#7 34.87 Downloading markdown-3.9-py3-none-any.whl (107 kB)
#7 34.89    ━━━━━━━━━━━━━━━━━━━━━━━━━━━━━━━━━━━━━━━━ 107.4/107.4 kB 8.7 MB/s eta 0:00:00
#7 34.89 Downloading tensorboard_data_server-0.7.2-py3-none-manylinux_2_31_x86_64.whl (6.6 MB)
#7 35.14    ━━━━━━━━━━━━━━━━━━━━━━━━━━━━━━━━━━━━━━━━ 6.6/6.6 MB 27.4 MB/s eta 0:00:00
#7 35.14 Downloading urllib3-2.5.0-py3-none-any.whl (129 kB)
#7 35.16    ━━━━━━━━━━━━━━━━━━━━━━━━━━━━━━━━━━━━━━━━ 129.8/129.8 kB 9.6 MB/s eta 0:00:00
#7 35.17 Downloading werkzeug-3.1.3-py3-none-any.whl (224 kB)
#7 35.18    ━━━━━━━━━━━━━━━━━━━━━━━━━━━━━━━━━━━━━━━━ 224.5/224.5 kB 14.1 MB/s eta 0:00:00
#7 35.19 Downloading namex-0.1.0-py3-none-any.whl (5.9 kB)
#7 35.21 Downloading optree-0.17.0-cp311-cp311-manylinux_2_27_x86_64.manylinux_2_28_x86_64.whl (402 kB)
#7 35.23    ━━━━━━━━━━━━━━━━━━━━━━━━━━━━━━━━━━━━━━━━ 402.0/402.0 kB 19.5 MB/s eta 0:00:00
#7 35.24 Downloading pillow-12.0.0-cp311-cp311-manylinux_2_27_x86_64.manylinux_2_28_x86_64.whl (7.0 MB)
#7 35.50    ━━━━━━━━━━━━━━━━━━━━━━━━━━━━━━━━━━━━━━━━ 7.0/7.0 MB 27.2 MB/s eta 0:00:00
#7 35.51 Downloading rich-14.2.0-py3-none-any.whl (243 kB)
#7 35.52    ━━━━━━━━━━━━━━━━━━━━━━━━━━━━━━━━━━━━━━━━ 243.4/243.4 kB 15.3 MB/s eta 0:00:00
#7 35.53 Downloading markdown_it_py-4.0.0-py3-none-any.whl (87 kB)
#7 35.54    ━━━━━━━━━━━━━━━━━━━━━━━━━━━━━━━━━━━━━━━━ 87.3/87.3 kB 7.8 MB/s eta 0:00:00
#7 35.55 Downloading markupsafe-3.0.3-cp311-cp311-manylinux2014_x86_64.manylinux_2_17_x86_64.manylinux_2_28_x86_64.whl (22 kB)
#7 35.57 Downloading pygments-2.19.2-py3-none-any.whl (1.2 MB)
#7 35.62    ━━━━━━━━━━━━━━━━━━━━━━━━━━━━━━━━━━━━━━━━ 1.2/1.2 MB 24.3 MB/s eta 0:00:00
#7 35.63 Downloading mdurl-0.1.2-py3-none-any.whl (10.0 kB)
#7 37.40 Installing collected packages: namex, libclang, flatbuffers, wrapt, urllib3, typing_extensions, termcolor, tensorboard-data-server, six, pygments, protobuf, pillow, packaging, opt_einsum, numpy, mdurl, MarkupSafe, markdown, idna, gast, charset_normalizer, certifi, absl-py, werkzeug, requests, optree, ml_dtypes, markdown-it-py, h5py, grpcio, google_pasta, astunparse, tensorboard, rich, keras, tensorflow
#7 52.58 Successfully installed MarkupSafe-3.0.3 absl-py-2.3.1 astunparse-1.6.3 certifi-2025.10.5 charset_normalizer-3.4.4 flatbuffers-25.9.23 gast-0.6.0 google_pasta-0.2.0 grpcio-1.76.0 h5py-3.15.1 idna-3.11 keras-3.12.0 libclang-18.1.1 markdown-3.9 markdown-it-py-4.0.0 mdurl-0.1.2 ml_dtypes-0.5.3 namex-0.1.0 numpy-2.3.4 opt_einsum-3.4.0 optree-0.17.0 packaging-25.0 pillow-12.0.0 protobuf-6.33.0 pygments-2.19.2 requests-2.32.5 rich-14.2.0 six-1.17.0 tensorboard-2.20.0 tensorboard-data-server-0.7.2 tensorflow-2.20.0 termcolor-3.2.0 typing_extensions-4.15.0 urllib3-2.5.0 werkzeug-3.1.3 wrapt-2.0.0
#7 52.58 WARNING: Running pip as the 'root' user can result in broken permissions and conflicting behaviour with the system package manager. It is recommended to use a virtual environment instead: https://pip.pypa.io/warnings/venv
#7 52.68 
#7 52.68 [notice] A new release of pip is available: 24.0 -> 25.3
#7 52.68 [notice] To update, run: pip install --upgrade pip
#7 DONE 68.1s

#8 [4/4] RUN ["pip","install","numpy"]
#8 0.452 Requirement already satisfied: numpy in /usr/local/lib/python3.11/site-packages (2.3.4)
#8 0.576 WARNING: Running pip as the 'root' user can result in broken permissions and conflicting behaviour with the system package manager. It is recommended to use a virtual environment instead: https://pip.pypa.io/warnings/venv
#8 0.582 
#8 0.582 [notice] A new release of pip is available: 24.0 -> 25.3
#8 0.582 [notice] To update, run: pip install --upgrade pip
#8 DONE 0.7s

#9 exporting to image
#9 exporting layers
#9 exporting layers 8.8s done
#9 writing image sha256:2c13428de7d24f812a773b371f57f6d8aa361cc1363006ee48796d5b5dc1313c done
#9 naming to docker.io/library/test-image-27ab7d2a30bbaf5ef431b4a02194ac60 done
#9 DONE 8.8s

View build details: docker-desktop://dashboard/build/default/default/uo8v37o0mx8qmbamvborh0h4s
[2025-10-29 13:16:52] SUCCESS: Build completed for 27ab7d2a30bbaf5ef431b4a02194ac60
