=== Docker Build Log for 7b4a8e2f1fbfd70b4aaea5d205cb35eb ===
Started at: Mi 29. Okt 17:27:00 CET 2025

[2025-10-29 17:27:00] START: Building image for 7b4a8e2f1fbfd70b4aaea5d205cb35eb
#0 building with "default" instance using docker driver

#1 [internal] load build definition from Dockerfile
#1 transferring dockerfile: 189B done
#1 DONE 0.0s

#2 [internal] load metadata for docker.io/library/python:3.11
#2 DONE 0.0s

#3 [internal] load .dockerignore
#3 transferring context: 2B done
#3 DONE 0.0s

#4 [internal] load build context
#4 transferring context: 3.85kB 0.0s done
#4 DONE 0.0s

#5 [1/3] FROM docker.io/library/python:3.11
#5 CACHED

#6 [2/3] COPY hard-gists/7b4a8e2f1fbfd70b4aaea5d205cb35eb/snippet.py /snippet.py
#6 DONE 0.1s

#7 [3/3] RUN ["pip","install","IbPy2"]
#7 1.952 Collecting IbPy2
#7 1.988   Downloading IbPy2-0.8.0.tar.gz (54 kB)
#7 2.011      ━━━━━━━━━━━━━━━━━━━━━━━━━━━━━━━━━━━━━━━━ 54.3/54.3 kB 2.4 MB/s eta 0:00:00
#7 2.019   Preparing metadata (setup.py): started
#7 2.410   Preparing metadata (setup.py): finished with status 'done'
#7 2.411 Building wheels for collected packages: IbPy2
#7 2.412   Building wheel for IbPy2 (setup.py): started
#7 2.617   Building wheel for IbPy2 (setup.py): finished with status 'done'
#7 2.618   Created wheel for IbPy2: filename=ibpy2-0.8.0-py3-none-any.whl size=60344 sha256=f47f44bac167ed7e8488b67ff033444a6319f39f608737eb4a67932d25450222
#7 2.618   Stored in directory: /root/.cache/pip/wheels/85/47/37/4db3f22b574d3474f4c858d312683ee61f779bd6bf56cc8689
#7 2.621 Successfully built IbPy2
#7 2.651 Installing collected packages: IbPy2
#7 2.689 Successfully installed IbPy2-0.8.0
#7 2.689 WARNING: Running pip as the 'root' user can result in broken permissions and conflicting behaviour with the system package manager. It is recommended to use a virtual environment instead: https://pip.pypa.io/warnings/venv
#7 2.781 
#7 2.781 [notice] A new release of pip is available: 24.0 -> 25.3
#7 2.781 [notice] To update, run: pip install --upgrade pip
#7 DONE 3.0s

#8 exporting to image
#8 exporting layers 0.1s done
#8 writing image sha256:a592301fd39522cb42be32c3d4602b594271b2793261a2abb8e763248ee8378b done
#8 naming to docker.io/library/test-image-7b4a8e2f1fbfd70b4aaea5d205cb35eb done
#8 DONE 0.1s

View build details: docker-desktop://dashboard/build/default/default/vrxw1ifdz8g6sjs80ybxr3123
[2025-10-29 17:27:03] SUCCESS: Build completed for 7b4a8e2f1fbfd70b4aaea5d205cb35eb
