=== Docker Build Log for 2c0d9e1a0012065bb56c ===
Started at: Mi 29. Okt 13:25:48 CET 2025

[2025-10-29 13:25:48] START: Building image for 2c0d9e1a0012065bb56c
#0 building with "default" instance using docker driver

#1 [internal] load build definition from Dockerfile
#1 transferring dockerfile: 145B done
#1 DONE 0.0s

#2 [internal] load metadata for docker.io/library/python:3.11
#2 DONE 0.0s

#3 [internal] load .dockerignore
#3 transferring context: 2B done
#3 DONE 0.0s

#4 [internal] load build context
#4 transferring context: 1.71kB 0.0s done
#4 DONE 0.0s

#5 [1/2] FROM docker.io/library/python:3.11
#5 CACHED

#6 [2/2] COPY hard-gists/2c0d9e1a0012065bb56c/snippet.py /snippet.py
#6 DONE 0.1s

#7 exporting to image
#7 exporting layers 0.0s done
#7 writing image sha256:43a21d04c75b3e13e11b360c3a62aef82d45e851350ef52dc6aaa6be404a5316 done
#7 naming to docker.io/library/test-image-2c0d9e1a0012065bb56c done
#7 DONE 0.1s

View build details: docker-desktop://dashboard/build/default/default/dx9m7xtwjja0b4no9rdcpruyr
[2025-10-29 13:25:49] SUCCESS: Build completed for 2c0d9e1a0012065bb56c
