=== Docker Build Log for 69b8e351dac87f4c3f5b440632727fdb ===
Started at: Mi 29. Okt 16:47:04 CET 2025

[2025-10-29 16:47:04] START: Building image for 69b8e351dac87f4c3f5b440632727fdb
#0 building with "default" instance using docker driver

#1 [internal] load build definition from Dockerfile
#1 transferring dockerfile: 157B done
#1 DONE 0.0s

#2 [internal] load metadata for docker.io/library/python:3.11
#2 DONE 0.0s

#3 [internal] load .dockerignore
#3 transferring context: 2B done
#3 DONE 0.0s

#4 [internal] load build context
#4 transferring context: 4.06kB 0.0s done
#4 DONE 0.0s

#5 [1/2] FROM docker.io/library/python:3.11
#5 CACHED

#6 [2/2] COPY hard-gists/69b8e351dac87f4c3f5b440632727fdb/snippet.py /snippet.py
#6 DONE 0.1s

#7 exporting to image
#7 exporting layers 0.0s done
#7 writing image sha256:d83be92b0ed712ec6944110e491bb845fbb1354574af393bcdb92bd08720b0bb done
#7 naming to docker.io/library/test-image-69b8e351dac87f4c3f5b440632727fdb done
#7 DONE 0.1s

View build details: docker-desktop://dashboard/build/default/default/to6ickjthnw7xi4wio2alzay9
[2025-10-29 16:47:04] SUCCESS: Build completed for 69b8e351dac87f4c3f5b440632727fdb
