=== Docker Build Log for 1036883 ===
Started at: Mi 29. Okt 11:46:08 CET 2025

[2025-10-29 11:46:08] START: Building image for 1036883
#0 building with "default" instance using docker driver

#1 [internal] load build definition from Dockerfile
#1 transferring dockerfile: 132B done
#1 DONE 0.0s

#2 [internal] load metadata for docker.io/library/python:3.11
#2 DONE 0.0s

#3 [internal] load .dockerignore
#3 transferring context: 2B done
#3 DONE 0.0s

#4 [internal] load build context
#4 transferring context: 3.83kB 0.0s done
#4 DONE 0.0s

#5 [1/2] FROM docker.io/library/python:3.11
#5 CACHED

#6 [2/2] COPY hard-gists/1036883/snippet.py /snippet.py
#6 DONE 0.1s

#7 exporting to image
#7 exporting layers 0.0s done
#7 writing image sha256:8644153481d7f4ad0416630403a26668e0ed1355605a233811a9da99fb96b15a done
#7 naming to docker.io/library/test-image-1036883 done
#7 DONE 0.1s

View build details: docker-desktop://dashboard/build/default/default/mnzcyxsk60c6j4tzlfqe8catw
[2025-10-29 11:46:09] SUCCESS: Build completed for 1036883
