=== Docker Run Log for 2a1df455e7643926739e934e910cbf2e ===
Started at: Mi 29. Okt 13:24:17 CET 2025

[2025-10-29 13:24:20] START: Running container for 2a1df455e7643926739e934e910cbf2e
[2025-10-29 13:24:21] SUCCESS: Container 812f6ea1b4da316f292c034982e6992a691cb5d67769542d15a475938223dece started for 2a1df455e7643926739e934e910cbf2e
=== Container logs for 2a1df455e7643926739e934e910cbf2e ===
/snippet.py:88: DeprecationWarning: please use dns.resolver.resolve() instead
  answers = dns.resolver.query(domain, a)
The DNS response does not contain an answer to the question: google.com. IN TYPE0
A : 142.251.36.206
NS : ns1.google.com.
NS : ns3.google.com.
NS : ns4.google.com.
NS : ns2.google.com.
The DNS response does not contain an answer to the question: google.com. IN MD
The DNS response does not contain an answer to the question: google.com. IN MF
The DNS response does not contain an answer to the question: google.com. IN CNAME
SOA : ns1.google.com. dns-admin.google.com. 824942276 900 900 1800 60
The DNS response does not contain an answer to the question: google.com. IN MB
The DNS response does not contain an answer to the question: google.com. IN MG
The DNS response does not contain an answer to the question: google.com. IN MR
The DNS response does not contain an answer to the question: google.com. IN NULL
The DNS response does not contain an answer to the question: google.com. IN WKS
The DNS response does not contain an answer to the question: google.com. IN PTR
The DNS response does not contain an answer to the question: google.com. IN HINFO
The DNS response does not contain an answer to the question: google.com. IN MINFO
MX : 10 smtp.google.com.
TXT : "google-site-verification=wD8N7i1JTNTkezJ49swvWW48f8_9xveREV4oB-0Hf5o"
TXT : "apple-domain-verification=30afIBcvSuDV2PLX"
TXT : "docusign=1b0a6754-49b1-4db5-8540-d2c12664b289"
TXT : "MS=E4A68B9AB2BB9670BCE15412F62916164C0B20BB"
TXT : "cisco-ci-domain-verification=47c38bc8c4b74b7233e9053220c1bbe76bcc1cd33c7acf7acd36cd6a5332004b"
TXT : "facebook-domain-verification=22rm551cu4k0ab0bxsw536tlds4h95"
TXT : "v=spf1 include:_spf.google.com ~all"
TXT : "onetrust-domain-verification=de01ed21f2fa4d8781cbc3ffb89cf4ef"
TXT : "google-site-verification=TV9-DBe4R80X4v0M4U_bd_J9cpOJM0nikft0jAgjmsQ"
TXT : "google-site-verification=4ibFUgB-wXLQ_S7vsXVomSTVamuOXBiVAzpR5IZ87D0"
TXT : "docusign=05958488-4752-4ef2-95eb-aa7ba8a3bd0e"
TXT : "globalsign-smime-dv=CDYX+XFHUw2wml6/Gb8+59BsH31KzUr6c1l2BPvqKX8="
The DNS response does not contain an answer to the question: google.com. IN RP
The DNS response does not contain an answer to the question: google.com. IN AFSDB
The DNS response does not contain an answer to the question: google.com. IN X25
The DNS response does not contain an answer to the question: google.com. IN ISDN
The DNS response does not contain an answer to the question: google.com. IN RT
The DNS response does not contain an answer to the question: google.com. IN NSAP
The DNS response does not contain an answer to the question: google.com. IN NSAP-PTR
The DNS response does not contain an answer to the question: google.com. IN SIG
The DNS response does not contain an answer to the question: google.com. IN KEY
The DNS response does not contain an answer to the question: google.com. IN PX
The DNS response does not contain an answer to the question: google.com. IN GPOS
AAAA : 2a00:1450:4016:809::200e
The DNS response does not contain an answer to the question: google.com. IN LOC
The DNS response does not contain an answer to the question: google.com. IN NXT
The DNS response does not contain an answer to the question: google.com. IN SRV
The DNS response does not contain an answer to the question: google.com. IN NAPTR
The DNS response does not contain an answer to the question: google.com. IN KX
The DNS response does not contain an answer to the question: google.com. IN CERT
The DNS response does not contain an answer to the question: google.com. IN A6
The DNS response does not contain an answer to the question: google.com. IN DNAME
DNS metaqueries are not allowed.
The DNS response does not contain an answer to the question: google.com. IN APL
The DNS response does not contain an answer to the question: google.com. IN DS
The DNS response does not contain an answer to the question: google.com. IN SSHFP
The DNS response does not contain an answer to the question: google.com. IN IPSECKEY
The DNS response does not contain an answer to the question: google.com. IN RRSIG
The DNS response does not contain an answer to the question: google.com. IN NSEC
The DNS response does not contain an answer to the question: google.com. IN DNSKEY
The DNS response does not contain an answer to the question: google.com. IN DHCID
The DNS response does not contain an answer to the question: google.com. IN NSEC3
The DNS response does not contain an answer to the question: google.com. IN NSEC3PARAM
The DNS response does not contain an answer to the question: google.com. IN TLSA
The DNS response does not contain an answer to the question: google.com. IN HIP
The DNS response does not contain an answer to the question: google.com. IN CDS
The DNS response does not contain an answer to the question: google.com. IN CDNSKEY
The DNS response does not contain an answer to the question: google.com. IN CSYNC
The DNS response does not contain an answer to the question: google.com. IN SPF
The DNS response does not contain an answer to the question: google.com. IN UNSPEC
The DNS response does not contain an answer to the question: google.com. IN EUI48
The DNS response does not contain an answer to the question: google.com. IN EUI64
DNS metaqueries are not allowed.
DNS metaqueries are not allowed.
DNS metaqueries are not allowed.
DNS metaqueries are not allowed.
DNS metaqueries are not allowed.
DNS metaqueries are not allowed.
DNS metaqueries are not allowed.
The DNS response does not contain an answer to the question: google.com. IN URI
CAA : 0 issue "pki.goog"
The DNS response does not contain an answer to the question: google.com. IN TA
The DNS response does not contain an answer to the question: google.com. IN DLV
=== End of logs for 2a1df455e7643926739e934e910cbf2e ===
[2025-10-29 13:24:23] INFO: Container 812f6ea1b4da316f292c034982e6992a691cb5d67769542d15a475938223dece has stopped
