=== Docker Build Log for 1928063 ===
Started at: Mi 29. Okt 12:34:22 CET 2025

[2025-10-29 12:34:22] START: Building image for 1928063
#0 building with "default" instance using docker driver

#1 [internal] load build definition from Dockerfile
#1 transferring dockerfile: 200B done
#1 DONE 0.0s

#2 [internal] load metadata for docker.io/library/python:3.11
#2 DONE 0.0s

#3 [internal] load .dockerignore
#3 transferring context: 2B done
#3 DONE 0.0s

#4 [internal] load build context
#4 transferring context: 931B 0.0s done
#4 DONE 0.0s

#5 [1/4] FROM docker.io/library/python:3.11
#5 CACHED

#6 [2/4] COPY hard-gists/1928063/snippet.py /snippet.py
#6 DONE 0.1s

#7 [3/4] RUN ["pip","install","dj.choices"]
#7 1.910 Collecting dj.choices
#7 1.950   Downloading dj.choices-0.11.0.tar.gz (28 kB)
#7 1.969   Preparing metadata (setup.py): started
#7 2.359   Preparing metadata (setup.py): finished with status 'done'
#7 2.459 Collecting django (from dj.choices)
#7 2.468   Downloading django-5.2.7-py3-none-any.whl.metadata (4.1 kB)
#7 2.505 Collecting six (from dj.choices)
#7 2.513   Downloading six-1.17.0-py2.py3-none-any.whl.metadata (1.7 kB)
#7 2.561 Collecting asgiref>=3.8.1 (from django->dj.choices)
#7 2.570   Downloading asgiref-3.10.0-py3-none-any.whl.metadata (9.3 kB)
#7 2.609 Collecting sqlparse>=0.3.1 (from django->dj.choices)
#7 2.617   Downloading sqlparse-0.5.3-py3-none-any.whl.metadata (3.9 kB)
#7 2.642 Downloading django-5.2.7-py3-none-any.whl (8.3 MB)
#7 3.175    ━━━━━━━━━━━━━━━━━━━━━━━━━━━━━━━━━━━━━━━━ 8.3/8.3 MB 15.6 MB/s eta 0:00:00
#7 3.185 Downloading six-1.17.0-py2.py3-none-any.whl (11 kB)
#7 3.203 Downloading asgiref-3.10.0-py3-none-any.whl (24 kB)
#7 3.224 Downloading sqlparse-0.5.3-py3-none-any.whl (44 kB)
#7 3.235    ━━━━━━━━━━━━━━━━━━━━━━━━━━━━━━━━━━━━━━━━ 44.4/44.4 kB 3.9 MB/s eta 0:00:00
#7 3.272 Building wheels for collected packages: dj.choices
#7 3.273   Building wheel for dj.choices (setup.py): started
#7 3.437   Building wheel for dj.choices (setup.py): finished with status 'done'
#7 3.438   Created wheel for dj.choices: filename=dj_choices-0.11.0-py3-none-any.whl size=28716 sha256=91b6017750dad87271726a52b971c70ffe2c359a90f5a66d72e7deb99522b2dd
#7 3.438   Stored in directory: /root/.cache/pip/wheels/97/38/bd/4ca089ff8ffdead6a07e7af033d36d74a01ab7a37e70797942
#7 3.440 Successfully built dj.choices
#7 3.485 Installing collected packages: sqlparse, six, asgiref, django, dj.choices
#7 4.900 Successfully installed asgiref-3.10.0 dj.choices-0.11.0 django-5.2.7 six-1.17.0 sqlparse-0.5.3
#7 4.900 WARNING: Running pip as the 'root' user can result in broken permissions and conflicting behaviour with the system package manager. It is recommended to use a virtual environment instead: https://pip.pypa.io/warnings/venv
#7 4.994 
#7 4.994 [notice] A new release of pip is available: 24.0 -> 25.3
#7 4.994 [notice] To update, run: pip install --upgrade pip
#7 DONE 5.4s

#8 [4/4] RUN ["pip","install","Django"]
#8 0.421 Requirement already satisfied: Django in /usr/local/lib/python3.11/site-packages (5.2.7)
#8 0.425 Requirement already satisfied: asgiref>=3.8.1 in /usr/local/lib/python3.11/site-packages (from Django) (3.10.0)
#8 0.426 Requirement already satisfied: sqlparse>=0.3.1 in /usr/local/lib/python3.11/site-packages (from Django) (0.5.3)
#8 0.463 WARNING: Running pip as the 'root' user can result in broken permissions and conflicting behaviour with the system package manager. It is recommended to use a virtual environment instead: https://pip.pypa.io/warnings/venv
#8 0.468 
#8 0.468 [notice] A new release of pip is available: 24.0 -> 25.3
#8 0.468 [notice] To update, run: pip install --upgrade pip
#8 DONE 0.5s

#9 exporting to image
#9 exporting layers
#9 exporting layers 0.6s done
#9 writing image sha256:3cb75644376cb7793ef43ed2fb41e8ffd65f0ac054ef0944f27a2e1490ac4b05 done
#9 naming to docker.io/library/test-image-1928063 0.0s done
#9 DONE 0.6s

View build details: docker-desktop://dashboard/build/default/default/st1awc3i2jdr0l1uzt8oc1p6y
[2025-10-29 12:34:29] SUCCESS: Build completed for 1928063
