=== Docker Build Log for 1109153 ===
Started at: Mi 29. Okt 11:51:50 CET 2025

[2025-10-29 11:51:50] START: Building image for 1109153
#0 building with "default" instance using docker driver

#1 [internal] load build definition from Dockerfile
#1 transferring dockerfile: 174B done
#1 DONE 0.0s

#2 [internal] load metadata for docker.io/library/python:3.11
#2 DONE 0.0s

#3 [internal] load .dockerignore
#3 transferring context: 2B done
#3 DONE 0.0s

#4 [internal] load build context
#4 transferring context: 913B 0.0s done
#4 DONE 0.0s

#5 [1/3] FROM docker.io/library/python:3.11
#5 CACHED

#6 [2/3] COPY hard-gists/1109153/snippet.py /snippet.py
#6 DONE 0.1s

#7 [3/3] RUN ["pip","install","python-dateutil"]
#7 2.015 Collecting python-dateutil
#7 2.048   Downloading python_dateutil-2.9.0.post0-py2.py3-none-any.whl.metadata (8.4 kB)
#7 2.088 Collecting six>=1.5 (from python-dateutil)
#7 2.096   Downloading six-1.17.0-py2.py3-none-any.whl.metadata (1.7 kB)
#7 2.115 Downloading python_dateutil-2.9.0.post0-py2.py3-none-any.whl (229 kB)
#7 2.152    ━━━━━━━━━━━━━━━━━━━━━━━━━━━━━━━━━━━━━━━━ 229.9/229.9 kB 6.2 MB/s eta 0:00:00
#7 2.160 Downloading six-1.17.0-py2.py3-none-any.whl (11 kB)
#7 2.207 Installing collected packages: six, python-dateutil
#7 2.271 Successfully installed python-dateutil-2.9.0.post0 six-1.17.0
#7 2.272 WARNING: Running pip as the 'root' user can result in broken permissions and conflicting behaviour with the system package manager. It is recommended to use a virtual environment instead: https://pip.pypa.io/warnings/venv
#7 2.367 
#7 2.367 [notice] A new release of pip is available: 24.0 -> 25.3
#7 2.367 [notice] To update, run: pip install --upgrade pip
#7 DONE 2.5s

#8 exporting to image
#8 exporting layers 0.1s done
#8 writing image sha256:59b2a2be17ea882605b949045805acebac5b38a15496f7210ad635e8741e0b22 done
#8 naming to docker.io/library/test-image-1109153 done
#8 DONE 0.2s

View build details: docker-desktop://dashboard/build/default/default/s7l243cn7f6cc8nmqy6rvqqq9
[2025-10-29 11:51:53] SUCCESS: Build completed for 1109153
