=== Docker Build Log for 1545255 ===
Started at: Mi 29. Okt 12:18:19 CET 2025

[2025-10-29 12:18:19] START: Building image for 1545255
#0 building with "default" instance using docker driver

#1 [internal] load build definition from Dockerfile
#1 transferring dockerfile: 200B done
#1 DONE 0.0s

#2 [internal] load metadata for docker.io/library/python:3.11
#2 DONE 0.0s

#3 [internal] load .dockerignore
#3 transferring context: 2B done
#3 DONE 0.0s

#4 [internal] load build context
#4 transferring context: 1.19kB 0.0s done
#4 DONE 0.0s

#5 [1/4] FROM docker.io/library/python:3.11
#5 CACHED

#6 [2/4] COPY hard-gists/1545255/snippet.py /snippet.py
#6 DONE 0.1s

#7 [3/4] RUN ["pip","install","dj.choices"]
#7 1.899 Collecting dj.choices
#7 1.936   Downloading dj.choices-0.11.0.tar.gz (28 kB)
#7 1.952   Preparing metadata (setup.py): started
#7 2.364   Preparing metadata (setup.py): finished with status 'done'
#7 2.464 Collecting django (from dj.choices)
#7 2.478   Downloading django-5.2.7-py3-none-any.whl.metadata (4.1 kB)
#7 2.519 Collecting six (from dj.choices)
#7 2.527   Downloading six-1.17.0-py2.py3-none-any.whl.metadata (1.7 kB)
#7 2.585 Collecting asgiref>=3.8.1 (from django->dj.choices)
#7 2.594   Downloading asgiref-3.10.0-py3-none-any.whl.metadata (9.3 kB)
#7 2.643 Collecting sqlparse>=0.3.1 (from django->dj.choices)
#7 2.652   Downloading sqlparse-0.5.3-py3-none-any.whl.metadata (3.9 kB)
#7 2.832 Downloading django-5.2.7-py3-none-any.whl (8.3 MB)
#7 3.355    ━━━━━━━━━━━━━━━━━━━━━━━━━━━━━━━━━━━━━━━━ 8.3/8.3 MB 15.9 MB/s eta 0:00:00
#7 3.365 Downloading six-1.17.0-py2.py3-none-any.whl (11 kB)
#7 3.383 Downloading asgiref-3.10.0-py3-none-any.whl (24 kB)
#7 3.401 Downloading sqlparse-0.5.3-py3-none-any.whl (44 kB)
#7 3.413    ━━━━━━━━━━━━━━━━━━━━━━━━━━━━━━━━━━━━━━━━ 44.4/44.4 kB 3.6 MB/s eta 0:00:00
#7 3.448 Building wheels for collected packages: dj.choices
#7 3.449   Building wheel for dj.choices (setup.py): started
#7 3.633   Building wheel for dj.choices (setup.py): finished with status 'done'
#7 3.633   Created wheel for dj.choices: filename=dj_choices-0.11.0-py3-none-any.whl size=28716 sha256=85a4bc2fdcb0d52e2b09d7612669b0ce29bd440d8dc55148ed139553b3c63a5d
#7 3.633   Stored in directory: /root/.cache/pip/wheels/97/38/bd/4ca089ff8ffdead6a07e7af033d36d74a01ab7a37e70797942
#7 3.635 Successfully built dj.choices
#7 3.681 Installing collected packages: sqlparse, six, asgiref, django, dj.choices
#7 5.087 Successfully installed asgiref-3.10.0 dj.choices-0.11.0 django-5.2.7 six-1.17.0 sqlparse-0.5.3
#7 5.087 WARNING: Running pip as the 'root' user can result in broken permissions and conflicting behaviour with the system package manager. It is recommended to use a virtual environment instead: https://pip.pypa.io/warnings/venv
#7 5.180 
#7 5.180 [notice] A new release of pip is available: 24.0 -> 25.3
#7 5.180 [notice] To update, run: pip install --upgrade pip
#7 DONE 5.7s

#8 [4/4] RUN ["pip","install","Django"]
#8 0.425 Requirement already satisfied: Django in /usr/local/lib/python3.11/site-packages (5.2.7)
#8 0.429 Requirement already satisfied: asgiref>=3.8.1 in /usr/local/lib/python3.11/site-packages (from Django) (3.10.0)
#8 0.430 Requirement already satisfied: sqlparse>=0.3.1 in /usr/local/lib/python3.11/site-packages (from Django) (0.5.3)
#8 0.469 WARNING: Running pip as the 'root' user can result in broken permissions and conflicting behaviour with the system package manager. It is recommended to use a virtual environment instead: https://pip.pypa.io/warnings/venv
#8 0.473 
#8 0.473 [notice] A new release of pip is available: 24.0 -> 25.3
#8 0.473 [notice] To update, run: pip install --upgrade pip
#8 DONE 0.6s

#9 exporting to image
#9 exporting layers
#9 exporting layers 0.6s done
#9 writing image sha256:f1e503b8c3dc54013dace46b74c3df6cb630718b4f117de59df00c7dc5385e5d done
#9 naming to docker.io/library/test-image-1545255 0.0s done
#9 DONE 0.6s

View build details: docker-desktop://dashboard/build/default/default/mudlff34ux9mv2g66bsuvi6js
[2025-10-29 12:18:26] SUCCESS: Build completed for 1545255
