=== Docker Build Log for 7025496 ===
Started at: Mi 29. Okt 16:58:00 CET 2025

[2025-10-29 16:58:00] START: Building image for 7025496
#0 building with "default" instance using docker driver

#1 [internal] load build definition from Dockerfile
#1 transferring dockerfile: 234B done
#1 DONE 0.0s

#2 [internal] load metadata for docker.io/library/python:3.11
#2 DONE 0.0s

#3 [internal] load .dockerignore
#3 transferring context: 2B done
#3 DONE 0.0s

#4 [internal] load build context
#4 transferring context: 2.26kB 0.0s done
#4 DONE 0.0s

#5 [1/5] FROM docker.io/library/python:3.11
#5 CACHED

#6 [2/5] COPY hard-gists/7025496/snippet.py /snippet.py
#6 DONE 0.1s

#7 [3/5] RUN ["pip","install","dj.choices"]
#7 1.990 Collecting dj.choices
#7 2.046   Downloading dj.choices-0.11.0.tar.gz (28 kB)
#7 2.063   Preparing metadata (setup.py): started
#7 2.458   Preparing metadata (setup.py): finished with status 'done'
#7 2.570 Collecting django (from dj.choices)
#7 2.598   Downloading django-5.2.7-py3-none-any.whl.metadata (4.1 kB)
#7 2.640 Collecting six (from dj.choices)
#7 2.649   Downloading six-1.17.0-py2.py3-none-any.whl.metadata (1.7 kB)
#7 2.697 Collecting asgiref>=3.8.1 (from django->dj.choices)
#7 2.705   Downloading asgiref-3.10.0-py3-none-any.whl.metadata (9.3 kB)
#7 2.753 Collecting sqlparse>=0.3.1 (from django->dj.choices)
#7 2.761   Downloading sqlparse-0.5.3-py3-none-any.whl.metadata (3.9 kB)
#7 2.784 Downloading django-5.2.7-py3-none-any.whl (8.3 MB)
#7 3.117    ━━━━━━━━━━━━━━━━━━━━━━━━━━━━━━━━━━━━━━━━ 8.3/8.3 MB 25.1 MB/s eta 0:00:00
#7 3.126 Downloading six-1.17.0-py2.py3-none-any.whl (11 kB)
#7 3.143 Downloading asgiref-3.10.0-py3-none-any.whl (24 kB)
#7 3.160 Downloading sqlparse-0.5.3-py3-none-any.whl (44 kB)
#7 3.170    ━━━━━━━━━━━━━━━━━━━━━━━━━━━━━━━━━━━━━━━━ 44.4/44.4 kB 3.8 MB/s eta 0:00:00
#7 3.210 Building wheels for collected packages: dj.choices
#7 3.210   Building wheel for dj.choices (setup.py): started
#7 3.398   Building wheel for dj.choices (setup.py): finished with status 'done'
#7 3.398   Created wheel for dj.choices: filename=dj_choices-0.11.0-py3-none-any.whl size=28716 sha256=17aeb96360ef1cb37add6d6ab9f87dfb2f0c0b6b28fa3efd53260c41671ed05c
#7 3.398   Stored in directory: /root/.cache/pip/wheels/97/38/bd/4ca089ff8ffdead6a07e7af033d36d74a01ab7a37e70797942
#7 3.400 Successfully built dj.choices
#7 3.450 Installing collected packages: sqlparse, six, asgiref, django, dj.choices
#7 5.078 Successfully installed asgiref-3.10.0 dj.choices-0.11.0 django-5.2.7 six-1.17.0 sqlparse-0.5.3
#7 5.079 WARNING: Running pip as the 'root' user can result in broken permissions and conflicting behaviour with the system package manager. It is recommended to use a virtual environment instead: https://pip.pypa.io/warnings/venv
#7 5.175 
#7 5.175 [notice] A new release of pip is available: 24.0 -> 25.3
#7 5.175 [notice] To update, run: pip install --upgrade pip
#7 DONE 5.8s

#8 [4/5] RUN ["pip","install","Django"]
#8 0.493 Requirement already satisfied: Django in /usr/local/lib/python3.11/site-packages (5.2.7)
#8 0.497 Requirement already satisfied: asgiref>=3.8.1 in /usr/local/lib/python3.11/site-packages (from Django) (3.10.0)
#8 0.498 Requirement already satisfied: sqlparse>=0.3.1 in /usr/local/lib/python3.11/site-packages (from Django) (0.5.3)
#8 0.546 WARNING: Running pip as the 'root' user can result in broken permissions and conflicting behaviour with the system package manager. It is recommended to use a virtual environment instead: https://pip.pypa.io/warnings/venv
#8 0.552 
#8 0.552 [notice] A new release of pip is available: 24.0 -> 25.3
#8 0.552 [notice] To update, run: pip install --upgrade pip
#8 DONE 0.6s

#9 [5/5] RUN ["pip","install","django_db"]
#9 0.658 Collecting django_db
#9 0.692   Downloading django_db-0.0.7.tar.gz (1.7 kB)
#9 0.704   Preparing metadata (setup.py): started
#9 0.824   Preparing metadata (setup.py): finished with status 'done'
#9 0.826 Requirement already satisfied: django in /usr/local/lib/python3.11/site-packages (from django_db) (5.2.7)
#9 0.862 Collecting pymysql (from django_db)
#9 0.872   Downloading pymysql-1.1.2-py3-none-any.whl.metadata (4.3 kB)
#9 0.885 Requirement already satisfied: asgiref>=3.8.1 in /usr/local/lib/python3.11/site-packages (from django->django_db) (3.10.0)
#9 0.886 Requirement already satisfied: sqlparse>=0.3.1 in /usr/local/lib/python3.11/site-packages (from django->django_db) (0.5.3)
#9 0.902 Downloading pymysql-1.1.2-py3-none-any.whl (45 kB)
#9 0.920    ━━━━━━━━━━━━━━━━━━━━━━━━━━━━━━━━━━━━━━━━ 45.3/45.3 kB 2.3 MB/s eta 0:00:00
#9 0.924 Building wheels for collected packages: django_db
#9 0.929   Building wheel for django_db (setup.py): started
#9 1.077   Building wheel for django_db (setup.py): finished with status 'done'
#9 1.077   Created wheel for django_db: filename=django_db-0.0.7-py3-none-any.whl size=2255 sha256=931bb5b2ff69a674d9a63817178413a6b3c47ed03aea5f609f79d59affcfa0b1
#9 1.078   Stored in directory: /root/.cache/pip/wheels/f7/0e/96/7f32f483dc1709e3218e0b811ef87a1457795bc45d221f1ac2
#9 1.079 Successfully built django_db
#9 1.120 Installing collected packages: pymysql, django_db
#9 1.181 Successfully installed django_db-0.0.7 pymysql-1.1.2
#9 1.181 WARNING: Running pip as the 'root' user can result in broken permissions and conflicting behaviour with the system package manager. It is recommended to use a virtual environment instead: https://pip.pypa.io/warnings/venv
#9 1.186 
#9 1.186 [notice] A new release of pip is available: 24.0 -> 25.3
#9 1.186 [notice] To update, run: pip install --upgrade pip
#9 DONE 1.3s

#10 exporting to image
#10 exporting layers
#10 exporting layers 0.6s done
#10 writing image sha256:0e5b25eade0f695a140874783bd7a92950028055b292b7a1a57e89fe487da1cb done
#10 naming to docker.io/library/test-image-7025496 done
#10 DONE 0.6s

View build details: docker-desktop://dashboard/build/default/default/0jyrlzukc6iaogt6jbirsrevn
[2025-10-29 16:58:09] SUCCESS: Build completed for 7025496
