=== Docker Build Log for 3a094e0218bc91f0e2d4 ===
Started at: Mi 29. Okt 14:10:02 CET 2025

[2025-10-29 14:10:02] START: Building image for 3a094e0218bc91f0e2d4
#0 building with "default" instance using docker driver

#1 [internal] load build definition from Dockerfile
#1 transferring dockerfile: 145B done
#1 DONE 0.0s

#2 [internal] load metadata for docker.io/library/python:3.11
#2 DONE 0.0s

#3 [internal] load .dockerignore
#3 transferring context: 2B done
#3 DONE 0.0s

#4 [internal] load build context
#4 transferring context: 3.77kB 0.0s done
#4 DONE 0.0s

#5 [1/2] FROM docker.io/library/python:3.11
#5 CACHED

#6 [2/2] COPY hard-gists/3a094e0218bc91f0e2d4/snippet.py /snippet.py
#6 DONE 0.1s

#7 exporting to image
#7 exporting layers 0.0s done
#7 writing image sha256:e3651591e29c071d09d77e3dccdc3c1318b00f23b4032a9bb3063a689bf820f3 done
#7 naming to docker.io/library/test-image-3a094e0218bc91f0e2d4 done
#7 DONE 0.1s

View build details: docker-desktop://dashboard/build/default/default/z4uhfsg9zafa4i1nvnatpfq38
[2025-10-29 14:10:03] SUCCESS: Build completed for 3a094e0218bc91f0e2d4
