=== Docker Build Log for 9722045 ===
Started at: Mi 29. Okt 18:31:26 CET 2025

[2025-10-29 18:31:26] START: Building image for 9722045
#0 building with "default" instance using docker driver

#1 [internal] load build definition from Dockerfile
#1 transferring dockerfile: 132B done
#1 DONE 0.0s

#2 [internal] load metadata for docker.io/library/python:3.11
#2 DONE 0.0s

#3 [internal] load .dockerignore
#3 transferring context: 2B done
#3 DONE 0.0s

#4 [internal] load build context
#4 transferring context: 8.89kB 0.0s done
#4 DONE 0.0s

#5 [1/2] FROM docker.io/library/python:3.11
#5 CACHED

#6 [2/2] COPY hard-gists/9722045/snippet.py /snippet.py
#6 DONE 0.1s

#7 exporting to image
#7 exporting layers 0.1s done
#7 writing image sha256:67ffd0938b125a0583c883d0f6007f1a16e06fe6b54dbac9e6cc7103d5608950 done
#7 naming to docker.io/library/test-image-9722045 done
#7 DONE 0.1s

View build details: docker-desktop://dashboard/build/default/default/l5f8s5hhj2w0aehps4ih4u89u
[2025-10-29 18:31:27] SUCCESS: Build completed for 9722045
