=== Docker Build Log for 5028413 ===
Started at: Mi 29. Okt 15:19:07 CET 2025

[2025-10-29 15:19:07] START: Building image for 5028413
#0 building with "default" instance using docker driver

#1 [internal] load build definition from Dockerfile
#1 transferring dockerfile: 234B done
#1 DONE 0.0s

#2 [internal] load metadata for docker.io/library/python:3.11
#2 DONE 0.0s

#3 [internal] load .dockerignore
#3 transferring context: 2B done
#3 DONE 0.0s

#4 [internal] load build context
#4 transferring context: 1.52kB 0.0s done
#4 DONE 0.0s

#5 [1/5] FROM docker.io/library/python:3.11
#5 CACHED

#6 [2/5] COPY hard-gists/5028413/snippet.py /snippet.py
#6 DONE 0.1s

#7 [3/5] RUN ["pip","install","dj.choices"]
#7 1.965 Collecting dj.choices
#7 1.998   Downloading dj.choices-0.11.0.tar.gz (28 kB)
#7 2.017   Preparing metadata (setup.py): started
#7 2.405   Preparing metadata (setup.py): finished with status 'done'
#7 2.522 Collecting django (from dj.choices)
#7 2.547   Downloading django-5.2.7-py3-none-any.whl.metadata (4.1 kB)
#7 2.587 Collecting six (from dj.choices)
#7 2.595   Downloading six-1.17.0-py2.py3-none-any.whl.metadata (1.7 kB)
#7 2.644 Collecting asgiref>=3.8.1 (from django->dj.choices)
#7 2.652   Downloading asgiref-3.10.0-py3-none-any.whl.metadata (9.3 kB)
#7 2.690 Collecting sqlparse>=0.3.1 (from django->dj.choices)
#7 2.698   Downloading sqlparse-0.5.3-py3-none-any.whl.metadata (3.9 kB)
#7 2.726 Downloading django-5.2.7-py3-none-any.whl (8.3 MB)
#7 3.051    ━━━━━━━━━━━━━━━━━━━━━━━━━━━━━━━━━━━━━━━━ 8.3/8.3 MB 25.8 MB/s eta 0:00:00
#7 3.060 Downloading six-1.17.0-py2.py3-none-any.whl (11 kB)
#7 3.082 Downloading asgiref-3.10.0-py3-none-any.whl (24 kB)
#7 3.104 Downloading sqlparse-0.5.3-py3-none-any.whl (44 kB)
#7 3.120    ━━━━━━━━━━━━━━━━━━━━━━━━━━━━━━━━━━━━━━━━ 44.4/44.4 kB 2.4 MB/s eta 0:00:00
#7 3.158 Building wheels for collected packages: dj.choices
#7 3.159   Building wheel for dj.choices (setup.py): started
#7 3.353   Building wheel for dj.choices (setup.py): finished with status 'done'
#7 3.354   Created wheel for dj.choices: filename=dj_choices-0.11.0-py3-none-any.whl size=28716 sha256=ca4b0fcb549e535d5c28643ed30e0664f0b231e9912dc682373baf21418f53b2
#7 3.354   Stored in directory: /root/.cache/pip/wheels/97/38/bd/4ca089ff8ffdead6a07e7af033d36d74a01ab7a37e70797942
#7 3.356 Successfully built dj.choices
#7 3.406 Installing collected packages: sqlparse, six, asgiref, django, dj.choices
#7 4.861 Successfully installed asgiref-3.10.0 dj.choices-0.11.0 django-5.2.7 six-1.17.0 sqlparse-0.5.3
#7 4.862 WARNING: Running pip as the 'root' user can result in broken permissions and conflicting behaviour with the system package manager. It is recommended to use a virtual environment instead: https://pip.pypa.io/warnings/venv
#7 4.953 
#7 4.953 [notice] A new release of pip is available: 24.0 -> 25.3
#7 4.953 [notice] To update, run: pip install --upgrade pip
#7 DONE 5.4s

#8 [4/5] RUN ["pip","install","Django"]
#8 0.448 Requirement already satisfied: Django in /usr/local/lib/python3.11/site-packages (5.2.7)
#8 0.452 Requirement already satisfied: asgiref>=3.8.1 in /usr/local/lib/python3.11/site-packages (from Django) (3.10.0)
#8 0.453 Requirement already satisfied: sqlparse>=0.3.1 in /usr/local/lib/python3.11/site-packages (from Django) (0.5.3)
#8 0.493 WARNING: Running pip as the 'root' user can result in broken permissions and conflicting behaviour with the system package manager. It is recommended to use a virtual environment instead: https://pip.pypa.io/warnings/venv
#8 0.498 
#8 0.498 [notice] A new release of pip is available: 24.0 -> 25.3
#8 0.498 [notice] To update, run: pip install --upgrade pip
#8 DONE 0.6s

#9 [5/5] RUN ["pip","install","django_db"]
#9 0.654 Collecting django_db
#9 0.689   Downloading django_db-0.0.7.tar.gz (1.7 kB)
#9 0.701   Preparing metadata (setup.py): started
#9 0.819   Preparing metadata (setup.py): finished with status 'done'
#9 0.822 Requirement already satisfied: django in /usr/local/lib/python3.11/site-packages (from django_db) (5.2.7)
#9 0.858 Collecting pymysql (from django_db)
#9 0.868   Downloading pymysql-1.1.2-py3-none-any.whl.metadata (4.3 kB)
#9 0.882 Requirement already satisfied: asgiref>=3.8.1 in /usr/local/lib/python3.11/site-packages (from django->django_db) (3.10.0)
#9 0.883 Requirement already satisfied: sqlparse>=0.3.1 in /usr/local/lib/python3.11/site-packages (from django->django_db) (0.5.3)
#9 0.903 Downloading pymysql-1.1.2-py3-none-any.whl (45 kB)
#9 0.919    ━━━━━━━━━━━━━━━━━━━━━━━━━━━━━━━━━━━━━━━━ 45.3/45.3 kB 2.5 MB/s eta 0:00:00
#9 0.924 Building wheels for collected packages: django_db
#9 0.928   Building wheel for django_db (setup.py): started
#9 1.076   Building wheel for django_db (setup.py): finished with status 'done'
#9 1.077   Created wheel for django_db: filename=django_db-0.0.7-py3-none-any.whl size=2255 sha256=dd06bfb74af70be3f6f6f620ae916d5da736949bcc92c0a6c0cb4ea0698dbb7d
#9 1.077   Stored in directory: /root/.cache/pip/wheels/f7/0e/96/7f32f483dc1709e3218e0b811ef87a1457795bc45d221f1ac2
#9 1.079 Successfully built django_db
#9 1.119 Installing collected packages: pymysql, django_db
#9 1.194 Successfully installed django_db-0.0.7 pymysql-1.1.2
#9 1.195 WARNING: Running pip as the 'root' user can result in broken permissions and conflicting behaviour with the system package manager. It is recommended to use a virtual environment instead: https://pip.pypa.io/warnings/venv
#9 1.205 
#9 1.205 [notice] A new release of pip is available: 24.0 -> 25.3
#9 1.205 [notice] To update, run: pip install --upgrade pip
#9 DONE 1.3s

#10 exporting to image
#10 exporting layers
#10 exporting layers 0.7s done
#10 writing image sha256:3f290384ee631b4d4d414320b5c16dfee04e8bac3d5dcd92d766e8da41a7f4e7 done
#10 naming to docker.io/library/test-image-5028413 done
#10 DONE 0.7s

View build details: docker-desktop://dashboard/build/default/default/2p409375l8i8mis4rjkti4of3
[2025-10-29 15:19:16] SUCCESS: Build completed for 5028413
