=== Docker Build Log for a56421d26afb1f728a2b5959ce1c4486 ===
Started at: Mi 29. Okt 18:55:42 CET 2025

[2025-10-29 18:55:42] START: Building image for a56421d26afb1f728a2b5959ce1c4486
#0 building with "default" instance using docker driver

#1 [internal] load build definition from Dockerfile
#1 transferring dockerfile: 220B done
#1 DONE 0.0s

#2 [internal] load metadata for docker.io/library/python:3.11
#2 DONE 0.0s

#3 [internal] load .dockerignore
#3 transferring context: 2B done
#3 DONE 0.0s

#4 [internal] load build context
#4 transferring context: 1.13kB 0.0s done
#4 DONE 0.0s

#5 [1/4] FROM docker.io/library/python:3.11
#5 CACHED

#6 [2/4] COPY hard-gists/a56421d26afb1f728a2b5959ce1c4486/snippet.py /snippet.py
#6 DONE 0.1s

#7 [3/4] RUN ["pip","install","hyp"]
#7 2.253 Collecting hyp
#7 2.405   Downloading hyp-1.0.0.tar.gz (3.6 kB)
#7 2.430   Preparing metadata (setup.py): started
#7 2.815   Preparing metadata (setup.py): finished with status 'done'
#7 2.949 Collecting schematics==0.9-4 (from hyp)
#7 3.086   Downloading schematics-0.9-4.tar.gz (51 kB)
#7 3.108      ━━━━━━━━━━━━━━━━━━━━━━━━━━━━━━━━━━━━━━━━ 51.5/51.5 kB 2.0 MB/s eta 0:00:00
#7 3.117   Preparing metadata (setup.py): started
#7 3.230   Preparing metadata (setup.py): finished with status 'done'
#7 3.258 Collecting inflection==0.2.0 (from hyp)
#7 3.364   Downloading inflection-0.2.0.tar.gz (8.2 kB)
#7 3.380   Preparing metadata (setup.py): started
#7 3.488   Preparing metadata (setup.py): finished with status 'done'
#7 3.550 Collecting marshmallow==0.5.2 (from hyp)
#7 3.659   Downloading marshmallow-0.5.2-py2.py3-none-any.whl.metadata (8.5 kB)
#7 3.780 Downloading marshmallow-0.5.2-py2.py3-none-any.whl (25 kB)
#7 3.794 Building wheels for collected packages: hyp, inflection, schematics
#7 3.795   Building wheel for hyp (setup.py): started
#7 3.948   Building wheel for hyp (setup.py): finished with status 'done'
#7 3.949   Created wheel for hyp: filename=hyp-1.0.0-py3-none-any.whl size=4688 sha256=775dfb172d69e521c66c4cb1615967297725b0b2bc3dcd072635eb45ad866678
#7 3.949   Stored in directory: /root/.cache/pip/wheels/02/3f/10/48de301f252ae8d21ef0c15cefbe879fb08d47f20c489c3487
#7 3.950   Building wheel for inflection (setup.py): started
#7 4.084   Building wheel for inflection (setup.py): finished with status 'done'
#7 4.085   Created wheel for inflection: filename=inflection-0.2.0-py3-none-any.whl size=5843 sha256=bade9bffdbccb7f0e2ba5ff38074b1dbcfafe4aa98c5374f7bab094bbed89bc4
#7 4.085   Stored in directory: /root/.cache/pip/wheels/10/57/2d/ef5cb1c384ef9daaec1eb51e2761461323803f6c1669f25612
#7 4.086   Building wheel for schematics (setup.py): started
#7 4.229   Building wheel for schematics (setup.py): finished with status 'done'
#7 4.230   Created wheel for schematics: filename=schematics-0.9.post4-py3-none-any.whl size=24621 sha256=3c104c90e6396a6d826fcb22a5d1c37aba651e938bf8de90bf67bd2b9dceab23
#7 4.230   Stored in directory: /root/.cache/pip/wheels/b9/c3/11/8df25d612135d5d94221dbf9962637450f6cad4fdb9f3f04f9
#7 4.231 Successfully built hyp inflection schematics
#7 4.264 Installing collected packages: schematics, marshmallow, inflection, hyp
#7 4.332 Successfully installed hyp-1.0.0 inflection-0.2.0 marshmallow-0.5.2 schematics-0.9.post4
#7 4.332 WARNING: Running pip as the 'root' user can result in broken permissions and conflicting behaviour with the system package manager. It is recommended to use a virtual environment instead: https://pip.pypa.io/warnings/venv
#7 4.432 
#7 4.432 [notice] A new release of pip is available: 24.0 -> 25.3
#7 4.432 [notice] To update, run: pip install --upgrade pip
#7 DONE 4.7s

#8 [4/4] RUN ["pip","install","hyperopt"]
#8 0.499 Collecting hyperopt
#8 0.536   Downloading hyperopt-0.2.7-py2.py3-none-any.whl.metadata (1.7 kB)
#8 0.761 Collecting numpy (from hyperopt)
#8 0.772   Downloading numpy-2.3.4-cp311-cp311-manylinux_2_27_x86_64.manylinux_2_28_x86_64.whl.metadata (62 kB)
#8 0.802      ━━━━━━━━━━━━━━━━━━━━━━━━━━━━━━━━━━━━━━━━ 62.1/62.1 kB 2.1 MB/s eta 0:00:00
#8 0.945 Collecting scipy (from hyperopt)
#8 0.959   Downloading scipy-1.16.3-cp311-cp311-manylinux2014_x86_64.manylinux_2_17_x86_64.whl.metadata (62 kB)
#8 0.982      ━━━━━━━━━━━━━━━━━━━━━━━━━━━━━━━━━━━━━━━━ 62.0/62.0 kB 2.6 MB/s eta 0:00:00
#8 1.017 Collecting six (from hyperopt)
#8 1.027   Downloading six-1.17.0-py2.py3-none-any.whl.metadata (1.7 kB)
#8 1.081 Collecting networkx>=2.2 (from hyperopt)
#8 1.089   Downloading networkx-3.5-py3-none-any.whl.metadata (6.3 kB)
#8 1.129 Collecting future (from hyperopt)
#8 1.138   Downloading future-1.0.0-py3-none-any.whl.metadata (4.0 kB)
#8 1.218 Collecting tqdm (from hyperopt)
#8 1.229   Downloading tqdm-4.67.1-py3-none-any.whl.metadata (57 kB)
#8 1.243      ━━━━━━━━━━━━━━━━━━━━━━━━━━━━━━━━━━━━━━━━ 57.7/57.7 kB 4.7 MB/s eta 0:00:00
#8 1.277 Collecting cloudpickle (from hyperopt)
#8 1.285   Downloading cloudpickle-3.1.1-py3-none-any.whl.metadata (7.1 kB)
#8 1.329 Collecting py4j (from hyperopt)
#8 1.338   Downloading py4j-0.10.9.9-py2.py3-none-any.whl.metadata (1.3 kB)
#8 1.424 Downloading hyperopt-0.2.7-py2.py3-none-any.whl (1.6 MB)
#8 1.545    ━━━━━━━━━━━━━━━━━━━━━━━━━━━━━━━━━━━━━━━━ 1.6/1.6 MB 13.2 MB/s eta 0:00:00
#8 1.556 Downloading networkx-3.5-py3-none-any.whl (2.0 MB)
#8 1.703    ━━━━━━━━━━━━━━━━━━━━━━━━━━━━━━━━━━━━━━━━ 2.0/2.0 MB 13.9 MB/s eta 0:00:00
#8 1.714 Downloading cloudpickle-3.1.1-py3-none-any.whl (20 kB)
#8 1.738 Downloading future-1.0.0-py3-none-any.whl (491 kB)
#8 1.773    ━━━━━━━━━━━━━━━━━━━━━━━━━━━━━━━━━━━━━━━━ 491.3/491.3 kB 14.3 MB/s eta 0:00:00
#8 1.784 Downloading numpy-2.3.4-cp311-cp311-manylinux_2_27_x86_64.manylinux_2_28_x86_64.whl (16.9 MB)
#8 2.894    ━━━━━━━━━━━━━━━━━━━━━━━━━━━━━━━━━━━━━━━━ 16.9/16.9 MB 14.0 MB/s eta 0:00:00
#8 2.906 Downloading py4j-0.10.9.9-py2.py3-none-any.whl (203 kB)
#8 2.926    ━━━━━━━━━━━━━━━━━━━━━━━━━━━━━━━━━━━━━━━━ 203.0/203.0 kB 10.5 MB/s eta 0:00:00
#8 2.936 Downloading scipy-1.16.3-cp311-cp311-manylinux2014_x86_64.manylinux_2_17_x86_64.whl (35.9 MB)
#8 5.517    ━━━━━━━━━━━━━━━━━━━━━━━━━━━━━━━━━━━━━━━━ 35.9/35.9 MB 11.2 MB/s eta 0:00:00
#8 5.527 Downloading six-1.17.0-py2.py3-none-any.whl (11 kB)
#8 5.548 Downloading tqdm-4.67.1-py3-none-any.whl (78 kB)
#8 5.563    ━━━━━━━━━━━━━━━━━━━━━━━━━━━━━━━━━━━━━━━━ 78.5/78.5 kB 5.1 MB/s eta 0:00:00
#8 5.780 Installing collected packages: py4j, tqdm, six, numpy, networkx, future, cloudpickle, scipy, hyperopt
#8 11.00 Successfully installed cloudpickle-3.1.1 future-1.0.0 hyperopt-0.2.7 networkx-3.5 numpy-2.3.4 py4j-0.10.9.9 scipy-1.16.3 six-1.17.0 tqdm-4.67.1
#8 11.00 WARNING: Running pip as the 'root' user can result in broken permissions and conflicting behaviour with the system package manager. It is recommended to use a virtual environment instead: https://pip.pypa.io/warnings/venv
#8 11.00 
#8 11.00 [notice] A new release of pip is available: 24.0 -> 25.3
#8 11.00 [notice] To update, run: pip install --upgrade pip
#8 DONE 13.0s

#9 exporting to image
#9 exporting layers
#9 exporting layers 1.2s done
#9 writing image sha256:8fe22f7735e737c6b03a71a401f1834c00d8427c05fdd21188aacabc79df8856 done
#9 naming to docker.io/library/test-image-a56421d26afb1f728a2b5959ce1c4486 done
#9 DONE 1.2s

View build details: docker-desktop://dashboard/build/default/default/qz0zie63g6zurjznd5l5l4q6t
[2025-10-29 18:56:01] SUCCESS: Build completed for a56421d26afb1f728a2b5959ce1c4486
