=== Docker Build Log for 2620735 ===
Started at: Mi 29. Okt 13:09:52 CET 2025

[2025-10-29 13:09:52] START: Building image for 2620735
#0 building with "default" instance using docker driver

#1 [internal] load build definition from Dockerfile
#1 transferring dockerfile: 132B done
#1 DONE 0.0s

#2 [internal] load metadata for docker.io/library/python:3.11
#2 DONE 0.0s

#3 [internal] load .dockerignore
#3 transferring context: 2B done
#3 DONE 0.0s

#4 [internal] load build context
#4 transferring context: 6.01kB 0.0s done
#4 DONE 0.0s

#5 [1/2] FROM docker.io/library/python:3.11
#5 CACHED

#6 [2/2] COPY hard-gists/2620735/snippet.py /snippet.py
#6 DONE 0.1s

#7 exporting to image
#7 exporting layers 0.1s done
#7 writing image sha256:0ca41844b6e91eeaf031e336b69754fae0b47e1ab55ad8e9cddc2b0cf9d49fb1 done
#7 naming to docker.io/library/test-image-2620735 done
#7 DONE 0.1s

View build details: docker-desktop://dashboard/build/default/default/x2t9vi2rjinv7tkiycfxqknha
[2025-10-29 13:09:53] SUCCESS: Build completed for 2620735
