=== Docker Build Log for f7fdb8284643b1c175a9 ===
Started at: Mi 29. Okt 21:29:28 CET 2025

[2025-10-29 21:29:28] START: Building image for f7fdb8284643b1c175a9
#0 building with "default" instance using docker driver

#1 [internal] load build definition from Dockerfile
#1 transferring dockerfile: 180B done
#1 DONE 0.0s

#2 [internal] load metadata for docker.io/library/python:3.11
#2 DONE 0.0s

#3 [internal] load .dockerignore
#3 transferring context: 2B done
#3 DONE 0.0s

#4 [internal] load build context
#4 transferring context: 5.14kB 0.0s done
#4 DONE 0.0s

#5 [1/3] FROM docker.io/library/python:3.11
#5 CACHED

#6 [2/3] COPY hard-gists/f7fdb8284643b1c175a9/snippet.py /snippet.py
#6 DONE 0.1s

#7 [3/3] RUN ["pip","install","requests"]
#7 1.936 Collecting requests
#7 1.983   Downloading requests-2.32.5-py3-none-any.whl.metadata (4.9 kB)
#7 2.108 Collecting charset_normalizer<4,>=2 (from requests)
#7 2.117   Downloading charset_normalizer-3.4.4-cp311-cp311-manylinux2014_x86_64.manylinux_2_17_x86_64.manylinux_2_28_x86_64.whl.metadata (37 kB)
#7 2.163 Collecting idna<4,>=2.5 (from requests)
#7 2.178   Downloading idna-3.11-py3-none-any.whl.metadata (8.4 kB)
#7 2.238 Collecting urllib3<3,>=1.21.1 (from requests)
#7 2.247   Downloading urllib3-2.5.0-py3-none-any.whl.metadata (6.5 kB)
#7 2.291 Collecting certifi>=2017.4.17 (from requests)
#7 2.308   Downloading certifi-2025.10.5-py3-none-any.whl.metadata (2.5 kB)
#7 2.338 Downloading requests-2.32.5-py3-none-any.whl (64 kB)
#7 2.357    ━━━━━━━━━━━━━━━━━━━━━━━━━━━━━━━━━━━━━━━━ 64.7/64.7 kB 3.6 MB/s eta 0:00:00
#7 2.371 Downloading certifi-2025.10.5-py3-none-any.whl (163 kB)
#7 2.409    ━━━━━━━━━━━━━━━━━━━━━━━━━━━━━━━━━━━━━━━━ 163.3/163.3 kB 4.2 MB/s eta 0:00:00
#7 2.419 Downloading charset_normalizer-3.4.4-cp311-cp311-manylinux2014_x86_64.manylinux_2_17_x86_64.manylinux_2_28_x86_64.whl (151 kB)
#7 2.438    ━━━━━━━━━━━━━━━━━━━━━━━━━━━━━━━━━━━━━━━━ 151.6/151.6 kB 8.3 MB/s eta 0:00:00
#7 2.447 Downloading idna-3.11-py3-none-any.whl (71 kB)
#7 2.461    ━━━━━━━━━━━━━━━━━━━━━━━━━━━━━━━━━━━━━━━━ 71.0/71.0 kB 4.6 MB/s eta 0:00:00
#7 2.471 Downloading urllib3-2.5.0-py3-none-any.whl (129 kB)
#7 2.491    ━━━━━━━━━━━━━━━━━━━━━━━━━━━━━━━━━━━━━━━━ 129.8/129.8 kB 6.3 MB/s eta 0:00:00
#7 2.539 Installing collected packages: urllib3, idna, charset_normalizer, certifi, requests
#7 2.755 Successfully installed certifi-2025.10.5 charset_normalizer-3.4.4 idna-3.11 requests-2.32.5 urllib3-2.5.0
#7 2.755 WARNING: Running pip as the 'root' user can result in broken permissions and conflicting behaviour with the system package manager. It is recommended to use a virtual environment instead: https://pip.pypa.io/warnings/venv
#7 2.847 
#7 2.847 [notice] A new release of pip is available: 24.0 -> 25.3
#7 2.847 [notice] To update, run: pip install --upgrade pip
#7 DONE 3.1s

#8 exporting to image
#8 exporting layers 0.1s done
#8 writing image sha256:f1278773609d2897706ba8f40bb326f8c263ae37d0dc95f46c22836d094b0490 done
#8 naming to docker.io/library/test-image-f7fdb8284643b1c175a9 done
#8 DONE 0.2s

View build details: docker-desktop://dashboard/build/default/default/wf85sn3o660l3on5o5h81i83f
[2025-10-29 21:29:31] SUCCESS: Build completed for f7fdb8284643b1c175a9
