=== Docker Build Log for 8663d3bbfd586bffecf6a0094cd116f2 ===
Started at: Mi 29. Okt 17:53:04 CET 2025

[2025-10-29 17:53:04] START: Building image for 8663d3bbfd586bffecf6a0094cd116f2
#0 building with "default" instance using docker driver

#1 [internal] load build definition from Dockerfile
#1 transferring dockerfile: 194B done
#1 DONE 0.0s

#2 [internal] load metadata for docker.io/library/python:3.11
#2 DONE 0.0s

#3 [internal] load .dockerignore
#3 transferring context: 2B done
#3 DONE 0.0s

#4 [internal] load build context
#4 transferring context: 3.39kB 0.0s done
#4 DONE 0.0s

#5 [1/3] FROM docker.io/library/python:3.11
#5 CACHED

#6 [2/3] COPY hard-gists/8663d3bbfd586bffecf6a0094cd116f2/snippet.py /snippet.py
#6 DONE 0.1s

#7 [3/3] RUN ["pip","install","tensorflow"]
#7 2.033 Collecting tensorflow
#7 2.072   Downloading tensorflow-2.20.0-cp311-cp311-manylinux_2_17_x86_64.manylinux2014_x86_64.whl.metadata (4.5 kB)
#7 2.253 Collecting absl-py>=1.0.0 (from tensorflow)
#7 2.262   Downloading absl_py-2.3.1-py3-none-any.whl.metadata (3.3 kB)
#7 2.299 Collecting astunparse>=1.6.0 (from tensorflow)
#7 2.309   Downloading astunparse-1.6.3-py2.py3-none-any.whl.metadata (4.4 kB)
#7 2.347 Collecting flatbuffers>=24.3.25 (from tensorflow)
#7 2.357   Downloading flatbuffers-25.9.23-py2.py3-none-any.whl.metadata (875 bytes)
#7 2.397 Collecting gast!=0.5.0,!=0.5.1,!=0.5.2,>=0.2.1 (from tensorflow)
#7 2.406   Downloading gast-0.6.0-py3-none-any.whl.metadata (1.3 kB)
#7 2.442 Collecting google_pasta>=0.1.1 (from tensorflow)
#7 2.453   Downloading google_pasta-0.2.0-py3-none-any.whl.metadata (814 bytes)
#7 2.494 Collecting libclang>=13.0.0 (from tensorflow)
#7 2.503   Downloading libclang-18.1.1-py2.py3-none-manylinux2010_x86_64.whl.metadata (5.2 kB)
#7 2.539 Collecting opt_einsum>=2.3.2 (from tensorflow)
#7 2.547   Downloading opt_einsum-3.4.0-py3-none-any.whl.metadata (6.3 kB)
#7 2.591 Collecting packaging (from tensorflow)
#7 2.600   Downloading packaging-25.0-py3-none-any.whl.metadata (3.3 kB)
#7 2.804 Collecting protobuf>=5.28.0 (from tensorflow)
#7 2.813   Downloading protobuf-6.33.0-cp39-abi3-manylinux2014_x86_64.whl.metadata (593 bytes)
#7 2.872 Collecting requests<3,>=2.21.0 (from tensorflow)
#7 2.880   Downloading requests-2.32.5-py3-none-any.whl.metadata (4.9 kB)
#7 2.895 Requirement already satisfied: setuptools in /usr/local/lib/python3.11/site-packages (from tensorflow) (79.0.1)
#7 2.926 Collecting six>=1.12.0 (from tensorflow)
#7 2.935   Downloading six-1.17.0-py2.py3-none-any.whl.metadata (1.7 kB)
#7 2.981 Collecting termcolor>=1.1.0 (from tensorflow)
#7 2.989   Downloading termcolor-3.2.0-py3-none-any.whl.metadata (6.4 kB)
#7 3.044 Collecting typing_extensions>=3.6.6 (from tensorflow)
#7 3.053   Downloading typing_extensions-4.15.0-py3-none-any.whl.metadata (3.3 kB)
#7 3.199 Collecting wrapt>=1.11.0 (from tensorflow)
#7 3.211   Downloading wrapt-2.0.0-cp311-cp311-manylinux1_x86_64.manylinux_2_28_x86_64.manylinux_2_5_x86_64.whl.metadata (8.8 kB)
#7 3.705 Collecting grpcio<2.0,>=1.24.3 (from tensorflow)
#7 3.717   Downloading grpcio-1.76.0-cp311-cp311-manylinux2014_x86_64.manylinux_2_17_x86_64.whl.metadata (3.7 kB)
#7 3.773 Collecting tensorboard~=2.20.0 (from tensorflow)
#7 3.781   Downloading tensorboard-2.20.0-py3-none-any.whl.metadata (1.8 kB)
#7 3.830 Collecting keras>=3.10.0 (from tensorflow)
#7 3.840   Downloading keras-3.12.0-py3-none-any.whl.metadata (5.9 kB)
#7 4.070 Collecting numpy>=1.26.0 (from tensorflow)
#7 4.079   Downloading numpy-2.3.4-cp311-cp311-manylinux_2_27_x86_64.manylinux_2_28_x86_64.whl.metadata (62 kB)
#7 4.102      ━━━━━━━━━━━━━━━━━━━━━━━━━━━━━━━━━━━━━━━━ 62.1/62.1 kB 2.5 MB/s eta 0:00:00
#7 4.164 Collecting h5py>=3.11.0 (from tensorflow)
#7 4.183   Downloading h5py-3.15.1-cp311-cp311-manylinux_2_27_x86_64.manylinux_2_28_x86_64.whl.metadata (3.0 kB)
#7 4.233 Collecting ml_dtypes<1.0.0,>=0.5.1 (from tensorflow)
#7 4.242   Downloading ml_dtypes-0.5.3-cp311-cp311-manylinux_2_27_x86_64.manylinux_2_28_x86_64.whl.metadata (8.9 kB)
#7 4.256 Requirement already satisfied: wheel<1.0,>=0.23.0 in /usr/local/lib/python3.11/site-packages (from astunparse>=1.6.0->tensorflow) (0.45.1)
#7 4.342 Collecting rich (from keras>=3.10.0->tensorflow)
#7 4.349   Downloading rich-14.2.0-py3-none-any.whl.metadata (18 kB)
#7 4.386 Collecting namex (from keras>=3.10.0->tensorflow)
#7 4.395   Downloading namex-0.1.0-py3-none-any.whl.metadata (322 bytes)
#7 4.487 Collecting optree (from keras>=3.10.0->tensorflow)
#7 4.498   Downloading optree-0.17.0-cp311-cp311-manylinux_2_27_x86_64.manylinux_2_28_x86_64.whl.metadata (33 kB)
#7 4.631 Collecting charset_normalizer<4,>=2 (from requests<3,>=2.21.0->tensorflow)
#7 4.641   Downloading charset_normalizer-3.4.4-cp311-cp311-manylinux2014_x86_64.manylinux_2_17_x86_64.manylinux_2_28_x86_64.whl.metadata (37 kB)
#7 4.682 Collecting idna<4,>=2.5 (from requests<3,>=2.21.0->tensorflow)
#7 4.690   Downloading idna-3.11-py3-none-any.whl.metadata (8.4 kB)
#7 4.750 Collecting urllib3<3,>=1.21.1 (from requests<3,>=2.21.0->tensorflow)
#7 4.758   Downloading urllib3-2.5.0-py3-none-any.whl.metadata (6.5 kB)
#7 4.802 Collecting certifi>=2017.4.17 (from requests<3,>=2.21.0->tensorflow)
#7 4.811   Downloading certifi-2025.10.5-py3-none-any.whl.metadata (2.5 kB)
#7 4.877 Collecting markdown>=2.6.8 (from tensorboard~=2.20.0->tensorflow)
#7 4.889   Downloading markdown-3.9-py3-none-any.whl.metadata (5.1 kB)
#7 5.133 Collecting pillow (from tensorboard~=2.20.0->tensorflow)
#7 5.143   Downloading pillow-12.0.0-cp311-cp311-manylinux_2_27_x86_64.manylinux_2_28_x86_64.whl.metadata (8.8 kB)
#7 5.201 Collecting tensorboard-data-server<0.8.0,>=0.7.0 (from tensorboard~=2.20.0->tensorflow)
#7 5.210   Downloading tensorboard_data_server-0.7.2-py3-none-manylinux_2_31_x86_64.whl.metadata (1.1 kB)
#7 5.263 Collecting werkzeug>=1.0.1 (from tensorboard~=2.20.0->tensorflow)
#7 5.272   Downloading werkzeug-3.1.3-py3-none-any.whl.metadata (3.7 kB)
#7 5.417 Collecting MarkupSafe>=2.1.1 (from werkzeug>=1.0.1->tensorboard~=2.20.0->tensorflow)
#7 5.425   Downloading markupsafe-3.0.3-cp311-cp311-manylinux2014_x86_64.manylinux_2_17_x86_64.manylinux_2_28_x86_64.whl.metadata (2.7 kB)
#7 5.513 Collecting markdown-it-py>=2.2.0 (from rich->keras>=3.10.0->tensorflow)
#7 5.522   Downloading markdown_it_py-4.0.0-py3-none-any.whl.metadata (7.3 kB)
#7 5.572 Collecting pygments<3.0.0,>=2.13.0 (from rich->keras>=3.10.0->tensorflow)
#7 5.581   Downloading pygments-2.19.2-py3-none-any.whl.metadata (2.5 kB)
#7 5.632 Collecting mdurl~=0.1 (from markdown-it-py>=2.2.0->rich->keras>=3.10.0->tensorflow)
#7 5.642   Downloading mdurl-0.1.2-py3-none-any.whl.metadata (1.6 kB)
#7 5.678 Downloading tensorflow-2.20.0-cp311-cp311-manylinux_2_17_x86_64.manylinux2014_x86_64.whl (620.6 MB)
#7 37.06    ━━━━━━━━━━━━━━━━━━━━━━━━━━━━━━━━━━━━━━━ 620.6/620.6 MB 868.1 kB/s eta 0:00:00
#7 37.09 Downloading absl_py-2.3.1-py3-none-any.whl (135 kB)
#7 37.11    ━━━━━━━━━━━━━━━━━━━━━━━━━━━━━━━━━━━━━━━━ 135.8/135.8 kB 6.8 MB/s eta 0:00:00
#7 37.11 Downloading astunparse-1.6.3-py2.py3-none-any.whl (12 kB)
#7 37.13 Downloading flatbuffers-25.9.23-py2.py3-none-any.whl (30 kB)
#7 37.15 Downloading gast-0.6.0-py3-none-any.whl (21 kB)
#7 37.17 Downloading google_pasta-0.2.0-py3-none-any.whl (57 kB)
#7 37.18    ━━━━━━━━━━━━━━━━━━━━━━━━━━━━━━━━━━━━━━━━ 57.5/57.5 kB 5.1 MB/s eta 0:00:00
#7 37.20 Downloading grpcio-1.76.0-cp311-cp311-manylinux2014_x86_64.manylinux_2_17_x86_64.whl (6.6 MB)
#7 37.48    ━━━━━━━━━━━━━━━━━━━━━━━━━━━━━━━━━━━━━━━━ 6.6/6.6 MB 24.1 MB/s eta 0:00:00
#7 37.49 Downloading h5py-3.15.1-cp311-cp311-manylinux_2_27_x86_64.manylinux_2_28_x86_64.whl (4.7 MB)
#7 37.68    ━━━━━━━━━━━━━━━━━━━━━━━━━━━━━━━━━━━━━━━━ 4.7/4.7 MB 25.2 MB/s eta 0:00:00
#7 37.69 Downloading keras-3.12.0-py3-none-any.whl (1.5 MB)
#7 37.75    ━━━━━━━━━━━━━━━━━━━━━━━━━━━━━━━━━━━━━━━━ 1.5/1.5 MB 26.2 MB/s eta 0:00:00
#7 37.76 Downloading libclang-18.1.1-py2.py3-none-manylinux2010_x86_64.whl (24.5 MB)
#7 38.69    ━━━━━━━━━━━━━━━━━━━━━━━━━━━━━━━━━━━━━━━━ 24.5/24.5 MB 20.7 MB/s eta 0:00:00
#7 38.71 Downloading ml_dtypes-0.5.3-cp311-cp311-manylinux_2_27_x86_64.manylinux_2_28_x86_64.whl (4.9 MB)
#7 38.90    ━━━━━━━━━━━━━━━━━━━━━━━━━━━━━━━━━━━━━━━━ 4.9/4.9 MB 26.3 MB/s eta 0:00:00
#7 38.91 Downloading numpy-2.3.4-cp311-cp311-manylinux_2_27_x86_64.manylinux_2_28_x86_64.whl (16.9 MB)
#7 39.55    ━━━━━━━━━━━━━━━━━━━━━━━━━━━━━━━━━━━━━━━━ 16.9/16.9 MB 24.0 MB/s eta 0:00:00
#7 39.55 Downloading opt_einsum-3.4.0-py3-none-any.whl (71 kB)
#7 39.57    ━━━━━━━━━━━━━━━━━━━━━━━━━━━━━━━━━━━━━━━━ 71.9/71.9 kB 5.8 MB/s eta 0:00:00
#7 39.58 Downloading protobuf-6.33.0-cp39-abi3-manylinux2014_x86_64.whl (323 kB)
#7 39.60    ━━━━━━━━━━━━━━━━━━━━━━━━━━━━━━━━━━━━━━━━ 323.2/323.2 kB 16.5 MB/s eta 0:00:00
#7 39.60 Downloading requests-2.32.5-py3-none-any.whl (64 kB)
#7 39.62    ━━━━━━━━━━━━━━━━━━━━━━━━━━━━━━━━━━━━━━━━ 64.7/64.7 kB 5.1 MB/s eta 0:00:00
#7 39.63 Downloading six-1.17.0-py2.py3-none-any.whl (11 kB)
#7 39.65 Downloading tensorboard-2.20.0-py3-none-any.whl (5.5 MB)
#7 39.85    ━━━━━━━━━━━━━━━━━━━━━━━━━━━━━━━━━━━━━━━━ 5.5/5.5 MB 27.5 MB/s eta 0:00:00
#7 39.86 Downloading termcolor-3.2.0-py3-none-any.whl (7.7 kB)
#7 39.88 Downloading typing_extensions-4.15.0-py3-none-any.whl (44 kB)
#7 39.89    ━━━━━━━━━━━━━━━━━━━━━━━━━━━━━━━━━━━━━━━━ 44.6/44.6 kB 3.7 MB/s eta 0:00:00
#7 39.90 Downloading wrapt-2.0.0-cp311-cp311-manylinux1_x86_64.manylinux_2_28_x86_64.manylinux_2_5_x86_64.whl (114 kB)
#7 39.91    ━━━━━━━━━━━━━━━━━━━━━━━━━━━━━━━━━━━━━━━━ 114.1/114.1 kB 9.2 MB/s eta 0:00:00
#7 39.92 Downloading packaging-25.0-py3-none-any.whl (66 kB)
#7 39.93    ━━━━━━━━━━━━━━━━━━━━━━━━━━━━━━━━━━━━━━━━ 66.5/66.5 kB 4.7 MB/s eta 0:00:00
#7 39.94 Downloading certifi-2025.10.5-py3-none-any.whl (163 kB)
#7 39.96    ━━━━━━━━━━━━━━━━━━━━━━━━━━━━━━━━━━━━━━━━ 163.3/163.3 kB 9.2 MB/s eta 0:00:00
#7 39.97 Downloading charset_normalizer-3.4.4-cp311-cp311-manylinux2014_x86_64.manylinux_2_17_x86_64.manylinux_2_28_x86_64.whl (151 kB)
#7 39.98    ━━━━━━━━━━━━━━━━━━━━━━━━━━━━━━━━━━━━━━━━ 151.6/151.6 kB 11.0 MB/s eta 0:00:00
#7 39.99 Downloading idna-3.11-py3-none-any.whl (71 kB)
#7 40.00    ━━━━━━━━━━━━━━━━━━━━━━━━━━━━━━━━━━━━━━━━ 71.0/71.0 kB 6.2 MB/s eta 0:00:00
#7 40.01 Downloading markdown-3.9-py3-none-any.whl (107 kB)
#7 40.02    ━━━━━━━━━━━━━━━━━━━━━━━━━━━━━━━━━━━━━━━━ 107.4/107.4 kB 7.5 MB/s eta 0:00:00
#7 40.03 Downloading tensorboard_data_server-0.7.2-py3-none-manylinux_2_31_x86_64.whl (6.6 MB)
#7 40.28    ━━━━━━━━━━━━━━━━━━━━━━━━━━━━━━━━━━━━━━━━ 6.6/6.6 MB 26.9 MB/s eta 0:00:00
#7 40.28 Downloading urllib3-2.5.0-py3-none-any.whl (129 kB)
#7 40.30    ━━━━━━━━━━━━━━━━━━━━━━━━━━━━━━━━━━━━━━━━ 129.8/129.8 kB 9.1 MB/s eta 0:00:00
#7 40.31 Downloading werkzeug-3.1.3-py3-none-any.whl (224 kB)
#7 40.33    ━━━━━━━━━━━━━━━━━━━━━━━━━━━━━━━━━━━━━━━━ 224.5/224.5 kB 13.5 MB/s eta 0:00:00
#7 40.33 Downloading namex-0.1.0-py3-none-any.whl (5.9 kB)
#7 40.35 Downloading optree-0.17.0-cp311-cp311-manylinux_2_27_x86_64.manylinux_2_28_x86_64.whl (402 kB)
#7 40.46    ━━━━━━━━━━━━━━━━━━━━━━━━━━━━━━━━━━━━━━━━ 402.0/402.0 kB 3.6 MB/s eta 0:00:00
#7 40.47 Downloading pillow-12.0.0-cp311-cp311-manylinux_2_27_x86_64.manylinux_2_28_x86_64.whl (7.0 MB)
#7 40.74    ━━━━━━━━━━━━━━━━━━━━━━━━━━━━━━━━━━━━━━━━ 7.0/7.0 MB 26.7 MB/s eta 0:00:00
#7 40.75 Downloading rich-14.2.0-py3-none-any.whl (243 kB)
#7 40.76    ━━━━━━━━━━━━━━━━━━━━━━━━━━━━━━━━━━━━━━━━ 243.4/243.4 kB 14.3 MB/s eta 0:00:00
#7 40.78 Downloading markdown_it_py-4.0.0-py3-none-any.whl (87 kB)
#7 40.79    ━━━━━━━━━━━━━━━━━━━━━━━━━━━━━━━━━━━━━━━━ 87.3/87.3 kB 7.0 MB/s eta 0:00:00
#7 40.80 Downloading markupsafe-3.0.3-cp311-cp311-manylinux2014_x86_64.manylinux_2_17_x86_64.manylinux_2_28_x86_64.whl (22 kB)
#7 40.82 Downloading pygments-2.19.2-py3-none-any.whl (1.2 MB)
#7 40.87    ━━━━━━━━━━━━━━━━━━━━━━━━━━━━━━━━━━━━━━━━ 1.2/1.2 MB 26.2 MB/s eta 0:00:00
#7 40.88 Downloading mdurl-0.1.2-py3-none-any.whl (10.0 kB)
#7 42.62 Installing collected packages: namex, libclang, flatbuffers, wrapt, urllib3, typing_extensions, termcolor, tensorboard-data-server, six, pygments, protobuf, pillow, packaging, opt_einsum, numpy, mdurl, MarkupSafe, markdown, idna, gast, charset_normalizer, certifi, absl-py, werkzeug, requests, optree, ml_dtypes, markdown-it-py, h5py, grpcio, google_pasta, astunparse, tensorboard, rich, keras, tensorflow
#7 58.54 Successfully installed MarkupSafe-3.0.3 absl-py-2.3.1 astunparse-1.6.3 certifi-2025.10.5 charset_normalizer-3.4.4 flatbuffers-25.9.23 gast-0.6.0 google_pasta-0.2.0 grpcio-1.76.0 h5py-3.15.1 idna-3.11 keras-3.12.0 libclang-18.1.1 markdown-3.9 markdown-it-py-4.0.0 mdurl-0.1.2 ml_dtypes-0.5.3 namex-0.1.0 numpy-2.3.4 opt_einsum-3.4.0 optree-0.17.0 packaging-25.0 pillow-12.0.0 protobuf-6.33.0 pygments-2.19.2 requests-2.32.5 rich-14.2.0 six-1.17.0 tensorboard-2.20.0 tensorboard-data-server-0.7.2 tensorflow-2.20.0 termcolor-3.2.0 typing_extensions-4.15.0 urllib3-2.5.0 werkzeug-3.1.3 wrapt-2.0.0
#7 58.54 WARNING: Running pip as the 'root' user can result in broken permissions and conflicting behaviour with the system package manager. It is recommended to use a virtual environment instead: https://pip.pypa.io/warnings/venv
#7 59.35 
#7 59.35 [notice] A new release of pip is available: 24.0 -> 25.3
#7 59.35 [notice] To update, run: pip install --upgrade pip
#7 DONE 69.4s

#8 exporting to image
#8 exporting layers
#8 exporting layers 9.1s done
#8 writing image sha256:e92d3788b3fe0232fe7fbda170c9f5e32fbc05ea915684332cdb68efe632103f done
#8 naming to docker.io/library/test-image-8663d3bbfd586bffecf6a0094cd116f2 0.0s done
#8 DONE 9.1s

View build details: docker-desktop://dashboard/build/default/default/zhzt03pozlvw1hk3bgutktkea
[2025-10-29 17:54:23] SUCCESS: Build completed for 8663d3bbfd586bffecf6a0094cd116f2
