=== Docker Build Log for 5358040 ===
Started at: Mi 29. Okt 15:37:23 CET 2025

[2025-10-29 15:37:23] START: Building image for 5358040
#0 building with "default" instance using docker driver

#1 [internal] load build definition from Dockerfile
#1 transferring dockerfile: 200B done
#1 DONE 0.0s

#2 [internal] load metadata for docker.io/library/python:3.11
#2 DONE 0.0s

#3 [internal] load .dockerignore
#3 transferring context: 2B done
#3 DONE 0.0s

#4 [internal] load build context
#4 transferring context: 918B 0.0s done
#4 DONE 0.0s

#5 [1/4] FROM docker.io/library/python:3.11
#5 CACHED

#6 [2/4] COPY hard-gists/5358040/snippet.py /snippet.py
#6 DONE 0.1s

#7 [3/4] RUN ["pip","install","dj.choices"]
#7 2.072 Collecting dj.choices
#7 2.105   Downloading dj.choices-0.11.0.tar.gz (28 kB)
#7 2.123   Preparing metadata (setup.py): started
#7 2.537   Preparing metadata (setup.py): finished with status 'done'
#7 2.642 Collecting django (from dj.choices)
#7 2.650   Downloading django-5.2.7-py3-none-any.whl.metadata (4.1 kB)
#7 2.688 Collecting six (from dj.choices)
#7 2.698   Downloading six-1.17.0-py2.py3-none-any.whl.metadata (1.7 kB)
#7 2.750 Collecting asgiref>=3.8.1 (from django->dj.choices)
#7 2.759   Downloading asgiref-3.10.0-py3-none-any.whl.metadata (9.3 kB)
#7 2.797 Collecting sqlparse>=0.3.1 (from django->dj.choices)
#7 2.806   Downloading sqlparse-0.5.3-py3-none-any.whl.metadata (3.9 kB)
#7 2.832 Downloading django-5.2.7-py3-none-any.whl (8.3 MB)
#7 3.193    ━━━━━━━━━━━━━━━━━━━━━━━━━━━━━━━━━━━━━━━━ 8.3/8.3 MB 23.2 MB/s eta 0:00:00
#7 3.202 Downloading six-1.17.0-py2.py3-none-any.whl (11 kB)
#7 3.221 Downloading asgiref-3.10.0-py3-none-any.whl (24 kB)
#7 3.241 Downloading sqlparse-0.5.3-py3-none-any.whl (44 kB)
#7 3.252    ━━━━━━━━━━━━━━━━━━━━━━━━━━━━━━━━━━━━━━━━ 44.4/44.4 kB 3.8 MB/s eta 0:00:00
#7 3.290 Building wheels for collected packages: dj.choices
#7 3.291   Building wheel for dj.choices (setup.py): started
#7 3.463   Building wheel for dj.choices (setup.py): finished with status 'done'
#7 3.464   Created wheel for dj.choices: filename=dj_choices-0.11.0-py3-none-any.whl size=28716 sha256=940afd88f1811c5e0719e2e2c97a934e6df295e94fc85bb424e7da0d0756dd71
#7 3.464   Stored in directory: /root/.cache/pip/wheels/97/38/bd/4ca089ff8ffdead6a07e7af033d36d74a01ab7a37e70797942
#7 3.466 Successfully built dj.choices
#7 3.513 Installing collected packages: sqlparse, six, asgiref, django, dj.choices
#7 5.006 Successfully installed asgiref-3.10.0 dj.choices-0.11.0 django-5.2.7 six-1.17.0 sqlparse-0.5.3
#7 5.007 WARNING: Running pip as the 'root' user can result in broken permissions and conflicting behaviour with the system package manager. It is recommended to use a virtual environment instead: https://pip.pypa.io/warnings/venv
#7 5.104 
#7 5.104 [notice] A new release of pip is available: 24.0 -> 25.3
#7 5.104 [notice] To update, run: pip install --upgrade pip
#7 DONE 5.7s

#8 [4/4] RUN ["pip","install","Django"]
#8 0.497 Requirement already satisfied: Django in /usr/local/lib/python3.11/site-packages (5.2.7)
#8 0.501 Requirement already satisfied: asgiref>=3.8.1 in /usr/local/lib/python3.11/site-packages (from Django) (3.10.0)
#8 0.502 Requirement already satisfied: sqlparse>=0.3.1 in /usr/local/lib/python3.11/site-packages (from Django) (0.5.3)
#8 0.548 WARNING: Running pip as the 'root' user can result in broken permissions and conflicting behaviour with the system package manager. It is recommended to use a virtual environment instead: https://pip.pypa.io/warnings/venv
#8 0.553 
#8 0.553 [notice] A new release of pip is available: 24.0 -> 25.3
#8 0.553 [notice] To update, run: pip install --upgrade pip
#8 DONE 0.6s

#9 exporting to image
#9 exporting layers
#9 exporting layers 0.7s done
#9 writing image sha256:b2ed2415cf0b597563a21e3dfb9e62d01d6c457c2fa4514dbd93f4739eb2d3da done
#9 naming to docker.io/library/test-image-5358040 0.0s done
#9 DONE 0.8s

View build details: docker-desktop://dashboard/build/default/default/r8hg6l1dceh6o7yvdcafyhxv8
[2025-10-29 15:37:31] SUCCESS: Build completed for 5358040
