=== Docker Build Log for 5104071 ===
Started at: Mi 29. Okt 15:22:12 CET 2025

[2025-10-29 15:22:12] START: Building image for 5104071
#0 building with "default" instance using docker driver

#1 [internal] load build definition from Dockerfile
#1 transferring dockerfile: 1.74kB done
#1 DONE 0.0s

#2 [internal] load metadata for docker.io/library/python:3.11
#2 DONE 0.0s

#3 [internal] load .dockerignore
#3 transferring context: 2B done
#3 DONE 0.0s

#4 [internal] load build context
#4 transferring context: 1.45kB 0.0s done
#4 DONE 0.0s

#5 [ 1/47] FROM docker.io/library/python:3.11
#5 CACHED

#6 [ 2/47] COPY hard-gists/5104071/snippet.py /snippet.py
#6 DONE 0.1s

#7 [ 3/47] RUN ["pip","install","zope.app.component"]
#7 1.989 Collecting zope.app.component
#7 2.023   Downloading zope_app_component-6.0-py3-none-any.whl.metadata (9.3 kB)
#7 2.052 Requirement already satisfied: setuptools in /usr/local/lib/python3.11/site-packages (from zope.app.component) (79.0.1)
#7 2.080 Collecting zope.site (from zope.app.component)
#7 2.090   Downloading zope_site-6.0-py3-none-any.whl.metadata (21 kB)
#7 2.129 Collecting zope.app.container>=4.0 (from zope.app.component)
#7 2.138   Downloading zope_app_container-6.0-py3-none-any.whl.metadata (8.5 kB)
#7 2.177 Collecting zope.app.pagetemplate>=4.0 (from zope.app.component)
#7 2.185   Downloading zope_app_pagetemplate-6.0-py3-none-any.whl.metadata (5.6 kB)
#7 2.225 Collecting zope.component>=4.3.0 (from zope.component[hook,zcml]>=4.3.0->zope.app.component)
#7 2.234   Downloading zope_component-7.0-py3-none-any.whl.metadata (18 kB)
#7 2.274 Collecting zope.deprecation (from zope.app.component)
#7 2.284   Downloading zope_deprecation-6.0-py3-none-any.whl.metadata (5.5 kB)
#7 2.321 Collecting zope.exceptions (from zope.app.component)
#7 2.329   Downloading zope_exceptions-6.0-py3-none-any.whl.metadata (9.0 kB)
#7 2.477 Collecting zope.formlib (from zope.app.component)
#7 2.486   Downloading zope_formlib-7.0-py3-none-any.whl.metadata (10 kB)
#7 2.556 Collecting zope.i18nmessageid (from zope.app.component)
#7 2.566   Downloading zope_i18nmessageid-8.1-cp311-cp311-manylinux1_x86_64.manylinux2014_x86_64.manylinux_2_17_x86_64.manylinux_2_5_x86_64.whl.metadata (9.9 kB)
#7 2.700 Collecting zope.interface (from zope.app.component)
#7 2.708   Downloading zope_interface-8.0.1-cp311-cp311-manylinux1_x86_64.manylinux2014_x86_64.manylinux_2_17_x86_64.manylinux_2_5_x86_64.whl.metadata (44 kB)
#7 2.730      ━━━━━━━━━━━━━━━━━━━━━━━━━━━━━━━━━━━━━━━━ 44.9/44.9 kB 1.8 MB/s eta 0:00:00
#7 2.766 Collecting zope.publisher>=4.3.1 (from zope.app.component)
#7 2.775   Downloading zope_publisher-8.0-py3-none-any.whl.metadata (23 kB)
#7 2.817 Collecting zope.schema (from zope.app.component)
#7 2.825   Downloading zope_schema-8.1-py3-none-any.whl.metadata (25 kB)
#7 2.912 Collecting zope.security (from zope.app.component)
#7 2.922   Downloading zope_security-8.2-cp311-cp311-manylinux1_x86_64.manylinux2014_x86_64.manylinux_2_17_x86_64.manylinux_2_5_x86_64.whl.metadata (25 kB)
#7 2.963 Collecting zope.traversing (from zope.app.component)
#7 2.972   Downloading zope_traversing-6.0-py3-none-any.whl.metadata (12 kB)
#7 3.006 Collecting zope.componentvocabulary (from zope.app.component)
#7 3.015   Downloading zope.componentvocabulary-4.0-py3-none-any.whl.metadata (4.1 kB)
#7 3.083 Collecting zope.browser (from zope.app.container>=4.0->zope.app.component)
#7 3.094   Downloading zope_browser-4.0-py3-none-any.whl.metadata (4.9 kB)
#7 3.130 Collecting zope.browsermenu (from zope.app.container>=4.0->zope.app.component)
#7 3.138   Downloading zope_browsermenu-6.0-py3-none-any.whl.metadata (4.6 kB)
#7 3.175 Collecting zope.browserpage (from zope.app.container>=4.0->zope.app.component)
#7 3.183   Downloading zope_browserpage-6.0-py3-none-any.whl.metadata (5.8 kB)
#7 3.250 Collecting zope.container (from zope.app.container>=4.0->zope.app.component)
#7 3.259   Downloading zope_container-7.0-cp311-cp311-manylinux1_x86_64.manylinux2014_x86_64.manylinux_2_17_x86_64.manylinux_2_5_x86_64.whl.metadata (15 kB)
#7 3.296 Collecting zope.copypastemove (from zope.app.container>=4.0->zope.app.component)
#7 3.305   Downloading zope_copypastemove-6.0-py3-none-any.whl.metadata (6.8 kB)
#7 3.345 Collecting zope.dublincore>=3.7 (from zope.app.container>=4.0->zope.app.component)
#7 3.354   Downloading zope_dublincore-6.0-py3-none-any.whl.metadata (8.6 kB)
#7 3.389 Collecting zope.event (from zope.app.container>=4.0->zope.app.component)
#7 3.398   Downloading zope_event-6.0-py3-none-any.whl.metadata (5.1 kB)
#7 3.437 Collecting zope.i18n (from zope.app.container>=4.0->zope.app.component)
#7 3.446   Downloading zope_i18n-6.0-py3-none-any.whl.metadata (14 kB)
#7 3.481 Collecting zope.lifecycleevent (from zope.app.container>=4.0->zope.app.component)
#7 3.496   Downloading zope_lifecycleevent-6.0-py3-none-any.whl.metadata (6.4 kB)
#7 3.533 Collecting zope.location (from zope.app.container>=4.0->zope.app.component)
#7 3.543   Downloading zope_location-6.0-py3-none-any.whl.metadata (10 kB)
#7 3.580 Collecting zope.size (from zope.app.container>=4.0->zope.app.component)
#7 3.590   Downloading zope_size-6.0-py3-none-any.whl.metadata (5.0 kB)
#7 3.634 Collecting zope.configuration (from zope.app.pagetemplate>=4.0->zope.app.component)
#7 3.643   Downloading zope_configuration-7.0-py3-none-any.whl.metadata (11 kB)
#7 3.681 Collecting zope.pagetemplate>=3.5.1 (from zope.app.pagetemplate>=4.0->zope.app.component)
#7 3.690   Downloading zope_pagetemplate-6.0-py3-none-any.whl.metadata (10 kB)
#7 3.729 Collecting zope.tales (from zope.app.pagetemplate>=4.0->zope.app.component)
#7 3.739   Downloading zope_tales-7.0-py3-none-any.whl.metadata (7.2 kB)
#7 3.809 Collecting zope.hookable>=4.2.0 (from zope.component>=4.3.0->zope.component[hook,zcml]>=4.3.0->zope.app.component)
#7 3.818   Downloading zope_hookable-8.1-cp311-cp311-manylinux1_x86_64.manylinux2014_x86_64.manylinux_2_17_x86_64.manylinux_2_5_x86_64.whl.metadata (6.7 kB)
#7 3.886 Collecting multipart>=1.1.0 (from zope.publisher>=4.3.1->zope.app.component)
#7 3.895   Downloading multipart-1.3.0-py3-none-any.whl.metadata (4.9 kB)
#7 3.931 Collecting zope.contenttype>=4.0.0 (from zope.publisher>=4.3.1->zope.app.component)
#7 3.941   Downloading zope_contenttype-6.0-py3-none-any.whl.metadata (6.0 kB)
#7 4.014 Collecting zope.proxy (from zope.publisher>=4.3.1->zope.app.component)
#7 4.022   Downloading zope_proxy-7.0-cp311-cp311-manylinux1_x86_64.manylinux2014_x86_64.manylinux_2_17_x86_64.manylinux_2_5_x86_64.whl.metadata (12 kB)
#7 4.240 Collecting pytz (from zope.formlib->zope.app.component)
#7 4.250   Downloading pytz-2025.2-py2.py3-none-any.whl.metadata (22 kB)
#7 4.296 Collecting zope.browserresource (from zope.formlib->zope.app.component)
#7 4.306   Downloading zope_browserresource-6.0-py3-none-any.whl.metadata (9.7 kB)
#7 4.359 Collecting zope.datetime (from zope.formlib->zope.app.component)
#7 4.370   Downloading zope_datetime-6.0-py3-none-any.whl.metadata (4.8 kB)
#7 4.445 Collecting zope.annotation (from zope.site->zope.app.component)
#7 4.454   Downloading zope_annotation-6.0-py3-none-any.whl.metadata (7.1 kB)
#7 4.531 Collecting transaction (from zope.traversing->zope.app.component)
#7 4.548   Downloading transaction-5.0-py3-none-any.whl.metadata (14 kB)
#7 4.643 Collecting zope.tal>=4.2.0 (from zope.browserpage->zope.app.container>=4.0->zope.app.component)
#7 4.655   Downloading zope_tal-6.0-py3-none-any.whl.metadata (8.0 kB)
#7 4.795 Collecting persistent (from zope.dublincore>=3.7->zope.app.container>=4.0->zope.app.component)
#7 4.805   Downloading persistent-6.3-cp311-cp311-manylinux1_x86_64.manylinux2014_x86_64.manylinux_2_17_x86_64.manylinux_2_5_x86_64.whl.metadata (22 kB)
#7 4.907 Collecting python-gettext (from zope.i18n->zope.app.container>=4.0->zope.app.component)
#7 4.923   Downloading python_gettext-5.0-py3-none-any.whl.metadata (4.6 kB)
#7 5.235 Collecting BTrees (from zope.container->zope.app.container>=4.0->zope.app.component)
#7 5.245   Downloading btrees-6.2-cp311-cp311-manylinux2014_x86_64.manylinux_2_17_x86_64.whl.metadata (21 kB)
#7 5.284 Collecting zope.cachedescriptors (from zope.container->zope.app.container>=4.0->zope.app.component)
#7 5.293   Downloading zope_cachedescriptors-6.0-py3-none-any.whl.metadata (17 kB)
#7 5.330 Collecting zope.deferredimport (from zope.container->zope.app.container>=4.0->zope.app.component)
#7 5.339   Downloading zope_deferredimport-6.0-py3-none-any.whl.metadata (5.5 kB)
#7 5.376 Collecting zope.dottedname (from zope.container->zope.app.container>=4.0->zope.app.component)
#7 5.385   Downloading zope_dottedname-7.0-py3-none-any.whl.metadata (3.9 kB)
#7 5.421 Collecting zope.filerepresentation (from zope.container->zope.app.container>=4.0->zope.app.component)
#7 5.431   Downloading zope_filerepresentation-7.0-py3-none-any.whl.metadata (5.1 kB)
#7 5.493 Collecting zope.copy (from zope.copypastemove->zope.app.container>=4.0->zope.app.component)
#7 5.502   Downloading zope_copy-6.0-py3-none-any.whl.metadata (4.8 kB)
#7 5.654 Collecting cffi (from persistent->zope.dublincore>=3.7->zope.app.container>=4.0->zope.app.component)
#7 5.663   Downloading cffi-2.0.0-cp311-cp311-manylinux2014_x86_64.manylinux_2_17_x86_64.whl.metadata (2.6 kB)
#7 5.790 Collecting zodbpickle (from zope.copy->zope.copypastemove->zope.app.container>=4.0->zope.app.component)
#7 5.799   Downloading zodbpickle-4.2-cp311-cp311-manylinux_2_17_x86_64.manylinux2014_x86_64.whl.metadata (13 kB)
#7 5.863 Collecting pycparser (from cffi->persistent->zope.dublincore>=3.7->zope.app.container>=4.0->zope.app.component)
#7 5.871   Downloading pycparser-2.23-py3-none-any.whl.metadata (993 bytes)
#7 5.910 Downloading zope_app_component-6.0-py3-none-any.whl (30 kB)
#7 5.930 Downloading zope_app_container-6.0-py3-none-any.whl (45 kB)
#7 5.941    ━━━━━━━━━━━━━━━━━━━━━━━━━━━━━━━━━━━━━━━━ 45.7/45.7 kB 4.0 MB/s eta 0:00:00
#7 5.950 Downloading zope_app_pagetemplate-6.0-py3-none-any.whl (21 kB)
#7 5.970 Downloading zope_component-7.0-py3-none-any.whl (68 kB)
#7 5.981    ━━━━━━━━━━━━━━━━━━━━━━━━━━━━━━━━━━━━━━━━ 68.3/68.3 kB 6.5 MB/s eta 0:00:00
#7 5.991 Downloading zope_interface-8.0.1-cp311-cp311-manylinux1_x86_64.manylinux2014_x86_64.manylinux_2_17_x86_64.manylinux_2_5_x86_64.whl (259 kB)
#7 6.011    ━━━━━━━━━━━━━━━━━━━━━━━━━━━━━━━━━━━━━━━━ 259.8/259.8 kB 14.5 MB/s eta 0:00:00
#7 6.028 Downloading zope_publisher-8.0-py3-none-any.whl (119 kB)
#7 6.041    ━━━━━━━━━━━━━━━━━━━━━━━━━━━━━━━━━━━━━━━━ 119.3/119.3 kB 10.2 MB/s eta 0:00:00
#7 6.052 Downloading zope_security-8.2-cp311-cp311-manylinux1_x86_64.manylinux2014_x86_64.manylinux_2_17_x86_64.manylinux_2_5_x86_64.whl (182 kB)
#7 6.066    ━━━━━━━━━━━━━━━━━━━━━━━━━━━━━━━━━━━━━━━━ 182.6/182.6 kB 16.4 MB/s eta 0:00:00
#7 6.077 Downloading zope_schema-8.1-py3-none-any.whl (85 kB)
#7 6.088    ━━━━━━━━━━━━━━━━━━━━━━━━━━━━━━━━━━━━━━━━ 85.0/85.0 kB 8.5 MB/s eta 0:00:00
#7 6.098 Downloading zope.componentvocabulary-4.0-py3-none-any.whl (11 kB)
#7 6.115 Downloading zope_deprecation-6.0-py3-none-any.whl (9.5 kB)
#7 6.132 Downloading zope_exceptions-6.0-py3-none-any.whl (19 kB)
#7 6.151 Downloading zope_formlib-7.0-py3-none-any.whl (165 kB)
#7 6.165    ━━━━━━━━━━━━━━━━━━━━━━━━━━━━━━━━━━━━━━━━ 165.0/165.0 kB 12.5 MB/s eta 0:00:00
#7 6.174 Downloading zope_i18nmessageid-8.1-cp311-cp311-manylinux1_x86_64.manylinux2014_x86_64.manylinux_2_17_x86_64.manylinux_2_5_x86_64.whl (31 kB)
#7 6.192 Downloading zope_site-6.0-py3-none-any.whl (29 kB)
#7 6.212 Downloading zope_traversing-6.0-py3-none-any.whl (46 kB)
#7 6.228    ━━━━━━━━━━━━━━━━━━━━━━━━━━━━━━━━━━━━━━━━ 47.0/47.0 kB 2.6 MB/s eta 0:00:00
#7 6.238 Downloading multipart-1.3.0-py3-none-any.whl (14 kB)
#7 6.257 Downloading zope_browser-4.0-py3-none-any.whl (7.1 kB)
#7 6.275 Downloading zope_browserpage-6.0-py3-none-any.whl (31 kB)
#7 6.293 Downloading zope_contenttype-6.0-py3-none-any.whl (13 kB)
#7 6.309 Downloading zope_dublincore-6.0-py3-none-any.whl (39 kB)
#7 6.329 Downloading zope_hookable-8.1-cp311-cp311-manylinux1_x86_64.manylinux2014_x86_64.manylinux_2_17_x86_64.manylinux_2_5_x86_64.whl (24 kB)
#7 6.349 Downloading zope_i18n-6.0-py3-none-any.whl (798 kB)
#7 6.385    ━━━━━━━━━━━━━━━━━━━━━━━━━━━━━━━━━━━━━━━━ 798.7/798.7 kB 22.8 MB/s eta 0:00:00
#7 6.395 Downloading zope_location-6.0-py3-none-any.whl (19 kB)
#7 6.414 Downloading zope_pagetemplate-6.0-py3-none-any.whl (44 kB)
#7 6.425    ━━━━━━━━━━━━━━━━━━━━━━━━━━━━━━━━━━━━━━━━ 44.5/44.5 kB 3.6 MB/s eta 0:00:00
#7 6.434 Downloading zope_proxy-7.0-cp311-cp311-manylinux1_x86_64.manylinux2014_x86_64.manylinux_2_17_x86_64.manylinux_2_5_x86_64.whl (71 kB)
#7 6.446    ━━━━━━━━━━━━━━━━━━━━━━━━━━━━━━━━━━━━━━━━ 71.5/71.5 kB 6.2 MB/s eta 0:00:00
#7 6.454 Downloading pytz-2025.2-py2.py3-none-any.whl (509 kB)
#7 6.479    ━━━━━━━━━━━━━━━━━━━━━━━━━━━━━━━━━━━━━━━━ 509.2/509.2 kB 21.3 MB/s eta 0:00:00
#7 6.489 Downloading transaction-5.0-py3-none-any.whl (46 kB)
#7 6.500    ━━━━━━━━━━━━━━━━━━━━━━━━━━━━━━━━━━━━━━━━ 46.3/46.3 kB 4.1 MB/s eta 0:00:00
#7 6.509 Downloading zope_annotation-6.0-py3-none-any.whl (13 kB)
#7 6.527 Downloading zope_browsermenu-6.0-py3-none-any.whl (30 kB)
#7 6.546 Downloading zope_browserresource-6.0-py3-none-any.whl (40 kB)
#7 6.558    ━━━━━━━━━━━━━━━━━━━━━━━━━━━━━━━━━━━━━━━━ 40.0/40.0 kB 2.9 MB/s eta 0:00:00
#7 6.568 Downloading zope_configuration-7.0-py3-none-any.whl (78 kB)
#7 6.580    ━━━━━━━━━━━━━━━━━━━━━━━━━━━━━━━━━━━━━━━━ 78.5/78.5 kB 6.5 MB/s eta 0:00:00
#7 6.589 Downloading zope_container-7.0-cp311-cp311-manylinux1_x86_64.manylinux2014_x86_64.manylinux_2_17_x86_64.manylinux_2_5_x86_64.whl (114 kB)
#7 6.608    ━━━━━━━━━━━━━━━━━━━━━━━━━━━━━━━━━━━━━━━━ 114.4/114.4 kB 7.4 MB/s eta 0:00:00
#7 6.627 Downloading zope_lifecycleevent-6.0-py3-none-any.whl (17 kB)
#7 6.645 Downloading zope_copypastemove-6.0-py3-none-any.whl (19 kB)
#7 6.666 Downloading zope_datetime-6.0-py3-none-any.whl (42 kB)
#7 6.678    ━━━━━━━━━━━━━━━━━━━━━━━━━━━━━━━━━━━━━━━━ 42.8/42.8 kB 3.2 MB/s eta 0:00:00
#7 6.687 Downloading zope_event-6.0-py3-none-any.whl (6.4 kB)
#7 6.706 Downloading zope_size-6.0-py3-none-any.whl (7.4 kB)
#7 6.725 Downloading zope_tales-7.0-py3-none-any.whl (29 kB)
#7 6.744 Downloading persistent-6.3-cp311-cp311-manylinux1_x86_64.manylinux2014_x86_64.manylinux_2_17_x86_64.manylinux_2_5_x86_64.whl (233 kB)
#7 6.762    ━━━━━━━━━━━━━━━━━━━━━━━━━━━━━━━━━━━━━━━━ 233.7/233.7 kB 13.8 MB/s eta 0:00:00
#7 6.771 Downloading zope_tal-6.0-py3-none-any.whl (135 kB)
#7 6.785    ━━━━━━━━━━━━━━━━━━━━━━━━━━━━━━━━━━━━━━━━ 135.3/135.3 kB 10.4 MB/s eta 0:00:00
#7 6.795 Downloading btrees-6.2-cp311-cp311-manylinux2014_x86_64.manylinux_2_17_x86_64.whl (1.3 MB)
#7 6.847    ━━━━━━━━━━━━━━━━━━━━━━━━━━━━━━━━━━━━━━━━ 1.3/1.3 MB 24.9 MB/s eta 0:00:00
#7 6.856 Downloading python_gettext-5.0-py3-none-any.whl (13 kB)
#7 6.876 Downloading zope_cachedescriptors-6.0-py3-none-any.whl (12 kB)
#7 6.894 Downloading zope_copy-6.0-py3-none-any.whl (9.6 kB)
#7 6.911 Downloading zope_deferredimport-6.0-py3-none-any.whl (9.4 kB)
#7 6.930 Downloading zope_dottedname-7.0-py3-none-any.whl (5.9 kB)
#7 6.948 Downloading zope_filerepresentation-7.0-py3-none-any.whl (7.7 kB)
#7 6.966 Downloading cffi-2.0.0-cp311-cp311-manylinux2014_x86_64.manylinux_2_17_x86_64.whl (215 kB)
#7 6.982    ━━━━━━━━━━━━━━━━━━━━━━━━━━━━━━━━━━━━━━━━ 215.6/215.6 kB 14.1 MB/s eta 0:00:00
#7 6.991 Downloading zodbpickle-4.2-cp311-cp311-manylinux_2_17_x86_64.manylinux2014_x86_64.whl (299 kB)
#7 7.010    ━━━━━━━━━━━━━━━━━━━━━━━━━━━━━━━━━━━━━━━━ 299.1/299.1 kB 17.0 MB/s eta 0:00:00
#7 7.018 Downloading pycparser-2.23-py3-none-any.whl (118 kB)
#7 7.033    ━━━━━━━━━━━━━━━━━━━━━━━━━━━━━━━━━━━━━━━━ 118.1/118.1 kB 8.4 MB/s eta 0:00:00
#7 7.398 Installing collected packages: pytz, zope.interface, zope.i18nmessageid, zope.hookable, zope.event, zope.dottedname, zope.deprecation, zope.datetime, zope.contenttype, zope.cachedescriptors, zodbpickle, python-gettext, pycparser, multipart, zope.tales, zope.tal, zope.size, zope.schema, zope.proxy, zope.lifecycleevent, zope.exceptions, zope.copy, zope.component, zope.browser, transaction, cffi, zope.location, zope.i18n, zope.filerepresentation, zope.deferredimport, zope.configuration, zope.security, zope.annotation, persistent, zope.publisher, zope.componentvocabulary, BTrees, zope.traversing, zope.dublincore, zope.pagetemplate, zope.container, zope.browserresource, zope.site, zope.copypastemove, zope.browserpage, zope.browsermenu, zope.formlib, zope.app.pagetemplate, zope.app.container, zope.app.component
#7 9.887 Successfully installed BTrees-6.2 cffi-2.0.0 multipart-1.3.0 persistent-6.3 pycparser-2.23 python-gettext-5.0 pytz-2025.2 transaction-5.0 zodbpickle-4.2 zope.annotation-6.0 zope.app.component-6.0 zope.app.container-6.0 zope.app.pagetemplate-6.0 zope.browser-4.0 zope.browsermenu-6.0 zope.browserpage-6.0 zope.browserresource-6.0 zope.cachedescriptors-6.0 zope.component-7.0 zope.componentvocabulary-4.0 zope.configuration-7.0 zope.container-7.0 zope.contenttype-6.0 zope.copy-6.0 zope.copypastemove-6.0 zope.datetime-6.0 zope.deferredimport-6.0 zope.deprecation-6.0 zope.dottedname-7.0 zope.dublincore-6.0 zope.event-6.0 zope.exceptions-6.0 zope.filerepresentation-7.0 zope.formlib-7.0 zope.hookable-8.1 zope.i18n-6.0 zope.i18nmessageid-8.1 zope.interface-8.0.1 zope.lifecycleevent-6.0 zope.location-6.0 zope.pagetemplate-6.0 zope.proxy-7.0 zope.publisher-8.0 zope.schema-8.1 zope.security-8.2 zope.site-6.0 zope.size-6.0 zope.tal-6.0 zope.tales-7.0 zope.traversing-6.0
#7 9.887 WARNING: Running pip as the 'root' user can result in broken permissions and conflicting behaviour with the system package manager. It is recommended to use a virtual environment instead: https://pip.pypa.io/warnings/venv
#7 9.987 
#7 9.987 [notice] A new release of pip is available: 24.0 -> 25.3
#7 9.987 [notice] To update, run: pip install --upgrade pip
#7 DONE 10.7s

#8 [ 4/47] RUN ["pip","install","zope.testing"]
#8 0.675 Collecting zope.testing
#8 0.708   Downloading zope_testing-6.0-py3-none-any.whl.metadata (19 kB)
#8 0.731 Requirement already satisfied: setuptools in /usr/local/lib/python3.11/site-packages (from zope.testing) (79.0.1)
#8 0.769 Downloading zope_testing-6.0-py3-none-any.whl (36 kB)
#8 1.074 Installing collected packages: zope.testing
#8 1.122 Successfully installed zope.testing-6.0
#8 1.122 WARNING: Running pip as the 'root' user can result in broken permissions and conflicting behaviour with the system package manager. It is recommended to use a virtual environment instead: https://pip.pypa.io/warnings/venv
#8 1.128 
#8 1.128 [notice] A new release of pip is available: 24.0 -> 25.3
#8 1.128 [notice] To update, run: pip install --upgrade pip
#8 DONE 1.2s

#9 [ 5/47] RUN ["pip","install","zope.globalrequest"]
#9 0.554 Collecting zope.globalrequest
#9 0.586   Downloading zope_globalrequest-3.0-py3-none-any.whl.metadata (3.7 kB)
#9 0.603 Requirement already satisfied: setuptools in /usr/local/lib/python3.11/site-packages (from zope.globalrequest) (79.0.1)
#9 0.605 Requirement already satisfied: zope.interface in /usr/local/lib/python3.11/site-packages (from zope.globalrequest) (8.0.1)
#9 0.607 Requirement already satisfied: zope.publisher in /usr/local/lib/python3.11/site-packages (from zope.globalrequest) (8.0)
#9 0.608 Requirement already satisfied: zope.traversing in /usr/local/lib/python3.11/site-packages (from zope.globalrequest) (6.0)
#9 0.648 Requirement already satisfied: multipart>=1.1.0 in /usr/local/lib/python3.11/site-packages (from zope.publisher->zope.globalrequest) (1.3.0)
#9 0.650 Requirement already satisfied: zope.browser in /usr/local/lib/python3.11/site-packages (from zope.publisher->zope.globalrequest) (4.0)
#9 0.652 Requirement already satisfied: zope.component in /usr/local/lib/python3.11/site-packages (from zope.publisher->zope.globalrequest) (7.0)
#9 0.653 Requirement already satisfied: zope.configuration in /usr/local/lib/python3.11/site-packages (from zope.publisher->zope.globalrequest) (7.0)
#9 0.654 Requirement already satisfied: zope.contenttype>=4.0.0 in /usr/local/lib/python3.11/site-packages (from zope.publisher->zope.globalrequest) (6.0)
#9 0.655 Requirement already satisfied: zope.event in /usr/local/lib/python3.11/site-packages (from zope.publisher->zope.globalrequest) (6.0)
#9 0.657 Requirement already satisfied: zope.exceptions in /usr/local/lib/python3.11/site-packages (from zope.publisher->zope.globalrequest) (6.0)
#9 0.658 Requirement already satisfied: zope.i18n>=4.0.0 in /usr/local/lib/python3.11/site-packages (from zope.publisher->zope.globalrequest) (6.0)
#9 0.660 Requirement already satisfied: zope.location in /usr/local/lib/python3.11/site-packages (from zope.publisher->zope.globalrequest) (6.0)
#9 0.661 Requirement already satisfied: zope.proxy in /usr/local/lib/python3.11/site-packages (from zope.publisher->zope.globalrequest) (7.0)
#9 0.663 Requirement already satisfied: zope.security>=4.0.0 in /usr/local/lib/python3.11/site-packages (from zope.publisher->zope.globalrequest) (8.2)
#9 0.673 Requirement already satisfied: transaction in /usr/local/lib/python3.11/site-packages (from zope.traversing->zope.globalrequest) (5.0)
#9 0.675 Requirement already satisfied: zope.i18nmessageid in /usr/local/lib/python3.11/site-packages (from zope.traversing->zope.globalrequest) (8.1)
#9 0.695 Requirement already satisfied: python-gettext in /usr/local/lib/python3.11/site-packages (from zope.i18n>=4.0.0->zope.publisher->zope.globalrequest) (5.0)
#9 0.697 Requirement already satisfied: pytz in /usr/local/lib/python3.11/site-packages (from zope.i18n>=4.0.0->zope.publisher->zope.globalrequest) (2025.2)
#9 0.699 Requirement already satisfied: zope.deprecation in /usr/local/lib/python3.11/site-packages (from zope.i18n>=4.0.0->zope.publisher->zope.globalrequest) (6.0)
#9 0.702 Requirement already satisfied: zope.schema in /usr/local/lib/python3.11/site-packages (from zope.i18n>=4.0.0->zope.publisher->zope.globalrequest) (8.1)
#9 0.793 Requirement already satisfied: zope.hookable>=4.2.0 in /usr/local/lib/python3.11/site-packages (from zope.component->zope.publisher->zope.globalrequest) (8.1)
#9 0.839 Downloading zope_globalrequest-3.0-py3-none-any.whl (5.1 kB)
#9 1.139 Installing collected packages: zope.globalrequest
#9 1.194 Successfully installed zope.globalrequest-3.0
#9 1.194 WARNING: Running pip as the 'root' user can result in broken permissions and conflicting behaviour with the system package manager. It is recommended to use a virtual environment instead: https://pip.pypa.io/warnings/venv
#9 1.199 
#9 1.199 [notice] A new release of pip is available: 24.0 -> 25.3
#9 1.199 [notice] To update, run: pip install --upgrade pip
#9 DONE 1.3s

#10 [ 6/47] RUN ["pip","install","zope.container"]
#10 0.494 Requirement already satisfied: zope.container in /usr/local/lib/python3.11/site-packages (7.0)
#10 0.508 Requirement already satisfied: BTrees in /usr/local/lib/python3.11/site-packages (from zope.container) (6.2)
#10 0.510 Requirement already satisfied: persistent>=4.1.0 in /usr/local/lib/python3.11/site-packages (from zope.container) (6.3)
#10 0.511 Requirement already satisfied: zope.cachedescriptors in /usr/local/lib/python3.11/site-packages (from zope.container) (6.0)
#10 0.512 Requirement already satisfied: zope.component in /usr/local/lib/python3.11/site-packages (from zope.container) (7.0)
#10 0.514 Requirement already satisfied: zope.deferredimport in /usr/local/lib/python3.11/site-packages (from zope.container) (6.0)
#10 0.515 Requirement already satisfied: zope.dottedname in /usr/local/lib/python3.11/site-packages (from zope.container) (7.0)
#10 0.516 Requirement already satisfied: zope.event in /usr/local/lib/python3.11/site-packages (from zope.container) (6.0)
#10 0.517 Requirement already satisfied: zope.filerepresentation in /usr/local/lib/python3.11/site-packages (from zope.container) (7.0)
#10 0.518 Requirement already satisfied: zope.i18nmessageid in /usr/local/lib/python3.11/site-packages (from zope.container) (8.1)
#10 0.520 Requirement already satisfied: zope.interface in /usr/local/lib/python3.11/site-packages (from zope.container) (8.0.1)
#10 0.521 Requirement already satisfied: zope.lifecycleevent>=3.5.2 in /usr/local/lib/python3.11/site-packages (from zope.container) (6.0)
#10 0.523 Requirement already satisfied: zope.location>=3.5.4 in /usr/local/lib/python3.11/site-packages (from zope.container) (6.0)
#10 0.524 Requirement already satisfied: zope.proxy>=4.1.5 in /usr/local/lib/python3.11/site-packages (from zope.container) (7.0)
#10 0.525 Requirement already satisfied: zope.publisher in /usr/local/lib/python3.11/site-packages (from zope.container) (8.0)
#10 0.527 Requirement already satisfied: zope.schema in /usr/local/lib/python3.11/site-packages (from zope.container) (8.1)
#10 0.529 Requirement already satisfied: zope.security in /usr/local/lib/python3.11/site-packages (from zope.container) (8.2)
#10 0.530 Requirement already satisfied: zope.size in /usr/local/lib/python3.11/site-packages (from zope.container) (6.0)
#10 0.531 Requirement already satisfied: zope.traversing>=4.0.0a1 in /usr/local/lib/python3.11/site-packages (from zope.container) (6.0)
#10 0.533 Requirement already satisfied: setuptools in /usr/local/lib/python3.11/site-packages (from zope.container) (79.0.1)
#10 0.539 Requirement already satisfied: cffi in /usr/local/lib/python3.11/site-packages (from persistent>=4.1.0->zope.container) (2.0.0)
#10 0.580 Requirement already satisfied: transaction in /usr/local/lib/python3.11/site-packages (from zope.traversing>=4.0.0a1->zope.container) (5.0)
#10 0.582 Requirement already satisfied: zope.i18n in /usr/local/lib/python3.11/site-packages (from zope.traversing>=4.0.0a1->zope.container) (6.0)
#10 0.635 Requirement already satisfied: zope.hookable>=4.2.0 in /usr/local/lib/python3.11/site-packages (from zope.component->zope.container) (8.1)
#10 0.665 Requirement already satisfied: multipart>=1.1.0 in /usr/local/lib/python3.11/site-packages (from zope.publisher->zope.container) (1.3.0)
#10 0.666 Requirement already satisfied: zope.browser in /usr/local/lib/python3.11/site-packages (from zope.publisher->zope.container) (4.0)
#10 0.668 Requirement already satisfied: zope.configuration in /usr/local/lib/python3.11/site-packages (from zope.publisher->zope.container) (7.0)
#10 0.669 Requirement already satisfied: zope.contenttype>=4.0.0 in /usr/local/lib/python3.11/site-packages (from zope.publisher->zope.container) (6.0)
#10 0.670 Requirement already satisfied: zope.exceptions in /usr/local/lib/python3.11/site-packages (from zope.publisher->zope.container) (6.0)
#10 0.720 Requirement already satisfied: python-gettext in /usr/local/lib/python3.11/site-packages (from zope.i18n->zope.traversing>=4.0.0a1->zope.container) (5.0)
#10 0.722 Requirement already satisfied: pytz in /usr/local/lib/python3.11/site-packages (from zope.i18n->zope.traversing>=4.0.0a1->zope.container) (2025.2)
#10 0.723 Requirement already satisfied: zope.deprecation in /usr/local/lib/python3.11/site-packages (from zope.i18n->zope.traversing>=4.0.0a1->zope.container) (6.0)
#10 0.728 Requirement already satisfied: pycparser in /usr/local/lib/python3.11/site-packages (from cffi->persistent>=4.1.0->zope.container) (2.23)
#10 1.030 WARNING: Running pip as the 'root' user can result in broken permissions and conflicting behaviour with the system package manager. It is recommended to use a virtual environment instead: https://pip.pypa.io/warnings/venv
#10 1.035 
#10 1.035 [notice] A new release of pip is available: 24.0 -> 25.3
#10 1.035 [notice] To update, run: pip install --upgrade pip
#10 DONE 1.1s

#11 [ 7/47] RUN ["pip","install","zope.testbrowser"]
#11 0.574 Collecting zope.testbrowser
#11 0.607   Downloading zope_testbrowser-8.0-py3-none-any.whl.metadata (20 kB)
#11 0.632 Requirement already satisfied: setuptools in /usr/local/lib/python3.11/site-packages (from zope.testbrowser) (79.0.1)
#11 0.634 Requirement already satisfied: zope.interface in /usr/local/lib/python3.11/site-packages (from zope.testbrowser) (8.0.1)
#11 0.636 Requirement already satisfied: zope.schema in /usr/local/lib/python3.11/site-packages (from zope.testbrowser) (8.1)
#11 0.637 Requirement already satisfied: zope.cachedescriptors in /usr/local/lib/python3.11/site-packages (from zope.testbrowser) (6.0)
#11 0.638 Requirement already satisfied: pytz in /usr/local/lib/python3.11/site-packages (from zope.testbrowser) (2025.2)
#11 0.675 Collecting WebTest>=2.0.30 (from zope.testbrowser)
#11 0.684   Downloading webtest-3.0.7-py3-none-any.whl.metadata (2.0 kB)
#11 0.737 Collecting BeautifulSoup4 (from zope.testbrowser)
#11 0.745   Downloading beautifulsoup4-4.14.2-py3-none-any.whl.metadata (3.8 kB)
#11 0.804 Collecting SoupSieve>=1.9.0 (from zope.testbrowser)
#11 0.813   Downloading soupsieve-2.8-py3-none-any.whl.metadata (4.6 kB)
#11 0.854 Collecting WSGIProxy2 (from zope.testbrowser)
#11 0.864   Downloading WSGIProxy2-0.5.1-py3-none-any.whl.metadata (2.7 kB)
#11 0.915 Collecting WebOb>=1.2 (from WebTest>=2.0.30->zope.testbrowser)
#11 0.924   Downloading WebOb-1.8.9-py2.py3-none-any.whl.metadata (11 kB)
#11 0.969 Collecting waitress>=3.0.2 (from WebTest>=2.0.30->zope.testbrowser)
#11 0.979   Downloading waitress-3.0.2-py3-none-any.whl.metadata (5.8 kB)
#11 1.053 Collecting typing-extensions>=4.0.0 (from BeautifulSoup4->zope.testbrowser)
#11 1.061   Downloading typing_extensions-4.15.0-py3-none-any.whl.metadata (3.3 kB)
#11 1.114 Requirement already satisfied: zope.event in /usr/local/lib/python3.11/site-packages (from zope.schema->zope.testbrowser) (6.0)
#11 1.139 Downloading zope_testbrowser-8.0-py3-none-any.whl (62 kB)
#11 1.173    ━━━━━━━━━━━━━━━━━━━━━━━━━━━━━━━━━━━━━━━━ 63.0/63.0 kB 1.7 MB/s eta 0:00:00
#11 1.181 Downloading soupsieve-2.8-py3-none-any.whl (36 kB)
#11 1.207 Downloading webtest-3.0.7-py3-none-any.whl (32 kB)
#11 1.224 Downloading beautifulsoup4-4.14.2-py3-none-any.whl (106 kB)
#11 1.250    ━━━━━━━━━━━━━━━━━━━━━━━━━━━━━━━━━━━━━━━━ 106.4/106.4 kB 4.1 MB/s eta 0:00:00
#11 1.260 Downloading WSGIProxy2-0.5.1-py3-none-any.whl (9.2 kB)
#11 1.285 Downloading typing_extensions-4.15.0-py3-none-any.whl (44 kB)
#11 1.296    ━━━━━━━━━━━━━━━━━━━━━━━━━━━━━━━━━━━━━━━━ 44.6/44.6 kB 3.6 MB/s eta 0:00:00
#11 1.306 Downloading waitress-3.0.2-py3-none-any.whl (56 kB)
#11 1.317    ━━━━━━━━━━━━━━━━━━━━━━━━━━━━━━━━━━━━━━━━ 56.2/56.2 kB 4.7 MB/s eta 0:00:00
#11 1.327 Downloading WebOb-1.8.9-py2.py3-none-any.whl (115 kB)
#11 1.340    ━━━━━━━━━━━━━━━━━━━━━━━━━━━━━━━━━━━━━━━━ 115.4/115.4 kB 9.8 MB/s eta 0:00:00
#11 1.658 Installing collected packages: WebOb, waitress, typing-extensions, SoupSieve, WSGIProxy2, BeautifulSoup4, WebTest, zope.testbrowser
#11 1.973 Successfully installed BeautifulSoup4-4.14.2 SoupSieve-2.8 WSGIProxy2-0.5.1 WebOb-1.8.9 WebTest-3.0.7 typing-extensions-4.15.0 waitress-3.0.2 zope.testbrowser-8.0
#11 1.973 WARNING: Running pip as the 'root' user can result in broken permissions and conflicting behaviour with the system package manager. It is recommended to use a virtual environment instead: https://pip.pypa.io/warnings/venv
#11 1.980 
#11 1.980 [notice] A new release of pip is available: 24.0 -> 25.3
#11 1.980 [notice] To update, run: pip install --upgrade pip
#11 DONE 2.1s

#12 [ 8/47] RUN ["pip","install","zope.applicationcontrol"]
#12 0.617 Collecting zope.applicationcontrol
#12 0.653   Downloading zope_applicationcontrol-6.0-py3-none-any.whl.metadata (3.6 kB)
#12 0.673 Requirement already satisfied: setuptools in /usr/local/lib/python3.11/site-packages (from zope.applicationcontrol) (79.0.1)
#12 0.675 Requirement already satisfied: zope.interface in /usr/local/lib/python3.11/site-packages (from zope.applicationcontrol) (8.0.1)
#12 0.676 Requirement already satisfied: zope.component in /usr/local/lib/python3.11/site-packages (from zope.applicationcontrol) (7.0)
#12 0.677 Requirement already satisfied: zope.location in /usr/local/lib/python3.11/site-packages (from zope.applicationcontrol) (6.0)
#12 0.679 Requirement already satisfied: zope.security in /usr/local/lib/python3.11/site-packages (from zope.applicationcontrol) (8.2)
#12 0.680 Requirement already satisfied: zope.traversing>=3.7.0 in /usr/local/lib/python3.11/site-packages (from zope.applicationcontrol) (6.0)
#12 0.690 Requirement already satisfied: transaction in /usr/local/lib/python3.11/site-packages (from zope.traversing>=3.7.0->zope.applicationcontrol) (5.0)
#12 0.692 Requirement already satisfied: zope.i18n in /usr/local/lib/python3.11/site-packages (from zope.traversing>=3.7.0->zope.applicationcontrol) (6.0)
#12 0.693 Requirement already satisfied: zope.i18nmessageid in /usr/local/lib/python3.11/site-packages (from zope.traversing>=3.7.0->zope.applicationcontrol) (8.1)
#12 0.695 Requirement already satisfied: zope.proxy in /usr/local/lib/python3.11/site-packages (from zope.traversing>=3.7.0->zope.applicationcontrol) (7.0)
#12 0.697 Requirement already satisfied: zope.publisher in /usr/local/lib/python3.11/site-packages (from zope.traversing>=3.7.0->zope.applicationcontrol) (8.0)
#12 0.713 Requirement already satisfied: zope.schema>=4.2.2 in /usr/local/lib/python3.11/site-packages (from zope.location->zope.applicationcontrol) (8.1)
#12 0.752 Requirement already satisfied: zope.event in /usr/local/lib/python3.11/site-packages (from zope.component->zope.applicationcontrol) (6.0)
#12 0.753 Requirement already satisfied: zope.hookable>=4.2.0 in /usr/local/lib/python3.11/site-packages (from zope.component->zope.applicationcontrol) (8.1)
#12 0.793 Requirement already satisfied: python-gettext in /usr/local/lib/python3.11/site-packages (from zope.i18n->zope.traversing>=3.7.0->zope.applicationcontrol) (5.0)
#12 0.794 Requirement already satisfied: pytz in /usr/local/lib/python3.11/site-packages (from zope.i18n->zope.traversing>=3.7.0->zope.applicationcontrol) (2025.2)
#12 0.795 Requirement already satisfied: zope.deprecation in /usr/local/lib/python3.11/site-packages (from zope.i18n->zope.traversing>=3.7.0->zope.applicationcontrol) (6.0)
#12 0.811 Requirement already satisfied: multipart>=1.1.0 in /usr/local/lib/python3.11/site-packages (from zope.publisher->zope.traversing>=3.7.0->zope.applicationcontrol) (1.3.0)
#12 0.812 Requirement already satisfied: zope.browser in /usr/local/lib/python3.11/site-packages (from zope.publisher->zope.traversing>=3.7.0->zope.applicationcontrol) (4.0)
#12 0.814 Requirement already satisfied: zope.configuration in /usr/local/lib/python3.11/site-packages (from zope.publisher->zope.traversing>=3.7.0->zope.applicationcontrol) (7.0)
#12 0.815 Requirement already satisfied: zope.contenttype>=4.0.0 in /usr/local/lib/python3.11/site-packages (from zope.publisher->zope.traversing>=3.7.0->zope.applicationcontrol) (6.0)
#12 0.817 Requirement already satisfied: zope.exceptions in /usr/local/lib/python3.11/site-packages (from zope.publisher->zope.traversing>=3.7.0->zope.applicationcontrol) (6.0)
#12 0.865 Downloading zope_applicationcontrol-6.0-py3-none-any.whl (11 kB)
#12 1.233 Installing collected packages: zope.applicationcontrol
#12 1.292 Successfully installed zope.applicationcontrol-6.0
#12 1.292 WARNING: Running pip as the 'root' user can result in broken permissions and conflicting behaviour with the system package manager. It is recommended to use a virtual environment instead: https://pip.pypa.io/warnings/venv
#12 1.301 
#12 1.301 [notice] A new release of pip is available: 24.0 -> 25.3
#12 1.301 [notice] To update, run: pip install --upgrade pip
#12 DONE 1.4s

#13 [ 9/47] RUN ["pip","install","zope.app.http"]
#13 0.631 Collecting zope.app.http
#13 0.667   Downloading zope_app_http-6.0-py3-none-any.whl.metadata (6.1 kB)
#13 0.685 Requirement already satisfied: setuptools in /usr/local/lib/python3.11/site-packages (from zope.app.http) (79.0.1)
#13 0.687 Requirement already satisfied: zope.interface in /usr/local/lib/python3.11/site-packages (from zope.app.http) (8.0.1)
#13 0.689 Requirement already satisfied: zope.publisher>=4.0.0a2 in /usr/local/lib/python3.11/site-packages (from zope.app.http) (8.0)
#13 0.690 Requirement already satisfied: zope.container>=4.0.0a2 in /usr/local/lib/python3.11/site-packages (from zope.app.http) (7.0)
#13 0.692 Requirement already satisfied: zope.filerepresentation in /usr/local/lib/python3.11/site-packages (from zope.app.http) (7.0)
#13 0.709 Requirement already satisfied: BTrees in /usr/local/lib/python3.11/site-packages (from zope.container>=4.0.0a2->zope.app.http) (6.2)
#13 0.710 Requirement already satisfied: persistent>=4.1.0 in /usr/local/lib/python3.11/site-packages (from zope.container>=4.0.0a2->zope.app.http) (6.3)
#13 0.712 Requirement already satisfied: zope.cachedescriptors in /usr/local/lib/python3.11/site-packages (from zope.container>=4.0.0a2->zope.app.http) (6.0)
#13 0.714 Requirement already satisfied: zope.component in /usr/local/lib/python3.11/site-packages (from zope.container>=4.0.0a2->zope.app.http) (7.0)
#13 0.715 Requirement already satisfied: zope.deferredimport in /usr/local/lib/python3.11/site-packages (from zope.container>=4.0.0a2->zope.app.http) (6.0)
#13 0.716 Requirement already satisfied: zope.dottedname in /usr/local/lib/python3.11/site-packages (from zope.container>=4.0.0a2->zope.app.http) (7.0)
#13 0.717 Requirement already satisfied: zope.event in /usr/local/lib/python3.11/site-packages (from zope.container>=4.0.0a2->zope.app.http) (6.0)
#13 0.719 Requirement already satisfied: zope.i18nmessageid in /usr/local/lib/python3.11/site-packages (from zope.container>=4.0.0a2->zope.app.http) (8.1)
#13 0.721 Requirement already satisfied: zope.lifecycleevent>=3.5.2 in /usr/local/lib/python3.11/site-packages (from zope.container>=4.0.0a2->zope.app.http) (6.0)
#13 0.722 Requirement already satisfied: zope.location>=3.5.4 in /usr/local/lib/python3.11/site-packages (from zope.container>=4.0.0a2->zope.app.http) (6.0)
#13 0.723 Requirement already satisfied: zope.proxy>=4.1.5 in /usr/local/lib/python3.11/site-packages (from zope.container>=4.0.0a2->zope.app.http) (7.0)
#13 0.725 Requirement already satisfied: zope.schema in /usr/local/lib/python3.11/site-packages (from zope.container>=4.0.0a2->zope.app.http) (8.1)
#13 0.727 Requirement already satisfied: zope.security in /usr/local/lib/python3.11/site-packages (from zope.container>=4.0.0a2->zope.app.http) (8.2)
#13 0.728 Requirement already satisfied: zope.size in /usr/local/lib/python3.11/site-packages (from zope.container>=4.0.0a2->zope.app.http) (6.0)
#13 0.730 Requirement already satisfied: zope.traversing>=4.0.0a1 in /usr/local/lib/python3.11/site-packages (from zope.container>=4.0.0a2->zope.app.http) (6.0)
#13 0.740 Requirement already satisfied: multipart>=1.1.0 in /usr/local/lib/python3.11/site-packages (from zope.publisher>=4.0.0a2->zope.app.http) (1.3.0)
#13 0.741 Requirement already satisfied: zope.browser in /usr/local/lib/python3.11/site-packages (from zope.publisher>=4.0.0a2->zope.app.http) (4.0)
#13 0.743 Requirement already satisfied: zope.configuration in /usr/local/lib/python3.11/site-packages (from zope.publisher>=4.0.0a2->zope.app.http) (7.0)
#13 0.744 Requirement already satisfied: zope.contenttype>=4.0.0 in /usr/local/lib/python3.11/site-packages (from zope.publisher>=4.0.0a2->zope.app.http) (6.0)
#13 0.746 Requirement already satisfied: zope.exceptions in /usr/local/lib/python3.11/site-packages (from zope.publisher>=4.0.0a2->zope.app.http) (6.0)
#13 0.747 Requirement already satisfied: zope.i18n>=4.0.0 in /usr/local/lib/python3.11/site-packages (from zope.publisher>=4.0.0a2->zope.app.http) (6.0)
#13 0.797 Requirement already satisfied: cffi in /usr/local/lib/python3.11/site-packages (from persistent>=4.1.0->zope.container>=4.0.0a2->zope.app.http) (2.0.0)
#13 0.809 Requirement already satisfied: python-gettext in /usr/local/lib/python3.11/site-packages (from zope.i18n>=4.0.0->zope.publisher>=4.0.0a2->zope.app.http) (5.0)
#13 0.810 Requirement already satisfied: pytz in /usr/local/lib/python3.11/site-packages (from zope.i18n>=4.0.0->zope.publisher>=4.0.0a2->zope.app.http) (2025.2)
#13 0.811 Requirement already satisfied: zope.deprecation in /usr/local/lib/python3.11/site-packages (from zope.i18n>=4.0.0->zope.publisher>=4.0.0a2->zope.app.http) (6.0)
#13 0.870 Requirement already satisfied: transaction in /usr/local/lib/python3.11/site-packages (from zope.traversing>=4.0.0a1->zope.container>=4.0.0a2->zope.app.http) (5.0)
#13 0.900 Requirement already satisfied: zope.hookable>=4.2.0 in /usr/local/lib/python3.11/site-packages (from zope.component->zope.container>=4.0.0a2->zope.app.http) (8.1)
#13 0.940 Requirement already satisfied: pycparser in /usr/local/lib/python3.11/site-packages (from cffi->persistent>=4.1.0->zope.container>=4.0.0a2->zope.app.http) (2.23)
#13 0.968 Downloading zope_app_http-6.0-py3-none-any.whl (23 kB)
#13 1.314 Installing collected packages: zope.app.http
#13 1.382 Successfully installed zope.app.http-6.0
#13 1.382 WARNING: Running pip as the 'root' user can result in broken permissions and conflicting behaviour with the system package manager. It is recommended to use a virtual environment instead: https://pip.pypa.io/warnings/venv
#13 1.387 
#13 1.387 [notice] A new release of pip is available: 24.0 -> 25.3
#13 1.387 [notice] To update, run: pip install --upgrade pip
#13 DONE 1.5s

#14 [10/47] RUN ["pip","install","zope.i18n"]
#14 0.605 Requirement already satisfied: zope.i18n in /usr/local/lib/python3.11/site-packages (6.0)
#14 0.615 Requirement already satisfied: setuptools in /usr/local/lib/python3.11/site-packages (from zope.i18n) (79.0.1)
#14 0.616 Requirement already satisfied: python-gettext in /usr/local/lib/python3.11/site-packages (from zope.i18n) (5.0)
#14 0.618 Requirement already satisfied: pytz in /usr/local/lib/python3.11/site-packages (from zope.i18n) (2025.2)
#14 0.619 Requirement already satisfied: zope.deprecation in /usr/local/lib/python3.11/site-packages (from zope.i18n) (6.0)
#14 0.623 Requirement already satisfied: zope.schema in /usr/local/lib/python3.11/site-packages (from zope.i18n) (8.1)
#14 0.625 Requirement already satisfied: zope.i18nmessageid>=4.3 in /usr/local/lib/python3.11/site-packages (from zope.i18n) (8.1)
#14 0.627 Requirement already satisfied: zope.component in /usr/local/lib/python3.11/site-packages (from zope.i18n) (7.0)
#14 0.677 Requirement already satisfied: zope.event in /usr/local/lib/python3.11/site-packages (from zope.component->zope.i18n) (6.0)
#14 0.678 Requirement already satisfied: zope.hookable>=4.2.0 in /usr/local/lib/python3.11/site-packages (from zope.component->zope.i18n) (8.1)
#14 0.680 Requirement already satisfied: zope.interface>=5.3 in /usr/local/lib/python3.11/site-packages (from zope.component->zope.i18n) (8.0.1)
#14 0.993 WARNING: Running pip as the 'root' user can result in broken permissions and conflicting behaviour with the system package manager. It is recommended to use a virtual environment instead: https://pip.pypa.io/warnings/venv
#14 0.998 
#14 0.998 [notice] A new release of pip is available: 24.0 -> 25.3
#14 0.998 [notice] To update, run: pip install --upgrade pip
#14 DONE 1.1s

#15 [11/47] RUN ["pip","install","zope.app.securitypolicy"]
#15 0.563 Collecting zope.app.securitypolicy
#15 0.599   Downloading zope.app.securitypolicy-3.6.1.tar.gz (9.1 kB)
#15 0.618   Preparing metadata (setup.py): started
#15 1.088   Preparing metadata (setup.py): finished with status 'done'
#15 1.098 Requirement already satisfied: setuptools in /usr/local/lib/python3.11/site-packages (from zope.app.securitypolicy) (79.0.1)
#15 1.100 Requirement already satisfied: zope.annotation in /usr/local/lib/python3.11/site-packages (from zope.app.securitypolicy) (6.0)
#15 1.129 Collecting zope.app.authentication>=3.8 (from zope.app.securitypolicy)
#15 1.139   Downloading zope_app_authentication-6.0-py3-none-any.whl.metadata (47 kB)
#15 1.169      ━━━━━━━━━━━━━━━━━━━━━━━━━━━━━━━━━━━━━━━━ 47.7/47.7 kB 1.4 MB/s eta 0:00:00
#15 1.203 Collecting zope.app.form (from zope.app.securitypolicy)
#15 1.212   Downloading zope_app_form-7.0-py3-none-any.whl.metadata (8.5 kB)
#15 1.248 Collecting zope.app.security (from zope.app.securitypolicy)
#15 1.257   Downloading zope_app_security-8.0-py3-none-any.whl.metadata (16 kB)
#15 1.269 Requirement already satisfied: zope.browser in /usr/local/lib/python3.11/site-packages (from zope.app.securitypolicy) (4.0)
#15 1.271 Requirement already satisfied: zope.component[hook] in /usr/local/lib/python3.11/site-packages (from zope.app.securitypolicy) (7.0)
#15 1.272 Requirement already satisfied: zope.configuration in /usr/local/lib/python3.11/site-packages (from zope.app.securitypolicy) (7.0)
#15 1.273 Requirement already satisfied: zope.exceptions in /usr/local/lib/python3.11/site-packages (from zope.app.securitypolicy) (6.0)
#15 1.275 Requirement already satisfied: zope.i18n in /usr/local/lib/python3.11/site-packages (from zope.app.securitypolicy) (6.0)
#15 1.276 Requirement already satisfied: zope.i18nmessageid>=3.4.2 in /usr/local/lib/python3.11/site-packages (from zope.app.securitypolicy) (8.1)
#15 1.278 Requirement already satisfied: zope.interface in /usr/local/lib/python3.11/site-packages (from zope.app.securitypolicy) (8.0.1)
#15 1.279 Requirement already satisfied: zope.location in /usr/local/lib/python3.11/site-packages (from zope.app.securitypolicy) (6.0)
#15 1.282 Requirement already satisfied: zope.schema in /usr/local/lib/python3.11/site-packages (from zope.app.securitypolicy) (8.1)
#15 1.284 Requirement already satisfied: zope.security in /usr/local/lib/python3.11/site-packages (from zope.app.securitypolicy) (8.2)
#15 1.412 Collecting zope.securitypolicy (from zope.app.securitypolicy)
#15 1.421   Downloading zope_securitypolicy-6.0-py3-none-any.whl.metadata (26 kB)
#15 1.598 Collecting zope.authentication (from zope.app.authentication>=3.8->zope.app.securitypolicy)
#15 1.607   Downloading zope_authentication-6.0-py3-none-any.whl.metadata (5.3 kB)
#15 1.619 Requirement already satisfied: zope.container in /usr/local/lib/python3.11/site-packages (from zope.app.authentication>=3.8->zope.app.securitypolicy) (7.0)
#15 1.620 Requirement already satisfied: zope.dublincore in /usr/local/lib/python3.11/site-packages (from zope.app.authentication>=3.8->zope.app.securitypolicy) (6.0)
#15 1.622 Requirement already satisfied: zope.event in /usr/local/lib/python3.11/site-packages (from zope.app.authentication>=3.8->zope.app.securitypolicy) (6.0)
#15 1.623 Requirement already satisfied: zope.formlib>=4.0.2 in /usr/local/lib/python3.11/site-packages (from zope.app.authentication>=3.8->zope.app.securitypolicy) (7.0)
#15 1.765 Collecting zope.password>=3.5.1 (from zope.app.authentication>=3.8->zope.app.securitypolicy)
#15 1.774   Downloading zope_password-6.1-py3-none-any.whl.metadata (8.8 kB)
#15 1.817 Collecting zope.pluggableauth>=2.2.0 (from zope.app.authentication>=3.8->zope.app.securitypolicy)
#15 1.825   Downloading zope_pluggableauth-5.0-py3-none-any.whl.metadata (43 kB)
#15 1.845      ━━━━━━━━━━━━━━━━━━━━━━━━━━━━━━━━━━━━━━━━ 43.7/43.7 kB 1.9 MB/s eta 0:00:00
#15 1.850 Requirement already satisfied: zope.traversing in /usr/local/lib/python3.11/site-packages (from zope.app.authentication>=3.8->zope.app.securitypolicy) (6.0)
#15 1.852 Requirement already satisfied: zope.app.container>=4.0.0 in /usr/local/lib/python3.11/site-packages (from zope.app.authentication>=3.8->zope.app.securitypolicy) (6.0)
#15 1.853 Requirement already satisfied: zope.app.component>=4.0.0 in /usr/local/lib/python3.11/site-packages (from zope.app.authentication>=3.8->zope.app.securitypolicy) (6.0)
#15 1.900 Requirement already satisfied: zope.proxy in /usr/local/lib/python3.11/site-packages (from zope.annotation->zope.app.securitypolicy) (7.0)
#15 1.911 Requirement already satisfied: transaction in /usr/local/lib/python3.11/site-packages (from zope.app.form->zope.app.securitypolicy) (5.0)
#15 1.913 Requirement already satisfied: zope.browserpage>=3.10.1 in /usr/local/lib/python3.11/site-packages (from zope.app.form->zope.app.securitypolicy) (6.0)
#15 1.914 Requirement already satisfied: zope.browsermenu in /usr/local/lib/python3.11/site-packages (from zope.app.form->zope.app.securitypolicy) (6.0)
#15 1.916 Requirement already satisfied: zope.datetime in /usr/local/lib/python3.11/site-packages (from zope.app.form->zope.app.securitypolicy) (6.0)
#15 1.919 Requirement already satisfied: zope.publisher>=4.3.1 in /usr/local/lib/python3.11/site-packages (from zope.app.form->zope.app.securitypolicy) (8.0)
#15 1.991 Collecting zope.app.localpermission (from zope.app.security->zope.app.securitypolicy)
#15 2.000   Downloading zope.app.localpermission-5.0-py3-none-any.whl.metadata (2.7 kB)
#15 2.012 Requirement already satisfied: zope.app.pagetemplate in /usr/local/lib/python3.11/site-packages (from zope.app.security->zope.app.securitypolicy) (6.0)
#15 2.038 Collecting zope.app.publisher (from zope.app.security->zope.app.securitypolicy)
#15 2.047   Downloading zope_app_publisher-6.0-py3-none-any.whl.metadata (11 kB)
#15 2.096 Collecting zope.principalregistry (from zope.app.security->zope.app.securitypolicy)
#15 2.106   Downloading zope_principalregistry-6.0-py3-none-any.whl.metadata (5.8 kB)
#15 2.253 Collecting zope.login (from zope.app.security->zope.app.securitypolicy)
#15 2.261   Downloading zope_login-4.0-py3-none-any.whl.metadata (4.1 kB)
#15 2.289 Requirement already satisfied: zope.hookable>=4.2.0 in /usr/local/lib/python3.11/site-packages (from zope.component[hook]->zope.app.securitypolicy) (8.1)
#15 2.302 Requirement already satisfied: python-gettext in /usr/local/lib/python3.11/site-packages (from zope.i18n->zope.app.securitypolicy) (5.0)
#15 2.304 Requirement already satisfied: pytz in /usr/local/lib/python3.11/site-packages (from zope.i18n->zope.app.securitypolicy) (2025.2)
#15 2.305 Requirement already satisfied: zope.deprecation in /usr/local/lib/python3.11/site-packages (from zope.i18n->zope.app.securitypolicy) (6.0)
#15 2.334 Requirement already satisfied: persistent in /usr/local/lib/python3.11/site-packages (from zope.securitypolicy->zope.app.securitypolicy) (6.3)
#15 2.358 Requirement already satisfied: zope.site in /usr/local/lib/python3.11/site-packages (from zope.app.component>=4.0.0->zope.app.authentication>=3.8->zope.app.securitypolicy) (6.0)
#15 2.365 Requirement already satisfied: zope.componentvocabulary in /usr/local/lib/python3.11/site-packages (from zope.app.component>=4.0.0->zope.app.authentication>=3.8->zope.app.securitypolicy) (4.0)
#15 2.386 Requirement already satisfied: zope.copypastemove in /usr/local/lib/python3.11/site-packages (from zope.app.container>=4.0.0->zope.app.authentication>=3.8->zope.app.securitypolicy) (6.0)
#15 2.389 Requirement already satisfied: zope.lifecycleevent in /usr/local/lib/python3.11/site-packages (from zope.app.container>=4.0.0->zope.app.authentication>=3.8->zope.app.securitypolicy) (6.0)
#15 2.392 Requirement already satisfied: zope.size in /usr/local/lib/python3.11/site-packages (from zope.app.container>=4.0.0->zope.app.authentication>=3.8->zope.app.securitypolicy) (6.0)
#15 2.413 Requirement already satisfied: zope.pagetemplate>=3.5.1 in /usr/local/lib/python3.11/site-packages (from zope.app.pagetemplate->zope.app.security->zope.app.securitypolicy) (6.0)
#15 2.416 Requirement already satisfied: zope.tales in /usr/local/lib/python3.11/site-packages (from zope.app.pagetemplate->zope.app.security->zope.app.securitypolicy) (7.0)
#15 2.424 Requirement already satisfied: zope.tal>=4.2.0 in /usr/local/lib/python3.11/site-packages (from zope.browserpage>=3.10.1->zope.app.form->zope.app.securitypolicy) (6.0)
#15 2.468 Requirement already satisfied: zope.browserresource in /usr/local/lib/python3.11/site-packages (from zope.formlib>=4.0.2->zope.app.authentication>=3.8->zope.app.securitypolicy) (6.0)
#15 2.537 Collecting zope.session (from zope.pluggableauth>=2.2.0->zope.app.authentication>=3.8->zope.app.securitypolicy)
#15 2.546   Downloading zope_session-6.0-py3-none-any.whl.metadata (9.5 kB)
#15 2.583 Requirement already satisfied: multipart>=1.1.0 in /usr/local/lib/python3.11/site-packages (from zope.publisher>=4.3.1->zope.app.form->zope.app.securitypolicy) (1.3.0)
#15 2.585 Requirement already satisfied: zope.contenttype>=4.0.0 in /usr/local/lib/python3.11/site-packages (from zope.publisher>=4.3.1->zope.app.form->zope.app.securitypolicy) (6.0)
#15 2.596 Requirement already satisfied: zope.deferredimport in /usr/local/lib/python3.11/site-packages (from persistent->zope.securitypolicy->zope.app.securitypolicy) (6.0)
#15 2.598 Requirement already satisfied: cffi in /usr/local/lib/python3.11/site-packages (from persistent->zope.securitypolicy->zope.app.securitypolicy) (2.0.0)
#15 2.665 Collecting zope.ptresource (from zope.app.publisher->zope.app.security->zope.app.securitypolicy)
#15 2.674   Downloading zope_ptresource-6.0-py3-none-any.whl.metadata (4.9 kB)
#15 2.741 Requirement already satisfied: BTrees in /usr/local/lib/python3.11/site-packages (from zope.container->zope.app.authentication>=3.8->zope.app.securitypolicy) (6.2)
#15 2.743 Requirement already satisfied: zope.cachedescriptors in /usr/local/lib/python3.11/site-packages (from zope.container->zope.app.authentication>=3.8->zope.app.securitypolicy) (6.0)
#15 2.745 Requirement already satisfied: zope.dottedname in /usr/local/lib/python3.11/site-packages (from zope.container->zope.app.authentication>=3.8->zope.app.securitypolicy) (7.0)
#15 2.747 Requirement already satisfied: zope.filerepresentation in /usr/local/lib/python3.11/site-packages (from zope.container->zope.app.authentication>=3.8->zope.app.securitypolicy) (7.0)
#15 2.883 Requirement already satisfied: pycparser in /usr/local/lib/python3.11/site-packages (from cffi->persistent->zope.securitypolicy->zope.app.securitypolicy) (2.23)
#15 2.946 Requirement already satisfied: zope.copy in /usr/local/lib/python3.11/site-packages (from zope.copypastemove->zope.app.container>=4.0.0->zope.app.authentication>=3.8->zope.app.securitypolicy) (6.0)
#15 3.041 Collecting ZODB>=4.2.0.b1 (from zope.session->zope.pluggableauth>=2.2.0->zope.app.authentication>=3.8->zope.app.securitypolicy)
#15 3.051   Downloading zodb-6.1-py3-none-any.whl.metadata (25 kB)
#15 3.270 Collecting zope.minmax (from zope.session->zope.pluggableauth>=2.2.0->zope.app.authentication>=3.8->zope.app.securitypolicy)
#15 3.280   Downloading zope_minmax-4.0-py3-none-any.whl.metadata (4.6 kB)
#15 3.374 Collecting ZConfig (from ZODB>=4.2.0.b1->zope.session->zope.pluggableauth>=2.2.0->zope.app.authentication>=3.8->zope.app.securitypolicy)
#15 3.383   Downloading ZConfig-4.2-py3-none-any.whl.metadata (17 kB)
#15 3.430 Collecting zc.lockfile (from ZODB>=4.2.0.b1->zope.session->zope.pluggableauth>=2.2.0->zope.app.authentication>=3.8->zope.app.securitypolicy)
#15 3.438   Downloading zc_lockfile-4.0-py3-none-any.whl.metadata (6.6 kB)
#15 3.456 Requirement already satisfied: zodbpickle>=1.0.1 in /usr/local/lib/python3.11/site-packages (from ZODB>=4.2.0.b1->zope.session->zope.pluggableauth>=2.2.0->zope.app.authentication>=3.8->zope.app.securitypolicy) (4.2)
#15 3.529 Downloading zope_app_authentication-6.0-py3-none-any.whl (87 kB)
#15 3.546    ━━━━━━━━━━━━━━━━━━━━━━━━━━━━━━━━━━━━━━━━ 87.9/87.9 kB 5.4 MB/s eta 0:00:00
#15 3.556 Downloading zope_app_form-7.0-py3-none-any.whl (75 kB)
#15 3.568    ━━━━━━━━━━━━━━━━━━━━━━━━━━━━━━━━━━━━━━━━ 75.3/75.3 kB 6.9 MB/s eta 0:00:00
#15 3.578 Downloading zope_app_security-8.0-py3-none-any.whl (43 kB)
#15 3.589    ━━━━━━━━━━━━━━━━━━━━━━━━━━━━━━━━━━━━━━━━ 43.8/43.8 kB 3.6 MB/s eta 0:00:00
#15 3.598 Downloading zope_securitypolicy-6.0-py3-none-any.whl (54 kB)
#15 3.612    ━━━━━━━━━━━━━━━━━━━━━━━━━━━━━━━━━━━━━━━━ 54.6/54.6 kB 3.6 MB/s eta 0:00:00
#15 3.621 Downloading zope_password-6.1-py3-none-any.whl (24 kB)
#15 3.644 Downloading zope_pluggableauth-5.0-py3-none-any.whl (52 kB)
#15 3.660    ━━━━━━━━━━━━━━━━━━━━━━━━━━━━━━━━━━━━━━━━ 52.9/52.9 kB 3.2 MB/s eta 0:00:00
#15 3.668 Downloading zope.app.localpermission-5.0-py3-none-any.whl (7.5 kB)
#15 3.687 Downloading zope_app_publisher-6.0-py3-none-any.whl (47 kB)
#15 3.699    ━━━━━━━━━━━━━━━━━━━━━━━━━━━━━━━━━━━━━━━━ 47.6/47.6 kB 4.1 MB/s eta 0:00:00
#15 3.708 Downloading zope_authentication-6.0-py3-none-any.whl (14 kB)
#15 3.726 Downloading zope_login-4.0-py3-none-any.whl (7.9 kB)
#15 3.749 Downloading zope_principalregistry-6.0-py3-none-any.whl (15 kB)
#15 3.774 Downloading zope_ptresource-6.0-py3-none-any.whl (7.1 kB)
#15 3.797 Downloading zope_session-6.0-py3-none-any.whl (24 kB)
#15 3.816 Downloading zodb-6.1-py3-none-any.whl (418 kB)
#15 3.845    ━━━━━━━━━━━━━━━━━━━━━━━━━━━━━━━━━━━━━━━━ 418.5/418.5 kB 15.1 MB/s eta 0:00:00
#15 3.855 Downloading zope_minmax-4.0-py3-none-any.whl (5.7 kB)
#15 3.878 Downloading zc_lockfile-4.0-py3-none-any.whl (9.1 kB)
#15 3.896 Downloading ZConfig-4.2-py3-none-any.whl (131 kB)
#15 3.914    ━━━━━━━━━━━━━━━━━━━━━━━━━━━━━━━━━━━━━━━━ 131.4/131.4 kB 7.6 MB/s eta 0:00:00
#15 3.928 Building wheels for collected packages: zope.app.securitypolicy
#15 3.929   Building wheel for zope.app.securitypolicy (setup.py): started
#15 4.129   Building wheel for zope.app.securitypolicy (setup.py): finished with status 'done'
#15 4.129   Created wheel for zope.app.securitypolicy: filename=zope_app_securitypolicy-3.6.1-py3-none-any.whl size=14547 sha256=a83ab520d202ec9d84b0dc683b53fae2a67d3bc7f7781a83a0e0e71799969ffa
#15 4.130   Stored in directory: /root/.cache/pip/wheels/6a/8a/62/36d6369ff4c1f034b755b4829c18b26123297f381621d47a22
#15 4.131 Successfully built zope.app.securitypolicy
#15 4.545 Installing collected packages: ZConfig, zc.lockfile, zope.password, zope.minmax, zope.authentication, zope.app.localpermission, ZODB, zope.securitypolicy, zope.principalregistry, zope.login, zope.session, zope.ptresource, zope.pluggableauth, zope.app.publisher, zope.app.security, zope.app.form, zope.app.authentication, zope.app.securitypolicy
#15 5.167 Successfully installed ZConfig-4.2 ZODB-6.1 zc.lockfile-4.0 zope.app.authentication-6.0 zope.app.form-7.0 zope.app.localpermission-5.0 zope.app.publisher-6.0 zope.app.security-8.0 zope.app.securitypolicy-3.6.1 zope.authentication-6.0 zope.login-4.0 zope.minmax-4.0 zope.password-6.1 zope.pluggableauth-5.0 zope.principalregistry-6.0 zope.ptresource-6.0 zope.securitypolicy-6.0 zope.session-6.0
#15 5.168 WARNING: Running pip as the 'root' user can result in broken permissions and conflicting behaviour with the system package manager. It is recommended to use a virtual environment instead: https://pip.pypa.io/warnings/venv
#15 5.175 
#15 5.175 [notice] A new release of pip is available: 24.0 -> 25.3
#15 5.175 [notice] To update, run: pip install --upgrade pip
#15 DONE 5.4s

#16 [12/47] RUN ["pip","install","six"]
#16 0.567 Collecting six
#16 0.610   Downloading six-1.17.0-py2.py3-none-any.whl.metadata (1.7 kB)
#16 0.638 Downloading six-1.17.0-py2.py3-none-any.whl (11 kB)
#16 1.050 Installing collected packages: six
#16 1.112 Successfully installed six-1.17.0
#16 1.112 WARNING: Running pip as the 'root' user can result in broken permissions and conflicting behaviour with the system package manager. It is recommended to use a virtual environment instead: https://pip.pypa.io/warnings/venv
#16 1.118 
#16 1.118 [notice] A new release of pip is available: 24.0 -> 25.3
#16 1.118 [notice] To update, run: pip install --upgrade pip
#16 DONE 1.2s

#17 [13/47] RUN ["pip","install","zope.interface"]
#17 0.507 Requirement already satisfied: zope.interface in /usr/local/lib/python3.11/site-packages (8.0.1)
#17 0.939 WARNING: Running pip as the 'root' user can result in broken permissions and conflicting behaviour with the system package manager. It is recommended to use a virtual environment instead: https://pip.pypa.io/warnings/venv
#17 0.946 
#17 0.946 [notice] A new release of pip is available: 24.0 -> 25.3
#17 0.946 [notice] To update, run: pip install --upgrade pip
#17 DONE 1.0s

#18 [14/47] RUN ["pip","install","zope.index"]
#18 0.808 Collecting zope.index
#18 0.844   Downloading zope_index-8.0-cp311-cp311-manylinux1_x86_64.manylinux2014_x86_64.manylinux_2_17_x86_64.manylinux_2_5_x86_64.whl.metadata (11 kB)
#18 0.871 Requirement already satisfied: persistent in /usr/local/lib/python3.11/site-packages (from zope.index) (6.3)
#18 0.873 Requirement already satisfied: BTrees>=4.4.1 in /usr/local/lib/python3.11/site-packages (from zope.index) (6.2)
#18 0.874 Requirement already satisfied: setuptools in /usr/local/lib/python3.11/site-packages (from zope.index) (79.0.1)
#18 0.876 Requirement already satisfied: zope.interface in /usr/local/lib/python3.11/site-packages (from zope.index) (8.0.1)
#18 0.887 Requirement already satisfied: zope.deferredimport in /usr/local/lib/python3.11/site-packages (from persistent->zope.index) (6.0)
#18 0.889 Requirement already satisfied: cffi in /usr/local/lib/python3.11/site-packages (from persistent->zope.index) (2.0.0)
#18 0.921 Requirement already satisfied: pycparser in /usr/local/lib/python3.11/site-packages (from cffi->persistent->zope.index) (2.23)
#18 0.925 Requirement already satisfied: zope.proxy in /usr/local/lib/python3.11/site-packages (from zope.deferredimport->persistent->zope.index) (7.0)
#18 0.942 Downloading zope_index-8.0-cp311-cp311-manylinux1_x86_64.manylinux2014_x86_64.manylinux_2_17_x86_64.manylinux_2_5_x86_64.whl (99 kB)
#18 0.977    ━━━━━━━━━━━━━━━━━━━━━━━━━━━━━━━━━━━━━━━━ 99.9/99.9 kB 2.7 MB/s eta 0:00:00
#18 1.386 Installing collected packages: zope.index
#18 1.490 Successfully installed zope.index-8.0
#18 1.490 WARNING: Running pip as the 'root' user can result in broken permissions and conflicting behaviour with the system package manager. It is recommended to use a virtual environment instead: https://pip.pypa.io/warnings/venv
#18 1.496 
#18 1.496 [notice] A new release of pip is available: 24.0 -> 25.3
#18 1.496 [notice] To update, run: pip install --upgrade pip
#18 DONE 1.6s

#19 [15/47] RUN ["pip","install","zope.deprecation"]
#19 0.525 Requirement already satisfied: zope.deprecation in /usr/local/lib/python3.11/site-packages (6.0)
#19 0.528 Requirement already satisfied: setuptools in /usr/local/lib/python3.11/site-packages (from zope.deprecation) (79.0.1)
#19 0.950 WARNING: Running pip as the 'root' user can result in broken permissions and conflicting behaviour with the system package manager. It is recommended to use a virtual environment instead: https://pip.pypa.io/warnings/venv
#19 0.955 
#19 0.955 [notice] A new release of pip is available: 24.0 -> 25.3
#19 0.955 [notice] To update, run: pip install --upgrade pip
#19 DONE 1.0s

#20 [16/47] RUN ["pip","install","zope.annotation"]
#20 0.510 Requirement already satisfied: zope.annotation in /usr/local/lib/python3.11/site-packages (6.0)
#20 0.523 Requirement already satisfied: setuptools in /usr/local/lib/python3.11/site-packages (from zope.annotation) (79.0.1)
#20 0.524 Requirement already satisfied: zope.interface in /usr/local/lib/python3.11/site-packages (from zope.annotation) (8.0.1)
#20 0.526 Requirement already satisfied: zope.component in /usr/local/lib/python3.11/site-packages (from zope.annotation) (7.0)
#20 0.527 Requirement already satisfied: zope.location in /usr/local/lib/python3.11/site-packages (from zope.annotation) (6.0)
#20 0.528 Requirement already satisfied: zope.proxy in /usr/local/lib/python3.11/site-packages (from zope.annotation) (7.0)
#20 0.565 Requirement already satisfied: zope.event in /usr/local/lib/python3.11/site-packages (from zope.component->zope.annotation) (6.0)
#20 0.567 Requirement already satisfied: zope.hookable>=4.2.0 in /usr/local/lib/python3.11/site-packages (from zope.component->zope.annotation) (8.1)
#20 0.583 Requirement already satisfied: zope.schema>=4.2.2 in /usr/local/lib/python3.11/site-packages (from zope.location->zope.annotation) (8.1)
#20 0.983 WARNING: Running pip as the 'root' user can result in broken permissions and conflicting behaviour with the system package manager. It is recommended to use a virtual environment instead: https://pip.pypa.io/warnings/venv
#20 0.988 
#20 0.988 [notice] A new release of pip is available: 24.0 -> 25.3
#20 0.988 [notice] To update, run: pip install --upgrade pip
#20 DONE 1.1s

#21 [17/47] RUN ["pip","install","zope.browserresource"]
#21 0.507 Requirement already satisfied: zope.browserresource in /usr/local/lib/python3.11/site-packages (6.0)
#21 0.516 Requirement already satisfied: setuptools in /usr/local/lib/python3.11/site-packages (from zope.browserresource) (79.0.1)
#21 0.518 Requirement already satisfied: zope.component>=3.8.0 in /usr/local/lib/python3.11/site-packages (from zope.browserresource) (7.0)
#21 0.519 Requirement already satisfied: zope.configuration in /usr/local/lib/python3.11/site-packages (from zope.browserresource) (7.0)
#21 0.520 Requirement already satisfied: zope.contenttype>=4.0.1 in /usr/local/lib/python3.11/site-packages (from zope.browserresource) (6.0)
#21 0.521 Requirement already satisfied: zope.i18n in /usr/local/lib/python3.11/site-packages (from zope.browserresource) (6.0)
#21 0.524 Requirement already satisfied: zope.interface in /usr/local/lib/python3.11/site-packages (from zope.browserresource) (8.0.1)
#21 0.525 Requirement already satisfied: zope.location in /usr/local/lib/python3.11/site-packages (from zope.browserresource) (6.0)
#21 0.526 Requirement already satisfied: zope.publisher>=3.8 in /usr/local/lib/python3.11/site-packages (from zope.browserresource) (8.0)
#21 0.528 Requirement already satisfied: zope.schema in /usr/local/lib/python3.11/site-packages (from zope.browserresource) (8.1)
#21 0.529 Requirement already satisfied: zope.traversing>3.7 in /usr/local/lib/python3.11/site-packages (from zope.browserresource) (6.0)
#21 0.542 Requirement already satisfied: zope.event in /usr/local/lib/python3.11/site-packages (from zope.component>=3.8.0->zope.browserresource) (6.0)
#21 0.543 Requirement already satisfied: zope.hookable>=4.2.0 in /usr/local/lib/python3.11/site-packages (from zope.component>=3.8.0->zope.browserresource) (8.1)
#21 0.559 Requirement already satisfied: multipart>=1.1.0 in /usr/local/lib/python3.11/site-packages (from zope.publisher>=3.8->zope.browserresource) (1.3.0)
#21 0.561 Requirement already satisfied: zope.browser in /usr/local/lib/python3.11/site-packages (from zope.publisher>=3.8->zope.browserresource) (4.0)
#21 0.563 Requirement already satisfied: zope.exceptions in /usr/local/lib/python3.11/site-packages (from zope.publisher>=3.8->zope.browserresource) (6.0)
#21 0.566 Requirement already satisfied: zope.proxy in /usr/local/lib/python3.11/site-packages (from zope.publisher>=3.8->zope.browserresource) (7.0)
#21 0.568 Requirement already satisfied: zope.security>=4.0.0 in /usr/local/lib/python3.11/site-packages (from zope.publisher>=3.8->zope.browserresource) (8.2)
#21 0.577 Requirement already satisfied: python-gettext in /usr/local/lib/python3.11/site-packages (from zope.i18n->zope.browserresource) (5.0)
#21 0.578 Requirement already satisfied: pytz in /usr/local/lib/python3.11/site-packages (from zope.i18n->zope.browserresource) (2025.2)
#21 0.579 Requirement already satisfied: zope.deprecation in /usr/local/lib/python3.11/site-packages (from zope.i18n->zope.browserresource) (6.0)
#21 0.581 Requirement already satisfied: zope.i18nmessageid>=4.3 in /usr/local/lib/python3.11/site-packages (from zope.i18n->zope.browserresource) (8.1)
#21 0.590 Requirement already satisfied: transaction in /usr/local/lib/python3.11/site-packages (from zope.traversing>3.7->zope.browserresource) (5.0)
#21 1.095 WARNING: Running pip as the 'root' user can result in broken permissions and conflicting behaviour with the system package manager. It is recommended to use a virtual environment instead: https://pip.pypa.io/warnings/venv
#21 1.101 
#21 1.101 [notice] A new release of pip is available: 24.0 -> 25.3
#21 1.101 [notice] To update, run: pip install --upgrade pip
#21 DONE 1.2s

#22 [18/47] RUN ["pip","install","zope.component"]
#22 0.504 Requirement already satisfied: zope.component in /usr/local/lib/python3.11/site-packages (7.0)
#22 0.517 Requirement already satisfied: setuptools in /usr/local/lib/python3.11/site-packages (from zope.component) (79.0.1)
#22 0.519 Requirement already satisfied: zope.event in /usr/local/lib/python3.11/site-packages (from zope.component) (6.0)
#22 0.520 Requirement already satisfied: zope.hookable>=4.2.0 in /usr/local/lib/python3.11/site-packages (from zope.component) (8.1)
#22 0.522 Requirement already satisfied: zope.interface>=5.3 in /usr/local/lib/python3.11/site-packages (from zope.component) (8.0.1)
#22 0.955 WARNING: Running pip as the 'root' user can result in broken permissions and conflicting behaviour with the system package manager. It is recommended to use a virtual environment instead: https://pip.pypa.io/warnings/venv
#22 0.960 
#22 0.960 [notice] A new release of pip is available: 24.0 -> 25.3
#22 0.960 [notice] To update, run: pip install --upgrade pip
#22 DONE 1.1s

#23 [19/47] RUN ["pip","install","zope.app.principalannotation"]
#23 0.587 Collecting zope.app.principalannotation
#23 0.624   Downloading zope.app.principalannotation-5.0-py3-none-any.whl.metadata (3.6 kB)
#23 0.651 Requirement already satisfied: setuptools in /usr/local/lib/python3.11/site-packages (from zope.app.principalannotation) (79.0.1)
#23 0.652 Requirement already satisfied: transaction in /usr/local/lib/python3.11/site-packages (from zope.app.principalannotation) (5.0)
#23 0.793 Collecting zope.app.appsetup>=4.0.0 (from zope.app.principalannotation)
#23 0.803   Downloading zope_app_appsetup-6.0-py3-none-any.whl.metadata (19 kB)
#23 0.853 Collecting zope.processlifetime>=2.1.0 (from zope.app.principalannotation)
#23 0.862   Downloading zope_processlifetime-4.0-py3-none-any.whl.metadata (4.4 kB)
#23 0.915 Collecting zope.principalannotation>=4.0.0 (from zope.app.principalannotation)
#23 0.924   Downloading zope_principalannotation-6.0-py3-none-any.whl.metadata (5.7 kB)
#23 0.944 Requirement already satisfied: ZODB in /usr/local/lib/python3.11/site-packages (from zope.app.appsetup>=4.0.0->zope.app.principalannotation) (6.1)
#23 1.086 Collecting zdaemon (from zope.app.appsetup>=4.0.0->zope.app.principalannotation)
#23 1.095   Downloading zdaemon-5.2.1-py3-none-any.whl.metadata (26 kB)
#23 1.269 Collecting zope.app.publication>=4.0 (from zope.app.appsetup>=4.0.0->zope.app.principalannotation)
#23 1.279   Downloading zope_app_publication-6.0-py3-none-any.whl.metadata (9.5 kB)
#23 1.296 Requirement already satisfied: zope.component>=3.8.0 in /usr/local/lib/python3.11/site-packages (from zope.app.appsetup>=4.0.0->zope.app.principalannotation) (7.0)
#23 1.297 Requirement already satisfied: zope.configuration in /usr/local/lib/python3.11/site-packages (from zope.app.appsetup>=4.0.0->zope.app.principalannotation) (7.0)
#23 1.299 Requirement already satisfied: zope.container>=4.0.0a2 in /usr/local/lib/python3.11/site-packages (from zope.app.appsetup>=4.0.0->zope.app.principalannotation) (7.0)
#23 1.442 Collecting zope.error (from zope.app.appsetup>=4.0.0->zope.app.principalannotation)
#23 1.451   Downloading zope_error-6.0-py3-none-any.whl.metadata (6.1 kB)
#23 1.472 Requirement already satisfied: zope.event in /usr/local/lib/python3.11/site-packages (from zope.app.appsetup>=4.0.0->zope.app.principalannotation) (6.0)
#23 1.475 Requirement already satisfied: zope.interface in /usr/local/lib/python3.11/site-packages (from zope.app.appsetup>=4.0.0->zope.app.principalannotation) (8.0.1)
#23 1.477 Requirement already satisfied: zope.security>=4.0.0a2 in /usr/local/lib/python3.11/site-packages (from zope.app.appsetup>=4.0.0->zope.app.principalannotation) (8.2)
#23 1.478 Requirement already satisfied: zope.session>=4.0.0a1 in /usr/local/lib/python3.11/site-packages (from zope.app.appsetup>=4.0.0->zope.app.principalannotation) (6.0)
#23 1.480 Requirement already satisfied: zope.site>=4.0.0a1 in /usr/local/lib/python3.11/site-packages (from zope.app.appsetup>=4.0.0->zope.app.principalannotation) (6.0)
#23 1.481 Requirement already satisfied: zope.traversing>=4.0.0a2 in /usr/local/lib/python3.11/site-packages (from zope.app.appsetup>=4.0.0->zope.app.principalannotation) (6.0)
#23 1.492 Requirement already satisfied: persistent>=4.4.2 in /usr/local/lib/python3.11/site-packages (from zope.principalannotation>=4.0.0->zope.app.principalannotation) (6.3)
#23 1.494 Requirement already satisfied: zope.annotation in /usr/local/lib/python3.11/site-packages (from zope.principalannotation>=4.0.0->zope.app.principalannotation) (6.0)
#23 1.497 Requirement already satisfied: zope.location in /usr/local/lib/python3.11/site-packages (from zope.principalannotation>=4.0.0->zope.app.principalannotation) (6.0)
#23 1.536 Requirement already satisfied: zope.deferredimport in /usr/local/lib/python3.11/site-packages (from persistent>=4.4.2->zope.principalannotation>=4.0.0->zope.app.principalannotation) (6.0)
#23 1.537 Requirement already satisfied: cffi in /usr/local/lib/python3.11/site-packages (from persistent>=4.4.2->zope.principalannotation>=4.0.0->zope.app.principalannotation) (2.0.0)
#23 1.550 Requirement already satisfied: zope.authentication in /usr/local/lib/python3.11/site-packages (from zope.app.publication>=4.0->zope.app.appsetup>=4.0.0->zope.app.principalannotation) (6.0)
#23 1.552 Requirement already satisfied: zope.browser>=1.2 in /usr/local/lib/python3.11/site-packages (from zope.app.publication>=4.0->zope.app.appsetup>=4.0.0->zope.app.principalannotation) (4.0)
#23 1.553 Requirement already satisfied: zope.publisher>=4.0.0a2 in /usr/local/lib/python3.11/site-packages (from zope.app.publication>=4.0->zope.app.appsetup>=4.0.0->zope.app.principalannotation) (8.0)
#23 1.555 Requirement already satisfied: zope.i18n>=4.0.0a3 in /usr/local/lib/python3.11/site-packages (from zope.app.publication>=4.0->zope.app.appsetup>=4.0.0->zope.app.principalannotation) (6.0)
#23 1.567 Requirement already satisfied: zope.hookable>=4.2.0 in /usr/local/lib/python3.11/site-packages (from zope.component>=3.8.0->zope.app.appsetup>=4.0.0->zope.app.principalannotation) (8.1)
#23 1.582 Requirement already satisfied: BTrees in /usr/local/lib/python3.11/site-packages (from zope.container>=4.0.0a2->zope.app.appsetup>=4.0.0->zope.app.principalannotation) (6.2)
#23 1.584 Requirement already satisfied: zope.cachedescriptors in /usr/local/lib/python3.11/site-packages (from zope.container>=4.0.0a2->zope.app.appsetup>=4.0.0->zope.app.principalannotation) (6.0)
#23 1.586 Requirement already satisfied: zope.dottedname in /usr/local/lib/python3.11/site-packages (from zope.container>=4.0.0a2->zope.app.appsetup>=4.0.0->zope.app.principalannotation) (7.0)
#23 1.587 Requirement already satisfied: zope.filerepresentation in /usr/local/lib/python3.11/site-packages (from zope.container>=4.0.0a2->zope.app.appsetup>=4.0.0->zope.app.principalannotation) (7.0)
#23 1.588 Requirement already satisfied: zope.i18nmessageid in /usr/local/lib/python3.11/site-packages (from zope.container>=4.0.0a2->zope.app.appsetup>=4.0.0->zope.app.principalannotation) (8.1)
#23 1.590 Requirement already satisfied: zope.lifecycleevent>=3.5.2 in /usr/local/lib/python3.11/site-packages (from zope.container>=4.0.0a2->zope.app.appsetup>=4.0.0->zope.app.principalannotation) (6.0)
#23 1.592 Requirement already satisfied: zope.proxy>=4.1.5 in /usr/local/lib/python3.11/site-packages (from zope.container>=4.0.0a2->zope.app.appsetup>=4.0.0->zope.app.principalannotation) (7.0)
#23 1.594 Requirement already satisfied: zope.schema in /usr/local/lib/python3.11/site-packages (from zope.container>=4.0.0a2->zope.app.appsetup>=4.0.0->zope.app.principalannotation) (8.1)
#23 1.596 Requirement already satisfied: zope.size in /usr/local/lib/python3.11/site-packages (from zope.container>=4.0.0a2->zope.app.appsetup>=4.0.0->zope.app.principalannotation) (6.0)
#23 1.636 Requirement already satisfied: zope.minmax in /usr/local/lib/python3.11/site-packages (from zope.session>=4.0.0a1->zope.app.appsetup>=4.0.0->zope.app.principalannotation) (4.0)
#23 1.647 Requirement already satisfied: ZConfig in /usr/local/lib/python3.11/site-packages (from ZODB->zope.app.appsetup>=4.0.0->zope.app.principalannotation) (4.2)
#23 1.648 Requirement already satisfied: zc.lockfile in /usr/local/lib/python3.11/site-packages (from ZODB->zope.app.appsetup>=4.0.0->zope.app.principalannotation) (4.0)
#23 1.650 Requirement already satisfied: zodbpickle>=1.0.1 in /usr/local/lib/python3.11/site-packages (from ZODB->zope.app.appsetup>=4.0.0->zope.app.principalannotation) (4.2)
#23 1.661 Requirement already satisfied: zope.deprecation in /usr/local/lib/python3.11/site-packages (from zope.site>=4.0.0a1->zope.app.appsetup>=4.0.0->zope.app.principalannotation) (6.0)
#23 1.710 Requirement already satisfied: zope.exceptions in /usr/local/lib/python3.11/site-packages (from zope.error->zope.app.appsetup>=4.0.0->zope.app.principalannotation) (6.0)
#23 1.747 Requirement already satisfied: python-gettext in /usr/local/lib/python3.11/site-packages (from zope.i18n>=4.0.0a3->zope.app.publication>=4.0->zope.app.appsetup>=4.0.0->zope.app.principalannotation) (5.0)
#23 1.748 Requirement already satisfied: pytz in /usr/local/lib/python3.11/site-packages (from zope.i18n>=4.0.0a3->zope.app.publication>=4.0->zope.app.appsetup>=4.0.0->zope.app.principalannotation) (2025.2)
#23 1.790 Requirement already satisfied: multipart>=1.1.0 in /usr/local/lib/python3.11/site-packages (from zope.publisher>=4.0.0a2->zope.app.publication>=4.0->zope.app.appsetup>=4.0.0->zope.app.principalannotation) (1.3.0)
#23 1.793 Requirement already satisfied: zope.contenttype>=4.0.0 in /usr/local/lib/python3.11/site-packages (from zope.publisher>=4.0.0a2->zope.app.publication>=4.0->zope.app.appsetup>=4.0.0->zope.app.principalannotation) (6.0)
#23 1.809 Requirement already satisfied: pycparser in /usr/local/lib/python3.11/site-packages (from cffi->persistent>=4.4.2->zope.principalannotation>=4.0.0->zope.app.principalannotation) (2.23)
#23 1.919 Downloading zope.app.principalannotation-5.0-py3-none-any.whl (9.1 kB)
#23 1.952 Downloading zope_app_appsetup-6.0-py3-none-any.whl (34 kB)
#23 1.979 Downloading zope_principalannotation-6.0-py3-none-any.whl (10 kB)
#23 2.005 Downloading zope_processlifetime-4.0-py3-none-any.whl (5.3 kB)
#23 2.033 Downloading zope_app_publication-6.0-py3-none-any.whl (52 kB)
#23 2.048    ━━━━━━━━━━━━━━━━━━━━━━━━━━━━━━━━━━━━━━━━ 52.6/52.6 kB 3.4 MB/s eta 0:00:00
#23 2.058 Downloading zdaemon-5.2.1-py3-none-any.whl (57 kB)
#23 2.073    ━━━━━━━━━━━━━━━━━━━━━━━━━━━━━━━━━━━━━━━━ 57.2/57.2 kB 3.9 MB/s eta 0:00:00
#23 2.082 Downloading zope_error-6.0-py3-none-any.whl (12 kB)
#23 2.517 Installing collected packages: zope.processlifetime, zdaemon, zope.error, zope.app.publication, zope.principalannotation, zope.app.appsetup, zope.app.principalannotation
#23 2.713 Successfully installed zdaemon-5.2.1 zope.app.appsetup-6.0 zope.app.principalannotation-5.0 zope.app.publication-6.0 zope.error-6.0 zope.principalannotation-6.0 zope.processlifetime-4.0
#23 2.714 WARNING: Running pip as the 'root' user can result in broken permissions and conflicting behaviour with the system package manager. It is recommended to use a virtual environment instead: https://pip.pypa.io/warnings/venv
#23 2.721 
#23 2.721 [notice] A new release of pip is available: 24.0 -> 25.3
#23 2.721 [notice] To update, run: pip install --upgrade pip
#23 DONE 2.8s

#24 [20/47] RUN ["pip","install","Nevow"]
#24 0.662 Collecting Nevow
#24 0.697   Downloading Nevow-0.14.5.tar.gz (550 kB)
#24 0.754      ━━━━━━━━━━━━━━━━━━━━━━━━━━━━━━━━━━━━━━ 550.9/550.9 kB 10.0 MB/s eta 0:00:00
#24 0.838   Installing build dependencies: started
#24 2.956   Installing build dependencies: finished with status 'done'
#24 2.957   Getting requirements to build wheel: started
#24 3.155   Getting requirements to build wheel: finished with status 'done'
#24 3.156   Preparing metadata (pyproject.toml): started
#24 3.325   Preparing metadata (pyproject.toml): finished with status 'done'
#24 3.385 Collecting twisted>=16.3 (from Nevow)
#24 3.396   Downloading twisted-25.5.0-py3-none-any.whl.metadata (22 kB)
#24 3.603 Collecting attrs>=22.2.0 (from twisted>=16.3->Nevow)
#24 3.612   Downloading attrs-25.4.0-py3-none-any.whl.metadata (10 kB)
#24 3.665 Collecting automat>=24.8.0 (from twisted>=16.3->Nevow)
#24 3.675   Downloading automat-25.4.16-py3-none-any.whl.metadata (8.4 kB)
#24 3.724 Collecting constantly>=15.1 (from twisted>=16.3->Nevow)
#24 3.733   Downloading constantly-23.10.4-py3-none-any.whl.metadata (1.8 kB)
#24 3.778 Collecting hyperlink>=17.1.1 (from twisted>=16.3->Nevow)
#24 3.787   Downloading hyperlink-21.0.0-py2.py3-none-any.whl.metadata (1.5 kB)
#24 3.831 Collecting incremental>=24.7.0 (from twisted>=16.3->Nevow)
#24 3.843   Downloading incremental-24.7.2-py3-none-any.whl.metadata (8.1 kB)
#24 3.860 Requirement already satisfied: typing-extensions>=4.2.0 in /usr/local/lib/python3.11/site-packages (from twisted>=16.3->Nevow) (4.15.0)
#24 3.862 Requirement already satisfied: zope-interface>=5 in /usr/local/lib/python3.11/site-packages (from twisted>=16.3->Nevow) (8.0.1)
#24 3.901 Collecting idna>=2.5 (from hyperlink>=17.1.1->twisted>=16.3->Nevow)
#24 3.910   Downloading idna-3.11-py3-none-any.whl.metadata (8.4 kB)
#24 3.925 Requirement already satisfied: setuptools>=61.0 in /usr/local/lib/python3.11/site-packages (from incremental>=24.7.0->twisted>=16.3->Nevow) (79.0.1)
#24 4.002 Downloading twisted-25.5.0-py3-none-any.whl (3.2 MB)
#24 4.140    ━━━━━━━━━━━━━━━━━━━━━━━━━━━━━━━━━━━━━━━━ 3.2/3.2 MB 23.5 MB/s eta 0:00:00
#24 4.149 Downloading attrs-25.4.0-py3-none-any.whl (67 kB)
#24 4.161    ━━━━━━━━━━━━━━━━━━━━━━━━━━━━━━━━━━━━━━━━ 67.6/67.6 kB 5.7 MB/s eta 0:00:00
#24 4.171 Downloading automat-25.4.16-py3-none-any.whl (42 kB)
#24 4.188    ━━━━━━━━━━━━━━━━━━━━━━━━━━━━━━━━━━━━━━━━ 42.8/42.8 kB 2.2 MB/s eta 0:00:00
#24 4.197 Downloading constantly-23.10.4-py3-none-any.whl (13 kB)
#24 4.220 Downloading hyperlink-21.0.0-py2.py3-none-any.whl (74 kB)
#24 4.236    ━━━━━━━━━━━━━━━━━━━━━━━━━━━━━━━━━━━━━━━━ 74.6/74.6 kB 4.6 MB/s eta 0:00:00
#24 4.244 Downloading incremental-24.7.2-py3-none-any.whl (20 kB)
#24 4.265 Downloading idna-3.11-py3-none-any.whl (71 kB)
#24 4.281    ━━━━━━━━━━━━━━━━━━━━━━━━━━━━━━━━━━━━━━━━ 71.0/71.0 kB 4.5 MB/s eta 0:00:00
#24 4.300 Building wheels for collected packages: Nevow
#24 4.305   Building wheel for Nevow (pyproject.toml): started
#24 4.635   Building wheel for Nevow (pyproject.toml): finished with status 'done'
#24 4.637   Created wheel for Nevow: filename=nevow-0.14.5-py3-none-any.whl size=451937 sha256=09337f175848136fd4ade2c879ca98c314aec4d1467c8cf548980121e4cf5fe2
#24 4.637   Stored in directory: /root/.cache/pip/wheels/21/75/c1/66135e86962353ce8d288e13d525421445865d192de92af9ed
#24 4.639 Successfully built Nevow
#24 5.247 Installing collected packages: incremental, idna, constantly, automat, attrs, hyperlink, twisted, Nevow
#24 7.282 Successfully installed Nevow-0.14.5 attrs-25.4.0 automat-25.4.16 constantly-23.10.4 hyperlink-21.0.0 idna-3.11 incremental-24.7.2 twisted-25.5.0
#24 7.282 WARNING: Running pip as the 'root' user can result in broken permissions and conflicting behaviour with the system package manager. It is recommended to use a virtual environment instead: https://pip.pypa.io/warnings/venv
#24 7.288 
#24 7.288 [notice] A new release of pip is available: 24.0 -> 25.3
#24 7.288 [notice] To update, run: pip install --upgrade pip
#24 DONE 7.7s

#25 [21/47] RUN ["pip","install","swftp"]
#25 0.627 Collecting swftp
#25 0.660   Downloading swftp-1.0.7.tar.gz (40 kB)
#25 0.683      ━━━━━━━━━━━━━━━━━━━━━━━━━━━━━━━━━━━━━━━━ 40.9/40.9 kB 1.5 MB/s eta 0:00:00
#25 0.692   Preparing metadata (setup.py): started
#25 0.970   Preparing metadata (setup.py): finished with status 'done'
#25 0.978 Requirement already satisfied: twisted>=12.1 in /usr/local/lib/python3.11/site-packages (from swftp) (25.5.0)
#25 1.021 Collecting pyopenssl (from swftp)
#25 1.030   Downloading pyopenssl-25.3.0-py3-none-any.whl.metadata (17 kB)
#25 1.083 Collecting pycrypto (from swftp)
#25 1.094   Downloading pycrypto-2.6.1.tar.gz (446 kB)
#25 1.135      ━━━━━━━━━━━━━━━━━━━━━━━━━━━━━━━━━━━━━━ 446.2/446.2 kB 11.3 MB/s eta 0:00:00
#25 1.172   Preparing metadata (setup.py): started
#25 1.320   Preparing metadata (setup.py): finished with status 'done'
#25 1.369 Collecting pyasn1 (from swftp)
#25 1.378   Downloading pyasn1-0.6.1-py3-none-any.whl.metadata (8.4 kB)
#25 1.496 Collecting psutil (from swftp)
#25 1.505   Downloading psutil-7.1.2-cp36-abi3-manylinux2010_x86_64.manylinux_2_12_x86_64.manylinux_2_28_x86_64.whl.metadata (23 kB)
#25 1.683 Requirement already satisfied: attrs>=22.2.0 in /usr/local/lib/python3.11/site-packages (from twisted>=12.1->swftp) (25.4.0)
#25 1.684 Requirement already satisfied: automat>=24.8.0 in /usr/local/lib/python3.11/site-packages (from twisted>=12.1->swftp) (25.4.16)
#25 1.685 Requirement already satisfied: constantly>=15.1 in /usr/local/lib/python3.11/site-packages (from twisted>=12.1->swftp) (23.10.4)
#25 1.686 Requirement already satisfied: hyperlink>=17.1.1 in /usr/local/lib/python3.11/site-packages (from twisted>=12.1->swftp) (21.0.0)
#25 1.688 Requirement already satisfied: incremental>=24.7.0 in /usr/local/lib/python3.11/site-packages (from twisted>=12.1->swftp) (24.7.2)
#25 1.689 Requirement already satisfied: typing-extensions>=4.2.0 in /usr/local/lib/python3.11/site-packages (from twisted>=12.1->swftp) (4.15.0)
#25 1.690 Requirement already satisfied: zope-interface>=5 in /usr/local/lib/python3.11/site-packages (from twisted>=12.1->swftp) (8.0.1)
#25 1.977 Collecting cryptography<47,>=45.0.7 (from pyopenssl->swftp)
#25 1.987   Downloading cryptography-46.0.3-cp311-abi3-manylinux_2_34_x86_64.whl.metadata (5.7 kB)
#25 2.036 Requirement already satisfied: cffi>=2.0.0 in /usr/local/lib/python3.11/site-packages (from cryptography<47,>=45.0.7->pyopenssl->swftp) (2.0.0)
#25 2.039 Requirement already satisfied: idna>=2.5 in /usr/local/lib/python3.11/site-packages (from hyperlink>=17.1.1->twisted>=12.1->swftp) (3.11)
#25 2.043 Requirement already satisfied: setuptools>=61.0 in /usr/local/lib/python3.11/site-packages (from incremental>=24.7.0->twisted>=12.1->swftp) (79.0.1)
#25 2.053 Requirement already satisfied: pycparser in /usr/local/lib/python3.11/site-packages (from cffi>=2.0.0->cryptography<47,>=45.0.7->pyopenssl->swftp) (2.23)
#25 2.094 Downloading psutil-7.1.2-cp36-abi3-manylinux2010_x86_64.manylinux_2_12_x86_64.manylinux_2_28_x86_64.whl (258 kB)
#25 2.116    ━━━━━━━━━━━━━━━━━━━━━━━━━━━━━━━━━━━━━━━━ 258.7/258.7 kB 13.2 MB/s eta 0:00:00
#25 2.124 Downloading pyasn1-0.6.1-py3-none-any.whl (83 kB)
#25 2.137    ━━━━━━━━━━━━━━━━━━━━━━━━━━━━━━━━━━━━━━━━ 83.1/83.1 kB 6.6 MB/s eta 0:00:00
#25 2.145 Downloading pyopenssl-25.3.0-py3-none-any.whl (57 kB)
#25 2.158    ━━━━━━━━━━━━━━━━━━━━━━━━━━━━━━━━━━━━━━━━ 57.3/57.3 kB 5.1 MB/s eta 0:00:00
#25 2.167 Downloading cryptography-46.0.3-cp311-abi3-manylinux_2_34_x86_64.whl (4.5 MB)
#25 2.344    ━━━━━━━━━━━━━━━━━━━━━━━━━━━━━━━━━━━━━━━━ 4.5/4.5 MB 25.6 MB/s eta 0:00:00
#25 2.362 Building wheels for collected packages: swftp, pycrypto
#25 2.366   Building wheel for swftp (setup.py): started
#25 2.692   Building wheel for swftp (setup.py): finished with status 'done'
#25 2.693   Created wheel for swftp: filename=swftp-1.0.7-py3-none-any.whl size=51397 sha256=e1a8c2c1d560b0372aea0416eed5dcd5199d80410aa69abf47c669bcd8ccbe3f
#25 2.693   Stored in directory: /root/.cache/pip/wheels/c2/30/2f/38897242ec15038d9602d75c585cea0041891fd9dd58f6ca37
#25 2.696   Building wheel for pycrypto (setup.py): started
#25 4.249   Building wheel for pycrypto (setup.py): finished with status 'error'
#25 4.255   error: subprocess-exited-with-error
#25 4.255   
#25 4.255   × python setup.py bdist_wheel did not run successfully.
#25 4.255   │ exit code: 1
#25 4.255   ╰─> [84 lines of output]
#25 4.255       /usr/local/lib/python3.11/site-packages/setuptools/dist.py:759: SetuptoolsDeprecationWarning: License classifiers are deprecated.
#25 4.255       !!
#25 4.255       
#25 4.255               ********************************************************************************
#25 4.255               Please consider removing the following classifiers in favor of a SPDX license expression:
#25 4.255       
#25 4.255               License :: Public Domain
#25 4.255       
#25 4.255               See https://packaging.python.org/en/latest/guides/writing-pyproject-toml/#license for details.
#25 4.255               ********************************************************************************
#25 4.255       
#25 4.255       !!
#25 4.255         self._finalize_license_expression()
#25 4.255       checking for gcc... gcc
#25 4.255       checking whether the C compiler works... yes
#25 4.255       checking for C compiler default output file name... a.out
#25 4.255       checking for suffix of executables...
#25 4.255       checking whether we are cross compiling... no
#25 4.255       checking for suffix of object files... o
#25 4.255       checking whether we are using the GNU C compiler... yes
#25 4.255       checking whether gcc accepts -g... yes
#25 4.255       checking for gcc option to accept ISO C89... none needed
#25 4.255       checking for __gmpz_init in -lgmp... yes
#25 4.255       checking for __gmpz_init in -lmpir... no
#25 4.255       checking whether mpz_powm is declared... yes
#25 4.255       checking whether mpz_powm_sec is declared... yes
#25 4.255       checking how to run the C preprocessor... gcc -E
#25 4.255       checking for grep that handles long lines and -e... /usr/bin/grep
#25 4.255       checking for egrep... /usr/bin/grep -E
#25 4.255       checking for ANSI C header files... yes
#25 4.255       checking for sys/types.h... yes
#25 4.255       checking for sys/stat.h... yes
#25 4.255       checking for stdlib.h... yes
#25 4.255       checking for string.h... yes
#25 4.255       checking for memory.h... yes
#25 4.255       checking for strings.h... yes
#25 4.255       checking for inttypes.h... yes
#25 4.255       checking for stdint.h... yes
#25 4.255       checking for unistd.h... yes
#25 4.255       checking for inttypes.h... (cached) yes
#25 4.255       checking limits.h usability... yes
#25 4.255       checking limits.h presence... yes
#25 4.255       checking for limits.h... yes
#25 4.255       checking stddef.h usability... yes
#25 4.255       checking stddef.h presence... yes
#25 4.255       checking for stddef.h... yes
#25 4.255       checking for stdint.h... (cached) yes
#25 4.255       checking for stdlib.h... (cached) yes
#25 4.255       checking for string.h... (cached) yes
#25 4.255       checking wchar.h usability... yes
#25 4.255       checking wchar.h presence... yes
#25 4.255       checking for wchar.h... yes
#25 4.255       checking for inline... inline
#25 4.255       checking for int16_t... yes
#25 4.255       checking for int32_t... yes
#25 4.255       checking for int64_t... yes
#25 4.255       checking for int8_t... yes
#25 4.255       checking for size_t... yes
#25 4.255       checking for uint16_t... yes
#25 4.255       checking for uint32_t... yes
#25 4.255       checking for uint64_t... yes
#25 4.255       checking for uint8_t... yes
#25 4.255       checking for stdlib.h... (cached) yes
#25 4.255       checking for GNU libc compatible malloc... yes
#25 4.255       checking for memmove... yes
#25 4.255       checking for memset... yes
#25 4.255       configure: creating ./config.status
#25 4.255       config.status: creating src/config.h
#25 4.255       In file included from /usr/local/include/python3.11/Python.h:87,
#25 4.255                        from src/_fastmath.c:31:
#25 4.255       /usr/local/include/python3.11/cpython/pytime.h:208:60: warning: ‘struct timespec’ declared inside parameter list will not be visible outside of this definition or declaration
#25 4.255         208 | PyAPI_FUNC(int) _PyTime_FromTimespec(_PyTime_t *tp, struct timespec *ts);
#25 4.255             |                                                            ^~~~~~~~
#25 4.255       /usr/local/include/python3.11/cpython/pytime.h:213:56: warning: ‘struct timespec’ declared inside parameter list will not be visible outside of this definition or declaration
#25 4.255         213 | PyAPI_FUNC(int) _PyTime_AsTimespec(_PyTime_t t, struct timespec *ts);
#25 4.255             |                                                        ^~~~~~~~
#25 4.255       /usr/local/include/python3.11/cpython/pytime.h:217:63: warning: ‘struct timespec’ declared inside parameter list will not be visible outside of this definition or declaration
#25 4.255         217 | PyAPI_FUNC(void) _PyTime_AsTimespec_clamp(_PyTime_t t, struct timespec *ts);
#25 4.255             |                                                               ^~~~~~~~
#25 4.255       src/_fastmath.c:33:10: fatal error: longintrepr.h: No such file or directory
#25 4.255          33 | #include <longintrepr.h>                                /* for conversions */
#25 4.255             |          ^~~~~~~~~~~~~~~
#25 4.255       compilation terminated.
#25 4.255       error: command '/usr/bin/gcc' failed with exit code 1
#25 4.255       [end of output]
#25 4.255   
#25 4.255   note: This error originates from a subprocess, and is likely not a problem with pip.
#25 4.255   ERROR: Failed building wheel for pycrypto
#25 4.255   Running setup.py clean for pycrypto
#25 4.383 Successfully built swftp
#25 4.383 Failed to build pycrypto
#25 4.383 ERROR: Could not build wheels for pycrypto, which is required to install pyproject.toml-based projects
#25 4.389 
#25 4.389 [notice] A new release of pip is available: 24.0 -> 25.3
#25 4.389 [notice] To update, run: pip install --upgrade pip
#25 ERROR: process "pip install swftp" did not complete successfully: exit code: 1
------
 > [21/47] RUN ["pip","install","swftp"]:
4.255   
4.255   note: This error originates from a subprocess, and is likely not a problem with pip.
4.255   ERROR: Failed building wheel for pycrypto
4.255   Running setup.py clean for pycrypto
4.383 Successfully built swftp
4.383 Failed to build pycrypto
4.383 ERROR: Could not build wheels for pycrypto, which is required to install pyproject.toml-based projects
4.389 
4.389 [notice] A new release of pip is available: 24.0 -> 25.3
4.389 [notice] To update, run: pip install --upgrade pip
------
Dockerfile:21
--------------------
  19 |     RUN ["pip","install","zope.app.principalannotation"]
  20 |     RUN ["pip","install","Nevow"]
  21 | >>> RUN ["pip","install","swftp"]
  22 |     RUN ["pip","install","trigger"]
  23 |     RUN ["pip","install","Twisted"]
--------------------
ERROR: failed to build: failed to solve: process "pip install swftp" did not complete successfully: exit code: 1

View build details: docker-desktop://dashboard/build/default/default/z9duvob92hc8k6k2xchatot58
[2025-10-29 15:23:02] ERROR: Build failed for 5104071
