=== Docker Build Log for 6027183 ===
Started at: Mi 29. Okt 16:18:13 CET 2025

[2025-10-29 16:18:13] START: Building image for 6027183
#0 building with "default" instance using docker driver

#1 [internal] load build definition from Dockerfile
#1 transferring dockerfile: 132B done
#1 DONE 0.0s

#2 [internal] load metadata for docker.io/library/python:3.11
#2 DONE 0.0s

#3 [internal] load .dockerignore
#3 transferring context: 2B done
#3 DONE 0.0s

#4 [internal] load build context
#4 transferring context: 3.82kB 0.0s done
#4 DONE 0.0s

#5 [1/2] FROM docker.io/library/python:3.11
#5 CACHED

#6 [2/2] COPY hard-gists/6027183/snippet.py /snippet.py
#6 DONE 0.1s

#7 exporting to image
#7 exporting layers 0.0s done
#7 writing image sha256:97e368df3e40dee1cf01b4510115bd1fea8f3cf446e06b6c8a5488824ca2bb57 done
#7 naming to docker.io/library/test-image-6027183 done
#7 DONE 0.1s

View build details: docker-desktop://dashboard/build/default/default/kdthcaobefsuuivlzvrgezxzd
[2025-10-29 16:18:13] SUCCESS: Build completed for 6027183
