=== Docker Build Log for 4034439 ===
Started at: Mi 29. Okt 14:18:02 CET 2025

[2025-10-29 14:18:02] START: Building image for 4034439
#0 building with "default" instance using docker driver

#1 [internal] load build definition from Dockerfile
#1 transferring dockerfile: 194B done
#1 DONE 0.0s

#2 [internal] load metadata for docker.io/library/python:3.11
#2 DONE 0.0s

#3 [internal] load .dockerignore
#3 transferring context: 2B done
#3 DONE 0.0s

#4 [internal] load build context
#4 transferring context: 1.70kB 0.0s done
#4 DONE 0.0s

#5 [1/4] FROM docker.io/library/python:3.11
#5 CACHED

#6 [2/4] COPY hard-gists/4034439/snippet.py /snippet.py
#6 DONE 0.1s

#7 [3/4] RUN ["pip","install","sound"]
#7 1.908 Collecting sound
#7 1.941   Downloading sound-0.1.0-py3-none-any.whl.metadata (1.1 kB)
#7 1.980 Collecting soundfile (from sound)
#7 1.990   Downloading soundfile-0.13.1-py2.py3-none-manylinux_2_28_x86_64.whl.metadata (16 kB)
#7 2.033 Collecting darr (from sound)
#7 2.041   Downloading darr-0.6.3-py3-none-any.whl.metadata (8.4 kB)
#7 2.247 Collecting numpy (from darr->sound)
#7 2.258   Downloading numpy-2.3.4-cp311-cp311-manylinux_2_27_x86_64.manylinux_2_28_x86_64.whl.metadata (62 kB)
#7 2.285      ━━━━━━━━━━━━━━━━━━━━━━━━━━━━━━━━━━━━━━━━ 62.1/62.1 kB 2.1 MB/s eta 0:00:00
#7 2.398 Collecting cffi>=1.0 (from soundfile->sound)
#7 2.407   Downloading cffi-2.0.0-cp311-cp311-manylinux2014_x86_64.manylinux_2_17_x86_64.whl.metadata (2.6 kB)
#7 2.441 Collecting pycparser (from cffi>=1.0->soundfile->sound)
#7 2.448   Downloading pycparser-2.23-py3-none-any.whl.metadata (993 bytes)
#7 2.472 Downloading sound-0.1.0-py3-none-any.whl (43 kB)
#7 2.484    ━━━━━━━━━━━━━━━━━━━━━━━━━━━━━━━━━━━━━━━━ 43.8/43.8 kB 3.3 MB/s eta 0:00:00
#7 2.492 Downloading darr-0.6.3-py3-none-any.whl (43 kB)
#7 2.504    ━━━━━━━━━━━━━━━━━━━━━━━━━━━━━━━━━━━━━━━━ 43.3/43.3 kB 3.3 MB/s eta 0:00:00
#7 2.514 Downloading soundfile-0.13.1-py2.py3-none-manylinux_2_28_x86_64.whl (1.3 MB)
#7 2.588    ━━━━━━━━━━━━━━━━━━━━━━━━━━━━━━━━━━━━━━━━ 1.3/1.3 MB 18.0 MB/s eta 0:00:00
#7 2.596 Downloading cffi-2.0.0-cp311-cp311-manylinux2014_x86_64.manylinux_2_17_x86_64.whl (215 kB)
#7 2.611    ━━━━━━━━━━━━━━━━━━━━━━━━━━━━━━━━━━━━━━━━ 215.6/215.6 kB 14.6 MB/s eta 0:00:00
#7 2.619 Downloading numpy-2.3.4-cp311-cp311-manylinux_2_27_x86_64.manylinux_2_28_x86_64.whl (16.9 MB)
#7 3.298    ━━━━━━━━━━━━━━━━━━━━━━━━━━━━━━━━━━━━━━━━ 16.9/16.9 MB 23.9 MB/s eta 0:00:00
#7 3.308 Downloading pycparser-2.23-py3-none-any.whl (118 kB)
#7 3.321    ━━━━━━━━━━━━━━━━━━━━━━━━━━━━━━━━━━━━━━━━ 118.1/118.1 kB 9.3 MB/s eta 0:00:00
#7 3.422 Installing collected packages: pycparser, numpy, darr, cffi, soundfile, sound
#7 5.043 Successfully installed cffi-2.0.0 darr-0.6.3 numpy-2.3.4 pycparser-2.23 sound-0.1.0 soundfile-0.13.1
#7 5.043 WARNING: Running pip as the 'root' user can result in broken permissions and conflicting behaviour with the system package manager. It is recommended to use a virtual environment instead: https://pip.pypa.io/warnings/venv
#7 5.135 
#7 5.135 [notice] A new release of pip is available: 24.0 -> 25.3
#7 5.135 [notice] To update, run: pip install --upgrade pip
#7 DONE 5.8s

#8 [4/4] RUN ["pip","install","scene"]
#8 0.512 Collecting scene
#8 0.553   Downloading scene-0.0.1.tar.gz (4.3 kB)
#8 0.567   Preparing metadata (setup.py): started
#8 0.998   Preparing metadata (setup.py): finished with status 'done'
#8 1.000 Building wheels for collected packages: scene
#8 1.001   Building wheel for scene (setup.py): started
#8 1.175   Building wheel for scene (setup.py): finished with status 'done'
#8 1.176   Created wheel for scene: filename=scene-0.0.1-py2.py3-none-any.whl size=3300 sha256=434953f10a27d99d47c54c04d4232ff978b453f9892ebff232b1a6ef2eeba480
#8 1.176   Stored in directory: /root/.cache/pip/wheels/8d/92/cb/ec23387ed573b50de008a60ab148d18dac724dd0e65cd18715
#8 1.178 Successfully built scene
#8 1.217 Installing collected packages: scene
#8 1.231 Successfully installed scene-0.0.1
#8 1.231 WARNING: Running pip as the 'root' user can result in broken permissions and conflicting behaviour with the system package manager. It is recommended to use a virtual environment instead: https://pip.pypa.io/warnings/venv
#8 1.236 
#8 1.236 [notice] A new release of pip is available: 24.0 -> 25.3
#8 1.236 [notice] To update, run: pip install --upgrade pip
#8 DONE 1.3s

#9 exporting to image
#9 exporting layers
#9 exporting layers 0.5s done
#9 writing image sha256:219b89a64b3fe27ab2f7142a08868a6742889359ada17bf763c334f7741c1ad5 done
#9 naming to docker.io/library/test-image-4034439 done
#9 DONE 0.5s

View build details: docker-desktop://dashboard/build/default/default/1s9k284dgh955cs7hrrrwqjss
[2025-10-29 14:18:11] SUCCESS: Build completed for 4034439
