=== Docker Build Log for 667150e96fdc2d53fd11 ===
Started at: Mi 29. Okt 16:40:45 CET 2025

[2025-10-29 16:40:45] START: Building image for 667150e96fdc2d53fd11
#0 building with "default" instance using docker driver

#1 [internal] load build definition from Dockerfile
#1 transferring dockerfile: 208B done
#1 DONE 0.0s

#2 [internal] load metadata for docker.io/library/python:3.11
#2 DONE 0.0s

#3 [internal] load .dockerignore
#3 transferring context: 2B done
#3 DONE 0.0s

#4 [internal] load build context
#4 transferring context: 2.89kB 0.0s done
#4 DONE 0.0s

#5 [1/4] FROM docker.io/library/python:3.11
#5 CACHED

#6 [2/4] COPY hard-gists/667150e96fdc2d53fd11/snippet.py /snippet.py
#6 DONE 0.1s

#7 [3/4] RUN ["pip","install","pillow"]
#7 2.177 Collecting pillow
#7 2.212   Downloading pillow-12.0.0-cp311-cp311-manylinux_2_27_x86_64.manylinux_2_28_x86_64.whl.metadata (8.8 kB)
#7 2.254 Downloading pillow-12.0.0-cp311-cp311-manylinux_2_27_x86_64.manylinux_2_28_x86_64.whl (7.0 MB)
#7 2.535    ━━━━━━━━━━━━━━━━━━━━━━━━━━━━━━━━━━━━━━━━ 7.0/7.0 MB 25.2 MB/s eta 0:00:00
#7 2.615 Installing collected packages: pillow
#7 2.872 Successfully installed pillow-12.0.0
#7 2.872 WARNING: Running pip as the 'root' user can result in broken permissions and conflicting behaviour with the system package manager. It is recommended to use a virtual environment instead: https://pip.pypa.io/warnings/venv
#7 2.966 
#7 2.966 [notice] A new release of pip is available: 24.0 -> 25.3
#7 2.966 [notice] To update, run: pip install --upgrade pip
#7 DONE 3.3s

#8 [4/4] RUN ["pip","install","numpy"]
#8 0.767 Collecting numpy
#8 0.802   Downloading numpy-2.3.4-cp311-cp311-manylinux_2_27_x86_64.manylinux_2_28_x86_64.whl.metadata (62 kB)
#8 0.828      ━━━━━━━━━━━━━━━━━━━━━━━━━━━━━━━━━━━━━━━━ 62.1/62.1 kB 2.1 MB/s eta 0:00:00
#8 0.847 Downloading numpy-2.3.4-cp311-cp311-manylinux_2_27_x86_64.manylinux_2_28_x86_64.whl (16.9 MB)
#8 1.492    ━━━━━━━━━━━━━━━━━━━━━━━━━━━━━━━━━━━━━━━━ 16.9/16.9 MB 25.3 MB/s eta 0:00:00
#8 1.590 Installing collected packages: numpy
#8 3.212 Successfully installed numpy-2.3.4
#8 3.213 WARNING: Running pip as the 'root' user can result in broken permissions and conflicting behaviour with the system package manager. It is recommended to use a virtual environment instead: https://pip.pypa.io/warnings/venv
#8 3.218 
#8 3.218 [notice] A new release of pip is available: 24.0 -> 25.3
#8 3.218 [notice] To update, run: pip install --upgrade pip
#8 DONE 3.7s

#9 exporting to image
#9 exporting layers
#9 exporting layers 0.5s done
#9 writing image sha256:e290f2a958e43fd6e7ced80c2fe5083f1bdcccd0ca456710a62f5745437aef16 done
#9 naming to docker.io/library/test-image-667150e96fdc2d53fd11 done
#9 DONE 0.5s

View build details: docker-desktop://dashboard/build/default/default/oa79ibv0wvb5szkcbptxa0p2h
[2025-10-29 16:40:53] SUCCESS: Build completed for 667150e96fdc2d53fd11
