=== Docker Build Log for 9b1e305543f6fcc9318a ===
Started at: Mi 29. Okt 18:38:34 CET 2025

[2025-10-29 18:38:34] START: Building image for 9b1e305543f6fcc9318a
#0 building with "default" instance using docker driver

#1 [internal] load build definition from Dockerfile
#1 transferring dockerfile: 332B done
#1 DONE 0.0s

#2 [internal] load metadata for docker.io/library/python:3.11
#2 DONE 0.0s

#3 [internal] load .dockerignore
#3 transferring context: 2B done
#3 DONE 0.0s

#4 [internal] load build context
#4 transferring context: 6.07kB 0.0s done
#4 DONE 0.0s

#5 [1/8] FROM docker.io/library/python:3.11
#5 CACHED

#6 [2/8] COPY hard-gists/9b1e305543f6fcc9318a/snippet.py /snippet.py
#6 DONE 0.1s

#7 [3/8] RUN ["pip","install","the"]
#7 1.864 Collecting the
#7 1.905   Downloading the-0.1.5.tar.gz (10 kB)
#7 1.919   Preparing metadata (setup.py): started
#7 2.299   Preparing metadata (setup.py): finished with status 'done'
#7 2.301 Building wheels for collected packages: the
#7 2.301   Building wheel for the (setup.py): started
#7 2.466   Building wheel for the (setup.py): finished with status 'done'
#7 2.466   Created wheel for the: filename=the-0.1.5-py3-none-any.whl size=6027 sha256=03210963a98bf6b5651c626a024bbd979f9e8628c9e3159f6f3465704b70e254
#7 2.467   Stored in directory: /root/.cache/pip/wheels/5a/02/15/82fa3d852099cde5adb558437baaa511bc9ad4a7febdae2ecb
#7 2.470 Successfully built the
#7 2.499 Installing collected packages: the
#7 2.513 Successfully installed the-0.1.5
#7 2.513 WARNING: Running pip as the 'root' user can result in broken permissions and conflicting behaviour with the system package manager. It is recommended to use a virtual environment instead: https://pip.pypa.io/warnings/venv
#7 2.610 
#7 2.610 [notice] A new release of pip is available: 24.0 -> 25.3
#7 2.610 [notice] To update, run: pip install --upgrade pip
#7 DONE 2.8s

#8 [4/8] RUN ["pip","install","PyYAML"]
#8 0.537 Collecting PyYAML
#8 0.567   Downloading pyyaml-6.0.3-cp311-cp311-manylinux2014_x86_64.manylinux_2_17_x86_64.manylinux_2_28_x86_64.whl.metadata (2.4 kB)
#8 0.586 Downloading pyyaml-6.0.3-cp311-cp311-manylinux2014_x86_64.manylinux_2_17_x86_64.manylinux_2_28_x86_64.whl (806 kB)
#8 0.641    ━━━━━━━━━━━━━━━━━━━━━━━━━━━━━━━━━━━━━━━━ 806.6/806.6 kB 15.2 MB/s eta 0:00:00
#8 0.679 Installing collected packages: PyYAML
#8 0.748 Successfully installed PyYAML-6.0.3
#8 0.748 WARNING: Running pip as the 'root' user can result in broken permissions and conflicting behaviour with the system package manager. It is recommended to use a virtual environment instead: https://pip.pypa.io/warnings/venv
#8 0.754 
#8 0.754 [notice] A new release of pip is available: 24.0 -> 25.3
#8 0.754 [notice] To update, run: pip install --upgrade pip
#8 DONE 0.9s

#9 [5/8] RUN ["pip","install","numpy"]
#9 0.666 Collecting numpy
#9 0.700   Downloading numpy-2.3.4-cp311-cp311-manylinux_2_27_x86_64.manylinux_2_28_x86_64.whl.metadata (62 kB)
#9 0.725      ━━━━━━━━━━━━━━━━━━━━━━━━━━━━━━━━━━━━━━━━ 62.1/62.1 kB 2.3 MB/s eta 0:00:00
#9 0.746 Downloading numpy-2.3.4-cp311-cp311-manylinux_2_27_x86_64.manylinux_2_28_x86_64.whl (16.9 MB)
#9 1.492    ━━━━━━━━━━━━━━━━━━━━━━━━━━━━━━━━━━━━━━━━ 16.9/16.9 MB 19.4 MB/s eta 0:00:00
#9 1.566 Installing collected packages: numpy
#9 2.975 Successfully installed numpy-2.3.4
#9 2.976 WARNING: Running pip as the 'root' user can result in broken permissions and conflicting behaviour with the system package manager. It is recommended to use a virtual environment instead: https://pip.pypa.io/warnings/venv
#9 2.981 
#9 2.981 [notice] A new release of pip is available: 24.0 -> 25.3
#9 2.981 [notice] To update, run: pip install --upgrade pip
#9 DONE 3.6s

#10 [6/8] RUN ["pip","install","scipy"]
#10 0.676 Collecting scipy
#10 0.714   Downloading scipy-1.16.3-cp311-cp311-manylinux2014_x86_64.manylinux_2_17_x86_64.whl.metadata (62 kB)
#10 0.742      ━━━━━━━━━━━━━━━━━━━━━━━━━━━━━━━━━━━━━━━━ 62.0/62.0 kB 2.0 MB/s eta 0:00:00
#10 0.771 Requirement already satisfied: numpy<2.6,>=1.25.2 in /usr/local/lib/python3.11/site-packages (from scipy) (2.3.4)
#10 0.786 Downloading scipy-1.16.3-cp311-cp311-manylinux2014_x86_64.manylinux_2_17_x86_64.whl (35.9 MB)
#10 2.469    ━━━━━━━━━━━━━━━━━━━━━━━━━━━━━━━━━━━━━━━━ 35.9/35.9 MB 12.7 MB/s eta 0:00:00
#10 2.605 Installing collected packages: scipy
#10 5.274 Successfully installed scipy-1.16.3
#10 5.275 WARNING: Running pip as the 'root' user can result in broken permissions and conflicting behaviour with the system package manager. It is recommended to use a virtual environment instead: https://pip.pypa.io/warnings/venv
#10 5.280 
#10 5.280 [notice] A new release of pip is available: 24.0 -> 25.3
#10 5.280 [notice] To update, run: pip install --upgrade pip
#10 DONE 6.7s

#11 [7/8] RUN ["pip","install","Theano"]
#11 0.628 Collecting Theano
#11 0.664   Downloading Theano-1.0.5.tar.gz (2.8 MB)
#11 0.795      ━━━━━━━━━━━━━━━━━━━━━━━━━━━━━━━━━━━━━━━━ 2.8/2.8 MB 22.2 MB/s eta 0:00:00
#11 0.937   Preparing metadata (setup.py): started
#11 1.090   Preparing metadata (setup.py): finished with status 'done'
#11 1.100 Requirement already satisfied: numpy>=1.9.1 in /usr/local/lib/python3.11/site-packages (from Theano) (2.3.4)
#11 1.105 Requirement already satisfied: scipy>=0.14 in /usr/local/lib/python3.11/site-packages (from Theano) (1.16.3)
#11 1.133 Collecting six>=1.9.0 (from Theano)
#11 1.141   Downloading six-1.17.0-py2.py3-none-any.whl.metadata (1.7 kB)
#11 1.186 Downloading six-1.17.0-py2.py3-none-any.whl (11 kB)
#11 1.198 Building wheels for collected packages: Theano
#11 1.203   Building wheel for Theano (setup.py): started
#11 1.857   Building wheel for Theano (setup.py): finished with status 'done'
#11 1.863   Created wheel for Theano: filename=theano-1.0.5-py3-none-any.whl size=2668205 sha256=5b0b80fb900648b284c6bc10b31f948f9c59b140f79705c917296f37606726f3
#11 1.863   Stored in directory: /root/.cache/pip/wheels/26/1f/2f/02d738022626461828148150c0354e712c4ad74f1a60f10933
#11 1.866 Successfully built Theano
#11 1.927 Installing collected packages: six, Theano
#11 2.985 Successfully installed Theano-1.0.5 six-1.17.0
#11 2.985 WARNING: Running pip as the 'root' user can result in broken permissions and conflicting behaviour with the system package manager. It is recommended to use a virtual environment instead: https://pip.pypa.io/warnings/venv
#11 2.990 
#11 2.990 [notice] A new release of pip is available: 24.0 -> 25.3
#11 2.990 [notice] To update, run: pip install --upgrade pip
#11 DONE 3.3s

#12 [8/8] RUN ["pip","install","matplotlib"]
#12 0.655 Collecting matplotlib
#12 0.689   Downloading matplotlib-3.10.7-cp311-cp311-manylinux2014_x86_64.manylinux_2_17_x86_64.whl.metadata (11 kB)
#12 0.793 Collecting contourpy>=1.0.1 (from matplotlib)
#12 0.804   Downloading contourpy-1.3.3-cp311-cp311-manylinux_2_27_x86_64.manylinux_2_28_x86_64.whl.metadata (5.5 kB)
#12 0.843 Collecting cycler>=0.10 (from matplotlib)
#12 0.853   Downloading cycler-0.12.1-py3-none-any.whl.metadata (3.8 kB)
#12 1.031 Collecting fonttools>=4.22.0 (from matplotlib)
#12 1.040   Downloading fonttools-4.60.1-cp311-cp311-manylinux2014_x86_64.manylinux_2_17_x86_64.whl.metadata (112 kB)
#12 1.074      ━━━━━━━━━━━━━━━━━━━━━━━━━━━━━━━━━━━━━━━ 112.3/112.3 kB 3.2 MB/s eta 0:00:00
#12 1.148 Collecting kiwisolver>=1.3.1 (from matplotlib)
#12 1.158   Downloading kiwisolver-1.4.9-cp311-cp311-manylinux2014_x86_64.manylinux_2_17_x86_64.whl.metadata (6.3 kB)
#12 1.173 Requirement already satisfied: numpy>=1.23 in /usr/local/lib/python3.11/site-packages (from matplotlib) (2.3.4)
#12 1.230 Collecting packaging>=20.0 (from matplotlib)
#12 1.239   Downloading packaging-25.0-py3-none-any.whl.metadata (3.3 kB)
#12 1.425 Collecting pillow>=8 (from matplotlib)
#12 1.433   Downloading pillow-12.0.0-cp311-cp311-manylinux_2_27_x86_64.manylinux_2_28_x86_64.whl.metadata (8.8 kB)
#12 1.487 Collecting pyparsing>=3 (from matplotlib)
#12 1.496   Downloading pyparsing-3.2.5-py3-none-any.whl.metadata (5.0 kB)
#12 1.541 Collecting python-dateutil>=2.7 (from matplotlib)
#12 1.549   Downloading python_dateutil-2.9.0.post0-py2.py3-none-any.whl.metadata (8.4 kB)
#12 1.610 Requirement already satisfied: six>=1.5 in /usr/local/lib/python3.11/site-packages (from python-dateutil>=2.7->matplotlib) (1.17.0)
#12 1.622 Downloading matplotlib-3.10.7-cp311-cp311-manylinux2014_x86_64.manylinux_2_17_x86_64.whl (8.7 MB)
#12 1.950    ━━━━━━━━━━━━━━━━━━━━━━━━━━━━━━━━━━━━━━━━ 8.7/8.7 MB 26.6 MB/s eta 0:00:00
#12 1.960 Downloading contourpy-1.3.3-cp311-cp311-manylinux_2_27_x86_64.manylinux_2_28_x86_64.whl (355 kB)
#12 1.981    ━━━━━━━━━━━━━━━━━━━━━━━━━━━━━━━━━━━━━━━━ 355.2/355.2 kB 18.1 MB/s eta 0:00:00
#12 1.989 Downloading cycler-0.12.1-py3-none-any.whl (8.3 kB)
#12 2.014 Downloading fonttools-4.60.1-cp311-cp311-manylinux2014_x86_64.manylinux_2_17_x86_64.whl (5.0 MB)
#12 2.225    ━━━━━━━━━━━━━━━━━━━━━━━━━━━━━━━━━━━━━━━━ 5.0/5.0 MB 23.7 MB/s eta 0:00:00
#12 2.235 Downloading kiwisolver-1.4.9-cp311-cp311-manylinux2014_x86_64.manylinux_2_17_x86_64.whl (1.4 MB)
#12 2.292    ━━━━━━━━━━━━━━━━━━━━━━━━━━━━━━━━━━━━━━━━ 1.4/1.4 MB 25.9 MB/s eta 0:00:00
#12 2.300 Downloading packaging-25.0-py3-none-any.whl (66 kB)
#12 2.311    ━━━━━━━━━━━━━━━━━━━━━━━━━━━━━━━━━━━━━━━━ 66.5/66.5 kB 5.7 MB/s eta 0:00:00
#12 2.321 Downloading pillow-12.0.0-cp311-cp311-manylinux_2_27_x86_64.manylinux_2_28_x86_64.whl (7.0 MB)
#12 2.596    ━━━━━━━━━━━━━━━━━━━━━━━━━━━━━━━━━━━━━━━━ 7.0/7.0 MB 25.7 MB/s eta 0:00:00
#12 2.605 Downloading pyparsing-3.2.5-py3-none-any.whl (113 kB)
#12 2.618    ━━━━━━━━━━━━━━━━━━━━━━━━━━━━━━━━━━━━━━━━ 113.9/113.9 kB 9.5 MB/s eta 0:00:00
#12 2.626 Downloading python_dateutil-2.9.0.post0-py2.py3-none-any.whl (229 kB)
#12 2.643    ━━━━━━━━━━━━━━━━━━━━━━━━━━━━━━━━━━━━━━━━ 229.9/229.9 kB 14.2 MB/s eta 0:00:00
#12 2.832 Installing collected packages: python-dateutil, pyparsing, pillow, packaging, kiwisolver, fonttools, cycler, contourpy, matplotlib
#12 4.910 Successfully installed contourpy-1.3.3 cycler-0.12.1 fonttools-4.60.1 kiwisolver-1.4.9 matplotlib-3.10.7 packaging-25.0 pillow-12.0.0 pyparsing-3.2.5 python-dateutil-2.9.0.post0
#12 4.910 WARNING: Running pip as the 'root' user can result in broken permissions and conflicting behaviour with the system package manager. It is recommended to use a virtual environment instead: https://pip.pypa.io/warnings/venv
#12 4.915 
#12 4.915 [notice] A new release of pip is available: 24.0 -> 25.3
#12 4.915 [notice] To update, run: pip install --upgrade pip
#12 DONE 5.6s

#13 exporting to image
#13 exporting layers
#13 exporting layers 0.8s done
#13 writing image sha256:7f75109b6e5986234a65e7f2af6f5812ebd2a4df8e4388cd2c2c941ff317616f done
#13 naming to docker.io/library/test-image-9b1e305543f6fcc9318a done
#13 DONE 0.8s

View build details: docker-desktop://dashboard/build/default/default/yxwzm4036tly7q5zssvced3zw
[2025-10-29 18:38:58] SUCCESS: Build completed for 9b1e305543f6fcc9318a
