=== Docker Build Log for 6168003 ===
Started at: Mi 29. Okt 16:23:45 CET 2025

[2025-10-29 16:23:45] START: Building image for 6168003
#0 building with "default" instance using docker driver

#1 [internal] load build definition from Dockerfile
#1 transferring dockerfile: 264B done
#1 DONE 0.0s

#2 [internal] load metadata for docker.io/library/python:3.11
#2 DONE 0.0s

#3 [internal] load .dockerignore
#3 transferring context: 2B done
#3 DONE 0.0s

#4 [1/6] FROM docker.io/library/python:3.11
#4 DONE 0.0s

#5 [internal] load build context
#5 transferring context: 2.81kB 0.0s done
#5 DONE 0.0s

#4 [1/6] FROM docker.io/library/python:3.11
#4 CACHED

#6 [2/6] COPY hard-gists/6168003/snippet.py /snippet.py
#6 DONE 0.1s

#7 [3/6] RUN ["pip","install","dj.choices"]
#7 2.107 Collecting dj.choices
#7 2.144   Downloading dj.choices-0.11.0.tar.gz (28 kB)
#7 2.161   Preparing metadata (setup.py): started
#7 2.564   Preparing metadata (setup.py): finished with status 'done'
#7 2.671 Collecting django (from dj.choices)
#7 2.680   Downloading django-5.2.7-py3-none-any.whl.metadata (4.1 kB)
#7 2.719 Collecting six (from dj.choices)
#7 2.726   Downloading six-1.17.0-py2.py3-none-any.whl.metadata (1.7 kB)
#7 2.774 Collecting asgiref>=3.8.1 (from django->dj.choices)
#7 2.783   Downloading asgiref-3.10.0-py3-none-any.whl.metadata (9.3 kB)
#7 2.822 Collecting sqlparse>=0.3.1 (from django->dj.choices)
#7 2.829   Downloading sqlparse-0.5.3-py3-none-any.whl.metadata (3.9 kB)
#7 2.854 Downloading django-5.2.7-py3-none-any.whl (8.3 MB)
#7 3.251    ━━━━━━━━━━━━━━━━━━━━━━━━━━━━━━━━━━━━━━━━ 8.3/8.3 MB 21.1 MB/s eta 0:00:00
#7 3.259 Downloading six-1.17.0-py2.py3-none-any.whl (11 kB)
#7 3.280 Downloading asgiref-3.10.0-py3-none-any.whl (24 kB)
#7 3.298 Downloading sqlparse-0.5.3-py3-none-any.whl (44 kB)
#7 3.309    ━━━━━━━━━━━━━━━━━━━━━━━━━━━━━━━━━━━━━━━━ 44.4/44.4 kB 3.7 MB/s eta 0:00:00
#7 3.349 Building wheels for collected packages: dj.choices
#7 3.350   Building wheel for dj.choices (setup.py): started
#7 3.532   Building wheel for dj.choices (setup.py): finished with status 'done'
#7 3.532   Created wheel for dj.choices: filename=dj_choices-0.11.0-py3-none-any.whl size=28716 sha256=fdcbcaf3351f3bff1b3bc0877afcfbbb3ec01bbeee59a1324582b5573e51c5b6
#7 3.533   Stored in directory: /root/.cache/pip/wheels/97/38/bd/4ca089ff8ffdead6a07e7af033d36d74a01ab7a37e70797942
#7 3.535 Successfully built dj.choices
#7 3.583 Installing collected packages: sqlparse, six, asgiref, django, dj.choices
#7 5.129 Successfully installed asgiref-3.10.0 dj.choices-0.11.0 django-5.2.7 six-1.17.0 sqlparse-0.5.3
#7 5.129 WARNING: Running pip as the 'root' user can result in broken permissions and conflicting behaviour with the system package manager. It is recommended to use a virtual environment instead: https://pip.pypa.io/warnings/venv
#7 5.227 
#7 5.227 [notice] A new release of pip is available: 24.0 -> 25.3
#7 5.227 [notice] To update, run: pip install --upgrade pip
#7 DONE 6.0s

#8 [4/6] RUN ["pip","install","Django"]
#8 0.457 Requirement already satisfied: Django in /usr/local/lib/python3.11/site-packages (5.2.7)
#8 0.460 Requirement already satisfied: asgiref>=3.8.1 in /usr/local/lib/python3.11/site-packages (from Django) (3.10.0)
#8 0.461 Requirement already satisfied: sqlparse>=0.3.1 in /usr/local/lib/python3.11/site-packages (from Django) (0.5.3)
#8 0.506 WARNING: Running pip as the 'root' user can result in broken permissions and conflicting behaviour with the system package manager. It is recommended to use a virtual environment instead: https://pip.pypa.io/warnings/venv
#8 0.511 
#8 0.511 [notice] A new release of pip is available: 24.0 -> 25.3
#8 0.511 [notice] To update, run: pip install --upgrade pip
#8 DONE 0.6s

#9 [5/6] RUN ["pip","install","South"]
#9 0.628 Collecting South
#9 0.674   Downloading South-1.0.2.tar.gz (96 kB)
#9 0.698      ━━━━━━━━━━━━━━━━━━━━━━━━━━━━━━━━━━━━━━━━ 96.5/96.5 kB 4.0 MB/s eta 0:00:00
#9 0.716   Preparing metadata (setup.py): started
#9 0.839   Preparing metadata (setup.py): finished with status 'done'
#9 0.840 Building wheels for collected packages: South
#9 0.846   Building wheel for South (setup.py): started
#9 1.046   Building wheel for South (setup.py): finished with status 'done'
#9 1.047   Created wheel for South: filename=south-1.0.2-py2.py3-none-any.whl size=135250 sha256=9842724d66423c32c73bcc3bbff78f6244b3abd2c9600759b055cfc2c5fa1cb8
#9 1.047   Stored in directory: /root/.cache/pip/wheels/e9/a0/90/2fe4e2cd17759b8df19f858a3056ebb4ed78a0f8209e41da4c
#9 1.049 Successfully built South
#9 1.087 Installing collected packages: South
#9 1.197 Successfully installed South-1.0.2
#9 1.197 WARNING: Running pip as the 'root' user can result in broken permissions and conflicting behaviour with the system package manager. It is recommended to use a virtual environment instead: https://pip.pypa.io/warnings/venv
#9 1.202 
#9 1.202 [notice] A new release of pip is available: 24.0 -> 25.3
#9 1.202 [notice] To update, run: pip install --upgrade pip
#9 DONE 1.3s

#10 [6/6] RUN ["pip","install","django_db"]
#10 0.519 Collecting django_db
#10 0.551   Downloading django_db-0.0.7.tar.gz (1.7 kB)
#10 0.567   Preparing metadata (setup.py): started
#10 0.683   Preparing metadata (setup.py): finished with status 'done'
#10 0.686 Requirement already satisfied: django in /usr/local/lib/python3.11/site-packages (from django_db) (5.2.7)
#10 0.723 Collecting pymysql (from django_db)
#10 0.732   Downloading pymysql-1.1.2-py3-none-any.whl.metadata (4.3 kB)
#10 0.747 Requirement already satisfied: asgiref>=3.8.1 in /usr/local/lib/python3.11/site-packages (from django->django_db) (3.10.0)
#10 0.747 Requirement already satisfied: sqlparse>=0.3.1 in /usr/local/lib/python3.11/site-packages (from django->django_db) (0.5.3)
#10 0.762 Downloading pymysql-1.1.2-py3-none-any.whl (45 kB)
#10 0.781    ━━━━━━━━━━━━━━━━━━━━━━━━━━━━━━━━━━━━━━━━ 45.3/45.3 kB 2.2 MB/s eta 0:00:00
#10 0.784 Building wheels for collected packages: django_db
#10 0.789   Building wheel for django_db (setup.py): started
#10 0.929   Building wheel for django_db (setup.py): finished with status 'done'
#10 0.929   Created wheel for django_db: filename=django_db-0.0.7-py3-none-any.whl size=2255 sha256=8ac822d86d7ace84276f44f4dcb8e40d3ff2f32ec2c5916c3705acc38cadfd8c
#10 0.929   Stored in directory: /root/.cache/pip/wheels/f7/0e/96/7f32f483dc1709e3218e0b811ef87a1457795bc45d221f1ac2
#10 0.931 Successfully built django_db
#10 0.969 Installing collected packages: pymysql, django_db
#10 1.033 Successfully installed django_db-0.0.7 pymysql-1.1.2
#10 1.033 WARNING: Running pip as the 'root' user can result in broken permissions and conflicting behaviour with the system package manager. It is recommended to use a virtual environment instead: https://pip.pypa.io/warnings/venv
#10 1.038 
#10 1.038 [notice] A new release of pip is available: 24.0 -> 25.3
#10 1.038 [notice] To update, run: pip install --upgrade pip
#10 DONE 1.1s

#11 exporting to image
#11 exporting layers
#11 exporting layers 0.6s done
#11 writing image sha256:221f973dbcdd53439c128c75ccc2ada5d5f75874ac0bdc91f7a0cff20ed66fb7 done
#11 naming to docker.io/library/test-image-6168003 done
#11 DONE 0.7s

View build details: docker-desktop://dashboard/build/default/default/hdcn6uinb1io3e0u7teohxdlv
[2025-10-29 16:23:55] SUCCESS: Build completed for 6168003
