=== Docker Build Log for 592040 ===
Started at: Mi 29. Okt 16:10:26 CET 2025

[2025-10-29 16:10:26] START: Building image for 592040
#0 building with "default" instance using docker driver

#1 [internal] load build definition from Dockerfile
#1 transferring dockerfile: 239B done
#1 DONE 0.0s

#2 [internal] load metadata for docker.io/library/python:3.11
#2 DONE 0.0s

#3 [internal] load .dockerignore
#3 transferring context: 2B done
#3 DONE 0.0s

#4 [internal] load build context
#4 transferring context: 1.50kB 0.0s done
#4 DONE 0.0s

#5 [1/5] FROM docker.io/library/python:3.11
#5 CACHED

#6 [2/5] COPY hard-gists/592040/snippet.py /snippet.py
#6 DONE 0.1s

#7 [3/5] RUN ["pip","install","dj.choices"]
#7 2.209 Collecting dj.choices
#7 2.252   Downloading dj.choices-0.11.0.tar.gz (28 kB)
#7 2.271   Preparing metadata (setup.py): started
#7 2.703   Preparing metadata (setup.py): finished with status 'done'
#7 2.828 Collecting django (from dj.choices)
#7 2.838   Downloading django-5.2.7-py3-none-any.whl.metadata (4.1 kB)
#7 2.878 Collecting six (from dj.choices)
#7 2.887   Downloading six-1.17.0-py2.py3-none-any.whl.metadata (1.7 kB)
#7 2.937 Collecting asgiref>=3.8.1 (from django->dj.choices)
#7 2.946   Downloading asgiref-3.10.0-py3-none-any.whl.metadata (9.3 kB)
#7 2.987 Collecting sqlparse>=0.3.1 (from django->dj.choices)
#7 2.995   Downloading sqlparse-0.5.3-py3-none-any.whl.metadata (3.9 kB)
#7 3.024 Downloading django-5.2.7-py3-none-any.whl (8.3 MB)
#7 3.411    ━━━━━━━━━━━━━━━━━━━━━━━━━━━━━━━━━━━━━━━━ 8.3/8.3 MB 21.6 MB/s eta 0:00:00
#7 3.420 Downloading six-1.17.0-py2.py3-none-any.whl (11 kB)
#7 3.438 Downloading asgiref-3.10.0-py3-none-any.whl (24 kB)
#7 3.457 Downloading sqlparse-0.5.3-py3-none-any.whl (44 kB)
#7 3.468    ━━━━━━━━━━━━━━━━━━━━━━━━━━━━━━━━━━━━━━━━ 44.4/44.4 kB 3.7 MB/s eta 0:00:00
#7 3.509 Building wheels for collected packages: dj.choices
#7 3.509   Building wheel for dj.choices (setup.py): started
#7 3.712   Building wheel for dj.choices (setup.py): finished with status 'done'
#7 3.712   Created wheel for dj.choices: filename=dj_choices-0.11.0-py3-none-any.whl size=28716 sha256=8c00a5ddda9359bbfbdf5c536f77a87eb5c1591647b9f837d3ab903182edbbf9
#7 3.712   Stored in directory: /root/.cache/pip/wheels/97/38/bd/4ca089ff8ffdead6a07e7af033d36d74a01ab7a37e70797942
#7 3.715 Successfully built dj.choices
#7 3.774 Installing collected packages: sqlparse, six, asgiref, django, dj.choices
#7 5.470 Successfully installed asgiref-3.10.0 dj.choices-0.11.0 django-5.2.7 six-1.17.0 sqlparse-0.5.3
#7 5.470 WARNING: Running pip as the 'root' user can result in broken permissions and conflicting behaviour with the system package manager. It is recommended to use a virtual environment instead: https://pip.pypa.io/warnings/venv
#7 5.563 
#7 5.563 [notice] A new release of pip is available: 24.0 -> 25.3
#7 5.563 [notice] To update, run: pip install --upgrade pip
#7 DONE 6.1s

#8 [4/5] RUN ["pip","install","Django"]
#8 0.467 Requirement already satisfied: Django in /usr/local/lib/python3.11/site-packages (5.2.7)
#8 0.471 Requirement already satisfied: asgiref>=3.8.1 in /usr/local/lib/python3.11/site-packages (from Django) (3.10.0)
#8 0.471 Requirement already satisfied: sqlparse>=0.3.1 in /usr/local/lib/python3.11/site-packages (from Django) (0.5.3)
#8 0.512 WARNING: Running pip as the 'root' user can result in broken permissions and conflicting behaviour with the system package manager. It is recommended to use a virtual environment instead: https://pip.pypa.io/warnings/venv
#8 0.517 
#8 0.517 [notice] A new release of pip is available: 24.0 -> 25.3
#8 0.517 [notice] To update, run: pip install --upgrade pip
#8 DONE 0.6s

#9 [5/5] RUN ["pip","install","django-template"]
#9 0.569 ERROR: Could not find a version that satisfies the requirement django-template (from versions: none)
#9 0.569 ERROR: No matching distribution found for django-template
#9 0.574 
#9 0.574 [notice] A new release of pip is available: 24.0 -> 25.3
#9 0.574 [notice] To update, run: pip install --upgrade pip
#9 ERROR: process "pip install django-template" did not complete successfully: exit code: 1
------
 > [5/5] RUN ["pip","install","django-template"]:
0.569 ERROR: Could not find a version that satisfies the requirement django-template (from versions: none)
0.569 ERROR: No matching distribution found for django-template
0.574 
0.574 [notice] A new release of pip is available: 24.0 -> 25.3
0.574 [notice] To update, run: pip install --upgrade pip
------
Dockerfile:5
--------------------
   3 |     RUN ["pip","install","dj.choices"]
   4 |     RUN ["pip","install","Django"]
   5 | >>> RUN ["pip","install","django-template"]
   6 |     CMD ["python3","/snippet.py"]
   7 |     
--------------------
ERROR: failed to build: failed to solve: process "pip install django-template" did not complete successfully: exit code: 1

View build details: docker-desktop://dashboard/build/default/default/l1108o3ayfqvm0nxskhglrgk7
[2025-10-29 16:10:33] ERROR: Build failed for 592040
