=== Docker Build Log for 7365980 ===
Started at: Mi 29. Okt 17:05:44 CET 2025

[2025-10-29 17:05:44] START: Building image for 7365980
#0 building with "default" instance using docker driver

#1 [internal] load build definition from Dockerfile
#1 transferring dockerfile: 195B done
#1 DONE 0.0s

#2 [internal] load metadata for docker.io/library/python:3.11
#2 DONE 0.0s

#3 [internal] load .dockerignore
#3 transferring context: 2B done
#3 DONE 0.0s

#4 [internal] load build context
#4 transferring context: 5.10kB 0.0s done
#4 DONE 0.0s

#5 [1/4] FROM docker.io/library/python:3.11
#5 CACHED

#6 [2/4] COPY hard-gists/7365980/snippet.py /snippet.py
#6 DONE 0.1s

#7 [3/4] RUN ["pip","install","photos"]
#7 2.001 Collecting photos
#7 2.035   Downloading photos-0.0.5-py3-none-any.whl.metadata (600 bytes)
#7 2.082 Collecting click>=7.0 (from photos)
#7 2.090   Downloading click-8.3.0-py3-none-any.whl.metadata (2.6 kB)
#7 2.135 Collecting colorama>=0.4.0 (from photos)
#7 2.146   Downloading colorama-0.4.6-py2.py3-none-any.whl.metadata (17 kB)
#7 2.187 Collecting ExifRead (from photos)
#7 2.197   Downloading exifread-3.5.1-py3-none-any.whl.metadata (10 kB)
#7 2.235 Collecting filesystemlib (from photos)
#7 2.244   Downloading filesystemlib-0.1.0-py3-none-any.whl.metadata (532 bytes)
#7 2.378 Collecting pyheif (from photos)
#7 2.388   Downloading pyheif-0.8.0-cp311-cp311-manylinux_2_17_x86_64.manylinux2014_x86_64.whl.metadata (4.7 kB)
#7 2.531 Collecting cffi>=1.0.0 (from pyheif->photos)
#7 2.539   Downloading cffi-2.0.0-cp311-cp311-manylinux2014_x86_64.manylinux_2_17_x86_64.whl.metadata (2.6 kB)
#7 2.576 Collecting pycparser (from cffi>=1.0.0->pyheif->photos)
#7 2.584   Downloading pycparser-2.23-py3-none-any.whl.metadata (993 bytes)
#7 2.607 Downloading photos-0.0.5-py3-none-any.whl (6.5 kB)
#7 2.624 Downloading click-8.3.0-py3-none-any.whl (107 kB)
#7 2.646    ━━━━━━━━━━━━━━━━━━━━━━━━━━━━━━━━━━━━━━━━ 107.3/107.3 kB 5.0 MB/s eta 0:00:00
#7 2.655 Downloading colorama-0.4.6-py2.py3-none-any.whl (25 kB)
#7 2.752 Downloading exifread-3.5.1-py3-none-any.whl (59 kB)
#7 2.764    ━━━━━━━━━━━━━━━━━━━━━━━━━━━━━━━━━━━━━━━━ 59.7/59.7 kB 5.0 MB/s eta 0:00:00
#7 2.774 Downloading filesystemlib-0.1.0-py3-none-any.whl (6.5 kB)
#7 2.794 Downloading pyheif-0.8.0-cp311-cp311-manylinux_2_17_x86_64.manylinux2014_x86_64.whl (5.3 MB)
#7 3.008    ━━━━━━━━━━━━━━━━━━━━━━━━━━━━━━━━━━━━━━━━ 5.3/5.3 MB 24.8 MB/s eta 0:00:00
#7 3.018 Downloading cffi-2.0.0-cp311-cp311-manylinux2014_x86_64.manylinux_2_17_x86_64.whl (215 kB)
#7 3.034    ━━━━━━━━━━━━━━━━━━━━━━━━━━━━━━━━━━━━━━━━ 215.6/215.6 kB 13.9 MB/s eta 0:00:00
#7 3.043 Downloading pycparser-2.23-py3-none-any.whl (118 kB)
#7 3.057    ━━━━━━━━━━━━━━━━━━━━━━━━━━━━━━━━━━━━━━━━ 118.1/118.1 kB 8.9 MB/s eta 0:00:00
#7 3.115 Installing collected packages: pycparser, filesystemlib, ExifRead, colorama, click, cffi, pyheif, photos
#7 3.514 Successfully installed ExifRead-3.5.1 cffi-2.0.0 click-8.3.0 colorama-0.4.6 filesystemlib-0.1.0 photos-0.0.5 pycparser-2.23 pyheif-0.8.0
#7 3.514 WARNING: Running pip as the 'root' user can result in broken permissions and conflicting behaviour with the system package manager. It is recommended to use a virtual environment instead: https://pip.pypa.io/warnings/venv
#7 3.612 
#7 3.612 [notice] A new release of pip is available: 24.0 -> 25.3
#7 3.612 [notice] To update, run: pip install --upgrade pip
#7 DONE 3.9s

#8 [4/4] RUN ["pip","install","image"]
#8 0.581 Collecting image
#8 0.616   Downloading image-1.5.33.tar.gz (15 kB)
#8 0.636   Preparing metadata (setup.py): started
#8 1.061   Preparing metadata (setup.py): finished with status 'done'
#8 1.273 Collecting pillow (from image)
#8 1.282   Downloading pillow-12.0.0-cp311-cp311-manylinux_2_27_x86_64.manylinux_2_28_x86_64.whl.metadata (8.8 kB)
#8 1.393 Collecting django (from image)
#8 1.401   Downloading django-5.2.7-py3-none-any.whl.metadata (4.1 kB)
#8 1.446 Collecting six (from image)
#8 1.458   Downloading six-1.17.0-py2.py3-none-any.whl.metadata (1.7 kB)
#8 1.508 Collecting asgiref>=3.8.1 (from django->image)
#8 1.517   Downloading asgiref-3.10.0-py3-none-any.whl.metadata (9.3 kB)
#8 1.554 Collecting sqlparse>=0.3.1 (from django->image)
#8 1.563   Downloading sqlparse-0.5.3-py3-none-any.whl.metadata (3.9 kB)
#8 1.605 Downloading django-5.2.7-py3-none-any.whl (8.3 MB)
#8 1.942    ━━━━━━━━━━━━━━━━━━━━━━━━━━━━━━━━━━━━━━━━ 8.3/8.3 MB 24.8 MB/s eta 0:00:00
#8 1.952 Downloading pillow-12.0.0-cp311-cp311-manylinux_2_27_x86_64.manylinux_2_28_x86_64.whl (7.0 MB)
#8 2.254    ━━━━━━━━━━━━━━━━━━━━━━━━━━━━━━━━━━━━━━━━ 7.0/7.0 MB 23.4 MB/s eta 0:00:00
#8 2.265 Downloading six-1.17.0-py2.py3-none-any.whl (11 kB)
#8 2.282 Downloading asgiref-3.10.0-py3-none-any.whl (24 kB)
#8 2.300 Downloading sqlparse-0.5.3-py3-none-any.whl (44 kB)
#8 2.315    ━━━━━━━━━━━━━━━━━━━━━━━━━━━━━━━━━━━━━━━━ 44.4/44.4 kB 2.6 MB/s eta 0:00:00
#8 2.369 Building wheels for collected packages: image
#8 2.369   Building wheel for image (setup.py): started
#8 2.551   Building wheel for image (setup.py): finished with status 'done'
#8 2.552   Created wheel for image: filename=image-1.5.33-py2.py3-none-any.whl size=19554 sha256=b65d4c1782424d41745ec678eb83d181df6a247687cd02b576685b511f39c2c1
#8 2.552   Stored in directory: /root/.cache/pip/wheels/62/40/4f/3c9a8d0f22a1a6f966975a460e5cb509a1e7dc42e2ce5d9a6d
#8 2.553 Successfully built image
#8 2.642 Installing collected packages: sqlparse, six, pillow, asgiref, django, image
#8 4.312 Successfully installed asgiref-3.10.0 django-5.2.7 image-1.5.33 pillow-12.0.0 six-1.17.0 sqlparse-0.5.3
#8 4.313 WARNING: Running pip as the 'root' user can result in broken permissions and conflicting behaviour with the system package manager. It is recommended to use a virtual environment instead: https://pip.pypa.io/warnings/venv
#8 4.318 
#8 4.318 [notice] A new release of pip is available: 24.0 -> 25.3
#8 4.318 [notice] To update, run: pip install --upgrade pip
#8 DONE 4.9s

#9 exporting to image
#9 exporting layers
#9 exporting layers 0.6s done
#9 writing image sha256:bef9e7a4b95ceb6adf4f51c2309af4724ba8a8adfb61b53551fa4a487baf8e34 done
#9 naming to docker.io/library/test-image-7365980 done
#9 DONE 0.6s

View build details: docker-desktop://dashboard/build/default/default/fe7jq9ax7rfz2xespzn5adlej
[2025-10-29 17:05:53] SUCCESS: Build completed for 7365980
