=== Docker Build Log for 2220293 ===
Started at: Mi 29. Okt 13:01:30 CET 2025

[2025-10-29 13:01:30] START: Building image for 2220293
#0 building with "default" instance using docker driver

#1 [internal] load build definition from Dockerfile
#1 transferring dockerfile: 132B done
#1 DONE 0.0s

#2 [internal] load metadata for docker.io/library/python:3.11
#2 DONE 0.0s

#3 [internal] load .dockerignore
#3 transferring context: 2B done
#3 DONE 0.0s

#4 [internal] load build context
#4 transferring context: 2.38kB 0.0s done
#4 DONE 0.0s

#5 [1/2] FROM docker.io/library/python:3.11
#5 CACHED

#6 [2/2] COPY hard-gists/2220293/snippet.py /snippet.py
#6 DONE 0.1s

#7 exporting to image
#7 exporting layers 0.0s done
#7 writing image sha256:da737f79f013ac5786bb85d734e234713a4aa24b2c4960769d2611a5eca4cc26 done
#7 naming to docker.io/library/test-image-2220293 done
#7 DONE 0.1s

View build details: docker-desktop://dashboard/build/default/default/rqxu3305rdtu9pnxhvmkekkh9
[2025-10-29 13:01:30] SUCCESS: Build completed for 2220293
