=== Docker Build Log for 9cfd4d8400961a3b67a1351a1851c869 ===
Started at: Mi 29. Okt 18:41:36 CET 2025

[2025-10-29 18:41:36] START: Building image for 9cfd4d8400961a3b67a1351a1851c869
#0 building with "default" instance using docker driver

#1 [internal] load build definition from Dockerfile
#1 transferring dockerfile: 157B done
#1 DONE 0.0s

#2 [internal] load metadata for docker.io/library/python:3.11
#2 DONE 0.0s

#3 [internal] load .dockerignore
#3 transferring context: 2B done
#3 DONE 0.0s

#4 [internal] load build context
#4 transferring context: 4.83kB 0.0s done
#4 DONE 0.0s

#5 [1/2] FROM docker.io/library/python:3.11
#5 CACHED

#6 [2/2] COPY hard-gists/9cfd4d8400961a3b67a1351a1851c869/snippet.py /snippet.py
#6 DONE 0.1s

#7 exporting to image
#7 exporting layers 0.1s done
#7 writing image sha256:9b2d04ff8820422e85e0604c7b2b13ba0c96cc1d875c4beb5bd2d514854c1a47 done
#7 naming to docker.io/library/test-image-9cfd4d8400961a3b67a1351a1851c869 done
#7 DONE 0.1s

View build details: docker-desktop://dashboard/build/default/default/vijlib0md29oetu8iutn72w8m
[2025-10-29 18:41:36] SUCCESS: Build completed for 9cfd4d8400961a3b67a1351a1851c869
