=== Docker Build Log for 3001099 ===
Started at: Mi 29. Okt 13:35:33 CET 2025

[2025-10-29 13:35:33] START: Building image for 3001099
#0 building with "default" instance using docker driver

#1 [internal] load build definition from Dockerfile
#1 transferring dockerfile: 132B done
#1 DONE 0.0s

#2 [internal] load metadata for docker.io/library/python:3.11
#2 DONE 0.0s

#3 [internal] load .dockerignore
#3 transferring context: 2B done
#3 DONE 0.0s

#4 [internal] load build context
#4 transferring context: 34.28kB 0.0s done
#4 DONE 0.0s

#5 [1/2] FROM docker.io/library/python:3.11
#5 CACHED

#6 [2/2] COPY hard-gists/3001099/snippet.py /snippet.py
#6 DONE 0.1s

#7 exporting to image
#7 exporting layers 0.0s done
#7 writing image sha256:cb4e0946ba15bf7f3b2d5e0f2a22ae081da02260c030e28dc0725f973655679b done
#7 naming to docker.io/library/test-image-3001099 done
#7 DONE 0.1s

View build details: docker-desktop://dashboard/build/default/default/ugenvczh92oe4wheg7vfmbjrb
[2025-10-29 13:35:34] SUCCESS: Build completed for 3001099
