=== Docker Build Log for 0f5f65ddbfa278713f58 ===
Started at: Mi 29. Okt 11:44:01 CET 2025

[2025-10-29 11:44:01] START: Building image for 0f5f65ddbfa278713f58
#0 building with "default" instance using docker driver

#1 [internal] load build definition from Dockerfile
#1 transferring dockerfile: 145B done
#1 DONE 0.0s

#2 [internal] load metadata for docker.io/library/python:3.11
#2 DONE 0.0s

#3 [internal] load .dockerignore
#3 transferring context: 2B done
#3 DONE 0.0s

#4 [internal] load build context
#4 transferring context: 8.50kB 0.0s done
#4 DONE 0.0s

#5 [1/2] FROM docker.io/library/python:3.11
#5 CACHED

#6 [2/2] COPY hard-gists/0f5f65ddbfa278713f58/snippet.py /snippet.py
#6 DONE 0.1s

#7 exporting to image
#7 exporting layers 0.1s done
#7 writing image sha256:5791cd3e53a61471d14eae0dc37f28a941ec70de3192951d08a806799b4f5a81 done
#7 naming to docker.io/library/test-image-0f5f65ddbfa278713f58 done
#7 DONE 0.1s

View build details: docker-desktop://dashboard/build/default/default/617gtiq7rj1i2qexqdkxbpax3
[2025-10-29 11:44:02] SUCCESS: Build completed for 0f5f65ddbfa278713f58
