=== Docker Build Log for 3829194 ===
Started at: Mi 29. Okt 14:01:20 CET 2025

[2025-10-29 14:01:20] START: Building image for 3829194
#0 building with "default" instance using docker driver

#1 [internal] load build definition from Dockerfile
#1 transferring dockerfile: 162B done
#1 DONE 0.0s

#2 [internal] load metadata for docker.io/library/python:3.11
#2 DONE 0.0s

#3 [internal] load .dockerignore
#3 transferring context: 2B done
#3 DONE 0.0s

#4 [internal] load build context
#4 transferring context: 3.83kB 0.0s done
#4 DONE 0.0s

#5 [1/3] FROM docker.io/library/python:3.11
#5 CACHED

#6 [2/3] COPY hard-gists/3829194/snippet.py /snippet.py
#6 DONE 0.1s

#7 [3/3] RUN ["pip","install","jnius"]
#7 1.849 Collecting jnius
#7 1.886   Downloading jnius-1.1.0.tar.gz (28 kB)
#7 1.904   Preparing metadata (setup.py): started
#7 2.254   Preparing metadata (setup.py): finished with status 'error'
#7 2.258   error: subprocess-exited-with-error
#7 2.258   
#7 2.258   × python setup.py egg_info did not run successfully.
#7 2.258   │ exit code: 1
#7 2.258   ╰─> [11 lines of output]
#7 2.258       Traceback (most recent call last):
#7 2.258         File "<string>", line 2, in <module>
#7 2.258         File "<pip-setuptools-caller>", line 34, in <module>
#7 2.258         File "/tmp/pip-install-uhxdwayw/jnius_ae8052324ae64cf29d579d23df2c5d7b/setup.py", line 53, in <module>
#7 2.258           from Cython.Distutils import build_ext
#7 2.258       ModuleNotFoundError: No module named 'Cython'
#7 2.258       
#7 2.258       
#7 2.258       You need Cython to compile Pyjnius.
#7 2.258       
#7 2.258       
#7 2.258       [end of output]
#7 2.258   
#7 2.258   note: This error originates from a subprocess, and is likely not a problem with pip.
#7 2.259 error: metadata-generation-failed
#7 2.259 
#7 2.259 × Encountered error while generating package metadata.
#7 2.259 ╰─> See above for output.
#7 2.259 
#7 2.259 note: This is an issue with the package mentioned above, not pip.
#7 2.259 hint: See above for details.
#7 2.352 
#7 2.352 [notice] A new release of pip is available: 24.0 -> 25.3
#7 2.352 [notice] To update, run: pip install --upgrade pip
#7 ERROR: process "pip install jnius" did not complete successfully: exit code: 1
------
 > [3/3] RUN ["pip","install","jnius"]:
2.259 error: metadata-generation-failed
2.259 
2.259 × Encountered error while generating package metadata.
2.259 ╰─> See above for output.
2.259 
2.259 note: This is an issue with the package mentioned above, not pip.
2.259 hint: See above for details.
2.352 
2.352 [notice] A new release of pip is available: 24.0 -> 25.3
2.352 [notice] To update, run: pip install --upgrade pip
------
Dockerfile:3
--------------------
   1 |     FROM python:3.11
   2 |     COPY hard-gists/3829194/snippet.py /snippet.py
   3 | >>> RUN ["pip","install","jnius"]
   4 |     CMD ["python3","/snippet.py"]
   5 |     
--------------------
ERROR: failed to build: failed to solve: process "pip install jnius" did not complete successfully: exit code: 1

View build details: docker-desktop://dashboard/build/default/default/lznadxanen89cl6r3gcqhn83e
[2025-10-29 14:01:23] ERROR: Build failed for 3829194
