=== Docker Build Log for 4707775 ===
Started at: Mi 29. Okt 14:57:49 CET 2025

[2025-10-29 14:57:49] START: Building image for 4707775
#0 building with "default" instance using docker driver

#1 [internal] load build definition from Dockerfile
#1 transferring dockerfile: 168B done
#1 DONE 0.0s

#2 [internal] load metadata for docker.io/library/python:3.11
#2 DONE 0.0s

#3 [internal] load .dockerignore
#3 transferring context: 2B done
#3 DONE 0.0s

#4 [internal] load build context
#4 transferring context: 5.26kB 0.0s done
#4 DONE 0.0s

#5 [1/3] FROM docker.io/library/python:3.11
#5 CACHED

#6 [2/3] COPY hard-gists/4707775/snippet.py /snippet.py
#6 DONE 0.1s

#7 [3/3] RUN ["pip","install","dnspython"]
#7 1.972 Collecting dnspython
#7 2.021   Downloading dnspython-2.8.0-py3-none-any.whl.metadata (5.7 kB)
#7 2.053 Downloading dnspython-2.8.0-py3-none-any.whl (331 kB)
#7 2.092    ━━━━━━━━━━━━━━━━━━━━━━━━━━━━━━━━━━━━━━━━ 331.1/331.1 kB 8.8 MB/s eta 0:00:00
#7 2.138 Installing collected packages: dnspython
#7 2.311 Successfully installed dnspython-2.8.0
#7 2.311 WARNING: Running pip as the 'root' user can result in broken permissions and conflicting behaviour with the system package manager. It is recommended to use a virtual environment instead: https://pip.pypa.io/warnings/venv
#7 2.404 
#7 2.404 [notice] A new release of pip is available: 24.0 -> 25.3
#7 2.404 [notice] To update, run: pip install --upgrade pip
#7 DONE 2.6s

#8 exporting to image
#8 exporting layers
#8 exporting layers 0.2s done
#8 writing image sha256:013d509d87e0530810f6a87192a649ed3261521caf5e8ab8ea2cbe73fafdc362 done
#8 naming to docker.io/library/test-image-4707775 done
#8 DONE 0.2s

View build details: docker-desktop://dashboard/build/default/default/2uael26lpmg19q11d41mx75m1
[2025-10-29 14:57:52] SUCCESS: Build completed for 4707775
