=== Docker Build Log for 6105220 ===
Started at: Mi 29. Okt 16:20:32 CET 2025

[2025-10-29 16:20:32] START: Building image for 6105220
#0 building with "default" instance using docker driver

#1 [internal] load build definition from Dockerfile
#1 transferring dockerfile: 132B done
#1 DONE 0.0s

#2 [internal] load metadata for docker.io/library/python:3.11
#2 DONE 0.0s

#3 [internal] load .dockerignore
#3 transferring context: 2B done
#3 DONE 0.0s

#4 [internal] load build context
#4 transferring context: 2.07kB 0.0s done
#4 DONE 0.0s

#5 [1/2] FROM docker.io/library/python:3.11
#5 CACHED

#6 [2/2] COPY hard-gists/6105220/snippet.py /snippet.py
#6 DONE 0.1s

#7 exporting to image
#7 exporting layers 0.0s done
#7 writing image sha256:895827a28aac5d91c667d24c2f20d53ad0203fe804d4dff70c950e39b616f403 done
#7 naming to docker.io/library/test-image-6105220 done
#7 DONE 0.1s

View build details: docker-desktop://dashboard/build/default/default/bfz0u4sh0e9e610k9a4d6rfk5
[2025-10-29 16:20:33] SUCCESS: Build completed for 6105220
