=== Docker Build Log for 3706203 ===
Started at: Mi 29. Okt 13:57:19 CET 2025

[2025-10-29 13:57:19] START: Building image for 3706203
#0 building with "default" instance using docker driver

#1 [internal] load build definition from Dockerfile
#1 transferring dockerfile: 167B done
#1 DONE 0.0s

#2 [internal] load metadata for docker.io/library/python:3.11
#2 DONE 0.0s

#3 [internal] load .dockerignore
#3 transferring context: 2B done
#3 DONE 0.0s

#4 [internal] load build context
#4 transferring context: 3.12kB 0.0s done
#4 DONE 0.0s

#5 [1/3] FROM docker.io/library/python:3.11
#5 CACHED

#6 [2/3] COPY hard-gists/3706203/snippet.py /snippet.py
#6 DONE 0.1s

#7 [3/3] RUN ["pip","install","observer"]
#7 2.014 Collecting observer
#7 2.145   Downloading observer-0.1.0.tar.gz (6.4 kB)
#7 2.170   Preparing metadata (setup.py): started
#7 2.562   Preparing metadata (setup.py): finished with status 'done'
#7 2.563 Building wheels for collected packages: observer
#7 2.564   Building wheel for observer (setup.py): started
#7 2.724   Building wheel for observer (setup.py): finished with status 'done'
#7 2.724   Created wheel for observer: filename=observer-0.1.0-py3-none-any.whl size=8642 sha256=ad1eaec25539895ac6fa7e80f797f53a61b8067ff350f858054731bf682a2d45
#7 2.724   Stored in directory: /root/.cache/pip/wheels/12/c5/87/5d4aca3a5cc9fb54e45caf591aabbbcb14bf47eadecad12968
#7 2.727 Successfully built observer
#7 2.755 Installing collected packages: observer
#7 2.777 Successfully installed observer-0.1.0
#7 2.777 WARNING: Running pip as the 'root' user can result in broken permissions and conflicting behaviour with the system package manager. It is recommended to use a virtual environment instead: https://pip.pypa.io/warnings/venv
#7 2.868 
#7 2.868 [notice] A new release of pip is available: 24.0 -> 25.3
#7 2.868 [notice] To update, run: pip install --upgrade pip
#7 DONE 3.0s

#8 exporting to image
#8 exporting layers 0.1s done
#8 writing image sha256:12b6a1800128500b50cd7539aa39e12f03f43360550759fcd1dd41164d652825 done
#8 naming to docker.io/library/test-image-3706203 done
#8 DONE 0.2s

View build details: docker-desktop://dashboard/build/default/default/gbt6f6a4zpf8w4fz4wfd37ydc
[2025-10-29 13:57:23] SUCCESS: Build completed for 3706203
