=== Docker Build Log for 9c1614281797ce620c6069476d39c7b8 ===
Started at: Mi 29. Okt 18:41:08 CET 2025

[2025-10-29 18:41:08] START: Building image for 9c1614281797ce620c6069476d39c7b8
#0 building with "default" instance using docker driver

#1 [internal] load build definition from Dockerfile
#1 transferring dockerfile: 157B done
#1 DONE 0.0s

#2 [internal] load metadata for docker.io/library/python:3.11
#2 DONE 0.0s

#3 [internal] load .dockerignore
#3 transferring context: 2B done
#3 DONE 0.0s

#4 [internal] load build context
#4 transferring context: 3.50kB 0.0s done
#4 DONE 0.0s

#5 [1/2] FROM docker.io/library/python:3.11
#5 CACHED

#6 [2/2] COPY hard-gists/9c1614281797ce620c6069476d39c7b8/snippet.py /snippet.py
#6 DONE 0.1s

#7 exporting to image
#7 exporting layers 0.0s done
#7 writing image sha256:cf8a0c2c53650e6ff72242da180baf72083a56f35ca5282e20c10be0757e6c7b done
#7 naming to docker.io/library/test-image-9c1614281797ce620c6069476d39c7b8 done
#7 DONE 0.1s

View build details: docker-desktop://dashboard/build/default/default/3riop78sll8zurb993ww4wqfr
[2025-10-29 18:41:08] SUCCESS: Build completed for 9c1614281797ce620c6069476d39c7b8
