=== Docker Build Log for 5326230 ===
Started at: Mi 29. Okt 15:36:25 CET 2025

[2025-10-29 15:36:25] START: Building image for 5326230
#0 building with "default" instance using docker driver

#1 [internal] load build definition from Dockerfile
#1 transferring dockerfile: 249B done
#1 DONE 0.0s

#2 [internal] load metadata for docker.io/library/python:3.11
#2 DONE 0.0s

#3 [internal] load .dockerignore
#3 transferring context: 2B done
#3 DONE 0.0s

#4 [internal] load build context
#4 transferring context: 526B 0.0s done
#4 DONE 0.0s

#5 [1/6] FROM docker.io/library/python:3.11
#5 CACHED

#6 [2/6] COPY hard-gists/5326230/snippet.py /snippet.py
#6 DONE 0.1s

#7 [3/6] RUN ["pip","install","six"]
#7 1.973 Collecting six
#7 2.006   Downloading six-1.17.0-py2.py3-none-any.whl.metadata (1.7 kB)
#7 2.026 Downloading six-1.17.0-py2.py3-none-any.whl (11 kB)
#7 2.072 Installing collected packages: six
#7 2.091 Successfully installed six-1.17.0
#7 2.092 WARNING: Running pip as the 'root' user can result in broken permissions and conflicting behaviour with the system package manager. It is recommended to use a virtual environment instead: https://pip.pypa.io/warnings/venv
#7 2.183 
#7 2.183 [notice] A new release of pip is available: 24.0 -> 25.3
#7 2.183 [notice] To update, run: pip install --upgrade pip
#7 DONE 2.3s

#8 [4/6] RUN ["pip","install","pytest"]
#8 0.620 Collecting pytest
#8 0.654   Downloading pytest-8.4.2-py3-none-any.whl.metadata (7.7 kB)
#8 0.696 Collecting iniconfig>=1 (from pytest)
#8 0.705   Downloading iniconfig-2.3.0-py3-none-any.whl.metadata (2.5 kB)
#8 0.757 Collecting packaging>=20 (from pytest)
#8 0.768   Downloading packaging-25.0-py3-none-any.whl.metadata (3.3 kB)
#8 0.808 Collecting pluggy<2,>=1.5 (from pytest)
#8 0.816   Downloading pluggy-1.6.0-py3-none-any.whl.metadata (4.8 kB)
#8 0.863 Collecting pygments>=2.7.2 (from pytest)
#8 0.872   Downloading pygments-2.19.2-py3-none-any.whl.metadata (2.5 kB)
#8 0.901 Downloading pytest-8.4.2-py3-none-any.whl (365 kB)
#8 0.941    ━━━━━━━━━━━━━━━━━━━━━━━━━━━━━━━━━━━━━━━━ 365.8/365.8 kB 9.6 MB/s eta 0:00:00
#8 0.949 Downloading iniconfig-2.3.0-py3-none-any.whl (7.5 kB)
#8 0.966 Downloading packaging-25.0-py3-none-any.whl (66 kB)
#8 0.977    ━━━━━━━━━━━━━━━━━━━━━━━━━━━━━━━━━━━━━━━━ 66.5/66.5 kB 6.1 MB/s eta 0:00:00
#8 0.984 Downloading pluggy-1.6.0-py3-none-any.whl (20 kB)
#8 1.002 Downloading pygments-2.19.2-py3-none-any.whl (1.2 MB)
#8 1.059    ━━━━━━━━━━━━━━━━━━━━━━━━━━━━━━━━━━━━━━━━ 1.2/1.2 MB 21.8 MB/s eta 0:00:00
#8 1.112 Installing collected packages: pygments, pluggy, packaging, iniconfig, pytest
#8 1.883 Successfully installed iniconfig-2.3.0 packaging-25.0 pluggy-1.6.0 pygments-2.19.2 pytest-8.4.2
#8 1.884 WARNING: Running pip as the 'root' user can result in broken permissions and conflicting behaviour with the system package manager. It is recommended to use a virtual environment instead: https://pip.pypa.io/warnings/venv
#8 1.890 
#8 1.890 [notice] A new release of pip is available: 24.0 -> 25.3
#8 1.890 [notice] To update, run: pip install --upgrade pip
#8 DONE 2.0s

#9 [5/6] RUN ["pip","install","py"]
#9 0.558 Collecting py
#9 0.595   Downloading py-1.11.0-py2.py3-none-any.whl.metadata (2.8 kB)
#9 0.620 Downloading py-1.11.0-py2.py3-none-any.whl (98 kB)
#9 0.654    ━━━━━━━━━━━━━━━━━━━━━━━━━━━━━━━━━━━━━━━━ 98.7/98.7 kB 2.8 MB/s eta 0:00:00
#9 0.702 Installing collected packages: py
#9 0.783 Successfully installed py-1.11.0
#9 0.783 WARNING: Running pip as the 'root' user can result in broken permissions and conflicting behaviour with the system package manager. It is recommended to use a virtual environment instead: https://pip.pypa.io/warnings/venv
#9 0.788 
#9 0.788 [notice] A new release of pip is available: 24.0 -> 25.3
#9 0.788 [notice] To update, run: pip install --upgrade pip
#9 DONE 0.9s

#10 [6/6] RUN ["pip","install","pykd"]
#10 0.528 ERROR: Could not find a version that satisfies the requirement pykd (from versions: none)
#10 0.528 ERROR: No matching distribution found for pykd
#10 0.533 
#10 0.533 [notice] A new release of pip is available: 24.0 -> 25.3
#10 0.533 [notice] To update, run: pip install --upgrade pip
#10 ERROR: process "pip install pykd" did not complete successfully: exit code: 1
------
 > [6/6] RUN ["pip","install","pykd"]:
0.528 ERROR: Could not find a version that satisfies the requirement pykd (from versions: none)
0.528 ERROR: No matching distribution found for pykd
0.533 
0.533 [notice] A new release of pip is available: 24.0 -> 25.3
0.533 [notice] To update, run: pip install --upgrade pip
------
Dockerfile:6
--------------------
   4 |     RUN ["pip","install","pytest"]
   5 |     RUN ["pip","install","py"]
   6 | >>> RUN ["pip","install","pykd"]
   7 |     CMD ["python3","/snippet.py"]
   8 |     
--------------------
ERROR: failed to build: failed to solve: process "pip install pykd" did not complete successfully: exit code: 1

View build details: docker-desktop://dashboard/build/default/default/l0g4rdxgp24zg5wpt1mo6zbjz
[2025-10-29 15:36:32] ERROR: Build failed for 5326230
