=== Docker Build Log for 8601bfad4ad512ff9d6d46d1ba0fbcca ===
Started at: Mi 29. Okt 17:51:35 CET 2025

[2025-10-29 17:51:35] START: Building image for 8601bfad4ad512ff9d6d46d1ba0fbcca
#0 building with "default" instance using docker driver

#1 [internal] load build definition from Dockerfile
#1 transferring dockerfile: 275B done
#1 DONE 0.0s

#2 [internal] load metadata for docker.io/library/python:3.11
#2 DONE 0.0s

#3 [internal] load .dockerignore
#3 transferring context: 2B done
#3 DONE 0.0s

#4 [internal] load build context
#4 transferring context: 2.92kB 0.0s done
#4 DONE 0.0s

#5 [1/6] FROM docker.io/library/python:3.11
#5 CACHED

#6 [2/6] COPY hard-gists/8601bfad4ad512ff9d6d46d1ba0fbcca/snippet.py /snippet.py
#6 DONE 0.1s

#7 [3/6] RUN ["pip","install","six"]
#7 1.892 Collecting six
#7 1.938   Downloading six-1.17.0-py2.py3-none-any.whl.metadata (1.7 kB)
#7 1.958 Downloading six-1.17.0-py2.py3-none-any.whl (11 kB)
#7 2.000 Installing collected packages: six
#7 2.016 Successfully installed six-1.17.0
#7 2.016 WARNING: Running pip as the 'root' user can result in broken permissions and conflicting behaviour with the system package manager. It is recommended to use a virtual environment instead: https://pip.pypa.io/warnings/venv
#7 2.107 
#7 2.107 [notice] A new release of pip is available: 24.0 -> 25.3
#7 2.107 [notice] To update, run: pip install --upgrade pip
#7 DONE 2.3s

#8 [4/6] RUN ["pip","install","pytest"]
#8 0.555 Collecting pytest
#8 0.589   Downloading pytest-8.4.2-py3-none-any.whl.metadata (7.7 kB)
#8 0.632 Collecting iniconfig>=1 (from pytest)
#8 0.640   Downloading iniconfig-2.3.0-py3-none-any.whl.metadata (2.5 kB)
#8 0.689 Collecting packaging>=20 (from pytest)
#8 0.697   Downloading packaging-25.0-py3-none-any.whl.metadata (3.3 kB)
#8 0.736 Collecting pluggy<2,>=1.5 (from pytest)
#8 0.745   Downloading pluggy-1.6.0-py3-none-any.whl.metadata (4.8 kB)
#8 0.792 Collecting pygments>=2.7.2 (from pytest)
#8 0.799   Downloading pygments-2.19.2-py3-none-any.whl.metadata (2.5 kB)
#8 0.827 Downloading pytest-8.4.2-py3-none-any.whl (365 kB)
#8 0.869    ━━━━━━━━━━━━━━━━━━━━━━━━━━━━━━━━━━━━━━━━ 365.8/365.8 kB 9.1 MB/s eta 0:00:00
#8 0.876 Downloading iniconfig-2.3.0-py3-none-any.whl (7.5 kB)
#8 0.901 Downloading packaging-25.0-py3-none-any.whl (66 kB)
#8 0.913    ━━━━━━━━━━━━━━━━━━━━━━━━━━━━━━━━━━━━━━━━ 66.5/66.5 kB 5.3 MB/s eta 0:00:00
#8 0.921 Downloading pluggy-1.6.0-py3-none-any.whl (20 kB)
#8 0.939 Downloading pygments-2.19.2-py3-none-any.whl (1.2 MB)
#8 0.991    ━━━━━━━━━━━━━━━━━━━━━━━━━━━━━━━━━━━━━━━━ 1.2/1.2 MB 23.8 MB/s eta 0:00:00
#8 1.044 Installing collected packages: pygments, pluggy, packaging, iniconfig, pytest
#8 1.759 Successfully installed iniconfig-2.3.0 packaging-25.0 pluggy-1.6.0 pygments-2.19.2 pytest-8.4.2
#8 1.759 WARNING: Running pip as the 'root' user can result in broken permissions and conflicting behaviour with the system package manager. It is recommended to use a virtual environment instead: https://pip.pypa.io/warnings/venv
#8 1.764 
#8 1.764 [notice] A new release of pip is available: 24.0 -> 25.3
#8 1.764 [notice] To update, run: pip install --upgrade pip
#8 DONE 1.9s

#9 [5/6] RUN ["pip","install","py"]
#9 0.525 Collecting py
#9 0.573   Downloading py-1.11.0-py2.py3-none-any.whl.metadata (2.8 kB)
#9 0.599 Downloading py-1.11.0-py2.py3-none-any.whl (98 kB)
#9 0.638    ━━━━━━━━━━━━━━━━━━━━━━━━━━━━━━━━━━━━━━━━ 98.7/98.7 kB 2.4 MB/s eta 0:00:00
#9 0.684 Installing collected packages: py
#9 0.764 Successfully installed py-1.11.0
#9 0.765 WARNING: Running pip as the 'root' user can result in broken permissions and conflicting behaviour with the system package manager. It is recommended to use a virtual environment instead: https://pip.pypa.io/warnings/venv
#9 0.770 
#9 0.770 [notice] A new release of pip is available: 24.0 -> 25.3
#9 0.770 [notice] To update, run: pip install --upgrade pip
#9 DONE 0.8s

#10 [6/6] RUN ["pip","install","numpy"]
#10 0.684 Collecting numpy
#10 0.719   Downloading numpy-2.3.4-cp311-cp311-manylinux_2_27_x86_64.manylinux_2_28_x86_64.whl.metadata (62 kB)
#10 0.741      ━━━━━━━━━━━━━━━━━━━━━━━━━━━━━━━━━━━━━━━━ 62.1/62.1 kB 2.6 MB/s eta 0:00:00
#10 0.761 Downloading numpy-2.3.4-cp311-cp311-manylinux_2_27_x86_64.manylinux_2_28_x86_64.whl (16.9 MB)
#10 1.426    ━━━━━━━━━━━━━━━━━━━━━━━━━━━━━━━━━━━━━━━━ 16.9/16.9 MB 23.0 MB/s eta 0:00:00
#10 1.514 Installing collected packages: numpy
#10 2.996 Successfully installed numpy-2.3.4
#10 2.996 WARNING: Running pip as the 'root' user can result in broken permissions and conflicting behaviour with the system package manager. It is recommended to use a virtual environment instead: https://pip.pypa.io/warnings/venv
#10 3.002 
#10 3.002 [notice] A new release of pip is available: 24.0 -> 25.3
#10 3.002 [notice] To update, run: pip install --upgrade pip
#10 DONE 4.1s

#11 exporting to image
#11 exporting layers
#11 exporting layers 0.4s done
#11 writing image sha256:ba33ae0cbb809c35a818655284cac92e71513ea79e712d25ff5af1bed3444273 done
#11 naming to docker.io/library/test-image-8601bfad4ad512ff9d6d46d1ba0fbcca 0.0s done
#11 DONE 0.4s

View build details: docker-desktop://dashboard/build/default/default/9ljtifrf6230m3mozywvpr3td
[2025-10-29 17:51:45] SUCCESS: Build completed for 8601bfad4ad512ff9d6d46d1ba0fbcca
