=== Docker Build Log for 3682135 ===
Started at: Mi 29. Okt 13:56:07 CET 2025

[2025-10-29 13:56:07] START: Building image for 3682135
#0 building with "default" instance using docker driver

#1 [internal] load build definition from Dockerfile
#1 transferring dockerfile: 132B done
#1 DONE 0.0s

#2 [internal] load metadata for docker.io/library/python:3.11
#2 DONE 0.0s

#3 [internal] load .dockerignore
#3 transferring context: 2B done
#3 DONE 0.0s

#4 [internal] load build context
#4 transferring context: 8.99kB 0.0s done
#4 DONE 0.0s

#5 [1/2] FROM docker.io/library/python:3.11
#5 CACHED

#6 [2/2] COPY hard-gists/3682135/snippet.py /snippet.py
#6 DONE 0.1s

#7 exporting to image
#7 exporting layers 0.0s done
#7 writing image sha256:3bb5ed9b8fe05b4047ea0bc4658cf1d7399f5f860c23567e368dc7279c14c05a done
#7 naming to docker.io/library/test-image-3682135 done
#7 DONE 0.1s

View build details: docker-desktop://dashboard/build/default/default/kk6ja5gdtnwnd5l1d58c2358h
[2025-10-29 13:56:08] SUCCESS: Build completed for 3682135
