=== Docker Build Log for 5001170 ===
Started at: Mi 29. Okt 15:18:34 CET 2025

[2025-10-29 15:18:34] START: Building image for 5001170
#0 building with "default" instance using docker driver

#1 [internal] load build definition from Dockerfile
#1 transferring dockerfile: 169B done
#1 DONE 0.0s

#2 [internal] load metadata for docker.io/library/python:3.11
#2 DONE 0.0s

#3 [internal] load .dockerignore
#3 transferring context: 2B done
#3 DONE 0.0s

#4 [internal] load build context
#4 transferring context: 1.09kB 0.0s done
#4 DONE 0.0s

#5 [1/3] FROM docker.io/library/python:3.11
#5 CACHED

#6 [2/3] COPY hard-gists/5001170/snippet.py /snippet.py
#6 DONE 0.1s

#7 [3/3] RUN ["pip","install","foundation"]
#7 2.145 Collecting foundation
#7 2.186   Downloading foundation-0.1.0a0.dev1.tar.gz (50 kB)
#7 2.205      ━━━━━━━━━━━━━━━━━━━━━━━━━━━━━━━━━━━━━━━━ 50.8/50.8 kB 2.4 MB/s eta 0:00:00
#7 2.217   Preparing metadata (setup.py): started
#7 2.623   Preparing metadata (setup.py): finished with status 'done'
#7 2.730 Collecting Django<1.11,>=1.10 (from foundation)
#7 2.740   Downloading Django-1.10.8-py2.py3-none-any.whl.metadata (1.3 kB)
#7 2.879 Collecting django-sekizai>=0.10 (from foundation)
#7 2.887   Downloading django_sekizai-4.1.0-py3-none-any.whl.metadata (4.6 kB)
#7 2.914 INFO: pip is looking at multiple versions of django-sekizai to determine which version is compatible with other requirements. This could take a while.
#7 2.927   Downloading django_sekizai-4.0.0-py3-none-any.whl.metadata (4.6 kB)
#7 2.954   Downloading django_sekizai-3.0.1-py3-none-any.whl.metadata (4.6 kB)
#7 2.996   Downloading django_sekizai-3.0.0-py3-none-any.whl.metadata (4.6 kB)
#7 3.022   Downloading django_sekizai-2.0.0-py3-none-any.whl.metadata (3.7 kB)
#7 3.046   Downloading django-sekizai-1.1.0.tar.gz (7.0 kB)
#7 3.060   Preparing metadata (setup.py): started
#7 3.172   Preparing metadata (setup.py): finished with status 'done'
#7 3.200   Downloading django-sekizai-1.0.0.tar.gz (18 kB)
#7 3.217   Preparing metadata (setup.py): started
#7 3.336   Preparing metadata (setup.py): finished with status 'done'
#7 3.351   Downloading django_sekizai-0.10.0-py2.py3-none-any.whl.metadata (793 bytes)
#7 3.490 Collecting django-classy-tags>=0.3.1 (from django-sekizai>=0.10->foundation)
#7 3.499   Downloading django_classy_tags-4.1.0-py3-none-any.whl.metadata (5.3 kB)
#7 3.512 INFO: pip is looking at multiple versions of django-classy-tags to determine which version is compatible with other requirements. This could take a while.
#7 3.525   Downloading django_classy_tags-4.0.0-py3-none-any.whl.metadata (5.2 kB)
#7 3.549   Downloading django_classy_tags-3.0.1-py3-none-any.whl.metadata (5.3 kB)
#7 3.573   Downloading django_classy_tags-3.0.0-py3-none-any.whl.metadata (5.2 kB)
#7 3.598   Downloading django_classy_tags-2.0.0-py3-none-any.whl.metadata (4.5 kB)
#7 3.622   Downloading django-classy-tags-1.0.0.tar.gz (13 kB)
#7 3.636   Preparing metadata (setup.py): started
#7 3.747   Preparing metadata (setup.py): finished with status 'done'
#7 3.764   Downloading django-classy-tags-0.9.0.tar.gz (17 kB)
#7 3.778   Preparing metadata (setup.py): started
#7 3.890   Preparing metadata (setup.py): finished with status 'done'
#7 3.907   Downloading django_classy_tags-0.8.0-py2.py3-none-any.whl.metadata (981 bytes)
#7 3.944 Downloading Django-1.10.8-py2.py3-none-any.whl (6.8 MB)
#7 4.196    ━━━━━━━━━━━━━━━━━━━━━━━━━━━━━━━━━━━━━━━━ 6.8/6.8 MB 27.4 MB/s eta 0:00:00
#7 4.205 Downloading django_sekizai-0.10.0-py2.py3-none-any.whl (19 kB)
#7 4.233 Downloading django_classy_tags-0.8.0-py2.py3-none-any.whl (22 kB)
#7 4.280 Building wheels for collected packages: foundation
#7 4.281   Building wheel for foundation (setup.py): started
#7 4.515   Building wheel for foundation (setup.py): finished with status 'done'
#7 4.516   Created wheel for foundation: filename=foundation-0.1.0a0.dev1-py3-none-any.whl size=73614 sha256=56ff021890e8d951b97c3b5d5f643c3b80e263a91a1ac4fc76b7bb65a70210be
#7 4.516   Stored in directory: /root/.cache/pip/wheels/ad/c3/ad/3307fd133207420fb4bf8fa4844260b0dcd4de9deec2857abd
#7 4.518 Successfully built foundation
#7 4.561 Installing collected packages: Django, django-classy-tags, django-sekizai, foundation
#7 5.809 Successfully installed Django-1.10.8 django-classy-tags-0.8.0 django-sekizai-0.10.0 foundation-0.1.0a0.dev1
#7 5.809 WARNING: Running pip as the 'root' user can result in broken permissions and conflicting behaviour with the system package manager. It is recommended to use a virtual environment instead: https://pip.pypa.io/warnings/venv
#7 5.912 
#7 5.912 [notice] A new release of pip is available: 24.0 -> 25.3
#7 5.912 [notice] To update, run: pip install --upgrade pip
#7 DONE 6.3s

#8 exporting to image
#8 exporting layers
#8 exporting layers 0.6s done
#8 writing image sha256:d651a18a1099aad1b934a08388958a3f1c22e2d46a720c8e27a41ff37dc2a2d5 done
#8 naming to docker.io/library/test-image-5001170 done
#8 DONE 0.7s

View build details: docker-desktop://dashboard/build/default/default/ygztv33hm1jhqffja6ikoflq4
[2025-10-29 15:18:41] SUCCESS: Build completed for 5001170
