=== Docker Build Log for 5a073b72c94de357d453 ===
Started at: Mi 29. Okt 16:11:43 CET 2025

[2025-10-29 16:11:43] START: Building image for 5a073b72c94de357d453
#0 building with "default" instance using docker driver

#1 [internal] load build definition from Dockerfile
#1 transferring dockerfile: 373B done
#1 DONE 0.0s

#2 [internal] load metadata for docker.io/library/python:3.11
#2 DONE 0.0s

#3 [internal] load .dockerignore
#3 transferring context: 2B done
#3 DONE 0.0s

#4 [internal] load build context
#4 transferring context: 2.98kB 0.0s done
#4 DONE 0.0s

#5 [1/9] FROM docker.io/library/python:3.11
#5 CACHED

#6 [2/9] COPY hard-gists/5a073b72c94de357d453/snippet.py /snippet.py
#6 DONE 0.1s

#7 [3/9] RUN ["pip","install","clip.py"]
#7 2.142 Collecting clip.py
#7 2.184   Downloading clip.py-0.3.2-py2.py3-none-any.whl.metadata (406 bytes)
#7 2.202 Downloading clip.py-0.3.2-py2.py3-none-any.whl (7.8 kB)
#7 2.251 Installing collected packages: clip.py
#7 2.268 Successfully installed clip.py-0.3.2
#7 2.268 WARNING: Running pip as the 'root' user can result in broken permissions and conflicting behaviour with the system package manager. It is recommended to use a virtual environment instead: https://pip.pypa.io/warnings/venv
#7 2.374 
#7 2.374 [notice] A new release of pip is available: 24.0 -> 25.3
#7 2.374 [notice] To update, run: pip install --upgrade pip
#7 DONE 2.5s

#8 [4/9] RUN ["pip","install","photos"]
#8 0.582 Collecting photos
#8 0.616   Downloading photos-0.0.5-py3-none-any.whl.metadata (600 bytes)
#8 0.672 Collecting click>=7.0 (from photos)
#8 0.681   Downloading click-8.3.0-py3-none-any.whl.metadata (2.6 kB)
#8 0.725 Collecting colorama>=0.4.0 (from photos)
#8 0.734   Downloading colorama-0.4.6-py2.py3-none-any.whl.metadata (17 kB)
#8 0.776 Collecting ExifRead (from photos)
#8 0.787   Downloading exifread-3.5.1-py3-none-any.whl.metadata (10 kB)
#8 0.822 Collecting filesystemlib (from photos)
#8 0.831   Downloading filesystemlib-0.1.0-py3-none-any.whl.metadata (532 bytes)
#8 0.988 Collecting pyheif (from photos)
#8 0.999   Downloading pyheif-0.8.0-cp311-cp311-manylinux_2_17_x86_64.manylinux2014_x86_64.whl.metadata (4.7 kB)
#8 1.149 Collecting cffi>=1.0.0 (from pyheif->photos)
#8 1.157   Downloading cffi-2.0.0-cp311-cp311-manylinux2014_x86_64.manylinux_2_17_x86_64.whl.metadata (2.6 kB)
#8 1.200 Collecting pycparser (from cffi>=1.0.0->pyheif->photos)
#8 1.207   Downloading pycparser-2.23-py3-none-any.whl.metadata (993 bytes)
#8 1.229 Downloading photos-0.0.5-py3-none-any.whl (6.5 kB)
#8 1.250 Downloading click-8.3.0-py3-none-any.whl (107 kB)
#8 1.272    ━━━━━━━━━━━━━━━━━━━━━━━━━━━━━━━━━━━━━━━━ 107.3/107.3 kB 4.8 MB/s eta 0:00:00
#8 1.280 Downloading colorama-0.4.6-py2.py3-none-any.whl (25 kB)
#8 1.298 Downloading exifread-3.5.1-py3-none-any.whl (59 kB)
#8 1.309    ━━━━━━━━━━━━━━━━━━━━━━━━━━━━━━━━━━━━━━━━ 59.7/59.7 kB 5.4 MB/s eta 0:00:00
#8 1.318 Downloading filesystemlib-0.1.0-py3-none-any.whl (6.5 kB)
#8 1.337 Downloading pyheif-0.8.0-cp311-cp311-manylinux_2_17_x86_64.manylinux2014_x86_64.whl (5.3 MB)
#8 1.552    ━━━━━━━━━━━━━━━━━━━━━━━━━━━━━━━━━━━━━━━━ 5.3/5.3 MB 24.6 MB/s eta 0:00:00
#8 1.563 Downloading cffi-2.0.0-cp311-cp311-manylinux2014_x86_64.manylinux_2_17_x86_64.whl (215 kB)
#8 1.579    ━━━━━━━━━━━━━━━━━━━━━━━━━━━━━━━━━━━━━━━━ 215.6/215.6 kB 13.4 MB/s eta 0:00:00
#8 1.588 Downloading pycparser-2.23-py3-none-any.whl (118 kB)
#8 1.602    ━━━━━━━━━━━━━━━━━━━━━━━━━━━━━━━━━━━━━━━━ 118.1/118.1 kB 8.5 MB/s eta 0:00:00
#8 1.661 Installing collected packages: pycparser, filesystemlib, ExifRead, colorama, click, cffi, pyheif, photos
#8 2.076 Successfully installed ExifRead-3.5.1 cffi-2.0.0 click-8.3.0 colorama-0.4.6 filesystemlib-0.1.0 photos-0.0.5 pycparser-2.23 pyheif-0.8.0
#8 2.076 WARNING: Running pip as the 'root' user can result in broken permissions and conflicting behaviour with the system package manager. It is recommended to use a virtual environment instead: https://pip.pypa.io/warnings/venv
#8 2.082 
#8 2.082 [notice] A new release of pip is available: 24.0 -> 25.3
#8 2.082 [notice] To update, run: pip install --upgrade pip
#8 DONE 2.3s

#9 [5/9] RUN ["pip","install","webvirtmgr"]
#9 0.695 Collecting webvirtmgr
#9 0.733   Downloading webvirtmgr-4.8.9.tar.gz (705 kB)
#9 0.798      ━━━━━━━━━━━━━━━━━━━━━━━━━━━━━━━━━━━━━━ 705.8/705.8 kB 11.1 MB/s eta 0:00:00
#9 0.840   Preparing metadata (setup.py): started
#9 1.372   Preparing metadata (setup.py): finished with status 'done'
#9 1.377 Requirement already satisfied: setuptools in /usr/local/lib/python3.11/site-packages (from webvirtmgr) (79.0.1)
#9 1.504 Collecting django>=1.5.5 (from webvirtmgr)
#9 1.512   Downloading django-5.2.7-py3-none-any.whl.metadata (4.1 kB)
#9 1.575 Collecting gunicorn>=18.0 (from webvirtmgr)
#9 1.583   Downloading gunicorn-23.0.0-py3-none-any.whl.metadata (4.4 kB)
#9 1.625 Collecting lockfile>=0.9 (from webvirtmgr)
#9 1.634   Downloading lockfile-0.12.2-py2.py3-none-any.whl.metadata (2.4 kB)
#9 1.689 Collecting asgiref>=3.8.1 (from django>=1.5.5->webvirtmgr)
#9 1.697   Downloading asgiref-3.10.0-py3-none-any.whl.metadata (9.3 kB)
#9 1.737 Collecting sqlparse>=0.3.1 (from django>=1.5.5->webvirtmgr)
#9 1.747   Downloading sqlparse-0.5.3-py3-none-any.whl.metadata (3.9 kB)
#9 1.809 Collecting packaging (from gunicorn>=18.0->webvirtmgr)
#9 1.817   Downloading packaging-25.0-py3-none-any.whl.metadata (3.3 kB)
#9 1.880 Downloading django-5.2.7-py3-none-any.whl (8.3 MB)
#9 2.203    ━━━━━━━━━━━━━━━━━━━━━━━━━━━━━━━━━━━━━━━━ 8.3/8.3 MB 26.1 MB/s eta 0:00:00
#9 2.211 Downloading gunicorn-23.0.0-py3-none-any.whl (85 kB)
#9 2.224    ━━━━━━━━━━━━━━━━━━━━━━━━━━━━━━━━━━━━━━━━ 85.0/85.0 kB 6.5 MB/s eta 0:00:00
#9 2.233 Downloading lockfile-0.12.2-py2.py3-none-any.whl (13 kB)
#9 2.251 Downloading asgiref-3.10.0-py3-none-any.whl (24 kB)
#9 2.270 Downloading sqlparse-0.5.3-py3-none-any.whl (44 kB)
#9 2.286    ━━━━━━━━━━━━━━━━━━━━━━━━━━━━━━━━━━━━━━━━ 44.4/44.4 kB 2.4 MB/s eta 0:00:00
#9 2.297 Downloading packaging-25.0-py3-none-any.whl (66 kB)
#9 2.310    ━━━━━━━━━━━━━━━━━━━━━━━━━━━━━━━━━━━━━━━━ 66.5/66.5 kB 4.8 MB/s eta 0:00:00
#9 2.352 Building wheels for collected packages: webvirtmgr
#9 2.353   Building wheel for webvirtmgr (setup.py): started
#9 2.680   Building wheel for webvirtmgr (setup.py): finished with status 'done'
#9 2.682   Created wheel for webvirtmgr: filename=webvirtmgr-4.8.9-py3-none-any.whl size=698037 sha256=bf61197bac39b1d86820d766d73794bb57ffce75108731b761dad2526ba85a10
#9 2.682   Stored in directory: /root/.cache/pip/wheels/c7/67/ab/a716fc1b614ea6bb537a20a0b880eb7071514208cc442aeac3
#9 2.684 Successfully built webvirtmgr
#9 2.773 Installing collected packages: lockfile, sqlparse, packaging, asgiref, gunicorn, django, webvirtmgr
#9 4.663 Successfully installed asgiref-3.10.0 django-5.2.7 gunicorn-23.0.0 lockfile-0.12.2 packaging-25.0 sqlparse-0.5.3 webvirtmgr-4.8.9
#9 4.664 WARNING: Running pip as the 'root' user can result in broken permissions and conflicting behaviour with the system package manager. It is recommended to use a virtual environment instead: https://pip.pypa.io/warnings/venv
#9 4.670 
#9 4.670 [notice] A new release of pip is available: 24.0 -> 25.3
#9 4.670 [notice] To update, run: pip install --upgrade pip
#9 DONE 5.2s

#10 [6/9] RUN ["pip","install","zipnish"]
#10 0.592 Collecting zipnish
#10 0.633   Downloading zipnish-0.1.5.tar.gz (1.6 MB)
#10 0.727      ━━━━━━━━━━━━━━━━━━━━━━━━━━━━━━━━━━━━━━━━ 1.6/1.6 MB 17.5 MB/s eta 0:00:00
#10 0.847   Preparing metadata (setup.py): started
#10 1.001   Preparing metadata (setup.py): finished with status 'done'
#10 1.034 Collecting simplemysql (from zipnish)
#10 1.043   Downloading simplemysql-1.25.tar.gz (4.5 kB)
#10 1.058   Preparing metadata (setup.py): started
#10 1.191   Preparing metadata (setup.py): finished with status 'done'
#10 1.236 Collecting flask (from zipnish)
#10 1.246   Downloading flask-3.1.2-py3-none-any.whl.metadata (3.2 kB)
#10 1.621 Collecting sqlalchemy (from zipnish)
#10 1.633   Downloading sqlalchemy-2.0.44-cp311-cp311-manylinux_2_17_x86_64.manylinux2014_x86_64.whl.metadata (9.5 kB)
#10 1.688 Collecting flask_sqlalchemy (from zipnish)
#10 1.697   Downloading flask_sqlalchemy-3.1.1-py3-none-any.whl.metadata (3.4 kB)
#10 1.745 Collecting blinker>=1.9.0 (from flask->zipnish)
#10 1.754   Downloading blinker-1.9.0-py3-none-any.whl.metadata (1.6 kB)
#10 1.768 Requirement already satisfied: click>=8.1.3 in /usr/local/lib/python3.11/site-packages (from flask->zipnish) (8.3.0)
#10 1.796 Collecting itsdangerous>=2.2.0 (from flask->zipnish)
#10 1.805   Downloading itsdangerous-2.2.0-py3-none-any.whl.metadata (1.9 kB)
#10 1.853 Collecting jinja2>=3.1.2 (from flask->zipnish)
#10 1.862   Downloading jinja2-3.1.6-py3-none-any.whl.metadata (2.9 kB)
#10 1.959 Collecting markupsafe>=2.1.1 (from flask->zipnish)
#10 1.967   Downloading markupsafe-3.0.3-cp311-cp311-manylinux2014_x86_64.manylinux_2_17_x86_64.manylinux_2_28_x86_64.whl.metadata (2.7 kB)
#10 2.026 Collecting werkzeug>=3.1.0 (from flask->zipnish)
#10 2.034   Downloading werkzeug-3.1.3-py3-none-any.whl.metadata (3.7 kB)
#10 2.260 Collecting greenlet>=1 (from sqlalchemy->zipnish)
#10 2.269   Downloading greenlet-3.2.4-cp311-cp311-manylinux_2_24_x86_64.manylinux_2_28_x86_64.whl.metadata (4.1 kB)
#10 2.326 Collecting typing-extensions>=4.6.0 (from sqlalchemy->zipnish)
#10 2.334   Downloading typing_extensions-4.15.0-py3-none-any.whl.metadata (3.3 kB)
#10 2.376 Collecting mysql-python (from simplemysql->zipnish)
#10 2.384   Downloading MySQL-python-1.2.5.zip (108 kB)
#10 2.399      ━━━━━━━━━━━━━━━━━━━━━━━━━━━━━━━━━━━━━━━ 108.9/108.9 kB 7.8 MB/s eta 0:00:00
#10 2.408   Preparing metadata (setup.py): started
#10 2.517   Preparing metadata (setup.py): finished with status 'error'
#10 2.522   error: subprocess-exited-with-error
#10 2.522   
#10 2.522   × python setup.py egg_info did not run successfully.
#10 2.522   │ exit code: 1
#10 2.522   ╰─> [8 lines of output]
#10 2.522       Traceback (most recent call last):
#10 2.522         File "<string>", line 2, in <module>
#10 2.522         File "<pip-setuptools-caller>", line 34, in <module>
#10 2.522         File "/tmp/pip-install-ya3n5s07/mysql-python_271f608ce0c64b76b2d51254e83349a2/setup.py", line 13, in <module>
#10 2.522           from setup_posix import get_config
#10 2.522         File "/tmp/pip-install-ya3n5s07/mysql-python_271f608ce0c64b76b2d51254e83349a2/setup_posix.py", line 2, in <module>
#10 2.522           from ConfigParser import SafeConfigParser
#10 2.522       ModuleNotFoundError: No module named 'ConfigParser'
#10 2.522       [end of output]
#10 2.522   
#10 2.522   note: This error originates from a subprocess, and is likely not a problem with pip.
#10 2.523 error: metadata-generation-failed
#10 2.523 
#10 2.523 × Encountered error while generating package metadata.
#10 2.523 ╰─> See above for output.
#10 2.523 
#10 2.523 note: This is an issue with the package mentioned above, not pip.
#10 2.523 hint: See above for details.
#10 2.529 
#10 2.529 [notice] A new release of pip is available: 24.0 -> 25.3
#10 2.529 [notice] To update, run: pip install --upgrade pip
#10 ERROR: process "pip install zipnish" did not complete successfully: exit code: 1
------
 > [6/9] RUN ["pip","install","zipnish"]:
2.523 error: metadata-generation-failed
2.523 
2.523 × Encountered error while generating package metadata.
2.523 ╰─> See above for output.
2.523 
2.523 note: This is an issue with the package mentioned above, not pip.
2.523 hint: See above for details.
2.529 
2.529 [notice] A new release of pip is available: 24.0 -> 25.3
2.529 [notice] To update, run: pip install --upgrade pip
------
Dockerfile:6
--------------------
   4 |     RUN ["pip","install","photos"]
   5 |     RUN ["pip","install","webvirtmgr"]
   6 | >>> RUN ["pip","install","zipnish"]
   7 |     RUN ["pip","install","image"]
   8 |     RUN ["pip","install","clipboard"]
--------------------
ERROR: failed to build: failed to solve: process "pip install zipnish" did not complete successfully: exit code: 1

View build details: docker-desktop://dashboard/build/default/default/2659mmtrpvnb4q8bbuajpvb0o
[2025-10-29 16:11:56] ERROR: Build failed for 5a073b72c94de357d453
