=== Docker Build Log for 8289612 ===
Started at: Mi 29. Okt 17:42:49 CET 2025

[2025-10-29 17:42:49] START: Building image for 8289612
#0 building with "default" instance using docker driver

#1 [internal] load build definition from Dockerfile
#1 transferring dockerfile: 198B done
#1 DONE 0.0s

#2 [internal] load metadata for docker.io/library/python:3.11
#2 DONE 0.0s

#3 [internal] load .dockerignore
#3 transferring context: 2B done
#3 DONE 0.0s

#4 [internal] load build context
#4 transferring context: 3.24kB 0.0s done
#4 DONE 0.0s

#5 [1/4] FROM docker.io/library/python:3.11
#5 CACHED

#6 [2/4] COPY hard-gists/8289612/snippet.py /snippet.py
#6 DONE 0.1s

#7 [3/4] RUN ["pip","install","sublime"]
#7 1.928 Collecting sublime
#7 1.963   Downloading sublime-0.1.0.tar.gz (7.2 kB)
#7 1.976   Preparing metadata (setup.py): started
#7 2.359   Preparing metadata (setup.py): finished with status 'done'
#7 2.397 Collecting click<4.0,>=3.3 (from sublime)
#7 2.406   Downloading click-3.3-py2.py3-none-any.whl.metadata (424 bytes)
#7 2.428 Downloading click-3.3-py2.py3-none-any.whl (58 kB)
#7 2.448    ━━━━━━━━━━━━━━━━━━━━━━━━━━━━━━━━━━━━━━━━ 58.8/58.8 kB 2.7 MB/s eta 0:00:00
#7 2.452 Building wheels for collected packages: sublime
#7 2.453   Building wheel for sublime (setup.py): started
#7 2.612   Building wheel for sublime (setup.py): finished with status 'done'
#7 2.612   Created wheel for sublime: filename=sublime-0.1.0-py3-none-any.whl size=6955 sha256=5af6ccac735a19780403ccf38e81040e8acf1a314a65faaa768f3bcfd59d7bcd
#7 2.612   Stored in directory: /root/.cache/pip/wheels/21/81/43/2dc664aec628363ad5dfb052838914f1dd9449855ee03a0231
#7 2.614 Successfully built sublime
#7 2.644 Installing collected packages: click, sublime
#7 2.691 Successfully installed click-3.3 sublime-0.1.0
#7 2.692 WARNING: Running pip as the 'root' user can result in broken permissions and conflicting behaviour with the system package manager. It is recommended to use a virtual environment instead: https://pip.pypa.io/warnings/venv
#7 2.783 
#7 2.783 [notice] A new release of pip is available: 24.0 -> 25.3
#7 2.783 [notice] To update, run: pip install --upgrade pip
#7 DONE 3.0s

#8 [4/4] RUN ["pip","install","pexpect"]
#8 0.510 Collecting pexpect
#8 0.544   Downloading pexpect-4.9.0-py2.py3-none-any.whl.metadata (2.5 kB)
#8 0.584 Collecting ptyprocess>=0.5 (from pexpect)
#8 0.592   Downloading ptyprocess-0.7.0-py2.py3-none-any.whl.metadata (1.3 kB)
#8 0.609 Downloading pexpect-4.9.0-py2.py3-none-any.whl (63 kB)
#8 0.631    ━━━━━━━━━━━━━━━━━━━━━━━━━━━━━━━━━━━━━━━━ 63.8/63.8 kB 2.7 MB/s eta 0:00:00
#8 0.640 Downloading ptyprocess-0.7.0-py2.py3-none-any.whl (13 kB)
#8 0.684 Installing collected packages: ptyprocess, pexpect
#8 0.751 Successfully installed pexpect-4.9.0 ptyprocess-0.7.0
#8 0.751 WARNING: Running pip as the 'root' user can result in broken permissions and conflicting behaviour with the system package manager. It is recommended to use a virtual environment instead: https://pip.pypa.io/warnings/venv
#8 0.756 
#8 0.756 [notice] A new release of pip is available: 24.0 -> 25.3
#8 0.756 [notice] To update, run: pip install --upgrade pip
#8 DONE 0.8s

#9 exporting to image
#9 exporting layers 0.1s done
#9 writing image sha256:f4655e5b16e579ce3be7880e022d578fbf6364a1791041264ee5b44e8e38f889 done
#9 naming to docker.io/library/test-image-8289612 done
#9 DONE 0.2s

View build details: docker-desktop://dashboard/build/default/default/9krfw4tbxc9ad4ydvnga3rfhc
[2025-10-29 17:42:54] SUCCESS: Build completed for 8289612
