=== Docker Run Log for 268379 ===
Started at: Mi 29. Okt 13:11:29 CET 2025

[2025-10-29 13:11:36] START: Running container for 268379
[2025-10-29 13:11:36] SUCCESS: Container 686a73a2ce19c1c96e68d500c3be80da3b80ff75557c348f064b4eb65f52f897 started for 268379
=== Container logs for 268379 ===
Traceback (most recent call last):
  File "/snippet.py", line 4, in <module>
    from django.contrib.auth.models import User
  File "/usr/local/lib/python3.11/site-packages/django/contrib/auth/models.py", line 5, in <module>
    from django.contrib.auth.base_user import AbstractBaseUser, BaseUserManager
  File "/usr/local/lib/python3.11/site-packages/django/contrib/auth/base_user.py", line 43, in <module>
    class AbstractBaseUser(models.Model):
  File "/usr/local/lib/python3.11/site-packages/django/db/models/base.py", line 131, in __new__
    app_config = apps.get_containing_app_config(module)
                 ^^^^^^^^^^^^^^^^^^^^^^^^^^^^^^^^^^^^^^
  File "/usr/local/lib/python3.11/site-packages/django/apps/registry.py", line 260, in get_containing_app_config
    self.check_apps_ready()
  File "/usr/local/lib/python3.11/site-packages/django/apps/registry.py", line 137, in check_apps_ready
    settings.INSTALLED_APPS
  File "/usr/local/lib/python3.11/site-packages/django/conf/__init__.py", line 81, in __getattr__
    self._setup(name)
  File "/usr/local/lib/python3.11/site-packages/django/conf/__init__.py", line 61, in _setup
    raise ImproperlyConfigured(
django.core.exceptions.ImproperlyConfigured: Requested setting INSTALLED_APPS, but settings are not configured. You must either define the environment variable DJANGO_SETTINGS_MODULE or call settings.configure() before accessing settings.
=== End of logs for 268379 ===
[2025-10-29 13:11:38] INFO: Container 686a73a2ce19c1c96e68d500c3be80da3b80ff75557c348f064b4eb65f52f897 has stopped
