=== Docker Build Log for 215101 ===
Started at: Mi 29. Okt 13:00:07 CET 2025

[2025-10-29 13:00:07] START: Building image for 215101
#0 building with "default" instance using docker driver

#1 [internal] load build definition from Dockerfile
#1 transferring dockerfile: 131B done
#1 DONE 0.0s

#2 [internal] load metadata for docker.io/library/python:3.11
#2 DONE 0.0s

#3 [internal] load .dockerignore
#3 transferring context: 2B done
#3 DONE 0.0s

#4 [internal] load build context
#4 transferring context: 2.96kB 0.0s done
#4 DONE 0.0s

#5 [1/2] FROM docker.io/library/python:3.11
#5 CACHED

#6 [2/2] COPY hard-gists/215101/snippet.py /snippet.py
#6 DONE 0.1s

#7 exporting to image
#7 exporting layers 0.1s done
#7 writing image sha256:dc0035036b4188571cfc0ce4aa7a221abb0d00dcea8cd0278d097c61e516d713 done
#7 naming to docker.io/library/test-image-215101 done
#7 DONE 0.1s

View build details: docker-desktop://dashboard/build/default/default/k8z9lvitddjv64q23znb6n9dt
[2025-10-29 13:00:08] SUCCESS: Build completed for 215101
