=== Docker Build Log for 96a329f6d12f17b4760373b1cf3b92e9 ===
Started at: Mi 29. Okt 18:30:56 CET 2025

[2025-10-29 18:30:56] START: Building image for 96a329f6d12f17b4760373b1cf3b92e9
#0 building with "default" instance using docker driver

#1 [internal] load build definition from Dockerfile
#1 transferring dockerfile: 259B done
#1 DONE 0.0s

#2 [internal] load metadata for docker.io/library/python:3.11
#2 DONE 0.0s

#3 [internal] load .dockerignore
#3 transferring context: 2B done
#3 DONE 0.0s

#4 [internal] load build context
#4 transferring context: 2.90kB 0.0s done
#4 DONE 0.0s

#5 [1/5] FROM docker.io/library/python:3.11
#5 CACHED

#6 [2/5] COPY hard-gists/96a329f6d12f17b4760373b1cf3b92e9/snippet.py /snippet.py
#6 DONE 0.1s

#7 [3/5] RUN ["pip","install","requests"]
#7 1.924 Collecting requests
#7 1.963   Downloading requests-2.32.5-py3-none-any.whl.metadata (4.9 kB)
#7 2.084 Collecting charset_normalizer<4,>=2 (from requests)
#7 2.093   Downloading charset_normalizer-3.4.4-cp311-cp311-manylinux2014_x86_64.manylinux_2_17_x86_64.manylinux_2_28_x86_64.whl.metadata (37 kB)
#7 2.138 Collecting idna<4,>=2.5 (from requests)
#7 2.145   Downloading idna-3.11-py3-none-any.whl.metadata (8.4 kB)
#7 2.208 Collecting urllib3<3,>=1.21.1 (from requests)
#7 2.217   Downloading urllib3-2.5.0-py3-none-any.whl.metadata (6.5 kB)
#7 2.261 Collecting certifi>=2017.4.17 (from requests)
#7 2.270   Downloading certifi-2025.10.5-py3-none-any.whl.metadata (2.5 kB)
#7 2.297 Downloading requests-2.32.5-py3-none-any.whl (64 kB)
#7 2.316    ━━━━━━━━━━━━━━━━━━━━━━━━━━━━━━━━━━━━━━━━ 64.7/64.7 kB 3.2 MB/s eta 0:00:00
#7 2.325 Downloading certifi-2025.10.5-py3-none-any.whl (163 kB)
#7 2.344    ━━━━━━━━━━━━━━━━━━━━━━━━━━━━━━━━━━━━━━━━ 163.3/163.3 kB 8.6 MB/s eta 0:00:00
#7 2.354 Downloading charset_normalizer-3.4.4-cp311-cp311-manylinux2014_x86_64.manylinux_2_17_x86_64.manylinux_2_28_x86_64.whl (151 kB)
#7 2.368    ━━━━━━━━━━━━━━━━━━━━━━━━━━━━━━━━━━━━━━━━ 151.6/151.6 kB 11.6 MB/s eta 0:00:00
#7 2.376 Downloading idna-3.11-py3-none-any.whl (71 kB)
#7 2.388    ━━━━━━━━━━━━━━━━━━━━━━━━━━━━━━━━━━━━━━━━ 71.0/71.0 kB 5.9 MB/s eta 0:00:00
#7 2.404 Downloading urllib3-2.5.0-py3-none-any.whl (129 kB)
#7 2.418    ━━━━━━━━━━━━━━━━━━━━━━━━━━━━━━━━━━━━━━━━ 129.8/129.8 kB 9.7 MB/s eta 0:00:00
#7 2.463 Installing collected packages: urllib3, idna, charset_normalizer, certifi, requests
#7 2.682 Successfully installed certifi-2025.10.5 charset_normalizer-3.4.4 idna-3.11 requests-2.32.5 urllib3-2.5.0
#7 2.683 WARNING: Running pip as the 'root' user can result in broken permissions and conflicting behaviour with the system package manager. It is recommended to use a virtual environment instead: https://pip.pypa.io/warnings/venv
#7 2.774 
#7 2.774 [notice] A new release of pip is available: 24.0 -> 25.3
#7 2.774 [notice] To update, run: pip install --upgrade pip
#7 DONE 3.0s

#8 [4/5] RUN ["pip","install","bs4"]
#8 0.550 Collecting bs4
#8 0.587   Downloading bs4-0.0.2-py2.py3-none-any.whl.metadata (411 bytes)
#8 0.646 Collecting beautifulsoup4 (from bs4)
#8 0.654   Downloading beautifulsoup4-4.14.2-py3-none-any.whl.metadata (3.8 kB)
#8 0.701 Collecting soupsieve>1.2 (from beautifulsoup4->bs4)
#8 0.713   Downloading soupsieve-2.8-py3-none-any.whl.metadata (4.6 kB)
#8 0.794 Collecting typing-extensions>=4.0.0 (from beautifulsoup4->bs4)
#8 0.802   Downloading typing_extensions-4.15.0-py3-none-any.whl.metadata (3.3 kB)
#8 0.826 Downloading bs4-0.0.2-py2.py3-none-any.whl (1.2 kB)
#8 0.847 Downloading beautifulsoup4-4.14.2-py3-none-any.whl (106 kB)
#8 0.871    ━━━━━━━━━━━━━━━━━━━━━━━━━━━━━━━━━━━━━━━━ 106.4/106.4 kB 4.4 MB/s eta 0:00:00
#8 0.880 Downloading soupsieve-2.8-py3-none-any.whl (36 kB)
#8 0.898 Downloading typing_extensions-4.15.0-py3-none-any.whl (44 kB)
#8 0.909    ━━━━━━━━━━━━━━━━━━━━━━━━━━━━━━━━━━━━━━━━ 44.6/44.6 kB 3.5 MB/s eta 0:00:00
#8 0.957 Installing collected packages: typing-extensions, soupsieve, beautifulsoup4, bs4
#8 1.092 Successfully installed beautifulsoup4-4.14.2 bs4-0.0.2 soupsieve-2.8 typing-extensions-4.15.0
#8 1.092 WARNING: Running pip as the 'root' user can result in broken permissions and conflicting behaviour with the system package manager. It is recommended to use a virtual environment instead: https://pip.pypa.io/warnings/venv
#8 1.097 
#8 1.097 [notice] A new release of pip is available: 24.0 -> 25.3
#8 1.097 [notice] To update, run: pip install --upgrade pip
#8 DONE 1.2s

#9 [5/5] RUN ["pip","install","beautifulsoup4"]
#9 0.458 Requirement already satisfied: beautifulsoup4 in /usr/local/lib/python3.11/site-packages (4.14.2)
#9 0.462 Requirement already satisfied: soupsieve>1.2 in /usr/local/lib/python3.11/site-packages (from beautifulsoup4) (2.8)
#9 0.463 Requirement already satisfied: typing-extensions>=4.0.0 in /usr/local/lib/python3.11/site-packages (from beautifulsoup4) (4.15.0)
#9 0.506 WARNING: Running pip as the 'root' user can result in broken permissions and conflicting behaviour with the system package manager. It is recommended to use a virtual environment instead: https://pip.pypa.io/warnings/venv
#9 0.511 
#9 0.511 [notice] A new release of pip is available: 24.0 -> 25.3
#9 0.511 [notice] To update, run: pip install --upgrade pip
#9 DONE 0.6s

#10 exporting to image
#10 exporting layers
#10 exporting layers 0.2s done
#10 writing image sha256:f755945a9bd1bce625c693d7d4a26eca4e4d4d323f828367233f0ef0f8be8398 done
#10 naming to docker.io/library/test-image-96a329f6d12f17b4760373b1cf3b92e9 done
#10 DONE 0.2s

View build details: docker-desktop://dashboard/build/default/default/re1dajc2wjykmmxc7v6jacfvw
[2025-10-29 18:31:01] SUCCESS: Build completed for 96a329f6d12f17b4760373b1cf3b92e9
