=== Docker Build Log for 45c3d886c182a1ea26d5 ===
Started at: Mi 29. Okt 14:52:40 CET 2025

[2025-10-29 14:52:40] START: Building image for 45c3d886c182a1ea26d5
#0 building with "default" instance using docker driver

#1 [internal] load build definition from Dockerfile
#1 transferring dockerfile: 277B done
#1 DONE 0.0s

#2 [internal] load metadata for docker.io/library/python:3.11
#2 DONE 0.0s

#3 [internal] load .dockerignore
#3 transferring context: 2B done
#3 DONE 0.0s

#4 [internal] load build context
#4 transferring context: 1.50kB 0.0s done
#4 DONE 0.1s

#5 [1/6] FROM docker.io/library/python:3.11
#5 DONE 0.2s

#6 [2/6] COPY hard-gists/45c3d886c182a1ea26d5/snippet.py /snippet.py
#6 DONE 0.4s

#7 [3/6] RUN ["pip","install","numpy"]
#7 2.354 Collecting numpy
#7 2.397   Downloading numpy-2.3.4-cp311-cp311-manylinux_2_27_x86_64.manylinux_2_28_x86_64.whl.metadata (62 kB)
#7 2.424      ━━━━━━━━━━━━━━━━━━━━━━━━━━━━━━━━━━━━━━━━ 62.1/62.1 kB 2.1 MB/s eta 0:00:00
#7 2.443 Downloading numpy-2.3.4-cp311-cp311-manylinux_2_27_x86_64.manylinux_2_28_x86_64.whl (16.9 MB)
#7 3.077    ━━━━━━━━━━━━━━━━━━━━━━━━━━━━━━━━━━━━━━━━ 16.9/16.9 MB 24.6 MB/s eta 0:00:00
#7 3.154 Installing collected packages: numpy
#7 4.557 Successfully installed numpy-2.3.4
#7 4.557 WARNING: Running pip as the 'root' user can result in broken permissions and conflicting behaviour with the system package manager. It is recommended to use a virtual environment instead: https://pip.pypa.io/warnings/venv
#7 4.649 
#7 4.649 [notice] A new release of pip is available: 24.0 -> 25.3
#7 4.649 [notice] To update, run: pip install --upgrade pip
#7 DONE 5.5s

#8 [4/6] RUN ["pip","install","matplotlib"]
#8 0.670 Collecting matplotlib
#8 0.705   Downloading matplotlib-3.10.7-cp311-cp311-manylinux2014_x86_64.manylinux_2_17_x86_64.whl.metadata (11 kB)
#8 0.800 Collecting contourpy>=1.0.1 (from matplotlib)
#8 0.810   Downloading contourpy-1.3.3-cp311-cp311-manylinux_2_27_x86_64.manylinux_2_28_x86_64.whl.metadata (5.5 kB)
#8 0.849 Collecting cycler>=0.10 (from matplotlib)
#8 0.857   Downloading cycler-0.12.1-py3-none-any.whl.metadata (3.8 kB)
#8 1.034 Collecting fonttools>=4.22.0 (from matplotlib)
#8 1.045   Downloading fonttools-4.60.1-cp311-cp311-manylinux2014_x86_64.manylinux_2_17_x86_64.whl.metadata (112 kB)
#8 1.079      ━━━━━━━━━━━━━━━━━━━━━━━━━━━━━━━━━━━━━━━ 112.3/112.3 kB 3.3 MB/s eta 0:00:00
#8 1.154 Collecting kiwisolver>=1.3.1 (from matplotlib)
#8 1.163   Downloading kiwisolver-1.4.9-cp311-cp311-manylinux2014_x86_64.manylinux_2_17_x86_64.whl.metadata (6.3 kB)
#8 1.179 Requirement already satisfied: numpy>=1.23 in /usr/local/lib/python3.11/site-packages (from matplotlib) (2.3.4)
#8 1.231 Collecting packaging>=20.0 (from matplotlib)
#8 1.240   Downloading packaging-25.0-py3-none-any.whl.metadata (3.3 kB)
#8 1.424 Collecting pillow>=8 (from matplotlib)
#8 1.433   Downloading pillow-12.0.0-cp311-cp311-manylinux_2_27_x86_64.manylinux_2_28_x86_64.whl.metadata (8.8 kB)
#8 1.488 Collecting pyparsing>=3 (from matplotlib)
#8 1.496   Downloading pyparsing-3.2.5-py3-none-any.whl.metadata (5.0 kB)
#8 1.536 Collecting python-dateutil>=2.7 (from matplotlib)
#8 1.545   Downloading python_dateutil-2.9.0.post0-py2.py3-none-any.whl.metadata (8.4 kB)
#8 1.635 Collecting six>=1.5 (from python-dateutil>=2.7->matplotlib)
#8 1.643   Downloading six-1.17.0-py2.py3-none-any.whl.metadata (1.7 kB)
#8 1.665 Downloading matplotlib-3.10.7-cp311-cp311-manylinux2014_x86_64.manylinux_2_17_x86_64.whl (8.7 MB)
#8 2.044    ━━━━━━━━━━━━━━━━━━━━━━━━━━━━━━━━━━━━━━━━ 8.7/8.7 MB 23.0 MB/s eta 0:00:00
#8 2.055 Downloading contourpy-1.3.3-cp311-cp311-manylinux_2_27_x86_64.manylinux_2_28_x86_64.whl (355 kB)
#8 2.075    ━━━━━━━━━━━━━━━━━━━━━━━━━━━━━━━━━━━━━━━━ 355.2/355.2 kB 19.0 MB/s eta 0:00:00
#8 2.083 Downloading cycler-0.12.1-py3-none-any.whl (8.3 kB)
#8 2.108 Downloading fonttools-4.60.1-cp311-cp311-manylinux2014_x86_64.manylinux_2_17_x86_64.whl (5.0 MB)
#8 2.311    ━━━━━━━━━━━━━━━━━━━━━━━━━━━━━━━━━━━━━━━━ 5.0/5.0 MB 24.7 MB/s eta 0:00:00
#8 2.324 Downloading kiwisolver-1.4.9-cp311-cp311-manylinux2014_x86_64.manylinux_2_17_x86_64.whl (1.4 MB)
#8 2.379    ━━━━━━━━━━━━━━━━━━━━━━━━━━━━━━━━━━━━━━━━ 1.4/1.4 MB 26.4 MB/s eta 0:00:00
#8 2.387 Downloading packaging-25.0-py3-none-any.whl (66 kB)
#8 2.402    ━━━━━━━━━━━━━━━━━━━━━━━━━━━━━━━━━━━━━━━━ 66.5/66.5 kB 4.3 MB/s eta 0:00:00
#8 2.412 Downloading pillow-12.0.0-cp311-cp311-manylinux_2_27_x86_64.manylinux_2_28_x86_64.whl (7.0 MB)
#8 2.712    ━━━━━━━━━━━━━━━━━━━━━━━━━━━━━━━━━━━━━━━━ 7.0/7.0 MB 23.6 MB/s eta 0:00:00
#8 2.722 Downloading pyparsing-3.2.5-py3-none-any.whl (113 kB)
#8 2.734    ━━━━━━━━━━━━━━━━━━━━━━━━━━━━━━━━━━━━━━━━ 113.9/113.9 kB 10.4 MB/s eta 0:00:00
#8 2.742 Downloading python_dateutil-2.9.0.post0-py2.py3-none-any.whl (229 kB)
#8 2.760    ━━━━━━━━━━━━━━━━━━━━━━━━━━━━━━━━━━━━━━━━ 229.9/229.9 kB 14.2 MB/s eta 0:00:00
#8 2.768 Downloading six-1.17.0-py2.py3-none-any.whl (11 kB)
#8 2.942 Installing collected packages: six, pyparsing, pillow, packaging, kiwisolver, fonttools, cycler, contourpy, python-dateutil, matplotlib
#8 5.051 Successfully installed contourpy-1.3.3 cycler-0.12.1 fonttools-4.60.1 kiwisolver-1.4.9 matplotlib-3.10.7 packaging-25.0 pillow-12.0.0 pyparsing-3.2.5 python-dateutil-2.9.0.post0 six-1.17.0
#8 5.051 WARNING: Running pip as the 'root' user can result in broken permissions and conflicting behaviour with the system package manager. It is recommended to use a virtual environment instead: https://pip.pypa.io/warnings/venv
#8 5.057 
#8 5.057 [notice] A new release of pip is available: 24.0 -> 25.3
#8 5.057 [notice] To update, run: pip install --upgrade pip
#8 DONE 5.7s

#9 [5/6] RUN ["pip","install","tensorflow"]
#9 0.623 Collecting tensorflow
#9 0.656   Downloading tensorflow-2.20.0-cp311-cp311-manylinux_2_17_x86_64.manylinux2014_x86_64.whl.metadata (4.5 kB)
#9 0.728 Collecting absl-py>=1.0.0 (from tensorflow)
#9 0.736   Downloading absl_py-2.3.1-py3-none-any.whl.metadata (3.3 kB)
#9 0.774 Collecting astunparse>=1.6.0 (from tensorflow)
#9 0.784   Downloading astunparse-1.6.3-py2.py3-none-any.whl.metadata (4.4 kB)
#9 0.830 Collecting flatbuffers>=24.3.25 (from tensorflow)
#9 0.839   Downloading flatbuffers-25.9.23-py2.py3-none-any.whl.metadata (875 bytes)
#9 0.892 Collecting gast!=0.5.0,!=0.5.1,!=0.5.2,>=0.2.1 (from tensorflow)
#9 0.900   Downloading gast-0.6.0-py3-none-any.whl.metadata (1.3 kB)
#9 0.939 Collecting google_pasta>=0.1.1 (from tensorflow)
#9 0.947   Downloading google_pasta-0.2.0-py3-none-any.whl.metadata (814 bytes)
#9 0.986 Collecting libclang>=13.0.0 (from tensorflow)
#9 0.995   Downloading libclang-18.1.1-py2.py3-none-manylinux2010_x86_64.whl.metadata (5.2 kB)
#9 1.037 Collecting opt_einsum>=2.3.2 (from tensorflow)
#9 1.046   Downloading opt_einsum-3.4.0-py3-none-any.whl.metadata (6.3 kB)
#9 1.062 Requirement already satisfied: packaging in /usr/local/lib/python3.11/site-packages (from tensorflow) (25.0)
#9 1.231 Collecting protobuf>=5.28.0 (from tensorflow)
#9 1.240   Downloading protobuf-6.33.0-cp39-abi3-manylinux2014_x86_64.whl.metadata (593 bytes)
#9 1.307 Collecting requests<3,>=2.21.0 (from tensorflow)
#9 1.315   Downloading requests-2.32.5-py3-none-any.whl.metadata (4.9 kB)
#9 1.327 Requirement already satisfied: setuptools in /usr/local/lib/python3.11/site-packages (from tensorflow) (79.0.1)
#9 1.328 Requirement already satisfied: six>=1.12.0 in /usr/local/lib/python3.11/site-packages (from tensorflow) (1.17.0)
#9 1.360 Collecting termcolor>=1.1.0 (from tensorflow)
#9 1.369   Downloading termcolor-3.2.0-py3-none-any.whl.metadata (6.4 kB)
#9 1.412 Collecting typing_extensions>=3.6.6 (from tensorflow)
#9 1.421   Downloading typing_extensions-4.15.0-py3-none-any.whl.metadata (3.3 kB)
#9 1.582 Collecting wrapt>=1.11.0 (from tensorflow)
#9 1.594   Downloading wrapt-2.0.0-cp311-cp311-manylinux1_x86_64.manylinux_2_28_x86_64.manylinux_2_5_x86_64.whl.metadata (8.8 kB)
#9 2.104 Collecting grpcio<2.0,>=1.24.3 (from tensorflow)
#9 2.115   Downloading grpcio-1.76.0-cp311-cp311-manylinux2014_x86_64.manylinux_2_17_x86_64.whl.metadata (3.7 kB)
#9 2.173 Collecting tensorboard~=2.20.0 (from tensorflow)
#9 2.181   Downloading tensorboard-2.20.0-py3-none-any.whl.metadata (1.8 kB)
#9 2.226 Collecting keras>=3.10.0 (from tensorflow)
#9 2.243   Downloading keras-3.12.0-py3-none-any.whl.metadata (5.9 kB)
#9 2.258 Requirement already satisfied: numpy>=1.26.0 in /usr/local/lib/python3.11/site-packages (from tensorflow) (2.3.4)
#9 2.318 Collecting h5py>=3.11.0 (from tensorflow)
#9 2.326   Downloading h5py-3.15.1-cp311-cp311-manylinux_2_27_x86_64.manylinux_2_28_x86_64.whl.metadata (3.0 kB)
#9 2.376 Collecting ml_dtypes<1.0.0,>=0.5.1 (from tensorflow)
#9 2.386   Downloading ml_dtypes-0.5.3-cp311-cp311-manylinux_2_27_x86_64.manylinux_2_28_x86_64.whl.metadata (8.9 kB)
#9 2.399 Requirement already satisfied: wheel<1.0,>=0.23.0 in /usr/local/lib/python3.11/site-packages (from astunparse>=1.6.0->tensorflow) (0.45.1)
#9 2.484 Collecting rich (from keras>=3.10.0->tensorflow)
#9 2.492   Downloading rich-14.2.0-py3-none-any.whl.metadata (18 kB)
#9 2.533 Collecting namex (from keras>=3.10.0->tensorflow)
#9 2.544   Downloading namex-0.1.0-py3-none-any.whl.metadata (322 bytes)
#9 2.639 Collecting optree (from keras>=3.10.0->tensorflow)
#9 2.648   Downloading optree-0.17.0-cp311-cp311-manylinux_2_27_x86_64.manylinux_2_28_x86_64.whl.metadata (33 kB)
#9 2.823 Collecting charset_normalizer<4,>=2 (from requests<3,>=2.21.0->tensorflow)
#9 2.833   Downloading charset_normalizer-3.4.4-cp311-cp311-manylinux2014_x86_64.manylinux_2_17_x86_64.manylinux_2_28_x86_64.whl.metadata (37 kB)
#9 2.886 Collecting idna<4,>=2.5 (from requests<3,>=2.21.0->tensorflow)
#9 2.899   Downloading idna-3.11-py3-none-any.whl.metadata (8.4 kB)
#9 2.960 Collecting urllib3<3,>=1.21.1 (from requests<3,>=2.21.0->tensorflow)
#9 2.968   Downloading urllib3-2.5.0-py3-none-any.whl.metadata (6.5 kB)
#9 3.011 Collecting certifi>=2017.4.17 (from requests<3,>=2.21.0->tensorflow)
#9 3.020   Downloading certifi-2025.10.5-py3-none-any.whl.metadata (2.5 kB)
#9 3.088 Collecting markdown>=2.6.8 (from tensorboard~=2.20.0->tensorflow)
#9 3.096   Downloading markdown-3.9-py3-none-any.whl.metadata (5.1 kB)
#9 3.109 Requirement already satisfied: pillow in /usr/local/lib/python3.11/site-packages (from tensorboard~=2.20.0->tensorflow) (12.0.0)
#9 3.145 Collecting tensorboard-data-server<0.8.0,>=0.7.0 (from tensorboard~=2.20.0->tensorflow)
#9 3.154   Downloading tensorboard_data_server-0.7.2-py3-none-manylinux_2_31_x86_64.whl.metadata (1.1 kB)
#9 3.206 Collecting werkzeug>=1.0.1 (from tensorboard~=2.20.0->tensorflow)
#9 3.215   Downloading werkzeug-3.1.3-py3-none-any.whl.metadata (3.7 kB)
#9 3.361 Collecting MarkupSafe>=2.1.1 (from werkzeug>=1.0.1->tensorboard~=2.20.0->tensorflow)
#9 3.369   Downloading markupsafe-3.0.3-cp311-cp311-manylinux2014_x86_64.manylinux_2_17_x86_64.manylinux_2_28_x86_64.whl.metadata (2.7 kB)
#9 3.453 Collecting markdown-it-py>=2.2.0 (from rich->keras>=3.10.0->tensorflow)
#9 3.461   Downloading markdown_it_py-4.0.0-py3-none-any.whl.metadata (7.3 kB)
#9 3.513 Collecting pygments<3.0.0,>=2.13.0 (from rich->keras>=3.10.0->tensorflow)
#9 3.522   Downloading pygments-2.19.2-py3-none-any.whl.metadata (2.5 kB)
#9 3.573 Collecting mdurl~=0.1 (from markdown-it-py>=2.2.0->rich->keras>=3.10.0->tensorflow)
#9 3.581   Downloading mdurl-0.1.2-py3-none-any.whl.metadata (1.6 kB)
#9 3.620 Downloading tensorflow-2.20.0-cp311-cp311-manylinux_2_17_x86_64.manylinux2014_x86_64.whl (620.6 MB)
#9 28.17    ━━━━━━━━━━━━━━━━━━━━━━━━━━━━━━━━━━━━━━━━ 620.6/620.6 MB 2.2 MB/s eta 0:00:00
#9 28.18 Downloading absl_py-2.3.1-py3-none-any.whl (135 kB)
#9 28.21    ━━━━━━━━━━━━━━━━━━━━━━━━━━━━━━━━━━━━━━━━ 135.8/135.8 kB 5.5 MB/s eta 0:00:00
#9 28.22 Downloading astunparse-1.6.3-py2.py3-none-any.whl (12 kB)
#9 28.24 Downloading flatbuffers-25.9.23-py2.py3-none-any.whl (30 kB)
#9 28.26 Downloading gast-0.6.0-py3-none-any.whl (21 kB)
#9 28.28 Downloading google_pasta-0.2.0-py3-none-any.whl (57 kB)
#9 28.29    ━━━━━━━━━━━━━━━━━━━━━━━━━━━━━━━━━━━━━━━━ 57.5/57.5 kB 5.1 MB/s eta 0:00:00
#9 28.30 Downloading grpcio-1.76.0-cp311-cp311-manylinux2014_x86_64.manylinux_2_17_x86_64.whl (6.6 MB)
#9 28.56    ━━━━━━━━━━━━━━━━━━━━━━━━━━━━━━━━━━━━━━━━ 6.6/6.6 MB 25.8 MB/s eta 0:00:00
#9 28.57 Downloading h5py-3.15.1-cp311-cp311-manylinux_2_27_x86_64.manylinux_2_28_x86_64.whl (4.7 MB)
#9 28.77    ━━━━━━━━━━━━━━━━━━━━━━━━━━━━━━━━━━━━━━━━ 4.7/4.7 MB 24.2 MB/s eta 0:00:00
#9 28.78 Downloading keras-3.12.0-py3-none-any.whl (1.5 MB)
#9 28.84    ━━━━━━━━━━━━━━━━━━━━━━━━━━━━━━━━━━━━━━━━ 1.5/1.5 MB 23.7 MB/s eta 0:00:00
#9 28.87 Downloading libclang-18.1.1-py2.py3-none-manylinux2010_x86_64.whl (24.5 MB)
#9 29.85    ━━━━━━━━━━━━━━━━━━━━━━━━━━━━━━━━━━━━━━━━ 24.5/24.5 MB 19.1 MB/s eta 0:00:00
#9 29.86 Downloading ml_dtypes-0.5.3-cp311-cp311-manylinux_2_27_x86_64.manylinux_2_28_x86_64.whl (4.9 MB)
#9 30.06    ━━━━━━━━━━━━━━━━━━━━━━━━━━━━━━━━━━━━━━━━ 4.9/4.9 MB 25.5 MB/s eta 0:00:00
#9 30.07 Downloading opt_einsum-3.4.0-py3-none-any.whl (71 kB)
#9 30.09    ━━━━━━━━━━━━━━━━━━━━━━━━━━━━━━━━━━━━━━━━ 71.9/71.9 kB 4.5 MB/s eta 0:00:00
#9 30.10 Downloading protobuf-6.33.0-cp39-abi3-manylinux2014_x86_64.whl (323 kB)
#9 30.12    ━━━━━━━━━━━━━━━━━━━━━━━━━━━━━━━━━━━━━━━━ 323.2/323.2 kB 17.6 MB/s eta 0:00:00
#9 30.13 Downloading requests-2.32.5-py3-none-any.whl (64 kB)
#9 30.14    ━━━━━━━━━━━━━━━━━━━━━━━━━━━━━━━━━━━━━━━━ 64.7/64.7 kB 6.3 MB/s eta 0:00:00
#9 30.15 Downloading tensorboard-2.20.0-py3-none-any.whl (5.5 MB)
#9 30.36    ━━━━━━━━━━━━━━━━━━━━━━━━━━━━━━━━━━━━━━━━ 5.5/5.5 MB 25.6 MB/s eta 0:00:00
#9 30.37 Downloading termcolor-3.2.0-py3-none-any.whl (7.7 kB)
#9 30.39 Downloading typing_extensions-4.15.0-py3-none-any.whl (44 kB)
#9 30.40    ━━━━━━━━━━━━━━━━━━━━━━━━━━━━━━━━━━━━━━━━ 44.6/44.6 kB 3.8 MB/s eta 0:00:00
#9 30.41 Downloading wrapt-2.0.0-cp311-cp311-manylinux1_x86_64.manylinux_2_28_x86_64.manylinux_2_5_x86_64.whl (114 kB)
#9 30.43    ━━━━━━━━━━━━━━━━━━━━━━━━━━━━━━━━━━━━━━━━ 114.1/114.1 kB 9.1 MB/s eta 0:00:00
#9 30.43 Downloading certifi-2025.10.5-py3-none-any.whl (163 kB)
#9 30.45    ━━━━━━━━━━━━━━━━━━━━━━━━━━━━━━━━━━━━━━━━ 163.3/163.3 kB 10.2 MB/s eta 0:00:00
#9 30.46 Downloading charset_normalizer-3.4.4-cp311-cp311-manylinux2014_x86_64.manylinux_2_17_x86_64.manylinux_2_28_x86_64.whl (151 kB)
#9 30.48    ━━━━━━━━━━━━━━━━━━━━━━━━━━━━━━━━━━━━━━━━ 151.6/151.6 kB 10.7 MB/s eta 0:00:00
#9 30.48 Downloading idna-3.11-py3-none-any.whl (71 kB)
#9 30.50    ━━━━━━━━━━━━━━━━━━━━━━━━━━━━━━━━━━━━━━━━ 71.0/71.0 kB 5.9 MB/s eta 0:00:00
#9 30.50 Downloading markdown-3.9-py3-none-any.whl (107 kB)
#9 30.52    ━━━━━━━━━━━━━━━━━━━━━━━━━━━━━━━━━━━━━━━━ 107.4/107.4 kB 10.0 MB/s eta 0:00:00
#9 30.53 Downloading tensorboard_data_server-0.7.2-py3-none-manylinux_2_31_x86_64.whl (6.6 MB)
#9 30.80    ━━━━━━━━━━━━━━━━━━━━━━━━━━━━━━━━━━━━━━━━ 6.6/6.6 MB 24.1 MB/s eta 0:00:00
#9 30.81 Downloading urllib3-2.5.0-py3-none-any.whl (129 kB)
#9 30.83    ━━━━━━━━━━━━━━━━━━━━━━━━━━━━━━━━━━━━━━━━ 129.8/129.8 kB 9.4 MB/s eta 0:00:00
#9 30.84 Downloading werkzeug-3.1.3-py3-none-any.whl (224 kB)
#9 30.85    ━━━━━━━━━━━━━━━━━━━━━━━━━━━━━━━━━━━━━━━━ 224.5/224.5 kB 13.5 MB/s eta 0:00:00
#9 30.86 Downloading namex-0.1.0-py3-none-any.whl (5.9 kB)
#9 30.88 Downloading optree-0.17.0-cp311-cp311-manylinux_2_27_x86_64.manylinux_2_28_x86_64.whl (402 kB)
#9 30.90    ━━━━━━━━━━━━━━━━━━━━━━━━━━━━━━━━━━━━━━━━ 402.0/402.0 kB 18.6 MB/s eta 0:00:00
#9 30.91 Downloading rich-14.2.0-py3-none-any.whl (243 kB)
#9 30.93    ━━━━━━━━━━━━━━━━━━━━━━━━━━━━━━━━━━━━━━━━ 243.4/243.4 kB 15.8 MB/s eta 0:00:00
#9 30.94 Downloading markdown_it_py-4.0.0-py3-none-any.whl (87 kB)
#9 30.95    ━━━━━━━━━━━━━━━━━━━━━━━━━━━━━━━━━━━━━━━━ 87.3/87.3 kB 7.4 MB/s eta 0:00:00
#9 30.96 Downloading markupsafe-3.0.3-cp311-cp311-manylinux2014_x86_64.manylinux_2_17_x86_64.manylinux_2_28_x86_64.whl (22 kB)
#9 30.98 Downloading pygments-2.19.2-py3-none-any.whl (1.2 MB)
#9 31.03    ━━━━━━━━━━━━━━━━━━━━━━━━━━━━━━━━━━━━━━━━ 1.2/1.2 MB 25.5 MB/s eta 0:00:00
#9 31.04 Downloading mdurl-0.1.2-py3-none-any.whl (10.0 kB)
#9 33.31 Installing collected packages: namex, libclang, flatbuffers, wrapt, urllib3, typing_extensions, termcolor, tensorboard-data-server, pygments, protobuf, opt_einsum, ml_dtypes, mdurl, MarkupSafe, markdown, idna, h5py, google_pasta, gast, charset_normalizer, certifi, astunparse, absl-py, werkzeug, requests, optree, markdown-it-py, grpcio, tensorboard, rich, keras, tensorflow
#9 51.95 Successfully installed MarkupSafe-3.0.3 absl-py-2.3.1 astunparse-1.6.3 certifi-2025.10.5 charset_normalizer-3.4.4 flatbuffers-25.9.23 gast-0.6.0 google_pasta-0.2.0 grpcio-1.76.0 h5py-3.15.1 idna-3.11 keras-3.12.0 libclang-18.1.1 markdown-3.9 markdown-it-py-4.0.0 mdurl-0.1.2 ml_dtypes-0.5.3 namex-0.1.0 opt_einsum-3.4.0 optree-0.17.0 protobuf-6.33.0 pygments-2.19.2 requests-2.32.5 rich-14.2.0 tensorboard-2.20.0 tensorboard-data-server-0.7.2 tensorflow-2.20.0 termcolor-3.2.0 typing_extensions-4.15.0 urllib3-2.5.0 werkzeug-3.1.3 wrapt-2.0.0
#9 51.95 WARNING: Running pip as the 'root' user can result in broken permissions and conflicting behaviour with the system package manager. It is recommended to use a virtual environment instead: https://pip.pypa.io/warnings/venv
#9 51.96 
#9 51.96 [notice] A new release of pip is available: 24.0 -> 25.3
#9 51.96 [notice] To update, run: pip install --upgrade pip
#9 DONE 64.8s

#10 [6/6] RUN ["pip","install","scipy"]
#10 0.752 Collecting scipy
#10 0.799   Downloading scipy-1.16.3-cp311-cp311-manylinux2014_x86_64.manylinux_2_17_x86_64.whl.metadata (62 kB)
#10 0.835      ━━━━━━━━━━━━━━━━━━━━━━━━━━━━━━━━━━━━━━━━ 62.0/62.0 kB 1.6 MB/s eta 0:00:00
#10 0.887 Requirement already satisfied: numpy<2.6,>=1.25.2 in /usr/local/lib/python3.11/site-packages (from scipy) (2.3.4)
#10 0.909 Downloading scipy-1.16.3-cp311-cp311-manylinux2014_x86_64.manylinux_2_17_x86_64.whl (35.9 MB)
#10 2.401    ━━━━━━━━━━━━━━━━━━━━━━━━━━━━━━━━━━━━━━━━ 35.9/35.9 MB 16.6 MB/s eta 0:00:00
#10 2.744 Installing collected packages: scipy
#10 6.348 Successfully installed scipy-1.16.3
#10 6.349 WARNING: Running pip as the 'root' user can result in broken permissions and conflicting behaviour with the system package manager. It is recommended to use a virtual environment instead: https://pip.pypa.io/warnings/venv
#10 6.359 
#10 6.359 [notice] A new release of pip is available: 24.0 -> 25.3
#10 6.359 [notice] To update, run: pip install --upgrade pip
#10 DONE 7.5s

#11 exporting to image
#11 exporting layers
#11 exporting layers 11.4s done
#11 writing image sha256:fce3a44741f43b7fab9e0d71f2adeddc0025389c048c89b9727f6e673829b960 done
#11 naming to docker.io/library/test-image-45c3d886c182a1ea26d5 done
#11 DONE 11.4s

View build details: docker-desktop://dashboard/build/default/default/pjj1iadueqho1nwv3lid79fsk
[2025-10-29 14:54:16] SUCCESS: Build completed for 45c3d886c182a1ea26d5
