=== Docker Build Log for 2b8e2e05cf05a630b132 ===
Started at: Mi 29. Okt 13:24:51 CET 2025

[2025-10-29 13:24:51] START: Building image for 2b8e2e05cf05a630b132
#0 building with "default" instance using docker driver

#1 [internal] load build definition from Dockerfile
#1 transferring dockerfile: 145B done
#1 DONE 0.0s

#2 [internal] load metadata for docker.io/library/python:3.11
#2 DONE 0.0s

#3 [internal] load .dockerignore
#3 transferring context: 2B done
#3 DONE 0.0s

#4 [internal] load build context
#4 transferring context: 2.07kB 0.0s done
#4 DONE 0.0s

#5 [1/2] FROM docker.io/library/python:3.11
#5 CACHED

#6 [2/2] COPY hard-gists/2b8e2e05cf05a630b132/snippet.py /snippet.py
#6 DONE 0.1s

#7 exporting to image
#7 exporting layers 0.0s done
#7 writing image sha256:3fb868affd60a91b0e5fad788bd4af72c3a367d2275598620d7255364d1b8313 done
#7 naming to docker.io/library/test-image-2b8e2e05cf05a630b132 done
#7 DONE 0.1s

View build details: docker-desktop://dashboard/build/default/default/rkqolnv2k7ge7w5qp6144uo5c
[2025-10-29 13:24:52] SUCCESS: Build completed for 2b8e2e05cf05a630b132
