=== Docker Build Log for 28802627584b21ba1f6a ===
Started at: Mi 29. Okt 13:19:10 CET 2025

[2025-10-29 13:19:10] START: Building image for 28802627584b21ba1f6a
#0 building with "default" instance using docker driver

#1 [internal] load build definition from Dockerfile
#1 transferring dockerfile: 217B done
#1 DONE 0.0s

#2 [internal] load metadata for docker.io/library/python:3.11
#2 DONE 0.0s

#3 [internal] load .dockerignore
#3 transferring context: 2B done
#3 DONE 0.0s

#4 [internal] load build context
#4 transferring context: 6.70kB 0.0s done
#4 DONE 0.0s

#5 [1/4] FROM docker.io/library/python:3.11
#5 CACHED

#6 [2/4] COPY hard-gists/28802627584b21ba1f6a/snippet.py /snippet.py
#6 DONE 0.1s

#7 [3/4] RUN ["pip","install","androidviewclient"]
#7 1.910 Collecting androidviewclient
#7 1.945   Downloading androidviewclient-24.1.0-py3-none-any.whl.metadata (661 bytes)
#7 1.958 Requirement already satisfied: setuptools in /usr/local/lib/python3.11/site-packages (from androidviewclient) (79.0.1)
#7 2.003 Collecting requests (from androidviewclient)
#7 2.011   Downloading requests-2.32.5-py3-none-any.whl.metadata (4.9 kB)
#7 2.229 Collecting numpy (from androidviewclient)
#7 2.240   Downloading numpy-2.3.4-cp311-cp311-manylinux_2_27_x86_64.manylinux_2_28_x86_64.whl.metadata (62 kB)
#7 2.269      ━━━━━━━━━━━━━━━━━━━━━━━━━━━━━━━━━━━━━━━━ 62.1/62.1 kB 2.0 MB/s eta 0:00:00
#7 2.423 Collecting matplotlib (from androidviewclient)
#7 2.433   Downloading matplotlib-3.10.7-cp311-cp311-manylinux2014_x86_64.manylinux_2_17_x86_64.whl.metadata (11 kB)
#7 2.497 Collecting culebratester-client>=2.0.73 (from androidviewclient)
#7 2.505   Downloading culebratester_client-2.0.73-py3-none-any.whl.metadata (685 bytes)
#7 2.563 Collecting urllib3>=1.15 (from culebratester-client>=2.0.73->androidviewclient)
#7 2.571   Downloading urllib3-2.5.0-py3-none-any.whl.metadata (6.5 kB)
#7 2.607 Collecting six>=1.10 (from culebratester-client>=2.0.73->androidviewclient)
#7 2.614   Downloading six-1.17.0-py2.py3-none-any.whl.metadata (1.7 kB)
#7 2.656 Collecting certifi (from culebratester-client>=2.0.73->androidviewclient)
#7 2.664   Downloading certifi-2025.10.5-py3-none-any.whl.metadata (2.5 kB)
#7 2.711 Collecting python-dateutil (from culebratester-client>=2.0.73->androidviewclient)
#7 2.719   Downloading python_dateutil-2.9.0.post0-py2.py3-none-any.whl.metadata (8.4 kB)
#7 2.811 Collecting contourpy>=1.0.1 (from matplotlib->androidviewclient)
#7 2.821   Downloading contourpy-1.3.3-cp311-cp311-manylinux_2_27_x86_64.manylinux_2_28_x86_64.whl.metadata (5.5 kB)
#7 2.855 Collecting cycler>=0.10 (from matplotlib->androidviewclient)
#7 2.863   Downloading cycler-0.12.1-py3-none-any.whl.metadata (3.8 kB)
#7 3.036 Collecting fonttools>=4.22.0 (from matplotlib->androidviewclient)
#7 3.044   Downloading fonttools-4.60.1-cp311-cp311-manylinux2014_x86_64.manylinux_2_17_x86_64.whl.metadata (112 kB)
#7 3.064      ━━━━━━━━━━━━━━━━━━━━━━━━━━━━━━━━━━━━━━━ 112.3/112.3 kB 5.7 MB/s eta 0:00:00
#7 3.136 Collecting kiwisolver>=1.3.1 (from matplotlib->androidviewclient)
#7 3.145   Downloading kiwisolver-1.4.9-cp311-cp311-manylinux2014_x86_64.manylinux_2_17_x86_64.whl.metadata (6.3 kB)
#7 3.196 Collecting packaging>=20.0 (from matplotlib->androidviewclient)
#7 3.204   Downloading packaging-25.0-py3-none-any.whl.metadata (3.3 kB)
#7 3.416 Collecting pillow>=8 (from matplotlib->androidviewclient)
#7 3.425   Downloading pillow-12.0.0-cp311-cp311-manylinux_2_27_x86_64.manylinux_2_28_x86_64.whl.metadata (8.8 kB)
#7 3.485 Collecting pyparsing>=3 (from matplotlib->androidviewclient)
#7 3.493   Downloading pyparsing-3.2.5-py3-none-any.whl.metadata (5.0 kB)
#7 3.601 Collecting charset_normalizer<4,>=2 (from requests->androidviewclient)
#7 3.609   Downloading charset_normalizer-3.4.4-cp311-cp311-manylinux2014_x86_64.manylinux_2_17_x86_64.manylinux_2_28_x86_64.whl.metadata (37 kB)
#7 3.649 Collecting idna<4,>=2.5 (from requests->androidviewclient)
#7 3.657   Downloading idna-3.11-py3-none-any.whl.metadata (8.4 kB)
#7 3.783 Downloading androidviewclient-24.1.0-py3-none-any.whl (425 kB)
#7 3.812    ━━━━━━━━━━━━━━━━━━━━━━━━━━━━━━━━━━━━━━━━ 425.1/425.1 kB 15.3 MB/s eta 0:00:00
#7 3.821 Downloading culebratester_client-2.0.73-py3-none-any.whl (114 kB)
#7 3.837    ━━━━━━━━━━━━━━━━━━━━━━━━━━━━━━━━━━━━━━━━ 114.2/114.2 kB 7.5 MB/s eta 0:00:00
#7 3.846 Downloading matplotlib-3.10.7-cp311-cp311-manylinux2014_x86_64.manylinux_2_17_x86_64.whl (8.7 MB)
#7 4.155    ━━━━━━━━━━━━━━━━━━━━━━━━━━━━━━━━━━━━━━━━ 8.7/8.7 MB 28.2 MB/s eta 0:00:00
#7 4.166 Downloading numpy-2.3.4-cp311-cp311-manylinux_2_27_x86_64.manylinux_2_28_x86_64.whl (16.9 MB)
#7 4.792    ━━━━━━━━━━━━━━━━━━━━━━━━━━━━━━━━━━━━━━━━ 16.9/16.9 MB 24.5 MB/s eta 0:00:00
#7 4.800 Downloading requests-2.32.5-py3-none-any.whl (64 kB)
#7 4.815    ━━━━━━━━━━━━━━━━━━━━━━━━━━━━━━━━━━━━━━━━ 64.7/64.7 kB 4.1 MB/s eta 0:00:00
#7 4.824 Downloading certifi-2025.10.5-py3-none-any.whl (163 kB)
#7 4.840    ━━━━━━━━━━━━━━━━━━━━━━━━━━━━━━━━━━━━━━━━ 163.3/163.3 kB 10.5 MB/s eta 0:00:00
#7 4.849 Downloading charset_normalizer-3.4.4-cp311-cp311-manylinux2014_x86_64.manylinux_2_17_x86_64.manylinux_2_28_x86_64.whl (151 kB)
#7 4.863    ━━━━━━━━━━━━━━━━━━━━━━━━━━━━━━━━━━━━━━━━ 151.6/151.6 kB 11.0 MB/s eta 0:00:00
#7 4.872 Downloading contourpy-1.3.3-cp311-cp311-manylinux_2_27_x86_64.manylinux_2_28_x86_64.whl (355 kB)
#7 4.893    ━━━━━━━━━━━━━━━━━━━━━━━━━━━━━━━━━━━━━━━━ 355.2/355.2 kB 17.9 MB/s eta 0:00:00
#7 4.901 Downloading cycler-0.12.1-py3-none-any.whl (8.3 kB)
#7 4.921 Downloading fonttools-4.60.1-cp311-cp311-manylinux2014_x86_64.manylinux_2_17_x86_64.whl (5.0 MB)
#7 5.096    ━━━━━━━━━━━━━━━━━━━━━━━━━━━━━━━━━━━━━━━━ 5.0/5.0 MB 28.6 MB/s eta 0:00:00
#7 5.104 Downloading idna-3.11-py3-none-any.whl (71 kB)
#7 5.117    ━━━━━━━━━━━━━━━━━━━━━━━━━━━━━━━━━━━━━━━━ 71.0/71.0 kB 5.0 MB/s eta 0:00:00
#7 5.126 Downloading kiwisolver-1.4.9-cp311-cp311-manylinux2014_x86_64.manylinux_2_17_x86_64.whl (1.4 MB)
#7 5.182    ━━━━━━━━━━━━━━━━━━━━━━━━━━━━━━━━━━━━━━━━ 1.4/1.4 MB 26.6 MB/s eta 0:00:00
#7 5.191 Downloading packaging-25.0-py3-none-any.whl (66 kB)
#7 5.201    ━━━━━━━━━━━━━━━━━━━━━━━━━━━━━━━━━━━━━━━━ 66.5/66.5 kB 6.2 MB/s eta 0:00:00
#7 5.210 Downloading pillow-12.0.0-cp311-cp311-manylinux_2_27_x86_64.manylinux_2_28_x86_64.whl (7.0 MB)
#7 5.459    ━━━━━━━━━━━━━━━━━━━━━━━━━━━━━━━━━━━━━━━━ 7.0/7.0 MB 28.4 MB/s eta 0:00:00
#7 5.468 Downloading pyparsing-3.2.5-py3-none-any.whl (113 kB)
#7 5.481    ━━━━━━━━━━━━━━━━━━━━━━━━━━━━━━━━━━━━━━━━ 113.9/113.9 kB 9.0 MB/s eta 0:00:00
#7 5.493 Downloading python_dateutil-2.9.0.post0-py2.py3-none-any.whl (229 kB)
#7 5.510    ━━━━━━━━━━━━━━━━━━━━━━━━━━━━━━━━━━━━━━━━ 229.9/229.9 kB 14.5 MB/s eta 0:00:00
#7 5.517 Downloading six-1.17.0-py2.py3-none-any.whl (11 kB)
#7 5.535 Downloading urllib3-2.5.0-py3-none-any.whl (129 kB)
#7 5.549    ━━━━━━━━━━━━━━━━━━━━━━━━━━━━━━━━━━━━━━━━ 129.8/129.8 kB 9.5 MB/s eta 0:00:00
#7 5.742 Installing collected packages: urllib3, six, pyparsing, pillow, packaging, numpy, kiwisolver, idna, fonttools, cycler, charset_normalizer, certifi, requests, python-dateutil, contourpy, matplotlib, culebratester-client, androidviewclient
#7 9.663 Successfully installed androidviewclient-24.1.0 certifi-2025.10.5 charset_normalizer-3.4.4 contourpy-1.3.3 culebratester-client-2.0.73 cycler-0.12.1 fonttools-4.60.1 idna-3.11 kiwisolver-1.4.9 matplotlib-3.10.7 numpy-2.3.4 packaging-25.0 pillow-12.0.0 pyparsing-3.2.5 python-dateutil-2.9.0.post0 requests-2.32.5 six-1.17.0 urllib3-2.5.0
#7 9.663 WARNING: Running pip as the 'root' user can result in broken permissions and conflicting behaviour with the system package manager. It is recommended to use a virtual environment instead: https://pip.pypa.io/warnings/venv
#7 9.758 
#7 9.758 [notice] A new release of pip is available: 24.0 -> 25.3
#7 9.758 [notice] To update, run: pip install --upgrade pip
#7 DONE 10.8s

#8 [4/4] RUN ["pip","install","uno"]
#8 0.616 Collecting uno
#8 0.650   Downloading uno-0.3.3.tar.gz (7.6 kB)
#8 0.668   Preparing metadata (setup.py): started
#8 1.060   Preparing metadata (setup.py): finished with status 'done'
#8 1.096 Collecting py==1.4.22 (from uno)
#8 1.106   Downloading py-1.4.22.tar.gz (189 kB)
#8 1.145      ━━━━━━━━━━━━━━━━━━━━━━━━━━━━━━━━━━━━━━━ 189.3/189.3 kB 5.2 MB/s eta 0:00:00
#8 1.162   Preparing metadata (setup.py): started
#8 1.322   Preparing metadata (setup.py): finished with status 'done'
#8 1.401 Collecting pytest==2.6.0 (from uno)
#8 1.510   Downloading pytest-2.6.0.tar.gz (625 kB)
#8 1.544      ━━━━━━━━━━━━━━━━━━━━━━━━━━━━━━━━━━━━━━ 625.4/625.4 kB 19.3 MB/s eta 0:00:00
#8 1.599   Preparing metadata (setup.py): started
#8 1.730   Preparing metadata (setup.py): finished with status 'done'
#8 1.735 Building wheels for collected packages: uno, py, pytest
#8 1.735   Building wheel for uno (setup.py): started
#8 1.908   Building wheel for uno (setup.py): finished with status 'done'
#8 1.909   Created wheel for uno: filename=uno-0.3.3-py3-none-any.whl size=9866 sha256=af857b752fcd30c290b4b85558faae54ad4b8e18ce0e50192a8a6e2d1cf33bca
#8 1.909   Stored in directory: /root/.cache/pip/wheels/f8/af/e7/64830bb1eb8c2dc18de1464843e45d5a29312c14873b70f235
#8 1.911   Building wheel for py (setup.py): started
#8 2.064   Building wheel for py (setup.py): finished with status 'done'
#8 2.064   Created wheel for py: filename=py-1.4.22-py3-none-any.whl size=81526 sha256=a33ad9782303e3693bf4f731b087a74c291ff6f575199544a98d91ecf869419a
#8 2.065   Stored in directory: /root/.cache/pip/wheels/36/24/5c/2e1d80248d843f4234fc88e80a55ef50647c638bcc8b8fc849
#8 2.066   Building wheel for pytest (setup.py): started
#8 2.229   Building wheel for pytest (setup.py): finished with status 'done'
#8 2.229   Created wheel for pytest: filename=pytest-2.6.0-py2.py3-none-any.whl size=120043 sha256=7de8a5bb2ed2c60c42e92fdc8e18f79589e309d362b148297e481569a716932c
#8 2.229   Stored in directory: /root/.cache/pip/wheels/4f/a5/45/6c23c6d7631b18a8d3efb4488f85846b482e9fc8bd52ef5ff4
#8 2.231 Successfully built uno py pytest
#8 2.331 Installing collected packages: py, pytest, uno
#8 2.479 Successfully installed py-1.4.22 pytest-2.6.0 uno-0.3.3
#8 2.480 WARNING: Running pip as the 'root' user can result in broken permissions and conflicting behaviour with the system package manager. It is recommended to use a virtual environment instead: https://pip.pypa.io/warnings/venv
#8 2.484 
#8 2.484 [notice] A new release of pip is available: 24.0 -> 25.3
#8 2.484 [notice] To update, run: pip install --upgrade pip
#8 DONE 2.6s

#9 exporting to image
#9 exporting layers
#9 exporting layers 0.9s done
#9 writing image sha256:b38a31796f4d09bd94a916e19ee8b17b9cc51e597fb07b19b1ff6250569ea6c2 done
#9 naming to docker.io/library/test-image-28802627584b21ba1f6a done
#9 DONE 0.9s

View build details: docker-desktop://dashboard/build/default/default/qgry45k2j230m1yq2ed8lbvv3
[2025-10-29 13:19:25] SUCCESS: Build completed for 28802627584b21ba1f6a
