=== Docker Build Log for 7015554 ===
Started at: Mi 29. Okt 16:57:46 CET 2025

[2025-10-29 16:57:46] START: Building image for 7015554
#0 building with "default" instance using docker driver

#1 [internal] load build definition from Dockerfile
#1 transferring dockerfile: 132B done
#1 DONE 0.0s

#2 [internal] load metadata for docker.io/library/python:3.11
#2 DONE 0.0s

#3 [internal] load .dockerignore
#3 transferring context: 2B done
#3 DONE 0.0s

#4 [internal] load build context
#4 transferring context: 3.53kB 0.0s done
#4 DONE 0.0s

#5 [1/2] FROM docker.io/library/python:3.11
#5 CACHED

#6 [2/2] COPY hard-gists/7015554/snippet.py /snippet.py
#6 DONE 0.1s

#7 exporting to image
#7 exporting layers 0.0s done
#7 writing image sha256:537ace0706d1b36a66d64e90e52b39d32b13b713b778deecc8f43e837649e030 done
#7 naming to docker.io/library/test-image-7015554 done
#7 DONE 0.1s

View build details: docker-desktop://dashboard/build/default/default/u8mcexw4wtt4awth2yloqehz1
[2025-10-29 16:57:47] SUCCESS: Build completed for 7015554
