=== Docker Build Log for 3a2a081e4f3089920fd8aecefecbe280 ===
Started at: Mi 29. Okt 14:10:05 CET 2025

[2025-10-29 14:10:05] START: Building image for 3a2a081e4f3089920fd8aecefecbe280
#0 building with "default" instance using docker driver

#1 [internal] load build definition from Dockerfile
#1 transferring dockerfile: 292B done
#1 DONE 0.0s

#2 [internal] load metadata for docker.io/library/python:3.11
#2 DONE 0.0s

#3 [internal] load .dockerignore
#3 transferring context: 2B done
#3 DONE 0.0s

#4 [internal] load build context
#4 transferring context: 7.83kB 0.0s done
#4 DONE 0.0s

#5 [1/6] FROM docker.io/library/python:3.11
#5 CACHED

#6 [2/6] COPY hard-gists/3a2a081e4f3089920fd8aecefecbe280/snippet.py /snippet.py
#6 DONE 0.1s

#7 [3/6] RUN ["pip","install","keras"]
#7 1.888 Collecting keras
#7 1.924   Downloading keras-3.12.0-py3-none-any.whl.metadata (5.9 kB)
#7 1.967 Collecting absl-py (from keras)
#7 1.975   Downloading absl_py-2.3.1-py3-none-any.whl.metadata (3.3 kB)
#7 2.177 Collecting numpy (from keras)
#7 2.186   Downloading numpy-2.3.4-cp311-cp311-manylinux_2_27_x86_64.manylinux_2_28_x86_64.whl.metadata (62 kB)
#7 2.217      ━━━━━━━━━━━━━━━━━━━━━━━━━━━━━━━━━━━━━━━━ 62.1/62.1 kB 1.9 MB/s eta 0:00:00
#7 2.293 Collecting rich (from keras)
#7 2.301   Downloading rich-14.2.0-py3-none-any.whl.metadata (18 kB)
#7 2.504 Collecting namex (from keras)
#7 2.513   Downloading namex-0.1.0-py3-none-any.whl.metadata (322 bytes)
#7 2.578 Collecting h5py (from keras)
#7 2.589   Downloading h5py-3.15.1-cp311-cp311-manylinux_2_27_x86_64.manylinux_2_28_x86_64.whl.metadata (3.0 kB)
#7 2.681 Collecting optree (from keras)
#7 2.691   Downloading optree-0.17.0-cp311-cp311-manylinux_2_27_x86_64.manylinux_2_28_x86_64.whl.metadata (33 kB)
#7 2.742 Collecting ml-dtypes (from keras)
#7 2.750   Downloading ml_dtypes-0.5.3-cp311-cp311-manylinux_2_27_x86_64.manylinux_2_28_x86_64.whl.metadata (8.9 kB)
#7 2.811 Collecting packaging (from keras)
#7 2.820   Downloading packaging-25.0-py3-none-any.whl.metadata (3.3 kB)
#7 2.903 Collecting typing-extensions>=4.6.0 (from optree->keras)
#7 2.911   Downloading typing_extensions-4.15.0-py3-none-any.whl.metadata (3.3 kB)
#7 2.957 Collecting markdown-it-py>=2.2.0 (from rich->keras)
#7 2.965   Downloading markdown_it_py-4.0.0-py3-none-any.whl.metadata (7.3 kB)
#7 3.012 Collecting pygments<3.0.0,>=2.13.0 (from rich->keras)
#7 3.020   Downloading pygments-2.19.2-py3-none-any.whl.metadata (2.5 kB)
#7 3.066 Collecting mdurl~=0.1 (from markdown-it-py>=2.2.0->rich->keras)
#7 3.075   Downloading mdurl-0.1.2-py3-none-any.whl.metadata (1.6 kB)
#7 3.099 Downloading keras-3.12.0-py3-none-any.whl (1.5 MB)
#7 3.235    ━━━━━━━━━━━━━━━━━━━━━━━━━━━━━━━━━━━━━━━━ 1.5/1.5 MB 10.9 MB/s eta 0:00:00
#7 3.244 Downloading absl_py-2.3.1-py3-none-any.whl (135 kB)
#7 3.262    ━━━━━━━━━━━━━━━━━━━━━━━━━━━━━━━━━━━━━━━━ 135.8/135.8 kB 7.8 MB/s eta 0:00:00
#7 3.271 Downloading h5py-3.15.1-cp311-cp311-manylinux_2_27_x86_64.manylinux_2_28_x86_64.whl (4.7 MB)
#7 3.622    ━━━━━━━━━━━━━━━━━━━━━━━━━━━━━━━━━━━━━━━━ 4.7/4.7 MB 13.4 MB/s eta 0:00:00
#7 3.632 Downloading numpy-2.3.4-cp311-cp311-manylinux_2_27_x86_64.manylinux_2_28_x86_64.whl (16.9 MB)
#7 4.590    ━━━━━━━━━━━━━━━━━━━━━━━━━━━━━━━━━━━━━━━━ 16.9/16.9 MB 17.2 MB/s eta 0:00:00
#7 4.599 Downloading ml_dtypes-0.5.3-cp311-cp311-manylinux_2_27_x86_64.manylinux_2_28_x86_64.whl (4.9 MB)
#7 4.845    ━━━━━━━━━━━━━━━━━━━━━━━━━━━━━━━━━━━━━━━━ 4.9/4.9 MB 20.2 MB/s eta 0:00:00
#7 4.853 Downloading namex-0.1.0-py3-none-any.whl (5.9 kB)
#7 4.872 Downloading optree-0.17.0-cp311-cp311-manylinux_2_27_x86_64.manylinux_2_28_x86_64.whl (402 kB)
#7 4.897    ━━━━━━━━━━━━━━━━━━━━━━━━━━━━━━━━━━━━━━━━ 402.0/402.0 kB 17.2 MB/s eta 0:00:00
#7 4.906 Downloading packaging-25.0-py3-none-any.whl (66 kB)
#7 4.918    ━━━━━━━━━━━━━━━━━━━━━━━━━━━━━━━━━━━━━━━━ 66.5/66.5 kB 5.3 MB/s eta 0:00:00
#7 4.927 Downloading rich-14.2.0-py3-none-any.whl (243 kB)
#7 4.946    ━━━━━━━━━━━━━━━━━━━━━━━━━━━━━━━━━━━━━━━━ 243.4/243.4 kB 13.0 MB/s eta 0:00:00
#7 4.955 Downloading markdown_it_py-4.0.0-py3-none-any.whl (87 kB)
#7 4.967    ━━━━━━━━━━━━━━━━━━━━━━━━━━━━━━━━━━━━━━━━ 87.3/87.3 kB 7.7 MB/s eta 0:00:00
#7 4.975 Downloading pygments-2.19.2-py3-none-any.whl (1.2 MB)
#7 5.038    ━━━━━━━━━━━━━━━━━━━━━━━━━━━━━━━━━━━━━━━━ 1.2/1.2 MB 19.8 MB/s eta 0:00:00
#7 5.046 Downloading typing_extensions-4.15.0-py3-none-any.whl (44 kB)
#7 5.058    ━━━━━━━━━━━━━━━━━━━━━━━━━━━━━━━━━━━━━━━━ 44.6/44.6 kB 3.6 MB/s eta 0:00:00
#7 5.066 Downloading mdurl-0.1.2-py3-none-any.whl (10.0 kB)
#7 5.231 Installing collected packages: namex, typing-extensions, pygments, packaging, numpy, mdurl, absl-py, optree, ml-dtypes, markdown-it-py, h5py, rich, keras
#7 8.493 Successfully installed absl-py-2.3.1 h5py-3.15.1 keras-3.12.0 markdown-it-py-4.0.0 mdurl-0.1.2 ml-dtypes-0.5.3 namex-0.1.0 numpy-2.3.4 optree-0.17.0 packaging-25.0 pygments-2.19.2 rich-14.2.0 typing-extensions-4.15.0
#7 8.494 WARNING: Running pip as the 'root' user can result in broken permissions and conflicting behaviour with the system package manager. It is recommended to use a virtual environment instead: https://pip.pypa.io/warnings/venv
#7 8.587 
#7 8.587 [notice] A new release of pip is available: 24.0 -> 25.3
#7 8.587 [notice] To update, run: pip install --upgrade pip
#7 DONE 9.7s

#8 [4/6] RUN ["pip","install","keras-utils"]
#8 0.503 Collecting keras-utils
#8 0.540   Downloading keras-utils-1.0.13.tar.gz (2.4 kB)
#8 0.559   Preparing metadata (setup.py): started
#8 1.019   Preparing metadata (setup.py): finished with status 'done'
#8 1.022 Requirement already satisfied: Keras>=2.1.5 in /usr/local/lib/python3.11/site-packages (from keras-utils) (3.12.0)
#8 1.025 Requirement already satisfied: absl-py in /usr/local/lib/python3.11/site-packages (from Keras>=2.1.5->keras-utils) (2.3.1)
#8 1.029 Requirement already satisfied: numpy in /usr/local/lib/python3.11/site-packages (from Keras>=2.1.5->keras-utils) (2.3.4)
#8 1.030 Requirement already satisfied: rich in /usr/local/lib/python3.11/site-packages (from Keras>=2.1.5->keras-utils) (14.2.0)
#8 1.031 Requirement already satisfied: namex in /usr/local/lib/python3.11/site-packages (from Keras>=2.1.5->keras-utils) (0.1.0)
#8 1.032 Requirement already satisfied: h5py in /usr/local/lib/python3.11/site-packages (from Keras>=2.1.5->keras-utils) (3.15.1)
#8 1.033 Requirement already satisfied: optree in /usr/local/lib/python3.11/site-packages (from Keras>=2.1.5->keras-utils) (0.17.0)
#8 1.034 Requirement already satisfied: ml-dtypes in /usr/local/lib/python3.11/site-packages (from Keras>=2.1.5->keras-utils) (0.5.3)
#8 1.034 Requirement already satisfied: packaging in /usr/local/lib/python3.11/site-packages (from Keras>=2.1.5->keras-utils) (25.0)
#8 1.066 Requirement already satisfied: typing-extensions>=4.6.0 in /usr/local/lib/python3.11/site-packages (from optree->Keras>=2.1.5->keras-utils) (4.15.0)
#8 1.070 Requirement already satisfied: markdown-it-py>=2.2.0 in /usr/local/lib/python3.11/site-packages (from rich->Keras>=2.1.5->keras-utils) (4.0.0)
#8 1.071 Requirement already satisfied: pygments<3.0.0,>=2.13.0 in /usr/local/lib/python3.11/site-packages (from rich->Keras>=2.1.5->keras-utils) (2.19.2)
#8 1.084 Requirement already satisfied: mdurl~=0.1 in /usr/local/lib/python3.11/site-packages (from markdown-it-py>=2.2.0->rich->Keras>=2.1.5->keras-utils) (0.1.2)
#8 1.087 Building wheels for collected packages: keras-utils
#8 1.088   Building wheel for keras-utils (setup.py): started
#8 1.260   Building wheel for keras-utils (setup.py): finished with status 'done'
#8 1.260   Created wheel for keras-utils: filename=keras_utils-1.0.13-py3-none-any.whl size=2685 sha256=aaec335edcc7e392f209d369a10ccbb3025f282dadf501ee2c23942cd1b76f78
#8 1.261   Stored in directory: /root/.cache/pip/wheels/84/04/c8/f3d21e09aa3a1e25bc4a4fc07341ca073d7372f33dbd344a06
#8 1.262 Successfully built keras-utils
#8 1.333 Installing collected packages: keras-utils
#8 1.347 Successfully installed keras-utils-1.0.13
#8 1.347 WARNING: Running pip as the 'root' user can result in broken permissions and conflicting behaviour with the system package manager. It is recommended to use a virtual environment instead: https://pip.pypa.io/warnings/venv
#8 1.352 
#8 1.352 [notice] A new release of pip is available: 24.0 -> 25.3
#8 1.352 [notice] To update, run: pip install --upgrade pip
#8 DONE 1.4s

#9 [5/6] RUN ["pip","install","keras-models"]
#9 0.531 Collecting keras-models
#9 0.567   Downloading keras_models-0.0.7-py3-none-any.whl.metadata (3.4 kB)
#9 0.590 Requirement already satisfied: keras in /usr/local/lib/python3.11/site-packages (from keras-models) (3.12.0)
#9 0.594 Requirement already satisfied: numpy in /usr/local/lib/python3.11/site-packages (from keras-models) (2.3.4)
#9 0.851 Collecting spacy (from keras-models)
#9 0.860   Downloading spacy-3.8.7-cp311-cp311-manylinux_2_17_x86_64.manylinux2014_x86_64.whl.metadata (27 kB)
#9 1.068 Collecting Pillow (from keras-models)
#9 1.076   Downloading pillow-12.0.0-cp311-cp311-manylinux_2_27_x86_64.manylinux_2_28_x86_64.whl.metadata (8.8 kB)
#9 1.182 Collecting opencv-python (from keras-models)
#9 1.191   Downloading opencv_python-4.12.0.88-cp37-abi3-manylinux2014_x86_64.manylinux_2_17_x86_64.whl.metadata (19 kB)
#9 1.231 Collecting pathlib (from keras-models)
#9 1.240   Downloading pathlib-1.0.1-py3-none-any.whl.metadata (5.1 kB)
#9 1.255 Requirement already satisfied: absl-py in /usr/local/lib/python3.11/site-packages (from keras->keras-models) (2.3.1)
#9 1.258 Requirement already satisfied: rich in /usr/local/lib/python3.11/site-packages (from keras->keras-models) (14.2.0)
#9 1.259 Requirement already satisfied: namex in /usr/local/lib/python3.11/site-packages (from keras->keras-models) (0.1.0)
#9 1.260 Requirement already satisfied: h5py in /usr/local/lib/python3.11/site-packages (from keras->keras-models) (3.15.1)
#9 1.261 Requirement already satisfied: optree in /usr/local/lib/python3.11/site-packages (from keras->keras-models) (0.17.0)
#9 1.262 Requirement already satisfied: ml-dtypes in /usr/local/lib/python3.11/site-packages (from keras->keras-models) (0.5.3)
#9 1.263 Requirement already satisfied: packaging in /usr/local/lib/python3.11/site-packages (from keras->keras-models) (25.0)
#9 1.485 Collecting numpy (from keras-models)
#9 1.493   Downloading numpy-2.2.6-cp311-cp311-manylinux_2_17_x86_64.manylinux2014_x86_64.whl.metadata (62 kB)
#9 1.510      ━━━━━━━━━━━━━━━━━━━━━━━━━━━━━━━━━━━━━━━━ 62.0/62.0 kB 3.3 MB/s eta 0:00:00
#9 1.587 Collecting spacy-legacy<3.1.0,>=3.0.11 (from spacy->keras-models)
#9 1.596   Downloading spacy_legacy-3.0.12-py2.py3-none-any.whl.metadata (2.8 kB)
#9 1.637 Collecting spacy-loggers<2.0.0,>=1.0.0 (from spacy->keras-models)
#9 1.646   Downloading spacy_loggers-1.0.5-py3-none-any.whl.metadata (23 kB)
#9 1.701 Collecting murmurhash<1.1.0,>=0.28.0 (from spacy->keras-models)
#9 1.710   Downloading murmurhash-1.0.13-cp311-cp311-manylinux_2_5_x86_64.manylinux1_x86_64.manylinux_2_17_x86_64.manylinux2014_x86_64.whl.metadata (2.2 kB)
#9 1.766 Collecting cymem<2.1.0,>=2.0.2 (from spacy->keras-models)
#9 1.775   Downloading cymem-2.0.11-cp311-cp311-manylinux_2_17_x86_64.manylinux2014_x86_64.whl.metadata (8.5 kB)
#9 1.828 Collecting preshed<3.1.0,>=3.0.2 (from spacy->keras-models)
#9 1.838   Downloading preshed-3.0.10-cp311-cp311-manylinux_2_5_x86_64.manylinux1_x86_64.manylinux_2_17_x86_64.manylinux2014_x86_64.whl.metadata (2.4 kB)
#9 2.027 Collecting thinc<8.4.0,>=8.3.4 (from spacy->keras-models)
#9 2.041   Downloading thinc-8.3.6-cp311-cp311-manylinux_2_17_x86_64.manylinux2014_x86_64.whl.metadata (15 kB)
#9 2.083 Collecting wasabi<1.2.0,>=0.9.1 (from spacy->keras-models)
#9 2.093   Downloading wasabi-1.1.3-py3-none-any.whl.metadata (28 kB)
#9 2.168 Collecting srsly<3.0.0,>=2.4.3 (from spacy->keras-models)
#9 2.177   Downloading srsly-2.5.1-cp311-cp311-manylinux_2_17_x86_64.manylinux2014_x86_64.whl.metadata (19 kB)
#9 2.220 Collecting catalogue<2.1.0,>=2.0.6 (from spacy->keras-models)
#9 2.229   Downloading catalogue-2.0.10-py3-none-any.whl.metadata (14 kB)
#9 2.267 Collecting weasel<0.5.0,>=0.1.0 (from spacy->keras-models)
#9 2.277   Downloading weasel-0.4.1-py3-none-any.whl.metadata (4.6 kB)
#9 2.326 Collecting typer<1.0.0,>=0.3.0 (from spacy->keras-models)
#9 2.334   Downloading typer-0.20.0-py3-none-any.whl.metadata (16 kB)
#9 2.409 Collecting tqdm<5.0.0,>=4.38.0 (from spacy->keras-models)
#9 2.417   Downloading tqdm-4.67.1-py3-none-any.whl.metadata (57 kB)
#9 2.433      ━━━━━━━━━━━━━━━━━━━━━━━━━━━━━━━━━━━━━━━━ 57.7/57.7 kB 3.3 MB/s eta 0:00:00
#9 2.494 Collecting requests<3.0.0,>=2.13.0 (from spacy->keras-models)
#9 2.502   Downloading requests-2.32.5-py3-none-any.whl.metadata (4.9 kB)
#9 2.664 Collecting pydantic!=1.8,!=1.8.1,<3.0.0,>=1.7.4 (from spacy->keras-models)
#9 2.675   Downloading pydantic-2.12.3-py3-none-any.whl.metadata (87 kB)
#9 2.693      ━━━━━━━━━━━━━━━━━━━━━━━━━━━━━━━━━━━━━━━━ 87.7/87.7 kB 4.7 MB/s eta 0:00:00
#9 2.727 Collecting jinja2 (from spacy->keras-models)
#9 2.735   Downloading jinja2-3.1.6-py3-none-any.whl.metadata (2.9 kB)
#9 2.747 Requirement already satisfied: setuptools in /usr/local/lib/python3.11/site-packages (from spacy->keras-models) (79.0.1)
#9 2.775 Collecting langcodes<4.0.0,>=3.2.0 (from spacy->keras-models)
#9 2.784   Downloading langcodes-3.5.0-py3-none-any.whl.metadata (29 kB)
#9 2.830 Collecting language-data>=1.2 (from langcodes<4.0.0,>=3.2.0->spacy->keras-models)
#9 2.839   Downloading language_data-1.3.0-py3-none-any.whl.metadata (4.3 kB)
#9 2.888 Collecting annotated-types>=0.6.0 (from pydantic!=1.8,!=1.8.1,<3.0.0,>=1.7.4->spacy->keras-models)
#9 2.896   Downloading annotated_types-0.7.0-py3-none-any.whl.metadata (15 kB)
#9 3.633 Collecting pydantic-core==2.41.4 (from pydantic!=1.8,!=1.8.1,<3.0.0,>=1.7.4->spacy->keras-models)
#9 3.643   Downloading pydantic_core-2.41.4-cp311-cp311-manylinux_2_17_x86_64.manylinux2014_x86_64.whl.metadata (7.3 kB)
#9 3.661 Requirement already satisfied: typing-extensions>=4.14.1 in /usr/local/lib/python3.11/site-packages (from pydantic!=1.8,!=1.8.1,<3.0.0,>=1.7.4->spacy->keras-models) (4.15.0)
#9 3.686 Collecting typing-inspection>=0.4.2 (from pydantic!=1.8,!=1.8.1,<3.0.0,>=1.7.4->spacy->keras-models)
#9 3.693   Downloading typing_inspection-0.4.2-py3-none-any.whl.metadata (2.6 kB)
#9 3.805 Collecting charset_normalizer<4,>=2 (from requests<3.0.0,>=2.13.0->spacy->keras-models)
#9 3.814   Downloading charset_normalizer-3.4.4-cp311-cp311-manylinux2014_x86_64.manylinux_2_17_x86_64.manylinux_2_28_x86_64.whl.metadata (37 kB)
#9 3.864 Collecting idna<4,>=2.5 (from requests<3.0.0,>=2.13.0->spacy->keras-models)
#9 3.872   Downloading idna-3.11-py3-none-any.whl.metadata (8.4 kB)
#9 3.936 Collecting urllib3<3,>=1.21.1 (from requests<3.0.0,>=2.13.0->spacy->keras-models)
#9 3.943   Downloading urllib3-2.5.0-py3-none-any.whl.metadata (6.5 kB)
#9 3.987 Collecting certifi>=2017.4.17 (from requests<3.0.0,>=2.13.0->spacy->keras-models)
#9 3.996   Downloading certifi-2025.10.5-py3-none-any.whl.metadata (2.5 kB)
#9 4.092 Collecting blis<1.4.0,>=1.3.0 (from thinc<8.4.0,>=8.3.4->spacy->keras-models)
#9 4.101   Downloading blis-1.3.0-cp311-cp311-manylinux_2_17_x86_64.manylinux2014_x86_64.whl.metadata (7.4 kB)
#9 4.145 Collecting confection<1.0.0,>=0.0.1 (from thinc<8.4.0,>=8.3.4->spacy->keras-models)
#9 4.154   Downloading confection-0.1.5-py3-none-any.whl.metadata (19 kB)
#9 4.241 Collecting click>=8.0.0 (from typer<1.0.0,>=0.3.0->spacy->keras-models)
#9 4.251   Downloading click-8.3.0-py3-none-any.whl.metadata (2.6 kB)
#9 4.296 Collecting shellingham>=1.3.0 (from typer<1.0.0,>=0.3.0->spacy->keras-models)
#9 4.304   Downloading shellingham-1.5.4-py2.py3-none-any.whl.metadata (3.5 kB)
#9 4.326 Requirement already satisfied: markdown-it-py>=2.2.0 in /usr/local/lib/python3.11/site-packages (from rich->keras->keras-models) (4.0.0)
#9 4.327 Requirement already satisfied: pygments<3.0.0,>=2.13.0 in /usr/local/lib/python3.11/site-packages (from rich->keras->keras-models) (2.19.2)
#9 4.373 Collecting cloudpathlib<1.0.0,>=0.7.0 (from weasel<0.5.0,>=0.1.0->spacy->keras-models)
#9 4.382   Downloading cloudpathlib-0.23.0-py3-none-any.whl.metadata (16 kB)
#9 4.426 Collecting smart-open<8.0.0,>=5.2.1 (from weasel<0.5.0,>=0.1.0->spacy->keras-models)
#9 4.435   Downloading smart_open-7.4.1-py3-none-any.whl.metadata (24 kB)
#9 4.532 Collecting MarkupSafe>=2.0 (from jinja2->spacy->keras-models)
#9 4.540   Downloading markupsafe-3.0.3-cp311-cp311-manylinux2014_x86_64.manylinux_2_17_x86_64.manylinux_2_28_x86_64.whl.metadata (2.7 kB)
#9 4.823 Collecting marisa-trie>=1.1.0 (from language-data>=1.2->langcodes<4.0.0,>=3.2.0->spacy->keras-models)
#9 4.833   Downloading marisa_trie-1.3.1-cp311-cp311-manylinux_2_24_x86_64.manylinux_2_28_x86_64.whl.metadata (10 kB)
#9 4.860 Requirement already satisfied: mdurl~=0.1 in /usr/local/lib/python3.11/site-packages (from markdown-it-py>=2.2.0->rich->keras->keras-models) (0.1.2)
#9 5.022 Collecting wrapt (from smart-open<8.0.0,>=5.2.1->weasel<0.5.0,>=0.1.0->spacy->keras-models)
#9 5.033   Downloading wrapt-2.0.0-cp311-cp311-manylinux1_x86_64.manylinux_2_28_x86_64.manylinux_2_5_x86_64.whl.metadata (8.8 kB)
#9 5.101 Downloading keras_models-0.0.7-py3-none-any.whl (18 kB)
#9 5.120 Downloading opencv_python-4.12.0.88-cp37-abi3-manylinux2014_x86_64.manylinux_2_17_x86_64.whl (67.0 MB)
#9 7.700    ━━━━━━━━━━━━━━━━━━━━━━━━━━━━━━━━━━━━━━━━ 67.0/67.0 MB 13.1 MB/s eta 0:00:00
#9 7.712 Downloading numpy-2.2.6-cp311-cp311-manylinux_2_17_x86_64.manylinux2014_x86_64.whl (16.8 MB)
#9 8.346    ━━━━━━━━━━━━━━━━━━━━━━━━━━━━━━━━━━━━━━━━ 16.8/16.8 MB 23.8 MB/s eta 0:00:00
#9 8.355 Downloading pathlib-1.0.1-py3-none-any.whl (14 kB)
#9 8.378 Downloading pillow-12.0.0-cp311-cp311-manylinux_2_27_x86_64.manylinux_2_28_x86_64.whl (7.0 MB)
#9 8.659    ━━━━━━━━━━━━━━━━━━━━━━━━━━━━━━━━━━━━━━━━ 7.0/7.0 MB 25.1 MB/s eta 0:00:00
#9 8.668 Downloading spacy-3.8.7-cp311-cp311-manylinux_2_17_x86_64.manylinux2014_x86_64.whl (33.0 MB)
#9 9.888    ━━━━━━━━━━━━━━━━━━━━━━━━━━━━━━━━━━━━━━━━ 33.0/33.0 MB 20.0 MB/s eta 0:00:00
#9 9.900 Downloading catalogue-2.0.10-py3-none-any.whl (17 kB)
#9 9.923 Downloading cymem-2.0.11-cp311-cp311-manylinux_2_17_x86_64.manylinux2014_x86_64.whl (218 kB)
#9 9.940    ━━━━━━━━━━━━━━━━━━━━━━━━━━━━━━━━━━━━━━━━ 218.9/218.9 kB 13.6 MB/s eta 0:00:00
#9 9.949 Downloading langcodes-3.5.0-py3-none-any.whl (182 kB)
#9 9.966    ━━━━━━━━━━━━━━━━━━━━━━━━━━━━━━━━━━━━━━━━ 183.0/183.0 kB 11.8 MB/s eta 0:00:00
#9 9.975 Downloading murmurhash-1.0.13-cp311-cp311-manylinux_2_5_x86_64.manylinux1_x86_64.manylinux_2_17_x86_64.manylinux2014_x86_64.whl (123 kB)
#9 9.988    ━━━━━━━━━━━━━━━━━━━━━━━━━━━━━━━━━━━━━━━━ 123.4/123.4 kB 9.9 MB/s eta 0:00:00
#9 9.998 Downloading preshed-3.0.10-cp311-cp311-manylinux_2_5_x86_64.manylinux1_x86_64.manylinux_2_17_x86_64.manylinux2014_x86_64.whl (842 kB)
#9 10.04    ━━━━━━━━━━━━━━━━━━━━━━━━━━━━━━━━━━━━━━━━ 842.9/842.9 kB 21.5 MB/s eta 0:00:00
#9 10.05 Downloading pydantic-2.12.3-py3-none-any.whl (462 kB)
#9 10.07    ━━━━━━━━━━━━━━━━━━━━━━━━━━━━━━━━━━━━━━━━ 462.4/462.4 kB 19.6 MB/s eta 0:00:00
#9 10.09 Downloading pydantic_core-2.41.4-cp311-cp311-manylinux_2_17_x86_64.manylinux2014_x86_64.whl (2.1 MB)
#9 10.17    ━━━━━━━━━━━━━━━━━━━━━━━━━━━━━━━━━━━━━━━━ 2.1/2.1 MB 27.2 MB/s eta 0:00:00
#9 10.18 Downloading requests-2.32.5-py3-none-any.whl (64 kB)
#9 10.19    ━━━━━━━━━━━━━━━━━━━━━━━━━━━━━━━━━━━━━━━━ 64.7/64.7 kB 5.4 MB/s eta 0:00:00
#9 10.20 Downloading spacy_legacy-3.0.12-py2.py3-none-any.whl (29 kB)
#9 10.22 Downloading spacy_loggers-1.0.5-py3-none-any.whl (22 kB)
#9 10.24 Downloading srsly-2.5.1-cp311-cp311-manylinux_2_17_x86_64.manylinux2014_x86_64.whl (1.1 MB)
#9 10.28    ━━━━━━━━━━━━━━━━━━━━━━━━━━━━━━━━━━━━━━━━ 1.1/1.1 MB 25.6 MB/s eta 0:00:00
#9 10.29 Downloading thinc-8.3.6-cp311-cp311-manylinux_2_17_x86_64.manylinux2014_x86_64.whl (4.5 MB)
#9 10.45    ━━━━━━━━━━━━━━━━━━━━━━━━━━━━━━━━━━━━━━━━ 4.5/4.5 MB 27.3 MB/s eta 0:00:00
#9 10.46 Downloading tqdm-4.67.1-py3-none-any.whl (78 kB)
#9 10.48    ━━━━━━━━━━━━━━━━━━━━━━━━━━━━━━━━━━━━━━━━ 78.5/78.5 kB 6.1 MB/s eta 0:00:00
#9 10.48 Downloading typer-0.20.0-py3-none-any.whl (47 kB)
#9 10.50    ━━━━━━━━━━━━━━━━━━━━━━━━━━━━━━━━━━━━━━━━ 47.0/47.0 kB 3.9 MB/s eta 0:00:00
#9 10.50 Downloading wasabi-1.1.3-py3-none-any.whl (27 kB)
#9 10.52 Downloading weasel-0.4.1-py3-none-any.whl (50 kB)
#9 10.53    ━━━━━━━━━━━━━━━━━━━━━━━━━━━━━━━━━━━━━━━━ 50.3/50.3 kB 4.1 MB/s eta 0:00:00
#9 10.54 Downloading jinja2-3.1.6-py3-none-any.whl (134 kB)
#9 10.56    ━━━━━━━━━━━━━━━━━━━━━━━━━━━━━━━━━━━━━━━━ 134.9/134.9 kB 9.7 MB/s eta 0:00:00
#9 10.57 Downloading annotated_types-0.7.0-py3-none-any.whl (13 kB)
#9 10.58 Downloading blis-1.3.0-cp311-cp311-manylinux_2_17_x86_64.manylinux2014_x86_64.whl (11.7 MB)
#9 11.01    ━━━━━━━━━━━━━━━━━━━━━━━━━━━━━━━━━━━━━━━━ 11.7/11.7 MB 27.0 MB/s eta 0:00:00
#9 11.02 Downloading certifi-2025.10.5-py3-none-any.whl (163 kB)
#9 11.03    ━━━━━━━━━━━━━━━━━━━━━━━━━━━━━━━━━━━━━━━━ 163.3/163.3 kB 12.0 MB/s eta 0:00:00
#9 11.04 Downloading charset_normalizer-3.4.4-cp311-cp311-manylinux2014_x86_64.manylinux_2_17_x86_64.manylinux_2_28_x86_64.whl (151 kB)
#9 11.05    ━━━━━━━━━━━━━━━━━━━━━━━━━━━━━━━━━━━━━━━━ 151.6/151.6 kB 11.1 MB/s eta 0:00:00
#9 11.06 Downloading click-8.3.0-py3-none-any.whl (107 kB)
#9 11.07    ━━━━━━━━━━━━━━━━━━━━━━━━━━━━━━━━━━━━━━━━ 107.3/107.3 kB 9.2 MB/s eta 0:00:00
#9 11.08 Downloading cloudpathlib-0.23.0-py3-none-any.whl (62 kB)
#9 11.10    ━━━━━━━━━━━━━━━━━━━━━━━━━━━━━━━━━━━━━━━━ 62.8/62.8 kB 4.9 MB/s eta 0:00:00
#9 11.10 Downloading confection-0.1.5-py3-none-any.whl (35 kB)
#9 11.12 Downloading idna-3.11-py3-none-any.whl (71 kB)
#9 11.13    ━━━━━━━━━━━━━━━━━━━━━━━━━━━━━━━━━━━━━━━━ 71.0/71.0 kB 5.7 MB/s eta 0:00:00
#9 11.14 Downloading language_data-1.3.0-py3-none-any.whl (5.4 MB)
#9 11.34    ━━━━━━━━━━━━━━━━━━━━━━━━━━━━━━━━━━━━━━━━ 5.4/5.4 MB 27.0 MB/s eta 0:00:00
#9 11.35 Downloading markupsafe-3.0.3-cp311-cp311-manylinux2014_x86_64.manylinux_2_17_x86_64.manylinux_2_28_x86_64.whl (22 kB)
#9 11.37 Downloading shellingham-1.5.4-py2.py3-none-any.whl (9.8 kB)
#9 11.39 Downloading smart_open-7.4.1-py3-none-any.whl (63 kB)
#9 11.40    ━━━━━━━━━━━━━━━━━━━━━━━━━━━━━━━━━━━━━━━━ 63.2/63.2 kB 5.1 MB/s eta 0:00:00
#9 11.41 Downloading typing_inspection-0.4.2-py3-none-any.whl (14 kB)
#9 11.43 Downloading urllib3-2.5.0-py3-none-any.whl (129 kB)
#9 11.45    ━━━━━━━━━━━━━━━━━━━━━━━━━━━━━━━━━━━━━━━━ 129.8/129.8 kB 6.7 MB/s eta 0:00:00
#9 11.47 Downloading marisa_trie-1.3.1-cp311-cp311-manylinux_2_24_x86_64.manylinux_2_28_x86_64.whl (1.3 MB)
#9 11.52    ━━━━━━━━━━━━━━━━━━━━━━━━━━━━━━━━━━━━━━━━ 1.3/1.3 MB 26.3 MB/s eta 0:00:00
#9 11.53 Downloading wrapt-2.0.0-cp311-cp311-manylinux1_x86_64.manylinux_2_28_x86_64.manylinux_2_5_x86_64.whl (114 kB)
#9 11.54    ━━━━━━━━━━━━━━━━━━━━━━━━━━━━━━━━━━━━━━━━ 114.1/114.1 kB 9.7 MB/s eta 0:00:00
#9 12.10 Installing collected packages: pathlib, cymem, wrapt, wasabi, urllib3, typing-inspection, tqdm, spacy-loggers, spacy-legacy, shellingham, pydantic-core, Pillow, numpy, murmurhash, MarkupSafe, marisa-trie, idna, cloudpathlib, click, charset_normalizer, certifi, catalogue, annotated-types, srsly, smart-open, requests, pydantic, preshed, opencv-python, language-data, jinja2, blis, typer, langcodes, confection, weasel, thinc, spacy, keras-models
#9 12.66   Attempting uninstall: numpy
#9 12.67     Found existing installation: numpy 2.3.4
#9 12.72     Uninstalling numpy-2.3.4:
#9 13.69       Successfully uninstalled numpy-2.3.4
#9 19.08 Successfully installed MarkupSafe-3.0.3 Pillow-12.0.0 annotated-types-0.7.0 blis-1.3.0 catalogue-2.0.10 certifi-2025.10.5 charset_normalizer-3.4.4 click-8.3.0 cloudpathlib-0.23.0 confection-0.1.5 cymem-2.0.11 idna-3.11 jinja2-3.1.6 keras-models-0.0.7 langcodes-3.5.0 language-data-1.3.0 marisa-trie-1.3.1 murmurhash-1.0.13 numpy-2.2.6 opencv-python-4.12.0.88 pathlib-1.0.1 preshed-3.0.10 pydantic-2.12.3 pydantic-core-2.41.4 requests-2.32.5 shellingham-1.5.4 smart-open-7.4.1 spacy-3.8.7 spacy-legacy-3.0.12 spacy-loggers-1.0.5 srsly-2.5.1 thinc-8.3.6 tqdm-4.67.1 typer-0.20.0 typing-inspection-0.4.2 urllib3-2.5.0 wasabi-1.1.3 weasel-0.4.1 wrapt-2.0.0
#9 19.08 WARNING: Running pip as the 'root' user can result in broken permissions and conflicting behaviour with the system package manager. It is recommended to use a virtual environment instead: https://pip.pypa.io/warnings/venv
#9 19.09 
#9 19.09 [notice] A new release of pip is available: 24.0 -> 25.3
#9 19.09 [notice] To update, run: pip install --upgrade pip
#9 DONE 22.4s

#10 [6/6] RUN ["pip","install","numpy"]
#10 0.458 Requirement already satisfied: numpy in /usr/local/lib/python3.11/site-packages (2.2.6)
#10 0.645 WARNING: Running pip as the 'root' user can result in broken permissions and conflicting behaviour with the system package manager. It is recommended to use a virtual environment instead: https://pip.pypa.io/warnings/venv
#10 0.650 
#10 0.650 [notice] A new release of pip is available: 24.0 -> 25.3
#10 0.650 [notice] To update, run: pip install --upgrade pip
#10 DONE 0.7s

#11 exporting to image
#11 exporting layers
#11 exporting layers 2.3s done
#11 writing image sha256:e778c8977a42fc9800b4850cea03c0f14c09557207d321ff3bb91b9cca45c814 done
#11 naming to docker.io/library/test-image-3a2a081e4f3089920fd8aecefecbe280 done
#11 DONE 2.3s

View build details: docker-desktop://dashboard/build/default/default/1p1cj79yxxuxv2fav657n778v
[2025-10-29 14:10:42] SUCCESS: Build completed for 3a2a081e4f3089920fd8aecefecbe280
