=== Docker Build Log for 7535869 ===
Started at: Mi 29. Okt 17:10:53 CET 2025

[2025-10-29 17:10:53] START: Building image for 7535869
#0 building with "default" instance using docker driver

#1 [internal] load build definition from Dockerfile
#1 transferring dockerfile: 174B done
#1 DONE 0.0s

#2 [internal] load metadata for docker.io/library/python:3.11
#2 DONE 0.0s

#3 [internal] load .dockerignore
#3 transferring context: 2B done
#3 DONE 0.0s

#4 [internal] load build context
#4 transferring context: 792B 0.0s done
#4 DONE 0.0s

#5 [1/3] FROM docker.io/library/python:3.11
#5 CACHED

#6 [2/3] COPY hard-gists/7535869/snippet.py /snippet.py
#6 DONE 0.1s

#7 [3/3] RUN ["pip","install","python-dateutil"]
#7 2.004 Collecting python-dateutil
#7 2.048   Downloading python_dateutil-2.9.0.post0-py2.py3-none-any.whl.metadata (8.4 kB)
#7 2.090 Collecting six>=1.5 (from python-dateutil)
#7 2.098   Downloading six-1.17.0-py2.py3-none-any.whl.metadata (1.7 kB)
#7 2.117 Downloading python_dateutil-2.9.0.post0-py2.py3-none-any.whl (229 kB)
#7 2.155    ━━━━━━━━━━━━━━━━━━━━━━━━━━━━━━━━━━━━━━━━ 229.9/229.9 kB 6.2 MB/s eta 0:00:00
#7 2.163 Downloading six-1.17.0-py2.py3-none-any.whl (11 kB)
#7 2.210 Installing collected packages: six, python-dateutil
#7 2.273 Successfully installed python-dateutil-2.9.0.post0 six-1.17.0
#7 2.273 WARNING: Running pip as the 'root' user can result in broken permissions and conflicting behaviour with the system package manager. It is recommended to use a virtual environment instead: https://pip.pypa.io/warnings/venv
#7 2.374 
#7 2.374 [notice] A new release of pip is available: 24.0 -> 25.3
#7 2.374 [notice] To update, run: pip install --upgrade pip
#7 DONE 2.6s

#8 exporting to image
#8 exporting layers 0.1s done
#8 writing image sha256:cc1215fb2366770cd87538826be700aa5c90060ce276cbc5c0750eddbb1b3c0a done
#8 naming to docker.io/library/test-image-7535869 done
#8 DONE 0.2s

View build details: docker-desktop://dashboard/build/default/default/x24z7xj9bdgevb4uu8k9ujt7k
[2025-10-29 17:10:56] SUCCESS: Build completed for 7535869
