=== Docker Build Log for ec8ddab12364323c97d4e36459174f0d ===
Started at: Mi 29. Okt 20:54:21 CET 2025

[2025-10-29 20:54:21] START: Building image for ec8ddab12364323c97d4e36459174f0d
#0 building with "default" instance using docker driver

#1 [internal] load build definition from Dockerfile
#1 transferring dockerfile: 221B done
#1 DONE 0.0s

#2 [internal] load metadata for docker.io/library/python:3.11
#2 DONE 0.0s

#3 [internal] load .dockerignore
#3 transferring context: 2B done
#3 DONE 0.0s

#4 [internal] load build context
#4 transferring context: 2.27kB 0.0s done
#4 DONE 0.0s

#5 [1/4] FROM docker.io/library/python:3.11
#5 CACHED

#6 [2/4] COPY hard-gists/ec8ddab12364323c97d4e36459174f0d/snippet.py /snippet.py
#6 DONE 0.1s

#7 [3/4] RUN ["pip","install","tuling"]
#7 1.976 Collecting tuling
#7 2.185   Downloading tuling-1.2-py3-none-any.whl.metadata (529 bytes)
#7 2.383 Downloading tuling-1.2-py3-none-any.whl (6.7 kB)
#7 2.433 Installing collected packages: tuling
#7 2.448 Successfully installed tuling-1.2
#7 2.448 WARNING: Running pip as the 'root' user can result in broken permissions and conflicting behaviour with the system package manager. It is recommended to use a virtual environment instead: https://pip.pypa.io/warnings/venv
#7 2.550 
#7 2.550 [notice] A new release of pip is available: 24.0 -> 25.3
#7 2.550 [notice] To update, run: pip install --upgrade pip
#7 DONE 2.7s

#8 [4/4] RUN ["pip","install","itchat"]
#8 0.661 Collecting itchat
#8 0.800   Downloading itchat-1.3.10-py2.py3-none-any.whl.metadata (8.7 kB)
#8 0.866 Collecting requests (from itchat)
#8 0.876   Downloading requests-2.32.5-py3-none-any.whl.metadata (4.9 kB)
#8 0.915 Collecting pyqrcode (from itchat)
#8 0.928   Downloading PyQRCode-1.2.1.zip (41 kB)
#8 0.951      ━━━━━━━━━━━━━━━━━━━━━━━━━━━━━━━━━━━━━━━━ 41.9/41.9 kB 1.7 MB/s eta 0:00:00
#8 0.954   Preparing metadata (setup.py): started
#8 1.415   Preparing metadata (setup.py): finished with status 'done'
#8 1.447 Collecting pypng (from itchat)
#8 1.459   Downloading pypng-0.20220715.0-py3-none-any.whl.metadata (13 kB)
#8 1.582 Collecting charset_normalizer<4,>=2 (from requests->itchat)
#8 1.591   Downloading charset_normalizer-3.4.4-cp311-cp311-manylinux2014_x86_64.manylinux_2_17_x86_64.manylinux_2_28_x86_64.whl.metadata (37 kB)
#8 1.636 Collecting idna<4,>=2.5 (from requests->itchat)
#8 1.645   Downloading idna-3.11-py3-none-any.whl.metadata (8.4 kB)
#8 1.705 Collecting urllib3<3,>=1.21.1 (from requests->itchat)
#8 1.717   Downloading urllib3-2.5.0-py3-none-any.whl.metadata (6.5 kB)
#8 1.762 Collecting certifi>=2017.4.17 (from requests->itchat)
#8 1.772   Downloading certifi-2025.10.5-py3-none-any.whl.metadata (2.5 kB)
#8 1.900 Downloading itchat-1.3.10-py2.py3-none-any.whl (39 kB)
#8 1.930 Downloading pypng-0.20220715.0-py3-none-any.whl (58 kB)
#8 1.943    ━━━━━━━━━━━━━━━━━━━━━━━━━━━━━━━━━━━━━━━━ 58.1/58.1 kB 4.2 MB/s eta 0:00:00
#8 1.954 Downloading requests-2.32.5-py3-none-any.whl (64 kB)
#8 1.965    ━━━━━━━━━━━━━━━━━━━━━━━━━━━━━━━━━━━━━━━━ 64.7/64.7 kB 6.1 MB/s eta 0:00:00
#8 1.974 Downloading certifi-2025.10.5-py3-none-any.whl (163 kB)
#8 1.999    ━━━━━━━━━━━━━━━━━━━━━━━━━━━━━━━━━━━━━━━━ 163.3/163.3 kB 6.6 MB/s eta 0:00:00
#8 2.010 Downloading charset_normalizer-3.4.4-cp311-cp311-manylinux2014_x86_64.manylinux_2_17_x86_64.manylinux_2_28_x86_64.whl (151 kB)
#8 2.032    ━━━━━━━━━━━━━━━━━━━━━━━━━━━━━━━━━━━━━━━━ 151.6/151.6 kB 7.3 MB/s eta 0:00:00
#8 2.039 Downloading idna-3.11-py3-none-any.whl (71 kB)
#8 2.060    ━━━━━━━━━━━━━━━━━━━━━━━━━━━━━━━━━━━━━━━━ 71.0/71.0 kB 3.2 MB/s eta 0:00:00
#8 2.069 Downloading urllib3-2.5.0-py3-none-any.whl (129 kB)
#8 2.084    ━━━━━━━━━━━━━━━━━━━━━━━━━━━━━━━━━━━━━━━━ 129.8/129.8 kB 8.6 MB/s eta 0:00:00
#8 2.091 Building wheels for collected packages: pyqrcode
#8 2.092   Building wheel for pyqrcode (setup.py): started
#8 2.253   Building wheel for pyqrcode (setup.py): finished with status 'done'
#8 2.254   Created wheel for pyqrcode: filename=pyqrcode-1.2.1-py3-none-any.whl size=36267 sha256=529fdb74872a4b2319c84b55bc3c880d48294cfe4eef9a5fd865f045e827fa83
#8 2.254   Stored in directory: /root/.cache/pip/wheels/f5/db/22/ade11e0c0854d1bb2fcc673dc90f6495ee2c0d2b6eb41492e3
#8 2.255 Successfully built pyqrcode
#8 2.297 Installing collected packages: pyqrcode, pypng, urllib3, idna, charset_normalizer, certifi, requests, itchat
#8 2.598 Successfully installed certifi-2025.10.5 charset_normalizer-3.4.4 idna-3.11 itchat-1.3.10 pypng-0.20220715.0 pyqrcode-1.2.1 requests-2.32.5 urllib3-2.5.0
#8 2.598 WARNING: Running pip as the 'root' user can result in broken permissions and conflicting behaviour with the system package manager. It is recommended to use a virtual environment instead: https://pip.pypa.io/warnings/venv
#8 2.603 
#8 2.603 [notice] A new release of pip is available: 24.0 -> 25.3
#8 2.603 [notice] To update, run: pip install --upgrade pip
#8 DONE 2.7s

#9 exporting to image
#9 exporting layers 0.1s done
#9 writing image sha256:6ccf06ae519a1acf553528f1404cfc72dcb959fbd987bde1b6997097cd8771a3 done
#9 naming to docker.io/library/test-image-ec8ddab12364323c97d4e36459174f0d done
#9 DONE 0.2s

View build details: docker-desktop://dashboard/build/default/default/snua8b7z5e93gwpbsvegeiq33
[2025-10-29 20:54:27] SUCCESS: Build completed for ec8ddab12364323c97d4e36459174f0d
