=== Docker Build Log for fcb9409ef1c1835fa5fb25a860991751 ===
Started at: Mi 29. Okt 21:42:07 CET 2025

[2025-10-29 21:42:07] START: Building image for fcb9409ef1c1835fa5fb25a860991751
#0 building with "default" instance using docker driver

#1 [internal] load build definition from Dockerfile
#1 transferring dockerfile: 219B done
#1 DONE 0.0s

#2 [internal] load metadata for docker.io/library/python:3.11
#2 DONE 0.0s

#3 [internal] load .dockerignore
#3 transferring context: 2B done
#3 DONE 0.0s

#4 [internal] load build context
#4 transferring context: 1.98kB 0.0s done
#4 DONE 0.0s

#5 [1/4] FROM docker.io/library/python:3.11
#5 CACHED

#6 [2/4] COPY hard-gists/fcb9409ef1c1835fa5fb25a860991751/snippet.py /snippet.py
#6 DONE 0.1s

#7 [3/4] RUN ["pip","install","machine"]
#7 1.878 Collecting machine
#7 2.025   Downloading machine-0.0.1-py2.py3-none-any.whl.metadata (2.0 kB)
#7 2.075 Collecting pycrypto (from machine)
#7 2.186   Downloading pycrypto-2.6.1.tar.gz (446 kB)
#7 2.246      ━━━━━━━━━━━━━━━━━━━━━━━━━━━━━━━━━━━━━━━ 446.2/446.2 kB 7.7 MB/s eta 0:00:00
#7 2.279   Preparing metadata (setup.py): started
#7 2.660   Preparing metadata (setup.py): finished with status 'done'
#7 2.671 Downloading machine-0.0.1-py2.py3-none-any.whl (4.2 kB)
#7 2.690 Building wheels for collected packages: pycrypto
#7 2.690   Building wheel for pycrypto (setup.py): started
#7 4.018   Building wheel for pycrypto (setup.py): finished with status 'error'
#7 4.025   error: subprocess-exited-with-error
#7 4.025   
#7 4.025   × python setup.py bdist_wheel did not run successfully.
#7 4.025   │ exit code: 1
#7 4.025   ╰─> [84 lines of output]
#7 4.025       /usr/local/lib/python3.11/site-packages/setuptools/dist.py:759: SetuptoolsDeprecationWarning: License classifiers are deprecated.
#7 4.025       !!
#7 4.025       
#7 4.025               ********************************************************************************
#7 4.025               Please consider removing the following classifiers in favor of a SPDX license expression:
#7 4.025       
#7 4.025               License :: Public Domain
#7 4.025       
#7 4.025               See https://packaging.python.org/en/latest/guides/writing-pyproject-toml/#license for details.
#7 4.025               ********************************************************************************
#7 4.025       
#7 4.025       !!
#7 4.025         self._finalize_license_expression()
#7 4.025       checking for gcc... gcc
#7 4.025       checking whether the C compiler works... yes
#7 4.025       checking for C compiler default output file name... a.out
#7 4.025       checking for suffix of executables...
#7 4.025       checking whether we are cross compiling... no
#7 4.025       checking for suffix of object files... o
#7 4.025       checking whether we are using the GNU C compiler... yes
#7 4.025       checking whether gcc accepts -g... yes
#7 4.025       checking for gcc option to accept ISO C89... none needed
#7 4.025       checking for __gmpz_init in -lgmp... yes
#7 4.025       checking for __gmpz_init in -lmpir... no
#7 4.025       checking whether mpz_powm is declared... yes
#7 4.025       checking whether mpz_powm_sec is declared... yes
#7 4.025       checking how to run the C preprocessor... gcc -E
#7 4.025       checking for grep that handles long lines and -e... /usr/bin/grep
#7 4.025       checking for egrep... /usr/bin/grep -E
#7 4.025       checking for ANSI C header files... yes
#7 4.025       checking for sys/types.h... yes
#7 4.025       checking for sys/stat.h... yes
#7 4.025       checking for stdlib.h... yes
#7 4.025       checking for string.h... yes
#7 4.025       checking for memory.h... yes
#7 4.025       checking for strings.h... yes
#7 4.025       checking for inttypes.h... yes
#7 4.025       checking for stdint.h... yes
#7 4.025       checking for unistd.h... yes
#7 4.025       checking for inttypes.h... (cached) yes
#7 4.025       checking limits.h usability... yes
#7 4.025       checking limits.h presence... yes
#7 4.025       checking for limits.h... yes
#7 4.025       checking stddef.h usability... yes
#7 4.025       checking stddef.h presence... yes
#7 4.025       checking for stddef.h... yes
#7 4.025       checking for stdint.h... (cached) yes
#7 4.025       checking for stdlib.h... (cached) yes
#7 4.025       checking for string.h... (cached) yes
#7 4.025       checking wchar.h usability... yes
#7 4.025       checking wchar.h presence... yes
#7 4.025       checking for wchar.h... yes
#7 4.025       checking for inline... inline
#7 4.025       checking for int16_t... yes
#7 4.025       checking for int32_t... yes
#7 4.025       checking for int64_t... yes
#7 4.025       checking for int8_t... yes
#7 4.025       checking for size_t... yes
#7 4.025       checking for uint16_t... yes
#7 4.025       checking for uint32_t... yes
#7 4.025       checking for uint64_t... yes
#7 4.025       checking for uint8_t... yes
#7 4.025       checking for stdlib.h... (cached) yes
#7 4.025       checking for GNU libc compatible malloc... yes
#7 4.025       checking for memmove... yes
#7 4.025       checking for memset... yes
#7 4.025       configure: creating ./config.status
#7 4.025       config.status: creating src/config.h
#7 4.025       In file included from /usr/local/include/python3.11/Python.h:87,
#7 4.025                        from src/_fastmath.c:31:
#7 4.025       /usr/local/include/python3.11/cpython/pytime.h:208:60: warning: ‘struct timespec’ declared inside parameter list will not be visible outside of this definition or declaration
#7 4.025         208 | PyAPI_FUNC(int) _PyTime_FromTimespec(_PyTime_t *tp, struct timespec *ts);
#7 4.025             |                                                            ^~~~~~~~
#7 4.025       /usr/local/include/python3.11/cpython/pytime.h:213:56: warning: ‘struct timespec’ declared inside parameter list will not be visible outside of this definition or declaration
#7 4.025         213 | PyAPI_FUNC(int) _PyTime_AsTimespec(_PyTime_t t, struct timespec *ts);
#7 4.025             |                                                        ^~~~~~~~
#7 4.025       /usr/local/include/python3.11/cpython/pytime.h:217:63: warning: ‘struct timespec’ declared inside parameter list will not be visible outside of this definition or declaration
#7 4.025         217 | PyAPI_FUNC(void) _PyTime_AsTimespec_clamp(_PyTime_t t, struct timespec *ts);
#7 4.025             |                                                               ^~~~~~~~
#7 4.025       src/_fastmath.c:33:10: fatal error: longintrepr.h: No such file or directory
#7 4.025          33 | #include <longintrepr.h>                                /* for conversions */
#7 4.025             |          ^~~~~~~~~~~~~~~
#7 4.025       compilation terminated.
#7 4.025       error: command '/usr/bin/gcc' failed with exit code 1
#7 4.025       [end of output]
#7 4.025   
#7 4.025   note: This error originates from a subprocess, and is likely not a problem with pip.
#7 4.025   ERROR: Failed building wheel for pycrypto
#7 4.025   Running setup.py clean for pycrypto
#7 4.138 Failed to build pycrypto
#7 4.139 ERROR: Could not build wheels for pycrypto, which is required to install pyproject.toml-based projects
#7 4.258 
#7 4.258 [notice] A new release of pip is available: 24.0 -> 25.3
#7 4.258 [notice] To update, run: pip install --upgrade pip
#7 ERROR: process "pip install machine" did not complete successfully: exit code: 1
------
 > [3/4] RUN ["pip","install","machine"]:
4.025       [end of output]
4.025   
4.025   note: This error originates from a subprocess, and is likely not a problem with pip.
4.025   ERROR: Failed building wheel for pycrypto
4.025   Running setup.py clean for pycrypto
4.138 Failed to build pycrypto
4.139 ERROR: Could not build wheels for pycrypto, which is required to install pyproject.toml-based projects
4.258 
4.258 [notice] A new release of pip is available: 24.0 -> 25.3
4.258 [notice] To update, run: pip install --upgrade pip
------
Dockerfile:3
--------------------
   1 |     FROM python:3.11
   2 |     COPY hard-gists/fcb9409ef1c1835fa5fb25a860991751/snippet.py /snippet.py
   3 | >>> RUN ["pip","install","machine"]
   4 |     RUN ["pip","install","ure"]
   5 |     CMD ["python3","/snippet.py"]
--------------------
ERROR: failed to build: failed to solve: process "pip install machine" did not complete successfully: exit code: 1

View build details: docker-desktop://dashboard/build/default/default/io32hre8lw6on0fouigf29evp
[2025-10-29 21:42:12] ERROR: Build failed for fcb9409ef1c1835fa5fb25a860991751
