=== Docker Build Log for 2e11b48f431c53b101db6cb817b2fc7f ===
Started at: Mi 29. Okt 13:26:50 CET 2025

[2025-10-29 13:26:50] START: Building image for 2e11b48f431c53b101db6cb817b2fc7f
#0 building with "default" instance using docker driver

#1 [internal] load build definition from Dockerfile
#1 transferring dockerfile: 261B done
#1 DONE 0.0s

#2 [internal] load metadata for docker.io/library/python:3.11
#2 DONE 0.0s

#3 [internal] load .dockerignore
#3 transferring context: 2B done
#3 DONE 0.0s

#4 [internal] load build context
#4 transferring context: 601B 0.0s done
#4 DONE 0.0s

#5 [1/5] FROM docker.io/library/python:3.11
#5 CACHED

#6 [2/5] COPY hard-gists/2e11b48f431c53b101db6cb817b2fc7f/snippet.py /snippet.py
#6 DONE 0.1s

#7 [3/5] RUN ["pip","install","dj.choices"]
#7 1.857 Collecting dj.choices
#7 1.896   Downloading dj.choices-0.11.0.tar.gz (28 kB)
#7 1.913   Preparing metadata (setup.py): started
#7 2.291   Preparing metadata (setup.py): finished with status 'done'
#7 2.389 Collecting django (from dj.choices)
#7 2.399   Downloading django-5.2.7-py3-none-any.whl.metadata (4.1 kB)
#7 2.436 Collecting six (from dj.choices)
#7 2.444   Downloading six-1.17.0-py2.py3-none-any.whl.metadata (1.7 kB)
#7 2.490 Collecting asgiref>=3.8.1 (from django->dj.choices)
#7 2.498   Downloading asgiref-3.10.0-py3-none-any.whl.metadata (9.3 kB)
#7 2.539 Collecting sqlparse>=0.3.1 (from django->dj.choices)
#7 2.547   Downloading sqlparse-0.5.3-py3-none-any.whl.metadata (3.9 kB)
#7 2.572 Downloading django-5.2.7-py3-none-any.whl (8.3 MB)
#7 3.006    ━━━━━━━━━━━━━━━━━━━━━━━━━━━━━━━━━━━━━━━━ 8.3/8.3 MB 19.2 MB/s eta 0:00:00
#7 3.015 Downloading six-1.17.0-py2.py3-none-any.whl (11 kB)
#7 3.033 Downloading asgiref-3.10.0-py3-none-any.whl (24 kB)
#7 3.050 Downloading sqlparse-0.5.3-py3-none-any.whl (44 kB)
#7 3.060    ━━━━━━━━━━━━━━━━━━━━━━━━━━━━━━━━━━━━━━━━ 44.4/44.4 kB 3.8 MB/s eta 0:00:00
#7 3.096 Building wheels for collected packages: dj.choices
#7 3.097   Building wheel for dj.choices (setup.py): started
#7 3.274   Building wheel for dj.choices (setup.py): finished with status 'done'
#7 3.275   Created wheel for dj.choices: filename=dj_choices-0.11.0-py3-none-any.whl size=28716 sha256=12112cab78f036e6071fca2a9b969993ff68e195afd52516129a755f795ca327
#7 3.275   Stored in directory: /root/.cache/pip/wheels/97/38/bd/4ca089ff8ffdead6a07e7af033d36d74a01ab7a37e70797942
#7 3.277 Successfully built dj.choices
#7 3.322 Installing collected packages: sqlparse, six, asgiref, django, dj.choices
#7 4.772 Successfully installed asgiref-3.10.0 dj.choices-0.11.0 django-5.2.7 six-1.17.0 sqlparse-0.5.3
#7 4.773 WARNING: Running pip as the 'root' user can result in broken permissions and conflicting behaviour with the system package manager. It is recommended to use a virtual environment instead: https://pip.pypa.io/warnings/venv
#7 4.862 
#7 4.862 [notice] A new release of pip is available: 24.0 -> 25.3
#7 4.862 [notice] To update, run: pip install --upgrade pip
#7 DONE 5.3s

#8 [4/5] RUN ["pip","install","Django"]
#8 0.430 Requirement already satisfied: Django in /usr/local/lib/python3.11/site-packages (5.2.7)
#8 0.433 Requirement already satisfied: asgiref>=3.8.1 in /usr/local/lib/python3.11/site-packages (from Django) (3.10.0)
#8 0.434 Requirement already satisfied: sqlparse>=0.3.1 in /usr/local/lib/python3.11/site-packages (from Django) (0.5.3)
#8 0.474 WARNING: Running pip as the 'root' user can result in broken permissions and conflicting behaviour with the system package manager. It is recommended to use a virtual environment instead: https://pip.pypa.io/warnings/venv
#8 0.478 
#8 0.478 [notice] A new release of pip is available: 24.0 -> 25.3
#8 0.478 [notice] To update, run: pip install --upgrade pip
#8 DONE 0.6s

#9 [5/5] RUN ["pip","install","django-test"]
#9 0.515 Collecting django-test
#9 0.549   Downloading django-test-0.4030.tar.gz (14 kB)
#9 0.564   Preparing metadata (setup.py): started
#9 0.674   Preparing metadata (setup.py): finished with status 'done'
#9 0.675 Building wheels for collected packages: django-test
#9 0.680   Building wheel for django-test (setup.py): started
#9 0.819   Building wheel for django-test (setup.py): finished with status 'done'
#9 0.820   Created wheel for django-test: filename=django_test-0.4030-py3-none-any.whl size=20059 sha256=ff7bac0430eda36e024e8dd62f2d4fbdc2132175e70569946aa3e976b6b1ce07
#9 0.820   Stored in directory: /root/.cache/pip/wheels/32/43/47/2b13af766421220aa069444e648bdae66bc3dbe5e5fbfdc94f
#9 0.822 Successfully built django-test
#9 0.857 Installing collected packages: django-test
#9 0.901 Successfully installed django-test-0.4030
#9 0.901 WARNING: Running pip as the 'root' user can result in broken permissions and conflicting behaviour with the system package manager. It is recommended to use a virtual environment instead: https://pip.pypa.io/warnings/venv
#9 0.906 
#9 0.906 [notice] A new release of pip is available: 24.0 -> 25.3
#9 0.906 [notice] To update, run: pip install --upgrade pip
#9 DONE 1.0s

#10 exporting to image
#10 exporting layers
#10 exporting layers 0.6s done
#10 writing image sha256:075e617f729a54da2bda5dad4d777197cf18e18779bc8273e86dd24a0a6b52cb done
#10 naming to docker.io/library/test-image-2e11b48f431c53b101db6cb817b2fc7f done
#10 DONE 0.6s

View build details: docker-desktop://dashboard/build/default/default/nz3u67e32py2qvvmzds910jft
[2025-10-29 13:26:57] SUCCESS: Build completed for 2e11b48f431c53b101db6cb817b2fc7f
