=== Docker Build Log for 1323194 ===
Started at: Mi 29. Okt 12:07:09 CET 2025

[2025-10-29 12:07:09] START: Building image for 1323194
#0 building with "default" instance using docker driver

#1 [internal] load build definition from Dockerfile
#1 transferring dockerfile: 132B done
#1 DONE 0.0s

#2 [internal] load metadata for docker.io/library/python:3.11
#2 DONE 0.0s

#3 [internal] load .dockerignore
#3 transferring context: 2B done
#3 DONE 0.0s

#4 [internal] load build context
#4 transferring context: 915B 0.0s done
#4 DONE 0.0s

#5 [1/2] FROM docker.io/library/python:3.11
#5 CACHED

#6 [2/2] COPY hard-gists/1323194/snippet.py /snippet.py
#6 DONE 0.1s

#7 exporting to image
#7 exporting layers 0.0s done
#7 writing image sha256:ef06a8633e2a5e7da8761c433d5147fbe827ae33466140a42b6340aeb5d5dd6b done
#7 naming to docker.io/library/test-image-1323194 done
#7 DONE 0.1s

View build details: docker-desktop://dashboard/build/default/default/cpwchya9ds4t2x3s4i4rxfcxs
[2025-10-29 12:07:10] SUCCESS: Build completed for 1323194
