=== Docker Build Log for cadedd0dd0d4c966462b ===
Started at: Mi 29. Okt 20:16:43 CET 2025

[2025-10-29 20:16:43] START: Building image for cadedd0dd0d4c966462b
#0 building with "default" instance using docker driver

#1 [internal] load build definition from Dockerfile
#1 transferring dockerfile: 334B done
#1 DONE 0.0s

#2 [internal] load metadata for docker.io/library/python:3.11
#2 DONE 0.0s

#3 [internal] load .dockerignore
#3 transferring context: 2B done
#3 DONE 0.0s

#4 [internal] load build context
#4 transferring context: 2.00kB 0.0s done
#4 DONE 0.0s

#5 [1/8] FROM docker.io/library/python:3.11
#5 CACHED

#6 [2/8] COPY hard-gists/cadedd0dd0d4c966462b/snippet.py /snippet.py
#6 DONE 0.1s

#7 [3/8] RUN ["pip","install","six"]
#7 2.033 Collecting six
#7 2.067   Downloading six-1.17.0-py2.py3-none-any.whl.metadata (1.7 kB)
#7 2.086 Downloading six-1.17.0-py2.py3-none-any.whl (11 kB)
#7 2.131 Installing collected packages: six
#7 2.149 Successfully installed six-1.17.0
#7 2.149 WARNING: Running pip as the 'root' user can result in broken permissions and conflicting behaviour with the system package manager. It is recommended to use a virtual environment instead: https://pip.pypa.io/warnings/venv
#7 2.238 
#7 2.238 [notice] A new release of pip is available: 24.0 -> 25.3
#7 2.238 [notice] To update, run: pip install --upgrade pip
#7 DONE 2.4s

#8 [4/8] RUN ["pip","install","pytest"]
#8 0.561 Collecting pytest
#8 0.593   Downloading pytest-8.4.2-py3-none-any.whl.metadata (7.7 kB)
#8 0.635 Collecting iniconfig>=1 (from pytest)
#8 0.643   Downloading iniconfig-2.3.0-py3-none-any.whl.metadata (2.5 kB)
#8 0.694 Collecting packaging>=20 (from pytest)
#8 0.703   Downloading packaging-25.0-py3-none-any.whl.metadata (3.3 kB)
#8 0.745 Collecting pluggy<2,>=1.5 (from pytest)
#8 0.754   Downloading pluggy-1.6.0-py3-none-any.whl.metadata (4.8 kB)
#8 0.799 Collecting pygments>=2.7.2 (from pytest)
#8 0.807   Downloading pygments-2.19.2-py3-none-any.whl.metadata (2.5 kB)
#8 0.837 Downloading pytest-8.4.2-py3-none-any.whl (365 kB)
#8 0.881    ━━━━━━━━━━━━━━━━━━━━━━━━━━━━━━━━━━━━━━━━ 365.8/365.8 kB 8.6 MB/s eta 0:00:00
#8 0.889 Downloading iniconfig-2.3.0-py3-none-any.whl (7.5 kB)
#8 0.910 Downloading packaging-25.0-py3-none-any.whl (66 kB)
#8 0.923    ━━━━━━━━━━━━━━━━━━━━━━━━━━━━━━━━━━━━━━━━ 66.5/66.5 kB 5.0 MB/s eta 0:00:00
#8 0.930 Downloading pluggy-1.6.0-py3-none-any.whl (20 kB)
#8 0.948 Downloading pygments-2.19.2-py3-none-any.whl (1.2 MB)
#8 0.998    ━━━━━━━━━━━━━━━━━━━━━━━━━━━━━━━━━━━━━━━━ 1.2/1.2 MB 25.1 MB/s eta 0:00:00
#8 1.047 Installing collected packages: pygments, pluggy, packaging, iniconfig, pytest
#8 1.759 Successfully installed iniconfig-2.3.0 packaging-25.0 pluggy-1.6.0 pygments-2.19.2 pytest-8.4.2
#8 1.759 WARNING: Running pip as the 'root' user can result in broken permissions and conflicting behaviour with the system package manager. It is recommended to use a virtual environment instead: https://pip.pypa.io/warnings/venv
#8 1.764 
#8 1.764 [notice] A new release of pip is available: 24.0 -> 25.3
#8 1.764 [notice] To update, run: pip install --upgrade pip
#8 DONE 1.9s

#9 [5/8] RUN ["pip","install","py"]
#9 0.526 Collecting py
#9 0.566   Downloading py-1.11.0-py2.py3-none-any.whl.metadata (2.8 kB)
#9 0.592 Downloading py-1.11.0-py2.py3-none-any.whl (98 kB)
#9 0.626    ━━━━━━━━━━━━━━━━━━━━━━━━━━━━━━━━━━━━━━━━ 98.7/98.7 kB 2.8 MB/s eta 0:00:00
#9 0.670 Installing collected packages: py
#9 0.749 Successfully installed py-1.11.0
#9 0.750 WARNING: Running pip as the 'root' user can result in broken permissions and conflicting behaviour with the system package manager. It is recommended to use a virtual environment instead: https://pip.pypa.io/warnings/venv
#9 0.755 
#9 0.755 [notice] A new release of pip is available: 24.0 -> 25.3
#9 0.755 [notice] To update, run: pip install --upgrade pip
#9 DONE 0.8s

#10 [6/8] RUN ["pip","install","pychrome"]
#10 0.513 Collecting pychrome
#10 0.691   Downloading pychrome-0.2.4-py2.py3-none-any.whl.metadata (4.3 kB)
#10 0.753 Collecting click>=6.0 (from pychrome)
#10 0.762   Downloading click-8.3.0-py3-none-any.whl.metadata (2.6 kB)
#10 0.819 Collecting websocket-client>=0.44.0 (from pychrome)
#10 0.829   Downloading websocket_client-1.9.0-py3-none-any.whl.metadata (8.3 kB)
#10 0.890 Collecting requests>=2.13.0 (from pychrome)
#10 0.900   Downloading requests-2.32.5-py3-none-any.whl.metadata (4.9 kB)
#10 1.021 Collecting charset_normalizer<4,>=2 (from requests>=2.13.0->pychrome)
#10 1.029   Downloading charset_normalizer-3.4.4-cp311-cp311-manylinux2014_x86_64.manylinux_2_17_x86_64.manylinux_2_28_x86_64.whl.metadata (37 kB)
#10 1.075 Collecting idna<4,>=2.5 (from requests>=2.13.0->pychrome)
#10 1.086   Downloading idna-3.11-py3-none-any.whl.metadata (8.4 kB)
#10 1.149 Collecting urllib3<3,>=1.21.1 (from requests>=2.13.0->pychrome)
#10 1.158   Downloading urllib3-2.5.0-py3-none-any.whl.metadata (6.5 kB)
#10 1.205 Collecting certifi>=2017.4.17 (from requests>=2.13.0->pychrome)
#10 1.214   Downloading certifi-2025.10.5-py3-none-any.whl.metadata (2.5 kB)
#10 1.246 Downloading pychrome-0.2.4-py2.py3-none-any.whl (8.2 kB)
#10 1.264 Downloading click-8.3.0-py3-none-any.whl (107 kB)
#10 1.284    ━━━━━━━━━━━━━━━━━━━━━━━━━━━━━━━━━━━━━━━━ 107.3/107.3 kB 5.3 MB/s eta 0:00:00
#10 1.293 Downloading requests-2.32.5-py3-none-any.whl (64 kB)
#10 1.317    ━━━━━━━━━━━━━━━━━━━━━━━━━━━━━━━━━━━━━━━━ 64.7/64.7 kB 2.4 MB/s eta 0:00:00
#10 1.326 Downloading websocket_client-1.9.0-py3-none-any.whl (82 kB)
#10 1.337    ━━━━━━━━━━━━━━━━━━━━━━━━━━━━━━━━━━━━━━━━ 82.6/82.6 kB 7.5 MB/s eta 0:00:00
#10 1.345 Downloading certifi-2025.10.5-py3-none-any.whl (163 kB)
#10 1.360    ━━━━━━━━━━━━━━━━━━━━━━━━━━━━━━━━━━━━━━━━ 163.3/163.3 kB 11.8 MB/s eta 0:00:00
#10 1.369 Downloading charset_normalizer-3.4.4-cp311-cp311-manylinux2014_x86_64.manylinux_2_17_x86_64.manylinux_2_28_x86_64.whl (151 kB)
#10 1.384    ━━━━━━━━━━━━━━━━━━━━━━━━━━━━━━━━━━━━━━━━ 151.6/151.6 kB 10.7 MB/s eta 0:00:00
#10 1.393 Downloading idna-3.11-py3-none-any.whl (71 kB)
#10 1.408    ━━━━━━━━━━━━━━━━━━━━━━━━━━━━━━━━━━━━━━━━ 71.0/71.0 kB 4.5 MB/s eta 0:00:00
#10 1.417 Downloading urllib3-2.5.0-py3-none-any.whl (129 kB)
#10 1.430    ━━━━━━━━━━━━━━━━━━━━━━━━━━━━━━━━━━━━━━━━ 129.8/129.8 kB 10.1 MB/s eta 0:00:00
#10 1.494 Installing collected packages: websocket-client, urllib3, idna, click, charset_normalizer, certifi, requests, pychrome
#10 1.860 Successfully installed certifi-2025.10.5 charset_normalizer-3.4.4 click-8.3.0 idna-3.11 pychrome-0.2.4 requests-2.32.5 urllib3-2.5.0 websocket-client-1.9.0
#10 1.861 WARNING: Running pip as the 'root' user can result in broken permissions and conflicting behaviour with the system package manager. It is recommended to use a virtual environment instead: https://pip.pypa.io/warnings/venv
#10 1.866 
#10 1.866 [notice] A new release of pip is available: 24.0 -> 25.3
#10 1.866 [notice] To update, run: pip install --upgrade pip
#10 DONE 2.0s

#11 [7/8] RUN ["pip","install","pychro"]
#11 0.647 Collecting pychro
#11 0.940   Downloading pychro-0.8.9.tar.gz (15 kB)
#11 0.952   Preparing metadata (setup.py): started
#11 1.351   Preparing metadata (setup.py): finished with status 'done'
#11 1.352 Building wheels for collected packages: pychro
#11 1.353   Building wheel for pychro (setup.py): started
#11 1.618   Building wheel for pychro (setup.py): finished with status 'done'
#11 1.619   Created wheel for pychro: filename=pychro-0.8.9-cp311-cp311-linux_x86_64.whl size=19077 sha256=1dd687dbef054e7b7ff25dc9fb10851f99cd25940f0fd757233d958c9d5ad8f5
#11 1.619   Stored in directory: /root/.cache/pip/wheels/2d/8e/dc/5d954c80f5a53e21e86b1d8ad4e24d5082723d1f056fb2a0c8
#11 1.621 Successfully built pychro
#11 1.677 Installing collected packages: pychro
#11 1.699 Successfully installed pychro-0.8.9
#11 1.700 WARNING: Running pip as the 'root' user can result in broken permissions and conflicting behaviour with the system package manager. It is recommended to use a virtual environment instead: https://pip.pypa.io/warnings/venv
#11 1.704 
#11 1.704 [notice] A new release of pip is available: 24.0 -> 25.3
#11 1.704 [notice] To update, run: pip install --upgrade pip
#11 DONE 1.8s

#12 [8/8] RUN ["pip","install","PyChromecast"]
#12 0.764 Collecting PyChromecast
#12 0.901   Downloading pychromecast-14.0.9-py2.py3-none-any.whl.metadata (9.8 kB)
#12 1.114 Collecting protobuf>=4.25.1 (from PyChromecast)
#12 1.123   Downloading protobuf-6.33.0-cp39-abi3-manylinux2014_x86_64.whl.metadata (593 bytes)
#12 1.601 Collecting zeroconf>=0.25.1 (from PyChromecast)
#12 1.614   Downloading zeroconf-0.148.0-cp311-cp311-manylinux2014_x86_64.manylinux_2_17_x86_64.manylinux_2_28_x86_64.whl.metadata (6.3 kB)
#12 1.752 Collecting casttube>=0.2.0 (from PyChromecast)
#12 1.762   Downloading casttube-0.2.1-py3-none-any.whl.metadata (960 bytes)
#12 1.778 Requirement already satisfied: requests in /usr/local/lib/python3.11/site-packages (from casttube>=0.2.0->PyChromecast) (2.32.5)
#12 1.805 Collecting ifaddr>=0.1.7 (from zeroconf>=0.25.1->PyChromecast)
#12 1.816   Downloading ifaddr-0.2.0-py3-none-any.whl.metadata (4.9 kB)
#12 1.836 Requirement already satisfied: charset_normalizer<4,>=2 in /usr/local/lib/python3.11/site-packages (from requests->casttube>=0.2.0->PyChromecast) (3.4.4)
#12 1.837 Requirement already satisfied: idna<4,>=2.5 in /usr/local/lib/python3.11/site-packages (from requests->casttube>=0.2.0->PyChromecast) (3.11)
#12 1.838 Requirement already satisfied: urllib3<3,>=1.21.1 in /usr/local/lib/python3.11/site-packages (from requests->casttube>=0.2.0->PyChromecast) (2.5.0)
#12 1.838 Requirement already satisfied: certifi>=2017.4.17 in /usr/local/lib/python3.11/site-packages (from requests->casttube>=0.2.0->PyChromecast) (2025.10.5)
#12 1.858 Downloading pychromecast-14.0.9-py2.py3-none-any.whl (77 kB)
#12 1.885    ━━━━━━━━━━━━━━━━━━━━━━━━━━━━━━━━━━━━━━━━ 77.4/77.4 kB 3.3 MB/s eta 0:00:00
#12 1.895 Downloading casttube-0.2.1-py3-none-any.whl (6.5 kB)
#12 1.915 Downloading protobuf-6.33.0-cp39-abi3-manylinux2014_x86_64.whl (323 kB)
#12 1.943    ━━━━━━━━━━━━━━━━━━━━━━━━━━━━━━━━━━━━━━━━ 323.2/323.2 kB 12.0 MB/s eta 0:00:00
#12 2.095 Downloading zeroconf-0.148.0-cp311-cp311-manylinux2014_x86_64.manylinux_2_17_x86_64.manylinux_2_28_x86_64.whl (2.3 MB)
#12 2.226    ━━━━━━━━━━━━━━━━━━━━━━━━━━━━━━━━━━━━━━━━ 2.3/2.3 MB 17.5 MB/s eta 0:00:00
#12 2.240 Downloading ifaddr-0.2.0-py3-none-any.whl (12 kB)
#12 2.346 Installing collected packages: ifaddr, zeroconf, protobuf, casttube, PyChromecast
#12 2.601 Successfully installed PyChromecast-14.0.9 casttube-0.2.1 ifaddr-0.2.0 protobuf-6.33.0 zeroconf-0.148.0
#12 2.601 WARNING: Running pip as the 'root' user can result in broken permissions and conflicting behaviour with the system package manager. It is recommended to use a virtual environment instead: https://pip.pypa.io/warnings/venv
#12 2.606 
#12 2.606 [notice] A new release of pip is available: 24.0 -> 25.3
#12 2.606 [notice] To update, run: pip install --upgrade pip
#12 DONE 2.8s

#13 exporting to image
#13 exporting layers
#13 exporting layers 0.2s done
#13 writing image sha256:83aee221a2c61976cf2738de422c927da4065bcce3c3e9e6c537392e077a2c7e done
#13 naming to docker.io/library/test-image-cadedd0dd0d4c966462b done
#13 DONE 0.3s

View build details: docker-desktop://dashboard/build/default/default/9r7akfj4ghzl652wt23v9vork
[2025-10-29 20:16:56] SUCCESS: Build completed for cadedd0dd0d4c966462b
