=== Docker Build Log for 3042651 ===
Started at: Mi 29. Okt 13:38:50 CET 2025

[2025-10-29 13:38:50] START: Building image for 3042651
#0 building with "default" instance using docker driver

#1 [internal] load build definition from Dockerfile
#1 transferring dockerfile: 200B done
#1 DONE 0.0s

#2 [internal] load metadata for docker.io/library/python:3.11
#2 DONE 0.0s

#3 [internal] load .dockerignore
#3 transferring context: 2B done
#3 DONE 0.0s

#4 [internal] load build context
#4 transferring context: 1.56kB 0.0s done
#4 DONE 0.0s

#5 [1/4] FROM docker.io/library/python:3.11
#5 CACHED

#6 [2/4] COPY hard-gists/3042651/snippet.py /snippet.py
#6 DONE 0.1s

#7 [3/4] RUN ["pip","install","dj.choices"]
#7 1.892 Collecting dj.choices
#7 1.936   Downloading dj.choices-0.11.0.tar.gz (28 kB)
#7 1.952   Preparing metadata (setup.py): started
#7 2.338   Preparing metadata (setup.py): finished with status 'done'
#7 2.437 Collecting django (from dj.choices)
#7 2.446   Downloading django-5.2.7-py3-none-any.whl.metadata (4.1 kB)
#7 2.484 Collecting six (from dj.choices)
#7 2.492   Downloading six-1.17.0-py2.py3-none-any.whl.metadata (1.7 kB)
#7 2.538 Collecting asgiref>=3.8.1 (from django->dj.choices)
#7 2.546   Downloading asgiref-3.10.0-py3-none-any.whl.metadata (9.3 kB)
#7 2.583 Collecting sqlparse>=0.3.1 (from django->dj.choices)
#7 2.591   Downloading sqlparse-0.5.3-py3-none-any.whl.metadata (3.9 kB)
#7 2.618 Downloading django-5.2.7-py3-none-any.whl (8.3 MB)
#7 2.961    ━━━━━━━━━━━━━━━━━━━━━━━━━━━━━━━━━━━━━━━━ 8.3/8.3 MB 24.4 MB/s eta 0:00:00
#7 2.969 Downloading six-1.17.0-py2.py3-none-any.whl (11 kB)
#7 2.990 Downloading asgiref-3.10.0-py3-none-any.whl (24 kB)
#7 3.009 Downloading sqlparse-0.5.3-py3-none-any.whl (44 kB)
#7 3.020    ━━━━━━━━━━━━━━━━━━━━━━━━━━━━━━━━━━━━━━━━ 44.4/44.4 kB 3.6 MB/s eta 0:00:00
#7 3.056 Building wheels for collected packages: dj.choices
#7 3.056   Building wheel for dj.choices (setup.py): started
#7 3.218   Building wheel for dj.choices (setup.py): finished with status 'done'
#7 3.219   Created wheel for dj.choices: filename=dj_choices-0.11.0-py3-none-any.whl size=28716 sha256=939cad14b2811ce5c0f5a678aa0dea04869b1eaf35bdd3875e5cbbd8be7fe528
#7 3.219   Stored in directory: /root/.cache/pip/wheels/97/38/bd/4ca089ff8ffdead6a07e7af033d36d74a01ab7a37e70797942
#7 3.221 Successfully built dj.choices
#7 3.267 Installing collected packages: sqlparse, six, asgiref, django, dj.choices
#7 4.641 Successfully installed asgiref-3.10.0 dj.choices-0.11.0 django-5.2.7 six-1.17.0 sqlparse-0.5.3
#7 4.641 WARNING: Running pip as the 'root' user can result in broken permissions and conflicting behaviour with the system package manager. It is recommended to use a virtual environment instead: https://pip.pypa.io/warnings/venv
#7 4.726 
#7 4.726 [notice] A new release of pip is available: 24.0 -> 25.3
#7 4.726 [notice] To update, run: pip install --upgrade pip
#7 DONE 5.2s

#8 [4/4] RUN ["pip","install","Django"]
#8 0.432 Requirement already satisfied: Django in /usr/local/lib/python3.11/site-packages (5.2.7)
#8 0.435 Requirement already satisfied: asgiref>=3.8.1 in /usr/local/lib/python3.11/site-packages (from Django) (3.10.0)
#8 0.436 Requirement already satisfied: sqlparse>=0.3.1 in /usr/local/lib/python3.11/site-packages (from Django) (0.5.3)
#8 0.477 WARNING: Running pip as the 'root' user can result in broken permissions and conflicting behaviour with the system package manager. It is recommended to use a virtual environment instead: https://pip.pypa.io/warnings/venv
#8 0.482 
#8 0.482 [notice] A new release of pip is available: 24.0 -> 25.3
#8 0.482 [notice] To update, run: pip install --upgrade pip
#8 DONE 0.6s

#9 exporting to image
#9 exporting layers
#9 exporting layers 0.6s done
#9 writing image sha256:18cf90e95379ea07e86e8315509cbf43e2797fafa480d5fb9116a8d395398c3a done
#9 naming to docker.io/library/test-image-3042651 0.0s done
#9 DONE 0.6s

View build details: docker-desktop://dashboard/build/default/default/j4ztv4as8hwr9fqlt8wroefbj
[2025-10-29 13:38:56] SUCCESS: Build completed for 3042651
