=== Docker Run Log for acaaf10e9649bfd1863b ===
Started at: Mi 29. Okt 19:14:04 CET 2025

[2025-10-29 19:14:11] START: Running container for acaaf10e9649bfd1863b
[2025-10-29 19:14:11] SUCCESS: Container 6aa0e1fe3d8159e43e10c5890a9d46dc79de33a14f3b8e1ca5dbc69d3a0e812f started for acaaf10e9649bfd1863b
=== Container logs for acaaf10e9649bfd1863b ===
Traceback (most recent call last):
  File "/snippet.py", line 2, in <module>
    from django.contrib.auth import backends, get_user_model
  File "/usr/local/lib/python3.11/site-packages/django/contrib/auth/backends.py", line 4, in <module>
    from django.contrib.auth.models import Permission
  File "/usr/local/lib/python3.11/site-packages/django/contrib/auth/models.py", line 5, in <module>
    from django.contrib.auth.base_user import AbstractBaseUser, BaseUserManager
  File "/usr/local/lib/python3.11/site-packages/django/contrib/auth/base_user.py", line 43, in <module>
    class AbstractBaseUser(models.Model):
  File "/usr/local/lib/python3.11/site-packages/django/db/models/base.py", line 131, in __new__
    app_config = apps.get_containing_app_config(module)
                 ^^^^^^^^^^^^^^^^^^^^^^^^^^^^^^^^^^^^^^
  File "/usr/local/lib/python3.11/site-packages/django/apps/registry.py", line 260, in get_containing_app_config
    self.check_apps_ready()
  File "/usr/local/lib/python3.11/site-packages/django/apps/registry.py", line 137, in check_apps_ready
    settings.INSTALLED_APPS
  File "/usr/local/lib/python3.11/site-packages/django/conf/__init__.py", line 81, in __getattr__
    self._setup(name)
  File "/usr/local/lib/python3.11/site-packages/django/conf/__init__.py", line 61, in _setup
    raise ImproperlyConfigured(
django.core.exceptions.ImproperlyConfigured: Requested setting INSTALLED_APPS, but settings are not configured. You must either define the environment variable DJANGO_SETTINGS_MODULE or call settings.configure() before accessing settings.
=== End of logs for acaaf10e9649bfd1863b ===
[2025-10-29 19:14:14] INFO: Container 6aa0e1fe3d8159e43e10c5890a9d46dc79de33a14f3b8e1ca5dbc69d3a0e812f has stopped
