=== Docker Build Log for 2590850 ===
Started at: Mi 29. Okt 13:08:21 CET 2025

[2025-10-29 13:08:21] START: Building image for 2590850
#0 building with "default" instance using docker driver

#1 [internal] load build definition from Dockerfile
#1 transferring dockerfile: 196B done
#1 DONE 0.1s

#2 [internal] load metadata for docker.io/library/python:3.11
#2 DONE 0.0s

#3 [internal] load .dockerignore
#3 transferring context: 2B done
#3 DONE 0.0s

#4 [1/4] FROM docker.io/library/python:3.11
#4 DONE 0.0s

#5 [internal] load build context
#5 transferring context: 2.55kB 0.0s done
#5 DONE 0.0s

#4 [1/4] FROM docker.io/library/python:3.11
#4 CACHED

#6 [2/4] COPY hard-gists/2590850/snippet.py /snippet.py
#6 DONE 0.1s

#7 [3/4] RUN ["pip","install","mathutils"]
#7 2.015 Collecting mathutils
#7 2.047   Downloading mathutils-3.3.0.tar.gz (245 kB)
#7 2.081      ━━━━━━━━━━━━━━━━━━━━━━━━━━━━━━━━━━━━━━━ 245.4/245.4 kB 7.5 MB/s eta 0:00:00
#7 2.100   Preparing metadata (setup.py): started
#7 2.480   Preparing metadata (setup.py): finished with status 'done'
#7 2.481 Building wheels for collected packages: mathutils
#7 2.482   Building wheel for mathutils (setup.py): started
#7 10.02   Building wheel for mathutils (setup.py): finished with status 'done'
#7 10.02   Created wheel for mathutils: filename=mathutils-3.3.0-cp311-cp311-linux_x86_64.whl size=714344 sha256=5660e08e0deee4c730f9f3d8d9df18cd6036a3318bde876c89e64dd88234a85c
#7 10.02   Stored in directory: /root/.cache/pip/wheels/49/bb/9e/86bd4d162535e81c0f80c64918acf23d920ed0123430d5b4a0
#7 10.03 Successfully built mathutils
#7 10.06 Installing collected packages: mathutils
#7 10.08 Successfully installed mathutils-3.3.0
#7 10.08 WARNING: Running pip as the 'root' user can result in broken permissions and conflicting behaviour with the system package manager. It is recommended to use a virtual environment instead: https://pip.pypa.io/warnings/venv
#7 10.17 
#7 10.17 [notice] A new release of pip is available: 24.0 -> 25.3
#7 10.17 [notice] To update, run: pip install --upgrade pip
#7 DONE 10.3s

#8 [4/4] RUN ["pip","install","bpy"]
#8 0.532 Collecting bpy
#8 0.570   Downloading bpy-4.5.4-cp311-cp311-manylinux_2_28_x86_64.whl.metadata (2.0 kB)
#8 0.820 Collecting cython (from bpy)
#8 0.832   Downloading cython-3.1.6-cp311-cp311-manylinux2014_x86_64.manylinux_2_17_x86_64.manylinux_2_28_x86_64.whl.metadata (4.0 kB)
#8 1.036 Collecting numpy<2.0,>=1.26 (from bpy)
#8 1.046   Downloading numpy-1.26.4-cp311-cp311-manylinux_2_17_x86_64.manylinux2014_x86_64.whl.metadata (61 kB)
#8 1.074      ━━━━━━━━━━━━━━━━━━━━━━━━━━━━━━━━━━━━━━━━ 61.0/61.0 kB 1.9 MB/s eta 0:00:00
#8 1.125 Collecting requests (from bpy)
#8 1.133   Downloading requests-2.32.5-py3-none-any.whl.metadata (4.9 kB)
#8 1.242 Collecting zstandard (from bpy)
#8 1.252   Downloading zstandard-0.25.0-cp311-cp311-manylinux2014_x86_64.manylinux_2_17_x86_64.whl.metadata (3.3 kB)
#8 1.361 Collecting charset_normalizer<4,>=2 (from requests->bpy)
#8 1.370   Downloading charset_normalizer-3.4.4-cp311-cp311-manylinux2014_x86_64.manylinux_2_17_x86_64.manylinux_2_28_x86_64.whl.metadata (37 kB)
#8 1.411 Collecting idna<4,>=2.5 (from requests->bpy)
#8 1.419   Downloading idna-3.11-py3-none-any.whl.metadata (8.4 kB)
#8 1.480 Collecting urllib3<3,>=1.21.1 (from requests->bpy)
#8 1.489   Downloading urllib3-2.5.0-py3-none-any.whl.metadata (6.5 kB)
#8 1.534 Collecting certifi>=2017.4.17 (from requests->bpy)
#8 1.542   Downloading certifi-2025.10.5-py3-none-any.whl.metadata (2.5 kB)
#8 1.574 Downloading bpy-4.5.4-cp311-cp311-manylinux_2_28_x86_64.whl (373.0 MB)
#8 17.45    ━━━━━━━━━━━━━━━━━━━━━━━━━━━━━━━━━━━━━━━━ 373.0/373.0 MB 2.5 MB/s eta 0:00:00
#8 17.46 Downloading numpy-1.26.4-cp311-cp311-manylinux_2_17_x86_64.manylinux2014_x86_64.whl (18.3 MB)
#8 18.17    ━━━━━━━━━━━━━━━━━━━━━━━━━━━━━━━━━━━━━━━━ 18.3/18.3 MB 22.3 MB/s eta 0:00:00
#8 18.18 Downloading cython-3.1.6-cp311-cp311-manylinux2014_x86_64.manylinux_2_17_x86_64.manylinux_2_28_x86_64.whl (3.3 MB)
#8 18.32    ━━━━━━━━━━━━━━━━━━━━━━━━━━━━━━━━━━━━━━━━ 3.3/3.3 MB 23.4 MB/s eta 0:00:00
#8 18.33 Downloading requests-2.32.5-py3-none-any.whl (64 kB)
#8 18.35    ━━━━━━━━━━━━━━━━━━━━━━━━━━━━━━━━━━━━━━━━ 64.7/64.7 kB 4.7 MB/s eta 0:00:00
#8 18.35 Downloading zstandard-0.25.0-cp311-cp311-manylinux2014_x86_64.manylinux_2_17_x86_64.whl (5.6 MB)
#8 18.57    ━━━━━━━━━━━━━━━━━━━━━━━━━━━━━━━━━━━━━━━━ 5.6/5.6 MB 26.3 MB/s eta 0:00:00
#8 18.57 Downloading certifi-2025.10.5-py3-none-any.whl (163 kB)
#8 18.59    ━━━━━━━━━━━━━━━━━━━━━━━━━━━━━━━━━━━━━━━━ 163.3/163.3 kB 10.6 MB/s eta 0:00:00
#8 18.60 Downloading charset_normalizer-3.4.4-cp311-cp311-manylinux2014_x86_64.manylinux_2_17_x86_64.manylinux_2_28_x86_64.whl (151 kB)
#8 18.62    ━━━━━━━━━━━━━━━━━━━━━━━━━━━━━━━━━━━━━━━━ 151.6/151.6 kB 10.2 MB/s eta 0:00:00
#8 18.62 Downloading idna-3.11-py3-none-any.whl (71 kB)
#8 18.65    ━━━━━━━━━━━━━━━━━━━━━━━━━━━━━━━━━━━━━━━━ 71.0/71.0 kB 2.8 MB/s eta 0:00:00
#8 18.66 Downloading urllib3-2.5.0-py3-none-any.whl (129 kB)
#8 18.67    ━━━━━━━━━━━━━━━━━━━━━━━━━━━━━━━━━━━━━━━━ 129.8/129.8 kB 9.7 MB/s eta 0:00:00
#8 19.56 Installing collected packages: zstandard, urllib3, numpy, idna, cython, charset_normalizer, certifi, requests, bpy
#8 25.60 Successfully installed bpy-4.5.4 certifi-2025.10.5 charset_normalizer-3.4.4 cython-3.1.6 idna-3.11 numpy-1.26.4 requests-2.32.5 urllib3-2.5.0 zstandard-0.25.0
#8 25.60 WARNING: Running pip as the 'root' user can result in broken permissions and conflicting behaviour with the system package manager. It is recommended to use a virtual environment instead: https://pip.pypa.io/warnings/venv
#8 25.61 
#8 25.61 [notice] A new release of pip is available: 24.0 -> 25.3
#8 25.61 [notice] To update, run: pip install --upgrade pip
#8 DONE 33.1s

#9 exporting to image
#9 exporting layers
#9 exporting layers 3.8s done
#9 writing image sha256:ff02f9f75fb85acf35ba1744833dd3ac49170770fe5ba649be87a63f72807b0a done
#9 naming to docker.io/library/test-image-2590850 done
#9 DONE 3.9s

View build details: docker-desktop://dashboard/build/default/default/ps5pzldkpi8fu176rmushck18
[2025-10-29 13:09:09] SUCCESS: Build completed for 2590850
