=== Docker Build Log for 4199895 ===
Started at: Mi 29. Okt 14:24:43 CET 2025

[2025-10-29 14:24:43] START: Building image for 4199895
#0 building with "default" instance using docker driver

#1 [internal] load build definition from Dockerfile
#1 transferring dockerfile: 201B done
#1 DONE 0.0s

#2 [internal] load metadata for docker.io/library/python:3.11
#2 DONE 0.0s

#3 [internal] load .dockerignore
#3 transferring context: 2B done
#3 DONE 0.0s

#4 [internal] load build context
#4 transferring context: 1.11kB 0.0s done
#4 DONE 0.0s

#5 [1/4] FROM docker.io/library/python:3.11
#5 CACHED

#6 [2/4] COPY hard-gists/4199895/snippet.py /snippet.py
#6 DONE 0.1s

#7 [3/4] RUN ["pip","install","numpy"]
#7 2.173 Collecting numpy
#7 2.213   Downloading numpy-2.3.4-cp311-cp311-manylinux_2_27_x86_64.manylinux_2_28_x86_64.whl.metadata (62 kB)
#7 2.237      ━━━━━━━━━━━━━━━━━━━━━━━━━━━━━━━━━━━━━━━━ 62.1/62.1 kB 2.3 MB/s eta 0:00:00
#7 2.259 Downloading numpy-2.3.4-cp311-cp311-manylinux_2_27_x86_64.manylinux_2_28_x86_64.whl (16.9 MB)
#7 2.913    ━━━━━━━━━━━━━━━━━━━━━━━━━━━━━━━━━━━━━━━━ 16.9/16.9 MB 23.4 MB/s eta 0:00:00
#7 2.991 Installing collected packages: numpy
#7 4.461 Successfully installed numpy-2.3.4
#7 4.461 WARNING: Running pip as the 'root' user can result in broken permissions and conflicting behaviour with the system package manager. It is recommended to use a virtual environment instead: https://pip.pypa.io/warnings/venv
#7 4.559 
#7 4.559 [notice] A new release of pip is available: 24.0 -> 25.3
#7 4.559 [notice] To update, run: pip install --upgrade pip
#7 DONE 5.2s

#8 [4/4] RUN ["pip","install","scikit-learn"]
#8 0.678 Collecting scikit-learn
#8 0.712   Downloading scikit_learn-1.7.2-cp311-cp311-manylinux2014_x86_64.manylinux_2_17_x86_64.whl.metadata (11 kB)
#8 0.766 Requirement already satisfied: numpy>=1.22.0 in /usr/local/lib/python3.11/site-packages (from scikit-learn) (2.3.4)
#8 0.908 Collecting scipy>=1.8.0 (from scikit-learn)
#8 0.919   Downloading scipy-1.16.3-cp311-cp311-manylinux2014_x86_64.manylinux_2_17_x86_64.whl.metadata (62 kB)
#8 0.941      ━━━━━━━━━━━━━━━━━━━━━━━━━━━━━━━━━━━━━━━━ 62.0/62.0 kB 2.5 MB/s eta 0:00:00
#8 0.986 Collecting joblib>=1.2.0 (from scikit-learn)
#8 0.996   Downloading joblib-1.5.2-py3-none-any.whl.metadata (5.6 kB)
#8 1.030 Collecting threadpoolctl>=3.1.0 (from scikit-learn)
#8 1.038   Downloading threadpoolctl-3.6.0-py3-none-any.whl.metadata (13 kB)
#8 1.096 Downloading scikit_learn-1.7.2-cp311-cp311-manylinux2014_x86_64.manylinux_2_17_x86_64.whl (9.7 MB)
#8 1.503    ━━━━━━━━━━━━━━━━━━━━━━━━━━━━━━━━━━━━━━━━ 9.7/9.7 MB 23.9 MB/s eta 0:00:00
#8 1.511 Downloading joblib-1.5.2-py3-none-any.whl (308 kB)
#8 1.530    ━━━━━━━━━━━━━━━━━━━━━━━━━━━━━━━━━━━━━━━━ 308.4/308.4 kB 16.7 MB/s eta 0:00:00
#8 1.540 Downloading scipy-1.16.3-cp311-cp311-manylinux2014_x86_64.manylinux_2_17_x86_64.whl (35.9 MB)
#8 3.177    ━━━━━━━━━━━━━━━━━━━━━━━━━━━━━━━━━━━━━━━━ 35.9/35.9 MB 14.6 MB/s eta 0:00:00
#8 3.187 Downloading threadpoolctl-3.6.0-py3-none-any.whl (18 kB)
#8 3.423 Installing collected packages: threadpoolctl, scipy, joblib, scikit-learn
#8 8.120 Successfully installed joblib-1.5.2 scikit-learn-1.7.2 scipy-1.16.3 threadpoolctl-3.6.0
#8 8.120 WARNING: Running pip as the 'root' user can result in broken permissions and conflicting behaviour with the system package manager. It is recommended to use a virtual environment instead: https://pip.pypa.io/warnings/venv
#8 8.126 
#8 8.126 [notice] A new release of pip is available: 24.0 -> 25.3
#8 8.126 [notice] To update, run: pip install --upgrade pip
#8 DONE 9.5s

#9 exporting to image
#9 exporting layers
#9 exporting layers 0.9s done
#9 writing image sha256:5c815f8fd643754db09bb56aa9d945e2ff48e06cd482c3e46b29dc4bdc21b56c done
#9 naming to docker.io/library/test-image-4199895 done
#9 DONE 1.0s

View build details: docker-desktop://dashboard/build/default/default/5js73bj0xnco1vijnkhnezf4z
[2025-10-29 14:24:59] SUCCESS: Build completed for 4199895
