=== Docker Build Log for 2866461 ===
Started at: Mi 29. Okt 13:18:32 CET 2025

[2025-10-29 13:18:32] START: Building image for 2866461
#0 building with "default" instance using docker driver

#1 [internal] load build definition from Dockerfile
#1 transferring dockerfile: 132B done
#1 DONE 0.0s

#2 [internal] load metadata for docker.io/library/python:3.11
#2 DONE 0.0s

#3 [internal] load .dockerignore
#3 transferring context: 2B done
#3 DONE 0.0s

#4 [internal] load build context
#4 transferring context: 2.08kB 0.0s done
#4 DONE 0.0s

#5 [1/2] FROM docker.io/library/python:3.11
#5 CACHED

#6 [2/2] COPY hard-gists/2866461/snippet.py /snippet.py
#6 DONE 0.1s

#7 exporting to image
#7 exporting layers 0.0s done
#7 writing image sha256:b3ad038a7d7144f8f46c7ce5832b4a697f86964550260b26c9fd609ca4ce951a done
#7 naming to docker.io/library/test-image-2866461 done
#7 DONE 0.1s

View build details: docker-desktop://dashboard/build/default/default/ujx8hftt8tayc03xch311zeb2
[2025-10-29 13:18:32] SUCCESS: Build completed for 2866461
