=== Docker Build Log for 5415869 ===
Started at: Mi 29. Okt 15:41:05 CET 2025

[2025-10-29 15:41:05] START: Building image for 5415869
#0 building with "default" instance using docker driver

#1 [internal] load build definition from Dockerfile
#1 transferring dockerfile: 132B done
#1 DONE 0.0s

#2 [internal] load metadata for docker.io/library/python:3.11
#2 DONE 0.0s

#3 [internal] load .dockerignore
#3 transferring context: 2B done
#3 DONE 0.0s

#4 [internal] load build context
#4 transferring context: 2.34kB 0.0s done
#4 DONE 0.0s

#5 [1/2] FROM docker.io/library/python:3.11
#5 CACHED

#6 [2/2] COPY hard-gists/5415869/snippet.py /snippet.py
#6 DONE 0.0s

#7 exporting to image
#7 exporting layers 0.1s done
#7 writing image sha256:bb0c50b1e349812c129d3629cc01e1a2af084ddcdbae1954dd3a97231701069d done
#7 naming to docker.io/library/test-image-5415869 done
#7 DONE 0.1s

View build details: docker-desktop://dashboard/build/default/default/lqu0arvoq3eflvn32abwzhd5a
[2025-10-29 15:41:06] SUCCESS: Build completed for 5415869
