=== Docker Build Log for 4558903 ===
Started at: Mi 29. Okt 14:43:56 CET 2025

[2025-10-29 14:43:56] START: Building image for 4558903
#0 building with "default" instance using docker driver

#1 [internal] load build definition from Dockerfile
#1 transferring dockerfile: 132B done
#1 DONE 0.0s

#2 [internal] load metadata for docker.io/library/python:3.11
#2 DONE 0.0s

#3 [internal] load .dockerignore
#3 transferring context: 2B done
#3 DONE 0.0s

#4 [internal] load build context
#4 transferring context: 5.46kB 0.0s done
#4 DONE 0.0s

#5 [1/2] FROM docker.io/library/python:3.11
#5 CACHED

#6 [2/2] COPY hard-gists/4558903/snippet.py /snippet.py
#6 DONE 0.1s

#7 exporting to image
#7 exporting layers 0.1s done
#7 writing image sha256:56e8e5751e86a4010b263fc8a1e166cb4274c23acd1bb21923a70edf61b42bed done
#7 naming to docker.io/library/test-image-4558903 done
#7 DONE 0.1s

View build details: docker-desktop://dashboard/build/default/default/42ogyv8eb1au3tb1qcd7a6g66
[2025-10-29 14:43:56] SUCCESS: Build completed for 4558903
