=== Docker Build Log for a536bfa68b066c6fd593 ===
Started at: Mi 29. Okt 18:55:30 CET 2025

[2025-10-29 18:55:30] START: Building image for a536bfa68b066c6fd593
#0 building with "default" instance using docker driver

#1 [internal] load build definition from Dockerfile
#1 transferring dockerfile: 145B done
#1 DONE 0.0s

#2 [internal] load metadata for docker.io/library/python:3.11
#2 DONE 0.0s

#3 [internal] load .dockerignore
#3 transferring context: 2B done
#3 DONE 0.0s

#4 [internal] load build context
#4 transferring context: 1.98kB 0.0s done
#4 DONE 0.0s

#5 [1/2] FROM docker.io/library/python:3.11
#5 CACHED

#6 [2/2] COPY hard-gists/a536bfa68b066c6fd593/snippet.py /snippet.py
#6 DONE 0.1s

#7 exporting to image
#7 exporting layers 0.0s done
#7 writing image sha256:ef989188470db567133c4a9f2b88cd08ef6f06e976551c4186cc13280f42082f done
#7 naming to docker.io/library/test-image-a536bfa68b066c6fd593 done
#7 DONE 0.1s

View build details: docker-desktop://dashboard/build/default/default/o5bk1k56jqkplb581sk627qtx
[2025-10-29 18:55:31] SUCCESS: Build completed for a536bfa68b066c6fd593
