=== Docker Build Log for 1165038 ===
Started at: Mi 29. Okt 11:57:18 CET 2025

[2025-10-29 11:57:18] START: Building image for 1165038
#0 building with "default" instance using docker driver

#1 [internal] load build definition from Dockerfile
#1 transferring dockerfile: 168B done
#1 DONE 0.0s

#2 [internal] load metadata for docker.io/library/python:3.11
#2 DONE 0.0s

#3 [internal] load .dockerignore
#3 transferring context: 2B done
#3 DONE 0.0s

#4 [internal] load build context
#4 transferring context: 1.68kB 0.0s done
#4 DONE 0.0s

#5 [1/3] FROM docker.io/library/python:3.11
#5 CACHED

#6 [2/3] COPY hard-gists/1165038/snippet.py /snippet.py
#6 DONE 0.1s

#7 [3/3] RUN ["pip","install","pyOpenSSL"]
#7 2.018 Collecting pyOpenSSL
#7 2.051   Downloading pyopenssl-25.3.0-py3-none-any.whl.metadata (17 kB)
#7 2.320 Collecting cryptography<47,>=45.0.7 (from pyOpenSSL)
#7 2.329   Downloading cryptography-46.0.3-cp311-abi3-manylinux_2_34_x86_64.whl.metadata (5.7 kB)
#7 2.385 Collecting typing-extensions>=4.9 (from pyOpenSSL)
#7 2.393   Downloading typing_extensions-4.15.0-py3-none-any.whl.metadata (3.3 kB)
#7 2.545 Collecting cffi>=2.0.0 (from cryptography<47,>=45.0.7->pyOpenSSL)
#7 2.555   Downloading cffi-2.0.0-cp311-cp311-manylinux2014_x86_64.manylinux_2_17_x86_64.whl.metadata (2.6 kB)
#7 2.601 Collecting pycparser (from cffi>=2.0.0->cryptography<47,>=45.0.7->pyOpenSSL)
#7 2.608   Downloading pycparser-2.23-py3-none-any.whl.metadata (993 bytes)
#7 2.630 Downloading pyopenssl-25.3.0-py3-none-any.whl (57 kB)
#7 2.649    ━━━━━━━━━━━━━━━━━━━━━━━━━━━━━━━━━━━━━━━━ 57.3/57.3 kB 2.8 MB/s eta 0:00:00
#7 2.657 Downloading cryptography-46.0.3-cp311-abi3-manylinux_2_34_x86_64.whl (4.5 MB)
#7 2.840    ━━━━━━━━━━━━━━━━━━━━━━━━━━━━━━━━━━━━━━━━ 4.5/4.5 MB 24.7 MB/s eta 0:00:00
#7 2.850 Downloading typing_extensions-4.15.0-py3-none-any.whl (44 kB)
#7 2.861    ━━━━━━━━━━━━━━━━━━━━━━━━━━━━━━━━━━━━━━━━ 44.6/44.6 kB 4.0 MB/s eta 0:00:00
#7 2.869 Downloading cffi-2.0.0-cp311-cp311-manylinux2014_x86_64.manylinux_2_17_x86_64.whl (215 kB)
#7 2.885    ━━━━━━━━━━━━━━━━━━━━━━━━━━━━━━━━━━━━━━━━ 215.6/215.6 kB 13.9 MB/s eta 0:00:00
#7 2.895 Downloading pycparser-2.23-py3-none-any.whl (118 kB)
#7 2.907    ━━━━━━━━━━━━━━━━━━━━━━━━━━━━━━━━━━━━━━━━ 118.1/118.1 kB 10.9 MB/s eta 0:00:00
#7 2.975 Installing collected packages: typing-extensions, pycparser, cffi, cryptography, pyOpenSSL
#7 3.330 Successfully installed cffi-2.0.0 cryptography-46.0.3 pyOpenSSL-25.3.0 pycparser-2.23 typing-extensions-4.15.0
#7 3.330 WARNING: Running pip as the 'root' user can result in broken permissions and conflicting behaviour with the system package manager. It is recommended to use a virtual environment instead: https://pip.pypa.io/warnings/venv
#7 3.424 
#7 3.424 [notice] A new release of pip is available: 24.0 -> 25.3
#7 3.424 [notice] To update, run: pip install --upgrade pip
#7 DONE 3.7s

#8 exporting to image
#8 exporting layers
#8 exporting layers 0.2s done
#8 writing image sha256:66fa6be01aa73f44b454280381ef9b7d4f81933a9468707f97dbc86415b32da6 done
#8 naming to docker.io/library/test-image-1165038 done
#8 DONE 0.2s

View build details: docker-desktop://dashboard/build/default/default/kgs7paj9hapvxoymkypo95uar
[2025-10-29 11:57:23] SUCCESS: Build completed for 1165038
