=== Docker Build Log for ef407a599f0f549f62d91c3a00dcfb6c ===
Started at: Mi 29. Okt 21:10:30 CET 2025

[2025-10-29 21:10:30] START: Building image for ef407a599f0f549f62d91c3a00dcfb6c
#0 building with "default" instance using docker driver

#1 [internal] load build definition from Dockerfile
#1 transferring dockerfile: 224B done
#1 DONE 0.0s

#2 [internal] load metadata for docker.io/library/python:3.11
#2 DONE 0.0s

#3 [internal] load .dockerignore
#3 transferring context: 2B done
#3 DONE 0.0s

#4 [internal] load build context
#4 transferring context: 5.99kB 0.0s done
#4 DONE 0.0s

#5 [1/4] FROM docker.io/library/python:3.11
#5 CACHED

#6 [2/4] COPY hard-gists/ef407a599f0f549f62d91c3a00dcfb6c/snippet.py /snippet.py
#6 DONE 0.1s

#7 [3/4] RUN ["pip","install","tensorflow"]
#7 1.983 Collecting tensorflow
#7 2.025   Downloading tensorflow-2.20.0-cp311-cp311-manylinux_2_17_x86_64.manylinux2014_x86_64.whl.metadata (4.5 kB)
#7 2.095 Collecting absl-py>=1.0.0 (from tensorflow)
#7 2.104   Downloading absl_py-2.3.1-py3-none-any.whl.metadata (3.3 kB)
#7 2.138 Collecting astunparse>=1.6.0 (from tensorflow)
#7 2.150   Downloading astunparse-1.6.3-py2.py3-none-any.whl.metadata (4.4 kB)
#7 2.190 Collecting flatbuffers>=24.3.25 (from tensorflow)
#7 2.200   Downloading flatbuffers-25.9.23-py2.py3-none-any.whl.metadata (875 bytes)
#7 2.238 Collecting gast!=0.5.0,!=0.5.1,!=0.5.2,>=0.2.1 (from tensorflow)
#7 2.268   Downloading gast-0.6.0-py3-none-any.whl.metadata (1.3 kB)
#7 2.303 Collecting google_pasta>=0.1.1 (from tensorflow)
#7 2.318   Downloading google_pasta-0.2.0-py3-none-any.whl.metadata (814 bytes)
#7 2.357 Collecting libclang>=13.0.0 (from tensorflow)
#7 2.367   Downloading libclang-18.1.1-py2.py3-none-manylinux2010_x86_64.whl.metadata (5.2 kB)
#7 2.404 Collecting opt_einsum>=2.3.2 (from tensorflow)
#7 2.416   Downloading opt_einsum-3.4.0-py3-none-any.whl.metadata (6.3 kB)
#7 2.459 Collecting packaging (from tensorflow)
#7 2.467   Downloading packaging-25.0-py3-none-any.whl.metadata (3.3 kB)
#7 2.669 Collecting protobuf>=5.28.0 (from tensorflow)
#7 2.682   Downloading protobuf-6.33.0-cp39-abi3-manylinux2014_x86_64.whl.metadata (593 bytes)
#7 2.743 Collecting requests<3,>=2.21.0 (from tensorflow)
#7 2.753   Downloading requests-2.32.5-py3-none-any.whl.metadata (4.9 kB)
#7 2.765 Requirement already satisfied: setuptools in /usr/local/lib/python3.11/site-packages (from tensorflow) (79.0.1)
#7 2.794 Collecting six>=1.12.0 (from tensorflow)
#7 2.803   Downloading six-1.17.0-py2.py3-none-any.whl.metadata (1.7 kB)
#7 2.840 Collecting termcolor>=1.1.0 (from tensorflow)
#7 2.855   Downloading termcolor-3.2.0-py3-none-any.whl.metadata (6.4 kB)
#7 2.900 Collecting typing_extensions>=3.6.6 (from tensorflow)
#7 2.911   Downloading typing_extensions-4.15.0-py3-none-any.whl.metadata (3.3 kB)
#7 3.061 Collecting wrapt>=1.11.0 (from tensorflow)
#7 3.074   Downloading wrapt-2.0.0-cp311-cp311-manylinux1_x86_64.manylinux_2_28_x86_64.manylinux_2_5_x86_64.whl.metadata (8.8 kB)
#7 3.613 Collecting grpcio<2.0,>=1.24.3 (from tensorflow)
#7 3.626   Downloading grpcio-1.76.0-cp311-cp311-manylinux2014_x86_64.manylinux_2_17_x86_64.whl.metadata (3.7 kB)
#7 3.679 Collecting tensorboard~=2.20.0 (from tensorflow)
#7 3.696   Downloading tensorboard-2.20.0-py3-none-any.whl.metadata (1.8 kB)
#7 3.746 Collecting keras>=3.10.0 (from tensorflow)
#7 3.756   Downloading keras-3.12.0-py3-none-any.whl.metadata (5.9 kB)
#7 4.000 Collecting numpy>=1.26.0 (from tensorflow)
#7 4.011   Downloading numpy-2.3.4-cp311-cp311-manylinux_2_27_x86_64.manylinux_2_28_x86_64.whl.metadata (62 kB)
#7 4.038      ━━━━━━━━━━━━━━━━━━━━━━━━━━━━━━━━━━━━━━━━ 62.1/62.1 kB 2.1 MB/s eta 0:00:00
#7 4.109 Collecting h5py>=3.11.0 (from tensorflow)
#7 4.120   Downloading h5py-3.15.1-cp311-cp311-manylinux_2_27_x86_64.manylinux_2_28_x86_64.whl.metadata (3.0 kB)
#7 4.171 Collecting ml_dtypes<1.0.0,>=0.5.1 (from tensorflow)
#7 4.181   Downloading ml_dtypes-0.5.3-cp311-cp311-manylinux_2_27_x86_64.manylinux_2_28_x86_64.whl.metadata (8.9 kB)
#7 4.196 Requirement already satisfied: wheel<1.0,>=0.23.0 in /usr/local/lib/python3.11/site-packages (from astunparse>=1.6.0->tensorflow) (0.45.1)
#7 4.292 Collecting rich (from keras>=3.10.0->tensorflow)
#7 4.302   Downloading rich-14.2.0-py3-none-any.whl.metadata (18 kB)
#7 4.340 Collecting namex (from keras>=3.10.0->tensorflow)
#7 4.350   Downloading namex-0.1.0-py3-none-any.whl.metadata (322 bytes)
#7 4.449 Collecting optree (from keras>=3.10.0->tensorflow)
#7 4.458   Downloading optree-0.17.0-cp311-cp311-manylinux_2_27_x86_64.manylinux_2_28_x86_64.whl.metadata (33 kB)
#7 4.598 Collecting charset_normalizer<4,>=2 (from requests<3,>=2.21.0->tensorflow)
#7 4.607   Downloading charset_normalizer-3.4.4-cp311-cp311-manylinux2014_x86_64.manylinux_2_17_x86_64.manylinux_2_28_x86_64.whl.metadata (37 kB)
#7 4.652 Collecting idna<4,>=2.5 (from requests<3,>=2.21.0->tensorflow)
#7 4.661   Downloading idna-3.11-py3-none-any.whl.metadata (8.4 kB)
#7 4.724 Collecting urllib3<3,>=1.21.1 (from requests<3,>=2.21.0->tensorflow)
#7 4.733   Downloading urllib3-2.5.0-py3-none-any.whl.metadata (6.5 kB)
#7 4.779 Collecting certifi>=2017.4.17 (from requests<3,>=2.21.0->tensorflow)
#7 4.787   Downloading certifi-2025.10.5-py3-none-any.whl.metadata (2.5 kB)
#7 4.855 Collecting markdown>=2.6.8 (from tensorboard~=2.20.0->tensorflow)
#7 4.865   Downloading markdown-3.9-py3-none-any.whl.metadata (5.1 kB)
#7 5.122 Collecting pillow (from tensorboard~=2.20.0->tensorflow)
#7 5.138   Downloading pillow-12.0.0-cp311-cp311-manylinux_2_27_x86_64.manylinux_2_28_x86_64.whl.metadata (8.8 kB)
#7 5.203 Collecting tensorboard-data-server<0.8.0,>=0.7.0 (from tensorboard~=2.20.0->tensorflow)
#7 5.212   Downloading tensorboard_data_server-0.7.2-py3-none-manylinux_2_31_x86_64.whl.metadata (1.1 kB)
#7 5.264 Collecting werkzeug>=1.0.1 (from tensorboard~=2.20.0->tensorflow)
#7 5.275   Downloading werkzeug-3.1.3-py3-none-any.whl.metadata (3.7 kB)
#7 5.418 Collecting MarkupSafe>=2.1.1 (from werkzeug>=1.0.1->tensorboard~=2.20.0->tensorflow)
#7 5.429   Downloading markupsafe-3.0.3-cp311-cp311-manylinux2014_x86_64.manylinux_2_17_x86_64.manylinux_2_28_x86_64.whl.metadata (2.7 kB)
#7 5.516 Collecting markdown-it-py>=2.2.0 (from rich->keras>=3.10.0->tensorflow)
#7 5.526   Downloading markdown_it_py-4.0.0-py3-none-any.whl.metadata (7.3 kB)
#7 5.584 Collecting pygments<3.0.0,>=2.13.0 (from rich->keras>=3.10.0->tensorflow)
#7 5.593   Downloading pygments-2.19.2-py3-none-any.whl.metadata (2.5 kB)
#7 5.642 Collecting mdurl~=0.1 (from markdown-it-py>=2.2.0->rich->keras>=3.10.0->tensorflow)
#7 5.650   Downloading mdurl-0.1.2-py3-none-any.whl.metadata (1.6 kB)
#7 5.688 Downloading tensorflow-2.20.0-cp311-cp311-manylinux_2_17_x86_64.manylinux2014_x86_64.whl (620.6 MB)
#7 45.53    ━━━━━━━━━━━━━━━━━━━━━━━━━━━━━━━━━━━━━━━━ 620.6/620.6 MB 2.5 MB/s eta 0:00:00
#7 45.54 Downloading absl_py-2.3.1-py3-none-any.whl (135 kB)
#7 45.55    ━━━━━━━━━━━━━━━━━━━━━━━━━━━━━━━━━━━━━━━━ 135.8/135.8 kB 9.4 MB/s eta 0:00:00
#7 45.56 Downloading astunparse-1.6.3-py2.py3-none-any.whl (12 kB)
#7 45.58 Downloading flatbuffers-25.9.23-py2.py3-none-any.whl (30 kB)
#7 45.60 Downloading gast-0.6.0-py3-none-any.whl (21 kB)
#7 45.62 Downloading google_pasta-0.2.0-py3-none-any.whl (57 kB)
#7 45.64    ━━━━━━━━━━━━━━━━━━━━━━━━━━━━━━━━━━━━━━━━ 57.5/57.5 kB 4.9 MB/s eta 0:00:00
#7 45.65 Downloading grpcio-1.76.0-cp311-cp311-manylinux2014_x86_64.manylinux_2_17_x86_64.whl (6.6 MB)
#7 46.07    ━━━━━━━━━━━━━━━━━━━━━━━━━━━━━━━━━━━━━━━━ 6.6/6.6 MB 15.8 MB/s eta 0:00:00
#7 46.08 Downloading h5py-3.15.1-cp311-cp311-manylinux_2_27_x86_64.manylinux_2_28_x86_64.whl (4.7 MB)
#7 46.36    ━━━━━━━━━━━━━━━━━━━━━━━━━━━━━━━━━━━━━━━━ 4.7/4.7 MB 17.2 MB/s eta 0:00:00
#7 46.37 Downloading keras-3.12.0-py3-none-any.whl (1.5 MB)
#7 46.46    ━━━━━━━━━━━━━━━━━━━━━━━━━━━━━━━━━━━━━━━━ 1.5/1.5 MB 17.5 MB/s eta 0:00:00
#7 46.47 Downloading libclang-18.1.1-py2.py3-none-manylinux2010_x86_64.whl (24.5 MB)
#7 47.99    ━━━━━━━━━━━━━━━━━━━━━━━━━━━━━━━━━━━━━━━━ 24.5/24.5 MB 15.2 MB/s eta 0:00:00
#7 48.00 Downloading ml_dtypes-0.5.3-cp311-cp311-manylinux_2_27_x86_64.manylinux_2_28_x86_64.whl (4.9 MB)
#7 48.27    ━━━━━━━━━━━━━━━━━━━━━━━━━━━━━━━━━━━━━━━━ 4.9/4.9 MB 18.0 MB/s eta 0:00:00
#7 48.29 Downloading numpy-2.3.4-cp311-cp311-manylinux_2_27_x86_64.manylinux_2_28_x86_64.whl (16.9 MB)
#7 49.29    ━━━━━━━━━━━━━━━━━━━━━━━━━━━━━━━━━━━━━━━━ 16.9/16.9 MB 16.1 MB/s eta 0:00:00
#7 49.30 Downloading opt_einsum-3.4.0-py3-none-any.whl (71 kB)
#7 49.31    ━━━━━━━━━━━━━━━━━━━━━━━━━━━━━━━━━━━━━━━━ 71.9/71.9 kB 5.3 MB/s eta 0:00:00
#7 49.32 Downloading protobuf-6.33.0-cp39-abi3-manylinux2014_x86_64.whl (323 kB)
#7 49.35    ━━━━━━━━━━━━━━━━━━━━━━━━━━━━━━━━━━━━━━━━ 323.2/323.2 kB 13.4 MB/s eta 0:00:00
#7 49.36 Downloading requests-2.32.5-py3-none-any.whl (64 kB)
#7 49.37    ━━━━━━━━━━━━━━━━━━━━━━━━━━━━━━━━━━━━━━━━ 64.7/64.7 kB 4.2 MB/s eta 0:00:00
#7 49.38 Downloading six-1.17.0-py2.py3-none-any.whl (11 kB)
#7 49.40 Downloading tensorboard-2.20.0-py3-none-any.whl (5.5 MB)
#7 49.73    ━━━━━━━━━━━━━━━━━━━━━━━━━━━━━━━━━━━━━━━━ 5.5/5.5 MB 17.1 MB/s eta 0:00:00
#7 49.74 Downloading termcolor-3.2.0-py3-none-any.whl (7.7 kB)
#7 49.76 Downloading typing_extensions-4.15.0-py3-none-any.whl (44 kB)
#7 49.77    ━━━━━━━━━━━━━━━━━━━━━━━━━━━━━━━━━━━━━━━━ 44.6/44.6 kB 3.9 MB/s eta 0:00:00
#7 49.78 Downloading wrapt-2.0.0-cp311-cp311-manylinux1_x86_64.manylinux_2_28_x86_64.manylinux_2_5_x86_64.whl (114 kB)
#7 49.79    ━━━━━━━━━━━━━━━━━━━━━━━━━━━━━━━━━━━━━━━━ 114.1/114.1 kB 7.6 MB/s eta 0:00:00
#7 49.80 Downloading packaging-25.0-py3-none-any.whl (66 kB)
#7 49.82    ━━━━━━━━━━━━━━━━━━━━━━━━━━━━━━━━━━━━━━━━ 66.5/66.5 kB 4.3 MB/s eta 0:00:00
#7 49.83 Downloading certifi-2025.10.5-py3-none-any.whl (163 kB)
#7 49.84    ━━━━━━━━━━━━━━━━━━━━━━━━━━━━━━━━━━━━━━━━ 163.3/163.3 kB 10.3 MB/s eta 0:00:00
#7 49.86 Downloading charset_normalizer-3.4.4-cp311-cp311-manylinux2014_x86_64.manylinux_2_17_x86_64.manylinux_2_28_x86_64.whl (151 kB)
#7 49.87    ━━━━━━━━━━━━━━━━━━━━━━━━━━━━━━━━━━━━━━━━ 151.6/151.6 kB 9.4 MB/s eta 0:00:00
#7 49.89 Downloading idna-3.11-py3-none-any.whl (71 kB)
#7 49.90    ━━━━━━━━━━━━━━━━━━━━━━━━━━━━━━━━━━━━━━━━ 71.0/71.0 kB 6.2 MB/s eta 0:00:00
#7 49.91 Downloading markdown-3.9-py3-none-any.whl (107 kB)
#7 49.92    ━━━━━━━━━━━━━━━━━━━━━━━━━━━━━━━━━━━━━━━━ 107.4/107.4 kB 7.2 MB/s eta 0:00:00
#7 49.94 Downloading tensorboard_data_server-0.7.2-py3-none-manylinux_2_31_x86_64.whl (6.6 MB)
#7 50.35    ━━━━━━━━━━━━━━━━━━━━━━━━━━━━━━━━━━━━━━━━ 6.6/6.6 MB 15.8 MB/s eta 0:00:00
#7 50.36 Downloading urllib3-2.5.0-py3-none-any.whl (129 kB)
#7 50.38    ━━━━━━━━━━━━━━━━━━━━━━━━━━━━━━━━━━━━━━━━ 129.8/129.8 kB 6.2 MB/s eta 0:00:00
#7 50.39 Downloading werkzeug-3.1.3-py3-none-any.whl (224 kB)
#7 50.41    ━━━━━━━━━━━━━━━━━━━━━━━━━━━━━━━━━━━━━━━━ 224.5/224.5 kB 11.0 MB/s eta 0:00:00
#7 50.42 Downloading namex-0.1.0-py3-none-any.whl (5.9 kB)
#7 50.48 Downloading optree-0.17.0-cp311-cp311-manylinux_2_27_x86_64.manylinux_2_28_x86_64.whl (402 kB)
#7 50.52    ━━━━━━━━━━━━━━━━━━━━━━━━━━━━━━━━━━━━━━━━ 402.0/402.0 kB 11.4 MB/s eta 0:00:00
#7 50.53 Downloading pillow-12.0.0-cp311-cp311-manylinux_2_27_x86_64.manylinux_2_28_x86_64.whl (7.0 MB)
#7 50.97    ━━━━━━━━━━━━━━━━━━━━━━━━━━━━━━━━━━━━━━━━ 7.0/7.0 MB 16.2 MB/s eta 0:00:00
#7 50.98 Downloading rich-14.2.0-py3-none-any.whl (243 kB)
#7 51.00    ━━━━━━━━━━━━━━━━━━━━━━━━━━━━━━━━━━━━━━━━ 243.4/243.4 kB 9.2 MB/s eta 0:00:00
#7 51.01 Downloading markdown_it_py-4.0.0-py3-none-any.whl (87 kB)
#7 51.03    ━━━━━━━━━━━━━━━━━━━━━━━━━━━━━━━━━━━━━━━━ 87.3/87.3 kB 6.5 MB/s eta 0:00:00
#7 51.04 Downloading markupsafe-3.0.3-cp311-cp311-manylinux2014_x86_64.manylinux_2_17_x86_64.manylinux_2_28_x86_64.whl (22 kB)
#7 51.06 Downloading pygments-2.19.2-py3-none-any.whl (1.2 MB)
#7 51.14    ━━━━━━━━━━━━━━━━━━━━━━━━━━━━━━━━━━━━━━━━ 1.2/1.2 MB 15.7 MB/s eta 0:00:00
#7 51.15 Downloading mdurl-0.1.2-py3-none-any.whl (10.0 kB)
#7 52.91 Installing collected packages: namex, libclang, flatbuffers, wrapt, urllib3, typing_extensions, termcolor, tensorboard-data-server, six, pygments, protobuf, pillow, packaging, opt_einsum, numpy, mdurl, MarkupSafe, markdown, idna, gast, charset_normalizer, certifi, absl-py, werkzeug, requests, optree, ml_dtypes, markdown-it-py, h5py, grpcio, google_pasta, astunparse, tensorboard, rich, keras, tensorflow
#7 69.83 Successfully installed MarkupSafe-3.0.3 absl-py-2.3.1 astunparse-1.6.3 certifi-2025.10.5 charset_normalizer-3.4.4 flatbuffers-25.9.23 gast-0.6.0 google_pasta-0.2.0 grpcio-1.76.0 h5py-3.15.1 idna-3.11 keras-3.12.0 libclang-18.1.1 markdown-3.9 markdown-it-py-4.0.0 mdurl-0.1.2 ml_dtypes-0.5.3 namex-0.1.0 numpy-2.3.4 opt_einsum-3.4.0 optree-0.17.0 packaging-25.0 pillow-12.0.0 protobuf-6.33.0 pygments-2.19.2 requests-2.32.5 rich-14.2.0 six-1.17.0 tensorboard-2.20.0 tensorboard-data-server-0.7.2 tensorflow-2.20.0 termcolor-3.2.0 typing_extensions-4.15.0 urllib3-2.5.0 werkzeug-3.1.3 wrapt-2.0.0
#7 69.83 WARNING: Running pip as the 'root' user can result in broken permissions and conflicting behaviour with the system package manager. It is recommended to use a virtual environment instead: https://pip.pypa.io/warnings/venv
#7 73.09 
#7 73.09 [notice] A new release of pip is available: 24.0 -> 25.3
#7 73.09 [notice] To update, run: pip install --upgrade pip
#7 DONE 87.7s

#8 [4/4] RUN ["pip","install","numpy"]
#8 0.507 Requirement already satisfied: numpy in /usr/local/lib/python3.11/site-packages (2.3.4)
#8 0.632 WARNING: Running pip as the 'root' user can result in broken permissions and conflicting behaviour with the system package manager. It is recommended to use a virtual environment instead: https://pip.pypa.io/warnings/venv
#8 0.637 
#8 0.637 [notice] A new release of pip is available: 24.0 -> 25.3
#8 0.637 [notice] To update, run: pip install --upgrade pip
#8 DONE 0.7s

#9 exporting to image
#9 exporting layers
#9 exporting layers 8.9s done
#9 writing image sha256:83e77e8e969e74f2da70bc767de13d18a90ba0183bbbfa013b56c7d1e36d7a50 done
#9 naming to docker.io/library/test-image-ef407a599f0f549f62d91c3a00dcfb6c done
#9 DONE 9.0s

View build details: docker-desktop://dashboard/build/default/default/vorsgegjelmbghs2za8od3xpq
[2025-10-29 21:12:08] SUCCESS: Build completed for ef407a599f0f549f62d91c3a00dcfb6c
