=== Docker Build Log for 7aea60f80f6aa9b79cc9509b633557c9 ===
Started at: Mi 29. Okt 17:26:47 CET 2025

[2025-10-29 17:26:47] START: Building image for 7aea60f80f6aa9b79cc9509b633557c9
#0 building with "default" instance using docker driver

#1 [internal] load build definition from Dockerfile
#1 transferring dockerfile: 157B done
#1 DONE 0.0s

#2 [internal] load metadata for docker.io/library/python:3.11
#2 DONE 0.0s

#3 [internal] load .dockerignore
#3 transferring context: 2B done
#3 DONE 0.0s

#4 [internal] load build context
#4 transferring context: 2.47kB 0.0s done
#4 DONE 0.0s

#5 [1/2] FROM docker.io/library/python:3.11
#5 CACHED

#6 [2/2] COPY hard-gists/7aea60f80f6aa9b79cc9509b633557c9/snippet.py /snippet.py
#6 DONE 0.1s

#7 exporting to image
#7 exporting layers 0.0s done
#7 writing image sha256:5f9ff22cae58e523292a81536b835cad81dddbb4fefdafcf97742289b3c80be9 done
#7 naming to docker.io/library/test-image-7aea60f80f6aa9b79cc9509b633557c9 done
#7 DONE 0.1s

View build details: docker-desktop://dashboard/build/default/default/k7fv1wowjpcwjg99omgz06gae
[2025-10-29 17:26:48] SUCCESS: Build completed for 7aea60f80f6aa9b79cc9509b633557c9
