=== Docker Build Log for 7964172 ===
Started at: Mi 29. Okt 17:23:31 CET 2025

[2025-10-29 17:23:31] START: Building image for 7964172
#0 building with "default" instance using docker driver

#1 [internal] load build definition from Dockerfile
#1 transferring dockerfile: 234B done
#1 DONE 0.0s

#2 [internal] load metadata for docker.io/library/python:3.11
#2 DONE 0.0s

#3 [internal] load .dockerignore
#3 transferring context: 2B done
#3 DONE 0.0s

#4 [internal] load build context
#4 transferring context: 1.88kB 0.0s done
#4 DONE 0.0s

#5 [1/5] FROM docker.io/library/python:3.11
#5 CACHED

#6 [2/5] COPY hard-gists/7964172/snippet.py /snippet.py
#6 DONE 0.1s

#7 [3/5] RUN ["pip","install","dj.choices"]
#7 2.052 Collecting dj.choices
#7 2.086   Downloading dj.choices-0.11.0.tar.gz (28 kB)
#7 2.104   Preparing metadata (setup.py): started
#7 2.545   Preparing metadata (setup.py): finished with status 'done'
#7 2.658 Collecting django (from dj.choices)
#7 2.669   Downloading django-5.2.7-py3-none-any.whl.metadata (4.1 kB)
#7 2.713 Collecting six (from dj.choices)
#7 2.721   Downloading six-1.17.0-py2.py3-none-any.whl.metadata (1.7 kB)
#7 2.772 Collecting asgiref>=3.8.1 (from django->dj.choices)
#7 2.781   Downloading asgiref-3.10.0-py3-none-any.whl.metadata (9.3 kB)
#7 2.821 Collecting sqlparse>=0.3.1 (from django->dj.choices)
#7 2.829   Downloading sqlparse-0.5.3-py3-none-any.whl.metadata (3.9 kB)
#7 2.858 Downloading django-5.2.7-py3-none-any.whl (8.3 MB)
#7 3.221    ━━━━━━━━━━━━━━━━━━━━━━━━━━━━━━━━━━━━━━━━ 8.3/8.3 MB 23.0 MB/s eta 0:00:00
#7 3.230 Downloading six-1.17.0-py2.py3-none-any.whl (11 kB)
#7 3.249 Downloading asgiref-3.10.0-py3-none-any.whl (24 kB)
#7 3.267 Downloading sqlparse-0.5.3-py3-none-any.whl (44 kB)
#7 3.280    ━━━━━━━━━━━━━━━━━━━━━━━━━━━━━━━━━━━━━━━━ 44.4/44.4 kB 3.3 MB/s eta 0:00:00
#7 3.319 Building wheels for collected packages: dj.choices
#7 3.319   Building wheel for dj.choices (setup.py): started
#7 3.512   Building wheel for dj.choices (setup.py): finished with status 'done'
#7 3.512   Created wheel for dj.choices: filename=dj_choices-0.11.0-py3-none-any.whl size=28716 sha256=4b3c9486e96d25a0d0a768c65162d3e203f6b062761246f2cd294a6242152f1a
#7 3.512   Stored in directory: /root/.cache/pip/wheels/97/38/bd/4ca089ff8ffdead6a07e7af033d36d74a01ab7a37e70797942
#7 3.514 Successfully built dj.choices
#7 3.565 Installing collected packages: sqlparse, six, asgiref, django, dj.choices
#7 5.055 Successfully installed asgiref-3.10.0 dj.choices-0.11.0 django-5.2.7 six-1.17.0 sqlparse-0.5.3
#7 5.055 WARNING: Running pip as the 'root' user can result in broken permissions and conflicting behaviour with the system package manager. It is recommended to use a virtual environment instead: https://pip.pypa.io/warnings/venv
#7 5.149 
#7 5.149 [notice] A new release of pip is available: 24.0 -> 25.3
#7 5.149 [notice] To update, run: pip install --upgrade pip
#7 DONE 5.6s

#8 [4/5] RUN ["pip","install","Django"]
#8 0.448 Requirement already satisfied: Django in /usr/local/lib/python3.11/site-packages (5.2.7)
#8 0.451 Requirement already satisfied: asgiref>=3.8.1 in /usr/local/lib/python3.11/site-packages (from Django) (3.10.0)
#8 0.452 Requirement already satisfied: sqlparse>=0.3.1 in /usr/local/lib/python3.11/site-packages (from Django) (0.5.3)
#8 0.496 WARNING: Running pip as the 'root' user can result in broken permissions and conflicting behaviour with the system package manager. It is recommended to use a virtual environment instead: https://pip.pypa.io/warnings/venv
#8 0.501 
#8 0.501 [notice] A new release of pip is available: 24.0 -> 25.3
#8 0.501 [notice] To update, run: pip install --upgrade pip
#8 DONE 0.6s

#9 [5/5] RUN ["pip","install","django_db"]
#9 0.543 Collecting django_db
#9 0.578   Downloading django_db-0.0.7.tar.gz (1.7 kB)
#9 0.589   Preparing metadata (setup.py): started
#9 0.713   Preparing metadata (setup.py): finished with status 'done'
#9 0.715 Requirement already satisfied: django in /usr/local/lib/python3.11/site-packages (from django_db) (5.2.7)
#9 0.771 Collecting pymysql (from django_db)
#9 0.779   Downloading pymysql-1.1.2-py3-none-any.whl.metadata (4.3 kB)
#9 0.792 Requirement already satisfied: asgiref>=3.8.1 in /usr/local/lib/python3.11/site-packages (from django->django_db) (3.10.0)
#9 0.793 Requirement already satisfied: sqlparse>=0.3.1 in /usr/local/lib/python3.11/site-packages (from django->django_db) (0.5.3)
#9 0.809 Downloading pymysql-1.1.2-py3-none-any.whl (45 kB)
#9 0.826    ━━━━━━━━━━━━━━━━━━━━━━━━━━━━━━━━━━━━━━━━ 45.3/45.3 kB 2.4 MB/s eta 0:00:00
#9 0.829 Building wheels for collected packages: django_db
#9 0.834   Building wheel for django_db (setup.py): started
#9 0.985   Building wheel for django_db (setup.py): finished with status 'done'
#9 0.985   Created wheel for django_db: filename=django_db-0.0.7-py3-none-any.whl size=2255 sha256=1ea503678738e0fd985848ba268d341dee636a0434b122cbf906c223d27ba4e7
#9 0.985   Stored in directory: /root/.cache/pip/wheels/f7/0e/96/7f32f483dc1709e3218e0b811ef87a1457795bc45d221f1ac2
#9 0.986 Successfully built django_db
#9 1.027 Installing collected packages: pymysql, django_db
#9 1.090 Successfully installed django_db-0.0.7 pymysql-1.1.2
#9 1.090 WARNING: Running pip as the 'root' user can result in broken permissions and conflicting behaviour with the system package manager. It is recommended to use a virtual environment instead: https://pip.pypa.io/warnings/venv
#9 1.095 
#9 1.095 [notice] A new release of pip is available: 24.0 -> 25.3
#9 1.095 [notice] To update, run: pip install --upgrade pip
#9 DONE 1.2s

#10 exporting to image
#10 exporting layers
#10 exporting layers 0.6s done
#10 writing image sha256:817250f59d4dd4bc4d70d6aa94c946ed8a2770a090eb45612110bf76d59baeb7 done
#10 naming to docker.io/library/test-image-7964172 done
#10 DONE 0.6s

View build details: docker-desktop://dashboard/build/default/default/otckhehk89bdw32y3ksb04ln4
[2025-10-29 17:23:39] SUCCESS: Build completed for 7964172
