=== Docker Build Log for 9cba618eacedc68c656b ===
Started at: Mi 29. Okt 18:41:27 CET 2025

[2025-10-29 18:41:27] START: Building image for 9cba618eacedc68c656b
#0 building with "default" instance using docker driver

#1 [internal] load build definition from Dockerfile
#1 transferring dockerfile: 145B done
#1 DONE 0.0s

#2 [internal] load metadata for docker.io/library/python:3.11
#2 DONE 0.0s

#3 [internal] load .dockerignore
#3 transferring context: 2B done
#3 DONE 0.0s

#4 [internal] load build context
#4 transferring context: 3.33kB 0.0s done
#4 DONE 0.0s

#5 [1/2] FROM docker.io/library/python:3.11
#5 CACHED

#6 [2/2] COPY hard-gists/9cba618eacedc68c656b/snippet.py /snippet.py
#6 DONE 0.1s

#7 exporting to image
#7 exporting layers 0.0s done
#7 writing image sha256:dfc910112de58043811f9c936e1b2f0b5387b2b9f942392449b90398833ebb89 done
#7 naming to docker.io/library/test-image-9cba618eacedc68c656b done
#7 DONE 0.1s

View build details: docker-desktop://dashboard/build/default/default/anbm58xukp18oqh64mznr4z0w
[2025-10-29 18:41:27] SUCCESS: Build completed for 9cba618eacedc68c656b
