=== Docker Build Log for 4724761 ===
Started at: Mi 29. Okt 14:58:40 CET 2025

[2025-10-29 14:58:40] START: Building image for 4724761
#0 building with "default" instance using docker driver

#1 [internal] load build definition from Dockerfile
#1 transferring dockerfile: 2.09kB done
#1 DONE 0.0s

#2 [internal] load metadata for docker.io/library/python:3.11
#2 DONE 0.0s

#3 [internal] load .dockerignore
#3 transferring context: 2B done
#3 DONE 0.0s

#4 [internal] load build context
#4 transferring context: 4.01kB 0.0s done
#4 DONE 0.0s

#5 [ 1/44] FROM docker.io/library/python:3.11
#5 CACHED

#6 [ 2/44] COPY hard-gists/4724761/snippet.py /snippet.py
#6 DONE 0.1s

#7 [ 3/44] RUN ["pip","install","requests"]
#7 2.099 Collecting requests
#7 2.132   Downloading requests-2.32.5-py3-none-any.whl.metadata (4.9 kB)
#7 2.249 Collecting charset_normalizer<4,>=2 (from requests)
#7 2.258   Downloading charset_normalizer-3.4.4-cp311-cp311-manylinux2014_x86_64.manylinux_2_17_x86_64.manylinux_2_28_x86_64.whl.metadata (37 kB)
#7 2.303 Collecting idna<4,>=2.5 (from requests)
#7 2.314   Downloading idna-3.11-py3-none-any.whl.metadata (8.4 kB)
#7 2.379 Collecting urllib3<3,>=1.21.1 (from requests)
#7 2.388   Downloading urllib3-2.5.0-py3-none-any.whl.metadata (6.5 kB)
#7 2.435 Collecting certifi>=2017.4.17 (from requests)
#7 2.445   Downloading certifi-2025.10.5-py3-none-any.whl.metadata (2.5 kB)
#7 2.473 Downloading requests-2.32.5-py3-none-any.whl (64 kB)
#7 2.491    ━━━━━━━━━━━━━━━━━━━━━━━━━━━━━━━━━━━━━━━━ 64.7/64.7 kB 3.4 MB/s eta 0:00:00
#7 2.500 Downloading certifi-2025.10.5-py3-none-any.whl (163 kB)
#7 2.520    ━━━━━━━━━━━━━━━━━━━━━━━━━━━━━━━━━━━━━━━━ 163.3/163.3 kB 8.2 MB/s eta 0:00:00
#7 2.529 Downloading charset_normalizer-3.4.4-cp311-cp311-manylinux2014_x86_64.manylinux_2_17_x86_64.manylinux_2_28_x86_64.whl (151 kB)
#7 2.546    ━━━━━━━━━━━━━━━━━━━━━━━━━━━━━━━━━━━━━━━━ 151.6/151.6 kB 9.5 MB/s eta 0:00:00
#7 2.553 Downloading idna-3.11-py3-none-any.whl (71 kB)
#7 2.567    ━━━━━━━━━━━━━━━━━━━━━━━━━━━━━━━━━━━━━━━━ 71.0/71.0 kB 5.4 MB/s eta 0:00:00
#7 2.578 Downloading urllib3-2.5.0-py3-none-any.whl (129 kB)
#7 2.591    ━━━━━━━━━━━━━━━━━━━━━━━━━━━━━━━━━━━━━━━━ 129.8/129.8 kB 10.0 MB/s eta 0:00:00
#7 2.650 Installing collected packages: urllib3, idna, charset_normalizer, certifi, requests
#7 2.917 Successfully installed certifi-2025.10.5 charset_normalizer-3.4.4 idna-3.11 requests-2.32.5 urllib3-2.5.0
#7 2.917 WARNING: Running pip as the 'root' user can result in broken permissions and conflicting behaviour with the system package manager. It is recommended to use a virtual environment instead: https://pip.pypa.io/warnings/venv
#7 3.013 
#7 3.013 [notice] A new release of pip is available: 24.0 -> 25.3
#7 3.013 [notice] To update, run: pip install --upgrade pip
#7 DONE 3.3s

#8 [ 4/44] RUN ["pip","install","asyncio"]
#8 0.545 Collecting asyncio
#8 0.579   Downloading asyncio-4.0.0-py3-none-any.whl.metadata (994 bytes)
#8 0.603 Downloading asyncio-4.0.0-py3-none-any.whl (5.6 kB)
#8 0.662 Installing collected packages: asyncio
#8 0.695 Successfully installed asyncio-4.0.0
#8 0.695 WARNING: Running pip as the 'root' user can result in broken permissions and conflicting behaviour with the system package manager. It is recommended to use a virtual environment instead: https://pip.pypa.io/warnings/venv
#8 0.701 
#8 0.701 [notice] A new release of pip is available: 24.0 -> 25.3
#8 0.701 [notice] To update, run: pip install --upgrade pip
#8 DONE 0.8s

#9 [ 5/44] RUN ["pip","install","botchallenge"]
#9 0.626 Collecting botchallenge
#9 0.670   Downloading botchallenge-1.2.0.tar.gz (196 kB)
#9 0.716      ━━━━━━━━━━━━━━━━━━━━━━━━━━━━━━━━━━━━━━━ 196.2/196.2 kB 4.7 MB/s eta 0:00:00
#9 0.734   Preparing metadata (setup.py): started
#9 1.238   Preparing metadata (setup.py): finished with status 'done'
#9 1.400 Collecting greenlet (from botchallenge)
#9 1.412   Downloading greenlet-3.2.4-cp311-cp311-manylinux_2_24_x86_64.manylinux_2_28_x86_64.whl.metadata (4.1 kB)
#9 1.448 Downloading greenlet-3.2.4-cp311-cp311-manylinux_2_24_x86_64.manylinux_2_28_x86_64.whl (587 kB)
#9 1.481    ━━━━━━━━━━━━━━━━━━━━━━━━━━━━━━━━━━━━━━━━ 587.7/587.7 kB 20.2 MB/s eta 0:00:00
#9 1.486 Building wheels for collected packages: botchallenge
#9 1.487   Building wheel for botchallenge (setup.py): started
#9 1.778   Building wheel for botchallenge (setup.py): finished with status 'done'
#9 1.780   Created wheel for botchallenge: filename=botchallenge-1.2.0-py3-none-any.whl size=249493 sha256=d7c60ffe92739f11beb861c5ac9cb17c02b18aa005f532ca7b9c22dc5e92de34
#9 1.780   Stored in directory: /root/.cache/pip/wheels/22/16/85/d9f52fb75abd7f266b9fcec19ea21d83e2cb1f211c9d6f5053
#9 1.782 Successfully built botchallenge
#9 1.827 Installing collected packages: greenlet, botchallenge
#9 2.044 Successfully installed botchallenge-1.2.0 greenlet-3.2.4
#9 2.044 WARNING: Running pip as the 'root' user can result in broken permissions and conflicting behaviour with the system package manager. It is recommended to use a virtual environment instead: https://pip.pypa.io/warnings/venv
#9 2.051 
#9 2.051 [notice] A new release of pip is available: 24.0 -> 25.3
#9 2.051 [notice] To update, run: pip install --upgrade pip
#9 DONE 2.3s

#10 [ 6/44] RUN ["pip","install","Google-Search-API"]
#10 0.564 Collecting Google-Search-API
#10 0.603   Downloading Google_Search_API-1.1.14-py3-none-any.whl.metadata (909 bytes)
#10 0.657 Collecting beautifulsoup4 (from Google-Search-API)
#10 0.666   Downloading beautifulsoup4-4.14.2-py3-none-any.whl.metadata (3.8 kB)
#10 0.739 Collecting selenium<3.0.0,>=2.44.0 (from Google-Search-API)
#10 0.749   Downloading selenium-2.53.6-py2.py3-none-any.whl.metadata (5.1 kB)
#10 0.760 Requirement already satisfied: requests in /usr/local/lib/python3.11/site-packages (from Google-Search-API) (2.32.5)
#10 0.792 Collecting unidecode (from Google-Search-API)
#10 0.802   Downloading Unidecode-1.4.0-py3-none-any.whl.metadata (13 kB)
#10 0.855 Collecting vcrpy (from Google-Search-API)
#10 0.864   Downloading vcrpy-7.0.0-py2.py3-none-any.whl.metadata (4.6 kB)
#10 0.907 Collecting future (from Google-Search-API)
#10 0.915   Downloading future-1.0.0-py3-none-any.whl.metadata (4.0 kB)
#10 0.959 Collecting fake-useragent (from Google-Search-API)
#10 0.968   Downloading fake_useragent-2.2.0-py3-none-any.whl.metadata (17 kB)
#10 1.021 Collecting soupsieve>1.2 (from beautifulsoup4->Google-Search-API)
#10 1.030   Downloading soupsieve-2.8-py3-none-any.whl.metadata (4.6 kB)
#10 1.080 Collecting typing-extensions>=4.0.0 (from beautifulsoup4->Google-Search-API)
#10 1.088   Downloading typing_extensions-4.15.0-py3-none-any.whl.metadata (3.3 kB)
#10 1.105 Requirement already satisfied: charset_normalizer<4,>=2 in /usr/local/lib/python3.11/site-packages (from requests->Google-Search-API) (3.4.4)
#10 1.106 Requirement already satisfied: idna<4,>=2.5 in /usr/local/lib/python3.11/site-packages (from requests->Google-Search-API) (3.11)
#10 1.107 Requirement already satisfied: urllib3<3,>=1.21.1 in /usr/local/lib/python3.11/site-packages (from requests->Google-Search-API) (2.5.0)
#10 1.108 Requirement already satisfied: certifi>=2017.4.17 in /usr/local/lib/python3.11/site-packages (from requests->Google-Search-API) (2025.10.5)
#10 1.167 Collecting PyYAML (from vcrpy->Google-Search-API)
#10 1.175   Downloading pyyaml-6.0.3-cp311-cp311-manylinux2014_x86_64.manylinux_2_17_x86_64.manylinux_2_28_x86_64.whl.metadata (2.4 kB)
#10 1.322 Collecting wrapt (from vcrpy->Google-Search-API)
#10 1.331   Downloading wrapt-2.0.0-cp311-cp311-manylinux1_x86_64.manylinux_2_28_x86_64.manylinux_2_5_x86_64.whl.metadata (8.8 kB)
#10 1.638 Collecting yarl (from vcrpy->Google-Search-API)
#10 1.646   Downloading yarl-1.22.0-cp311-cp311-manylinux2014_x86_64.manylinux_2_17_x86_64.manylinux_2_28_x86_64.whl.metadata (75 kB)
#10 1.680      ━━━━━━━━━━━━━━━━━━━━━━━━━━━━━━━━━━━━━━━━ 75.1/75.1 kB 2.1 MB/s eta 0:00:00
#10 1.969 Collecting multidict>=4.0 (from yarl->vcrpy->Google-Search-API)
#10 1.979   Downloading multidict-6.7.0-cp311-cp311-manylinux2014_x86_64.manylinux_2_17_x86_64.manylinux_2_28_x86_64.whl.metadata (5.3 kB)
#10 2.118 Collecting propcache>=0.2.1 (from yarl->vcrpy->Google-Search-API)
#10 2.126   Downloading propcache-0.4.1-cp311-cp311-manylinux2014_x86_64.manylinux_2_17_x86_64.manylinux_2_28_x86_64.whl.metadata (13 kB)
#10 2.153 Downloading Google_Search_API-1.1.14-py3-none-any.whl (19 kB)
#10 2.174 Downloading selenium-2.53.6-py2.py3-none-any.whl (884 kB)
#10 2.218    ━━━━━━━━━━━━━━━━━━━━━━━━━━━━━━━━━━━━━━━━ 884.6/884.6 kB 20.8 MB/s eta 0:00:00
#10 2.227 Downloading beautifulsoup4-4.14.2-py3-none-any.whl (106 kB)
#10 2.241    ━━━━━━━━━━━━━━━━━━━━━━━━━━━━━━━━━━━━━━━━ 106.4/106.4 kB 7.9 MB/s eta 0:00:00
#10 2.251 Downloading fake_useragent-2.2.0-py3-none-any.whl (161 kB)
#10 2.266    ━━━━━━━━━━━━━━━━━━━━━━━━━━━━━━━━━━━━━━━━ 161.7/161.7 kB 11.8 MB/s eta 0:00:00
#10 2.275 Downloading future-1.0.0-py3-none-any.whl (491 kB)
#10 2.303    ━━━━━━━━━━━━━━━━━━━━━━━━━━━━━━━━━━━━━━━━ 491.3/491.3 kB 17.9 MB/s eta 0:00:00
#10 2.314 Downloading Unidecode-1.4.0-py3-none-any.whl (235 kB)
#10 2.331    ━━━━━━━━━━━━━━━━━━━━━━━━━━━━━━━━━━━━━━━━ 235.8/235.8 kB 15.1 MB/s eta 0:00:00
#10 2.340 Downloading vcrpy-7.0.0-py2.py3-none-any.whl (42 kB)
#10 2.352    ━━━━━━━━━━━━━━━━━━━━━━━━━━━━━━━━━━━━━━━━ 42.3/42.3 kB 3.0 MB/s eta 0:00:00
#10 2.361 Downloading soupsieve-2.8-py3-none-any.whl (36 kB)
#10 2.380 Downloading typing_extensions-4.15.0-py3-none-any.whl (44 kB)
#10 2.392    ━━━━━━━━━━━━━━━━━━━━━━━━━━━━━━━━━━━━━━━━ 44.6/44.6 kB 3.7 MB/s eta 0:00:00
#10 2.401 Downloading pyyaml-6.0.3-cp311-cp311-manylinux2014_x86_64.manylinux_2_17_x86_64.manylinux_2_28_x86_64.whl (806 kB)
#10 2.436    ━━━━━━━━━━━━━━━━━━━━━━━━━━━━━━━━━━━━━━━━ 806.6/806.6 kB 24.1 MB/s eta 0:00:00
#10 2.445 Downloading wrapt-2.0.0-cp311-cp311-manylinux1_x86_64.manylinux_2_28_x86_64.manylinux_2_5_x86_64.whl (114 kB)
#10 2.460    ━━━━━━━━━━━━━━━━━━━━━━━━━━━━━━━━━━━━━━━━ 114.1/114.1 kB 7.7 MB/s eta 0:00:00
#10 2.469 Downloading yarl-1.22.0-cp311-cp311-manylinux2014_x86_64.manylinux_2_17_x86_64.manylinux_2_28_x86_64.whl (365 kB)
#10 2.490    ━━━━━━━━━━━━━━━━━━━━━━━━━━━━━━━━━━━━━━━━ 365.8/365.8 kB 18.7 MB/s eta 0:00:00
#10 2.499 Downloading multidict-6.7.0-cp311-cp311-manylinux2014_x86_64.manylinux_2_17_x86_64.manylinux_2_28_x86_64.whl (246 kB)
#10 2.517    ━━━━━━━━━━━━━━━━━━━━━━━━━━━━━━━━━━━━━━━━ 246.7/246.7 kB 14.5 MB/s eta 0:00:00
#10 2.526 Downloading propcache-0.4.1-cp311-cp311-manylinux2014_x86_64.manylinux_2_17_x86_64.manylinux_2_28_x86_64.whl (210 kB)
#10 2.544    ━━━━━━━━━━━━━━━━━━━━━━━━━━━━━━━━━━━━━━━━ 210.0/210.0 kB 12.7 MB/s eta 0:00:00
#10 2.638 Installing collected packages: selenium, wrapt, unidecode, typing-extensions, soupsieve, PyYAML, propcache, multidict, future, fake-useragent, yarl, beautifulsoup4, vcrpy, Google-Search-API
#10 3.420 Successfully installed Google-Search-API-1.1.14 PyYAML-6.0.3 beautifulsoup4-4.14.2 fake-useragent-2.2.0 future-1.0.0 multidict-6.7.0 propcache-0.4.1 selenium-2.53.6 soupsieve-2.8 typing-extensions-4.15.0 unidecode-1.4.0 vcrpy-7.0.0 wrapt-2.0.0 yarl-1.22.0
#10 3.420 WARNING: Running pip as the 'root' user can result in broken permissions and conflicting behaviour with the system package manager. It is recommended to use a virtual environment instead: https://pip.pypa.io/warnings/venv
#10 3.425 
#10 3.425 [notice] A new release of pip is available: 24.0 -> 25.3
#10 3.425 [notice] To update, run: pip install --upgrade pip
#10 DONE 3.8s

#11 [ 7/44] RUN ["pip","install","proto-google-datastore-v1beta3"]
#11 0.627 Collecting proto-google-datastore-v1beta3
#11 0.674   Downloading proto-google-datastore-v1beta3-1.0.0-beta.2.tar.gz (22 kB)
#11 0.701   Preparing metadata (setup.py): started
#11 0.882   Preparing metadata (setup.py): finished with status 'done'
#11 1.093 Collecting protobuf==3.0.0b2.post2 (from proto-google-datastore-v1beta3)
#11 1.103   Downloading protobuf-3.0.0b2.post2.zip (155 kB)
#11 1.135      ━━━━━━━━━━━━━━━━━━━━━━━━━━━━━━━━━━━━━━━ 155.1/155.1 kB 4.8 MB/s eta 0:00:00
#11 1.144   Preparing metadata (setup.py): started
#11 1.279   Preparing metadata (setup.py): finished with status 'error'
#11 1.283   error: subprocess-exited-with-error
#11 1.283   
#11 1.283   × python setup.py egg_info did not run successfully.
#11 1.283   │ exit code: 1
#11 1.283   ╰─> [6 lines of output]
#11 1.283       Traceback (most recent call last):
#11 1.283         File "<string>", line 2, in <module>
#11 1.283         File "<pip-setuptools-caller>", line 34, in <module>
#11 1.283         File "/tmp/pip-install-8kmxrheg/protobuf_4c4e91ee2166475f89547d379a4af165/setup.py", line 17, in <module>
#11 1.283           from distutils.command.build_py import build_py_2to3 as _build_py
#11 1.283       ImportError: cannot import name 'build_py_2to3' from 'distutils.command.build_py' (/usr/local/lib/python3.11/site-packages/setuptools/_distutils/command/build_py.py)
#11 1.283       [end of output]
#11 1.283   
#11 1.283   note: This error originates from a subprocess, and is likely not a problem with pip.
#11 1.284 error: metadata-generation-failed
#11 1.284 
#11 1.284 × Encountered error while generating package metadata.
#11 1.284 ╰─> See above for output.
#11 1.284 
#11 1.284 note: This is an issue with the package mentioned above, not pip.
#11 1.284 hint: See above for details.
#11 1.289 
#11 1.289 [notice] A new release of pip is available: 24.0 -> 25.3
#11 1.289 [notice] To update, run: pip install --upgrade pip
#11 ERROR: process "pip install proto-google-datastore-v1beta3" did not complete successfully: exit code: 1
------
 > [ 7/44] RUN ["pip","install","proto-google-datastore-v1beta3"]:
1.284 error: metadata-generation-failed
1.284 
1.284 × Encountered error while generating package metadata.
1.284 ╰─> See above for output.
1.284 
1.284 note: This is an issue with the package mentioned above, not pip.
1.284 hint: See above for details.
1.289 
1.289 [notice] A new release of pip is available: 24.0 -> 25.3
1.289 [notice] To update, run: pip install --upgrade pip
------
Dockerfile:7
--------------------
   5 |     RUN ["pip","install","botchallenge"]
   6 |     RUN ["pip","install","Google-Search-API"]
   7 | >>> RUN ["pip","install","proto-google-datastore-v1beta3"]
   8 |     RUN ["pip","install","gtfs-realtime-bindings"]
   9 |     RUN ["pip","install","google-gax"]
--------------------
ERROR: failed to build: failed to solve: process "pip install proto-google-datastore-v1beta3" did not complete successfully: exit code: 1

View build details: docker-desktop://dashboard/build/default/default/o38cdv0g5anzsh74p35i8d9s8
[2025-10-29 14:58:52] ERROR: Build failed for 4724761
