=== Docker Build Log for 67effa81dd1cd5a488b4 ===
Started at: Mi 29. Okt 16:43:33 CET 2025

[2025-10-29 16:43:33] START: Building image for 67effa81dd1cd5a488b4
#0 building with "default" instance using docker driver

#1 [internal] load build definition from Dockerfile
#1 transferring dockerfile: 145B done
#1 DONE 0.0s

#2 [internal] load metadata for docker.io/library/python:3.11
#2 DONE 0.0s

#3 [internal] load .dockerignore
#3 transferring context: 2B done
#3 DONE 0.0s

#4 [internal] load build context
#4 transferring context: 30.19kB 0.0s done
#4 DONE 0.0s

#5 [1/2] FROM docker.io/library/python:3.11
#5 CACHED

#6 [2/2] COPY hard-gists/67effa81dd1cd5a488b4/snippet.py /snippet.py
#6 DONE 0.1s

#7 exporting to image
#7 exporting layers 0.0s done
#7 writing image sha256:3436118e4be0f3447b6186ff6bb017b6e64a86614c82d1e9d90b3289a69b91ca done
#7 naming to docker.io/library/test-image-67effa81dd1cd5a488b4 0.0s done
#7 DONE 0.1s

View build details: docker-desktop://dashboard/build/default/default/yrcsrwsmd8etmjhngwsu5tpjt
[2025-10-29 16:43:34] SUCCESS: Build completed for 67effa81dd1cd5a488b4
