=== Docker Build Log for 3116927 ===
Started at: Mi 29. Okt 13:41:02 CET 2025

[2025-10-29 13:41:02] START: Building image for 3116927
#0 building with "default" instance using docker driver

#1 [internal] load build definition from Dockerfile
#1 transferring dockerfile: 194B done
#1 DONE 0.0s

#2 [internal] load metadata for docker.io/library/python:3.11
#2 DONE 0.0s

#3 [internal] load .dockerignore
#3 transferring context: 2B done
#3 DONE 0.0s

#4 [internal] load build context
#4 transferring context: 663B 0.0s done
#4 DONE 0.0s

#5 [1/4] FROM docker.io/library/python:3.11
#5 CACHED

#6 [2/4] COPY hard-gists/3116927/snippet.py /snippet.py
#6 DONE 0.1s

#7 [3/4] RUN ["pip","install","numpy"]
#7 2.032 Collecting numpy
#7 2.072   Downloading numpy-2.3.4-cp311-cp311-manylinux_2_27_x86_64.manylinux_2_28_x86_64.whl.metadata (62 kB)
#7 2.100      ━━━━━━━━━━━━━━━━━━━━━━━━━━━━━━━━━━━━━━━━ 62.1/62.1 kB 2.0 MB/s eta 0:00:00
#7 2.119 Downloading numpy-2.3.4-cp311-cp311-manylinux_2_27_x86_64.manylinux_2_28_x86_64.whl (16.9 MB)
#7 2.828    ━━━━━━━━━━━━━━━━━━━━━━━━━━━━━━━━━━━━━━━━ 16.9/16.9 MB 21.0 MB/s eta 0:00:00
#7 2.904 Installing collected packages: numpy
#7 4.308 Successfully installed numpy-2.3.4
#7 4.308 WARNING: Running pip as the 'root' user can result in broken permissions and conflicting behaviour with the system package manager. It is recommended to use a virtual environment instead: https://pip.pypa.io/warnings/venv
#7 4.401 
#7 4.401 [notice] A new release of pip is available: 24.0 -> 25.3
#7 4.401 [notice] To update, run: pip install --upgrade pip
#7 DONE 5.1s

#8 [4/4] RUN ["pip","install","scipy"]
#8 0.633 Collecting scipy
#8 0.668   Downloading scipy-1.16.3-cp311-cp311-manylinux2014_x86_64.manylinux_2_17_x86_64.whl.metadata (62 kB)
#8 0.689      ━━━━━━━━━━━━━━━━━━━━━━━━━━━━━━━━━━━━━━━━ 62.0/62.0 kB 2.7 MB/s eta 0:00:00
#8 0.718 Requirement already satisfied: numpy<2.6,>=1.25.2 in /usr/local/lib/python3.11/site-packages (from scipy) (2.3.4)
#8 0.730 Downloading scipy-1.16.3-cp311-cp311-manylinux2014_x86_64.manylinux_2_17_x86_64.whl (35.9 MB)
#8 2.170    ━━━━━━━━━━━━━━━━━━━━━━━━━━━━━━━━━━━━━━━━ 35.9/35.9 MB 16.2 MB/s eta 0:00:00
#8 2.304 Installing collected packages: scipy
#8 4.939 Successfully installed scipy-1.16.3
#8 4.939 WARNING: Running pip as the 'root' user can result in broken permissions and conflicting behaviour with the system package manager. It is recommended to use a virtual environment instead: https://pip.pypa.io/warnings/venv
#8 4.944 
#8 4.944 [notice] A new release of pip is available: 24.0 -> 25.3
#8 4.944 [notice] To update, run: pip install --upgrade pip
#8 DONE 6.4s

#9 exporting to image
#9 exporting layers
#9 exporting layers 0.7s done
#9 writing image sha256:4bebf9619d5a5093ba07833741ca55d03aab1805566063df5b7c6dd378929f2a done
#9 naming to docker.io/library/test-image-3116927 done
#9 DONE 0.7s

View build details: docker-desktop://dashboard/build/default/default/syfqx9xf9fj7zx87ksux4dk0e
[2025-10-29 13:41:15] SUCCESS: Build completed for 3116927
