=== Docker Build Log for ce5ebb37390ab0ae56c9e6e80128fdc2 ===
Started at: Mi 29. Okt 20:19:03 CET 2025

[2025-10-29 20:19:03] START: Building image for ce5ebb37390ab0ae56c9e6e80128fdc2
#0 building with "default" instance using docker driver

#1 [internal] load build definition from Dockerfile
#1 transferring dockerfile: 157B done
#1 DONE 0.0s

#2 [internal] load metadata for docker.io/library/python:3.11
#2 DONE 0.0s

#3 [internal] load .dockerignore
#3 transferring context: 2B done
#3 DONE 0.0s

#4 [internal] load build context
#4 transferring context: 1.72kB 0.0s done
#4 DONE 0.0s

#5 [1/2] FROM docker.io/library/python:3.11
#5 CACHED

#6 [2/2] COPY hard-gists/ce5ebb37390ab0ae56c9e6e80128fdc2/snippet.py /snippet.py
#6 DONE 0.1s

#7 exporting to image
#7 exporting layers 0.0s done
#7 writing image sha256:4324fd1416354b9c8769c5eb11e874b8199a7eaba3f30a7120b276e8bc57a0ba done
#7 naming to docker.io/library/test-image-ce5ebb37390ab0ae56c9e6e80128fdc2 done
#7 DONE 0.1s

View build details: docker-desktop://dashboard/build/default/default/z1qw44yti3obwbjksxaw3u5f5
[2025-10-29 20:19:03] SUCCESS: Build completed for ce5ebb37390ab0ae56c9e6e80128fdc2
