=== Docker Build Log for 6e1016cc188104d123676ccef3264981 ===
Started at: Mi 29. Okt 16:51:35 CET 2025

[2025-10-29 16:51:35] START: Building image for 6e1016cc188104d123676ccef3264981
#0 building with "default" instance using docker driver

#1 [internal] load build definition from Dockerfile
#1 transferring dockerfile: 225B done
#1 DONE 0.0s

#2 [internal] load metadata for docker.io/library/python:3.11
#2 DONE 0.0s

#3 [internal] load .dockerignore
#3 transferring context: 2B done
#3 DONE 0.0s

#4 [internal] load build context
#4 transferring context: 3.46kB 0.0s done
#4 DONE 0.0s

#5 [1/4] FROM docker.io/library/python:3.11
#5 CACHED

#6 [2/4] COPY hard-gists/6e1016cc188104d123676ccef3264981/snippet.py /snippet.py
#6 DONE 0.1s

#7 [3/4] RUN ["pip","install","keras"]
#7 2.120 Collecting keras
#7 2.156   Downloading keras-3.12.0-py3-none-any.whl.metadata (5.9 kB)
#7 2.200 Collecting absl-py (from keras)
#7 2.208   Downloading absl_py-2.3.1-py3-none-any.whl.metadata (3.3 kB)
#7 2.427 Collecting numpy (from keras)
#7 2.436   Downloading numpy-2.3.4-cp311-cp311-manylinux_2_27_x86_64.manylinux_2_28_x86_64.whl.metadata (62 kB)
#7 2.470      ━━━━━━━━━━━━━━━━━━━━━━━━━━━━━━━━━━━━━━━━ 62.1/62.1 kB 1.6 MB/s eta 0:00:00
#7 2.557 Collecting rich (from keras)
#7 2.567   Downloading rich-14.2.0-py3-none-any.whl.metadata (18 kB)
#7 2.603 Collecting namex (from keras)
#7 2.612   Downloading namex-0.1.0-py3-none-any.whl.metadata (322 bytes)
#7 2.680 Collecting h5py (from keras)
#7 2.688   Downloading h5py-3.15.1-cp311-cp311-manylinux_2_27_x86_64.manylinux_2_28_x86_64.whl.metadata (3.0 kB)
#7 2.795 Collecting optree (from keras)
#7 2.804   Downloading optree-0.17.0-cp311-cp311-manylinux_2_27_x86_64.manylinux_2_28_x86_64.whl.metadata (33 kB)
#7 2.856 Collecting ml-dtypes (from keras)
#7 2.868   Downloading ml_dtypes-0.5.3-cp311-cp311-manylinux_2_27_x86_64.manylinux_2_28_x86_64.whl.metadata (8.9 kB)
#7 2.933 Collecting packaging (from keras)
#7 2.941   Downloading packaging-25.0-py3-none-any.whl.metadata (3.3 kB)
#7 3.030 Collecting typing-extensions>=4.6.0 (from optree->keras)
#7 3.039   Downloading typing_extensions-4.15.0-py3-none-any.whl.metadata (3.3 kB)
#7 3.086 Collecting markdown-it-py>=2.2.0 (from rich->keras)
#7 3.094   Downloading markdown_it_py-4.0.0-py3-none-any.whl.metadata (7.3 kB)
#7 3.145 Collecting pygments<3.0.0,>=2.13.0 (from rich->keras)
#7 3.153   Downloading pygments-2.19.2-py3-none-any.whl.metadata (2.5 kB)
#7 3.205 Collecting mdurl~=0.1 (from markdown-it-py>=2.2.0->rich->keras)
#7 3.213   Downloading mdurl-0.1.2-py3-none-any.whl.metadata (1.6 kB)
#7 3.237 Downloading keras-3.12.0-py3-none-any.whl (1.5 MB)
#7 3.372    ━━━━━━━━━━━━━━━━━━━━━━━━━━━━━━━━━━━━━━━━ 1.5/1.5 MB 10.9 MB/s eta 0:00:00
#7 3.381 Downloading absl_py-2.3.1-py3-none-any.whl (135 kB)
#7 3.401    ━━━━━━━━━━━━━━━━━━━━━━━━━━━━━━━━━━━━━━━━ 135.8/135.8 kB 6.7 MB/s eta 0:00:00
#7 3.411 Downloading h5py-3.15.1-cp311-cp311-manylinux_2_27_x86_64.manylinux_2_28_x86_64.whl (4.7 MB)
#7 3.769    ━━━━━━━━━━━━━━━━━━━━━━━━━━━━━━━━━━━━━━━━ 4.7/4.7 MB 13.2 MB/s eta 0:00:00
#7 3.777 Downloading numpy-2.3.4-cp311-cp311-manylinux_2_27_x86_64.manylinux_2_28_x86_64.whl (16.9 MB)
#7 4.880    ━━━━━━━━━━━━━━━━━━━━━━━━━━━━━━━━━━━━━━━━ 16.9/16.9 MB 14.6 MB/s eta 0:00:00
#7 4.898 Downloading ml_dtypes-0.5.3-cp311-cp311-manylinux_2_27_x86_64.manylinux_2_28_x86_64.whl (4.9 MB)
#7 5.147    ━━━━━━━━━━━━━━━━━━━━━━━━━━━━━━━━━━━━━━━━ 4.9/4.9 MB 19.9 MB/s eta 0:00:00
#7 5.156 Downloading namex-0.1.0-py3-none-any.whl (5.9 kB)
#7 5.175 Downloading optree-0.17.0-cp311-cp311-manylinux_2_27_x86_64.manylinux_2_28_x86_64.whl (402 kB)
#7 5.203    ━━━━━━━━━━━━━━━━━━━━━━━━━━━━━━━━━━━━━━━━ 402.0/402.0 kB 14.9 MB/s eta 0:00:00
#7 5.211 Downloading packaging-25.0-py3-none-any.whl (66 kB)
#7 5.226    ━━━━━━━━━━━━━━━━━━━━━━━━━━━━━━━━━━━━━━━━ 66.5/66.5 kB 4.2 MB/s eta 0:00:00
#7 5.234 Downloading rich-14.2.0-py3-none-any.whl (243 kB)
#7 5.252    ━━━━━━━━━━━━━━━━━━━━━━━━━━━━━━━━━━━━━━━━ 243.4/243.4 kB 14.8 MB/s eta 0:00:00
#7 5.260 Downloading markdown_it_py-4.0.0-py3-none-any.whl (87 kB)
#7 5.271    ━━━━━━━━━━━━━━━━━━━━━━━━━━━━━━━━━━━━━━━━ 87.3/87.3 kB 8.2 MB/s eta 0:00:00
#7 5.279 Downloading pygments-2.19.2-py3-none-any.whl (1.2 MB)
#7 5.337    ━━━━━━━━━━━━━━━━━━━━━━━━━━━━━━━━━━━━━━━━ 1.2/1.2 MB 21.6 MB/s eta 0:00:00
#7 5.347 Downloading typing_extensions-4.15.0-py3-none-any.whl (44 kB)
#7 5.359    ━━━━━━━━━━━━━━━━━━━━━━━━━━━━━━━━━━━━━━━━ 44.6/44.6 kB 3.1 MB/s eta 0:00:00
#7 5.367 Downloading mdurl-0.1.2-py3-none-any.whl (10.0 kB)
#7 5.539 Installing collected packages: namex, typing-extensions, pygments, packaging, numpy, mdurl, absl-py, optree, ml-dtypes, markdown-it-py, h5py, rich, keras
#7 9.359 Successfully installed absl-py-2.3.1 h5py-3.15.1 keras-3.12.0 markdown-it-py-4.0.0 mdurl-0.1.2 ml-dtypes-0.5.3 namex-0.1.0 numpy-2.3.4 optree-0.17.0 packaging-25.0 pygments-2.19.2 rich-14.2.0 typing-extensions-4.15.0
#7 9.359 WARNING: Running pip as the 'root' user can result in broken permissions and conflicting behaviour with the system package manager. It is recommended to use a virtual environment instead: https://pip.pypa.io/warnings/venv
#7 9.489 
#7 9.489 [notice] A new release of pip is available: 24.0 -> 25.3
#7 9.489 [notice] To update, run: pip install --upgrade pip
#7 DONE 10.8s

#8 [4/4] RUN ["pip","install","keras-utils"]
#8 0.557 Collecting keras-utils
#8 0.599   Downloading keras-utils-1.0.13.tar.gz (2.4 kB)
#8 0.616   Preparing metadata (setup.py): started
#8 1.027   Preparing metadata (setup.py): finished with status 'done'
#8 1.029 Requirement already satisfied: Keras>=2.1.5 in /usr/local/lib/python3.11/site-packages (from keras-utils) (3.12.0)
#8 1.033 Requirement already satisfied: absl-py in /usr/local/lib/python3.11/site-packages (from Keras>=2.1.5->keras-utils) (2.3.1)
#8 1.038 Requirement already satisfied: numpy in /usr/local/lib/python3.11/site-packages (from Keras>=2.1.5->keras-utils) (2.3.4)
#8 1.039 Requirement already satisfied: rich in /usr/local/lib/python3.11/site-packages (from Keras>=2.1.5->keras-utils) (14.2.0)
#8 1.039 Requirement already satisfied: namex in /usr/local/lib/python3.11/site-packages (from Keras>=2.1.5->keras-utils) (0.1.0)
#8 1.040 Requirement already satisfied: h5py in /usr/local/lib/python3.11/site-packages (from Keras>=2.1.5->keras-utils) (3.15.1)
#8 1.041 Requirement already satisfied: optree in /usr/local/lib/python3.11/site-packages (from Keras>=2.1.5->keras-utils) (0.17.0)
#8 1.042 Requirement already satisfied: ml-dtypes in /usr/local/lib/python3.11/site-packages (from Keras>=2.1.5->keras-utils) (0.5.3)
#8 1.042 Requirement already satisfied: packaging in /usr/local/lib/python3.11/site-packages (from Keras>=2.1.5->keras-utils) (25.0)
#8 1.079 Requirement already satisfied: typing-extensions>=4.6.0 in /usr/local/lib/python3.11/site-packages (from optree->Keras>=2.1.5->keras-utils) (4.15.0)
#8 1.083 Requirement already satisfied: markdown-it-py>=2.2.0 in /usr/local/lib/python3.11/site-packages (from rich->Keras>=2.1.5->keras-utils) (4.0.0)
#8 1.084 Requirement already satisfied: pygments<3.0.0,>=2.13.0 in /usr/local/lib/python3.11/site-packages (from rich->Keras>=2.1.5->keras-utils) (2.19.2)
#8 1.099 Requirement already satisfied: mdurl~=0.1 in /usr/local/lib/python3.11/site-packages (from markdown-it-py>=2.2.0->rich->Keras>=2.1.5->keras-utils) (0.1.2)
#8 1.103 Building wheels for collected packages: keras-utils
#8 1.103   Building wheel for keras-utils (setup.py): started
#8 1.304   Building wheel for keras-utils (setup.py): finished with status 'done'
#8 1.304   Created wheel for keras-utils: filename=keras_utils-1.0.13-py3-none-any.whl size=2685 sha256=46012050cd1a49479c721bd2fb5bcadf305039e967a1768037835affc1f7914b
#8 1.304   Stored in directory: /root/.cache/pip/wheels/84/04/c8/f3d21e09aa3a1e25bc4a4fc07341ca073d7372f33dbd344a06
#8 1.306 Successfully built keras-utils
#8 1.390 Installing collected packages: keras-utils
#8 1.414 Successfully installed keras-utils-1.0.13
#8 1.414 WARNING: Running pip as the 'root' user can result in broken permissions and conflicting behaviour with the system package manager. It is recommended to use a virtual environment instead: https://pip.pypa.io/warnings/venv
#8 1.420 
#8 1.420 [notice] A new release of pip is available: 24.0 -> 25.3
#8 1.420 [notice] To update, run: pip install --upgrade pip
#8 DONE 1.5s

#9 exporting to image
#9 exporting layers
#9 exporting layers 1.0s done
#9 writing image sha256:dcd7c92a0a0fb5581e7388161a2e4369eb0a534885ccf9526c3d63f72b32b137 done
#9 naming to docker.io/library/test-image-6e1016cc188104d123676ccef3264981 done
#9 DONE 1.1s

View build details: docker-desktop://dashboard/build/default/default/adj527aitfyqil0f6bex5yj2u
[2025-10-29 16:51:48] SUCCESS: Build completed for 6e1016cc188104d123676ccef3264981
