=== Docker Build Log for 2eec49ca1e4f58c5310d72918d991ef6 ===
Started at: Mi 29. Okt 13:33:16 CET 2025

[2025-10-29 13:33:16] START: Building image for 2eec49ca1e4f58c5310d72918d991ef6
#0 building with "default" instance using docker driver

#1 [internal] load build definition from Dockerfile
#1 transferring dockerfile: 194B done
#1 DONE 0.0s

#2 [internal] load metadata for docker.io/library/python:3.11
#2 DONE 0.0s

#3 [internal] load .dockerignore
#3 transferring context: 2B done
#3 DONE 0.0s

#4 [internal] load build context
#4 transferring context: 592B 0.0s done
#4 DONE 0.0s

#5 [1/3] FROM docker.io/library/python:3.11
#5 CACHED

#6 [2/3] COPY hard-gists/2eec49ca1e4f58c5310d72918d991ef6/snippet.py /snippet.py
#6 DONE 0.1s

#7 [3/3] RUN ["pip","install","tensorflow"]
#7 2.008 Collecting tensorflow
#7 2.051   Downloading tensorflow-2.20.0-cp311-cp311-manylinux_2_17_x86_64.manylinux2014_x86_64.whl.metadata (4.5 kB)
#7 2.110 Collecting absl-py>=1.0.0 (from tensorflow)
#7 2.118   Downloading absl_py-2.3.1-py3-none-any.whl.metadata (3.3 kB)
#7 2.151 Collecting astunparse>=1.6.0 (from tensorflow)
#7 2.160   Downloading astunparse-1.6.3-py2.py3-none-any.whl.metadata (4.4 kB)
#7 2.199 Collecting flatbuffers>=24.3.25 (from tensorflow)
#7 2.208   Downloading flatbuffers-25.9.23-py2.py3-none-any.whl.metadata (875 bytes)
#7 2.244 Collecting gast!=0.5.0,!=0.5.1,!=0.5.2,>=0.2.1 (from tensorflow)
#7 2.252   Downloading gast-0.6.0-py3-none-any.whl.metadata (1.3 kB)
#7 2.288 Collecting google_pasta>=0.1.1 (from tensorflow)
#7 2.298   Downloading google_pasta-0.2.0-py3-none-any.whl.metadata (814 bytes)
#7 2.336 Collecting libclang>=13.0.0 (from tensorflow)
#7 2.345   Downloading libclang-18.1.1-py2.py3-none-manylinux2010_x86_64.whl.metadata (5.2 kB)
#7 2.382 Collecting opt_einsum>=2.3.2 (from tensorflow)
#7 2.391   Downloading opt_einsum-3.4.0-py3-none-any.whl.metadata (6.3 kB)
#7 2.435 Collecting packaging (from tensorflow)
#7 2.444   Downloading packaging-25.0-py3-none-any.whl.metadata (3.3 kB)
#7 2.636 Collecting protobuf>=5.28.0 (from tensorflow)
#7 2.645   Downloading protobuf-6.33.0-cp39-abi3-manylinux2014_x86_64.whl.metadata (593 bytes)
#7 2.707 Collecting requests<3,>=2.21.0 (from tensorflow)
#7 2.714   Downloading requests-2.32.5-py3-none-any.whl.metadata (4.9 kB)
#7 2.734 Requirement already satisfied: setuptools in /usr/local/lib/python3.11/site-packages (from tensorflow) (79.0.1)
#7 2.762 Collecting six>=1.12.0 (from tensorflow)
#7 2.771   Downloading six-1.17.0-py2.py3-none-any.whl.metadata (1.7 kB)
#7 2.814 Collecting termcolor>=1.1.0 (from tensorflow)
#7 2.822   Downloading termcolor-3.2.0-py3-none-any.whl.metadata (6.4 kB)
#7 2.875 Collecting typing_extensions>=3.6.6 (from tensorflow)
#7 2.883   Downloading typing_extensions-4.15.0-py3-none-any.whl.metadata (3.3 kB)
#7 3.032 Collecting wrapt>=1.11.0 (from tensorflow)
#7 3.040   Downloading wrapt-2.0.0-cp311-cp311-manylinux1_x86_64.manylinux_2_28_x86_64.manylinux_2_5_x86_64.whl.metadata (8.8 kB)
#7 3.528 Collecting grpcio<2.0,>=1.24.3 (from tensorflow)
#7 3.538   Downloading grpcio-1.76.0-cp311-cp311-manylinux2014_x86_64.manylinux_2_17_x86_64.whl.metadata (3.7 kB)
#7 3.583 Collecting tensorboard~=2.20.0 (from tensorflow)
#7 3.592   Downloading tensorboard-2.20.0-py3-none-any.whl.metadata (1.8 kB)
#7 3.638 Collecting keras>=3.10.0 (from tensorflow)
#7 3.647   Downloading keras-3.12.0-py3-none-any.whl.metadata (5.9 kB)
#7 3.866 Collecting numpy>=1.26.0 (from tensorflow)
#7 3.876   Downloading numpy-2.3.4-cp311-cp311-manylinux_2_27_x86_64.manylinux_2_28_x86_64.whl.metadata (62 kB)
#7 3.898      ━━━━━━━━━━━━━━━━━━━━━━━━━━━━━━━━━━━━━━━━ 62.1/62.1 kB 2.6 MB/s eta 0:00:00
#7 3.959 Collecting h5py>=3.11.0 (from tensorflow)
#7 3.970   Downloading h5py-3.15.1-cp311-cp311-manylinux_2_27_x86_64.manylinux_2_28_x86_64.whl.metadata (3.0 kB)
#7 4.019 Collecting ml_dtypes<1.0.0,>=0.5.1 (from tensorflow)
#7 4.029   Downloading ml_dtypes-0.5.3-cp311-cp311-manylinux_2_27_x86_64.manylinux_2_28_x86_64.whl.metadata (8.9 kB)
#7 4.043 Requirement already satisfied: wheel<1.0,>=0.23.0 in /usr/local/lib/python3.11/site-packages (from astunparse>=1.6.0->tensorflow) (0.45.1)
#7 4.133 Collecting rich (from keras>=3.10.0->tensorflow)
#7 4.141   Downloading rich-14.2.0-py3-none-any.whl.metadata (18 kB)
#7 4.176 Collecting namex (from keras>=3.10.0->tensorflow)
#7 4.186   Downloading namex-0.1.0-py3-none-any.whl.metadata (322 bytes)
#7 4.278 Collecting optree (from keras>=3.10.0->tensorflow)
#7 4.287   Downloading optree-0.17.0-cp311-cp311-manylinux_2_27_x86_64.manylinux_2_28_x86_64.whl.metadata (33 kB)
#7 4.422 Collecting charset_normalizer<4,>=2 (from requests<3,>=2.21.0->tensorflow)
#7 4.430   Downloading charset_normalizer-3.4.4-cp311-cp311-manylinux2014_x86_64.manylinux_2_17_x86_64.manylinux_2_28_x86_64.whl.metadata (37 kB)
#7 4.474 Collecting idna<4,>=2.5 (from requests<3,>=2.21.0->tensorflow)
#7 4.482   Downloading idna-3.11-py3-none-any.whl.metadata (8.4 kB)
#7 4.541 Collecting urllib3<3,>=1.21.1 (from requests<3,>=2.21.0->tensorflow)
#7 4.549   Downloading urllib3-2.5.0-py3-none-any.whl.metadata (6.5 kB)
#7 4.594 Collecting certifi>=2017.4.17 (from requests<3,>=2.21.0->tensorflow)
#7 4.601   Downloading certifi-2025.10.5-py3-none-any.whl.metadata (2.5 kB)
#7 4.666 Collecting markdown>=2.6.8 (from tensorboard~=2.20.0->tensorflow)
#7 4.674   Downloading markdown-3.9-py3-none-any.whl.metadata (5.1 kB)
#7 4.914 Collecting pillow (from tensorboard~=2.20.0->tensorflow)
#7 4.926   Downloading pillow-12.0.0-cp311-cp311-manylinux_2_27_x86_64.manylinux_2_28_x86_64.whl.metadata (8.8 kB)
#7 4.986 Collecting tensorboard-data-server<0.8.0,>=0.7.0 (from tensorboard~=2.20.0->tensorflow)
#7 4.995   Downloading tensorboard_data_server-0.7.2-py3-none-manylinux_2_31_x86_64.whl.metadata (1.1 kB)
#7 5.045 Collecting werkzeug>=1.0.1 (from tensorboard~=2.20.0->tensorflow)
#7 5.053   Downloading werkzeug-3.1.3-py3-none-any.whl.metadata (3.7 kB)
#7 5.191 Collecting MarkupSafe>=2.1.1 (from werkzeug>=1.0.1->tensorboard~=2.20.0->tensorflow)
#7 5.199   Downloading markupsafe-3.0.3-cp311-cp311-manylinux2014_x86_64.manylinux_2_17_x86_64.manylinux_2_28_x86_64.whl.metadata (2.7 kB)
#7 5.284 Collecting markdown-it-py>=2.2.0 (from rich->keras>=3.10.0->tensorflow)
#7 5.291   Downloading markdown_it_py-4.0.0-py3-none-any.whl.metadata (7.3 kB)
#7 5.337 Collecting pygments<3.0.0,>=2.13.0 (from rich->keras>=3.10.0->tensorflow)
#7 5.345   Downloading pygments-2.19.2-py3-none-any.whl.metadata (2.5 kB)
#7 5.393 Collecting mdurl~=0.1 (from markdown-it-py>=2.2.0->rich->keras>=3.10.0->tensorflow)
#7 5.401   Downloading mdurl-0.1.2-py3-none-any.whl.metadata (1.6 kB)
#7 5.435 Downloading tensorflow-2.20.0-cp311-cp311-manylinux_2_17_x86_64.manylinux2014_x86_64.whl (620.6 MB)
#7 32.45    ━━━━━━━━━━━━━━━━━━━━━━━━━━━━━━━━━━━━━━━━ 620.6/620.6 MB 1.4 MB/s eta 0:00:00
#7 32.46 Downloading absl_py-2.3.1-py3-none-any.whl (135 kB)
#7 33.32    ━━━━━━━━━━━━━━━━━━━━━━━━━━━━━━━━━━━━━━━ 135.8/135.8 kB 145.9 kB/s eta 0:00:00
#7 33.34 Downloading astunparse-1.6.3-py2.py3-none-any.whl (12 kB)
#7 34.17 Downloading flatbuffers-25.9.23-py2.py3-none-any.whl (30 kB)
#7 35.03 Downloading gast-0.6.0-py3-none-any.whl (21 kB)
#7 35.44 Downloading google_pasta-0.2.0-py3-none-any.whl (57 kB)
#7 35.45    ━━━━━━━━━━━━━━━━━━━━━━━━━━━━━━━━━━━━━━━━ 57.5/57.5 kB 4.8 MB/s eta 0:00:00
#7 35.46 Downloading grpcio-1.76.0-cp311-cp311-manylinux2014_x86_64.manylinux_2_17_x86_64.whl (6.6 MB)
#7 35.72    ━━━━━━━━━━━━━━━━━━━━━━━━━━━━━━━━━━━━━━━━ 6.6/6.6 MB 25.3 MB/s eta 0:00:00
#7 35.73 Downloading h5py-3.15.1-cp311-cp311-manylinux_2_27_x86_64.manylinux_2_28_x86_64.whl (4.7 MB)
#7 35.92    ━━━━━━━━━━━━━━━━━━━━━━━━━━━━━━━━━━━━━━━━ 4.7/4.7 MB 25.5 MB/s eta 0:00:00
#7 35.93 Downloading keras-3.12.0-py3-none-any.whl (1.5 MB)
#7 35.99    ━━━━━━━━━━━━━━━━━━━━━━━━━━━━━━━━━━━━━━━━ 1.5/1.5 MB 25.8 MB/s eta 0:00:00
#7 36.00 Downloading libclang-18.1.1-py2.py3-none-manylinux2010_x86_64.whl (24.5 MB)
#7 36.91    ━━━━━━━━━━━━━━━━━━━━━━━━━━━━━━━━━━━━━━━━ 24.5/24.5 MB 22.0 MB/s eta 0:00:00
#7 36.92 Downloading ml_dtypes-0.5.3-cp311-cp311-manylinux_2_27_x86_64.manylinux_2_28_x86_64.whl (4.9 MB)
#7 37.10    ━━━━━━━━━━━━━━━━━━━━━━━━━━━━━━━━━━━━━━━━ 4.9/4.9 MB 27.6 MB/s eta 0:00:00
#7 37.11 Downloading numpy-2.3.4-cp311-cp311-manylinux_2_27_x86_64.manylinux_2_28_x86_64.whl (16.9 MB)
#7 37.75    ━━━━━━━━━━━━━━━━━━━━━━━━━━━━━━━━━━━━━━━━ 16.9/16.9 MB 24.1 MB/s eta 0:00:00
#7 37.76 Downloading opt_einsum-3.4.0-py3-none-any.whl (71 kB)
#7 37.77    ━━━━━━━━━━━━━━━━━━━━━━━━━━━━━━━━━━━━━━━━ 71.9/71.9 kB 5.5 MB/s eta 0:00:00
#7 37.78 Downloading protobuf-6.33.0-cp39-abi3-manylinux2014_x86_64.whl (323 kB)
#7 37.80    ━━━━━━━━━━━━━━━━━━━━━━━━━━━━━━━━━━━━━━━━ 323.2/323.2 kB 16.6 MB/s eta 0:00:00
#7 37.81 Downloading requests-2.32.5-py3-none-any.whl (64 kB)
#7 37.82    ━━━━━━━━━━━━━━━━━━━━━━━━━━━━━━━━━━━━━━━━ 64.7/64.7 kB 5.6 MB/s eta 0:00:00
#7 37.83 Downloading six-1.17.0-py2.py3-none-any.whl (11 kB)
#7 37.85 Downloading tensorboard-2.20.0-py3-none-any.whl (5.5 MB)
#7 38.05    ━━━━━━━━━━━━━━━━━━━━━━━━━━━━━━━━━━━━━━━━ 5.5/5.5 MB 27.3 MB/s eta 0:00:00
#7 38.06 Downloading termcolor-3.2.0-py3-none-any.whl (7.7 kB)
#7 38.08 Downloading typing_extensions-4.15.0-py3-none-any.whl (44 kB)
#7 38.09    ━━━━━━━━━━━━━━━━━━━━━━━━━━━━━━━━━━━━━━━━ 44.6/44.6 kB 3.4 MB/s eta 0:00:00
#7 38.10 Downloading wrapt-2.0.0-cp311-cp311-manylinux1_x86_64.manylinux_2_28_x86_64.manylinux_2_5_x86_64.whl (114 kB)
#7 38.11    ━━━━━━━━━━━━━━━━━━━━━━━━━━━━━━━━━━━━━━━━ 114.1/114.1 kB 8.3 MB/s eta 0:00:00
#7 38.12 Downloading packaging-25.0-py3-none-any.whl (66 kB)
#7 38.14    ━━━━━━━━━━━━━━━━━━━━━━━━━━━━━━━━━━━━━━━━ 66.5/66.5 kB 4.0 MB/s eta 0:00:00
#7 38.14 Downloading certifi-2025.10.5-py3-none-any.whl (163 kB)
#7 38.16    ━━━━━━━━━━━━━━━━━━━━━━━━━━━━━━━━━━━━━━━━ 163.3/163.3 kB 10.8 MB/s eta 0:00:00
#7 38.17 Downloading charset_normalizer-3.4.4-cp311-cp311-manylinux2014_x86_64.manylinux_2_17_x86_64.manylinux_2_28_x86_64.whl (151 kB)
#7 38.18    ━━━━━━━━━━━━━━━━━━━━━━━━━━━━━━━━━━━━━━━━ 151.6/151.6 kB 10.1 MB/s eta 0:00:00
#7 38.19 Downloading idna-3.11-py3-none-any.whl (71 kB)
#7 38.20    ━━━━━━━━━━━━━━━━━━━━━━━━━━━━━━━━━━━━━━━━ 71.0/71.0 kB 6.0 MB/s eta 0:00:00
#7 38.21 Downloading markdown-3.9-py3-none-any.whl (107 kB)
#7 38.23    ━━━━━━━━━━━━━━━━━━━━━━━━━━━━━━━━━━━━━━━━ 107.4/107.4 kB 8.1 MB/s eta 0:00:00
#7 38.23 Downloading tensorboard_data_server-0.7.2-py3-none-manylinux_2_31_x86_64.whl (6.6 MB)
#7 38.48    ━━━━━━━━━━━━━━━━━━━━━━━━━━━━━━━━━━━━━━━━ 6.6/6.6 MB 27.4 MB/s eta 0:00:00
#7 38.48 Downloading urllib3-2.5.0-py3-none-any.whl (129 kB)
#7 38.50    ━━━━━━━━━━━━━━━━━━━━━━━━━━━━━━━━━━━━━━━━ 129.8/129.8 kB 9.5 MB/s eta 0:00:00
#7 38.51 Downloading werkzeug-3.1.3-py3-none-any.whl (224 kB)
#7 38.53    ━━━━━━━━━━━━━━━━━━━━━━━━━━━━━━━━━━━━━━━━ 224.5/224.5 kB 13.5 MB/s eta 0:00:00
#7 38.53 Downloading namex-0.1.0-py3-none-any.whl (5.9 kB)
#7 38.55 Downloading optree-0.17.0-cp311-cp311-manylinux_2_27_x86_64.manylinux_2_28_x86_64.whl (402 kB)
#7 38.57    ━━━━━━━━━━━━━━━━━━━━━━━━━━━━━━━━━━━━━━━━ 402.0/402.0 kB 18.8 MB/s eta 0:00:00
#7 38.58 Downloading pillow-12.0.0-cp311-cp311-manylinux_2_27_x86_64.manylinux_2_28_x86_64.whl (7.0 MB)
#7 38.84    ━━━━━━━━━━━━━━━━━━━━━━━━━━━━━━━━━━━━━━━━ 7.0/7.0 MB 27.6 MB/s eta 0:00:00
#7 38.85 Downloading rich-14.2.0-py3-none-any.whl (243 kB)
#7 38.87    ━━━━━━━━━━━━━━━━━━━━━━━━━━━━━━━━━━━━━━━━ 243.4/243.4 kB 13.5 MB/s eta 0:00:00
#7 38.88 Downloading markdown_it_py-4.0.0-py3-none-any.whl (87 kB)
#7 38.89    ━━━━━━━━━━━━━━━━━━━━━━━━━━━━━━━━━━━━━━━━ 87.3/87.3 kB 7.2 MB/s eta 0:00:00
#7 38.90 Downloading markupsafe-3.0.3-cp311-cp311-manylinux2014_x86_64.manylinux_2_17_x86_64.manylinux_2_28_x86_64.whl (22 kB)
#7 38.92 Downloading pygments-2.19.2-py3-none-any.whl (1.2 MB)
#7 38.96    ━━━━━━━━━━━━━━━━━━━━━━━━━━━━━━━━━━━━━━━━ 1.2/1.2 MB 25.9 MB/s eta 0:00:00
#7 38.97 Downloading mdurl-0.1.2-py3-none-any.whl (10.0 kB)
#7 40.72 Installing collected packages: namex, libclang, flatbuffers, wrapt, urllib3, typing_extensions, termcolor, tensorboard-data-server, six, pygments, protobuf, pillow, packaging, opt_einsum, numpy, mdurl, MarkupSafe, markdown, idna, gast, charset_normalizer, certifi, absl-py, werkzeug, requests, optree, ml_dtypes, markdown-it-py, h5py, grpcio, google_pasta, astunparse, tensorboard, rich, keras, tensorflow
#7 56.06 Successfully installed MarkupSafe-3.0.3 absl-py-2.3.1 astunparse-1.6.3 certifi-2025.10.5 charset_normalizer-3.4.4 flatbuffers-25.9.23 gast-0.6.0 google_pasta-0.2.0 grpcio-1.76.0 h5py-3.15.1 idna-3.11 keras-3.12.0 libclang-18.1.1 markdown-3.9 markdown-it-py-4.0.0 mdurl-0.1.2 ml_dtypes-0.5.3 namex-0.1.0 numpy-2.3.4 opt_einsum-3.4.0 optree-0.17.0 packaging-25.0 pillow-12.0.0 protobuf-6.33.0 pygments-2.19.2 requests-2.32.5 rich-14.2.0 six-1.17.0 tensorboard-2.20.0 tensorboard-data-server-0.7.2 tensorflow-2.20.0 termcolor-3.2.0 typing_extensions-4.15.0 urllib3-2.5.0 werkzeug-3.1.3 wrapt-2.0.0
#7 56.06 WARNING: Running pip as the 'root' user can result in broken permissions and conflicting behaviour with the system package manager. It is recommended to use a virtual environment instead: https://pip.pypa.io/warnings/venv
#7 56.17 
#7 56.17 [notice] A new release of pip is available: 24.0 -> 25.3
#7 56.17 [notice] To update, run: pip install --upgrade pip
#7 DONE 71.1s

#8 exporting to image
#8 exporting layers
#8 exporting layers 8.9s done
#8 writing image sha256:5d7a4bcddbf2fe40017c76105ad5fa8236662d18e5730aec7481a42cb4b9047c done
#8 naming to docker.io/library/test-image-2eec49ca1e4f58c5310d72918d991ef6 0.0s done
#8 DONE 8.9s

View build details: docker-desktop://dashboard/build/default/default/2gn8jv24ippnclwx1uwpkaqts
[2025-10-29 13:34:37] SUCCESS: Build completed for 2eec49ca1e4f58c5310d72918d991ef6
