=== Docker Build Log for 3d7e2b077ba5af48ab1ba96678733e6f ===
Started at: Mi 29. Okt 14:12:41 CET 2025

[2025-10-29 14:12:41] START: Building image for 3d7e2b077ba5af48ab1ba96678733e6f
#0 building with "default" instance using docker driver

#1 [internal] load build definition from Dockerfile
#1 transferring dockerfile: 157B done
#1 DONE 0.0s

#2 [internal] load metadata for docker.io/library/python:3.11
#2 DONE 0.0s

#3 [internal] load .dockerignore
#3 transferring context: 2B done
#3 DONE 0.0s

#4 [1/2] FROM docker.io/library/python:3.11
#4 DONE 0.0s

#5 [internal] load build context
#5 transferring context: 3.85kB 0.0s done
#5 DONE 0.0s

#4 [1/2] FROM docker.io/library/python:3.11
#4 CACHED

#6 [2/2] COPY hard-gists/3d7e2b077ba5af48ab1ba96678733e6f/snippet.py /snippet.py
#6 DONE 0.1s

#7 exporting to image
#7 exporting layers 0.0s done
#7 writing image sha256:8a756ea1c0c9f81b48805dbaa43a6d7e4fe9f6bd3b2a05608a033d1830504579 done
#7 naming to docker.io/library/test-image-3d7e2b077ba5af48ab1ba96678733e6f done
#7 DONE 0.1s

View build details: docker-desktop://dashboard/build/default/default/shrdei45oz2ttcp4gic9n3p0v
[2025-10-29 14:12:42] SUCCESS: Build completed for 3d7e2b077ba5af48ab1ba96678733e6f
