=== Docker Build Log for 5420020 ===
Started at: Mi 29. Okt 15:41:08 CET 2025

[2025-10-29 15:41:08] START: Building image for 5420020
#0 building with "default" instance using docker driver

#1 [internal] load build definition from Dockerfile
#1 transferring dockerfile: 132B done
#1 DONE 0.0s

#2 [internal] load metadata for docker.io/library/python:3.11
#2 DONE 0.0s

#3 [internal] load .dockerignore
#3 transferring context: 2B done
#3 DONE 0.0s

#4 [internal] load build context
#4 transferring context: 1.04kB 0.0s done
#4 DONE 0.0s

#5 [1/2] FROM docker.io/library/python:3.11
#5 CACHED

#6 [2/2] COPY hard-gists/5420020/snippet.py /snippet.py
#6 DONE 0.1s

#7 exporting to image
#7 exporting layers 0.1s done
#7 writing image sha256:7df247c95fa76788438aeefb4fe3a30c14feb7a069663980ecd91b9f6be17ec4 done
#7 naming to docker.io/library/test-image-5420020 done
#7 DONE 0.1s

View build details: docker-desktop://dashboard/build/default/default/zw8f7sgz0bolemumuz0cqduel
[2025-10-29 15:41:09] SUCCESS: Build completed for 5420020
