=== Docker Build Log for 60bacd65c89e5290f452 ===
Started at: Mi 29. Okt 16:19:55 CET 2025

[2025-10-29 16:19:55] START: Building image for 60bacd65c89e5290f452
#0 building with "default" instance using docker driver

#1 [internal] load build definition from Dockerfile
#1 transferring dockerfile: 145B done
#1 DONE 0.0s

#2 [internal] load metadata for docker.io/library/python:3.11
#2 DONE 0.0s

#3 [internal] load .dockerignore
#3 transferring context: 2B done
#3 DONE 0.0s

#4 [internal] load build context
#4 transferring context: 4.20kB 0.0s done
#4 DONE 0.0s

#5 [1/2] FROM docker.io/library/python:3.11
#5 CACHED

#6 [2/2] COPY hard-gists/60bacd65c89e5290f452/snippet.py /snippet.py
#6 DONE 0.1s

#7 exporting to image
#7 exporting layers 0.0s done
#7 writing image sha256:f8ae5c02a5153120773a9991b44c7feaf5e3590dd77e96504240893141650078 done
#7 naming to docker.io/library/test-image-60bacd65c89e5290f452 done
#7 DONE 0.1s

View build details: docker-desktop://dashboard/build/default/default/uqtuk9f22hwdet9m193zl3uhz
[2025-10-29 16:19:55] SUCCESS: Build completed for 60bacd65c89e5290f452
