=== Docker Build Log for f2bb0cc876828b54f2ed ===
Started at: Mi 29. Okt 21:24:21 CET 2025

[2025-10-29 21:24:21] START: Building image for f2bb0cc876828b54f2ed
#0 building with "default" instance using docker driver

#1 [internal] load build definition from Dockerfile
#1 transferring dockerfile: 145B done
#1 DONE 0.0s

#2 [internal] load metadata for docker.io/library/python:3.11
#2 DONE 0.0s

#3 [internal] load .dockerignore
#3 transferring context: 2B done
#3 DONE 0.0s

#4 [internal] load build context
#4 transferring context: 30.41kB 0.0s done
#4 DONE 0.0s

#5 [1/2] FROM docker.io/library/python:3.11
#5 CACHED

#6 [2/2] COPY hard-gists/f2bb0cc876828b54f2ed/snippet.py /snippet.py
#6 DONE 0.1s

#7 exporting to image
#7 exporting layers 0.0s done
#7 writing image sha256:046ec5a6e2b4c29c5200bce0705dcee4d347f931bcc44e38820c1bdcef6b3dc6 done
#7 naming to docker.io/library/test-image-f2bb0cc876828b54f2ed done
#7 DONE 0.1s

View build details: docker-desktop://dashboard/build/default/default/j2dbgfyosvu4skv4w97r8l9gi
[2025-10-29 21:24:22] SUCCESS: Build completed for f2bb0cc876828b54f2ed
