=== Docker Build Log for 709890 ===
Started at: Mi 29. Okt 16:59:10 CET 2025

[2025-10-29 16:59:10] START: Building image for 709890
#0 building with "default" instance using docker driver

#1 [internal] load build definition from Dockerfile
#1 transferring dockerfile: 239B done
#1 DONE 0.0s

#2 [internal] load metadata for docker.io/library/python:3.11
#2 DONE 0.0s

#3 [internal] load .dockerignore
#3 transferring context: 2B done
#3 DONE 0.0s

#4 [internal] load build context
#4 transferring context: 1.99kB 0.0s done
#4 DONE 0.0s

#5 [1/5] FROM docker.io/library/python:3.11
#5 CACHED

#6 [2/5] COPY hard-gists/709890/snippet.py /snippet.py
#6 DONE 0.1s

#7 [3/5] RUN ["pip","install","dj.choices"]
#7 2.037 Collecting dj.choices
#7 2.071   Downloading dj.choices-0.11.0.tar.gz (28 kB)
#7 2.088   Preparing metadata (setup.py): started
#7 2.480   Preparing metadata (setup.py): finished with status 'done'
#7 2.586 Collecting django (from dj.choices)
#7 2.596   Downloading django-5.2.7-py3-none-any.whl.metadata (4.1 kB)
#7 2.635 Collecting six (from dj.choices)
#7 2.643   Downloading six-1.17.0-py2.py3-none-any.whl.metadata (1.7 kB)
#7 2.688 Collecting asgiref>=3.8.1 (from django->dj.choices)
#7 2.696   Downloading asgiref-3.10.0-py3-none-any.whl.metadata (9.3 kB)
#7 2.744 Collecting sqlparse>=0.3.1 (from django->dj.choices)
#7 2.752   Downloading sqlparse-0.5.3-py3-none-any.whl.metadata (3.9 kB)
#7 2.776 Downloading django-5.2.7-py3-none-any.whl (8.3 MB)
#7 3.079    ━━━━━━━━━━━━━━━━━━━━━━━━━━━━━━━━━━━━━━━━ 8.3/8.3 MB 27.6 MB/s eta 0:00:00
#7 3.087 Downloading six-1.17.0-py2.py3-none-any.whl (11 kB)
#7 3.114 Downloading asgiref-3.10.0-py3-none-any.whl (24 kB)
#7 3.132 Downloading sqlparse-0.5.3-py3-none-any.whl (44 kB)
#7 3.144    ━━━━━━━━━━━━━━━━━━━━━━━━━━━━━━━━━━━━━━━━ 44.4/44.4 kB 3.6 MB/s eta 0:00:00
#7 3.182 Building wheels for collected packages: dj.choices
#7 3.183   Building wheel for dj.choices (setup.py): started
#7 3.357   Building wheel for dj.choices (setup.py): finished with status 'done'
#7 3.358   Created wheel for dj.choices: filename=dj_choices-0.11.0-py3-none-any.whl size=28716 sha256=7ab00feb4d525bb8fc95991306c5534f0389875318abb23e6b9d4bd1c8ed32f6
#7 3.358   Stored in directory: /root/.cache/pip/wheels/97/38/bd/4ca089ff8ffdead6a07e7af033d36d74a01ab7a37e70797942
#7 3.360 Successfully built dj.choices
#7 3.410 Installing collected packages: sqlparse, six, asgiref, django, dj.choices
#7 4.978 Successfully installed asgiref-3.10.0 dj.choices-0.11.0 django-5.2.7 six-1.17.0 sqlparse-0.5.3
#7 4.979 WARNING: Running pip as the 'root' user can result in broken permissions and conflicting behaviour with the system package manager. It is recommended to use a virtual environment instead: https://pip.pypa.io/warnings/venv
#7 5.069 
#7 5.069 [notice] A new release of pip is available: 24.0 -> 25.3
#7 5.069 [notice] To update, run: pip install --upgrade pip
#7 DONE 5.6s

#8 [4/5] RUN ["pip","install","Django"]
#8 0.492 Requirement already satisfied: Django in /usr/local/lib/python3.11/site-packages (5.2.7)
#8 0.496 Requirement already satisfied: asgiref>=3.8.1 in /usr/local/lib/python3.11/site-packages (from Django) (3.10.0)
#8 0.496 Requirement already satisfied: sqlparse>=0.3.1 in /usr/local/lib/python3.11/site-packages (from Django) (0.5.3)
#8 0.543 WARNING: Running pip as the 'root' user can result in broken permissions and conflicting behaviour with the system package manager. It is recommended to use a virtual environment instead: https://pip.pypa.io/warnings/venv
#8 0.549 
#8 0.549 [notice] A new release of pip is available: 24.0 -> 25.3
#8 0.549 [notice] To update, run: pip install --upgrade pip
#8 DONE 0.6s

#9 [5/5] RUN ["pip","install","django-tastypie"]
#9 0.663 Collecting django-tastypie
#9 0.697   Downloading django_tastypie-0.15.1.tar.gz (156 kB)
#9 0.733      ━━━━━━━━━━━━━━━━━━━━━━━━━━━━━━━━━━━━━━━ 156.6/156.6 kB 4.4 MB/s eta 0:00:00
#9 0.761   Preparing metadata (setup.py): started
#9 0.961   Preparing metadata (setup.py): finished with status 'done'
#9 1.087 Collecting python-mimeparse!=1.5,>=0.1.4 (from django-tastypie)
#9 1.097   Downloading python_mimeparse-2.0.0-py3-none-any.whl.metadata (3.1 kB)
#9 1.145 Collecting python-dateutil>=2.1 (from django-tastypie)
#9 1.153   Downloading python_dateutil-2.9.0.post0-py2.py3-none-any.whl.metadata (8.4 kB)
#9 1.166 Requirement already satisfied: six>=1.5 in /usr/local/lib/python3.11/site-packages (from python-dateutil>=2.1->django-tastypie) (1.17.0)
#9 1.178 Downloading python_dateutil-2.9.0.post0-py2.py3-none-any.whl (229 kB)
#9 1.198    ━━━━━━━━━━━━━━━━━━━━━━━━━━━━━━━━━━━━━━━━ 229.9/229.9 kB 11.9 MB/s eta 0:00:00
#9 1.208 Downloading python_mimeparse-2.0.0-py3-none-any.whl (5.6 kB)
#9 1.226 Building wheels for collected packages: django-tastypie
#9 1.231   Building wheel for django-tastypie (setup.py): started
#9 1.411   Building wheel for django-tastypie (setup.py): finished with status 'done'
#9 1.411   Created wheel for django-tastypie: filename=django_tastypie-0.15.1-py2.py3-none-any.whl size=79676 sha256=a5b810f582b5a1f6a7ee8704de0e47316a2f0e92cb9f76b163b508ad1fe3ef62
#9 1.411   Stored in directory: /root/.cache/pip/wheels/3c/1f/44/eb4cf3a12ae17b4b6dd6d6f90d5a0b76be52f951aad86aa27a
#9 1.413 Successfully built django-tastypie
#9 1.459 Installing collected packages: python-mimeparse, python-dateutil, django-tastypie
#9 1.570 Successfully installed django-tastypie-0.15.1 python-dateutil-2.9.0.post0 python-mimeparse-2.0.0
#9 1.570 WARNING: Running pip as the 'root' user can result in broken permissions and conflicting behaviour with the system package manager. It is recommended to use a virtual environment instead: https://pip.pypa.io/warnings/venv
#9 1.575 
#9 1.575 [notice] A new release of pip is available: 24.0 -> 25.3
#9 1.575 [notice] To update, run: pip install --upgrade pip
#9 DONE 1.7s

#10 exporting to image
#10 exporting layers
#10 exporting layers 0.6s done
#10 writing image sha256:a753fe6f14c8a30448c78a7907d7a5d4d48b3638f294b5ae881e549d9736d485 done
#10 naming to docker.io/library/test-image-709890 done
#10 DONE 0.6s

View build details: docker-desktop://dashboard/build/default/default/o9anvh3gemydu8kcbgpw5qblx
[2025-10-29 16:59:19] SUCCESS: Build completed for 709890
