=== Docker Build Log for 4c5dc5b2b267b43bb4c399ca9115c3f8 ===
Started at: Mi 29. Okt 15:11:48 CET 2025

[2025-10-29 15:11:48] START: Building image for 4c5dc5b2b267b43bb4c399ca9115c3f8
#0 building with "default" instance using docker driver

#1 [internal] load build definition from Dockerfile
#1 transferring dockerfile: 157B done
#1 DONE 0.0s

#2 [internal] load metadata for docker.io/library/python:3.11
#2 DONE 0.0s

#3 [internal] load .dockerignore
#3 transferring context: 2B done
#3 DONE 0.0s

#4 [internal] load build context
#4 transferring context: 410B 0.0s done
#4 DONE 0.0s

#5 [1/2] FROM docker.io/library/python:3.11
#5 CACHED

#6 [2/2] COPY hard-gists/4c5dc5b2b267b43bb4c399ca9115c3f8/snippet.py /snippet.py
#6 DONE 0.1s

#7 exporting to image
#7 exporting layers 0.1s done
#7 writing image sha256:ecd4137e221c84ee9ec0467b6d6eb61addcc4b9b6dc6eea948f57a37e235fa91 done
#7 naming to docker.io/library/test-image-4c5dc5b2b267b43bb4c399ca9115c3f8 0.0s done
#7 DONE 0.1s

View build details: docker-desktop://dashboard/build/default/default/lg25xexvihxr32bd4njz5j0b5
[2025-10-29 15:11:48] SUCCESS: Build completed for 4c5dc5b2b267b43bb4c399ca9115c3f8
