=== Docker Build Log for 4132799 ===
Started at: Mi 29. Okt 14:22:45 CET 2025

[2025-10-29 14:22:45] START: Building image for 4132799
#0 building with "default" instance using docker driver

#1 [internal] load build definition from Dockerfile
#1 transferring dockerfile: 132B done
#1 DONE 0.0s

#2 [internal] load metadata for docker.io/library/python:3.11
#2 DONE 0.0s

#3 [internal] load .dockerignore
#3 transferring context: 2B done
#3 DONE 0.0s

#4 [internal] load build context
#4 transferring context: 1.44kB 0.0s done
#4 DONE 0.0s

#5 [1/2] FROM docker.io/library/python:3.11
#5 CACHED

#6 [2/2] COPY hard-gists/4132799/snippet.py /snippet.py
#6 DONE 0.1s

#7 exporting to image
#7 exporting layers 0.0s done
#7 writing image sha256:1962dbc554e50a7cc0f53eaed0f243eabbb820d930fd4db653224ea8813a5dba done
#7 naming to docker.io/library/test-image-4132799 done
#7 DONE 0.1s

View build details: docker-desktop://dashboard/build/default/default/ys6c0oxnvclgkgq5o1gt3iohi
[2025-10-29 14:22:46] SUCCESS: Build completed for 4132799
