=== Docker Run Log for 3832818 ===
Started at: Mi 29. Okt 14:01:51 CET 2025

[2025-10-29 14:02:37] START: Running container for 3832818
[2025-10-29 14:02:37] SUCCESS: Container 8687f10c46e670251332e47b7c258cb95013de89b409da475f038afb64670790 started for 3832818
=== Container logs for 3832818 ===
Traceback (most recent call last):
  File "/snippet.py", line 4, in <module>
    from django.contrib.sites.models import Site
  File "/usr/local/lib/python3.11/site-packages/django/contrib/sites/models.py", line 78, in <module>
    class Site(models.Model):
  File "/usr/local/lib/python3.11/site-packages/django/db/models/base.py", line 108, in __new__
    app_config = apps.get_containing_app_config(module)
                 ^^^^^^^^^^^^^^^^^^^^^^^^^^^^^^^^^^^^^^
  File "/usr/local/lib/python3.11/site-packages/django/apps/registry.py", line 253, in get_containing_app_config
    self.check_apps_ready()
  File "/usr/local/lib/python3.11/site-packages/django/apps/registry.py", line 135, in check_apps_ready
    settings.INSTALLED_APPS
  File "/usr/local/lib/python3.11/site-packages/django/conf/__init__.py", line 82, in __getattr__
    self._setup(name)
  File "/usr/local/lib/python3.11/site-packages/django/conf/__init__.py", line 63, in _setup
    raise ImproperlyConfigured(
django.core.exceptions.ImproperlyConfigured: Requested setting INSTALLED_APPS, but settings are not configured. You must either define the environment variable DJANGO_SETTINGS_MODULE or call settings.configure() before accessing settings.
=== End of logs for 3832818 ===
[2025-10-29 14:02:39] INFO: Container 8687f10c46e670251332e47b7c258cb95013de89b409da475f038afb64670790 has stopped
