=== Docker Build Log for 7030355 ===
Started at: Mi 29. Okt 16:58:34 CET 2025

[2025-10-29 16:58:34] START: Building image for 7030355
#0 building with "default" instance using docker driver

#1 [internal] load build definition from Dockerfile
#1 transferring dockerfile: 170B done
#1 DONE 0.0s

#2 [internal] load metadata for docker.io/library/python:3.11
#2 DONE 0.0s

#3 [internal] load .dockerignore
#3 transferring context: 2B done
#3 DONE 0.0s

#4 [internal] load build context
#4 transferring context: 715B 0.0s done
#4 DONE 0.0s

#5 [1/3] FROM docker.io/library/python:3.11
#5 CACHED

#6 [2/3] COPY hard-gists/7030355/snippet.py /snippet.py
#6 DONE 0.1s

#7 [3/3] RUN ["pip","install","python-mpd2"]
#7 2.510 Collecting python-mpd2
#7 2.554   Downloading python_mpd2-3.1.1-py2.py3-none-any.whl.metadata (4.9 kB)
#7 2.575 Downloading python_mpd2-3.1.1-py2.py3-none-any.whl (35 kB)
#7 2.627 Installing collected packages: python-mpd2
#7 2.654 Successfully installed python-mpd2-3.1.1
#7 2.655 WARNING: Running pip as the 'root' user can result in broken permissions and conflicting behaviour with the system package manager. It is recommended to use a virtual environment instead: https://pip.pypa.io/warnings/venv
#7 2.759 
#7 2.759 [notice] A new release of pip is available: 24.0 -> 25.3
#7 2.759 [notice] To update, run: pip install --upgrade pip
#7 DONE 2.9s

#8 exporting to image
#8 exporting layers 0.1s done
#8 writing image sha256:18a508baa44a00daac73d53ba3c235259a35fdce1faf586be83befe0975be77c done
#8 naming to docker.io/library/test-image-7030355 done
#8 DONE 0.2s

View build details: docker-desktop://dashboard/build/default/default/u22vam56thikxw5ofg6fv5f9k
[2025-10-29 16:58:37] SUCCESS: Build completed for 7030355
