=== Docker Build Log for a682299af39b76d8592f ===
Started at: Mi 29. Okt 19:05:49 CET 2025

[2025-10-29 19:05:49] START: Building image for a682299af39b76d8592f
#0 building with "default" instance using docker driver

#1 [internal] load build definition from Dockerfile
#1 transferring dockerfile: 250B done
#1 DONE 0.0s

#2 [internal] load metadata for docker.io/library/python:3.11
#2 DONE 0.0s

#3 [internal] load .dockerignore
#3 transferring context: 2B done
#3 DONE 0.0s

#4 [internal] load build context
#4 transferring context: 1.52kB 0.0s done
#4 DONE 0.0s

#5 [1/5] FROM docker.io/library/python:3.11
#5 CACHED

#6 [2/5] COPY hard-gists/a682299af39b76d8592f/snippet.py /snippet.py
#6 DONE 0.1s

#7 [3/5] RUN ["pip","install","MySQL-python"]
#7 2.042 Collecting MySQL-python
#7 2.086   Downloading MySQL-python-1.2.5.zip (108 kB)
#7 2.131      ━━━━━━━━━━━━━━━━━━━━━━━━━━━━━━━━━━━━━━━ 108.9/108.9 kB 2.3 MB/s eta 0:00:00
#7 2.140   Preparing metadata (setup.py): started
#7 2.477   Preparing metadata (setup.py): finished with status 'error'
#7 2.480   error: subprocess-exited-with-error
#7 2.480   
#7 2.480   × python setup.py egg_info did not run successfully.
#7 2.480   │ exit code: 1
#7 2.480   ╰─> [8 lines of output]
#7 2.480       Traceback (most recent call last):
#7 2.480         File "<string>", line 2, in <module>
#7 2.480         File "<pip-setuptools-caller>", line 34, in <module>
#7 2.480         File "/tmp/pip-install-_4f8i55c/mysql-python_ca59637f5de44d90add4db39ff41f30e/setup.py", line 13, in <module>
#7 2.480           from setup_posix import get_config
#7 2.480         File "/tmp/pip-install-_4f8i55c/mysql-python_ca59637f5de44d90add4db39ff41f30e/setup_posix.py", line 2, in <module>
#7 2.480           from ConfigParser import SafeConfigParser
#7 2.480       ModuleNotFoundError: No module named 'ConfigParser'
#7 2.480       [end of output]
#7 2.480   
#7 2.480   note: This error originates from a subprocess, and is likely not a problem with pip.
#7 2.481 error: metadata-generation-failed
#7 2.481 
#7 2.481 × Encountered error while generating package metadata.
#7 2.481 ╰─> See above for output.
#7 2.481 
#7 2.481 note: This is an issue with the package mentioned above, not pip.
#7 2.481 hint: See above for details.
#7 2.619 
#7 2.619 [notice] A new release of pip is available: 24.0 -> 25.3
#7 2.619 [notice] To update, run: pip install --upgrade pip
#7 ERROR: process "pip install MySQL-python" did not complete successfully: exit code: 1
------
 > [3/5] RUN ["pip","install","MySQL-python"]:
2.481 error: metadata-generation-failed
2.481 
2.481 × Encountered error while generating package metadata.
2.481 ╰─> See above for output.
2.481 
2.481 note: This is an issue with the package mentioned above, not pip.
2.481 hint: See above for details.
2.619 
2.619 [notice] A new release of pip is available: 24.0 -> 25.3
2.619 [notice] To update, run: pip install --upgrade pip
------
Dockerfile:3
--------------------
   1 |     FROM python:3.11
   2 |     COPY hard-gists/a682299af39b76d8592f/snippet.py /snippet.py
   3 | >>> RUN ["pip","install","MySQL-python"]
   4 |     RUN ["pip","install","Flask"]
   5 |     RUN ["pip","install","mysqlclient"]
--------------------
ERROR: failed to build: failed to solve: process "pip install MySQL-python" did not complete successfully: exit code: 1

View build details: docker-desktop://dashboard/build/default/default/suoajilpr3mvr0beoc6m569a8
[2025-10-29 19:05:52] ERROR: Build failed for a682299af39b76d8592f
