=== Docker Build Log for 2068759 ===
Started at: Mi 29. Okt 12:58:52 CET 2025

[2025-10-29 12:58:52] START: Building image for 2068759
#0 building with "default" instance using docker driver

#1 [internal] load build definition from Dockerfile
#1 transferring dockerfile: 1.77kB done
#1 DONE 0.0s

#2 [internal] load metadata for docker.io/library/python:3.11
#2 DONE 0.0s

#3 [internal] load .dockerignore
#3 transferring context: 2B done
#3 DONE 0.0s

#4 [internal] load build context
#4 transferring context: 4.25kB 0.0s done
#4 DONE 0.0s

#5 [ 1/48] FROM docker.io/library/python:3.11
#5 CACHED

#6 [ 2/48] COPY hard-gists/2068759/snippet.py /snippet.py
#6 DONE 0.1s

#7 [ 3/48] RUN ["pip","install","ncolony"]
#7 1.914 Collecting ncolony
#7 1.952   Downloading ncolony-2024.1.11.74140-py3-none-any.whl.metadata (3.0 kB)
#7 2.007 Collecting twisted (from ncolony)
#7 2.015   Downloading twisted-25.5.0-py3-none-any.whl.metadata (22 kB)
#7 2.054 Collecting gather (from ncolony)
#7 2.063   Downloading gather-2024.1.19.74288-py3-none-any.whl.metadata (3.0 kB)
#7 2.108 Collecting attrs (from gather->ncolony)
#7 2.117   Downloading attrs-25.4.0-py3-none-any.whl.metadata (10 kB)
#7 2.149 Collecting incremental (from gather->ncolony)
#7 2.157   Downloading incremental-24.7.2-py3-none-any.whl.metadata (8.1 kB)
#7 2.190 Collecting venusian (from gather->ncolony)
#7 2.198   Downloading venusian-3.1.1-py3-none-any.whl.metadata (10 kB)
#7 2.234 Collecting toolz (from gather->ncolony)
#7 2.242   Downloading toolz-1.1.0-py3-none-any.whl.metadata (5.1 kB)
#7 2.277 Collecting commander-data (from gather->ncolony)
#7 2.287   Downloading commander_data-2024.1.19.63931-py3-none-any.whl.metadata (2.0 kB)
#7 2.486 Collecting automat>=24.8.0 (from twisted->ncolony)
#7 2.499   Downloading automat-25.4.16-py3-none-any.whl.metadata (8.4 kB)
#7 2.536 Collecting constantly>=15.1 (from twisted->ncolony)
#7 2.545   Downloading constantly-23.10.4-py3-none-any.whl.metadata (1.8 kB)
#7 2.580 Collecting hyperlink>=17.1.1 (from twisted->ncolony)
#7 2.588   Downloading hyperlink-21.0.0-py2.py3-none-any.whl.metadata (1.5 kB)
#7 2.633 Collecting typing-extensions>=4.2.0 (from twisted->ncolony)
#7 2.641   Downloading typing_extensions-4.15.0-py3-none-any.whl.metadata (3.3 kB)
#7 2.778 Collecting zope-interface>=5 (from twisted->ncolony)
#7 2.787   Downloading zope_interface-8.0.1-cp311-cp311-manylinux1_x86_64.manylinux2014_x86_64.manylinux_2_17_x86_64.manylinux_2_5_x86_64.whl.metadata (44 kB)
#7 2.808      ━━━━━━━━━━━━━━━━━━━━━━━━━━━━━━━━━━━━━━━━ 44.9/44.9 kB 1.9 MB/s eta 0:00:00
#7 2.844 Collecting idna>=2.5 (from hyperlink>=17.1.1->twisted->ncolony)
#7 2.854   Downloading idna-3.11-py3-none-any.whl.metadata (8.4 kB)
#7 2.869 Requirement already satisfied: setuptools>=61.0 in /usr/local/lib/python3.11/site-packages (from incremental->gather->ncolony) (79.0.1)
#7 2.939 Downloading ncolony-2024.1.11.74140-py3-none-any.whl (37 kB)
#7 2.958 Downloading gather-2024.1.19.74288-py3-none-any.whl (14 kB)
#7 2.979 Downloading twisted-25.5.0-py3-none-any.whl (3.2 MB)
#7 3.114    ━━━━━━━━━━━━━━━━━━━━━━━━━━━━━━━━━━━━━━━━ 3.2/3.2 MB 24.0 MB/s eta 0:00:00
#7 3.124 Downloading attrs-25.4.0-py3-none-any.whl (67 kB)
#7 3.136    ━━━━━━━━━━━━━━━━━━━━━━━━━━━━━━━━━━━━━━━━ 67.6/67.6 kB 5.7 MB/s eta 0:00:00
#7 3.145 Downloading automat-25.4.16-py3-none-any.whl (42 kB)
#7 3.157    ━━━━━━━━━━━━━━━━━━━━━━━━━━━━━━━━━━━━━━━━ 42.8/42.8 kB 3.2 MB/s eta 0:00:00
#7 3.166 Downloading constantly-23.10.4-py3-none-any.whl (13 kB)
#7 3.189 Downloading hyperlink-21.0.0-py2.py3-none-any.whl (74 kB)
#7 3.201    ━━━━━━━━━━━━━━━━━━━━━━━━━━━━━━━━━━━━━━━━ 74.6/74.6 kB 6.2 MB/s eta 0:00:00
#7 3.209 Downloading incremental-24.7.2-py3-none-any.whl (20 kB)
#7 3.226 Downloading typing_extensions-4.15.0-py3-none-any.whl (44 kB)
#7 3.237    ━━━━━━━━━━━━━━━━━━━━━━━━━━━━━━━━━━━━━━━━ 44.6/44.6 kB 3.9 MB/s eta 0:00:00
#7 3.246 Downloading zope_interface-8.0.1-cp311-cp311-manylinux1_x86_64.manylinux2014_x86_64.manylinux_2_17_x86_64.manylinux_2_5_x86_64.whl (259 kB)
#7 3.264    ━━━━━━━━━━━━━━━━━━━━━━━━━━━━━━━━━━━━━━━━ 259.8/259.8 kB 14.3 MB/s eta 0:00:00
#7 3.274 Downloading commander_data-2024.1.19.63931-py3-none-any.whl (7.0 kB)
#7 3.292 Downloading toolz-1.1.0-py3-none-any.whl (58 kB)
#7 3.305    ━━━━━━━━━━━━━━━━━━━━━━━━━━━━━━━━━━━━━━━━ 58.1/58.1 kB 4.2 MB/s eta 0:00:00
#7 3.314 Downloading venusian-3.1.1-py3-none-any.whl (14 kB)
#7 3.332 Downloading idna-3.11-py3-none-any.whl (71 kB)
#7 3.343    ━━━━━━━━━━━━━━━━━━━━━━━━━━━━━━━━━━━━━━━━ 71.0/71.0 kB 6.6 MB/s eta 0:00:00
#7 3.560 Installing collected packages: commander-data, zope-interface, venusian, typing-extensions, toolz, incremental, idna, constantly, automat, attrs, hyperlink, gather, twisted, ncolony
#7 5.523 Successfully installed attrs-25.4.0 automat-25.4.16 commander-data-2024.1.19.63931 constantly-23.10.4 gather-2024.1.19.74288 hyperlink-21.0.0 idna-3.11 incremental-24.7.2 ncolony-2024.1.11.74140 toolz-1.1.0 twisted-25.5.0 typing-extensions-4.15.0 venusian-3.1.1 zope-interface-8.0.1
#7 5.523 WARNING: Running pip as the 'root' user can result in broken permissions and conflicting behaviour with the system package manager. It is recommended to use a virtual environment instead: https://pip.pypa.io/warnings/venv
#7 5.617 
#7 5.617 [notice] A new release of pip is available: 24.0 -> 25.3
#7 5.617 [notice] To update, run: pip install --upgrade pip
#7 DONE 6.0s

#8 [ 4/48] RUN ["pip","install","axiom"]
#8 0.521 Collecting axiom
#8 0.560   Downloading Axiom-0.7.5.tar.gz (203 kB)
#8 0.598      ━━━━━━━━━━━━━━━━━━━━━━━━━━━━━━━━━━━━━━━ 203.5/203.5 kB 5.5 MB/s eta 0:00:00
#8 0.618   Preparing metadata (setup.py): started
#8 1.058   Preparing metadata (setup.py): finished with status 'done'
#8 1.061 Requirement already satisfied: Twisted>=13.2.0 in /usr/local/lib/python3.11/site-packages (from axiom) (25.5.0)
#8 1.093 Collecting Epsilon>=0.7.0 (from axiom)
#8 1.102   Downloading epsilon-0.8.0-py2.py3-none-any.whl.metadata (1.3 kB)
#8 1.152 Collecting six>=1.12.0 (from Epsilon>=0.7.0->axiom)
#8 1.160   Downloading six-1.17.0-py2.py3-none-any.whl.metadata (1.7 kB)
#8 1.176 Requirement already satisfied: zope.interface in /usr/local/lib/python3.11/site-packages (from Epsilon>=0.7.0->axiom) (8.0.1)
#8 1.305 Requirement already satisfied: attrs>=22.2.0 in /usr/local/lib/python3.11/site-packages (from Twisted>=13.2.0->axiom) (25.4.0)
#8 1.306 Requirement already satisfied: automat>=24.8.0 in /usr/local/lib/python3.11/site-packages (from Twisted>=13.2.0->axiom) (25.4.16)
#8 1.307 Requirement already satisfied: constantly>=15.1 in /usr/local/lib/python3.11/site-packages (from Twisted>=13.2.0->axiom) (23.10.4)
#8 1.308 Requirement already satisfied: hyperlink>=17.1.1 in /usr/local/lib/python3.11/site-packages (from Twisted>=13.2.0->axiom) (21.0.0)
#8 1.309 Requirement already satisfied: incremental>=24.7.0 in /usr/local/lib/python3.11/site-packages (from Twisted>=13.2.0->axiom) (24.7.2)
#8 1.310 Requirement already satisfied: typing-extensions>=4.2.0 in /usr/local/lib/python3.11/site-packages (from Twisted>=13.2.0->axiom) (4.15.0)
#8 1.317 Requirement already satisfied: idna>=2.5 in /usr/local/lib/python3.11/site-packages (from hyperlink>=17.1.1->Twisted>=13.2.0->axiom) (3.11)
#8 1.320 Requirement already satisfied: setuptools>=61.0 in /usr/local/lib/python3.11/site-packages (from incremental>=24.7.0->Twisted>=13.2.0->axiom) (79.0.1)
#8 1.500 Collecting pyopenssl>=21.0.0 (from twisted[tls]>=13.2.0->Epsilon>=0.7.0->axiom)
#8 1.510   Downloading pyopenssl-25.3.0-py3-none-any.whl.metadata (17 kB)
#8 1.551 Collecting service-identity>=18.1.0 (from twisted[tls]>=13.2.0->Epsilon>=0.7.0->axiom)
#8 1.559   Downloading service_identity-24.2.0-py3-none-any.whl.metadata (5.1 kB)
#8 1.823 Collecting cryptography<47,>=45.0.7 (from pyopenssl>=21.0.0->twisted[tls]>=13.2.0->Epsilon>=0.7.0->axiom)
#8 1.835   Downloading cryptography-46.0.3-cp311-abi3-manylinux_2_34_x86_64.whl.metadata (5.7 kB)
#8 1.906 Collecting pyasn1 (from service-identity>=18.1.0->twisted[tls]>=13.2.0->Epsilon>=0.7.0->axiom)
#8 1.914   Downloading pyasn1-0.6.1-py3-none-any.whl.metadata (8.4 kB)
#8 1.960 Collecting pyasn1-modules (from service-identity>=18.1.0->twisted[tls]>=13.2.0->Epsilon>=0.7.0->axiom)
#8 1.969   Downloading pyasn1_modules-0.4.2-py3-none-any.whl.metadata (3.5 kB)
#8 2.151 Collecting cffi>=2.0.0 (from cryptography<47,>=45.0.7->pyopenssl>=21.0.0->twisted[tls]>=13.2.0->Epsilon>=0.7.0->axiom)
#8 2.162   Downloading cffi-2.0.0-cp311-cp311-manylinux2014_x86_64.manylinux_2_17_x86_64.whl.metadata (2.6 kB)
#8 2.215 Collecting pycparser (from cffi>=2.0.0->cryptography<47,>=45.0.7->pyopenssl>=21.0.0->twisted[tls]>=13.2.0->Epsilon>=0.7.0->axiom)
#8 2.224   Downloading pycparser-2.23-py3-none-any.whl.metadata (993 bytes)
#8 2.247 Downloading epsilon-0.8.0-py2.py3-none-any.whl (98 kB)
#8 2.265    ━━━━━━━━━━━━━━━━━━━━━━━━━━━━━━━━━━━━━━━━ 99.0/99.0 kB 6.8 MB/s eta 0:00:00
#8 2.273 Downloading six-1.17.0-py2.py3-none-any.whl (11 kB)
#8 2.292 Downloading pyopenssl-25.3.0-py3-none-any.whl (57 kB)
#8 2.303    ━━━━━━━━━━━━━━━━━━━━━━━━━━━━━━━━━━━━━━━━ 57.3/57.3 kB 5.1 MB/s eta 0:00:00
#8 2.311 Downloading service_identity-24.2.0-py3-none-any.whl (11 kB)
#8 2.329 Downloading cryptography-46.0.3-cp311-abi3-manylinux_2_34_x86_64.whl (4.5 MB)
#8 2.501    ━━━━━━━━━━━━━━━━━━━━━━━━━━━━━━━━━━━━━━━━ 4.5/4.5 MB 26.3 MB/s eta 0:00:00
#8 2.510 Downloading pyasn1-0.6.1-py3-none-any.whl (83 kB)
#8 2.527    ━━━━━━━━━━━━━━━━━━━━━━━━━━━━━━━━━━━━━━━━ 83.1/83.1 kB 4.8 MB/s eta 0:00:00
#8 2.536 Downloading pyasn1_modules-0.4.2-py3-none-any.whl (181 kB)
#8 2.557    ━━━━━━━━━━━━━━━━━━━━━━━━━━━━━━━━━━━━━━━━ 181.3/181.3 kB 8.8 MB/s eta 0:00:00
#8 2.566 Downloading cffi-2.0.0-cp311-cp311-manylinux2014_x86_64.manylinux_2_17_x86_64.whl (215 kB)
#8 2.582    ━━━━━━━━━━━━━━━━━━━━━━━━━━━━━━━━━━━━━━━━ 215.6/215.6 kB 14.1 MB/s eta 0:00:00
#8 2.591 Downloading pycparser-2.23-py3-none-any.whl (118 kB)
#8 2.604    ━━━━━━━━━━━━━━━━━━━━━━━━━━━━━━━━━━━━━━━━ 118.1/118.1 kB 9.7 MB/s eta 0:00:00
#8 2.622 Building wheels for collected packages: axiom
#8 2.622   Building wheel for axiom (setup.py): started
#8 2.865   Building wheel for axiom (setup.py): finished with status 'error'
#8 2.879   error: subprocess-exited-with-error
#8 2.879   
#8 2.879   × python setup.py bdist_wheel did not run successfully.
#8 2.879   │ exit code: 1
#8 2.879   ╰─> [396 lines of output]
#8 2.879       /usr/local/lib/python3.11/site-packages/setuptools/dist.py:759: SetuptoolsDeprecationWarning: License classifiers are deprecated.
#8 2.879       !!
#8 2.879       
#8 2.879               ********************************************************************************
#8 2.879               Please consider removing the following classifiers in favor of a SPDX license expression:
#8 2.879       
#8 2.879               License :: OSI Approved :: MIT License
#8 2.879       
#8 2.879               See https://packaging.python.org/en/latest/guides/writing-pyproject-toml/#license for details.
#8 2.879               ********************************************************************************
#8 2.879       
#8 2.879       !!
#8 2.879         self._finalize_license_expression()
#8 2.879       running bdist_wheel
#8 2.879       running build
#8 2.879       running build_py
#8 2.879       creating build/lib/axiom
#8 2.879       copying axiom/queryutil.py -> build/lib/axiom
#8 2.879       copying axiom/_pysqlite2.py -> build/lib/axiom
#8 2.879       copying axiom/slotmachine.py -> build/lib/axiom
#8 2.879       copying axiom/userbase.py -> build/lib/axiom
#8 2.879       copying axiom/iaxiom.py -> build/lib/axiom
#8 2.879       copying axiom/sequence.py -> build/lib/axiom
#8 2.879       copying axiom/tags.py -> build/lib/axiom
#8 2.879       copying axiom/store.py -> build/lib/axiom
#8 2.879       copying axiom/errors.py -> build/lib/axiom
#8 2.879       copying axiom/_version.py -> build/lib/axiom
#8 2.879       copying axiom/attributes.py -> build/lib/axiom
#8 2.879       copying axiom/__init__.py -> build/lib/axiom
#8 2.879       copying axiom/batch.py -> build/lib/axiom
#8 2.879       copying axiom/item.py -> build/lib/axiom
#8 2.879       copying axiom/dependency.py -> build/lib/axiom
#8 2.879       copying axiom/_fincache.py -> build/lib/axiom
#8 2.879       copying axiom/upgrade.py -> build/lib/axiom
#8 2.879       copying axiom/_schema.py -> build/lib/axiom
#8 2.879       copying axiom/listversions.py -> build/lib/axiom
#8 2.879       copying axiom/substore.py -> build/lib/axiom
#8 2.879       copying axiom/scheduler.py -> build/lib/axiom
#8 2.879       creating build/lib/axiom/plugins
#8 2.879       copying axiom/plugins/axiom_plugins.py -> build/lib/axiom/plugins
#8 2.879       copying axiom/plugins/__init__.py -> build/lib/axiom/plugins
#8 2.879       creating build/lib/axiom/test
#8 2.879       copying axiom/test/test_tablecreate.py -> build/lib/axiom/test
#8 2.879       copying axiom/test/test_mixin.py -> build/lib/axiom/test
#8 2.879       copying axiom/test/reactorimporthelper.py -> build/lib/axiom/test
#8 2.879       copying axiom/test/test_unavailable_type.py -> build/lib/axiom/test
#8 2.879       copying axiom/test/test_reprs.py -> build/lib/axiom/test
#8 2.879       copying axiom/test/test_axiomatic.py -> build/lib/axiom/test
#8 2.879       copying axiom/test/oldobsolete.py -> build/lib/axiom/test
#8 2.879       copying axiom/test/itemtestmain.py -> build/lib/axiom/test
#8 2.879       copying axiom/test/path_postcopy.py -> build/lib/axiom/test
#8 2.879       copying axiom/test/test_files.py -> build/lib/axiom/test
#8 2.879       copying axiom/test/test_scheduler.py -> build/lib/axiom/test
#8 2.879       copying axiom/test/oldcirc.py -> build/lib/axiom/test
#8 2.879       copying axiom/test/util.py -> build/lib/axiom/test
#8 2.879       copying axiom/test/brokenapp.py -> build/lib/axiom/test
#8 2.879       copying axiom/test/test_reference.py -> build/lib/axiom/test
#8 2.879       copying axiom/test/test_powerup.py -> build/lib/axiom/test
#8 2.879       copying axiom/test/oldapp.py -> build/lib/axiom/test
#8 2.879       copying axiom/test/test_upgrading.py -> build/lib/axiom/test
#8 2.879       copying axiom/test/test_inheritance.py -> build/lib/axiom/test
#8 2.879       copying axiom/test/test_fincache.py -> build/lib/axiom/test
#8 2.879       copying axiom/test/onestepapp.py -> build/lib/axiom/test
#8 2.879       copying axiom/test/test_queryutil.py -> build/lib/axiom/test
#8 2.879       copying axiom/test/test_slotmachine.py -> build/lib/axiom/test
#8 2.879       copying axiom/test/test_userbase.py -> build/lib/axiom/test
#8 2.879       copying axiom/test/test_query.py -> build/lib/axiom/test
#8 2.879       copying axiom/test/test_paginate.py -> build/lib/axiom/test
#8 2.879       copying axiom/test/oldpath.py -> build/lib/axiom/test
#8 2.879       copying axiom/test/newpath.py -> build/lib/axiom/test
#8 2.879       copying axiom/test/openthenload.py -> build/lib/axiom/test
#8 2.879       copying axiom/test/deleteswordapp.py -> build/lib/axiom/test
#8 2.879       copying axiom/test/cursortest.py -> build/lib/axiom/test
#8 2.879       copying axiom/test/test_batch.py -> build/lib/axiom/test
#8 2.879       copying axiom/test/__init__.py -> build/lib/axiom/test
#8 2.879       copying axiom/test/test_attributes.py -> build/lib/axiom/test
#8 2.879       copying axiom/test/test_crossstore.py -> build/lib/axiom/test
#8 2.879       copying axiom/test/newapp.py -> build/lib/axiom/test
#8 2.879       copying axiom/test/test_item.py -> build/lib/axiom/test
#8 2.879       copying axiom/test/test_dependency.py -> build/lib/axiom/test
#8 2.879       copying axiom/test/newcirc.py -> build/lib/axiom/test
#8 2.879       copying axiom/test/test_pysqlite2.py -> build/lib/axiom/test
#8 2.879       copying axiom/test/test_substore.py -> build/lib/axiom/test
#8 2.879       copying axiom/test/test_xatop.py -> build/lib/axiom/test
#8 2.879       copying axiom/test/toonewapp.py -> build/lib/axiom/test
#8 2.879       copying axiom/test/itemtest.py -> build/lib/axiom/test
#8 2.879       copying axiom/test/morenewapp.py -> build/lib/axiom/test
#8 2.879       copying axiom/test/test_sequence.py -> build/lib/axiom/test
#8 2.879       copying axiom/test/test_tags.py -> build/lib/axiom/test
#8 2.879       copying axiom/test/test_count.py -> build/lib/axiom/test
#8 2.879       copying axiom/test/newobsolete.py -> build/lib/axiom/test
#8 2.879       copying axiom/test/test_listversions.py -> build/lib/axiom/test
#8 2.879       creating build/lib/axiom/scripts
#8 2.879       copying axiom/scripts/axiomatic.py -> build/lib/axiom/scripts
#8 2.879       copying axiom/scripts/__init__.py -> build/lib/axiom/scripts
#8 2.879       copying axiom/scripts/pysql.py -> build/lib/axiom/scripts
#8 2.879       creating build/lib/axiom/test/upgrade_fixtures
#8 2.879       copying axiom/test/upgrade_fixtures/two_upgrades_old.py -> build/lib/axiom/test/upgrade_fixtures
#8 2.879       copying axiom/test/upgrade_fixtures/override_init_new.py -> build/lib/axiom/test/upgrade_fixtures
#8 2.879       copying axiom/test/upgrade_fixtures/reentrant_new.py -> build/lib/axiom/test/upgrade_fixtures
#8 2.879       copying axiom/test/upgrade_fixtures/two_upgrades_new.py -> build/lib/axiom/test/upgrade_fixtures
#8 2.879       copying axiom/test/upgrade_fixtures/replace_attribute_new.py -> build/lib/axiom/test/upgrade_fixtures
#8 2.879       copying axiom/test/upgrade_fixtures/replace_delete_old.py -> build/lib/axiom/test/upgrade_fixtures
#8 2.879       copying axiom/test/upgrade_fixtures/__init__.py -> build/lib/axiom/test/upgrade_fixtures
#8 2.879       copying axiom/test/upgrade_fixtures/replace_attribute_old.py -> build/lib/axiom/test/upgrade_fixtures
#8 2.879       copying axiom/test/upgrade_fixtures/override_init_old.py -> build/lib/axiom/test/upgrade_fixtures
#8 2.879       copying axiom/test/upgrade_fixtures/replace_delete_new.py -> build/lib/axiom/test/upgrade_fixtures
#8 2.879       copying axiom/test/upgrade_fixtures/reentrant_old.py -> build/lib/axiom/test/upgrade_fixtures
#8 2.879       creating build/lib/axiom/test/historic
#8 2.879       copying axiom/test/historic/stub_manhole1to2.py -> build/lib/axiom/test/historic
#8 2.879       copying axiom/test/historic/stub_processor1to2.py -> build/lib/axiom/test/historic
#8 2.879       copying axiom/test/historic/test_textlist.py -> build/lib/axiom/test/historic
#8 2.879       copying axiom/test/historic/stub_textlist.py -> build/lib/axiom/test/historic
#8 2.879       copying axiom/test/historic/test_parentHook3to4.py -> build/lib/axiom/test/historic
#8 2.879       copying axiom/test/historic/stub_account1to2.py -> build/lib/axiom/test/historic
#8 2.879       copying axiom/test/historic/stub_subscheduler1to2.py -> build/lib/axiom/test/historic
#8 2.879       copying axiom/test/historic/test_scheduler1to2.py -> build/lib/axiom/test/historic
#8 2.879       copying axiom/test/historic/stub_subStoreStartupService1to2.py -> build/lib/axiom/test/historic
#8 2.879       copying axiom/test/historic/stub_scheduler1to2.py -> build/lib/axiom/test/historic
#8 2.879       copying axiom/test/historic/stub_parentHook2to3.py -> build/lib/axiom/test/historic
#8 2.879       copying axiom/test/historic/test_loginMethod1to2.py -> build/lib/axiom/test/historic
#8 2.879       copying axiom/test/historic/test_manhole1to2.py -> build/lib/axiom/test/historic
#8 2.879       copying axiom/test/historic/__init__.py -> build/lib/axiom/test/historic
#8 2.879       copying axiom/test/historic/test_subStoreStartupService1to2.py -> build/lib/axiom/test/historic
#8 2.879       copying axiom/test/historic/stub_catalog1to2.py -> build/lib/axiom/test/historic
#8 2.879       copying axiom/test/historic/test_catalog1to2.py -> build/lib/axiom/test/historic
#8 2.879       copying axiom/test/historic/stub_parentHook3to4.py -> build/lib/axiom/test/historic
#8 2.879       copying axiom/test/historic/test_processor1to2.py -> build/lib/axiom/test/historic
#8 2.879       copying axiom/test/historic/test_account1to2.py -> build/lib/axiom/test/historic
#8 2.879       copying axiom/test/historic/test_parentHook2to3.py -> build/lib/axiom/test/historic
#8 2.879       copying axiom/test/historic/test_subscheduler1to2.py -> build/lib/axiom/test/historic
#8 2.879       copying axiom/test/historic/stubloader.py -> build/lib/axiom/test/historic
#8 2.879       copying axiom/test/historic/stub_loginMethod1to2.py -> build/lib/axiom/test/historic
#8 2.879       creating build/lib/twisted/plugins
#8 2.879       copying twisted/plugins/axiom_plugins.py -> build/lib/twisted/plugins
#8 2.879       running egg_info
#8 2.879       writing Axiom.egg-info/PKG-INFO
#8 2.879       writing dependency_links to Axiom.egg-info/dependency_links.txt
#8 2.879       writing requirements to Axiom.egg-info/requires.txt
#8 2.879       writing top-level names to Axiom.egg-info/top_level.txt
#8 2.879       reading manifest file 'Axiom.egg-info/SOURCES.txt'
#8 2.879       reading manifest template 'MANIFEST.in'
#8 2.879       adding license file 'LICENSE'
#8 2.879       writing manifest file 'Axiom.egg-info/SOURCES.txt'
#8 2.879       /usr/local/lib/python3.11/site-packages/setuptools/command/build_py.py:212: _Warning: Package 'axiom.examples' is absent from the `packages` configuration.
#8 2.879       !!
#8 2.879       
#8 2.879               ********************************************************************************
#8 2.879               ############################
#8 2.879               # Package would be ignored #
#8 2.879               ############################
#8 2.879               Python recognizes 'axiom.examples' as an importable package[^1],
#8 2.879               but it is absent from setuptools' `packages` configuration.
#8 2.879       
#8 2.879               This leads to an ambiguous overall configuration. If you want to distribute this
#8 2.879               package, please make sure that 'axiom.examples' is explicitly added
#8 2.879               to the `packages` configuration field.
#8 2.879       
#8 2.879               Alternatively, you can also rely on setuptools' discovery methods
#8 2.879               (for example by using `find_namespace_packages(...)`/`find_namespace:`
#8 2.879               instead of `find_packages(...)`/`find:`).
#8 2.879       
#8 2.879               You can read more about "package discovery" on setuptools documentation page:
#8 2.879       
#8 2.879               - https://setuptools.pypa.io/en/latest/userguide/package_discovery.html
#8 2.879       
#8 2.879               If you don't want 'axiom.examples' to be distributed and are
#8 2.879               already explicitly excluding 'axiom.examples' via
#8 2.879               `find_namespace_packages(...)/find_namespace` or `find_packages(...)/find`,
#8 2.879               you can try to use `exclude_package_data`, or `include-package-data=False` in
#8 2.879               combination with a more fine grained `package-data` configuration.
#8 2.879       
#8 2.879               You can read more about "package data files" on setuptools documentation page:
#8 2.879       
#8 2.879               - https://setuptools.pypa.io/en/latest/userguide/datafiles.html
#8 2.879       
#8 2.879       
#8 2.879               [^1]: For Python, any directory (with suitable naming) can be imported,
#8 2.879                     even if it does not contain any `.py` files.
#8 2.879                     On the other hand, currently there is no concept of package data
#8 2.879                     directory, all directories are treated like packages.
#8 2.879               ********************************************************************************
#8 2.879       
#8 2.879       !!
#8 2.879         check.warn(importable)
#8 2.879       copying axiom/batch.tac -> build/lib/axiom
#8 2.879       creating build/lib/axiom/examples
#8 2.879       copying axiom/examples/bucket.py -> build/lib/axiom/examples
#8 2.879       copying axiom/examples/library.py -> build/lib/axiom/examples
#8 2.879       copying axiom/test/historic/account1to2.axiom.tbz2 -> build/lib/axiom/test/historic
#8 2.879       copying axiom/test/historic/catalog1to2.axiom.tbz2 -> build/lib/axiom/test/historic
#8 2.879       copying axiom/test/historic/loginMethod1to2.axiom.tbz2 -> build/lib/axiom/test/historic
#8 2.879       copying axiom/test/historic/manhole1to2.axiom.tbz2 -> build/lib/axiom/test/historic
#8 2.879       copying axiom/test/historic/parentHook2to3.axiom.tbz2 -> build/lib/axiom/test/historic
#8 2.879       copying axiom/test/historic/parentHook3to4.axiom.tbz2 -> build/lib/axiom/test/historic
#8 2.879       copying axiom/test/historic/processor1to2.axiom.tbz2 -> build/lib/axiom/test/historic
#8 2.879       copying axiom/test/historic/scheduler1to2.axiom.tbz2 -> build/lib/axiom/test/historic
#8 2.879       copying axiom/test/historic/subStoreStartupService1to2.axiom.tbz2 -> build/lib/axiom/test/historic
#8 2.879       copying axiom/test/historic/subscheduler1to2.axiom.tbz2 -> build/lib/axiom/test/historic
#8 2.879       copying axiom/test/historic/textlist.axiom.tbz2 -> build/lib/axiom/test/historic
#8 2.879       running build_scripts
#8 2.879       creating build/scripts-3.11
#8 2.879       copying and adjusting bin/axiomatic -> build/scripts-3.11
#8 2.879       changing mode of build/scripts-3.11/axiomatic from 644 to 755
#8 2.879       /usr/local/lib/python3.11/site-packages/setuptools/_distutils/cmd.py:90: SetuptoolsDeprecationWarning: setup.py install is deprecated.
#8 2.879       !!
#8 2.879       
#8 2.879               ********************************************************************************
#8 2.879               Please avoid running ``setup.py`` directly.
#8 2.879               Instead, use pypa/build, pypa/installer or other
#8 2.879               standards-based tools.
#8 2.879       
#8 2.879               See https://blog.ganssle.io/articles/2021/10/setup-py-deprecated.html for details.
#8 2.879               ********************************************************************************
#8 2.879       
#8 2.879       !!
#8 2.879         self.initialize_options()
#8 2.879       installing to build/bdist.linux-x86_64/wheel
#8 2.879       running install
#8 2.879       running install_lib
#8 2.879       creating build/bdist.linux-x86_64/wheel
#8 2.879       creating build/bdist.linux-x86_64/wheel/axiom
#8 2.879       copying build/lib/axiom/queryutil.py -> build/bdist.linux-x86_64/wheel/./axiom
#8 2.879       copying build/lib/axiom/_pysqlite2.py -> build/bdist.linux-x86_64/wheel/./axiom
#8 2.879       copying build/lib/axiom/slotmachine.py -> build/bdist.linux-x86_64/wheel/./axiom
#8 2.879       copying build/lib/axiom/userbase.py -> build/bdist.linux-x86_64/wheel/./axiom
#8 2.879       copying build/lib/axiom/iaxiom.py -> build/bdist.linux-x86_64/wheel/./axiom
#8 2.879       copying build/lib/axiom/sequence.py -> build/bdist.linux-x86_64/wheel/./axiom
#8 2.879       copying build/lib/axiom/tags.py -> build/bdist.linux-x86_64/wheel/./axiom
#8 2.879       copying build/lib/axiom/store.py -> build/bdist.linux-x86_64/wheel/./axiom
#8 2.879       copying build/lib/axiom/errors.py -> build/bdist.linux-x86_64/wheel/./axiom
#8 2.879       creating build/bdist.linux-x86_64/wheel/axiom/examples
#8 2.879       copying build/lib/axiom/examples/library.py -> build/bdist.linux-x86_64/wheel/./axiom/examples
#8 2.879       copying build/lib/axiom/examples/bucket.py -> build/bdist.linux-x86_64/wheel/./axiom/examples
#8 2.879       copying build/lib/axiom/_version.py -> build/bdist.linux-x86_64/wheel/./axiom
#8 2.879       copying build/lib/axiom/attributes.py -> build/bdist.linux-x86_64/wheel/./axiom
#8 2.879       copying build/lib/axiom/__init__.py -> build/bdist.linux-x86_64/wheel/./axiom
#8 2.879       copying build/lib/axiom/batch.tac -> build/bdist.linux-x86_64/wheel/./axiom
#8 2.879       copying build/lib/axiom/batch.py -> build/bdist.linux-x86_64/wheel/./axiom
#8 2.879       copying build/lib/axiom/item.py -> build/bdist.linux-x86_64/wheel/./axiom
#8 2.879       copying build/lib/axiom/dependency.py -> build/bdist.linux-x86_64/wheel/./axiom
#8 2.879       copying build/lib/axiom/_fincache.py -> build/bdist.linux-x86_64/wheel/./axiom
#8 2.879       copying build/lib/axiom/upgrade.py -> build/bdist.linux-x86_64/wheel/./axiom
#8 2.879       creating build/bdist.linux-x86_64/wheel/axiom/plugins
#8 2.879       copying build/lib/axiom/plugins/axiom_plugins.py -> build/bdist.linux-x86_64/wheel/./axiom/plugins
#8 2.879       copying build/lib/axiom/plugins/__init__.py -> build/bdist.linux-x86_64/wheel/./axiom/plugins
#8 2.879       copying build/lib/axiom/_schema.py -> build/bdist.linux-x86_64/wheel/./axiom
#8 2.879       copying build/lib/axiom/listversions.py -> build/bdist.linux-x86_64/wheel/./axiom
#8 2.879       creating build/bdist.linux-x86_64/wheel/axiom/test
#8 2.879       copying build/lib/axiom/test/test_tablecreate.py -> build/bdist.linux-x86_64/wheel/./axiom/test
#8 2.879       copying build/lib/axiom/test/test_mixin.py -> build/bdist.linux-x86_64/wheel/./axiom/test
#8 2.879       copying build/lib/axiom/test/reactorimporthelper.py -> build/bdist.linux-x86_64/wheel/./axiom/test
#8 2.879       copying build/lib/axiom/test/test_unavailable_type.py -> build/bdist.linux-x86_64/wheel/./axiom/test
#8 2.879       copying build/lib/axiom/test/test_reprs.py -> build/bdist.linux-x86_64/wheel/./axiom/test
#8 2.879       copying build/lib/axiom/test/test_axiomatic.py -> build/bdist.linux-x86_64/wheel/./axiom/test
#8 2.879       copying build/lib/axiom/test/oldobsolete.py -> build/bdist.linux-x86_64/wheel/./axiom/test
#8 2.879       copying build/lib/axiom/test/itemtestmain.py -> build/bdist.linux-x86_64/wheel/./axiom/test
#8 2.879       copying build/lib/axiom/test/path_postcopy.py -> build/bdist.linux-x86_64/wheel/./axiom/test
#8 2.879       copying build/lib/axiom/test/test_files.py -> build/bdist.linux-x86_64/wheel/./axiom/test
#8 2.879       copying build/lib/axiom/test/test_scheduler.py -> build/bdist.linux-x86_64/wheel/./axiom/test
#8 2.879       copying build/lib/axiom/test/oldcirc.py -> build/bdist.linux-x86_64/wheel/./axiom/test
#8 2.879       copying build/lib/axiom/test/util.py -> build/bdist.linux-x86_64/wheel/./axiom/test
#8 2.879       copying build/lib/axiom/test/brokenapp.py -> build/bdist.linux-x86_64/wheel/./axiom/test
#8 2.879       copying build/lib/axiom/test/test_reference.py -> build/bdist.linux-x86_64/wheel/./axiom/test
#8 2.879       copying build/lib/axiom/test/test_powerup.py -> build/bdist.linux-x86_64/wheel/./axiom/test
#8 2.879       copying build/lib/axiom/test/oldapp.py -> build/bdist.linux-x86_64/wheel/./axiom/test
#8 2.879       creating build/bdist.linux-x86_64/wheel/axiom/test/upgrade_fixtures
#8 2.879       copying build/lib/axiom/test/upgrade_fixtures/two_upgrades_old.py -> build/bdist.linux-x86_64/wheel/./axiom/test/upgrade_fixtures
#8 2.879       copying build/lib/axiom/test/upgrade_fixtures/override_init_new.py -> build/bdist.linux-x86_64/wheel/./axiom/test/upgrade_fixtures
#8 2.879       copying build/lib/axiom/test/upgrade_fixtures/reentrant_new.py -> build/bdist.linux-x86_64/wheel/./axiom/test/upgrade_fixtures
#8 2.879       copying build/lib/axiom/test/upgrade_fixtures/two_upgrades_new.py -> build/bdist.linux-x86_64/wheel/./axiom/test/upgrade_fixtures
#8 2.879       copying build/lib/axiom/test/upgrade_fixtures/replace_attribute_new.py -> build/bdist.linux-x86_64/wheel/./axiom/test/upgrade_fixtures
#8 2.879       copying build/lib/axiom/test/upgrade_fixtures/replace_delete_old.py -> build/bdist.linux-x86_64/wheel/./axiom/test/upgrade_fixtures
#8 2.879       copying build/lib/axiom/test/upgrade_fixtures/__init__.py -> build/bdist.linux-x86_64/wheel/./axiom/test/upgrade_fixtures
#8 2.879       copying build/lib/axiom/test/upgrade_fixtures/replace_attribute_old.py -> build/bdist.linux-x86_64/wheel/./axiom/test/upgrade_fixtures
#8 2.879       copying build/lib/axiom/test/upgrade_fixtures/override_init_old.py -> build/bdist.linux-x86_64/wheel/./axiom/test/upgrade_fixtures
#8 2.879       copying build/lib/axiom/test/upgrade_fixtures/replace_delete_new.py -> build/bdist.linux-x86_64/wheel/./axiom/test/upgrade_fixtures
#8 2.879       copying build/lib/axiom/test/upgrade_fixtures/reentrant_old.py -> build/bdist.linux-x86_64/wheel/./axiom/test/upgrade_fixtures
#8 2.879       creating build/bdist.linux-x86_64/wheel/axiom/test/historic
#8 2.879       copying build/lib/axiom/test/historic/subscheduler1to2.axiom.tbz2 -> build/bdist.linux-x86_64/wheel/./axiom/test/historic
#8 2.879       copying build/lib/axiom/test/historic/stub_manhole1to2.py -> build/bdist.linux-x86_64/wheel/./axiom/test/historic
#8 2.879       copying build/lib/axiom/test/historic/parentHook2to3.axiom.tbz2 -> build/bdist.linux-x86_64/wheel/./axiom/test/historic
#8 2.879       copying build/lib/axiom/test/historic/stub_processor1to2.py -> build/bdist.linux-x86_64/wheel/./axiom/test/historic
#8 2.879       copying build/lib/axiom/test/historic/test_textlist.py -> build/bdist.linux-x86_64/wheel/./axiom/test/historic
#8 2.879       copying build/lib/axiom/test/historic/stub_textlist.py -> build/bdist.linux-x86_64/wheel/./axiom/test/historic
#8 2.879       copying build/lib/axiom/test/historic/test_parentHook3to4.py -> build/bdist.linux-x86_64/wheel/./axiom/test/historic
#8 2.879       copying build/lib/axiom/test/historic/stub_account1to2.py -> build/bdist.linux-x86_64/wheel/./axiom/test/historic
#8 2.879       copying build/lib/axiom/test/historic/account1to2.axiom.tbz2 -> build/bdist.linux-x86_64/wheel/./axiom/test/historic
#8 2.879       copying build/lib/axiom/test/historic/stub_subscheduler1to2.py -> build/bdist.linux-x86_64/wheel/./axiom/test/historic
#8 2.879       copying build/lib/axiom/test/historic/test_scheduler1to2.py -> build/bdist.linux-x86_64/wheel/./axiom/test/historic
#8 2.879       copying build/lib/axiom/test/historic/scheduler1to2.axiom.tbz2 -> build/bdist.linux-x86_64/wheel/./axiom/test/historic
#8 2.879       copying build/lib/axiom/test/historic/parentHook3to4.axiom.tbz2 -> build/bdist.linux-x86_64/wheel/./axiom/test/historic
#8 2.879       copying build/lib/axiom/test/historic/processor1to2.axiom.tbz2 -> build/bdist.linux-x86_64/wheel/./axiom/test/historic
#8 2.879       copying build/lib/axiom/test/historic/stub_subStoreStartupService1to2.py -> build/bdist.linux-x86_64/wheel/./axiom/test/historic
#8 2.879       copying build/lib/axiom/test/historic/catalog1to2.axiom.tbz2 -> build/bdist.linux-x86_64/wheel/./axiom/test/historic
#8 2.879       copying build/lib/axiom/test/historic/stub_scheduler1to2.py -> build/bdist.linux-x86_64/wheel/./axiom/test/historic
#8 2.879       copying build/lib/axiom/test/historic/textlist.axiom.tbz2 -> build/bdist.linux-x86_64/wheel/./axiom/test/historic
#8 2.879       copying build/lib/axiom/test/historic/stub_parentHook2to3.py -> build/bdist.linux-x86_64/wheel/./axiom/test/historic
#8 2.879       copying build/lib/axiom/test/historic/manhole1to2.axiom.tbz2 -> build/bdist.linux-x86_64/wheel/./axiom/test/historic
#8 2.879       copying build/lib/axiom/test/historic/test_loginMethod1to2.py -> build/bdist.linux-x86_64/wheel/./axiom/test/historic
#8 2.879       copying build/lib/axiom/test/historic/test_manhole1to2.py -> build/bdist.linux-x86_64/wheel/./axiom/test/historic
#8 2.879       copying build/lib/axiom/test/historic/__init__.py -> build/bdist.linux-x86_64/wheel/./axiom/test/historic
#8 2.879       copying build/lib/axiom/test/historic/test_subStoreStartupService1to2.py -> build/bdist.linux-x86_64/wheel/./axiom/test/historic
#8 2.879       copying build/lib/axiom/test/historic/stub_catalog1to2.py -> build/bdist.linux-x86_64/wheel/./axiom/test/historic
#8 2.879       copying build/lib/axiom/test/historic/loginMethod1to2.axiom.tbz2 -> build/bdist.linux-x86_64/wheel/./axiom/test/historic
#8 2.879       copying build/lib/axiom/test/historic/test_catalog1to2.py -> build/bdist.linux-x86_64/wheel/./axiom/test/historic
#8 2.879       copying build/lib/axiom/test/historic/stub_parentHook3to4.py -> build/bdist.linux-x86_64/wheel/./axiom/test/historic
#8 2.879       copying build/lib/axiom/test/historic/test_processor1to2.py -> build/bdist.linux-x86_64/wheel/./axiom/test/historic
#8 2.879       copying build/lib/axiom/test/historic/test_account1to2.py -> build/bdist.linux-x86_64/wheel/./axiom/test/historic
#8 2.879       copying build/lib/axiom/test/historic/test_parentHook2to3.py -> build/bdist.linux-x86_64/wheel/./axiom/test/historic
#8 2.879       copying build/lib/axiom/test/historic/subStoreStartupService1to2.axiom.tbz2 -> build/bdist.linux-x86_64/wheel/./axiom/test/historic
#8 2.879       copying build/lib/axiom/test/historic/test_subscheduler1to2.py -> build/bdist.linux-x86_64/wheel/./axiom/test/historic
#8 2.879       copying build/lib/axiom/test/historic/stubloader.py -> build/bdist.linux-x86_64/wheel/./axiom/test/historic
#8 2.879       copying build/lib/axiom/test/historic/stub_loginMethod1to2.py -> build/bdist.linux-x86_64/wheel/./axiom/test/historic
#8 2.879       copying build/lib/axiom/test/test_upgrading.py -> build/bdist.linux-x86_64/wheel/./axiom/test
#8 2.879       copying build/lib/axiom/test/test_inheritance.py -> build/bdist.linux-x86_64/wheel/./axiom/test
#8 2.879       copying build/lib/axiom/test/test_fincache.py -> build/bdist.linux-x86_64/wheel/./axiom/test
#8 2.879       copying build/lib/axiom/test/onestepapp.py -> build/bdist.linux-x86_64/wheel/./axiom/test
#8 2.879       copying build/lib/axiom/test/test_queryutil.py -> build/bdist.linux-x86_64/wheel/./axiom/test
#8 2.879       copying build/lib/axiom/test/test_slotmachine.py -> build/bdist.linux-x86_64/wheel/./axiom/test
#8 2.879       copying build/lib/axiom/test/test_userbase.py -> build/bdist.linux-x86_64/wheel/./axiom/test
#8 2.879       copying build/lib/axiom/test/test_query.py -> build/bdist.linux-x86_64/wheel/./axiom/test
#8 2.879       copying build/lib/axiom/test/test_paginate.py -> build/bdist.linux-x86_64/wheel/./axiom/test
#8 2.879       copying build/lib/axiom/test/oldpath.py -> build/bdist.linux-x86_64/wheel/./axiom/test
#8 2.879       copying build/lib/axiom/test/newpath.py -> build/bdist.linux-x86_64/wheel/./axiom/test
#8 2.879       copying build/lib/axiom/test/openthenload.py -> build/bdist.linux-x86_64/wheel/./axiom/test
#8 2.879       copying build/lib/axiom/test/deleteswordapp.py -> build/bdist.linux-x86_64/wheel/./axiom/test
#8 2.879       copying build/lib/axiom/test/cursortest.py -> build/bdist.linux-x86_64/wheel/./axiom/test
#8 2.879       copying build/lib/axiom/test/test_batch.py -> build/bdist.linux-x86_64/wheel/./axiom/test
#8 2.879       copying build/lib/axiom/test/__init__.py -> build/bdist.linux-x86_64/wheel/./axiom/test
#8 2.879       copying build/lib/axiom/test/test_attributes.py -> build/bdist.linux-x86_64/wheel/./axiom/test
#8 2.879       copying build/lib/axiom/test/test_crossstore.py -> build/bdist.linux-x86_64/wheel/./axiom/test
#8 2.879       copying build/lib/axiom/test/newapp.py -> build/bdist.linux-x86_64/wheel/./axiom/test
#8 2.879       copying build/lib/axiom/test/test_item.py -> build/bdist.linux-x86_64/wheel/./axiom/test
#8 2.879       copying build/lib/axiom/test/test_dependency.py -> build/bdist.linux-x86_64/wheel/./axiom/test
#8 2.879       copying build/lib/axiom/test/newcirc.py -> build/bdist.linux-x86_64/wheel/./axiom/test
#8 2.879       copying build/lib/axiom/test/test_pysqlite2.py -> build/bdist.linux-x86_64/wheel/./axiom/test
#8 2.879       copying build/lib/axiom/test/test_substore.py -> build/bdist.linux-x86_64/wheel/./axiom/test
#8 2.879       copying build/lib/axiom/test/test_xatop.py -> build/bdist.linux-x86_64/wheel/./axiom/test
#8 2.879       copying build/lib/axiom/test/toonewapp.py -> build/bdist.linux-x86_64/wheel/./axiom/test
#8 2.879       copying build/lib/axiom/test/itemtest.py -> build/bdist.linux-x86_64/wheel/./axiom/test
#8 2.879       copying build/lib/axiom/test/morenewapp.py -> build/bdist.linux-x86_64/wheel/./axiom/test
#8 2.879       copying build/lib/axiom/test/test_sequence.py -> build/bdist.linux-x86_64/wheel/./axiom/test
#8 2.879       copying build/lib/axiom/test/test_tags.py -> build/bdist.linux-x86_64/wheel/./axiom/test
#8 2.879       copying build/lib/axiom/test/test_count.py -> build/bdist.linux-x86_64/wheel/./axiom/test
#8 2.879       copying build/lib/axiom/test/newobsolete.py -> build/bdist.linux-x86_64/wheel/./axiom/test
#8 2.879       copying build/lib/axiom/test/test_listversions.py -> build/bdist.linux-x86_64/wheel/./axiom/test
#8 2.879       copying build/lib/axiom/substore.py -> build/bdist.linux-x86_64/wheel/./axiom
#8 2.879       creating build/bdist.linux-x86_64/wheel/axiom/scripts
#8 2.879       copying build/lib/axiom/scripts/axiomatic.py -> build/bdist.linux-x86_64/wheel/./axiom/scripts
#8 2.879       copying build/lib/axiom/scripts/__init__.py -> build/bdist.linux-x86_64/wheel/./axiom/scripts
#8 2.879       copying build/lib/axiom/scripts/pysql.py -> build/bdist.linux-x86_64/wheel/./axiom/scripts
#8 2.879       copying build/lib/axiom/scheduler.py -> build/bdist.linux-x86_64/wheel/./axiom
#8 2.879       creating build/bdist.linux-x86_64/wheel/twisted
#8 2.879       creating build/bdist.linux-x86_64/wheel/twisted/plugins
#8 2.879       copying build/lib/twisted/plugins/axiom_plugins.py -> build/bdist.linux-x86_64/wheel/./twisted/plugins
#8 2.879       running install_egg_info
#8 2.879       Copying Axiom.egg-info to build/bdist.linux-x86_64/wheel/./Axiom-0.7.5-py3.11.egg-info
#8 2.879       running install_scripts
#8 2.879       creating build/bdist.linux-x86_64/wheel/axiom-0.7.5.data/scripts
#8 2.879       copying build/scripts-3.11/axiomatic -> build/bdist.linux-x86_64/wheel/axiom-0.7.5.data/scripts
#8 2.879       changing mode of build/bdist.linux-x86_64/wheel/axiom-0.7.5.data/scripts/axiomatic to 755
#8 2.879       Traceback (most recent call last):
#8 2.879         File "<string>", line 2, in <module>
#8 2.879         File "<pip-setuptools-caller>", line 34, in <module>
#8 2.879         File "/tmp/pip-install-2msw22sk/axiom_8dbce996586e4ba78f5a2c3966e89b32/setup.py", line 28, in <module>
#8 2.879           setup(
#8 2.879         File "/usr/local/lib/python3.11/site-packages/setuptools/__init__.py", line 117, in setup
#8 2.879           return distutils.core.setup(**attrs)
#8 2.879                  ^^^^^^^^^^^^^^^^^^^^^^^^^^^^^
#8 2.879         File "/usr/local/lib/python3.11/site-packages/setuptools/_distutils/core.py", line 186, in setup
#8 2.879           return run_commands(dist)
#8 2.879                  ^^^^^^^^^^^^^^^^^^
#8 2.879         File "/usr/local/lib/python3.11/site-packages/setuptools/_distutils/core.py", line 202, in run_commands
#8 2.879           dist.run_commands()
#8 2.879         File "/usr/local/lib/python3.11/site-packages/setuptools/_distutils/dist.py", line 1002, in run_commands
#8 2.879           self.run_command(cmd)
#8 2.879         File "/usr/local/lib/python3.11/site-packages/setuptools/dist.py", line 1104, in run_command
#8 2.879           super().run_command(command)
#8 2.879         File "/usr/local/lib/python3.11/site-packages/setuptools/_distutils/dist.py", line 1021, in run_command
#8 2.879           cmd_obj.run()
#8 2.879         File "/usr/local/lib/python3.11/site-packages/setuptools/command/bdist_wheel.py", line 405, in run
#8 2.879           self.run_command("install")
#8 2.879         File "/usr/local/lib/python3.11/site-packages/setuptools/_distutils/cmd.py", line 357, in run_command
#8 2.879           self.distribution.run_command(command)
#8 2.879         File "/usr/local/lib/python3.11/site-packages/setuptools/dist.py", line 1104, in run_command
#8 2.879           super().run_command(command)
#8 2.879         File "/usr/local/lib/python3.11/site-packages/setuptools/_distutils/dist.py", line 1021, in run_command
#8 2.879           cmd_obj.run()
#8 2.879         File "/tmp/pip-install-2msw22sk/axiom_8dbce996586e4ba78f5a2c3966e89b32/setup.py", line 17, in run
#8 2.879           _regenerateCache()
#8 2.879         File "/tmp/pip-install-2msw22sk/axiom_8dbce996586e4ba78f5a2c3966e89b32/setup.py", line 23, in _regenerateCache
#8 2.879           from axiom import plugins
#8 2.879         File "/tmp/pip-install-2msw22sk/axiom_8dbce996586e4ba78f5a2c3966e89b32/axiom/plugins/__init__.py", line 7, in <module>
#8 2.879           from epsilon.hotfix import require
#8 2.879       ModuleNotFoundError: No module named 'epsilon'
#8 2.879       [end of output]
#8 2.879   
#8 2.879   note: This error originates from a subprocess, and is likely not a problem with pip.
#8 2.879   ERROR: Failed building wheel for axiom
#8 2.879   Running setup.py clean for axiom
#8 2.999 Failed to build axiom
#8 2.999 ERROR: Could not build wheels for axiom, which is required to install pyproject.toml-based projects
#8 3.004 
#8 3.004 [notice] A new release of pip is available: 24.0 -> 25.3
#8 3.004 [notice] To update, run: pip install --upgrade pip
#8 ERROR: process "pip install axiom" did not complete successfully: exit code: 1
------
 > [ 4/48] RUN ["pip","install","axiom"]:
2.879       [end of output]
2.879   
2.879   note: This error originates from a subprocess, and is likely not a problem with pip.
2.879   ERROR: Failed building wheel for axiom
2.879   Running setup.py clean for axiom
2.999 Failed to build axiom
2.999 ERROR: Could not build wheels for axiom, which is required to install pyproject.toml-based projects
3.004 
3.004 [notice] A new release of pip is available: 24.0 -> 25.3
3.004 [notice] To update, run: pip install --upgrade pip
------
Dockerfile:4
--------------------
   2 |     COPY hard-gists/2068759/snippet.py /snippet.py
   3 |     RUN ["pip","install","ncolony"]
   4 | >>> RUN ["pip","install","axiom"]
   5 |     RUN ["pip","install","swftp"]
   6 |     RUN ["pip","install","url"]
--------------------
ERROR: failed to build: failed to solve: process "pip install axiom" did not complete successfully: exit code: 1

View build details: docker-desktop://dashboard/build/default/default/ckcevshasqwjwh365s5ob87yc
[2025-10-29 12:59:02] ERROR: Build failed for 2068759
