=== Docker Build Log for 8eabf18a6a79f5dbe3f4 ===
Started at: Mi 29. Okt 18:12:39 CET 2025

[2025-10-29 18:12:39] START: Building image for 8eabf18a6a79f5dbe3f4
#0 building with "default" instance using docker driver

#1 [internal] load build definition from Dockerfile
#1 transferring dockerfile: 179B done
#1 DONE 0.0s

#2 [internal] load metadata for docker.io/library/python:3.11
#2 DONE 0.0s

#3 [internal] load .dockerignore
#3 transferring context: 2B done
#3 DONE 0.0s

#4 [internal] load build context
#4 transferring context: 20.31kB 0.0s done
#4 DONE 0.0s

#5 [1/3] FROM docker.io/library/python:3.11
#5 CACHED

#6 [2/3] COPY hard-gists/8eabf18a6a79f5dbe3f4/snippet.py /snippet.py
#6 DONE 0.1s

#7 [3/3] RUN ["pip","install","sublime"]
#7 2.032 Collecting sublime
#7 2.079   Downloading sublime-0.1.0.tar.gz (7.2 kB)
#7 2.092   Preparing metadata (setup.py): started
#7 2.477   Preparing metadata (setup.py): finished with status 'done'
#7 2.514 Collecting click<4.0,>=3.3 (from sublime)
#7 2.526   Downloading click-3.3-py2.py3-none-any.whl.metadata (424 bytes)
#7 2.550 Downloading click-3.3-py2.py3-none-any.whl (58 kB)
#7 2.571    ━━━━━━━━━━━━━━━━━━━━━━━━━━━━━━━━━━━━━━━━ 58.8/58.8 kB 2.7 MB/s eta 0:00:00
#7 2.575 Building wheels for collected packages: sublime
#7 2.576   Building wheel for sublime (setup.py): started
#7 2.734   Building wheel for sublime (setup.py): finished with status 'done'
#7 2.734   Created wheel for sublime: filename=sublime-0.1.0-py3-none-any.whl size=6955 sha256=af9fcb878df64486d5832156224fd8706b627e923e3fbec47023cc96c8cf23bc
#7 2.734   Stored in directory: /root/.cache/pip/wheels/21/81/43/2dc664aec628363ad5dfb052838914f1dd9449855ee03a0231
#7 2.736 Successfully built sublime
#7 2.765 Installing collected packages: click, sublime
#7 2.815 Successfully installed click-3.3 sublime-0.1.0
#7 2.816 WARNING: Running pip as the 'root' user can result in broken permissions and conflicting behaviour with the system package manager. It is recommended to use a virtual environment instead: https://pip.pypa.io/warnings/venv
#7 2.906 
#7 2.906 [notice] A new release of pip is available: 24.0 -> 25.3
#7 2.906 [notice] To update, run: pip install --upgrade pip
#7 DONE 3.1s

#8 exporting to image
#8 exporting layers 0.1s done
#8 writing image sha256:fd8e63932b54c9f8961f4ee4ec4b8333e861a5c2ee935882d99182433ffdc80c done
#8 naming to docker.io/library/test-image-8eabf18a6a79f5dbe3f4 done
#8 DONE 0.2s

View build details: docker-desktop://dashboard/build/default/default/juubnxrwgo67c8d824is2d3s4
[2025-10-29 18:12:43] SUCCESS: Build completed for 8eabf18a6a79f5dbe3f4
