=== Docker Build Log for 9cdead881799a47742ff3cd296d06cc1 ===
Started at: Mi 29. Okt 18:41:32 CET 2025

[2025-10-29 18:41:32] START: Building image for 9cdead881799a47742ff3cd296d06cc1
#0 building with "default" instance using docker driver

#1 [internal] load build definition from Dockerfile
#1 transferring dockerfile: 234B done
#1 DONE 0.0s

#2 [internal] load metadata for docker.io/library/python:3.11
#2 DONE 0.0s

#3 [internal] load .dockerignore
#3 transferring context: 2B done
#3 DONE 0.0s

#4 [internal] load build context
#4 transferring context: 2.49kB 0.0s done
#4 DONE 0.0s

#5 [1/4] FROM docker.io/library/python:3.11
#5 CACHED

#6 [2/4] COPY hard-gists/9cdead881799a47742ff3cd296d06cc1/snippet.py /snippet.py
#6 DONE 0.1s

#7 [3/4] RUN ["pip","install","paho-mqtt"]
#7 1.912 Collecting paho-mqtt
#7 1.960   Downloading paho_mqtt-2.1.0-py3-none-any.whl.metadata (23 kB)
#7 1.988 Downloading paho_mqtt-2.1.0-py3-none-any.whl (67 kB)
#7 2.009    ━━━━━━━━━━━━━━━━━━━━━━━━━━━━━━━━━━━━━━━━ 67.2/67.2 kB 3.0 MB/s eta 0:00:00
#7 2.047 Installing collected packages: paho-mqtt
#7 2.089 Successfully installed paho-mqtt-2.1.0
#7 2.089 WARNING: Running pip as the 'root' user can result in broken permissions and conflicting behaviour with the system package manager. It is recommended to use a virtual environment instead: https://pip.pypa.io/warnings/venv
#7 2.178 
#7 2.178 [notice] A new release of pip is available: 24.0 -> 25.3
#7 2.178 [notice] To update, run: pip install --upgrade pip
#7 DONE 2.4s

#8 [4/4] RUN ["pip","install","paho-mqtt-client"]
#8 0.710 ERROR: Could not find a version that satisfies the requirement paho-mqtt-client (from versions: 0.0.1.linux-x86_64)
#8 0.710 ERROR: No matching distribution found for paho-mqtt-client
#8 0.715 
#8 0.715 [notice] A new release of pip is available: 24.0 -> 25.3
#8 0.715 [notice] To update, run: pip install --upgrade pip
#8 ERROR: process "pip install paho-mqtt-client" did not complete successfully: exit code: 1
------
 > [4/4] RUN ["pip","install","paho-mqtt-client"]:
0.710 ERROR: Could not find a version that satisfies the requirement paho-mqtt-client (from versions: 0.0.1.linux-x86_64)
0.710 ERROR: No matching distribution found for paho-mqtt-client
0.715 
0.715 [notice] A new release of pip is available: 24.0 -> 25.3
0.715 [notice] To update, run: pip install --upgrade pip
------
Dockerfile:4
--------------------
   2 |     COPY hard-gists/9cdead881799a47742ff3cd296d06cc1/snippet.py /snippet.py
   3 |     RUN ["pip","install","paho-mqtt"]
   4 | >>> RUN ["pip","install","paho-mqtt-client"]
   5 |     CMD ["python3","/snippet.py"]
   6 |     
--------------------
ERROR: failed to build: failed to solve: process "pip install paho-mqtt-client" did not complete successfully: exit code: 1

View build details: docker-desktop://dashboard/build/default/default/ww9gcun48pyxebu86eh62rpnn
[2025-10-29 18:41:36] ERROR: Build failed for 9cdead881799a47742ff3cd296d06cc1
