=== Docker Build Log for e7b0bc65927b7987b7d4 ===
Started at: Mi 29. Okt 20:47:50 CET 2025

[2025-10-29 20:47:50] START: Building image for e7b0bc65927b7987b7d4
#0 building with "default" instance using docker driver

#1 [internal] load build definition from Dockerfile
#1 transferring dockerfile: 145B done
#1 DONE 0.0s

#2 [internal] load metadata for docker.io/library/python:3.11
#2 DONE 0.0s

#3 [internal] load .dockerignore
#3 transferring context: 2B done
#3 DONE 0.0s

#4 [internal] load build context
#4 transferring context: 381B 0.0s done
#4 DONE 0.0s

#5 [1/2] FROM docker.io/library/python:3.11
#5 CACHED

#6 [2/2] COPY hard-gists/e7b0bc65927b7987b7d4/snippet.py /snippet.py
#6 DONE 0.1s

#7 exporting to image
#7 exporting layers 0.0s done
#7 writing image sha256:06e348e47af660d2c6ef40334633d73a80a6fadec15b5a75e1f05ee495e211b5 done
#7 naming to docker.io/library/test-image-e7b0bc65927b7987b7d4 done
#7 DONE 0.1s

View build details: docker-desktop://dashboard/build/default/default/o9lolhkst8hamo39jw6ylz211
[2025-10-29 20:47:51] SUCCESS: Build completed for e7b0bc65927b7987b7d4
