=== Docker Build Log for fa43af59f3ecf9b10c88 ===
Started at: Mi 29. Okt 21:38:51 CET 2025

[2025-10-29 21:38:51] START: Building image for fa43af59f3ecf9b10c88
#0 building with "default" instance using docker driver

#1 [internal] load build definition from Dockerfile
#1 transferring dockerfile: 330B done
#1 DONE 0.0s

#2 [internal] load metadata for docker.io/library/python:3.11
#2 DONE 0.0s

#3 [internal] load .dockerignore
#3 transferring context: 2B done
#3 DONE 0.0s

#4 [internal] load build context
#4 transferring context: 1.35kB 0.0s done
#4 DONE 0.0s

#5 [1/8] FROM docker.io/library/python:3.11
#5 CACHED

#6 [2/8] COPY hard-gists/fa43af59f3ecf9b10c88/snippet.py /snippet.py
#6 DONE 0.1s

#7 [3/8] RUN ["pip","install","six"]
#7 1.924 Collecting six
#7 1.976   Downloading six-1.17.0-py2.py3-none-any.whl.metadata (1.7 kB)
#7 1.998 Downloading six-1.17.0-py2.py3-none-any.whl (11 kB)
#7 2.041 Installing collected packages: six
#7 2.057 Successfully installed six-1.17.0
#7 2.058 WARNING: Running pip as the 'root' user can result in broken permissions and conflicting behaviour with the system package manager. It is recommended to use a virtual environment instead: https://pip.pypa.io/warnings/venv
#7 2.160 
#7 2.160 [notice] A new release of pip is available: 24.0 -> 25.3
#7 2.160 [notice] To update, run: pip install --upgrade pip
#7 DONE 2.3s

#8 [4/8] RUN ["pip","install","pytest"]
#8 0.561 Collecting pytest
#8 0.595   Downloading pytest-8.4.2-py3-none-any.whl.metadata (7.7 kB)
#8 0.638 Collecting iniconfig>=1 (from pytest)
#8 0.646   Downloading iniconfig-2.3.0-py3-none-any.whl.metadata (2.5 kB)
#8 0.702 Collecting packaging>=20 (from pytest)
#8 0.712   Downloading packaging-25.0-py3-none-any.whl.metadata (3.3 kB)
#8 0.751 Collecting pluggy<2,>=1.5 (from pytest)
#8 0.760   Downloading pluggy-1.6.0-py3-none-any.whl.metadata (4.8 kB)
#8 0.807 Collecting pygments>=2.7.2 (from pytest)
#8 0.815   Downloading pygments-2.19.2-py3-none-any.whl.metadata (2.5 kB)
#8 0.845 Downloading pytest-8.4.2-py3-none-any.whl (365 kB)
#8 0.904    ━━━━━━━━━━━━━━━━━━━━━━━━━━━━━━━━━━━━━━━━ 365.8/365.8 kB 6.3 MB/s eta 0:00:00
#8 0.912 Downloading iniconfig-2.3.0-py3-none-any.whl (7.5 kB)
#8 0.932 Downloading packaging-25.0-py3-none-any.whl (66 kB)
#8 0.946    ━━━━━━━━━━━━━━━━━━━━━━━━━━━━━━━━━━━━━━━━ 66.5/66.5 kB 4.7 MB/s eta 0:00:00
#8 0.954 Downloading pluggy-1.6.0-py3-none-any.whl (20 kB)
#8 0.970 Downloading pygments-2.19.2-py3-none-any.whl (1.2 MB)
#8 1.101    ━━━━━━━━━━━━━━━━━━━━━━━━━━━━━━━━━━━━━━━━ 1.2/1.2 MB 9.4 MB/s eta 0:00:00
#8 1.149 Installing collected packages: pygments, pluggy, packaging, iniconfig, pytest
#8 1.864 Successfully installed iniconfig-2.3.0 packaging-25.0 pluggy-1.6.0 pygments-2.19.2 pytest-8.4.2
#8 1.864 WARNING: Running pip as the 'root' user can result in broken permissions and conflicting behaviour with the system package manager. It is recommended to use a virtual environment instead: https://pip.pypa.io/warnings/venv
#8 1.869 
#8 1.869 [notice] A new release of pip is available: 24.0 -> 25.3
#8 1.869 [notice] To update, run: pip install --upgrade pip
#8 DONE 2.0s

#9 [5/8] RUN ["pip","install","py"]
#9 0.524 Collecting py
#9 0.572   Downloading py-1.11.0-py2.py3-none-any.whl.metadata (2.8 kB)
#9 0.596 Downloading py-1.11.0-py2.py3-none-any.whl (98 kB)
#9 0.643    ━━━━━━━━━━━━━━━━━━━━━━━━━━━━━━━━━━━━━━━━ 98.7/98.7 kB 2.0 MB/s eta 0:00:00
#9 0.686 Installing collected packages: py
#9 0.765 Successfully installed py-1.11.0
#9 0.765 WARNING: Running pip as the 'root' user can result in broken permissions and conflicting behaviour with the system package manager. It is recommended to use a virtual environment instead: https://pip.pypa.io/warnings/venv
#9 0.771 
#9 0.771 [notice] A new release of pip is available: 24.0 -> 25.3
#9 0.771 [notice] To update, run: pip install --upgrade pip
#9 DONE 0.9s

#10 [6/8] RUN ["pip","install","moviepy"]
#10 0.527 Collecting moviepy
#10 0.570   Downloading moviepy-2.2.1-py3-none-any.whl.metadata (6.9 kB)
#10 0.621 Collecting decorator<6.0,>=4.0.2 (from moviepy)
#10 0.630   Downloading decorator-5.2.1-py3-none-any.whl.metadata (3.9 kB)
#10 0.693 Collecting imageio<3.0,>=2.5 (from moviepy)
#10 0.701   Downloading imageio-2.37.0-py3-none-any.whl.metadata (5.2 kB)
#10 0.751 Collecting imageio_ffmpeg>=0.2.0 (from moviepy)
#10 0.761   Downloading imageio_ffmpeg-0.6.0-py3-none-manylinux2014_x86_64.whl.metadata (1.5 kB)
#10 0.987 Collecting numpy>=1.25.0 (from moviepy)
#10 0.998   Downloading numpy-2.3.4-cp311-cp311-manylinux_2_27_x86_64.manylinux_2_28_x86_64.whl.metadata (62 kB)
#10 1.031      ━━━━━━━━━━━━━━━━━━━━━━━━━━━━━━━━━━━━━━━━ 62.1/62.1 kB 1.7 MB/s eta 0:00:00
#10 1.065 Collecting proglog<=1.0.0 (from moviepy)
#10 1.074   Downloading proglog-0.1.12-py3-none-any.whl.metadata (794 bytes)
#10 1.120 Collecting python-dotenv>=0.10 (from moviepy)
#10 1.130   Downloading python_dotenv-1.2.1-py3-none-any.whl.metadata (25 kB)
#10 1.338 Collecting pillow<12.0,>=9.2.0 (from moviepy)
#10 1.350   Downloading pillow-11.3.0-cp311-cp311-manylinux_2_27_x86_64.manylinux_2_28_x86_64.whl.metadata (9.0 kB)
#10 1.475 Collecting tqdm (from proglog<=1.0.0->moviepy)
#10 1.483   Downloading tqdm-4.67.1-py3-none-any.whl.metadata (57 kB)
#10 1.501      ━━━━━━━━━━━━━━━━━━━━━━━━━━━━━━━━━━━━━━━━ 57.7/57.7 kB 3.0 MB/s eta 0:00:00
#10 1.524 Downloading moviepy-2.2.1-py3-none-any.whl (129 kB)
#10 1.543    ━━━━━━━━━━━━━━━━━━━━━━━━━━━━━━━━━━━━━━━━ 129.9/129.9 kB 7.8 MB/s eta 0:00:00
#10 1.551 Downloading decorator-5.2.1-py3-none-any.whl (9.2 kB)
#10 1.574 Downloading imageio-2.37.0-py3-none-any.whl (315 kB)
#10 1.602    ━━━━━━━━━━━━━━━━━━━━━━━━━━━━━━━━━━━━━━━━ 315.8/315.8 kB 11.6 MB/s eta 0:00:00
#10 1.612 Downloading imageio_ffmpeg-0.6.0-py3-none-manylinux2014_x86_64.whl (29.5 MB)
#10 3.801    ━━━━━━━━━━━━━━━━━━━━━━━━━━━━━━━━━━━━━━━━ 29.5/29.5 MB 11.3 MB/s eta 0:00:00
#10 3.815 Downloading numpy-2.3.4-cp311-cp311-manylinux_2_27_x86_64.manylinux_2_28_x86_64.whl (16.9 MB)
#10 4.990    ━━━━━━━━━━━━━━━━━━━━━━━━━━━━━━━━━━━━━━━━ 16.9/16.9 MB 13.8 MB/s eta 0:00:00
#10 5.008 Downloading pillow-11.3.0-cp311-cp311-manylinux_2_27_x86_64.manylinux_2_28_x86_64.whl (6.6 MB)
#10 5.485    ━━━━━━━━━━━━━━━━━━━━━━━━━━━━━━━━━━━━━━━━ 6.6/6.6 MB 13.9 MB/s eta 0:00:00
#10 5.495 Downloading proglog-0.1.12-py3-none-any.whl (6.3 kB)
#10 5.514 Downloading python_dotenv-1.2.1-py3-none-any.whl (21 kB)
#10 5.533 Downloading tqdm-4.67.1-py3-none-any.whl (78 kB)
#10 5.546    ━━━━━━━━━━━━━━━━━━━━━━━━━━━━━━━━━━━━━━━━ 78.5/78.5 kB 5.9 MB/s eta 0:00:00
#10 5.770 Installing collected packages: tqdm, python-dotenv, pillow, numpy, imageio_ffmpeg, decorator, proglog, imageio, moviepy
#10 7.985 Successfully installed decorator-5.2.1 imageio-2.37.0 imageio_ffmpeg-0.6.0 moviepy-2.2.1 numpy-2.3.4 pillow-11.3.0 proglog-0.1.12 python-dotenv-1.2.1 tqdm-4.67.1
#10 7.985 WARNING: Running pip as the 'root' user can result in broken permissions and conflicting behaviour with the system package manager. It is recommended to use a virtual environment instead: https://pip.pypa.io/warnings/venv
#10 7.990 
#10 7.990 [notice] A new release of pip is available: 24.0 -> 25.3
#10 7.990 [notice] To update, run: pip install --upgrade pip
#10 DONE 8.9s

#11 [7/8] RUN ["pip","install","numpy"]
#11 0.511 Requirement already satisfied: numpy in /usr/local/lib/python3.11/site-packages (2.3.4)
#11 0.611 WARNING: Running pip as the 'root' user can result in broken permissions and conflicting behaviour with the system package manager. It is recommended to use a virtual environment instead: https://pip.pypa.io/warnings/venv
#11 0.617 
#11 0.617 [notice] A new release of pip is available: 24.0 -> 25.3
#11 0.617 [notice] To update, run: pip install --upgrade pip
#11 DONE 0.7s

#12 [8/8] RUN ["pip","install","matplotlib"]
#12 0.678 Collecting matplotlib
#12 0.735   Downloading matplotlib-3.10.7-cp311-cp311-manylinux2014_x86_64.manylinux_2_17_x86_64.whl.metadata (11 kB)
#12 0.849 Collecting contourpy>=1.0.1 (from matplotlib)
#12 0.859   Downloading contourpy-1.3.3-cp311-cp311-manylinux_2_27_x86_64.manylinux_2_28_x86_64.whl.metadata (5.5 kB)
#12 0.907 Collecting cycler>=0.10 (from matplotlib)
#12 0.944   Downloading cycler-0.12.1-py3-none-any.whl.metadata (3.8 kB)
#12 1.121 Collecting fonttools>=4.22.0 (from matplotlib)
#12 1.198   Downloading fonttools-4.60.1-cp311-cp311-manylinux2014_x86_64.manylinux_2_17_x86_64.whl.metadata (112 kB)
#12 1.243      ━━━━━━━━━━━━━━━━━━━━━━━━━━━━━━━━━━━━━━━ 112.3/112.3 kB 2.4 MB/s eta 0:00:00
#12 1.338 Collecting kiwisolver>=1.3.1 (from matplotlib)
#12 1.361   Downloading kiwisolver-1.4.9-cp311-cp311-manylinux2014_x86_64.manylinux_2_17_x86_64.whl.metadata (6.3 kB)
#12 1.383 Requirement already satisfied: numpy>=1.23 in /usr/local/lib/python3.11/site-packages (from matplotlib) (2.3.4)
#12 1.384 Requirement already satisfied: packaging>=20.0 in /usr/local/lib/python3.11/site-packages (from matplotlib) (25.0)
#12 1.385 Requirement already satisfied: pillow>=8 in /usr/local/lib/python3.11/site-packages (from matplotlib) (11.3.0)
#12 1.428 Collecting pyparsing>=3 (from matplotlib)
#12 1.439   Downloading pyparsing-3.2.5-py3-none-any.whl.metadata (5.0 kB)
#12 1.491 Collecting python-dateutil>=2.7 (from matplotlib)
#12 1.508   Downloading python_dateutil-2.9.0.post0-py2.py3-none-any.whl.metadata (8.4 kB)
#12 1.566 Requirement already satisfied: six>=1.5 in /usr/local/lib/python3.11/site-packages (from python-dateutil>=2.7->matplotlib) (1.17.0)
#12 1.632 Downloading matplotlib-3.10.7-cp311-cp311-manylinux2014_x86_64.manylinux_2_17_x86_64.whl (8.7 MB)
#12 2.396    ━━━━━━━━━━━━━━━━━━━━━━━━━━━━━━━━━━━━━━━━ 8.7/8.7 MB 11.4 MB/s eta 0:00:00
#12 2.488 Downloading contourpy-1.3.3-cp311-cp311-manylinux_2_27_x86_64.manylinux_2_28_x86_64.whl (355 kB)
#12 2.518    ━━━━━━━━━━━━━━━━━━━━━━━━━━━━━━━━━━━━━━━━ 355.2/355.2 kB 12.0 MB/s eta 0:00:00
#12 2.581 Downloading cycler-0.12.1-py3-none-any.whl (8.3 kB)
#12 2.603 Downloading fonttools-4.60.1-cp311-cp311-manylinux2014_x86_64.manylinux_2_17_x86_64.whl (5.0 MB)
#12 2.927    ━━━━━━━━━━━━━━━━━━━━━━━━━━━━━━━━━━━━━━━━ 5.0/5.0 MB 15.4 MB/s eta 0:00:00
#12 2.938 Downloading kiwisolver-1.4.9-cp311-cp311-manylinux2014_x86_64.manylinux_2_17_x86_64.whl (1.4 MB)
#12 3.031    ━━━━━━━━━━━━━━━━━━━━━━━━━━━━━━━━━━━━━━━━ 1.4/1.4 MB 15.6 MB/s eta 0:00:00
#12 3.040 Downloading pyparsing-3.2.5-py3-none-any.whl (113 kB)
#12 3.060    ━━━━━━━━━━━━━━━━━━━━━━━━━━━━━━━━━━━━━━━━ 113.9/113.9 kB 5.8 MB/s eta 0:00:00
#12 3.068 Downloading python_dateutil-2.9.0.post0-py2.py3-none-any.whl (229 kB)
#12 3.088    ━━━━━━━━━━━━━━━━━━━━━━━━━━━━━━━━━━━━━━━━ 229.9/229.9 kB 11.9 MB/s eta 0:00:00
#12 3.259 Installing collected packages: python-dateutil, pyparsing, kiwisolver, fonttools, cycler, contourpy, matplotlib
#12 4.970 Successfully installed contourpy-1.3.3 cycler-0.12.1 fonttools-4.60.1 kiwisolver-1.4.9 matplotlib-3.10.7 pyparsing-3.2.5 python-dateutil-2.9.0.post0
#12 4.970 WARNING: Running pip as the 'root' user can result in broken permissions and conflicting behaviour with the system package manager. It is recommended to use a virtual environment instead: https://pip.pypa.io/warnings/venv
#12 4.977 
#12 4.977 [notice] A new release of pip is available: 24.0 -> 25.3
#12 4.977 [notice] To update, run: pip install --upgrade pip
#12 DONE 5.8s

#13 exporting to image
#13 exporting layers
#13 exporting layers 0.9s done
#13 writing image sha256:78b61b4dcc9d94f9b1025976c908035c464f5066875e0d48e36b0a576a2ca192 done
#13 naming to docker.io/library/test-image-fa43af59f3ecf9b10c88 done
#13 DONE 0.9s

View build details: docker-desktop://dashboard/build/default/default/ylsfuazxillq0kty6l21htxyb
[2025-10-29 21:39:13] SUCCESS: Build completed for fa43af59f3ecf9b10c88
