=== Docker Build Log for 841006 ===
Started at: Mi 29. Okt 17:47:42 CET 2025

[2025-10-29 17:47:42] START: Building image for 841006
#0 building with "default" instance using docker driver

#1 [internal] load build definition from Dockerfile
#1 transferring dockerfile: 131B done
#1 DONE 0.0s

#2 [internal] load metadata for docker.io/library/python:3.11
#2 DONE 0.0s

#3 [internal] load .dockerignore
#3 transferring context: 2B done
#3 DONE 0.0s

#4 [internal] load build context
#4 transferring context: 1.19kB 0.0s done
#4 DONE 0.0s

#5 [1/2] FROM docker.io/library/python:3.11
#5 CACHED

#6 [2/2] COPY hard-gists/841006/snippet.py /snippet.py
#6 DONE 0.1s

#7 exporting to image
#7 exporting layers 0.0s done
#7 writing image sha256:e934cce33409012f9e7b58607d9a2118c19992d46dbd6d385e4ed39ecd3cce55 done
#7 naming to docker.io/library/test-image-841006 done
#7 DONE 0.1s

View build details: docker-desktop://dashboard/build/default/default/vke8mejirvfx3mxfhsc1fqolm
[2025-10-29 17:47:43] SUCCESS: Build completed for 841006
