=== Docker Build Log for 130cd92dc47c56c47030 ===
Started at: Mi 29. Okt 12:06:28 CET 2025

[2025-10-29 12:06:28] START: Building image for 130cd92dc47c56c47030
#0 building with "default" instance using docker driver

#1 [internal] load build definition from Dockerfile
#1 transferring dockerfile: 387B done
#1 DONE 0.0s

#2 [internal] load metadata for docker.io/library/python:3.11
#2 DONE 0.0s

#3 [internal] load .dockerignore
#3 transferring context: 2B done
#3 DONE 0.0s

#4 [internal] load build context
#4 transferring context: 1.21kB 0.0s done
#4 DONE 0.0s

#5 [ 1/10] FROM docker.io/library/python:3.11
#5 CACHED

#6 [ 2/10] COPY hard-gists/130cd92dc47c56c47030/snippet.py /snippet.py
#6 DONE 0.1s

#7 [ 3/10] RUN ["pip","install","six"]
#7 1.883 Collecting six
#7 1.915   Downloading six-1.17.0-py2.py3-none-any.whl.metadata (1.7 kB)
#7 1.940 Downloading six-1.17.0-py2.py3-none-any.whl (11 kB)
#7 1.981 Installing collected packages: six
#7 1.996 Successfully installed six-1.17.0
#7 1.997 WARNING: Running pip as the 'root' user can result in broken permissions and conflicting behaviour with the system package manager. It is recommended to use a virtual environment instead: https://pip.pypa.io/warnings/venv
#7 2.085 
#7 2.085 [notice] A new release of pip is available: 24.0 -> 25.3
#7 2.085 [notice] To update, run: pip install --upgrade pip
#7 DONE 2.2s

#8 [ 4/10] RUN ["pip","install","pytest"]
#8 0.546 Collecting pytest
#8 0.580   Downloading pytest-8.4.2-py3-none-any.whl.metadata (7.7 kB)
#8 0.624 Collecting iniconfig>=1 (from pytest)
#8 0.632   Downloading iniconfig-2.3.0-py3-none-any.whl.metadata (2.5 kB)
#8 0.677 Collecting packaging>=20 (from pytest)
#8 0.684   Downloading packaging-25.0-py3-none-any.whl.metadata (3.3 kB)
#8 0.724 Collecting pluggy<2,>=1.5 (from pytest)
#8 0.732   Downloading pluggy-1.6.0-py3-none-any.whl.metadata (4.8 kB)
#8 0.775 Collecting pygments>=2.7.2 (from pytest)
#8 0.783   Downloading pygments-2.19.2-py3-none-any.whl.metadata (2.5 kB)
#8 0.810 Downloading pytest-8.4.2-py3-none-any.whl (365 kB)
#8 0.848    ━━━━━━━━━━━━━━━━━━━━━━━━━━━━━━━━━━━━━━━━ 365.8/365.8 kB 10.0 MB/s eta 0:00:00
#8 0.856 Downloading iniconfig-2.3.0-py3-none-any.whl (7.5 kB)
#8 0.872 Downloading packaging-25.0-py3-none-any.whl (66 kB)
#8 0.884    ━━━━━━━━━━━━━━━━━━━━━━━━━━━━━━━━━━━━━━━━ 66.5/66.5 kB 5.8 MB/s eta 0:00:00
#8 0.892 Downloading pluggy-1.6.0-py3-none-any.whl (20 kB)
#8 0.910 Downloading pygments-2.19.2-py3-none-any.whl (1.2 MB)
#8 0.961    ━━━━━━━━━━━━━━━━━━━━━━━━━━━━━━━━━━━━━━━━ 1.2/1.2 MB 24.5 MB/s eta 0:00:00
#8 1.022 Installing collected packages: pygments, pluggy, packaging, iniconfig, pytest
#8 1.730 Successfully installed iniconfig-2.3.0 packaging-25.0 pluggy-1.6.0 pygments-2.19.2 pytest-8.4.2
#8 1.730 WARNING: Running pip as the 'root' user can result in broken permissions and conflicting behaviour with the system package manager. It is recommended to use a virtual environment instead: https://pip.pypa.io/warnings/venv
#8 1.735 
#8 1.735 [notice] A new release of pip is available: 24.0 -> 25.3
#8 1.735 [notice] To update, run: pip install --upgrade pip
#8 DONE 1.9s

#9 [ 5/10] RUN ["pip","install","py"]
#9 0.521 Collecting py
#9 0.554   Downloading py-1.11.0-py2.py3-none-any.whl.metadata (2.8 kB)
#9 0.578 Downloading py-1.11.0-py2.py3-none-any.whl (98 kB)
#9 0.611    ━━━━━━━━━━━━━━━━━━━━━━━━━━━━━━━━━━━━━━━━ 98.7/98.7 kB 2.8 MB/s eta 0:00:00
#9 0.653 Installing collected packages: py
#9 0.732 Successfully installed py-1.11.0
#9 0.732 WARNING: Running pip as the 'root' user can result in broken permissions and conflicting behaviour with the system package manager. It is recommended to use a virtual environment instead: https://pip.pypa.io/warnings/venv
#9 0.737 
#9 0.737 [notice] A new release of pip is available: 24.0 -> 25.3
#9 0.737 [notice] To update, run: pip install --upgrade pip
#9 DONE 0.8s

#10 [ 6/10] RUN ["pip","install","pyd"]
#10 0.530 Collecting pyd
#10 0.564   Downloading pyd-0.13.1.tar.gz (530 kB)
#10 0.610      ━━━━━━━━━━━━━━━━━━━━━━━━━━━━━━━━━━━━━━ 531.0/531.0 kB 11.9 MB/s eta 0:00:00
#10 0.639   Preparing metadata (setup.py): started
#10 1.032   Preparing metadata (setup.py): finished with status 'done'
#10 1.034 Building wheels for collected packages: pyd
#10 1.034   Building wheel for pyd (setup.py): started
#10 1.291   Building wheel for pyd (setup.py): finished with status 'done'
#10 1.293   Created wheel for pyd: filename=pyd-0.13.1-py3-none-any.whl size=594269 sha256=18c804ee2285202ebb42c943b164224c4fc8f61ec3b7ba3f293b173133ddbda9
#10 1.293   Stored in directory: /root/.cache/pip/wheels/a2/74/c2/6bfaa6b92116e1859a4c9e344aabf6b647437f4321fe90da50
#10 1.295 Successfully built pyd
#10 1.334 Installing collected packages: pyd
#10 1.381 Successfully installed pyd-0.13.1
#10 1.381 WARNING: Running pip as the 'root' user can result in broken permissions and conflicting behaviour with the system package manager. It is recommended to use a virtual environment instead: https://pip.pypa.io/warnings/venv
#10 1.386 
#10 1.386 [notice] A new release of pip is available: 24.0 -> 25.3
#10 1.386 [notice] To update, run: pip install --upgrade pip
#10 DONE 1.5s

#11 [ 7/10] RUN ["pip","install","numpy"]
#11 0.664 Collecting numpy
#11 0.700   Downloading numpy-2.3.4-cp311-cp311-manylinux_2_27_x86_64.manylinux_2_28_x86_64.whl.metadata (62 kB)
#11 0.726      ━━━━━━━━━━━━━━━━━━━━━━━━━━━━━━━━━━━━━━━━ 62.1/62.1 kB 2.1 MB/s eta 0:00:00
#11 0.744 Downloading numpy-2.3.4-cp311-cp311-manylinux_2_27_x86_64.manylinux_2_28_x86_64.whl (16.9 MB)
#11 1.814    ━━━━━━━━━━━━━━━━━━━━━━━━━━━━━━━━━━━━━━━━ 16.9/16.9 MB 16.8 MB/s eta 0:00:00
#11 1.901 Installing collected packages: numpy
#11 3.298 Successfully installed numpy-2.3.4
#11 3.298 WARNING: Running pip as the 'root' user can result in broken permissions and conflicting behaviour with the system package manager. It is recommended to use a virtual environment instead: https://pip.pypa.io/warnings/venv
#11 3.303 
#11 3.303 [notice] A new release of pip is available: 24.0 -> 25.3
#11 3.303 [notice] To update, run: pip install --upgrade pip
#11 DONE 3.7s

#12 [ 8/10] RUN ["pip","install","matplotlib"]
#12 0.647 Collecting matplotlib
#12 0.683   Downloading matplotlib-3.10.7-cp311-cp311-manylinux2014_x86_64.manylinux_2_17_x86_64.whl.metadata (11 kB)
#12 0.791 Collecting contourpy>=1.0.1 (from matplotlib)
#12 0.800   Downloading contourpy-1.3.3-cp311-cp311-manylinux_2_27_x86_64.manylinux_2_28_x86_64.whl.metadata (5.5 kB)
#12 0.839 Collecting cycler>=0.10 (from matplotlib)
#12 0.847   Downloading cycler-0.12.1-py3-none-any.whl.metadata (3.8 kB)
#12 1.013 Collecting fonttools>=4.22.0 (from matplotlib)
#12 1.024   Downloading fonttools-4.60.1-cp311-cp311-manylinux2014_x86_64.manylinux_2_17_x86_64.whl.metadata (112 kB)
#12 1.061      ━━━━━━━━━━━━━━━━━━━━━━━━━━━━━━━━━━━━━━━ 112.3/112.3 kB 2.9 MB/s eta 0:00:00
#12 1.155 Collecting kiwisolver>=1.3.1 (from matplotlib)
#12 1.164   Downloading kiwisolver-1.4.9-cp311-cp311-manylinux2014_x86_64.manylinux_2_17_x86_64.whl.metadata (6.3 kB)
#12 1.184 Requirement already satisfied: numpy>=1.23 in /usr/local/lib/python3.11/site-packages (from matplotlib) (2.3.4)
#12 1.185 Requirement already satisfied: packaging>=20.0 in /usr/local/lib/python3.11/site-packages (from matplotlib) (25.0)
#12 1.356 Collecting pillow>=8 (from matplotlib)
#12 1.367   Downloading pillow-12.0.0-cp311-cp311-manylinux_2_27_x86_64.manylinux_2_28_x86_64.whl.metadata (8.8 kB)
#12 1.429 Collecting pyparsing>=3 (from matplotlib)
#12 1.437   Downloading pyparsing-3.2.5-py3-none-any.whl.metadata (5.0 kB)
#12 1.480 Collecting python-dateutil>=2.7 (from matplotlib)
#12 1.489   Downloading python_dateutil-2.9.0.post0-py2.py3-none-any.whl.metadata (8.4 kB)
#12 1.546 Requirement already satisfied: six>=1.5 in /usr/local/lib/python3.11/site-packages (from python-dateutil>=2.7->matplotlib) (1.17.0)
#12 1.557 Downloading matplotlib-3.10.7-cp311-cp311-manylinux2014_x86_64.manylinux_2_17_x86_64.whl (8.7 MB)
#12 1.915    ━━━━━━━━━━━━━━━━━━━━━━━━━━━━━━━━━━━━━━━━ 8.7/8.7 MB 24.4 MB/s eta 0:00:00
#12 1.931 Downloading contourpy-1.3.3-cp311-cp311-manylinux_2_27_x86_64.manylinux_2_28_x86_64.whl (355 kB)
#12 1.953    ━━━━━━━━━━━━━━━━━━━━━━━━━━━━━━━━━━━━━━━━ 355.2/355.2 kB 17.6 MB/s eta 0:00:00
#12 1.961 Downloading cycler-0.12.1-py3-none-any.whl (8.3 kB)
#12 1.980 Downloading fonttools-4.60.1-cp311-cp311-manylinux2014_x86_64.manylinux_2_17_x86_64.whl (5.0 MB)
#12 2.160    ━━━━━━━━━━━━━━━━━━━━━━━━━━━━━━━━━━━━━━━━ 5.0/5.0 MB 27.8 MB/s eta 0:00:00
#12 2.179 Downloading kiwisolver-1.4.9-cp311-cp311-manylinux2014_x86_64.manylinux_2_17_x86_64.whl (1.4 MB)
#12 2.237    ━━━━━━━━━━━━━━━━━━━━━━━━━━━━━━━━━━━━━━━━ 1.4/1.4 MB 25.6 MB/s eta 0:00:00
#12 2.258 Downloading pillow-12.0.0-cp311-cp311-manylinux_2_27_x86_64.manylinux_2_28_x86_64.whl (7.0 MB)
#12 2.516    ━━━━━━━━━━━━━━━━━━━━━━━━━━━━━━━━━━━━━━━━ 7.0/7.0 MB 27.4 MB/s eta 0:00:00
#12 2.525 Downloading pyparsing-3.2.5-py3-none-any.whl (113 kB)
#12 2.538    ━━━━━━━━━━━━━━━━━━━━━━━━━━━━━━━━━━━━━━━━ 113.9/113.9 kB 9.5 MB/s eta 0:00:00
#12 2.546 Downloading python_dateutil-2.9.0.post0-py2.py3-none-any.whl (229 kB)
#12 2.562    ━━━━━━━━━━━━━━━━━━━━━━━━━━━━━━━━━━━━━━━━ 229.9/229.9 kB 14.8 MB/s eta 0:00:00
#12 2.732 Installing collected packages: python-dateutil, pyparsing, pillow, kiwisolver, fonttools, cycler, contourpy, matplotlib
#12 4.696 Successfully installed contourpy-1.3.3 cycler-0.12.1 fonttools-4.60.1 kiwisolver-1.4.9 matplotlib-3.10.7 pillow-12.0.0 pyparsing-3.2.5 python-dateutil-2.9.0.post0
#12 4.697 WARNING: Running pip as the 'root' user can result in broken permissions and conflicting behaviour with the system package manager. It is recommended to use a virtual environment instead: https://pip.pypa.io/warnings/venv
#12 4.702 
#12 4.702 [notice] A new release of pip is available: 24.0 -> 25.3
#12 4.702 [notice] To update, run: pip install --upgrade pip
#12 DONE 5.1s

#13 [ 9/10] RUN ["pip","install","pillow"]
#13 0.449 Requirement already satisfied: pillow in /usr/local/lib/python3.11/site-packages (12.0.0)
#13 0.551 WARNING: Running pip as the 'root' user can result in broken permissions and conflicting behaviour with the system package manager. It is recommended to use a virtual environment instead: https://pip.pypa.io/warnings/venv
#13 0.556 
#13 0.556 [notice] A new release of pip is available: 24.0 -> 25.3
#13 0.556 [notice] To update, run: pip install --upgrade pip
#13 DONE 0.6s

#14 [10/10] RUN ["pip","install","pydub"]
#14 0.512 Collecting pydub
#14 0.546   Downloading pydub-0.25.1-py2.py3-none-any.whl.metadata (1.4 kB)
#14 0.569 Downloading pydub-0.25.1-py2.py3-none-any.whl (32 kB)
#14 0.674 Installing collected packages: pydub
#14 0.724 Successfully installed pydub-0.25.1
#14 0.724 WARNING: Running pip as the 'root' user can result in broken permissions and conflicting behaviour with the system package manager. It is recommended to use a virtual environment instead: https://pip.pypa.io/warnings/venv
#14 0.730 
#14 0.730 [notice] A new release of pip is available: 24.0 -> 25.3
#14 0.730 [notice] To update, run: pip install --upgrade pip
#14 DONE 0.8s

#15 exporting to image
#15 exporting layers
#15 exporting layers 0.6s done
#15 writing image sha256:fede8eca1ef28c1169471abc2f224bcfc7164c0413edfc085debd626feef50e8 done
#15 naming to docker.io/library/test-image-130cd92dc47c56c47030 done
#15 DONE 0.6s

View build details: docker-desktop://dashboard/build/default/default/jhs1hxqm44fk53y9f3dadmuxl
[2025-10-29 12:06:45] SUCCESS: Build completed for 130cd92dc47c56c47030
