=== Docker Run Log for 130cd92dc47c56c47030 ===
Started at: Mi 29. Okt 12:06:28 CET 2025

[2025-10-29 12:06:45] START: Running container for 130cd92dc47c56c47030
[2025-10-29 12:06:46] SUCCESS: Container f5410f5e8d3819c89fa6b36fc4a2264423c976128cb1dda51b4d1a06d0a8966d started for 130cd92dc47c56c47030
=== Container logs for 130cd92dc47c56c47030 ===
/usr/local/lib/python3.11/site-packages/pydub/utils.py:170: RuntimeWarning: Couldn't find ffmpeg or avconv - defaulting to ffmpeg, but may not work
  warn("Couldn't find ffmpeg or avconv - defaulting to ffmpeg, but may not work", RuntimeWarning)
Traceback (most recent call last):
  File "/snippet.py", line 9, in <module>
    audio = AudioSegment.from_file(src)
            ^^^^^^^^^^^^^^^^^^^^^^^^^^^
  File "/usr/local/lib/python3.11/site-packages/pydub/audio_segment.py", line 651, in from_file
    file, close_file = _fd_or_path_or_tempfile(file, 'rb', tempfile=False)
                       ^^^^^^^^^^^^^^^^^^^^^^^^^^^^^^^^^^^^^^^^^^^^^^^^^^^
  File "/usr/local/lib/python3.11/site-packages/pydub/utils.py", line 60, in _fd_or_path_or_tempfile
    fd = open(fd, mode=mode)
         ^^^^^^^^^^^^^^^^^^^
FileNotFoundError: [Errno 2] No such file or directory: './test.mp3'
=== End of logs for 130cd92dc47c56c47030 ===
[2025-10-29 12:06:48] INFO: Container f5410f5e8d3819c89fa6b36fc4a2264423c976128cb1dda51b4d1a06d0a8966d has stopped
