=== Docker Build Log for 286805 ===
Started at: Mi 29. Okt 13:18:35 CET 2025

[2025-10-29 13:18:35] START: Building image for 286805
#0 building with "default" instance using docker driver

#1 [internal] load build definition from Dockerfile
#1 transferring dockerfile: 2.09kB done
#1 DONE 0.0s

#2 [internal] load metadata for docker.io/library/python:3.11
#2 DONE 0.0s

#3 [internal] load .dockerignore
#3 transferring context: 2B done
#3 DONE 0.0s

#4 [ 1/44] FROM docker.io/library/python:3.11
#4 DONE 0.0s

#5 [internal] load build context
#5 transferring context: 6.01kB 0.0s done
#5 DONE 0.0s

#4 [ 1/44] FROM docker.io/library/python:3.11
#4 CACHED

#6 [ 2/44] COPY hard-gists/286805/snippet.py /snippet.py
#6 DONE 0.1s

#7 [ 3/44] RUN ["pip","install","requests"]
#7 2.065 Collecting requests
#7 2.096   Downloading requests-2.32.5-py3-none-any.whl.metadata (4.9 kB)
#7 2.217 Collecting charset_normalizer<4,>=2 (from requests)
#7 2.225   Downloading charset_normalizer-3.4.4-cp311-cp311-manylinux2014_x86_64.manylinux_2_17_x86_64.manylinux_2_28_x86_64.whl.metadata (37 kB)
#7 2.269 Collecting idna<4,>=2.5 (from requests)
#7 2.276   Downloading idna-3.11-py3-none-any.whl.metadata (8.4 kB)
#7 2.343 Collecting urllib3<3,>=1.21.1 (from requests)
#7 2.352   Downloading urllib3-2.5.0-py3-none-any.whl.metadata (6.5 kB)
#7 2.400 Collecting certifi>=2017.4.17 (from requests)
#7 2.408   Downloading certifi-2025.10.5-py3-none-any.whl.metadata (2.5 kB)
#7 2.433 Downloading requests-2.32.5-py3-none-any.whl (64 kB)
#7 2.452    ━━━━━━━━━━━━━━━━━━━━━━━━━━━━━━━━━━━━━━━━ 64.7/64.7 kB 3.2 MB/s eta 0:00:00
#7 2.461 Downloading certifi-2025.10.5-py3-none-any.whl (163 kB)
#7 2.478    ━━━━━━━━━━━━━━━━━━━━━━━━━━━━━━━━━━━━━━━━ 163.3/163.3 kB 10.0 MB/s eta 0:00:00
#7 2.487 Downloading charset_normalizer-3.4.4-cp311-cp311-manylinux2014_x86_64.manylinux_2_17_x86_64.manylinux_2_28_x86_64.whl (151 kB)
#7 2.504    ━━━━━━━━━━━━━━━━━━━━━━━━━━━━━━━━━━━━━━━━ 151.6/151.6 kB 8.9 MB/s eta 0:00:00
#7 2.512 Downloading idna-3.11-py3-none-any.whl (71 kB)
#7 2.524    ━━━━━━━━━━━━━━━━━━━━━━━━━━━━━━━━━━━━━━━━ 71.0/71.0 kB 5.7 MB/s eta 0:00:00
#7 2.534 Downloading urllib3-2.5.0-py3-none-any.whl (129 kB)
#7 2.546    ━━━━━━━━━━━━━━━━━━━━━━━━━━━━━━━━━━━━━━━━ 129.8/129.8 kB 12.0 MB/s eta 0:00:00
#7 2.594 Installing collected packages: urllib3, idna, charset_normalizer, certifi, requests
#7 2.816 Successfully installed certifi-2025.10.5 charset_normalizer-3.4.4 idna-3.11 requests-2.32.5 urllib3-2.5.0
#7 2.816 WARNING: Running pip as the 'root' user can result in broken permissions and conflicting behaviour with the system package manager. It is recommended to use a virtual environment instead: https://pip.pypa.io/warnings/venv
#7 2.903 
#7 2.903 [notice] A new release of pip is available: 24.0 -> 25.3
#7 2.903 [notice] To update, run: pip install --upgrade pip
#7 DONE 3.1s

#8 [ 4/44] RUN ["pip","install","asyncio"]
#8 0.517 Collecting asyncio
#8 0.551   Downloading asyncio-4.0.0-py3-none-any.whl.metadata (994 bytes)
#8 0.576 Downloading asyncio-4.0.0-py3-none-any.whl (5.6 kB)
#8 0.630 Installing collected packages: asyncio
#8 0.663 Successfully installed asyncio-4.0.0
#8 0.664 WARNING: Running pip as the 'root' user can result in broken permissions and conflicting behaviour with the system package manager. It is recommended to use a virtual environment instead: https://pip.pypa.io/warnings/venv
#8 0.669 
#8 0.669 [notice] A new release of pip is available: 24.0 -> 25.3
#8 0.669 [notice] To update, run: pip install --upgrade pip
#8 DONE 0.7s

#9 [ 5/44] RUN ["pip","install","botchallenge"]
#9 0.503 Collecting botchallenge
#9 0.543   Downloading botchallenge-1.2.0.tar.gz (196 kB)
#9 0.581      ━━━━━━━━━━━━━━━━━━━━━━━━━━━━━━━━━━━━━━━ 196.2/196.2 kB 5.2 MB/s eta 0:00:00
#9 0.596   Preparing metadata (setup.py): started
#9 1.024   Preparing metadata (setup.py): finished with status 'done'
#9 1.170 Collecting greenlet (from botchallenge)
#9 1.180   Downloading greenlet-3.2.4-cp311-cp311-manylinux_2_24_x86_64.manylinux_2_28_x86_64.whl.metadata (4.1 kB)
#9 1.209 Downloading greenlet-3.2.4-cp311-cp311-manylinux_2_24_x86_64.manylinux_2_28_x86_64.whl (587 kB)
#9 1.241    ━━━━━━━━━━━━━━━━━━━━━━━━━━━━━━━━━━━━━━━━ 587.7/587.7 kB 19.2 MB/s eta 0:00:00
#9 1.246 Building wheels for collected packages: botchallenge
#9 1.247   Building wheel for botchallenge (setup.py): started
#9 1.481   Building wheel for botchallenge (setup.py): finished with status 'done'
#9 1.482   Created wheel for botchallenge: filename=botchallenge-1.2.0-py3-none-any.whl size=249493 sha256=1a966092a17fa52e0589d2e0a6dc4533414a56eb0afc09bba5d577785fce04ef
#9 1.482   Stored in directory: /root/.cache/pip/wheels/22/16/85/d9f52fb75abd7f266b9fcec19ea21d83e2cb1f211c9d6f5053
#9 1.484 Successfully built botchallenge
#9 1.526 Installing collected packages: greenlet, botchallenge
#9 1.709 Successfully installed botchallenge-1.2.0 greenlet-3.2.4
#9 1.709 WARNING: Running pip as the 'root' user can result in broken permissions and conflicting behaviour with the system package manager. It is recommended to use a virtual environment instead: https://pip.pypa.io/warnings/venv
#9 1.714 
#9 1.714 [notice] A new release of pip is available: 24.0 -> 25.3
#9 1.714 [notice] To update, run: pip install --upgrade pip
#9 DONE 1.8s

#10 [ 6/44] RUN ["pip","install","Google-Search-API"]
#10 0.505 Collecting Google-Search-API
#10 0.538   Downloading Google_Search_API-1.1.14-py3-none-any.whl.metadata (909 bytes)
#10 0.590 Collecting beautifulsoup4 (from Google-Search-API)
#10 0.598   Downloading beautifulsoup4-4.14.2-py3-none-any.whl.metadata (3.8 kB)
#10 0.667 Collecting selenium<3.0.0,>=2.44.0 (from Google-Search-API)
#10 0.677   Downloading selenium-2.53.6-py2.py3-none-any.whl.metadata (5.1 kB)
#10 0.689 Requirement already satisfied: requests in /usr/local/lib/python3.11/site-packages (from Google-Search-API) (2.32.5)
#10 0.719 Collecting unidecode (from Google-Search-API)
#10 0.727   Downloading Unidecode-1.4.0-py3-none-any.whl.metadata (13 kB)
#10 0.774 Collecting vcrpy (from Google-Search-API)
#10 0.784   Downloading vcrpy-7.0.0-py2.py3-none-any.whl.metadata (4.6 kB)
#10 0.825 Collecting future (from Google-Search-API)
#10 0.832   Downloading future-1.0.0-py3-none-any.whl.metadata (4.0 kB)
#10 0.872 Collecting fake-useragent (from Google-Search-API)
#10 0.881   Downloading fake_useragent-2.2.0-py3-none-any.whl.metadata (17 kB)
#10 0.928 Collecting soupsieve>1.2 (from beautifulsoup4->Google-Search-API)
#10 0.935   Downloading soupsieve-2.8-py3-none-any.whl.metadata (4.6 kB)
#10 0.987 Collecting typing-extensions>=4.0.0 (from beautifulsoup4->Google-Search-API)
#10 0.995   Downloading typing_extensions-4.15.0-py3-none-any.whl.metadata (3.3 kB)
#10 1.013 Requirement already satisfied: charset_normalizer<4,>=2 in /usr/local/lib/python3.11/site-packages (from requests->Google-Search-API) (3.4.4)
#10 1.014 Requirement already satisfied: idna<4,>=2.5 in /usr/local/lib/python3.11/site-packages (from requests->Google-Search-API) (3.11)
#10 1.015 Requirement already satisfied: urllib3<3,>=1.21.1 in /usr/local/lib/python3.11/site-packages (from requests->Google-Search-API) (2.5.0)
#10 1.016 Requirement already satisfied: certifi>=2017.4.17 in /usr/local/lib/python3.11/site-packages (from requests->Google-Search-API) (2025.10.5)
#10 1.077 Collecting PyYAML (from vcrpy->Google-Search-API)
#10 1.085   Downloading pyyaml-6.0.3-cp311-cp311-manylinux2014_x86_64.manylinux_2_17_x86_64.manylinux_2_28_x86_64.whl.metadata (2.4 kB)
#10 1.220 Collecting wrapt (from vcrpy->Google-Search-API)
#10 1.230   Downloading wrapt-2.0.0-cp311-cp311-manylinux1_x86_64.manylinux_2_28_x86_64.manylinux_2_5_x86_64.whl.metadata (8.8 kB)
#10 1.505 Collecting yarl (from vcrpy->Google-Search-API)
#10 1.519   Downloading yarl-1.22.0-cp311-cp311-manylinux2014_x86_64.manylinux_2_17_x86_64.manylinux_2_28_x86_64.whl.metadata (75 kB)
#10 1.541      ━━━━━━━━━━━━━━━━━━━━━━━━━━━━━━━━━━━━━━━━ 75.1/75.1 kB 3.4 MB/s eta 0:00:00
#10 1.781 Collecting multidict>=4.0 (from yarl->vcrpy->Google-Search-API)
#10 1.790   Downloading multidict-6.7.0-cp311-cp311-manylinux2014_x86_64.manylinux_2_17_x86_64.manylinux_2_28_x86_64.whl.metadata (5.3 kB)
#10 1.899 Collecting propcache>=0.2.1 (from yarl->vcrpy->Google-Search-API)
#10 1.908   Downloading propcache-0.4.1-cp311-cp311-manylinux2014_x86_64.manylinux_2_17_x86_64.manylinux_2_28_x86_64.whl.metadata (13 kB)
#10 1.934 Downloading Google_Search_API-1.1.14-py3-none-any.whl (19 kB)
#10 1.952 Downloading selenium-2.53.6-py2.py3-none-any.whl (884 kB)
#10 1.994    ━━━━━━━━━━━━━━━━━━━━━━━━━━━━━━━━━━━━━━━━ 884.6/884.6 kB 21.6 MB/s eta 0:00:00
#10 2.003 Downloading beautifulsoup4-4.14.2-py3-none-any.whl (106 kB)
#10 2.016    ━━━━━━━━━━━━━━━━━━━━━━━━━━━━━━━━━━━━━━━━ 106.4/106.4 kB 8.5 MB/s eta 0:00:00
#10 2.024 Downloading fake_useragent-2.2.0-py3-none-any.whl (161 kB)
#10 2.038    ━━━━━━━━━━━━━━━━━━━━━━━━━━━━━━━━━━━━━━━━ 161.7/161.7 kB 12.3 MB/s eta 0:00:00
#10 2.047 Downloading future-1.0.0-py3-none-any.whl (491 kB)
#10 2.072    ━━━━━━━━━━━━━━━━━━━━━━━━━━━━━━━━━━━━━━━━ 491.3/491.3 kB 20.6 MB/s eta 0:00:00
#10 2.083 Downloading Unidecode-1.4.0-py3-none-any.whl (235 kB)
#10 2.100    ━━━━━━━━━━━━━━━━━━━━━━━━━━━━━━━━━━━━━━━━ 235.8/235.8 kB 14.5 MB/s eta 0:00:00
#10 2.109 Downloading vcrpy-7.0.0-py2.py3-none-any.whl (42 kB)
#10 2.119    ━━━━━━━━━━━━━━━━━━━━━━━━━━━━━━━━━━━━━━━━ 42.3/42.3 kB 3.5 MB/s eta 0:00:00
#10 2.126 Downloading soupsieve-2.8-py3-none-any.whl (36 kB)
#10 2.144 Downloading typing_extensions-4.15.0-py3-none-any.whl (44 kB)
#10 2.156    ━━━━━━━━━━━━━━━━━━━━━━━━━━━━━━━━━━━━━━━━ 44.6/44.6 kB 3.1 MB/s eta 0:00:00
#10 2.167 Downloading pyyaml-6.0.3-cp311-cp311-manylinux2014_x86_64.manylinux_2_17_x86_64.manylinux_2_28_x86_64.whl (806 kB)
#10 2.209    ━━━━━━━━━━━━━━━━━━━━━━━━━━━━━━━━━━━━━━━━ 806.6/806.6 kB 19.7 MB/s eta 0:00:00
#10 2.217 Downloading wrapt-2.0.0-cp311-cp311-manylinux1_x86_64.manylinux_2_28_x86_64.manylinux_2_5_x86_64.whl (114 kB)
#10 2.230    ━━━━━━━━━━━━━━━━━━━━━━━━━━━━━━━━━━━━━━━━ 114.1/114.1 kB 8.8 MB/s eta 0:00:00
#10 2.239 Downloading yarl-1.22.0-cp311-cp311-manylinux2014_x86_64.manylinux_2_17_x86_64.manylinux_2_28_x86_64.whl (365 kB)
#10 2.261    ━━━━━━━━━━━━━━━━━━━━━━━━━━━━━━━━━━━━━━━━ 365.8/365.8 kB 17.9 MB/s eta 0:00:00
#10 2.273 Downloading multidict-6.7.0-cp311-cp311-manylinux2014_x86_64.manylinux_2_17_x86_64.manylinux_2_28_x86_64.whl (246 kB)
#10 2.291    ━━━━━━━━━━━━━━━━━━━━━━━━━━━━━━━━━━━━━━━━ 246.7/246.7 kB 14.8 MB/s eta 0:00:00
#10 2.300 Downloading propcache-0.4.1-cp311-cp311-manylinux2014_x86_64.manylinux_2_17_x86_64.manylinux_2_28_x86_64.whl (210 kB)
#10 2.316    ━━━━━━━━━━━━━━━━━━━━━━━━━━━━━━━━━━━━━━━━ 210.0/210.0 kB 13.6 MB/s eta 0:00:00
#10 2.398 Installing collected packages: selenium, wrapt, unidecode, typing-extensions, soupsieve, PyYAML, propcache, multidict, future, fake-useragent, yarl, beautifulsoup4, vcrpy, Google-Search-API
#10 3.104 Successfully installed Google-Search-API-1.1.14 PyYAML-6.0.3 beautifulsoup4-4.14.2 fake-useragent-2.2.0 future-1.0.0 multidict-6.7.0 propcache-0.4.1 selenium-2.53.6 soupsieve-2.8 typing-extensions-4.15.0 unidecode-1.4.0 vcrpy-7.0.0 wrapt-2.0.0 yarl-1.22.0
#10 3.104 WARNING: Running pip as the 'root' user can result in broken permissions and conflicting behaviour with the system package manager. It is recommended to use a virtual environment instead: https://pip.pypa.io/warnings/venv
#10 3.110 
#10 3.110 [notice] A new release of pip is available: 24.0 -> 25.3
#10 3.110 [notice] To update, run: pip install --upgrade pip
#10 DONE 3.4s

#11 [ 7/44] RUN ["pip","install","proto-google-datastore-v1beta3"]
#11 0.518 Collecting proto-google-datastore-v1beta3
#11 0.551   Downloading proto-google-datastore-v1beta3-1.0.0-beta.2.tar.gz (22 kB)
#11 0.572   Preparing metadata (setup.py): started
#11 0.694   Preparing metadata (setup.py): finished with status 'done'
#11 0.884 Collecting protobuf==3.0.0b2.post2 (from proto-google-datastore-v1beta3)
#11 0.895   Downloading protobuf-3.0.0b2.post2.zip (155 kB)
#11 0.929      ━━━━━━━━━━━━━━━━━━━━━━━━━━━━━━━━━━━━━━━ 155.1/155.1 kB 4.8 MB/s eta 0:00:00
#11 0.937   Preparing metadata (setup.py): started
#11 1.068   Preparing metadata (setup.py): finished with status 'error'
#11 1.071   error: subprocess-exited-with-error
#11 1.071   
#11 1.071   × python setup.py egg_info did not run successfully.
#11 1.071   │ exit code: 1
#11 1.071   ╰─> [6 lines of output]
#11 1.071       Traceback (most recent call last):
#11 1.071         File "<string>", line 2, in <module>
#11 1.071         File "<pip-setuptools-caller>", line 34, in <module>
#11 1.071         File "/tmp/pip-install-54xqe4p8/protobuf_12abd3aa25f144fca1bb38669ef150f4/setup.py", line 17, in <module>
#11 1.071           from distutils.command.build_py import build_py_2to3 as _build_py
#11 1.071       ImportError: cannot import name 'build_py_2to3' from 'distutils.command.build_py' (/usr/local/lib/python3.11/site-packages/setuptools/_distutils/command/build_py.py)
#11 1.071       [end of output]
#11 1.071   
#11 1.071   note: This error originates from a subprocess, and is likely not a problem with pip.
#11 1.073 error: metadata-generation-failed
#11 1.073 
#11 1.073 × Encountered error while generating package metadata.
#11 1.073 ╰─> See above for output.
#11 1.073 
#11 1.073 note: This is an issue with the package mentioned above, not pip.
#11 1.073 hint: See above for details.
#11 1.077 
#11 1.077 [notice] A new release of pip is available: 24.0 -> 25.3
#11 1.077 [notice] To update, run: pip install --upgrade pip
#11 ERROR: process "pip install proto-google-datastore-v1beta3" did not complete successfully: exit code: 1
------
 > [ 7/44] RUN ["pip","install","proto-google-datastore-v1beta3"]:
1.073 error: metadata-generation-failed
1.073 
1.073 × Encountered error while generating package metadata.
1.073 ╰─> See above for output.
1.073 
1.073 note: This is an issue with the package mentioned above, not pip.
1.073 hint: See above for details.
1.077 
1.077 [notice] A new release of pip is available: 24.0 -> 25.3
1.077 [notice] To update, run: pip install --upgrade pip
------
Dockerfile:7
--------------------
   5 |     RUN ["pip","install","botchallenge"]
   6 |     RUN ["pip","install","Google-Search-API"]
   7 | >>> RUN ["pip","install","proto-google-datastore-v1beta3"]
   8 |     RUN ["pip","install","grpc-google-cloud-speech-v1beta1"]
   9 |     RUN ["pip","install","proto-google-datastore-v1"]
--------------------
ERROR: failed to build: failed to solve: process "pip install proto-google-datastore-v1beta3" did not complete successfully: exit code: 1

View build details: docker-desktop://dashboard/build/default/default/2rb9snp62gbrkmsuaiujv5si8
[2025-10-29 13:18:45] ERROR: Build failed for 286805
