=== Docker Build Log for 82d3bb091d45b59c1d7674727b1292a7 ===
Started at: Mi 29. Okt 17:42:56 CET 2025

[2025-10-29 17:42:56] START: Building image for 82d3bb091d45b59c1d7674727b1292a7
#0 building with "default" instance using docker driver

#1 [internal] load build definition from Dockerfile
#1 transferring dockerfile: 157B done
#1 DONE 0.0s

#2 [internal] load metadata for docker.io/library/python:3.11
#2 DONE 0.0s

#3 [internal] load .dockerignore
#3 transferring context: 2B done
#3 DONE 0.0s

#4 [internal] load build context
#4 transferring context: 4.83kB 0.0s done
#4 DONE 0.0s

#5 [1/2] FROM docker.io/library/python:3.11
#5 CACHED

#6 [2/2] COPY hard-gists/82d3bb091d45b59c1d7674727b1292a7/snippet.py /snippet.py
#6 DONE 0.4s

#7 exporting to image
#7 exporting layers 0.1s done
#7 writing image sha256:624f0c474eb6a94c699ead79de0092ef3d9d57f034ac4c8fd12e36fef6026379 done
#7 naming to docker.io/library/test-image-82d3bb091d45b59c1d7674727b1292a7 0.0s done
#7 DONE 0.1s

View build details: docker-desktop://dashboard/build/default/default/u8zxqjetxd26e5r61xwr6eve8
[2025-10-29 17:42:57] SUCCESS: Build completed for 82d3bb091d45b59c1d7674727b1292a7
