=== Docker Build Log for 4534a3e2a1584afc314e7e040c79d60c ===
Started at: Mi 29. Okt 14:42:55 CET 2025

[2025-10-29 14:42:55] START: Building image for 4534a3e2a1584afc314e7e040c79d60c
#0 building with "default" instance using docker driver

#1 [internal] load build definition from Dockerfile
#1 transferring dockerfile: 194B done
#1 DONE 0.0s

#2 [internal] load metadata for docker.io/library/python:3.11
#2 DONE 0.0s

#3 [internal] load .dockerignore
#3 transferring context: 2B done
#3 DONE 0.0s

#4 [internal] load build context
#4 transferring context: 1.76kB 0.0s done
#4 DONE 0.0s

#5 [1/3] FROM docker.io/library/python:3.11
#5 CACHED

#6 [2/3] COPY hard-gists/4534a3e2a1584afc314e7e040c79d60c/snippet.py /snippet.py
#6 DONE 0.1s

#7 [3/3] RUN ["pip","install","foundation"]
#7 1.979 Collecting foundation
#7 2.011   Downloading foundation-0.1.0a0.dev1.tar.gz (50 kB)
#7 2.028      ━━━━━━━━━━━━━━━━━━━━━━━━━━━━━━━━━━━━━━━━ 50.8/50.8 kB 2.8 MB/s eta 0:00:00
#7 2.044   Preparing metadata (setup.py): started
#7 2.449   Preparing metadata (setup.py): finished with status 'done'
#7 2.554 Collecting Django<1.11,>=1.10 (from foundation)
#7 2.563   Downloading Django-1.10.8-py2.py3-none-any.whl.metadata (1.3 kB)
#7 2.706 Collecting django-sekizai>=0.10 (from foundation)
#7 2.715   Downloading django_sekizai-4.1.0-py3-none-any.whl.metadata (4.6 kB)
#7 2.747 INFO: pip is looking at multiple versions of django-sekizai to determine which version is compatible with other requirements. This could take a while.
#7 2.761   Downloading django_sekizai-4.0.0-py3-none-any.whl.metadata (4.6 kB)
#7 2.786   Downloading django_sekizai-3.0.1-py3-none-any.whl.metadata (4.6 kB)
#7 2.828   Downloading django_sekizai-3.0.0-py3-none-any.whl.metadata (4.6 kB)
#7 2.852   Downloading django_sekizai-2.0.0-py3-none-any.whl.metadata (3.7 kB)
#7 2.876   Downloading django-sekizai-1.1.0.tar.gz (7.0 kB)
#7 2.890   Preparing metadata (setup.py): started
#7 3.001   Preparing metadata (setup.py): finished with status 'done'
#7 3.032   Downloading django-sekizai-1.0.0.tar.gz (18 kB)
#7 3.050   Preparing metadata (setup.py): started
#7 3.164   Preparing metadata (setup.py): finished with status 'done'
#7 3.180   Downloading django_sekizai-0.10.0-py2.py3-none-any.whl.metadata (793 bytes)
#7 3.372 Collecting django-classy-tags>=0.3.1 (from django-sekizai>=0.10->foundation)
#7 3.382   Downloading django_classy_tags-4.1.0-py3-none-any.whl.metadata (5.3 kB)
#7 3.394 INFO: pip is looking at multiple versions of django-classy-tags to determine which version is compatible with other requirements. This could take a while.
#7 3.408   Downloading django_classy_tags-4.0.0-py3-none-any.whl.metadata (5.2 kB)
#7 3.439   Downloading django_classy_tags-3.0.1-py3-none-any.whl.metadata (5.3 kB)
#7 3.464   Downloading django_classy_tags-3.0.0-py3-none-any.whl.metadata (5.2 kB)
#7 3.496   Downloading django_classy_tags-2.0.0-py3-none-any.whl.metadata (4.5 kB)
#7 3.522   Downloading django-classy-tags-1.0.0.tar.gz (13 kB)
#7 3.536   Preparing metadata (setup.py): started
#7 3.646   Preparing metadata (setup.py): finished with status 'done'
#7 3.664   Downloading django-classy-tags-0.9.0.tar.gz (17 kB)
#7 3.680   Preparing metadata (setup.py): started
#7 3.823   Preparing metadata (setup.py): finished with status 'done'
#7 3.840   Downloading django_classy_tags-0.8.0-py2.py3-none-any.whl.metadata (981 bytes)
#7 3.874 Downloading Django-1.10.8-py2.py3-none-any.whl (6.8 MB)
#7 4.133    ━━━━━━━━━━━━━━━━━━━━━━━━━━━━━━━━━━━━━━━━ 6.8/6.8 MB 26.6 MB/s eta 0:00:00
#7 4.142 Downloading django_sekizai-0.10.0-py2.py3-none-any.whl (19 kB)
#7 4.160 Downloading django_classy_tags-0.8.0-py2.py3-none-any.whl (22 kB)
#7 4.202 Building wheels for collected packages: foundation
#7 4.202   Building wheel for foundation (setup.py): started
#7 4.417   Building wheel for foundation (setup.py): finished with status 'done'
#7 4.418   Created wheel for foundation: filename=foundation-0.1.0a0.dev1-py3-none-any.whl size=73614 sha256=7db05f5e46fb0b77efbeec230ea85a5ef39ec5984aed54661513b54cce27d851
#7 4.418   Stored in directory: /root/.cache/pip/wheels/ad/c3/ad/3307fd133207420fb4bf8fa4844260b0dcd4de9deec2857abd
#7 4.420 Successfully built foundation
#7 4.462 Installing collected packages: Django, django-classy-tags, django-sekizai, foundation
#7 5.714 Successfully installed Django-1.10.8 django-classy-tags-0.8.0 django-sekizai-0.10.0 foundation-0.1.0a0.dev1
#7 5.715 WARNING: Running pip as the 'root' user can result in broken permissions and conflicting behaviour with the system package manager. It is recommended to use a virtual environment instead: https://pip.pypa.io/warnings/venv
#7 6.155 
#7 6.155 [notice] A new release of pip is available: 24.0 -> 25.3
#7 6.155 [notice] To update, run: pip install --upgrade pip
#7 DONE 6.6s

#8 exporting to image
#8 exporting layers
#8 exporting layers 0.7s done
#8 writing image sha256:3a379874ef46662201d7fff8409a0e016bb32c74635dd28d2ddca969d0245a4e done
#8 naming to docker.io/library/test-image-4534a3e2a1584afc314e7e040c79d60c done
#8 DONE 0.7s

View build details: docker-desktop://dashboard/build/default/default/x7lziktckzz3wok7t3bvz1ixl
[2025-10-29 14:43:03] SUCCESS: Build completed for 4534a3e2a1584afc314e7e040c79d60c
