=== Docker Run Log for 6280390 ===
Started at: Mi 29. Okt 16:27:21 CET 2025

[2025-10-29 16:27:29] START: Running container for 6280390
[2025-10-29 16:27:29] SUCCESS: Container ce8fd0986a3d4910e77520780abfe408a3160102c4e443c4fd1fd65345967d17 started for 6280390
=== Container logs for 6280390 ===
Traceback (most recent call last):
  File "/snippet.py", line 5, in <module>
    from django.contrib.auth.admin import GroupAdmin, UserAdmin
  File "/usr/local/lib/python3.11/site-packages/django/contrib/auth/admin.py", line 6, in <module>
    from django.contrib.auth.forms import (
  File "/usr/local/lib/python3.11/site-packages/django/contrib/auth/forms.py", line 7, in <module>
    from django.contrib.auth.models import User
  File "/usr/local/lib/python3.11/site-packages/django/contrib/auth/models.py", line 5, in <module>
    from django.contrib.auth.base_user import AbstractBaseUser, BaseUserManager
  File "/usr/local/lib/python3.11/site-packages/django/contrib/auth/base_user.py", line 43, in <module>
    class AbstractBaseUser(models.Model):
  File "/usr/local/lib/python3.11/site-packages/django/db/models/base.py", line 131, in __new__
    app_config = apps.get_containing_app_config(module)
                 ^^^^^^^^^^^^^^^^^^^^^^^^^^^^^^^^^^^^^^
  File "/usr/local/lib/python3.11/site-packages/django/apps/registry.py", line 260, in get_containing_app_config
    self.check_apps_ready()
  File "/usr/local/lib/python3.11/site-packages/django/apps/registry.py", line 137, in check_apps_ready
    settings.INSTALLED_APPS
  File "/usr/local/lib/python3.11/site-packages/django/conf/__init__.py", line 81, in __getattr__
    self._setup(name)
  File "/usr/local/lib/python3.11/site-packages/django/conf/__init__.py", line 61, in _setup
    raise ImproperlyConfigured(
django.core.exceptions.ImproperlyConfigured: Requested setting INSTALLED_APPS, but settings are not configured. You must either define the environment variable DJANGO_SETTINGS_MODULE or call settings.configure() before accessing settings.
=== End of logs for 6280390 ===
[2025-10-29 16:27:31] INFO: Container ce8fd0986a3d4910e77520780abfe408a3160102c4e443c4fd1fd65345967d17 has stopped
