=== Docker Build Log for 2032428 ===
Started at: Mi 29. Okt 12:57:43 CET 2025

[2025-10-29 12:57:43] START: Building image for 2032428
#0 building with "default" instance using docker driver

#1 [internal] load build definition from Dockerfile
#1 transferring dockerfile: 164B done
#1 DONE 0.0s

#2 [internal] load metadata for docker.io/library/python:3.11
#2 DONE 0.0s

#3 [internal] load .dockerignore
#3 transferring context: 2B done
#3 DONE 0.0s

#4 [internal] load build context
#4 transferring context: 12.28kB 0.0s done
#4 DONE 0.0s

#5 [1/3] FROM docker.io/library/python:3.11
#5 CACHED

#6 [2/3] COPY hard-gists/2032428/snippet.py /snippet.py
#6 DONE 0.1s

#7 [3/3] RUN ["pip","install","sublime"]
#7 1.932 Collecting sublime
#7 1.974   Downloading sublime-0.1.0.tar.gz (7.2 kB)
#7 1.987   Preparing metadata (setup.py): started
#7 2.371   Preparing metadata (setup.py): finished with status 'done'
#7 2.409 Collecting click<4.0,>=3.3 (from sublime)
#7 2.420   Downloading click-3.3-py2.py3-none-any.whl.metadata (424 bytes)
#7 2.441 Downloading click-3.3-py2.py3-none-any.whl (58 kB)
#7 2.465    ━━━━━━━━━━━━━━━━━━━━━━━━━━━━━━━━━━━━━━━━ 58.8/58.8 kB 2.3 MB/s eta 0:00:00
#7 2.470 Building wheels for collected packages: sublime
#7 2.470   Building wheel for sublime (setup.py): started
#7 2.634   Building wheel for sublime (setup.py): finished with status 'done'
#7 2.634   Created wheel for sublime: filename=sublime-0.1.0-py3-none-any.whl size=6955 sha256=8f35c47735caac1bd4a3a47bf1107e20b86249de88dc20255eec7998859b61c5
#7 2.635   Stored in directory: /root/.cache/pip/wheels/21/81/43/2dc664aec628363ad5dfb052838914f1dd9449855ee03a0231
#7 2.636 Successfully built sublime
#7 2.665 Installing collected packages: click, sublime
#7 2.716 Successfully installed click-3.3 sublime-0.1.0
#7 2.716 WARNING: Running pip as the 'root' user can result in broken permissions and conflicting behaviour with the system package manager. It is recommended to use a virtual environment instead: https://pip.pypa.io/warnings/venv
#7 2.810 
#7 2.810 [notice] A new release of pip is available: 24.0 -> 25.3
#7 2.810 [notice] To update, run: pip install --upgrade pip
#7 DONE 3.0s

#8 exporting to image
#8 exporting layers 0.1s done
#8 writing image sha256:6163911e62bd076b1a8b8facd2a3ad19d5ec8c64ddaab1ab9286664e9d4572e8 done
#8 naming to docker.io/library/test-image-2032428 done
#8 DONE 0.2s

View build details: docker-desktop://dashboard/build/default/default/49xpq45yhkaqahxalyn437mz2
[2025-10-29 12:57:47] SUCCESS: Build completed for 2032428
