=== Docker Build Log for 2172888 ===
Started at: Mi 29. Okt 13:00:16 CET 2025

[2025-10-29 13:00:16] START: Building image for 2172888
#0 building with "default" instance using docker driver

#1 [internal] load build definition from Dockerfile
#1 transferring dockerfile: 132B done
#1 DONE 0.0s

#2 [internal] load metadata for docker.io/library/python:3.11
#2 DONE 0.0s

#3 [internal] load .dockerignore
#3 transferring context: 2B done
#3 DONE 0.0s

#4 [internal] load build context
#4 transferring context: 837B 0.0s done
#4 DONE 0.0s

#5 [1/2] FROM docker.io/library/python:3.11
#5 CACHED

#6 [2/2] COPY hard-gists/2172888/snippet.py /snippet.py
#6 DONE 0.1s

#7 exporting to image
#7 exporting layers 0.0s done
#7 writing image sha256:d2b00bae18b8f136036b8977e52c48871e0acb3ae5817393d9c7d4f7e787e24d done
#7 naming to docker.io/library/test-image-2172888 done
#7 DONE 0.1s

View build details: docker-desktop://dashboard/build/default/default/sudvzvjydq3cijug8s08dm4l4
[2025-10-29 13:00:16] SUCCESS: Build completed for 2172888
