=== Docker Build Log for baf42b089d71b94fd229 ===
Started at: Mi 29. Okt 19:35:08 CET 2025

[2025-10-29 19:35:08] START: Building image for baf42b089d71b94fd229
#0 building with "default" instance using docker driver

#1 [internal] load build definition from Dockerfile
#1 transferring dockerfile: 285B done
#1 DONE 0.0s

#2 [internal] load metadata for docker.io/library/python:3.11
#2 DONE 0.0s

#3 [internal] load .dockerignore
#3 transferring context: 2B done
#3 DONE 0.0s

#4 [internal] load build context
#4 transferring context: 5.08kB 0.0s done
#4 DONE 0.0s

#5 [1/6] FROM docker.io/library/python:3.11
#5 CACHED

#6 [2/6] COPY hard-gists/baf42b089d71b94fd229/snippet.py /snippet.py
#6 DONE 0.1s

#7 [3/6] RUN ["pip","install","dj.choices"]
#7 1.956 Collecting dj.choices
#7 1.996   Downloading dj.choices-0.11.0.tar.gz (28 kB)
#7 2.014   Preparing metadata (setup.py): started
#7 2.401   Preparing metadata (setup.py): finished with status 'done'
#7 2.511 Collecting django (from dj.choices)
#7 2.524   Downloading django-5.2.7-py3-none-any.whl.metadata (4.1 kB)
#7 2.561 Collecting six (from dj.choices)
#7 2.569   Downloading six-1.17.0-py2.py3-none-any.whl.metadata (1.7 kB)
#7 2.616 Collecting asgiref>=3.8.1 (from django->dj.choices)
#7 2.632   Downloading asgiref-3.10.0-py3-none-any.whl.metadata (9.3 kB)
#7 2.673 Collecting sqlparse>=0.3.1 (from django->dj.choices)
#7 2.683   Downloading sqlparse-0.5.3-py3-none-any.whl.metadata (3.9 kB)
#7 2.707 Downloading django-5.2.7-py3-none-any.whl (8.3 MB)
#7 3.443    ━━━━━━━━━━━━━━━━━━━━━━━━━━━━━━━━━━━━━━━━ 8.3/8.3 MB 11.3 MB/s eta 0:00:00
#7 3.480 Downloading six-1.17.0-py2.py3-none-any.whl (11 kB)
#7 3.499 Downloading asgiref-3.10.0-py3-none-any.whl (24 kB)
#7 3.520 Downloading sqlparse-0.5.3-py3-none-any.whl (44 kB)
#7 3.531    ━━━━━━━━━━━━━━━━━━━━━━━━━━━━━━━━━━━━━━━━ 44.4/44.4 kB 3.7 MB/s eta 0:00:00
#7 3.567 Building wheels for collected packages: dj.choices
#7 3.568   Building wheel for dj.choices (setup.py): started
#7 3.735   Building wheel for dj.choices (setup.py): finished with status 'done'
#7 3.735   Created wheel for dj.choices: filename=dj_choices-0.11.0-py3-none-any.whl size=28716 sha256=8526eba8be6f21e433f698162ce0f0f19e994acb2787ef5679bd3301fcb59c38
#7 3.735   Stored in directory: /root/.cache/pip/wheels/97/38/bd/4ca089ff8ffdead6a07e7af033d36d74a01ab7a37e70797942
#7 3.737 Successfully built dj.choices
#7 3.784 Installing collected packages: sqlparse, six, asgiref, django, dj.choices
#7 5.202 Successfully installed asgiref-3.10.0 dj.choices-0.11.0 django-5.2.7 six-1.17.0 sqlparse-0.5.3
#7 5.203 WARNING: Running pip as the 'root' user can result in broken permissions and conflicting behaviour with the system package manager. It is recommended to use a virtual environment instead: https://pip.pypa.io/warnings/venv
#7 5.305 
#7 5.305 [notice] A new release of pip is available: 24.0 -> 25.3
#7 5.305 [notice] To update, run: pip install --upgrade pip
#7 DONE 5.9s

#8 [4/6] RUN ["pip","install","Django"]
#8 0.473 Requirement already satisfied: Django in /usr/local/lib/python3.11/site-packages (5.2.7)
#8 0.477 Requirement already satisfied: asgiref>=3.8.1 in /usr/local/lib/python3.11/site-packages (from Django) (3.10.0)
#8 0.477 Requirement already satisfied: sqlparse>=0.3.1 in /usr/local/lib/python3.11/site-packages (from Django) (0.5.3)
#8 0.517 WARNING: Running pip as the 'root' user can result in broken permissions and conflicting behaviour with the system package manager. It is recommended to use a virtual environment instead: https://pip.pypa.io/warnings/venv
#8 0.522 
#8 0.522 [notice] A new release of pip is available: 24.0 -> 25.3
#8 0.522 [notice] To update, run: pip install --upgrade pip
#8 DONE 0.6s

#9 [5/6] RUN ["pip","install","django-template"]
#9 0.694 ERROR: Could not find a version that satisfies the requirement django-template (from versions: none)
#9 0.694 ERROR: No matching distribution found for django-template
#9 0.699 
#9 0.699 [notice] A new release of pip is available: 24.0 -> 25.3
#9 0.699 [notice] To update, run: pip install --upgrade pip
#9 ERROR: process "pip install django-template" did not complete successfully: exit code: 1
------
 > [5/6] RUN ["pip","install","django-template"]:
0.694 ERROR: Could not find a version that satisfies the requirement django-template (from versions: none)
0.694 ERROR: No matching distribution found for django-template
0.699 
0.699 [notice] A new release of pip is available: 24.0 -> 25.3
0.699 [notice] To update, run: pip install --upgrade pip
------
Dockerfile:5
--------------------
   3 |     RUN ["pip","install","dj.choices"]
   4 |     RUN ["pip","install","Django"]
   5 | >>> RUN ["pip","install","django-template"]
   6 |     RUN ["pip","install","wagtail"]
   7 |     CMD ["python3","/snippet.py"]
--------------------
ERROR: failed to build: failed to solve: process "pip install django-template" did not complete successfully: exit code: 1

View build details: docker-desktop://dashboard/build/default/default/k3reiehqfe1obozj0z86oc406
[2025-10-29 19:35:16] ERROR: Build failed for baf42b089d71b94fd229
