=== Docker Build Log for 3d9ba175038a3f2e7de3794fa303f1ee ===
Started at: Mi 29. Okt 14:12:47 CET 2025

[2025-10-29 14:12:47] START: Building image for 3d9ba175038a3f2e7de3794fa303f1ee
#0 building with "default" instance using docker driver

#1 [internal] load build definition from Dockerfile
#1 transferring dockerfile: 191B done
#1 DONE 0.0s

#2 [internal] load metadata for docker.io/library/python:3.11
#2 DONE 0.0s

#3 [internal] load .dockerignore
#3 transferring context: 2B done
#3 DONE 0.0s

#4 [internal] load build context
#4 transferring context: 3.78kB 0.0s done
#4 DONE 0.0s

#5 [1/3] FROM docker.io/library/python:3.11
#5 CACHED

#6 [2/3] COPY hard-gists/3d9ba175038a3f2e7de3794fa303f1ee/snippet.py /snippet.py
#6 DONE 0.1s

#7 [3/3] RUN ["pip","install","Lasagne"]
#7 2.030 Collecting Lasagne
#7 2.264   Downloading Lasagne-0.1.tar.gz (125 kB)
#7 2.304      ━━━━━━━━━━━━━━━━━━━━━━━━━━━━━━━━━━━━━━━ 125.1/125.1 kB 3.1 MB/s eta 0:00:00
#7 2.319   Preparing metadata (setup.py): started
#7 2.720   Preparing metadata (setup.py): finished with status 'done'
#7 2.920 Collecting numpy (from Lasagne)
#7 2.932   Downloading numpy-2.3.4-cp311-cp311-manylinux_2_27_x86_64.manylinux_2_28_x86_64.whl.metadata (62 kB)
#7 2.952      ━━━━━━━━━━━━━━━━━━━━━━━━━━━━━━━━━━━━━━━━ 62.1/62.1 kB 3.0 MB/s eta 0:00:00
#7 2.970 Downloading numpy-2.3.4-cp311-cp311-manylinux_2_27_x86_64.manylinux_2_28_x86_64.whl (16.9 MB)
#7 3.647    ━━━━━━━━━━━━━━━━━━━━━━━━━━━━━━━━━━━━━━━━ 16.9/16.9 MB 22.1 MB/s eta 0:00:00
#7 3.688 Building wheels for collected packages: Lasagne
#7 3.688   Building wheel for Lasagne (setup.py): started
#7 3.874   Building wheel for Lasagne (setup.py): finished with status 'done'
#7 3.875   Created wheel for Lasagne: filename=lasagne-0.1-py3-none-any.whl size=79359 sha256=acd00d303eabc99c89f9a85e84d3e8687d45479281125b2cca6d990818204667
#7 3.875   Stored in directory: /root/.cache/pip/wheels/4e/ad/d7/6376b7842a2d4635bb42a9889ef94b6de55291916efa1952e9
#7 3.876 Successfully built Lasagne
#7 3.914 Installing collected packages: numpy, Lasagne
#7 5.371 Successfully installed Lasagne-0.1 numpy-2.3.4
#7 5.372 WARNING: Running pip as the 'root' user can result in broken permissions and conflicting behaviour with the system package manager. It is recommended to use a virtual environment instead: https://pip.pypa.io/warnings/venv
#7 5.464 
#7 5.464 [notice] A new release of pip is available: 24.0 -> 25.3
#7 5.464 [notice] To update, run: pip install --upgrade pip
#7 DONE 6.0s

#8 exporting to image
#8 exporting layers
#8 exporting layers 0.4s done
#8 writing image sha256:65889b1fc96d1ccafd37dceb29c6449dc84aa0fc379a8475963cf112cbea4c3c done
#8 naming to docker.io/library/test-image-3d9ba175038a3f2e7de3794fa303f1ee done
#8 DONE 0.5s

View build details: docker-desktop://dashboard/build/default/default/60oio2bffkyoddl0dh7h6uclu
[2025-10-29 14:12:54] SUCCESS: Build completed for 3d9ba175038a3f2e7de3794fa303f1ee
