=== Docker Build Log for 354b90d59faf8b0d758f74eae3a511e2 ===
Started at: Mi 29. Okt 13:54:34 CET 2025

[2025-10-29 13:54:34] START: Building image for 354b90d59faf8b0d758f74eae3a511e2
#0 building with "default" instance using docker driver

#1 [internal] load build definition from Dockerfile
#1 transferring dockerfile: 2.02kB done
#1 DONE 0.0s

#2 [internal] load metadata for docker.io/library/python:3.11
#2 DONE 0.0s

#3 [internal] load .dockerignore
#3 transferring context: 2B done
#3 DONE 0.0s

#4 [internal] load build context
#4 transferring context: 7.54kB 0.0s done
#4 DONE 0.0s

#5 [ 1/50] FROM docker.io/library/python:3.11
#5 CACHED

#6 [ 2/50] COPY hard-gists/354b90d59faf8b0d758f74eae3a511e2/snippet.py /snippet.py
#6 DONE 0.1s

#7 [ 3/50] RUN ["apt-get","update"]
#7 0.276 Hit:1 http://deb.debian.org/debian trixie InRelease
#7 0.276 Get:2 http://deb.debian.org/debian trixie-updates InRelease [47.3 kB]
#7 0.288 Get:3 http://deb.debian.org/debian-security trixie-security InRelease [43.4 kB]
#7 0.297 Get:4 http://deb.debian.org/debian trixie/main amd64 Packages [9669 kB]
#7 0.897 Get:5 http://deb.debian.org/debian trixie-updates/main amd64 Packages [5412 B]
#7 0.899 Get:6 http://deb.debian.org/debian-security trixie-security/main amd64 Packages [67.8 kB]
#7 1.475 Fetched 9833 kB in 1s (7945 kB/s)
#7 1.475 Reading package lists...
#7 DONE 2.1s

#8 [ 4/50] RUN ["pip","install","keras"]
#8 1.986 Collecting keras
#8 2.030   Downloading keras-3.12.0-py3-none-any.whl.metadata (5.9 kB)
#8 2.072 Collecting absl-py (from keras)
#8 2.083   Downloading absl_py-2.3.1-py3-none-any.whl.metadata (3.3 kB)
#8 2.289 Collecting numpy (from keras)
#8 2.298   Downloading numpy-2.3.4-cp311-cp311-manylinux_2_27_x86_64.manylinux_2_28_x86_64.whl.metadata (62 kB)
#8 2.364      ━━━━━━━━━━━━━━━━━━━━━━━━━━━━━━━━━━━━━━━ 62.1/62.1 kB 805.4 kB/s eta 0:00:00
#8 2.443 Collecting rich (from keras)
#8 2.452   Downloading rich-14.2.0-py3-none-any.whl.metadata (18 kB)
#8 2.490 Collecting namex (from keras)
#8 2.498   Downloading namex-0.1.0-py3-none-any.whl.metadata (322 bytes)
#8 2.563 Collecting h5py (from keras)
#8 2.573   Downloading h5py-3.15.1-cp311-cp311-manylinux_2_27_x86_64.manylinux_2_28_x86_64.whl.metadata (3.0 kB)
#8 2.665 Collecting optree (from keras)
#8 2.675   Downloading optree-0.17.0-cp311-cp311-manylinux_2_27_x86_64.manylinux_2_28_x86_64.whl.metadata (33 kB)
#8 2.729 Collecting ml-dtypes (from keras)
#8 2.739   Downloading ml_dtypes-0.5.3-cp311-cp311-manylinux_2_27_x86_64.manylinux_2_28_x86_64.whl.metadata (8.9 kB)
#8 2.801 Collecting packaging (from keras)
#8 2.809   Downloading packaging-25.0-py3-none-any.whl.metadata (3.3 kB)
#8 2.893 Collecting typing-extensions>=4.6.0 (from optree->keras)
#8 2.902   Downloading typing_extensions-4.15.0-py3-none-any.whl.metadata (3.3 kB)
#8 2.947 Collecting markdown-it-py>=2.2.0 (from rich->keras)
#8 2.957   Downloading markdown_it_py-4.0.0-py3-none-any.whl.metadata (7.3 kB)
#8 3.003 Collecting pygments<3.0.0,>=2.13.0 (from rich->keras)
#8 3.011   Downloading pygments-2.19.2-py3-none-any.whl.metadata (2.5 kB)
#8 3.058 Collecting mdurl~=0.1 (from markdown-it-py>=2.2.0->rich->keras)
#8 3.067   Downloading mdurl-0.1.2-py3-none-any.whl.metadata (1.6 kB)
#8 3.094 Downloading keras-3.12.0-py3-none-any.whl (1.5 MB)
#8 3.198    ━━━━━━━━━━━━━━━━━━━━━━━━━━━━━━━━━━━━━━━━ 1.5/1.5 MB 14.5 MB/s eta 0:00:00
#8 3.207 Downloading absl_py-2.3.1-py3-none-any.whl (135 kB)
#8 3.222    ━━━━━━━━━━━━━━━━━━━━━━━━━━━━━━━━━━━━━━━━ 135.8/135.8 kB 9.6 MB/s eta 0:00:00
#8 3.231 Downloading h5py-3.15.1-cp311-cp311-manylinux_2_27_x86_64.manylinux_2_28_x86_64.whl (4.7 MB)
#8 3.527    ━━━━━━━━━━━━━━━━━━━━━━━━━━━━━━━━━━━━━━━━ 4.7/4.7 MB 15.9 MB/s eta 0:00:00
#8 3.541 Downloading numpy-2.3.4-cp311-cp311-manylinux_2_27_x86_64.manylinux_2_28_x86_64.whl (16.9 MB)
#8 4.593    ━━━━━━━━━━━━━━━━━━━━━━━━━━━━━━━━━━━━━━━━ 16.9/16.9 MB 14.9 MB/s eta 0:00:00
#8 4.603 Downloading ml_dtypes-0.5.3-cp311-cp311-manylinux_2_27_x86_64.manylinux_2_28_x86_64.whl (4.9 MB)
#8 4.900    ━━━━━━━━━━━━━━━━━━━━━━━━━━━━━━━━━━━━━━━━ 4.9/4.9 MB 16.7 MB/s eta 0:00:00
#8 4.908 Downloading namex-0.1.0-py3-none-any.whl (5.9 kB)
#8 4.925 Downloading optree-0.17.0-cp311-cp311-manylinux_2_27_x86_64.manylinux_2_28_x86_64.whl (402 kB)
#8 4.951    ━━━━━━━━━━━━━━━━━━━━━━━━━━━━━━━━━━━━━━━━ 402.0/402.0 kB 16.1 MB/s eta 0:00:00
#8 4.959 Downloading packaging-25.0-py3-none-any.whl (66 kB)
#8 4.973    ━━━━━━━━━━━━━━━━━━━━━━━━━━━━━━━━━━━━━━━━ 66.5/66.5 kB 4.5 MB/s eta 0:00:00
#8 4.982 Downloading rich-14.2.0-py3-none-any.whl (243 kB)
#8 5.006    ━━━━━━━━━━━━━━━━━━━━━━━━━━━━━━━━━━━━━━━━ 243.4/243.4 kB 10.2 MB/s eta 0:00:00
#8 5.014 Downloading markdown_it_py-4.0.0-py3-none-any.whl (87 kB)
#8 5.028    ━━━━━━━━━━━━━━━━━━━━━━━━━━━━━━━━━━━━━━━━ 87.3/87.3 kB 6.2 MB/s eta 0:00:00
#8 5.037 Downloading pygments-2.19.2-py3-none-any.whl (1.2 MB)
#8 5.114    ━━━━━━━━━━━━━━━━━━━━━━━━━━━━━━━━━━━━━━━━ 1.2/1.2 MB 16.0 MB/s eta 0:00:00
#8 5.123 Downloading typing_extensions-4.15.0-py3-none-any.whl (44 kB)
#8 5.134    ━━━━━━━━━━━━━━━━━━━━━━━━━━━━━━━━━━━━━━━━ 44.6/44.6 kB 3.7 MB/s eta 0:00:00
#8 5.143 Downloading mdurl-0.1.2-py3-none-any.whl (10.0 kB)
#8 5.298 Installing collected packages: namex, typing-extensions, pygments, packaging, numpy, mdurl, absl-py, optree, ml-dtypes, markdown-it-py, h5py, rich, keras
#8 8.452 Successfully installed absl-py-2.3.1 h5py-3.15.1 keras-3.12.0 markdown-it-py-4.0.0 mdurl-0.1.2 ml-dtypes-0.5.3 namex-0.1.0 numpy-2.3.4 optree-0.17.0 packaging-25.0 pygments-2.19.2 rich-14.2.0 typing-extensions-4.15.0
#8 8.453 WARNING: Running pip as the 'root' user can result in broken permissions and conflicting behaviour with the system package manager. It is recommended to use a virtual environment instead: https://pip.pypa.io/warnings/venv
#8 8.569 
#8 8.569 [notice] A new release of pip is available: 24.0 -> 25.3
#8 8.569 [notice] To update, run: pip install --upgrade pip
#8 DONE 9.2s

#9 [ 5/50] RUN ["apt-get","install","-y","python-pip"]
#9 0.206 Reading package lists...
#9 0.638 Building dependency tree...
#9 0.745 Reading state information...
#9 0.766 Package python-pip is not available, but is referred to by another package.
#9 0.766 This may mean that the package is missing, has been obsoleted, or
#9 0.766 is only available from another source
#9 0.766 However the following packages replace it:
#9 0.766   python3-pip
#9 0.766 
#9 0.768 E: Package 'python-pip' has no installation candidate
#9 ERROR: process "apt-get install -y python-pip" did not complete successfully: exit code: 100
------
 > [ 5/50] RUN ["apt-get","install","-y","python-pip"]:


0.766 Package python-pip is not available, but is referred to by another package.
0.766 This may mean that the package is missing, has been obsoleted, or
0.766 is only available from another source
0.766 However the following packages replace it:
0.766   python3-pip
0.766 
0.768 E: Package 'python-pip' has no installation candidate
------
Dockerfile:5
--------------------
   3 |     RUN ["apt-get","update"]
   4 |     RUN ["pip","install","keras"]
   5 | >>> RUN ["apt-get","install","-y","python-pip"]
   6 |     RUN ["apt-get","install","-y","python-dev"]
   7 |     RUN ["apt-get","install","-y","git"]
--------------------
ERROR: failed to build: failed to solve: process "apt-get install -y python-pip" did not complete successfully: exit code: 100

View build details: docker-desktop://dashboard/build/default/default/mz6h738ud1ao044us1po3vtx7
[2025-10-29 13:54:47] ERROR: Build failed for 354b90d59faf8b0d758f74eae3a511e2
