=== Docker Build Log for 10235798 ===
Started at: Mi 29. Okt 11:45:13 CET 2025

[2025-10-29 11:45:13] START: Building image for 10235798
#0 building with "default" instance using docker driver

#1 [internal] load build definition from Dockerfile
#1 transferring dockerfile: 201B done
#1 DONE 0.0s

#2 [internal] load metadata for docker.io/library/python:3.11
#2 DONE 0.0s

#3 [internal] load .dockerignore
#3 transferring context: 2B done
#3 DONE 0.0s

#4 [internal] load build context
#4 transferring context: 368B 0.0s done
#4 DONE 0.0s

#5 [1/4] FROM docker.io/library/python:3.11
#5 CACHED

#6 [2/4] COPY hard-gists/10235798/snippet.py /snippet.py
#6 DONE 0.1s

#7 [3/4] RUN ["pip","install","dj.choices"]
#7 1.959 Collecting dj.choices
#7 1.993   Downloading dj.choices-0.11.0.tar.gz (28 kB)
#7 2.012   Preparing metadata (setup.py): started
#7 2.412   Preparing metadata (setup.py): finished with status 'done'
#7 2.529 Collecting django (from dj.choices)
#7 2.537   Downloading django-5.2.7-py3-none-any.whl.metadata (4.1 kB)
#7 2.575 Collecting six (from dj.choices)
#7 2.584   Downloading six-1.17.0-py2.py3-none-any.whl.metadata (1.7 kB)
#7 2.631 Collecting asgiref>=3.8.1 (from django->dj.choices)
#7 2.640   Downloading asgiref-3.10.0-py3-none-any.whl.metadata (9.3 kB)
#7 2.680 Collecting sqlparse>=0.3.1 (from django->dj.choices)
#7 2.688   Downloading sqlparse-0.5.3-py3-none-any.whl.metadata (3.9 kB)
#7 2.714 Downloading django-5.2.7-py3-none-any.whl (8.3 MB)
#7 3.034    ━━━━━━━━━━━━━━━━━━━━━━━━━━━━━━━━━━━━━━━━ 8.3/8.3 MB 26.2 MB/s eta 0:00:00
#7 3.043 Downloading six-1.17.0-py2.py3-none-any.whl (11 kB)
#7 3.061 Downloading asgiref-3.10.0-py3-none-any.whl (24 kB)
#7 3.079 Downloading sqlparse-0.5.3-py3-none-any.whl (44 kB)
#7 3.091    ━━━━━━━━━━━━━━━━━━━━━━━━━━━━━━━━━━━━━━━━ 44.4/44.4 kB 3.3 MB/s eta 0:00:00
#7 3.129 Building wheels for collected packages: dj.choices
#7 3.130   Building wheel for dj.choices (setup.py): started
#7 3.324   Building wheel for dj.choices (setup.py): finished with status 'done'
#7 3.324   Created wheel for dj.choices: filename=dj_choices-0.11.0-py3-none-any.whl size=28716 sha256=87f137e9675cfcfe826680fb4ca0d9c45703765778166ca01b7e5dc6bcb2179a
#7 3.324   Stored in directory: /root/.cache/pip/wheels/97/38/bd/4ca089ff8ffdead6a07e7af033d36d74a01ab7a37e70797942
#7 3.326 Successfully built dj.choices
#7 3.376 Installing collected packages: sqlparse, six, asgiref, django, dj.choices
#7 4.889 Successfully installed asgiref-3.10.0 dj.choices-0.11.0 django-5.2.7 six-1.17.0 sqlparse-0.5.3
#7 4.889 WARNING: Running pip as the 'root' user can result in broken permissions and conflicting behaviour with the system package manager. It is recommended to use a virtual environment instead: https://pip.pypa.io/warnings/venv
#7 4.984 
#7 4.984 [notice] A new release of pip is available: 24.0 -> 25.3
#7 4.984 [notice] To update, run: pip install --upgrade pip
#7 DONE 5.4s

#8 [4/4] RUN ["pip","install","Django"]
#8 0.440 Requirement already satisfied: Django in /usr/local/lib/python3.11/site-packages (5.2.7)
#8 0.444 Requirement already satisfied: asgiref>=3.8.1 in /usr/local/lib/python3.11/site-packages (from Django) (3.10.0)
#8 0.445 Requirement already satisfied: sqlparse>=0.3.1 in /usr/local/lib/python3.11/site-packages (from Django) (0.5.3)
#8 0.487 WARNING: Running pip as the 'root' user can result in broken permissions and conflicting behaviour with the system package manager. It is recommended to use a virtual environment instead: https://pip.pypa.io/warnings/venv
#8 0.492 
#8 0.492 [notice] A new release of pip is available: 24.0 -> 25.3
#8 0.492 [notice] To update, run: pip install --upgrade pip
#8 DONE 0.6s

#9 exporting to image
#9 exporting layers
#9 exporting layers 0.6s done
#9 writing image sha256:8dc5f71fb2c8275a8dae4755735e1d16678eccb75e9f3452e66e0515cc3391ce done
#9 naming to docker.io/library/test-image-10235798 0.0s done
#9 DONE 0.6s

View build details: docker-desktop://dashboard/build/default/default/uhwaty33wm8tlbjnpll19p23e
[2025-10-29 11:45:20] SUCCESS: Build completed for 10235798
