=== Docker Build Log for 744413 ===
Started at: Mi 29. Okt 17:09:26 CET 2025

[2025-10-29 17:09:26] START: Building image for 744413
#0 building with "default" instance using docker driver

#1 [internal] load build definition from Dockerfile
#1 transferring dockerfile: 168B done
#1 DONE 0.0s

#2 [internal] load metadata for docker.io/library/python:3.11
#2 DONE 0.0s

#3 [internal] load .dockerignore
#3 transferring context: 2B done
#3 DONE 0.0s

#4 [internal] load build context
#4 transferring context: 3.29kB 0.0s done
#4 DONE 0.0s

#5 [1/3] FROM docker.io/library/python:3.11
#5 CACHED

#6 [2/3] COPY hard-gists/744413/snippet.py /snippet.py
#6 DONE 0.1s

#7 [3/3] RUN ["pip","install","supervisor"]
#7 2.239 Collecting supervisor
#7 2.274   Downloading supervisor-4.3.0-py2.py3-none-any.whl.metadata (87 kB)
#7 2.299      ━━━━━━━━━━━━━━━━━━━━━━━━━━━━━━━━━━━━━━━━ 87.9/87.9 kB 3.4 MB/s eta 0:00:00
#7 2.315 Downloading supervisor-4.3.0-py2.py3-none-any.whl (320 kB)
#7 2.341    ━━━━━━━━━━━━━━━━━━━━━━━━━━━━━━━━━━━━━━━━ 320.7/320.7 kB 12.9 MB/s eta 0:00:00
#7 2.384 Installing collected packages: supervisor
#7 2.606 Successfully installed supervisor-4.3.0
#7 2.606 WARNING: Running pip as the 'root' user can result in broken permissions and conflicting behaviour with the system package manager. It is recommended to use a virtual environment instead: https://pip.pypa.io/warnings/venv
#7 2.706 
#7 2.706 [notice] A new release of pip is available: 24.0 -> 25.3
#7 2.706 [notice] To update, run: pip install --upgrade pip
#7 DONE 2.9s

#8 exporting to image
#8 exporting layers 0.1s done
#8 writing image sha256:ac1bd6da93c1649ac3c262593575b2acb4345e36fe29285a96e38a2397e72364 done
#8 naming to docker.io/library/test-image-744413 done
#8 DONE 0.2s

View build details: docker-desktop://dashboard/build/default/default/oc57wb0rmx3b7lkgm3mi4e6qj
[2025-10-29 17:09:29] SUCCESS: Build completed for 744413
