=== Docker Build Log for 294151 ===
Started at: Mi 29. Okt 13:21:34 CET 2025

[2025-10-29 13:21:34] START: Building image for 294151
#0 building with "default" instance using docker driver

#1 [internal] load build definition from Dockerfile
#1 transferring dockerfile: 131B done
#1 DONE 0.0s

#2 [internal] load metadata for docker.io/library/python:3.11
#2 DONE 0.0s

#3 [internal] load .dockerignore
#3 transferring context: 2B done
#3 DONE 0.0s

#4 [internal] load build context
#4 transferring context: 1.47kB 0.0s done
#4 DONE 0.0s

#5 [1/2] FROM docker.io/library/python:3.11
#5 CACHED

#6 [2/2] COPY hard-gists/294151/snippet.py /snippet.py
#6 DONE 0.1s

#7 exporting to image
#7 exporting layers 0.0s done
#7 writing image sha256:170610f5a9d94c0ce0207e67996e0a57669fe0555cfa3ab844c69c80e5e32d68 done
#7 naming to docker.io/library/test-image-294151 done
#7 DONE 0.1s

View build details: docker-desktop://dashboard/build/default/default/c5zlso2r0kk49j4mlbk5w2kru
[2025-10-29 13:21:35] SUCCESS: Build completed for 294151
