=== Docker Build Log for b48d48fc1b6eb080412129e596ab2193 ===
Started at: Mi 29. Okt 19:30:17 CET 2025

[2025-10-29 19:30:17] START: Building image for b48d48fc1b6eb080412129e596ab2193
#0 building with "default" instance using docker driver

#1 [internal] load build definition from Dockerfile
#1 transferring dockerfile: 189B done
#1 DONE 0.0s

#2 [internal] load metadata for docker.io/library/python:3.11
#2 DONE 0.0s

#3 [internal] load .dockerignore
#3 transferring context: 2B done
#3 DONE 0.0s

#4 [internal] load build context
#4 transferring context: 636B 0.0s done
#4 DONE 0.0s

#5 [1/3] FROM docker.io/library/python:3.11
#5 CACHED

#6 [2/3] COPY hard-gists/b48d48fc1b6eb080412129e596ab2193/snippet.py /snippet.py
#6 DONE 0.1s

#7 [3/3] RUN ["pip","install","Flask"]
#7 1.928 Collecting Flask
#7 1.975   Downloading flask-3.1.2-py3-none-any.whl.metadata (3.2 kB)
#7 2.019 Collecting blinker>=1.9.0 (from Flask)
#7 2.028   Downloading blinker-1.9.0-py3-none-any.whl.metadata (1.6 kB)
#7 2.073 Collecting click>=8.1.3 (from Flask)
#7 2.081   Downloading click-8.3.0-py3-none-any.whl.metadata (2.6 kB)
#7 2.120 Collecting itsdangerous>=2.2.0 (from Flask)
#7 2.130   Downloading itsdangerous-2.2.0-py3-none-any.whl.metadata (1.9 kB)
#7 2.173 Collecting jinja2>=3.1.2 (from Flask)
#7 2.183   Downloading jinja2-3.1.6-py3-none-any.whl.metadata (2.9 kB)
#7 2.261 Collecting markupsafe>=2.1.1 (from Flask)
#7 2.270   Downloading markupsafe-3.0.3-cp311-cp311-manylinux2014_x86_64.manylinux_2_17_x86_64.manylinux_2_28_x86_64.whl.metadata (2.7 kB)
#7 2.325 Collecting werkzeug>=3.1.0 (from Flask)
#7 2.334   Downloading werkzeug-3.1.3-py3-none-any.whl.metadata (3.7 kB)
#7 2.365 Downloading flask-3.1.2-py3-none-any.whl (103 kB)
#7 2.404    ━━━━━━━━━━━━━━━━━━━━━━━━━━━━━━━━━━━━━━━━ 103.3/103.3 kB 3.0 MB/s eta 0:00:00
#7 2.412 Downloading blinker-1.9.0-py3-none-any.whl (8.5 kB)
#7 2.428 Downloading click-8.3.0-py3-none-any.whl (107 kB)
#7 2.451    ━━━━━━━━━━━━━━━━━━━━━━━━━━━━━━━━━━━━━━━━ 107.3/107.3 kB 4.6 MB/s eta 0:00:00
#7 2.460 Downloading itsdangerous-2.2.0-py3-none-any.whl (16 kB)
#7 2.478 Downloading jinja2-3.1.6-py3-none-any.whl (134 kB)
#7 2.501    ━━━━━━━━━━━━━━━━━━━━━━━━━━━━━━━━━━━━━━━━ 134.9/134.9 kB 5.8 MB/s eta 0:00:00
#7 2.511 Downloading markupsafe-3.0.3-cp311-cp311-manylinux2014_x86_64.manylinux_2_17_x86_64.manylinux_2_28_x86_64.whl (22 kB)
#7 2.528 Downloading werkzeug-3.1.3-py3-none-any.whl (224 kB)
#7 2.562    ━━━━━━━━━━━━━━━━━━━━━━━━━━━━━━━━━━━━━━━━ 224.5/224.5 kB 6.7 MB/s eta 0:00:00
#7 2.610 Installing collected packages: markupsafe, itsdangerous, click, blinker, werkzeug, jinja2, Flask
#7 2.912 Successfully installed Flask-3.1.2 blinker-1.9.0 click-8.3.0 itsdangerous-2.2.0 jinja2-3.1.6 markupsafe-3.0.3 werkzeug-3.1.3
#7 2.912 WARNING: Running pip as the 'root' user can result in broken permissions and conflicting behaviour with the system package manager. It is recommended to use a virtual environment instead: https://pip.pypa.io/warnings/venv
#7 3.010 
#7 3.010 [notice] A new release of pip is available: 24.0 -> 25.3
#7 3.010 [notice] To update, run: pip install --upgrade pip
#7 DONE 3.3s

#8 exporting to image
#8 exporting layers 0.1s done
#8 writing image sha256:0cc9b665c1f8d6fd30bbcaf1a41be07c8c3117a7bb9f66accdf9e2e8faf63e10 done
#8 naming to docker.io/library/test-image-b48d48fc1b6eb080412129e596ab2193 done
#8 DONE 0.2s

View build details: docker-desktop://dashboard/build/default/default/grn247dz7s2vidf4rbw34hz7d
[2025-10-29 19:30:21] SUCCESS: Build completed for b48d48fc1b6eb080412129e596ab2193
