=== Docker Build Log for 764262 ===
Started at: Mi 29. Okt 17:14:08 CET 2025

[2025-10-29 17:14:08] START: Building image for 764262
#0 building with "default" instance using docker driver

#1 [internal] load build definition from Dockerfile
#1 transferring dockerfile: 131B done
#1 DONE 0.0s

#2 [internal] load metadata for docker.io/library/python:3.11
#2 DONE 0.0s

#3 [internal] load .dockerignore
#3 transferring context: 2B done
#3 DONE 0.0s

#4 [internal] load build context
#4 transferring context: 4.03kB 0.0s done
#4 DONE 0.0s

#5 [1/2] FROM docker.io/library/python:3.11
#5 CACHED

#6 [2/2] COPY hard-gists/764262/snippet.py /snippet.py
#6 DONE 0.1s

#7 exporting to image
#7 exporting layers 0.0s done
#7 writing image sha256:d0c26affb8cac5ccfdc01080b418b9ce1d6f04a97532c940fb8453e245722ddd done
#7 naming to docker.io/library/test-image-764262 done
#7 DONE 0.1s

View build details: docker-desktop://dashboard/build/default/default/j6cizi9zqo5vscbtyckl41ufq
[2025-10-29 17:14:08] SUCCESS: Build completed for 764262
