=== Docker Build Log for be6123c7ee3b366e333a ===
Started at: Mi 29. Okt 19:41:02 CET 2025

[2025-10-29 19:41:02] START: Building image for be6123c7ee3b366e333a
#0 building with "default" instance using docker driver

#1 [internal] load build definition from Dockerfile
#1 transferring dockerfile: 278B done
#1 DONE 0.0s

#2 [internal] load metadata for docker.io/library/python:3.11
#2 DONE 0.0s

#3 [internal] load .dockerignore
#3 transferring context: 2B done
#3 DONE 0.0s

#4 [internal] load build context
#4 transferring context: 2.37kB 0.0s done
#4 DONE 0.0s

#5 [1/6] FROM docker.io/library/python:3.11
#5 CACHED

#6 [2/6] COPY hard-gists/be6123c7ee3b366e333a/snippet.py /snippet.py
#6 DONE 0.1s

#7 [3/6] RUN ["pip","install","scikit-image"]
#7 1.954 Collecting scikit-image
#7 1.992   Downloading scikit_image-0.25.2-cp311-cp311-manylinux_2_17_x86_64.manylinux2014_x86_64.whl.metadata (14 kB)
#7 2.228 Collecting numpy>=1.24 (from scikit-image)
#7 2.238   Downloading numpy-2.3.4-cp311-cp311-manylinux_2_27_x86_64.manylinux_2_28_x86_64.whl.metadata (62 kB)
#7 2.280      ━━━━━━━━━━━━━━━━━━━━━━━━━━━━━━━━━━━━━━━━ 62.1/62.1 kB 1.3 MB/s eta 0:00:00
#7 2.437 Collecting scipy>=1.11.4 (from scikit-image)
#7 2.448   Downloading scipy-1.16.3-cp311-cp311-manylinux2014_x86_64.manylinux_2_17_x86_64.whl.metadata (62 kB)
#7 2.474      ━━━━━━━━━━━━━━━━━━━━━━━━━━━━━━━━━━━━━━━━ 62.0/62.0 kB 2.1 MB/s eta 0:00:00
#7 2.523 Collecting networkx>=3.0 (from scikit-image)
#7 2.533   Downloading networkx-3.5-py3-none-any.whl.metadata (6.3 kB)
#7 2.724 Collecting pillow>=10.1 (from scikit-image)
#7 2.736   Downloading pillow-12.0.0-cp311-cp311-manylinux_2_27_x86_64.manylinux_2_28_x86_64.whl.metadata (8.8 kB)
#7 2.811 Collecting imageio!=2.35.0,>=2.33 (from scikit-image)
#7 2.820   Downloading imageio-2.37.0-py3-none-any.whl.metadata (5.2 kB)
#7 2.889 Collecting tifffile>=2022.8.12 (from scikit-image)
#7 2.899   Downloading tifffile-2025.10.16-py3-none-any.whl.metadata (31 kB)
#7 2.947 Collecting packaging>=21 (from scikit-image)
#7 2.964   Downloading packaging-25.0-py3-none-any.whl.metadata (3.3 kB)
#7 3.000 Collecting lazy-loader>=0.4 (from scikit-image)
#7 3.009   Downloading lazy_loader-0.4-py3-none-any.whl.metadata (7.6 kB)
#7 3.151 Downloading scikit_image-0.25.2-cp311-cp311-manylinux_2_17_x86_64.manylinux2014_x86_64.whl (14.8 MB)
#7 4.959    ━━━━━━━━━━━━━━━━━━━━━━━━━━━━━━━━━━━━━━━━ 14.8/14.8 MB 7.2 MB/s eta 0:00:00
#7 4.973 Downloading imageio-2.37.0-py3-none-any.whl (315 kB)
#7 5.025    ━━━━━━━━━━━━━━━━━━━━━━━━━━━━━━━━━━━━━━━━ 315.8/315.8 kB 6.1 MB/s eta 0:00:00
#7 5.033 Downloading lazy_loader-0.4-py3-none-any.whl (12 kB)
#7 5.052 Downloading networkx-3.5-py3-none-any.whl (2.0 MB)
#7 5.251    ━━━━━━━━━━━━━━━━━━━━━━━━━━━━━━━━━━━━━━━━ 2.0/2.0 MB 10.2 MB/s eta 0:00:00
#7 5.264 Downloading numpy-2.3.4-cp311-cp311-manylinux_2_27_x86_64.manylinux_2_28_x86_64.whl (16.9 MB)
#7 6.901    ━━━━━━━━━━━━━━━━━━━━━━━━━━━━━━━━━━━━━━━━ 16.9/16.9 MB 10.4 MB/s eta 0:00:00
#7 6.914 Downloading packaging-25.0-py3-none-any.whl (66 kB)
#7 6.930    ━━━━━━━━━━━━━━━━━━━━━━━━━━━━━━━━━━━━━━━━ 66.5/66.5 kB 4.0 MB/s eta 0:00:00
#7 6.941 Downloading pillow-12.0.0-cp311-cp311-manylinux_2_27_x86_64.manylinux_2_28_x86_64.whl (7.0 MB)
#7 7.504    ━━━━━━━━━━━━━━━━━━━━━━━━━━━━━━━━━━━━━━━━ 7.0/7.0 MB 12.5 MB/s eta 0:00:00
#7 7.517 Downloading scipy-1.16.3-cp311-cp311-manylinux2014_x86_64.manylinux_2_17_x86_64.whl (35.9 MB)
#7 11.03    ━━━━━━━━━━━━━━━━━━━━━━━━━━━━━━━━━━━━━━━━ 35.9/35.9 MB 9.5 MB/s eta 0:00:00
#7 11.04 Downloading tifffile-2025.10.16-py3-none-any.whl (231 kB)
#7 11.06    ━━━━━━━━━━━━━━━━━━━━━━━━━━━━━━━━━━━━━━━━ 231.2/231.2 kB 11.2 MB/s eta 0:00:00
#7 11.38 Installing collected packages: pillow, packaging, numpy, networkx, tifffile, scipy, lazy-loader, imageio, scikit-image
#7 17.21 Successfully installed imageio-2.37.0 lazy-loader-0.4 networkx-3.5 numpy-2.3.4 packaging-25.0 pillow-12.0.0 scikit-image-0.25.2 scipy-1.16.3 tifffile-2025.10.16
#7 17.21 WARNING: Running pip as the 'root' user can result in broken permissions and conflicting behaviour with the system package manager. It is recommended to use a virtual environment instead: https://pip.pypa.io/warnings/venv
#7 17.34 
#7 17.34 [notice] A new release of pip is available: 24.0 -> 25.3
#7 17.34 [notice] To update, run: pip install --upgrade pip
#7 DONE 19.7s

#8 [4/6] RUN ["pip","install","numpy"]
#8 0.466 Requirement already satisfied: numpy in /usr/local/lib/python3.11/site-packages (2.3.4)
#8 0.619 WARNING: Running pip as the 'root' user can result in broken permissions and conflicting behaviour with the system package manager. It is recommended to use a virtual environment instead: https://pip.pypa.io/warnings/venv
#8 0.624 
#8 0.624 [notice] A new release of pip is available: 24.0 -> 25.3
#8 0.624 [notice] To update, run: pip install --upgrade pip
#8 DONE 0.7s

#9 [5/6] RUN ["pip","install","matplotlib"]
#9 0.691 Collecting matplotlib
#9 0.735   Downloading matplotlib-3.10.7-cp311-cp311-manylinux2014_x86_64.manylinux_2_17_x86_64.whl.metadata (11 kB)
#9 0.834 Collecting contourpy>=1.0.1 (from matplotlib)
#9 0.843   Downloading contourpy-1.3.3-cp311-cp311-manylinux_2_27_x86_64.manylinux_2_28_x86_64.whl.metadata (5.5 kB)
#9 0.894 Collecting cycler>=0.10 (from matplotlib)
#9 0.902   Downloading cycler-0.12.1-py3-none-any.whl.metadata (3.8 kB)
#9 1.086 Collecting fonttools>=4.22.0 (from matplotlib)
#9 1.099   Downloading fonttools-4.60.1-cp311-cp311-manylinux2014_x86_64.manylinux_2_17_x86_64.whl.metadata (112 kB)
#9 1.148      ━━━━━━━━━━━━━━━━━━━━━━━━━━━━━━━━━━━━━━━ 112.3/112.3 kB 2.2 MB/s eta 0:00:00
#9 1.245 Collecting kiwisolver>=1.3.1 (from matplotlib)
#9 1.255   Downloading kiwisolver-1.4.9-cp311-cp311-manylinux2014_x86_64.manylinux_2_17_x86_64.whl.metadata (6.3 kB)
#9 1.275 Requirement already satisfied: numpy>=1.23 in /usr/local/lib/python3.11/site-packages (from matplotlib) (2.3.4)
#9 1.276 Requirement already satisfied: packaging>=20.0 in /usr/local/lib/python3.11/site-packages (from matplotlib) (25.0)
#9 1.277 Requirement already satisfied: pillow>=8 in /usr/local/lib/python3.11/site-packages (from matplotlib) (12.0.0)
#9 1.320 Collecting pyparsing>=3 (from matplotlib)
#9 1.328   Downloading pyparsing-3.2.5-py3-none-any.whl.metadata (5.0 kB)
#9 1.381 Collecting python-dateutil>=2.7 (from matplotlib)
#9 1.390   Downloading python_dateutil-2.9.0.post0-py2.py3-none-any.whl.metadata (8.4 kB)
#9 1.486 Collecting six>=1.5 (from python-dateutil>=2.7->matplotlib)
#9 1.494   Downloading six-1.17.0-py2.py3-none-any.whl.metadata (1.7 kB)
#9 1.520 Downloading matplotlib-3.10.7-cp311-cp311-manylinux2014_x86_64.manylinux_2_17_x86_64.whl (8.7 MB)
#9 2.081    ━━━━━━━━━━━━━━━━━━━━━━━━━━━━━━━━━━━━━━━━ 8.7/8.7 MB 15.5 MB/s eta 0:00:00
#9 2.091 Downloading contourpy-1.3.3-cp311-cp311-manylinux_2_27_x86_64.manylinux_2_28_x86_64.whl (355 kB)
#9 2.123    ━━━━━━━━━━━━━━━━━━━━━━━━━━━━━━━━━━━━━━━━ 355.2/355.2 kB 11.3 MB/s eta 0:00:00
#9 2.131 Downloading cycler-0.12.1-py3-none-any.whl (8.3 kB)
#9 2.153 Downloading fonttools-4.60.1-cp311-cp311-manylinux2014_x86_64.manylinux_2_17_x86_64.whl (5.0 MB)
#9 2.518    ━━━━━━━━━━━━━━━━━━━━━━━━━━━━━━━━━━━━━━━━ 5.0/5.0 MB 13.7 MB/s eta 0:00:00
#9 2.536 Downloading kiwisolver-1.4.9-cp311-cp311-manylinux2014_x86_64.manylinux_2_17_x86_64.whl (1.4 MB)
#9 2.758    ━━━━━━━━━━━━━━━━━━━━━━━━━━━━━━━━━━━━━━━━ 1.4/1.4 MB 6.6 MB/s eta 0:00:00
#9 2.767 Downloading pyparsing-3.2.5-py3-none-any.whl (113 kB)
#9 2.789    ━━━━━━━━━━━━━━━━━━━━━━━━━━━━━━━━━━━━━━━━ 113.9/113.9 kB 5.8 MB/s eta 0:00:00
#9 2.798 Downloading python_dateutil-2.9.0.post0-py2.py3-none-any.whl (229 kB)
#9 2.826    ━━━━━━━━━━━━━━━━━━━━━━━━━━━━━━━━━━━━━━━━ 229.9/229.9 kB 8.8 MB/s eta 0:00:00
#9 2.837 Downloading six-1.17.0-py2.py3-none-any.whl (11 kB)
#9 3.073 Installing collected packages: six, pyparsing, kiwisolver, fonttools, cycler, contourpy, python-dateutil, matplotlib
#9 4.820 Successfully installed contourpy-1.3.3 cycler-0.12.1 fonttools-4.60.1 kiwisolver-1.4.9 matplotlib-3.10.7 pyparsing-3.2.5 python-dateutil-2.9.0.post0 six-1.17.0
#9 4.821 WARNING: Running pip as the 'root' user can result in broken permissions and conflicting behaviour with the system package manager. It is recommended to use a virtual environment instead: https://pip.pypa.io/warnings/venv
#9 4.826 
#9 4.826 [notice] A new release of pip is available: 24.0 -> 25.3
#9 4.826 [notice] To update, run: pip install --upgrade pip
#9 DONE 5.4s

#10 [6/6] RUN ["pip","install","tsne"]
#10 0.810 Collecting tsne
#10 0.967   Downloading tsne-0.3.1.tar.gz (547 kB)
#10 1.048      ━━━━━━━━━━━━━━━━━━━━━━━━━━━━━━━━━━━━━━━ 547.6/547.6 kB 6.8 MB/s eta 0:00:00
#10 1.064   Installing build dependencies: started
#10 4.530   Installing build dependencies: finished with status 'error'
#10 4.536   error: subprocess-exited-with-error
#10 4.536   
#10 4.536   × pip subprocess to install build dependencies did not run successfully.
#10 4.536   │ exit code: 1
#10 4.536   ╰─> [78 lines of output]
#10 4.536       Ignoring numpy: markers 'python_version < "3.7"' don't match your environment
#10 4.536       Collecting setuptools
#10 4.536         Downloading setuptools-80.9.0-py3-none-any.whl.metadata (6.6 kB)
#10 4.536       Collecting setuptools_scm
#10 4.536         Downloading setuptools_scm-9.2.2-py3-none-any.whl.metadata (7.7 kB)
#10 4.536       Collecting wheel
#10 4.536         Downloading wheel-0.45.1-py3-none-any.whl.metadata (2.3 kB)
#10 4.536       Collecting cython>=0.29
#10 4.536         Downloading cython-3.1.6-cp311-cp311-manylinux2014_x86_64.manylinux_2_17_x86_64.manylinux_2_28_x86_64.whl.metadata (4.0 kB)
#10 4.536       Collecting numpy==1.16.0
#10 4.536         Downloading numpy-1.16.0.zip (5.1 MB)
#10 4.536            ━━━━━━━━━━━━━━━━━━━━━━━━━━━━━━━━━━━━━━━━ 5.1/5.1 MB 8.0 MB/s eta 0:00:00
#10 4.536         Preparing metadata (setup.py): started
#10 4.536         Preparing metadata (setup.py): finished with status 'done'
#10 4.536       Collecting packaging>=20 (from setuptools_scm)
#10 4.536         Using cached packaging-25.0-py3-none-any.whl.metadata (3.3 kB)
#10 4.536       Downloading setuptools-80.9.0-py3-none-any.whl (1.2 MB)
#10 4.536          ━━━━━━━━━━━━━━━━━━━━━━━━━━━━━━━━━━━━━━━━ 1.2/1.2 MB 11.5 MB/s eta 0:00:00
#10 4.536       Downloading setuptools_scm-9.2.2-py3-none-any.whl (62 kB)
#10 4.536          ━━━━━━━━━━━━━━━━━━━━━━━━━━━━━━━━━━━━━━━━ 63.0/63.0 kB 2.8 MB/s eta 0:00:00
#10 4.536       Downloading wheel-0.45.1-py3-none-any.whl (72 kB)
#10 4.536          ━━━━━━━━━━━━━━━━━━━━━━━━━━━━━━━━━━━━━━━━ 72.5/72.5 kB 4.3 MB/s eta 0:00:00
#10 4.536       Downloading cython-3.1.6-cp311-cp311-manylinux2014_x86_64.manylinux_2_17_x86_64.manylinux_2_28_x86_64.whl (3.3 MB)
#10 4.536          ━━━━━━━━━━━━━━━━━━━━━━━━━━━━━━━━━━━━━━━━ 3.3/3.3 MB 11.8 MB/s eta 0:00:00
#10 4.536       Using cached packaging-25.0-py3-none-any.whl (66 kB)
#10 4.536       Building wheels for collected packages: numpy
#10 4.536         Building wheel for numpy (setup.py): started
#10 4.536         Building wheel for numpy (setup.py): finished with status 'error'
#10 4.536         error: subprocess-exited-with-error
#10 4.536       
#10 4.536         × python setup.py bdist_wheel did not run successfully.
#10 4.536         │ exit code: 1
#10 4.536         ╰─> [16 lines of output]
#10 4.536             Running from numpy source directory.
#10 4.536             /tmp/pip-install-ur4zac7_/numpy_0d8bd24cfd5645c08440d1e79fd9224d/numpy/distutils/misc_util.py:476: SyntaxWarning: "is" with a literal. Did you mean "=="?
#10 4.536               return is_string(s) and ('*' in s or '?' is s)
#10 4.536             Traceback (most recent call last):
#10 4.536               File "<string>", line 2, in <module>
#10 4.536               File "<pip-setuptools-caller>", line 34, in <module>
#10 4.536               File "/tmp/pip-install-ur4zac7_/numpy_0d8bd24cfd5645c08440d1e79fd9224d/setup.py", line 415, in <module>
#10 4.536                 setup_package()
#10 4.536               File "/tmp/pip-install-ur4zac7_/numpy_0d8bd24cfd5645c08440d1e79fd9224d/setup.py", line 394, in setup_package
#10 4.536                 from numpy.distutils.core import setup
#10 4.536               File "/tmp/pip-install-ur4zac7_/numpy_0d8bd24cfd5645c08440d1e79fd9224d/numpy/distutils/__init__.py", line 6, in <module>
#10 4.536                 from . import ccompiler
#10 4.536               File "/tmp/pip-install-ur4zac7_/numpy_0d8bd24cfd5645c08440d1e79fd9224d/numpy/distutils/ccompiler.py", line 111, in <module>
#10 4.536                 replace_method(CCompiler, 'find_executables', CCompiler_find_executables)
#10 4.536                                ^^^^^^^^^
#10 4.536             NameError: name 'CCompiler' is not defined. Did you mean: 'ccompiler'?
#10 4.536             [end of output]
#10 4.536       
#10 4.536         note: This error originates from a subprocess, and is likely not a problem with pip.
#10 4.536         ERROR: Failed building wheel for numpy
#10 4.536         Running setup.py clean for numpy
#10 4.536         error: subprocess-exited-with-error
#10 4.536       
#10 4.536         × python setup.py clean did not run successfully.
#10 4.536         │ exit code: 1
#10 4.536         ╰─> [10 lines of output]
#10 4.536             Running from numpy source directory.
#10 4.536       
#10 4.536             `setup.py clean` is not supported, use one of the following instead:
#10 4.536       
#10 4.536               - `git clean -xdf` (cleans all files)
#10 4.536               - `git clean -Xdf` (cleans all versioned files, doesn't touch
#10 4.536                                   files that aren't checked into the git repo)
#10 4.536       
#10 4.536             Add `--force` to your command to use it anyway if you must (unsupported).
#10 4.536       
#10 4.536             [end of output]
#10 4.536       
#10 4.536         note: This error originates from a subprocess, and is likely not a problem with pip.
#10 4.536         ERROR: Failed cleaning build dir for numpy
#10 4.536       Failed to build numpy
#10 4.536       ERROR: Could not build wheels for numpy, which is required to install pyproject.toml-based projects
#10 4.536       
#10 4.536       [notice] A new release of pip is available: 24.0 -> 25.3
#10 4.536       [notice] To update, run: pip install --upgrade pip
#10 4.536       [end of output]
#10 4.536   
#10 4.536   note: This error originates from a subprocess, and is likely not a problem with pip.
#10 4.537 error: subprocess-exited-with-error
#10 4.537 
#10 4.537 × pip subprocess to install build dependencies did not run successfully.
#10 4.537 │ exit code: 1
#10 4.537 ╰─> See above for output.
#10 4.537 
#10 4.537 note: This error originates from a subprocess, and is likely not a problem with pip.
#10 4.542 
#10 4.542 [notice] A new release of pip is available: 24.0 -> 25.3
#10 4.542 [notice] To update, run: pip install --upgrade pip
#10 ERROR: process "pip install tsne" did not complete successfully: exit code: 1
------
 > [6/6] RUN ["pip","install","tsne"]:
4.537 error: subprocess-exited-with-error
4.537 
4.537 × pip subprocess to install build dependencies did not run successfully.
4.537 │ exit code: 1
4.537 ╰─> See above for output.
4.537 
4.537 note: This error originates from a subprocess, and is likely not a problem with pip.
4.542 
4.542 [notice] A new release of pip is available: 24.0 -> 25.3
4.542 [notice] To update, run: pip install --upgrade pip
------
Dockerfile:6
--------------------
   4 |     RUN ["pip","install","numpy"]
   5 |     RUN ["pip","install","matplotlib"]
   6 | >>> RUN ["pip","install","tsne"]
   7 |     CMD ["python3","/snippet.py"]
   8 |     
--------------------
ERROR: failed to build: failed to solve: process "pip install tsne" did not complete successfully: exit code: 1

View build details: docker-desktop://dashboard/build/default/default/z3h38vvsf73sjuyskqv9uwiv7
[2025-10-29 19:41:32] ERROR: Build failed for be6123c7ee3b366e333a
