=== Docker Build Log for e82c16e0401a77dec92a ===
Started at: Mi 29. Okt 20:47:53 CET 2025

[2025-10-29 20:47:53] START: Building image for e82c16e0401a77dec92a
#0 building with "default" instance using docker driver

#1 [internal] load build definition from Dockerfile
#1 transferring dockerfile: 145B done
#1 DONE 0.0s

#2 [internal] load metadata for docker.io/library/python:3.11
#2 DONE 0.0s

#3 [internal] load .dockerignore
#3 transferring context: 2B done
#3 DONE 0.0s

#4 [internal] load build context
#4 transferring context: 603B 0.0s done
#4 DONE 0.0s

#5 [1/2] FROM docker.io/library/python:3.11
#5 CACHED

#6 [2/2] COPY hard-gists/e82c16e0401a77dec92a/snippet.py /snippet.py
#6 DONE 0.1s

#7 exporting to image
#7 exporting layers 0.0s done
#7 writing image sha256:72870ae94782cf3f892e8c218faf8c21d091d454f807ffdb3071b85e71a30c56 done
#7 naming to docker.io/library/test-image-e82c16e0401a77dec92a done
#7 DONE 0.1s

View build details: docker-desktop://dashboard/build/default/default/0xlcjnizqfm1per9a969iipf3
[2025-10-29 20:47:54] SUCCESS: Build completed for e82c16e0401a77dec92a
