=== Docker Run Log for 0830affa1f7f19fd47b06d4cf89ed44d ===
Started at: Mi 29. Okt 11:29:47 CET 2025

[2025-10-29 11:30:20] START: Running container for 0830affa1f7f19fd47b06d4cf89ed44d
[2025-10-29 11:30:20] SUCCESS: Container 3c4ec02d11d3989698ba7b380d0dfc6c93f654a052cde7e5bf6159e937ac71e6 started for 0830affa1f7f19fd47b06d4cf89ed44d
=== Container logs for 0830affa1f7f19fd47b06d4cf89ed44d ===
Traceback (most recent call last):
  File "/snippet.py", line 39, in <module>
    from keras.preprocessing.image import ImageDataGenerator
  File "/usr/local/lib/python3.11/site-packages/keras/__init__.py", line 7, in <module>
    from keras import _tf_keras as _tf_keras
  File "/usr/local/lib/python3.11/site-packages/keras/_tf_keras/__init__.py", line 1, in <module>
    from keras._tf_keras import keras
  File "/usr/local/lib/python3.11/site-packages/keras/_tf_keras/keras/__init__.py", line 7, in <module>
    from keras import activations as activations
  File "/usr/local/lib/python3.11/site-packages/keras/activations/__init__.py", line 7, in <module>
    from keras.src.activations import deserialize as deserialize
  File "/usr/local/lib/python3.11/site-packages/keras/src/__init__.py", line 1, in <module>
    from keras.src import activations
  File "/usr/local/lib/python3.11/site-packages/keras/src/activations/__init__.py", line 3, in <module>
    from keras.src.activations.activations import celu
  File "/usr/local/lib/python3.11/site-packages/keras/src/activations/activations.py", line 1, in <module>
    from keras.src import backend
  File "/usr/local/lib/python3.11/site-packages/keras/src/backend/__init__.py", line 1, in <module>
    from keras.src.backend.config import backend
  File "/usr/local/lib/python3.11/site-packages/keras/src/backend/config.py", line 448, in <module>
    set_nnx_enabled(_NNX_ENABLED)
  File "/usr/local/lib/python3.11/site-packages/keras/src/backend/config.py", line 249, in set_nnx_enabled
    from keras.src.backend.common import global_state
  File "/usr/local/lib/python3.11/site-packages/keras/src/backend/common/__init__.py", line 2, in <module>
    from keras.src.backend.common.dtypes import result_type
  File "/usr/local/lib/python3.11/site-packages/keras/src/backend/common/dtypes.py", line 5, in <module>
    from keras.src.backend.common.variables import standardize_dtype
  File "/usr/local/lib/python3.11/site-packages/keras/src/backend/common/variables.py", line 11, in <module>
    from keras.src.utils.module_utils import tensorflow as tf
  File "/usr/local/lib/python3.11/site-packages/keras/src/utils/__init__.py", line 1, in <module>
    from keras.src.utils.audio_dataset_utils import audio_dataset_from_directory
  File "/usr/local/lib/python3.11/site-packages/keras/src/utils/audio_dataset_utils.py", line 4, in <module>
    from keras.src.utils import dataset_utils
  File "/usr/local/lib/python3.11/site-packages/keras/src/utils/dataset_utils.py", line 10, in <module>
    from keras.src import tree
  File "/usr/local/lib/python3.11/site-packages/keras/src/tree/__init__.py", line 1, in <module>
    from keras.src.tree.tree_api import assert_same_paths
  File "/usr/local/lib/python3.11/site-packages/keras/src/tree/tree_api.py", line 13, in <module>
    from keras.src.tree import optree_impl as tree_impl
  File "/usr/local/lib/python3.11/site-packages/keras/src/tree/optree_impl.py", line 13, in <module>
    from tensorflow.python.trackable.data_structures import ListWrapper
ModuleNotFoundError: No module named 'tensorflow'
=== End of logs for 0830affa1f7f19fd47b06d4cf89ed44d ===
[2025-10-29 11:30:22] INFO: Container 3c4ec02d11d3989698ba7b380d0dfc6c93f654a052cde7e5bf6159e937ac71e6 has stopped
