=== Docker Build Log for c6936d219db8e6635d25 ===
Started at: Mi 29. Okt 19:54:13 CET 2025

[2025-10-29 19:54:13] START: Building image for c6936d219db8e6635d25
#0 building with "default" instance using docker driver

#1 [internal] load build definition from Dockerfile
#1 transferring dockerfile: 145B done
#1 DONE 0.0s

#2 [internal] load metadata for docker.io/library/python:3.11
#2 DONE 0.0s

#3 [internal] load .dockerignore
#3 transferring context: 2B done
#3 DONE 0.0s

#4 [internal] load build context
#4 transferring context: 8.16kB 0.0s done
#4 DONE 0.0s

#5 [1/2] FROM docker.io/library/python:3.11
#5 CACHED

#6 [2/2] COPY hard-gists/c6936d219db8e6635d25/snippet.py /snippet.py
#6 DONE 0.1s

#7 exporting to image
#7 exporting layers 0.0s done
#7 writing image sha256:a98d186a61954f4dbeed44a7ad838471466d78397e5a96cd5e37701efe75ac4c done
#7 naming to docker.io/library/test-image-c6936d219db8e6635d25 done
#7 DONE 0.1s

View build details: docker-desktop://dashboard/build/default/default/k5uz54rs59vf9xbxy5zfq4qy4
[2025-10-29 19:54:13] SUCCESS: Build completed for c6936d219db8e6635d25
