=== Docker Build Log for 191d15e28c39246a2525 ===
Started at: Mi 29. Okt 12:34:14 CET 2025

[2025-10-29 12:34:14] START: Building image for 191d15e28c39246a2525
#0 building with "default" instance using docker driver

#1 [internal] load build definition from Dockerfile
#1 transferring dockerfile: 145B done
#1 DONE 0.0s

#2 [internal] load metadata for docker.io/library/python:3.11
#2 DONE 0.0s

#3 [internal] load .dockerignore
#3 transferring context: 2B done
#3 DONE 0.0s

#4 [internal] load build context
#4 transferring context: 2.30kB 0.0s done
#4 DONE 0.0s

#5 [1/2] FROM docker.io/library/python:3.11
#5 CACHED

#6 [2/2] COPY hard-gists/191d15e28c39246a2525/snippet.py /snippet.py
#6 DONE 0.1s

#7 exporting to image
#7 exporting layers 0.0s done
#7 writing image sha256:f3f961ef45ea738a2ed4f1e24d50ce7f5fb54df8d5d05c8c82353a2a17e1a5e4 done
#7 naming to docker.io/library/test-image-191d15e28c39246a2525 done
#7 DONE 0.1s

View build details: docker-desktop://dashboard/build/default/default/k9b9imtq2r6myl8brmsykth9l
[2025-10-29 12:34:14] SUCCESS: Build completed for 191d15e28c39246a2525
