=== Docker Build Log for dd1538665994b48972a62966b4369354 ===
Started at: Mi 29. Okt 20:34:35 CET 2025

[2025-10-29 20:34:35] START: Building image for dd1538665994b48972a62966b4369354
#0 building with "default" instance using docker driver

#1 [internal] load build definition from Dockerfile
#1 transferring dockerfile: 257B done
#1 DONE 0.0s

#2 [internal] load metadata for docker.io/library/python:3.11
#2 DONE 0.0s

#3 [internal] load .dockerignore
#3 transferring context: 2B done
#3 DONE 0.0s

#4 [internal] load build context
#4 transferring context: 3.06kB 0.0s done
#4 DONE 0.0s

#5 [1/5] FROM docker.io/library/python:3.11
#5 CACHED

#6 [2/5] COPY hard-gists/dd1538665994b48972a62966b4369354/snippet.py /snippet.py
#6 DONE 0.1s

#7 [3/5] RUN ["pip","install","webvirtmgr"]
#7 1.935 Collecting webvirtmgr
#7 1.981   Downloading webvirtmgr-4.8.9.tar.gz (705 kB)
#7 2.058      ━━━━━━━━━━━━━━━━━━━━━━━━━━━━━━━━━━━━━━━ 705.8/705.8 kB 9.3 MB/s eta 0:00:00
#7 2.094   Preparing metadata (setup.py): started
#7 2.502   Preparing metadata (setup.py): finished with status 'done'
#7 2.507 Requirement already satisfied: setuptools in /usr/local/lib/python3.11/site-packages (from webvirtmgr) (79.0.1)
#7 2.626 Collecting django>=1.5.5 (from webvirtmgr)
#7 2.636   Downloading django-5.2.7-py3-none-any.whl.metadata (4.1 kB)
#7 2.700 Collecting gunicorn>=18.0 (from webvirtmgr)
#7 2.708   Downloading gunicorn-23.0.0-py3-none-any.whl.metadata (4.4 kB)
#7 2.746 Collecting lockfile>=0.9 (from webvirtmgr)
#7 2.756   Downloading lockfile-0.12.2-py2.py3-none-any.whl.metadata (2.4 kB)
#7 2.807 Collecting asgiref>=3.8.1 (from django>=1.5.5->webvirtmgr)
#7 2.816   Downloading asgiref-3.10.0-py3-none-any.whl.metadata (9.3 kB)
#7 2.862 Collecting sqlparse>=0.3.1 (from django>=1.5.5->webvirtmgr)
#7 2.871   Downloading sqlparse-0.5.3-py3-none-any.whl.metadata (3.9 kB)
#7 2.920 Collecting packaging (from gunicorn>=18.0->webvirtmgr)
#7 2.934   Downloading packaging-25.0-py3-none-any.whl.metadata (3.3 kB)
#7 2.994 Downloading django-5.2.7-py3-none-any.whl (8.3 MB)
#7 3.470    ━━━━━━━━━━━━━━━━━━━━━━━━━━━━━━━━━━━━━━━━ 8.3/8.3 MB 17.5 MB/s eta 0:00:00
#7 3.480 Downloading gunicorn-23.0.0-py3-none-any.whl (85 kB)
#7 3.496    ━━━━━━━━━━━━━━━━━━━━━━━━━━━━━━━━━━━━━━━━ 85.0/85.0 kB 5.2 MB/s eta 0:00:00
#7 3.507 Downloading lockfile-0.12.2-py2.py3-none-any.whl (13 kB)
#7 3.529 Downloading asgiref-3.10.0-py3-none-any.whl (24 kB)
#7 3.549 Downloading sqlparse-0.5.3-py3-none-any.whl (44 kB)
#7 3.567    ━━━━━━━━━━━━━━━━━━━━━━━━━━━━━━━━━━━━━━━━ 44.4/44.4 kB 2.2 MB/s eta 0:00:00
#7 3.575 Downloading packaging-25.0-py3-none-any.whl (66 kB)
#7 3.594    ━━━━━━━━━━━━━━━━━━━━━━━━━━━━━━━━━━━━━━━━ 66.5/66.5 kB 3.4 MB/s eta 0:00:00
#7 3.633 Building wheels for collected packages: webvirtmgr
#7 3.634   Building wheel for webvirtmgr (setup.py): started
#7 3.928   Building wheel for webvirtmgr (setup.py): finished with status 'done'
#7 3.930   Created wheel for webvirtmgr: filename=webvirtmgr-4.8.9-py3-none-any.whl size=698037 sha256=22fa495292e1e0b9916777a48cf4641f27f39269955d66eb066500d6601fe89a
#7 3.930   Stored in directory: /root/.cache/pip/wheels/c7/67/ab/a716fc1b614ea6bb537a20a0b880eb7071514208cc442aeac3
#7 3.932 Successfully built webvirtmgr
#7 4.000 Installing collected packages: lockfile, sqlparse, packaging, asgiref, gunicorn, django, webvirtmgr
#7 5.545 Successfully installed asgiref-3.10.0 django-5.2.7 gunicorn-23.0.0 lockfile-0.12.2 packaging-25.0 sqlparse-0.5.3 webvirtmgr-4.8.9
#7 5.545 WARNING: Running pip as the 'root' user can result in broken permissions and conflicting behaviour with the system package manager. It is recommended to use a virtual environment instead: https://pip.pypa.io/warnings/venv
#7 5.649 
#7 5.649 [notice] A new release of pip is available: 24.0 -> 25.3
#7 5.649 [notice] To update, run: pip install --upgrade pip
#7 DONE 6.4s

#8 [4/5] RUN ["pip","install","photos"]
#8 0.628 Collecting photos
#8 0.667   Downloading photos-0.0.5-py3-none-any.whl.metadata (600 bytes)
#8 0.719 Collecting click>=7.0 (from photos)
#8 0.729   Downloading click-8.3.0-py3-none-any.whl.metadata (2.6 kB)
#8 0.777 Collecting colorama>=0.4.0 (from photos)
#8 0.785   Downloading colorama-0.4.6-py2.py3-none-any.whl.metadata (17 kB)
#8 0.830 Collecting ExifRead (from photos)
#8 0.842   Downloading exifread-3.5.1-py3-none-any.whl.metadata (10 kB)
#8 0.894 Collecting filesystemlib (from photos)
#8 0.905   Downloading filesystemlib-0.1.0-py3-none-any.whl.metadata (532 bytes)
#8 1.049 Collecting pyheif (from photos)
#8 1.061   Downloading pyheif-0.8.0-cp311-cp311-manylinux_2_17_x86_64.manylinux2014_x86_64.whl.metadata (4.7 kB)
#8 1.200 Collecting cffi>=1.0.0 (from pyheif->photos)
#8 1.209   Downloading cffi-2.0.0-cp311-cp311-manylinux2014_x86_64.manylinux_2_17_x86_64.whl.metadata (2.6 kB)
#8 1.254 Collecting pycparser (from cffi>=1.0.0->pyheif->photos)
#8 1.263   Downloading pycparser-2.23-py3-none-any.whl.metadata (993 bytes)
#8 1.287 Downloading photos-0.0.5-py3-none-any.whl (6.5 kB)
#8 1.311 Downloading click-8.3.0-py3-none-any.whl (107 kB)
#8 1.333    ━━━━━━━━━━━━━━━━━━━━━━━━━━━━━━━━━━━━━━━━ 107.3/107.3 kB 4.9 MB/s eta 0:00:00
#8 1.341 Downloading colorama-0.4.6-py2.py3-none-any.whl (25 kB)
#8 1.368 Downloading exifread-3.5.1-py3-none-any.whl (59 kB)
#8 1.379    ━━━━━━━━━━━━━━━━━━━━━━━━━━━━━━━━━━━━━━━━ 59.7/59.7 kB 5.1 MB/s eta 0:00:00
#8 1.393 Downloading filesystemlib-0.1.0-py3-none-any.whl (6.5 kB)
#8 1.411 Downloading pyheif-0.8.0-cp311-cp311-manylinux_2_17_x86_64.manylinux2014_x86_64.whl (5.3 MB)
#8 1.728    ━━━━━━━━━━━━━━━━━━━━━━━━━━━━━━━━━━━━━━━━ 5.3/5.3 MB 16.7 MB/s eta 0:00:00
#8 1.738 Downloading cffi-2.0.0-cp311-cp311-manylinux2014_x86_64.manylinux_2_17_x86_64.whl (215 kB)
#8 1.760    ━━━━━━━━━━━━━━━━━━━━━━━━━━━━━━━━━━━━━━━━ 215.6/215.6 kB 10.4 MB/s eta 0:00:00
#8 1.770 Downloading pycparser-2.23-py3-none-any.whl (118 kB)
#8 1.784    ━━━━━━━━━━━━━━━━━━━━━━━━━━━━━━━━━━━━━━━━ 118.1/118.1 kB 8.4 MB/s eta 0:00:00
#8 1.851 Installing collected packages: pycparser, filesystemlib, ExifRead, colorama, click, cffi, pyheif, photos
#8 2.237 Successfully installed ExifRead-3.5.1 cffi-2.0.0 click-8.3.0 colorama-0.4.6 filesystemlib-0.1.0 photos-0.0.5 pycparser-2.23 pyheif-0.8.0
#8 2.237 WARNING: Running pip as the 'root' user can result in broken permissions and conflicting behaviour with the system package manager. It is recommended to use a virtual environment instead: https://pip.pypa.io/warnings/venv
#8 2.245 
#8 2.245 [notice] A new release of pip is available: 24.0 -> 25.3
#8 2.245 [notice] To update, run: pip install --upgrade pip
#8 DONE 2.5s

#9 [5/5] RUN ["pip","install","console"]
#9 0.508 Collecting console
#9 0.545   Downloading console-0.9912-py3-none-any.whl.metadata (18 kB)
#9 0.706 Collecting ezenv>=0.92 (from console)
#9 0.718   Downloading ezenv-0.92-py2.py3-none-any.whl.metadata (13 kB)
#9 0.790 Downloading console-0.9912-py3-none-any.whl (96 kB)
#9 0.824    ━━━━━━━━━━━━━━━━━━━━━━━━━━━━━━━━━━━━━━━━ 96.8/96.8 kB 2.9 MB/s eta 0:00:00
#9 0.835 Downloading ezenv-0.92-py2.py3-none-any.whl (10 kB)
#9 0.902 Installing collected packages: ezenv, console
#9 0.995 Successfully installed console-0.9912 ezenv-0.92
#9 0.995 WARNING: Running pip as the 'root' user can result in broken permissions and conflicting behaviour with the system package manager. It is recommended to use a virtual environment instead: https://pip.pypa.io/warnings/venv
#9 1.000 
#9 1.000 [notice] A new release of pip is available: 24.0 -> 25.3
#9 1.000 [notice] To update, run: pip install --upgrade pip
#9 DONE 1.1s

#10 exporting to image
#10 exporting layers
#10 exporting layers 0.6s done
#10 writing image sha256:c04bf14fdf458d0fa4a3589cfc67bcbc62e9149c4e915278fc4b1f1d4aa3bfa6 done
#10 naming to docker.io/library/test-image-dd1538665994b48972a62966b4369354 done
#10 DONE 0.7s

View build details: docker-desktop://dashboard/build/default/default/42c2uloxkkryljb6gi10w05t1
[2025-10-29 20:34:46] SUCCESS: Build completed for dd1538665994b48972a62966b4369354
