=== Docker Build Log for 3163938 ===
Started at: Mi 29. Okt 13:42:59 CET 2025

[2025-10-29 13:42:59] START: Building image for 3163938
#0 building with "default" instance using docker driver

#1 [internal] load build definition from Dockerfile
#1 transferring dockerfile: 132B done
#1 DONE 0.0s

#2 [internal] load metadata for docker.io/library/python:3.11
#2 DONE 0.0s

#3 [internal] load .dockerignore
#3 transferring context: 2B done
#3 DONE 0.0s

#4 [internal] load build context
#4 transferring context: 1.05kB 0.0s done
#4 DONE 0.0s

#5 [1/2] FROM docker.io/library/python:3.11
#5 CACHED

#6 [2/2] COPY hard-gists/3163938/snippet.py /snippet.py
#6 DONE 0.1s

#7 exporting to image
#7 exporting layers 0.0s done
#7 writing image sha256:cf1bce876f2f3fec748e2a9abc0ca8bc14dd58daf57791abe5f73e663138a519 done
#7 naming to docker.io/library/test-image-3163938 done
#7 DONE 0.1s

View build details: docker-desktop://dashboard/build/default/default/qpwkroy8pqfcpzr4a3zgq1lbl
[2025-10-29 13:43:00] SUCCESS: Build completed for 3163938
