=== Docker Build Log for 1077970 ===
Started at: Mi 29. Okt 11:49:44 CET 2025

[2025-10-29 11:49:44] START: Building image for 1077970
#0 building with "default" instance using docker driver

#1 [internal] load build definition from Dockerfile
#1 transferring dockerfile: 251B done
#1 DONE 0.0s

#2 [internal] load metadata for docker.io/library/python:3.11
#2 DONE 0.0s

#3 [internal] load .dockerignore
#3 transferring context: 2B done
#3 DONE 0.0s

#4 [internal] load build context
#4 transferring context: 742B 0.0s done
#4 DONE 0.0s

#5 [1/6] FROM docker.io/library/python:3.11
#5 CACHED

#6 [2/6] COPY hard-gists/1077970/snippet.py /snippet.py
#6 DONE 0.1s

#7 [3/6] RUN ["pip","install","six"]
#7 1.896 Collecting six
#7 1.934   Downloading six-1.17.0-py2.py3-none-any.whl.metadata (1.7 kB)
#7 1.953 Downloading six-1.17.0-py2.py3-none-any.whl (11 kB)
#7 1.995 Installing collected packages: six
#7 2.010 Successfully installed six-1.17.0
#7 2.011 WARNING: Running pip as the 'root' user can result in broken permissions and conflicting behaviour with the system package manager. It is recommended to use a virtual environment instead: https://pip.pypa.io/warnings/venv
#7 2.097 
#7 2.097 [notice] A new release of pip is available: 24.0 -> 25.3
#7 2.097 [notice] To update, run: pip install --upgrade pip
#7 DONE 2.2s

#8 [4/6] RUN ["pip","install","pytest"]
#8 0.540 Collecting pytest
#8 0.573   Downloading pytest-8.4.2-py3-none-any.whl.metadata (7.7 kB)
#8 0.613 Collecting iniconfig>=1 (from pytest)
#8 0.621   Downloading iniconfig-2.3.0-py3-none-any.whl.metadata (2.5 kB)
#8 0.670 Collecting packaging>=20 (from pytest)
#8 0.678   Downloading packaging-25.0-py3-none-any.whl.metadata (3.3 kB)
#8 0.718 Collecting pluggy<2,>=1.5 (from pytest)
#8 0.726   Downloading pluggy-1.6.0-py3-none-any.whl.metadata (4.8 kB)
#8 0.773 Collecting pygments>=2.7.2 (from pytest)
#8 0.781   Downloading pygments-2.19.2-py3-none-any.whl.metadata (2.5 kB)
#8 0.810 Downloading pytest-8.4.2-py3-none-any.whl (365 kB)
#8 0.850    ━━━━━━━━━━━━━━━━━━━━━━━━━━━━━━━━━━━━━━━━ 365.8/365.8 kB 9.3 MB/s eta 0:00:00
#8 0.858 Downloading iniconfig-2.3.0-py3-none-any.whl (7.5 kB)
#8 0.876 Downloading packaging-25.0-py3-none-any.whl (66 kB)
#8 0.888    ━━━━━━━━━━━━━━━━━━━━━━━━━━━━━━━━━━━━━━━━ 66.5/66.5 kB 5.4 MB/s eta 0:00:00
#8 0.897 Downloading pluggy-1.6.0-py3-none-any.whl (20 kB)
#8 0.916 Downloading pygments-2.19.2-py3-none-any.whl (1.2 MB)
#8 0.969    ━━━━━━━━━━━━━━━━━━━━━━━━━━━━━━━━━━━━━━━━ 1.2/1.2 MB 23.7 MB/s eta 0:00:00
#8 1.022 Installing collected packages: pygments, pluggy, packaging, iniconfig, pytest
#8 1.780 Successfully installed iniconfig-2.3.0 packaging-25.0 pluggy-1.6.0 pygments-2.19.2 pytest-8.4.2
#8 1.780 WARNING: Running pip as the 'root' user can result in broken permissions and conflicting behaviour with the system package manager. It is recommended to use a virtual environment instead: https://pip.pypa.io/warnings/venv
#8 1.785 
#8 1.785 [notice] A new release of pip is available: 24.0 -> 25.3
#8 1.785 [notice] To update, run: pip install --upgrade pip
#8 DONE 1.9s

#9 [5/6] RUN ["pip","install","py"]
#9 0.535 Collecting py
#9 0.570   Downloading py-1.11.0-py2.py3-none-any.whl.metadata (2.8 kB)
#9 0.595 Downloading py-1.11.0-py2.py3-none-any.whl (98 kB)
#9 0.634    ━━━━━━━━━━━━━━━━━━━━━━━━━━━━━━━━━━━━━━━━ 98.7/98.7 kB 2.4 MB/s eta 0:00:00
#9 0.678 Installing collected packages: py
#9 0.761 Successfully installed py-1.11.0
#9 0.761 WARNING: Running pip as the 'root' user can result in broken permissions and conflicting behaviour with the system package manager. It is recommended to use a virtual environment instead: https://pip.pypa.io/warnings/venv
#9 0.767 
#9 0.767 [notice] A new release of pip is available: 24.0 -> 25.3
#9 0.767 [notice] To update, run: pip install --upgrade pip
#9 DONE 0.9s

#10 [6/6] RUN ["pip","install","pyodbc"]
#10 0.637 Collecting pyodbc
#10 0.671   Downloading pyodbc-5.3.0-cp311-cp311-manylinux2014_x86_64.manylinux_2_17_x86_64.manylinux_2_28_x86_64.whl.metadata (2.7 kB)
#10 0.695 Downloading pyodbc-5.3.0-cp311-cp311-manylinux2014_x86_64.manylinux_2_17_x86_64.manylinux_2_28_x86_64.whl (332 kB)
#10 0.736    ━━━━━━━━━━━━━━━━━━━━━━━━━━━━━━━━━━━━━━━━ 332.2/332.2 kB 8.4 MB/s eta 0:00:00
#10 0.781 Installing collected packages: pyodbc
#10 0.823 Successfully installed pyodbc-5.3.0
#10 0.824 WARNING: Running pip as the 'root' user can result in broken permissions and conflicting behaviour with the system package manager. It is recommended to use a virtual environment instead: https://pip.pypa.io/warnings/venv
#10 0.828 
#10 0.828 [notice] A new release of pip is available: 24.0 -> 25.3
#10 0.828 [notice] To update, run: pip install --upgrade pip
#10 DONE 0.9s

#11 exporting to image
#11 exporting layers
#11 exporting layers 0.2s done
#11 writing image sha256:3d02a71de373816f7bde30b7341caef01397d56e07e1bc41b937e3d730ccf535 done
#11 naming to docker.io/library/test-image-1077970 done
#11 DONE 0.2s

View build details: docker-desktop://dashboard/build/default/default/w9g0j4nvza54rwmhuc4dzro26
[2025-10-29 11:49:51] SUCCESS: Build completed for 1077970
