=== Docker Build Log for 667919 ===
Started at: Mi 29. Okt 16:41:14 CET 2025

[2025-10-29 16:41:14] START: Building image for 667919
#0 building with "default" instance using docker driver

#1 [internal] load build definition from Dockerfile
#1 transferring dockerfile: 131B done
#1 DONE 0.0s

#2 [internal] load metadata for docker.io/library/python:3.11
#2 DONE 0.0s

#3 [internal] load .dockerignore
#3 transferring context: 2B done
#3 DONE 0.0s

#4 [1/2] FROM docker.io/library/python:3.11
#4 DONE 0.0s

#5 [internal] load build context
#5 transferring context: 3.01kB 0.0s done
#5 DONE 0.0s

#4 [1/2] FROM docker.io/library/python:3.11
#4 CACHED

#6 [2/2] COPY hard-gists/667919/snippet.py /snippet.py
#6 DONE 0.1s

#7 exporting to image
#7 exporting layers 0.0s done
#7 writing image sha256:d521219c4dc5f6d4428137419b7ed2e10060f591c2fd1ec073a697204f58a01e done
#7 naming to docker.io/library/test-image-667919 done
#7 DONE 0.1s

View build details: docker-desktop://dashboard/build/default/default/2pzfbp0gxy29ad2dqvx9ghbev
[2025-10-29 16:41:15] SUCCESS: Build completed for 667919
