=== Docker Run Log for 1791644 ===
Started at: Mi 29. Okt 12:29:05 CET 2025

[2025-10-29 12:29:28] START: Running container for 1791644
[2025-10-29 12:29:28] SUCCESS: Container 838f9fccefc5591f4a7815ca6b0cc10fbefea5fbc1e60e02ec909869871dcd19 started for 1791644
=== Container logs for 1791644 ===
Traceback (most recent call last):
  File "/snippet.py", line 1, in <module>
    from compressor.filters import CompilerFilter
  File "/usr/local/lib/python3.11/site-packages/compressor/filters/__init__.py", line 2, in <module>
    from compressor.filters.base import (
  File "/usr/local/lib/python3.11/site-packages/compressor/filters/base.py", line 22, in <module>
    from compressor.cache import cache, get_precompiler_cachekey
  File "/usr/local/lib/python3.11/site-packages/compressor/cache.py", line 13, in <module>
    from compressor.conf import settings
  File "/usr/local/lib/python3.11/site-packages/compressor/conf.py", line 9, in <module>
    class CompressorConf(AppConf):
  File "/usr/local/lib/python3.11/site-packages/compressor/conf.py", line 11, in CompressorConf
    ENABLED = not settings.DEBUG
                  ^^^^^^^^^^^^^^
  File "/usr/local/lib/python3.11/site-packages/django/conf/__init__.py", line 81, in __getattr__
    self._setup(name)
  File "/usr/local/lib/python3.11/site-packages/django/conf/__init__.py", line 61, in _setup
    raise ImproperlyConfigured(
django.core.exceptions.ImproperlyConfigured: Requested setting DEBUG, but settings are not configured. You must either define the environment variable DJANGO_SETTINGS_MODULE or call settings.configure() before accessing settings.
=== End of logs for 1791644 ===
[2025-10-29 12:29:30] INFO: Container 838f9fccefc5591f4a7815ca6b0cc10fbefea5fbc1e60e02ec909869871dcd19 has stopped
