=== Docker Build Log for 4640256 ===
Started at: Mi 29. Okt 14:56:01 CET 2025

[2025-10-29 14:56:01] START: Building image for 4640256
#0 building with "default" instance using docker driver

#1 [internal] load build definition from Dockerfile
#1 transferring dockerfile: 132B done
#1 DONE 0.0s

#2 [internal] load metadata for docker.io/library/python:3.11
#2 DONE 0.0s

#3 [internal] load .dockerignore
#3 transferring context: 2B done
#3 DONE 0.0s

#4 [internal] load build context
#4 transferring context: 1.67kB 0.0s done
#4 DONE 0.0s

#5 [1/2] FROM docker.io/library/python:3.11
#5 CACHED

#6 [2/2] COPY hard-gists/4640256/snippet.py /snippet.py
#6 DONE 0.1s

#7 exporting to image
#7 exporting layers 0.1s done
#7 writing image sha256:b574edeb5d82822387543c1138dee8f6dc750178c3282088ab2a41a9442b85ba done
#7 naming to docker.io/library/test-image-4640256 done
#7 DONE 0.1s

View build details: docker-desktop://dashboard/build/default/default/67d7rclar0rfxlp0g1vvdr2b9
[2025-10-29 14:56:02] SUCCESS: Build completed for 4640256
