=== Docker Build Log for d3bf8d7a1867aed16d30 ===
Started at: Mi 29. Okt 20:24:47 CET 2025

[2025-10-29 20:24:47] START: Building image for d3bf8d7a1867aed16d30
#0 building with "default" instance using docker driver

#1 [internal] load build definition from Dockerfile
#1 transferring dockerfile: 207B done
#1 DONE 0.0s

#2 [internal] load metadata for docker.io/library/python:3.11
#2 DONE 0.0s

#3 [internal] load .dockerignore
#3 transferring context: 2B done
#3 DONE 0.0s

#4 [internal] load build context
#4 transferring context: 2.94kB 0.0s done
#4 DONE 0.0s

#5 [1/4] FROM docker.io/library/python:3.11
#5 CACHED

#6 [2/4] COPY hard-gists/d3bf8d7a1867aed16d30/snippet.py /snippet.py
#6 DONE 0.1s

#7 [3/4] RUN ["pip","install","fusepy"]
#7 1.990 Collecting fusepy
#7 2.037   Downloading fusepy-3.0.1.tar.gz (11 kB)
#7 2.048   Preparing metadata (setup.py): started
#7 2.428   Preparing metadata (setup.py): finished with status 'done'
#7 2.430 Building wheels for collected packages: fusepy
#7 2.430   Building wheel for fusepy (setup.py): started
#7 2.593   Building wheel for fusepy (setup.py): finished with status 'done'
#7 2.593   Created wheel for fusepy: filename=fusepy-3.0.1-py3-none-any.whl size=10540 sha256=0f10f7414611c352b56e591b7d16126067331ac11d1dfaa9ddce485d1c2ea7d8
#7 2.594   Stored in directory: /root/.cache/pip/wheels/db/4a/86/fdda91f8b8ebb0a70e4181dc2423b1f70c3c2d3bd1158685b5
#7 2.597 Successfully built fusepy
#7 2.625 Installing collected packages: fusepy
#7 2.642 Successfully installed fusepy-3.0.1
#7 2.643 WARNING: Running pip as the 'root' user can result in broken permissions and conflicting behaviour with the system package manager. It is recommended to use a virtual environment instead: https://pip.pypa.io/warnings/venv
#7 2.734 
#7 2.734 [notice] A new release of pip is available: 24.0 -> 25.3
#7 2.734 [notice] To update, run: pip install --upgrade pip
#7 DONE 2.9s

#8 [4/4] RUN ["pip","install","fuse"]
#8 0.606 Collecting fuse
#8 0.741   Downloading fuse-0.1.3.tar.gz (20 kB)
#8 0.756   Preparing metadata (setup.py): started
#8 0.865   Preparing metadata (setup.py): finished with status 'done'
#8 0.869 ERROR: Packages installed from PyPI cannot depend on packages which are not also hosted on PyPI.
#8 0.869 fuse depends on gunpowder@ git+https://github.com/funkey/gunpowder@721718b6569b47a2f5d5d6633c76c85f779e25c7
#8 0.874 
#8 0.874 [notice] A new release of pip is available: 24.0 -> 25.3
#8 0.874 [notice] To update, run: pip install --upgrade pip
#8 ERROR: process "pip install fuse" did not complete successfully: exit code: 1
------
 > [4/4] RUN ["pip","install","fuse"]:
0.606 Collecting fuse
0.741   Downloading fuse-0.1.3.tar.gz (20 kB)
0.756   Preparing metadata (setup.py): started
0.865   Preparing metadata (setup.py): finished with status 'done'
0.869 ERROR: Packages installed from PyPI cannot depend on packages which are not also hosted on PyPI.
0.869 fuse depends on gunpowder@ git+https://github.com/funkey/gunpowder@721718b6569b47a2f5d5d6633c76c85f779e25c7
0.874 
0.874 [notice] A new release of pip is available: 24.0 -> 25.3
0.874 [notice] To update, run: pip install --upgrade pip
------
Dockerfile:4
--------------------
   2 |     COPY hard-gists/d3bf8d7a1867aed16d30/snippet.py /snippet.py
   3 |     RUN ["pip","install","fusepy"]
   4 | >>> RUN ["pip","install","fuse"]
   5 |     CMD ["python3","/snippet.py"]
   6 |     
--------------------
ERROR: failed to build: failed to solve: process "pip install fuse" did not complete successfully: exit code: 1

View build details: docker-desktop://dashboard/build/default/default/p8d1llt6of2ec9yxs7iwwnqwv
[2025-10-29 20:24:52] ERROR: Build failed for d3bf8d7a1867aed16d30
