=== Docker Build Log for ad575cee6bb503d4d193da355d70d3e9 ===
Started at: Mi 29. Okt 19:21:11 CET 2025

[2025-10-29 19:21:11] START: Building image for ad575cee6bb503d4d193da355d70d3e9
#0 building with "default" instance using docker driver

#1 [internal] load build definition from Dockerfile
#1 transferring dockerfile: 194B done
#1 DONE 0.0s

#2 [internal] load metadata for docker.io/library/python:3.11
#2 DONE 0.0s

#3 [internal] load .dockerignore
#3 transferring context: 2B done
#3 DONE 0.0s

#4 [internal] load build context
#4 transferring context: 881B 0.0s done
#4 DONE 0.0s

#5 [1/3] FROM docker.io/library/python:3.11
#5 CACHED

#6 [2/3] COPY hard-gists/ad575cee6bb503d4d193da355d70d3e9/snippet.py /snippet.py
#6 DONE 0.1s

#7 [3/3] RUN ["pip","install","foundation"]
#7 2.020 Collecting foundation
#7 2.058   Downloading foundation-0.1.0a0.dev1.tar.gz (50 kB)
#7 2.080      ━━━━━━━━━━━━━━━━━━━━━━━━━━━━━━━━━━━━━━━━ 50.8/50.8 kB 2.1 MB/s eta 0:00:00
#7 2.091   Preparing metadata (setup.py): started
#7 2.483   Preparing metadata (setup.py): finished with status 'done'
#7 2.593 Collecting Django<1.11,>=1.10 (from foundation)
#7 2.602   Downloading Django-1.10.8-py2.py3-none-any.whl.metadata (1.3 kB)
#7 2.639 Collecting django-sekizai>=0.10 (from foundation)
#7 2.654   Downloading django_sekizai-4.1.0-py3-none-any.whl.metadata (4.6 kB)
#7 2.683 INFO: pip is looking at multiple versions of django-sekizai to determine which version is compatible with other requirements. This could take a while.
#7 2.696   Downloading django_sekizai-4.0.0-py3-none-any.whl.metadata (4.6 kB)
#7 2.722   Downloading django_sekizai-3.0.1-py3-none-any.whl.metadata (4.6 kB)
#7 2.769   Downloading django_sekizai-3.0.0-py3-none-any.whl.metadata (4.6 kB)
#7 2.792   Downloading django_sekizai-2.0.0-py3-none-any.whl.metadata (3.7 kB)
#7 2.816   Downloading django-sekizai-1.1.0.tar.gz (7.0 kB)
#7 2.830   Preparing metadata (setup.py): started
#7 2.938   Preparing metadata (setup.py): finished with status 'done'
#7 2.968   Downloading django-sekizai-1.0.0.tar.gz (18 kB)
#7 2.986   Preparing metadata (setup.py): started
#7 3.098   Preparing metadata (setup.py): finished with status 'done'
#7 3.114   Downloading django_sekizai-0.10.0-py2.py3-none-any.whl.metadata (793 bytes)
#7 3.153 Collecting django-classy-tags>=0.3.1 (from django-sekizai>=0.10->foundation)
#7 3.178   Downloading django_classy_tags-4.1.0-py3-none-any.whl.metadata (5.3 kB)
#7 3.189 INFO: pip is looking at multiple versions of django-classy-tags to determine which version is compatible with other requirements. This could take a while.
#7 3.202   Downloading django_classy_tags-4.0.0-py3-none-any.whl.metadata (5.2 kB)
#7 3.228   Downloading django_classy_tags-3.0.1-py3-none-any.whl.metadata (5.3 kB)
#7 3.266   Downloading django_classy_tags-3.0.0-py3-none-any.whl.metadata (5.2 kB)
#7 3.292   Downloading django_classy_tags-2.0.0-py3-none-any.whl.metadata (4.5 kB)
#7 3.323   Downloading django-classy-tags-1.0.0.tar.gz (13 kB)
#7 3.338   Preparing metadata (setup.py): started
#7 3.444   Preparing metadata (setup.py): finished with status 'done'
#7 3.461   Downloading django-classy-tags-0.9.0.tar.gz (17 kB)
#7 3.475   Preparing metadata (setup.py): started
#7 3.586   Preparing metadata (setup.py): finished with status 'done'
#7 3.601   Downloading django_classy_tags-0.8.0-py2.py3-none-any.whl.metadata (981 bytes)
#7 3.636 Downloading Django-1.10.8-py2.py3-none-any.whl (6.8 MB)
#7 4.384    ━━━━━━━━━━━━━━━━━━━━━━━━━━━━━━━━━━━━━━━━ 6.8/6.8 MB 9.2 MB/s eta 0:00:00
#7 4.394 Downloading django_sekizai-0.10.0-py2.py3-none-any.whl (19 kB)
#7 4.415 Downloading django_classy_tags-0.8.0-py2.py3-none-any.whl (22 kB)
#7 4.457 Building wheels for collected packages: foundation
#7 4.458   Building wheel for foundation (setup.py): started
#7 4.663   Building wheel for foundation (setup.py): finished with status 'done'
#7 4.664   Created wheel for foundation: filename=foundation-0.1.0a0.dev1-py3-none-any.whl size=73614 sha256=755ab25a49eb91f5bd7602d00c8d9f318a002254da6e5694cdcf4120e035b017
#7 4.664   Stored in directory: /root/.cache/pip/wheels/ad/c3/ad/3307fd133207420fb4bf8fa4844260b0dcd4de9deec2857abd
#7 4.666 Successfully built foundation
#7 4.707 Installing collected packages: Django, django-classy-tags, django-sekizai, foundation
#7 5.890 Successfully installed Django-1.10.8 django-classy-tags-0.8.0 django-sekizai-0.10.0 foundation-0.1.0a0.dev1
#7 5.890 WARNING: Running pip as the 'root' user can result in broken permissions and conflicting behaviour with the system package manager. It is recommended to use a virtual environment instead: https://pip.pypa.io/warnings/venv
#7 5.989 
#7 5.989 [notice] A new release of pip is available: 24.0 -> 25.3
#7 5.989 [notice] To update, run: pip install --upgrade pip
#7 DONE 6.4s

#8 exporting to image
#8 exporting layers
#8 exporting layers 0.5s done
#8 writing image sha256:b3811d79107a87db02cbb0d58f1794aaedd88088fe7eb37c1ddba7e3a19e237e done
#8 naming to docker.io/library/test-image-ad575cee6bb503d4d193da355d70d3e9 0.0s done
#8 DONE 0.5s

View build details: docker-desktop://dashboard/build/default/default/mk51t98q13ipmohkyyuqdinxg
[2025-10-29 19:21:18] SUCCESS: Build completed for ad575cee6bb503d4d193da355d70d3e9
