=== Docker Build Log for 4131398 ===
Started at: Mi 29. Okt 14:22:39 CET 2025

[2025-10-29 14:22:39] START: Building image for 4131398
#0 building with "default" instance using docker driver

#1 [internal] load build definition from Dockerfile
#1 transferring dockerfile: 451B done
#1 DONE 0.0s

#2 [internal] load metadata for docker.io/library/python:3.11
#2 DONE 0.0s

#3 [internal] load .dockerignore
#3 transferring context: 2B done
#3 DONE 0.0s

#4 [internal] load build context
#4 transferring context: 335B 0.0s done
#4 DONE 0.0s

#5 [ 1/11] FROM docker.io/library/python:3.11
#5 CACHED

#6 [ 2/11] COPY hard-gists/4131398/snippet.py /snippet.py
#6 DONE 0.1s

#7 [ 3/11] RUN ["apt-get","update"]
#7 0.272 Hit:1 http://deb.debian.org/debian trixie InRelease
#7 0.272 Get:2 http://deb.debian.org/debian trixie-updates InRelease [47.3 kB]
#7 0.283 Get:3 http://deb.debian.org/debian-security trixie-security InRelease [43.4 kB]
#7 0.299 Get:4 http://deb.debian.org/debian trixie/main amd64 Packages [9669 kB]
#7 0.626 Get:5 http://deb.debian.org/debian trixie-updates/main amd64 Packages [5412 B]
#7 0.632 Get:6 http://deb.debian.org/debian-security trixie-security/main amd64 Packages [67.8 kB]
#7 1.233 Fetched 9833 kB in 1s (9948 kB/s)
#7 1.233 Reading package lists...
#7 DONE 1.9s

#8 [ 4/11] RUN ["pip","install","17MonIP"]
#8 1.944 Collecting 17MonIP
#8 1.976   Downloading 17MonIP-0.2.7.tar.gz (698 kB)
#8 2.032      ━━━━━━━━━━━━━━━━━━━━━━━━━━━━━━━━━━━━━━ 698.1/698.1 kB 12.9 MB/s eta 0:00:00
#8 2.049   Preparing metadata (setup.py): started
#8 2.428   Preparing metadata (setup.py): finished with status 'done'
#8 2.430 Building wheels for collected packages: 17MonIP
#8 2.431   Building wheel for 17MonIP (setup.py): started
#8 2.685   Building wheel for 17MonIP (setup.py): finished with status 'done'
#8 2.687   Created wheel for 17MonIP: filename=17monip-0.2.7-py2.py3-none-any.whl size=698001 sha256=9b78557eee2996507806aa83627ba647f9ac6510b1498bd3d488b8feac391541
#8 2.687   Stored in directory: /root/.cache/pip/wheels/a6/d1/8c/d88b03243aedbfcf20e14419ccbf2ae4068279e46d51e1ef1c
#8 2.690 Successfully built 17MonIP
#8 2.720 Installing collected packages: 17MonIP
#8 2.759 Successfully installed 17MonIP-0.2.7
#8 2.759 WARNING: Running pip as the 'root' user can result in broken permissions and conflicting behaviour with the system package manager. It is recommended to use a virtual environment instead: https://pip.pypa.io/warnings/venv
#8 2.852 
#8 2.852 [notice] A new release of pip is available: 24.0 -> 25.3
#8 2.852 [notice] To update, run: pip install --upgrade pip
#8 DONE 3.1s

#9 [ 5/11] RUN ["apt-get","install","-y","python-pip"]
#9 0.219 Reading package lists...
#9 0.656 Building dependency tree...
#9 0.769 Reading state information...
#9 0.784 Package python-pip is not available, but is referred to by another package.
#9 0.784 This may mean that the package is missing, has been obsoleted, or
#9 0.784 is only available from another source
#9 0.784 However the following packages replace it:
#9 0.784   python3-pip
#9 0.784 
#9 0.787 E: Package 'python-pip' has no installation candidate
#9 ERROR: process "apt-get install -y python-pip" did not complete successfully: exit code: 100
------
 > [ 5/11] RUN ["apt-get","install","-y","python-pip"]:


0.784 Package python-pip is not available, but is referred to by another package.
0.784 This may mean that the package is missing, has been obsoleted, or
0.784 is only available from another source
0.784 However the following packages replace it:
0.784   python3-pip
0.784 
0.787 E: Package 'python-pip' has no installation candidate
------
Dockerfile:5
--------------------
   3 |     RUN ["apt-get","update"]
   4 |     RUN ["pip","install","17MonIP"]
   5 | >>> RUN ["apt-get","install","-y","python-pip"]
   6 |     RUN ["apt-get","install","-y","python-dev"]
   7 |     RUN ["apt-get","install","-y","build-essential"]
--------------------
ERROR: failed to build: failed to solve: process "apt-get install -y python-pip" did not complete successfully: exit code: 100

View build details: docker-desktop://dashboard/build/default/default/ztiihc1iebyn0lzslta4eb1hh
[2025-10-29 14:22:45] ERROR: Build failed for 4131398
