=== Docker Build Log for d6eb474543c32eb33504 ===
Started at: Mi 29. Okt 20:27:58 CET 2025

[2025-10-29 20:27:58] START: Building image for d6eb474543c32eb33504
#0 building with "default" instance using docker driver

#1 [internal] load build definition from Dockerfile
#1 transferring dockerfile: 145B done
#1 DONE 0.0s

#2 [internal] load metadata for docker.io/library/python:3.11
#2 DONE 0.0s

#3 [internal] load .dockerignore
#3 transferring context: 2B done
#3 DONE 0.0s

#4 [internal] load build context
#4 transferring context: 2.23kB 0.0s done
#4 DONE 0.0s

#5 [1/2] FROM docker.io/library/python:3.11
#5 CACHED

#6 [2/2] COPY hard-gists/d6eb474543c32eb33504/snippet.py /snippet.py
#6 DONE 0.1s

#7 exporting to image
#7 exporting layers 0.0s done
#7 writing image sha256:39f4257a4c22da3a231ee574b9f5f2b2860ba06827d877c218b86ee60b821207 done
#7 naming to docker.io/library/test-image-d6eb474543c32eb33504 done
#7 DONE 0.1s

View build details: docker-desktop://dashboard/build/default/default/t4k15c4ijggikuf1z3lpb5gga
[2025-10-29 20:27:58] SUCCESS: Build completed for d6eb474543c32eb33504
